Cloning into 'ant'...
[f40 03879ca] Rebuilt for java-21-openjdk as system jdk
 1 file changed, 4 insertions(+), 1 deletion(-)
Found a gating.yaml file in the repo and it is properly configured
Building ant-1.10.14-10.fc40 for f40-build-side-84857
Created task: 114346161
Task info: https://koji.fedoraproject.org/koji/taskinfo?taskID=114346161
Watching tasks (this may be safely interrupted)...
114346161 build (f40-build-side-84857, /rpms/ant.git:03879ca49084b9e1a4db8785f00718df1fe7b41b): free
114346161 build (f40-build-side-84857, /rpms/ant.git:03879ca49084b9e1a4db8785f00718df1fe7b41b): free -> assigned
114346161 build (f40-build-side-84857, /rpms/ant.git:03879ca49084b9e1a4db8785f00718df1fe7b41b): assigned -> open (buildhw-a64-19.iad2.fedoraproject.org)
  114346230 buildSRPMFromSCM (/rpms/ant.git:03879ca49084b9e1a4db8785f00718df1fe7b41b): free
  114346230 buildSRPMFromSCM (/rpms/ant.git:03879ca49084b9e1a4db8785f00718df1fe7b41b): free -> assigned
  114346230 buildSRPMFromSCM (/rpms/ant.git:03879ca49084b9e1a4db8785f00718df1fe7b41b): assigned -> open (buildvm-a64-04.iad2.fedoraproject.org)
  114346422 buildArch (ant-1.10.14-10.fc40.src.rpm, noarch): free
  114346230 buildSRPMFromSCM (/rpms/ant.git:03879ca49084b9e1a4db8785f00718df1fe7b41b): open (buildvm-a64-04.iad2.fedoraproject.org) -> closed
  1 free  1 open  1 done  0 failed
  114346422 buildArch (ant-1.10.14-10.fc40.src.rpm, noarch): free -> assigned
  114346422 buildArch (ant-1.10.14-10.fc40.src.rpm, noarch): assigned -> open (buildhw-x86-14.iad2.fedoraproject.org)
  114346422 buildArch (ant-1.10.14-10.fc40.src.rpm, noarch): open (buildhw-x86-14.iad2.fedoraproject.org) -> closed
  0 free  1 open  2 done  0 failed
  114346817 tagBuild (noarch): free
  114346817 tagBuild (noarch): free -> assigned
  114346817 tagBuild (noarch): assigned -> closed
  0 free  1 open  3 done  0 failed
114346161 build (f40-build-side-84857, /rpms/ant.git:03879ca49084b9e1a4db8785f00718df1fe7b41b): open (buildhw-a64-19.iad2.fedoraproject.org) -> closed
  0 free  0 open  4 done  0 failed

114346161 build (f40-build-side-84857, /rpms/ant.git:03879ca49084b9e1a4db8785f00718df1fe7b41b) completed successfully
