Cloning into 'antlr'...
[f40 4c73536] Rebuilt for java-21-openjdk as system jdk
 1 file changed, 4 insertions(+), 1 deletion(-)
Found a gating.yaml file in the repo and it is properly configured
warning: %patchN is deprecated (2 usages found), use %patch N (or %patch -P N)

Building antlr-2.7.7-77.fc40 for f40-build-side-84857
Created task: 114346257
Task info: https://koji.fedoraproject.org/koji/taskinfo?taskID=114346257
Watching tasks (this may be safely interrupted)...
114346257 build (f40-build-side-84857, /rpms/antlr.git:4c73536ec25fecec76474cbaffb8849c86ebc2d1): free
114346257 build (f40-build-side-84857, /rpms/antlr.git:4c73536ec25fecec76474cbaffb8849c86ebc2d1): free -> assigned
114346257 build (f40-build-side-84857, /rpms/antlr.git:4c73536ec25fecec76474cbaffb8849c86ebc2d1): assigned -> open (buildhw-a64-24.iad2.fedoraproject.org)
  114346318 buildSRPMFromSCM (/rpms/antlr.git:4c73536ec25fecec76474cbaffb8849c86ebc2d1): free
  114346318 buildSRPMFromSCM (/rpms/antlr.git:4c73536ec25fecec76474cbaffb8849c86ebc2d1): free -> assigned
  114346318 buildSRPMFromSCM (/rpms/antlr.git:4c73536ec25fecec76474cbaffb8849c86ebc2d1): assigned -> open (buildvm-x86-05.iad2.fedoraproject.org)
  114346318 buildSRPMFromSCM (/rpms/antlr.git:4c73536ec25fecec76474cbaffb8849c86ebc2d1): open (buildvm-x86-05.iad2.fedoraproject.org) -> closed
  0 free  1 open  1 done  0 failed
  114346518 buildArch (antlr-2.7.7-77.fc40.src.rpm, x86_64): free
  114346519 buildArch (antlr-2.7.7-77.fc40.src.rpm, aarch64): free
  114346520 buildArch (antlr-2.7.7-77.fc40.src.rpm, ppc64le): free
  114346521 buildArch (antlr-2.7.7-77.fc40.src.rpm, s390x): free
  114346518 buildArch (antlr-2.7.7-77.fc40.src.rpm, x86_64): free -> open (buildhw-x86-08.iad2.fedoraproject.org)
  114346519 buildArch (antlr-2.7.7-77.fc40.src.rpm, aarch64): free -> assigned
  114346520 buildArch (antlr-2.7.7-77.fc40.src.rpm, ppc64le): free -> assigned
  114346521 buildArch (antlr-2.7.7-77.fc40.src.rpm, s390x): free -> assigned
  114346520 buildArch (antlr-2.7.7-77.fc40.src.rpm, ppc64le): assigned -> open (buildvm-ppc64le-12.iad2.fedoraproject.org)
  114346519 buildArch (antlr-2.7.7-77.fc40.src.rpm, aarch64): assigned -> open (buildhw-a64-21.iad2.fedoraproject.org)
  114346521 buildArch (antlr-2.7.7-77.fc40.src.rpm, s390x): assigned -> open (buildvm-s390x-01.s390.fedoraproject.org)
  114346521 buildArch (antlr-2.7.7-77.fc40.src.rpm, s390x): open (buildvm-s390x-01.s390.fedoraproject.org) -> closed
  0 free  4 open  2 done  0 failed
  114346518 buildArch (antlr-2.7.7-77.fc40.src.rpm, x86_64): open (buildhw-x86-08.iad2.fedoraproject.org) -> closed
  0 free  3 open  3 done  0 failed
  114346519 buildArch (antlr-2.7.7-77.fc40.src.rpm, aarch64): open (buildhw-a64-21.iad2.fedoraproject.org) -> closed
  0 free  2 open  4 done  0 failed
  114346520 buildArch (antlr-2.7.7-77.fc40.src.rpm, ppc64le): open (buildvm-ppc64le-12.iad2.fedoraproject.org) -> closed
  0 free  1 open  5 done  0 failed
  114346835 tagBuild (noarch): free
  114346835 tagBuild (noarch): free -> assigned
  114346835 tagBuild (noarch): assigned -> open (buildvm-ppc64le-25.iad2.fedoraproject.org)
114346257 build (f40-build-side-84857, /rpms/antlr.git:4c73536ec25fecec76474cbaffb8849c86ebc2d1): open (buildhw-a64-24.iad2.fedoraproject.org) -> closed
  0 free  1 open  6 done  0 failed
  114346835 tagBuild (noarch): open (buildvm-ppc64le-25.iad2.fedoraproject.org) -> closed
  0 free  0 open  7 done  0 failed

114346257 build (f40-build-side-84857, /rpms/antlr.git:4c73536ec25fecec76474cbaffb8849c86ebc2d1) completed successfully
