Cloning into 'antlr4-project'...
[f40 a28cc1c] Rebuilt for java-21-openjdk as system jdk
 1 file changed, 4 insertions(+), 1 deletion(-)
Building antlr4-project-4.10.1-14.fc40 for f40-build-side-84857
Created task: 114346404
Task info: https://koji.fedoraproject.org/koji/taskinfo?taskID=114346404
Watching tasks (this may be safely interrupted)...
114346404 build (f40-build-side-84857, /rpms/antlr4-project.git:a28cc1cc20830cb1e5282cad8b071c04beacee81): free
114346404 build (f40-build-side-84857, /rpms/antlr4-project.git:a28cc1cc20830cb1e5282cad8b071c04beacee81): free -> assigned
114346404 build (f40-build-side-84857, /rpms/antlr4-project.git:a28cc1cc20830cb1e5282cad8b071c04beacee81): assigned -> open (buildhw-a64-20.iad2.fedoraproject.org)
  114346453 buildSRPMFromSCM (/rpms/antlr4-project.git:a28cc1cc20830cb1e5282cad8b071c04beacee81): free
  114346453 buildSRPMFromSCM (/rpms/antlr4-project.git:a28cc1cc20830cb1e5282cad8b071c04beacee81): free -> assigned
  114346453 buildSRPMFromSCM (/rpms/antlr4-project.git:a28cc1cc20830cb1e5282cad8b071c04beacee81): assigned -> open (buildvm-a64-35.iad2.fedoraproject.org)
  114346453 buildSRPMFromSCM (/rpms/antlr4-project.git:a28cc1cc20830cb1e5282cad8b071c04beacee81): open (buildvm-a64-35.iad2.fedoraproject.org) -> closed
  0 free  1 open  1 done  0 failed
  114346649 buildArch (antlr4-project-4.10.1-14.fc40.src.rpm, x86_64): free
  114346650 buildArch (antlr4-project-4.10.1-14.fc40.src.rpm, aarch64): free
  114346651 buildArch (antlr4-project-4.10.1-14.fc40.src.rpm, ppc64le): free
  114346652 buildArch (antlr4-project-4.10.1-14.fc40.src.rpm, s390x): free
  114346649 buildArch (antlr4-project-4.10.1-14.fc40.src.rpm, x86_64): free -> assigned
  114346650 buildArch (antlr4-project-4.10.1-14.fc40.src.rpm, aarch64): free -> assigned
  114346651 buildArch (antlr4-project-4.10.1-14.fc40.src.rpm, ppc64le): free -> assigned
  114346652 buildArch (antlr4-project-4.10.1-14.fc40.src.rpm, s390x): free -> assigned
  114346649 buildArch (antlr4-project-4.10.1-14.fc40.src.rpm, x86_64): assigned -> open (buildhw-x86-14.iad2.fedoraproject.org)
  114346650 buildArch (antlr4-project-4.10.1-14.fc40.src.rpm, aarch64): assigned -> open (buildhw-a64-20.iad2.fedoraproject.org)
  114346651 buildArch (antlr4-project-4.10.1-14.fc40.src.rpm, ppc64le): assigned -> open (buildvm-ppc64le-32.iad2.fedoraproject.org)
  114346652 buildArch (antlr4-project-4.10.1-14.fc40.src.rpm, s390x): assigned -> open (buildvm-s390x-06.s390.fedoraproject.org)
  114346652 buildArch (antlr4-project-4.10.1-14.fc40.src.rpm, s390x): open (buildvm-s390x-06.s390.fedoraproject.org) -> FAILED: BuildError: error building package (arch s390x), mock exited with status 1; see build.log or root.log for more information
  Relevant logs:
  https://kojipkgs.fedoraproject.org/work/tasks/6652/114346652/state.log
  https://kojipkgs.fedoraproject.org/work/tasks/6652/114346652/build.log
  https://kojipkgs.fedoraproject.org/work/tasks/6652/114346652/root.log
  https://kojipkgs.fedoraproject.org/work/tasks/6652/114346652/mock_output.log
  https://kojipkgs.fedoraproject.org/work/tasks/6652/114346652/hw_info.log
  0 free  4 open  1 done  1 failed
  114346649 buildArch (antlr4-project-4.10.1-14.fc40.src.rpm, x86_64): open (buildhw-x86-14.iad2.fedoraproject.org) -> canceled
  0 free  3 open  2 done  1 failed
  114346650 buildArch (antlr4-project-4.10.1-14.fc40.src.rpm, aarch64): open (buildhw-a64-20.iad2.fedoraproject.org) -> canceled
  0 free  2 open  3 done  1 failed
  114346651 buildArch (antlr4-project-4.10.1-14.fc40.src.rpm, ppc64le): open (buildvm-ppc64le-32.iad2.fedoraproject.org) -> canceled
  0 free  1 open  4 done  1 failed
114346404 build (f40-build-side-84857, /rpms/antlr4-project.git:a28cc1cc20830cb1e5282cad8b071c04beacee81): open (buildhw-a64-20.iad2.fedoraproject.org) -> FAILED: BuildError: error building package (arch s390x), mock exited with status 1; see build.log or root.log for more information
  0 free  0 open  4 done  2 failed

114346404 build (f40-build-side-84857, /rpms/antlr4-project.git:a28cc1cc20830cb1e5282cad8b071c04beacee81) failed
