Cloning into 'antlrworks'...
[f40 2ea5d71] Rebuilt for java-21-openjdk as system jdk
 1 file changed, 4 insertions(+), 1 deletion(-)
Building antlrworks-1.5.2-29.fc40 for f40-build-side-84857
Created task: 114346440
Task info: https://koji.fedoraproject.org/koji/taskinfo?taskID=114346440
Watching tasks (this may be safely interrupted)...
114346440 build (f40-build-side-84857, /rpms/antlrworks.git:2ea5d71413cbc30328f614b0adfcee4f8833d0dd): free
114346440 build (f40-build-side-84857, /rpms/antlrworks.git:2ea5d71413cbc30328f614b0adfcee4f8833d0dd): free -> assigned
114346440 build (f40-build-side-84857, /rpms/antlrworks.git:2ea5d71413cbc30328f614b0adfcee4f8833d0dd): assigned -> open (buildvm-ppc64le-23.iad2.fedoraproject.org)
  114346522 buildSRPMFromSCM (/rpms/antlrworks.git:2ea5d71413cbc30328f614b0adfcee4f8833d0dd): free
  114346522 buildSRPMFromSCM (/rpms/antlrworks.git:2ea5d71413cbc30328f614b0adfcee4f8833d0dd): free -> assigned
  114346522 buildSRPMFromSCM (/rpms/antlrworks.git:2ea5d71413cbc30328f614b0adfcee4f8833d0dd): assigned -> open (buildvm-a64-25.iad2.fedoraproject.org)
  114346522 buildSRPMFromSCM (/rpms/antlrworks.git:2ea5d71413cbc30328f614b0adfcee4f8833d0dd): open (buildvm-a64-25.iad2.fedoraproject.org) -> closed
  0 free  1 open  1 done  0 failed
  114346768 buildArch (antlrworks-1.5.2-29.fc40.src.rpm, noarch): free
  114346768 buildArch (antlrworks-1.5.2-29.fc40.src.rpm, noarch): free -> assigned
  114346768 buildArch (antlrworks-1.5.2-29.fc40.src.rpm, noarch): assigned -> open (buildvm-ppc64le-02.iad2.fedoraproject.org)
  114346768 buildArch (antlrworks-1.5.2-29.fc40.src.rpm, noarch): open (buildvm-ppc64le-02.iad2.fedoraproject.org) -> closed
  0 free  1 open  2 done  0 failed
  114346853 tagBuild (noarch): free
  114346853 tagBuild (noarch): free -> assigned
  114346853 tagBuild (noarch): assigned -> open (buildvm-s390x-01.s390.fedoraproject.org)
  114346853 tagBuild (noarch): open (buildvm-s390x-01.s390.fedoraproject.org) -> closed
  0 free  1 open  3 done  0 failed
114346440 build (f40-build-side-84857, /rpms/antlrworks.git:2ea5d71413cbc30328f614b0adfcee4f8833d0dd): open (buildvm-ppc64le-23.iad2.fedoraproject.org) -> closed
  0 free  0 open  4 done  0 failed

114346440 build (f40-build-side-84857, /rpms/antlrworks.git:2ea5d71413cbc30328f614b0adfcee4f8833d0dd) completed successfully
