Cloning into 'apache-commons-pool'...
[f40 c25b35d] Rebuilt for java-21-openjdk as system jdk
 1 file changed, 4 insertions(+), 1 deletion(-)
Building apache-commons-pool-1.6-37.fc40 for f40-build-side-84857
Created task: 114347092
Task info: https://koji.fedoraproject.org/koji/taskinfo?taskID=114347092
Watching tasks (this may be safely interrupted)...
114347092 build (f40-build-side-84857, /rpms/apache-commons-pool.git:c25b35d633a65b132cb5982fb4f888b43ec58e84): free
114347092 build (f40-build-side-84857, /rpms/apache-commons-pool.git:c25b35d633a65b132cb5982fb4f888b43ec58e84): free -> assigned
114347092 build (f40-build-side-84857, /rpms/apache-commons-pool.git:c25b35d633a65b132cb5982fb4f888b43ec58e84): assigned -> open (buildvm-x86-21.iad2.fedoraproject.org)
  114347105 buildSRPMFromSCM (/rpms/apache-commons-pool.git:c25b35d633a65b132cb5982fb4f888b43ec58e84): free
  114347105 buildSRPMFromSCM (/rpms/apache-commons-pool.git:c25b35d633a65b132cb5982fb4f888b43ec58e84): free -> assigned
  114347105 buildSRPMFromSCM (/rpms/apache-commons-pool.git:c25b35d633a65b132cb5982fb4f888b43ec58e84): assigned -> open (buildvm-a64-10.iad2.fedoraproject.org)
  114347105 buildSRPMFromSCM (/rpms/apache-commons-pool.git:c25b35d633a65b132cb5982fb4f888b43ec58e84): open (buildvm-a64-10.iad2.fedoraproject.org) -> closed
  0 free  1 open  1 done  0 failed
  114347141 buildArch (apache-commons-pool-1.6-37.fc40.src.rpm, noarch): free
  114347141 buildArch (apache-commons-pool-1.6-37.fc40.src.rpm, noarch): free -> assigned
  114347141 buildArch (apache-commons-pool-1.6-37.fc40.src.rpm, noarch): assigned -> open (buildvm-ppc64le-05.iad2.fedoraproject.org)
  114347141 buildArch (apache-commons-pool-1.6-37.fc40.src.rpm, noarch): open (buildvm-ppc64le-05.iad2.fedoraproject.org) -> closed
  0 free  1 open  2 done  0 failed
  114347458 tagBuild (noarch): assigned
  114347458 tagBuild (noarch): assigned -> closed
  0 free  1 open  3 done  0 failed
114347092 build (f40-build-side-84857, /rpms/apache-commons-pool.git:c25b35d633a65b132cb5982fb4f888b43ec58e84): open (buildvm-x86-21.iad2.fedoraproject.org) -> closed
  0 free  0 open  4 done  0 failed

114347092 build (f40-build-side-84857, /rpms/apache-commons-pool.git:c25b35d633a65b132cb5982fb4f888b43ec58e84) completed successfully
