Cloning into 'apache-commons-net'...
[f40 abbcbba] Rebuilt for java-21-openjdk as system jdk
 1 file changed, 4 insertions(+), 1 deletion(-)
Found a gating.yaml file in the repo and it is properly configured
Building apache-commons-net-3.10.0-5.fc40 for f40-build-side-84857
Created task: 114347026
Task info: https://koji.fedoraproject.org/koji/taskinfo?taskID=114347026
Watching tasks (this may be safely interrupted)...
114347026 build (f40-build-side-84857, /rpms/apache-commons-net.git:abbcbba707c6be45b017b9d4d873df32635355ab): free
114347026 build (f40-build-side-84857, /rpms/apache-commons-net.git:abbcbba707c6be45b017b9d4d873df32635355ab): free -> assigned
114347026 build (f40-build-side-84857, /rpms/apache-commons-net.git:abbcbba707c6be45b017b9d4d873df32635355ab): assigned -> open (buildvm-x86-10.iad2.fedoraproject.org)
  114347088 buildSRPMFromSCM (/rpms/apache-commons-net.git:abbcbba707c6be45b017b9d4d873df32635355ab): free
  114347088 buildSRPMFromSCM (/rpms/apache-commons-net.git:abbcbba707c6be45b017b9d4d873df32635355ab): free -> assigned
  114347088 buildSRPMFromSCM (/rpms/apache-commons-net.git:abbcbba707c6be45b017b9d4d873df32635355ab): assigned -> open (buildvm-a64-14.iad2.fedoraproject.org)
  114347088 buildSRPMFromSCM (/rpms/apache-commons-net.git:abbcbba707c6be45b017b9d4d873df32635355ab): open (buildvm-a64-14.iad2.fedoraproject.org) -> closed
  0 free  1 open  1 done  0 failed
  114347115 buildArch (apache-commons-net-3.10.0-5.fc40.src.rpm, noarch): free
  114347115 buildArch (apache-commons-net-3.10.0-5.fc40.src.rpm, noarch): free -> assigned
  114347115 buildArch (apache-commons-net-3.10.0-5.fc40.src.rpm, noarch): assigned -> open (buildvm-x86-14.iad2.fedoraproject.org)
  114347115 buildArch (apache-commons-net-3.10.0-5.fc40.src.rpm, noarch): open (buildvm-x86-14.iad2.fedoraproject.org) -> closed
  0 free  1 open  2 done  0 failed
  114347236 tagBuild (noarch): free
  114347236 tagBuild (noarch): free -> assigned
  114347236 tagBuild (noarch): assigned -> closed
  0 free  1 open  3 done  0 failed
114347026 build (f40-build-side-84857, /rpms/apache-commons-net.git:abbcbba707c6be45b017b9d4d873df32635355ab): open (buildvm-x86-10.iad2.fedoraproject.org) -> closed
  0 free  0 open  4 done  0 failed

114347026 build (f40-build-side-84857, /rpms/apache-commons-net.git:abbcbba707c6be45b017b9d4d873df32635355ab) completed successfully
