Cloning into 'apache-commons-digester'...
[f40 794da20] Rebuilt for java-21-openjdk as system jdk
 1 file changed, 4 insertions(+), 1 deletion(-)
Building apache-commons-digester-2.1-30.fc40 for f40-build-side-84857
Created task: 114346781
Task info: https://koji.fedoraproject.org/koji/taskinfo?taskID=114346781
Watching tasks (this may be safely interrupted)...
114346781 build (f40-build-side-84857, /rpms/apache-commons-digester.git:794da2091e5b4bc890d4593dfd12830281fc503b): free
114346781 build (f40-build-side-84857, /rpms/apache-commons-digester.git:794da2091e5b4bc890d4593dfd12830281fc503b): free -> assigned
114346781 build (f40-build-side-84857, /rpms/apache-commons-digester.git:794da2091e5b4bc890d4593dfd12830281fc503b): assigned -> open (buildvm-a64-12.iad2.fedoraproject.org)
  114346824 buildSRPMFromSCM (/rpms/apache-commons-digester.git:794da2091e5b4bc890d4593dfd12830281fc503b): free
  114346824 buildSRPMFromSCM (/rpms/apache-commons-digester.git:794da2091e5b4bc890d4593dfd12830281fc503b): free -> assigned
  114346824 buildSRPMFromSCM (/rpms/apache-commons-digester.git:794da2091e5b4bc890d4593dfd12830281fc503b): assigned -> open (buildvm-x86-10.iad2.fedoraproject.org)
  114346824 buildSRPMFromSCM (/rpms/apache-commons-digester.git:794da2091e5b4bc890d4593dfd12830281fc503b): open (buildvm-x86-10.iad2.fedoraproject.org) -> closed
  0 free  1 open  1 done  0 failed
  114346934 buildArch (apache-commons-digester-2.1-30.fc40.src.rpm, noarch): free
  114346934 buildArch (apache-commons-digester-2.1-30.fc40.src.rpm, noarch): free -> assigned
  114346934 buildArch (apache-commons-digester-2.1-30.fc40.src.rpm, noarch): assigned -> open (buildvm-a64-08.iad2.fedoraproject.org)
  114346934 buildArch (apache-commons-digester-2.1-30.fc40.src.rpm, noarch): open (buildvm-a64-08.iad2.fedoraproject.org) -> closed
  0 free  1 open  2 done  0 failed
  114347062 tagBuild (noarch): free
  114347062 tagBuild (noarch): free -> assigned
114346781 build (f40-build-side-84857, /rpms/apache-commons-digester.git:794da2091e5b4bc890d4593dfd12830281fc503b): open (buildvm-a64-12.iad2.fedoraproject.org) -> closed
  0 free  1 open  3 done  0 failed
  114347062 tagBuild (noarch): assigned -> closed
  0 free  0 open  4 done  0 failed

114346781 build (f40-build-side-84857, /rpms/apache-commons-digester.git:794da2091e5b4bc890d4593dfd12830281fc503b) completed successfully
