Cloning into 'apache-resource-bundles'...
[f40 4bdd091] Rebuilt for java-21-openjdk as system jdk
 1 file changed, 4 insertions(+), 1 deletion(-)
Found a gating.yaml file in the repo and it is properly configured
warning: %patchN is deprecated (1 usages found), use %patch N (or %patch -P N)

Building apache-resource-bundles-1.5-7.fc40 for f40-build-side-84857
Created task: 114347149
Task info: https://koji.fedoraproject.org/koji/taskinfo?taskID=114347149
Watching tasks (this may be safely interrupted)...
114347149 build (f40-build-side-84857, /rpms/apache-resource-bundles.git:4bdd0911c700c7eb5a6add691c653957826ae2ec): free
114347149 build (f40-build-side-84857, /rpms/apache-resource-bundles.git:4bdd0911c700c7eb5a6add691c653957826ae2ec): free -> assigned
114347149 build (f40-build-side-84857, /rpms/apache-resource-bundles.git:4bdd0911c700c7eb5a6add691c653957826ae2ec): assigned -> open (buildvm-ppc64le-08.iad2.fedoraproject.org)
  114347176 buildSRPMFromSCM (/rpms/apache-resource-bundles.git:4bdd0911c700c7eb5a6add691c653957826ae2ec): free
  114347176 buildSRPMFromSCM (/rpms/apache-resource-bundles.git:4bdd0911c700c7eb5a6add691c653957826ae2ec): free -> assigned
  114347176 buildSRPMFromSCM (/rpms/apache-resource-bundles.git:4bdd0911c700c7eb5a6add691c653957826ae2ec): assigned -> open (buildvm-a64-07.iad2.fedoraproject.org)
  114347176 buildSRPMFromSCM (/rpms/apache-resource-bundles.git:4bdd0911c700c7eb5a6add691c653957826ae2ec): open (buildvm-a64-07.iad2.fedoraproject.org) -> closed
  0 free  1 open  1 done  0 failed
  114347274 buildArch (apache-resource-bundles-1.5-7.fc40.src.rpm, noarch): free
  114347274 buildArch (apache-resource-bundles-1.5-7.fc40.src.rpm, noarch): free -> assigned
  114347274 buildArch (apache-resource-bundles-1.5-7.fc40.src.rpm, noarch): assigned -> open (buildvm-a64-28.iad2.fedoraproject.org)
  114347274 buildArch (apache-resource-bundles-1.5-7.fc40.src.rpm, noarch): open (buildvm-a64-28.iad2.fedoraproject.org) -> closed
  0 free  1 open  2 done  0 failed
  114347409 tagBuild (noarch): free
  114347409 tagBuild (noarch): free -> assigned
114347149 build (f40-build-side-84857, /rpms/apache-resource-bundles.git:4bdd0911c700c7eb5a6add691c653957826ae2ec): open (buildvm-ppc64le-08.iad2.fedoraproject.org) -> closed
  0 free  1 open  3 done  0 failed
  114347409 tagBuild (noarch): assigned -> closed
  0 free  0 open  4 done  0 failed

114347149 build (f40-build-side-84857, /rpms/apache-resource-bundles.git:4bdd0911c700c7eb5a6add691c653957826ae2ec) completed successfully
