Cloning into 'apache-commons-codec'...
[f40 d377379] Rebuilt for java-21-openjdk as system jdk
 1 file changed, 4 insertions(+), 1 deletion(-)
Found a gating.yaml file in the repo and it is properly configured
Building apache-commons-codec-1.16.0-7.fc40 for f40-build-side-84857
Created task: 114346716
Task info: https://koji.fedoraproject.org/koji/taskinfo?taskID=114346716
Watching tasks (this may be safely interrupted)...
114346716 build (f40-build-side-84857, /rpms/apache-commons-codec.git:d377379d89b36cbbef34684f117bb35214d29320): free
114346716 build (f40-build-side-84857, /rpms/apache-commons-codec.git:d377379d89b36cbbef34684f117bb35214d29320): free -> assigned
114346716 build (f40-build-side-84857, /rpms/apache-commons-codec.git:d377379d89b36cbbef34684f117bb35214d29320): assigned -> open (buildvm-ppc64le-17.iad2.fedoraproject.org)
  114346731 buildSRPMFromSCM (/rpms/apache-commons-codec.git:d377379d89b36cbbef34684f117bb35214d29320): free
  114346731 buildSRPMFromSCM (/rpms/apache-commons-codec.git:d377379d89b36cbbef34684f117bb35214d29320): free -> assigned
  114346731 buildSRPMFromSCM (/rpms/apache-commons-codec.git:d377379d89b36cbbef34684f117bb35214d29320): assigned -> open (buildvm-a64-33.iad2.fedoraproject.org)
  114346731 buildSRPMFromSCM (/rpms/apache-commons-codec.git:d377379d89b36cbbef34684f117bb35214d29320): open (buildvm-a64-33.iad2.fedoraproject.org) -> closed
  0 free  1 open  1 done  0 failed
  114346779 buildArch (apache-commons-codec-1.16.0-7.fc40.src.rpm, noarch): free
  114346779 buildArch (apache-commons-codec-1.16.0-7.fc40.src.rpm, noarch): free -> assigned
  114346779 buildArch (apache-commons-codec-1.16.0-7.fc40.src.rpm, noarch): assigned -> open (buildvm-s390x-01.s390.fedoraproject.org)
  114346779 buildArch (apache-commons-codec-1.16.0-7.fc40.src.rpm, noarch): open (buildvm-s390x-01.s390.fedoraproject.org) -> closed
  0 free  1 open  2 done  0 failed
  114346876 tagBuild (noarch): free
  114346876 tagBuild (noarch): free -> closed
  0 free  1 open  3 done  0 failed
114346716 build (f40-build-side-84857, /rpms/apache-commons-codec.git:d377379d89b36cbbef34684f117bb35214d29320): open (buildvm-ppc64le-17.iad2.fedoraproject.org) -> closed
  0 free  0 open  4 done  0 failed

114346716 build (f40-build-side-84857, /rpms/apache-commons-codec.git:d377379d89b36cbbef34684f117bb35214d29320) completed successfully
