Cloning into 'apache-commons-jxpath'...
[f40 ed94ece] Rebuilt for java-21-openjdk as system jdk
 1 file changed, 4 insertions(+), 1 deletion(-)
Found a gating.yaml file in the repo and it is properly configured
warning: %patchN is deprecated (1 usages found), use %patch N (or %patch -P N)

Building apache-commons-jxpath-1.3-52.fc40 for f40-build-side-84857
Created task: 114346843
Task info: https://koji.fedoraproject.org/koji/taskinfo?taskID=114346843
Watching tasks (this may be safely interrupted)...
114346843 build (f40-build-side-84857, /rpms/apache-commons-jxpath.git:ed94ece73f5f58a5111ef204ca45ac87f6f412e9): free
114346843 build (f40-build-side-84857, /rpms/apache-commons-jxpath.git:ed94ece73f5f58a5111ef204ca45ac87f6f412e9): free -> open (buildvm-ppc64le-10.iad2.fedoraproject.org)
  114346846 buildSRPMFromSCM (/rpms/apache-commons-jxpath.git:ed94ece73f5f58a5111ef204ca45ac87f6f412e9): free
  114346846 buildSRPMFromSCM (/rpms/apache-commons-jxpath.git:ed94ece73f5f58a5111ef204ca45ac87f6f412e9): free -> assigned
  114346846 buildSRPMFromSCM (/rpms/apache-commons-jxpath.git:ed94ece73f5f58a5111ef204ca45ac87f6f412e9): assigned -> open (buildvm-a64-08.iad2.fedoraproject.org)
  114346962 buildArch (apache-commons-jxpath-1.3-52.fc40.src.rpm, noarch): free
  114346846 buildSRPMFromSCM (/rpms/apache-commons-jxpath.git:ed94ece73f5f58a5111ef204ca45ac87f6f412e9): open (buildvm-a64-08.iad2.fedoraproject.org) -> closed
  1 free  1 open  1 done  0 failed
  114346962 buildArch (apache-commons-jxpath-1.3-52.fc40.src.rpm, noarch): free -> assigned
  114346962 buildArch (apache-commons-jxpath-1.3-52.fc40.src.rpm, noarch): assigned -> open (buildvm-a64-20.iad2.fedoraproject.org)
  114346962 buildArch (apache-commons-jxpath-1.3-52.fc40.src.rpm, noarch): open (buildvm-a64-20.iad2.fedoraproject.org) -> closed
  0 free  1 open  2 done  0 failed
  114347050 tagBuild (noarch): free
  114347050 tagBuild (noarch): free -> assigned
  114347050 tagBuild (noarch): assigned -> closed
  0 free  1 open  3 done  0 failed
114346843 build (f40-build-side-84857, /rpms/apache-commons-jxpath.git:ed94ece73f5f58a5111ef204ca45ac87f6f412e9): open (buildvm-ppc64le-10.iad2.fedoraproject.org) -> closed
  0 free  0 open  4 done  0 failed

114346843 build (f40-build-side-84857, /rpms/apache-commons-jxpath.git:ed94ece73f5f58a5111ef204ca45ac87f6f412e9) completed successfully
