Cloning into 'apache-commons-collections4'...
[f40 14e3665] Rebuilt for java-21-openjdk as system jdk
 1 file changed, 4 insertions(+), 1 deletion(-)
Building apache-commons-collections4-4.4-15.fc40 for f40-build-side-84857
Created task: 114346762
Task info: https://koji.fedoraproject.org/koji/taskinfo?taskID=114346762
Watching tasks (this may be safely interrupted)...
114346762 build (f40-build-side-84857, /rpms/apache-commons-collections4.git:14e3665028e2776929ff127181ad58e165b064ee): free
114346762 build (f40-build-side-84857, /rpms/apache-commons-collections4.git:14e3665028e2776929ff127181ad58e165b064ee): free -> assigned
114346762 build (f40-build-side-84857, /rpms/apache-commons-collections4.git:14e3665028e2776929ff127181ad58e165b064ee): assigned -> open (buildvm-a64-11.iad2.fedoraproject.org)
  114346766 buildSRPMFromSCM (/rpms/apache-commons-collections4.git:14e3665028e2776929ff127181ad58e165b064ee): free
  114346766 buildSRPMFromSCM (/rpms/apache-commons-collections4.git:14e3665028e2776929ff127181ad58e165b064ee): free -> assigned
  114346766 buildSRPMFromSCM (/rpms/apache-commons-collections4.git:14e3665028e2776929ff127181ad58e165b064ee): assigned -> open (buildvm-x86-11.iad2.fedoraproject.org)
  114346766 buildSRPMFromSCM (/rpms/apache-commons-collections4.git:14e3665028e2776929ff127181ad58e165b064ee): open (buildvm-x86-11.iad2.fedoraproject.org) -> closed
  0 free  1 open  1 done  0 failed
  114346819 buildArch (apache-commons-collections4-4.4-15.fc40.src.rpm, noarch): free
  114346819 buildArch (apache-commons-collections4-4.4-15.fc40.src.rpm, noarch): free -> assigned
  114346819 buildArch (apache-commons-collections4-4.4-15.fc40.src.rpm, noarch): assigned -> open (buildvm-s390x-06.s390.fedoraproject.org)
  114346819 buildArch (apache-commons-collections4-4.4-15.fc40.src.rpm, noarch): open (buildvm-s390x-06.s390.fedoraproject.org) -> closed
  0 free  1 open  2 done  0 failed
  114346947 tagBuild (noarch): free
  114346947 tagBuild (noarch): free -> closed
  0 free  1 open  3 done  0 failed
114346762 build (f40-build-side-84857, /rpms/apache-commons-collections4.git:14e3665028e2776929ff127181ad58e165b064ee): open (buildvm-a64-11.iad2.fedoraproject.org) -> closed
  0 free  0 open  4 done  0 failed

114346762 build (f40-build-side-84857, /rpms/apache-commons-collections4.git:14e3665028e2776929ff127181ad58e165b064ee) completed successfully
