Cloning into 'apache-commons-exec'...
[f40 4d170cb] Rebuilt for java-21-openjdk as system jdk
 1 file changed, 4 insertions(+), 1 deletion(-)
Building apache-commons-exec-1.3-31.fc40 for f40-build-side-84857
Created task: 114346800
Task info: https://koji.fedoraproject.org/koji/taskinfo?taskID=114346800
Watching tasks (this may be safely interrupted)...
114346800 build (f40-build-side-84857, /rpms/apache-commons-exec.git:4d170cbcf0a572f7c0690b70097a4490d633fb69): free
114346800 build (f40-build-side-84857, /rpms/apache-commons-exec.git:4d170cbcf0a572f7c0690b70097a4490d633fb69): free -> assigned
114346800 build (f40-build-side-84857, /rpms/apache-commons-exec.git:4d170cbcf0a572f7c0690b70097a4490d633fb69): assigned -> open (buildvm-a64-14.iad2.fedoraproject.org)
  114346811 buildSRPMFromSCM (/rpms/apache-commons-exec.git:4d170cbcf0a572f7c0690b70097a4490d633fb69): free
  114346811 buildSRPMFromSCM (/rpms/apache-commons-exec.git:4d170cbcf0a572f7c0690b70097a4490d633fb69): free -> assigned
  114346811 buildSRPMFromSCM (/rpms/apache-commons-exec.git:4d170cbcf0a572f7c0690b70097a4490d633fb69): assigned -> open (buildvm-a64-08.iad2.fedoraproject.org)
  114346811 buildSRPMFromSCM (/rpms/apache-commons-exec.git:4d170cbcf0a572f7c0690b70097a4490d633fb69): open (buildvm-a64-08.iad2.fedoraproject.org) -> closed
  0 free  1 open  1 done  0 failed
  114346885 buildArch (apache-commons-exec-1.3-31.fc40.src.rpm, noarch): assigned
  114346885 buildArch (apache-commons-exec-1.3-31.fc40.src.rpm, noarch): assigned -> open (buildvm-a64-21.iad2.fedoraproject.org)
  114346885 buildArch (apache-commons-exec-1.3-31.fc40.src.rpm, noarch): open (buildvm-a64-21.iad2.fedoraproject.org) -> closed
  0 free  1 open  2 done  0 failed
  114347048 tagBuild (noarch): free
  114347048 tagBuild (noarch): free -> open (buildvm-s390x-07.s390.fedoraproject.org)
114346800 build (f40-build-side-84857, /rpms/apache-commons-exec.git:4d170cbcf0a572f7c0690b70097a4490d633fb69): open (buildvm-a64-14.iad2.fedoraproject.org) -> closed
  0 free  1 open  3 done  0 failed
  114347048 tagBuild (noarch): open (buildvm-s390x-07.s390.fedoraproject.org) -> closed
  0 free  0 open  4 done  0 failed

114346800 build (f40-build-side-84857, /rpms/apache-commons-exec.git:4d170cbcf0a572f7c0690b70097a4490d633fb69) completed successfully
