Cloning into 'args4j'...
[f40 9a287ac] Rebuilt for java-21-openjdk as system jdk
 1 file changed, 4 insertions(+), 1 deletion(-)
warning: %patchN is deprecated (1 usages found), use %patch N (or %patch -P N)

Building args4j-2.33-26.fc40 for f40-build-side-84857
Created task: 114347258
Task info: https://koji.fedoraproject.org/koji/taskinfo?taskID=114347258
Watching tasks (this may be safely interrupted)...
114347258 build (f40-build-side-84857, /rpms/args4j.git:9a287ac62e30c6224d858a24ac8ed56f9bd8c6a6): free
114347258 build (f40-build-side-84857, /rpms/args4j.git:9a287ac62e30c6224d858a24ac8ed56f9bd8c6a6): free -> assigned
114347258 build (f40-build-side-84857, /rpms/args4j.git:9a287ac62e30c6224d858a24ac8ed56f9bd8c6a6): assigned -> open (buildvm-x86-11.iad2.fedoraproject.org)
  114347351 buildSRPMFromSCM (/rpms/args4j.git:9a287ac62e30c6224d858a24ac8ed56f9bd8c6a6): free
  114347351 buildSRPMFromSCM (/rpms/args4j.git:9a287ac62e30c6224d858a24ac8ed56f9bd8c6a6): free -> open (buildvm-x86-30.iad2.fedoraproject.org)
  114347351 buildSRPMFromSCM (/rpms/args4j.git:9a287ac62e30c6224d858a24ac8ed56f9bd8c6a6): open (buildvm-x86-30.iad2.fedoraproject.org) -> closed
  0 free  1 open  1 done  0 failed
  114347438 buildArch (args4j-2.33-26.fc40.src.rpm, noarch): free
  114347438 buildArch (args4j-2.33-26.fc40.src.rpm, noarch): free -> assigned
  114347438 buildArch (args4j-2.33-26.fc40.src.rpm, noarch): assigned -> open (buildvm-a64-07.iad2.fedoraproject.org)
  114347472 tagBuild (noarch): free
  114347438 buildArch (args4j-2.33-26.fc40.src.rpm, noarch): open (buildvm-a64-07.iad2.fedoraproject.org) -> closed
  1 free  1 open  2 done  0 failed
  114347472 tagBuild (noarch): free -> closed
  0 free  1 open  3 done  0 failed
114347258 build (f40-build-side-84857, /rpms/args4j.git:9a287ac62e30c6224d858a24ac8ed56f9bd8c6a6): open (buildvm-x86-11.iad2.fedoraproject.org) -> closed
  0 free  0 open  4 done  0 failed

114347258 build (f40-build-side-84857, /rpms/args4j.git:9a287ac62e30c6224d858a24ac8ed56f9bd8c6a6) completed successfully
