Cloning into 'batik'...
[f40 18ae368] Rebuilt for java-21-openjdk as system jdk
 1 file changed, 4 insertions(+), 1 deletion(-)
warning: %patchN is deprecated (1 usages found), use %patch N (or %patch -P N)

Building batik-1.14-13.fc40 for f40-build-side-84857
Created task: 114347435
Task info: https://koji.fedoraproject.org/koji/taskinfo?taskID=114347435
Watching tasks (this may be safely interrupted)...
114347435 build (f40-build-side-84857, /rpms/batik.git:18ae3686fc05a54c599136618c14e7523bbb5b1a): free
114347435 build (f40-build-side-84857, /rpms/batik.git:18ae3686fc05a54c599136618c14e7523bbb5b1a): free -> assigned
  114347463 buildSRPMFromSCM (/rpms/batik.git:18ae3686fc05a54c599136618c14e7523bbb5b1a): free
114347435 build (f40-build-side-84857, /rpms/batik.git:18ae3686fc05a54c599136618c14e7523bbb5b1a): assigned -> open (buildvm-ppc64le-02.iad2.fedoraproject.org)
  114347463 buildSRPMFromSCM (/rpms/batik.git:18ae3686fc05a54c599136618c14e7523bbb5b1a): free -> open (buildvm-a64-15.iad2.fedoraproject.org)
  114347463 buildSRPMFromSCM (/rpms/batik.git:18ae3686fc05a54c599136618c14e7523bbb5b1a): open (buildvm-a64-15.iad2.fedoraproject.org) -> closed
  0 free  1 open  1 done  0 failed
  114347478 buildArch (batik-1.14-13.fc40.src.rpm, noarch): free
  114347478 buildArch (batik-1.14-13.fc40.src.rpm, noarch): free -> assigned
  114347478 buildArch (batik-1.14-13.fc40.src.rpm, noarch): assigned -> open (buildvm-a64-27.iad2.fedoraproject.org)
  114347739 tagBuild (noarch): free
  114347478 buildArch (batik-1.14-13.fc40.src.rpm, noarch): open (buildvm-a64-27.iad2.fedoraproject.org) -> closed
  1 free  1 open  2 done  0 failed
  114347739 tagBuild (noarch): free -> assigned
  114347739 tagBuild (noarch): assigned -> closed
  0 free  1 open  3 done  0 failed
114347435 build (f40-build-side-84857, /rpms/batik.git:18ae3686fc05a54c599136618c14e7523bbb5b1a): open (buildvm-ppc64le-02.iad2.fedoraproject.org) -> closed
  0 free  0 open  4 done  0 failed

114347435 build (f40-build-side-84857, /rpms/batik.git:18ae3686fc05a54c599136618c14e7523bbb5b1a) completed successfully
