Cloning into 'bouncycastle'...
[f40 cff43d2] Rebuilt for java-21-openjdk as system jdk
 1 file changed, 4 insertions(+), 1 deletion(-)
Building bouncycastle-1.70-13.fc40 for f40-build-side-84857
Created task: 114347485
Task info: https://koji.fedoraproject.org/koji/taskinfo?taskID=114347485
Watching tasks (this may be safely interrupted)...
114347485 build (f40-build-side-84857, /rpms/bouncycastle.git:cff43d2d2560a7a1f15941678dc91a42f5ed9327): free
114347485 build (f40-build-side-84857, /rpms/bouncycastle.git:cff43d2d2560a7a1f15941678dc91a42f5ed9327): free -> assigned
114347485 build (f40-build-side-84857, /rpms/bouncycastle.git:cff43d2d2560a7a1f15941678dc91a42f5ed9327): assigned -> open (buildvm-ppc64le-21.iad2.fedoraproject.org)
  114347616 buildSRPMFromSCM (/rpms/bouncycastle.git:cff43d2d2560a7a1f15941678dc91a42f5ed9327): free
  114347616 buildSRPMFromSCM (/rpms/bouncycastle.git:cff43d2d2560a7a1f15941678dc91a42f5ed9327): free -> assigned
  114347616 buildSRPMFromSCM (/rpms/bouncycastle.git:cff43d2d2560a7a1f15941678dc91a42f5ed9327): assigned -> open (buildvm-x86-11.iad2.fedoraproject.org)
  114347616 buildSRPMFromSCM (/rpms/bouncycastle.git:cff43d2d2560a7a1f15941678dc91a42f5ed9327): open (buildvm-x86-11.iad2.fedoraproject.org) -> closed
  0 free  1 open  1 done  0 failed
  114347760 buildArch (bouncycastle-1.70-13.fc40.src.rpm, noarch): free
  114347760 buildArch (bouncycastle-1.70-13.fc40.src.rpm, noarch): free -> assigned
  114347760 buildArch (bouncycastle-1.70-13.fc40.src.rpm, noarch): assigned -> open (buildvm-ppc64le-02.iad2.fedoraproject.org)
  114347760 buildArch (bouncycastle-1.70-13.fc40.src.rpm, noarch): open (buildvm-ppc64le-02.iad2.fedoraproject.org) -> closed
  0 free  1 open  2 done  0 failed
  114348000 tagBuild (noarch): free
  114348000 tagBuild (noarch): free -> closed
  0 free  1 open  3 done  0 failed
114347485 build (f40-build-side-84857, /rpms/bouncycastle.git:cff43d2d2560a7a1f15941678dc91a42f5ed9327): open (buildvm-ppc64le-21.iad2.fedoraproject.org) -> closed
  0 free  0 open  4 done  0 failed

114347485 build (f40-build-side-84857, /rpms/bouncycastle.git:cff43d2d2560a7a1f15941678dc91a42f5ed9327) completed successfully
