Cloning into 'brazil'...
[f40 ee48fd2] Rebuilt for java-21-openjdk as system jdk
 1 file changed, 4 insertions(+), 1 deletion(-)
warning: %patchN is deprecated (1 usages found), use %patch N (or %patch -P N)

Building brazil-2.3-36.fc40 for f40-build-side-84857
Created task: 114347530
Task info: https://koji.fedoraproject.org/koji/taskinfo?taskID=114347530
Watching tasks (this may be safely interrupted)...
114347530 build (f40-build-side-84857, /rpms/brazil.git:ee48fd250b7cfdc7b13a906bbc639efa61f8a8ff): free
114347530 build (f40-build-side-84857, /rpms/brazil.git:ee48fd250b7cfdc7b13a906bbc639efa61f8a8ff): free -> assigned
114347530 build (f40-build-side-84857, /rpms/brazil.git:ee48fd250b7cfdc7b13a906bbc639efa61f8a8ff): assigned -> open (buildvm-ppc64le-31.iad2.fedoraproject.org)
  114347592 buildSRPMFromSCM (/rpms/brazil.git:ee48fd250b7cfdc7b13a906bbc639efa61f8a8ff): free
  114347592 buildSRPMFromSCM (/rpms/brazil.git:ee48fd250b7cfdc7b13a906bbc639efa61f8a8ff): free -> assigned
  114347592 buildSRPMFromSCM (/rpms/brazil.git:ee48fd250b7cfdc7b13a906bbc639efa61f8a8ff): assigned -> open (buildvm-x86-10.iad2.fedoraproject.org)
  114347592 buildSRPMFromSCM (/rpms/brazil.git:ee48fd250b7cfdc7b13a906bbc639efa61f8a8ff): open (buildvm-x86-10.iad2.fedoraproject.org) -> closed
  0 free  1 open  1 done  0 failed
  114347750 buildArch (brazil-2.3-36.fc40.src.rpm, noarch): free
  114347750 buildArch (brazil-2.3-36.fc40.src.rpm, noarch): free -> assigned
  114347750 buildArch (brazil-2.3-36.fc40.src.rpm, noarch): assigned -> open (buildvm-ppc64le-25.iad2.fedoraproject.org)
  114347750 buildArch (brazil-2.3-36.fc40.src.rpm, noarch): open (buildvm-ppc64le-25.iad2.fedoraproject.org) -> closed
  0 free  1 open  2 done  0 failed
  114347892 tagBuild (noarch): free
  114347892 tagBuild (noarch): free -> assigned
  114347892 tagBuild (noarch): assigned -> closed
  0 free  1 open  3 done  0 failed
114347530 build (f40-build-side-84857, /rpms/brazil.git:ee48fd250b7cfdc7b13a906bbc639efa61f8a8ff): open (buildvm-ppc64le-31.iad2.fedoraproject.org) -> closed
  0 free  0 open  4 done  0 failed

114347530 build (f40-build-side-84857, /rpms/brazil.git:ee48fd250b7cfdc7b13a906bbc639efa61f8a8ff) completed successfully
