Cloning into 'bsh'...
[f40 1affb57] Rebuilt for java-21-openjdk as system jdk
 1 file changed, 4 insertions(+), 1 deletion(-)
warning: %patchN is deprecated (2 usages found), use %patch N (or %patch -P N)

Building bsh-2.1.0-12.fc40 for f40-build-side-84857
Created task: 114347706
Task info: https://koji.fedoraproject.org/koji/taskinfo?taskID=114347706
Watching tasks (this may be safely interrupted)...
114347706 build (f40-build-side-84857, /rpms/bsh.git:1affb57029aae483e2d0ea6935fa40f5382d2f34): free
114347706 build (f40-build-side-84857, /rpms/bsh.git:1affb57029aae483e2d0ea6935fa40f5382d2f34): free -> assigned
114347706 build (f40-build-side-84857, /rpms/bsh.git:1affb57029aae483e2d0ea6935fa40f5382d2f34): assigned -> open (buildvm-ppc64le-08.iad2.fedoraproject.org)
  114347742 buildSRPMFromSCM (/rpms/bsh.git:1affb57029aae483e2d0ea6935fa40f5382d2f34): free
  114347742 buildSRPMFromSCM (/rpms/bsh.git:1affb57029aae483e2d0ea6935fa40f5382d2f34): free -> assigned
  114347742 buildSRPMFromSCM (/rpms/bsh.git:1affb57029aae483e2d0ea6935fa40f5382d2f34): assigned -> open (buildvm-a64-13.iad2.fedoraproject.org)
  114347742 buildSRPMFromSCM (/rpms/bsh.git:1affb57029aae483e2d0ea6935fa40f5382d2f34): open (buildvm-a64-13.iad2.fedoraproject.org) -> closed
  0 free  1 open  1 done  0 failed
  114347805 buildArch (bsh-2.1.0-12.fc40.src.rpm, noarch): free
  114347805 buildArch (bsh-2.1.0-12.fc40.src.rpm, noarch): free -> assigned
  114347805 buildArch (bsh-2.1.0-12.fc40.src.rpm, noarch): assigned -> open (buildvm-a64-09.iad2.fedoraproject.org)
  114347854 tagBuild (noarch): free
  114347805 buildArch (bsh-2.1.0-12.fc40.src.rpm, noarch): open (buildvm-a64-09.iad2.fedoraproject.org) -> closed
  1 free  1 open  2 done  0 failed
  114347854 tagBuild (noarch): free -> open (buildvm-x86-18.iad2.fedoraproject.org)
  114347854 tagBuild (noarch): open (buildvm-x86-18.iad2.fedoraproject.org) -> closed
  0 free  1 open  3 done  0 failed
114347706 build (f40-build-side-84857, /rpms/bsh.git:1affb57029aae483e2d0ea6935fa40f5382d2f34): open (buildvm-ppc64le-08.iad2.fedoraproject.org) -> closed
  0 free  0 open  4 done  0 failed

114347706 build (f40-build-side-84857, /rpms/bsh.git:1affb57029aae483e2d0ea6935fa40f5382d2f34) completed successfully
