Cloning into 'clojure'...
[f40 4e7da2d] Rebuilt for java-21-openjdk as system jdk
 1 file changed, 4 insertions(+), 1 deletion(-)
Building clojure-1.11.1-8.fc40 for f40-build-side-84857
Created task: 114347888
Task info: https://koji.fedoraproject.org/koji/taskinfo?taskID=114347888
Watching tasks (this may be safely interrupted)...
114347888 build (f40-build-side-84857, /rpms/clojure.git:4e7da2dc49ca0033a34cad1f5ef39519ae6488fe): free
114347888 build (f40-build-side-84857, /rpms/clojure.git:4e7da2dc49ca0033a34cad1f5ef39519ae6488fe): free -> assigned
114347888 build (f40-build-side-84857, /rpms/clojure.git:4e7da2dc49ca0033a34cad1f5ef39519ae6488fe): assigned -> open (buildvm-a64-26.iad2.fedoraproject.org)
  114347915 buildSRPMFromSCM (/rpms/clojure.git:4e7da2dc49ca0033a34cad1f5ef39519ae6488fe): free
  114347915 buildSRPMFromSCM (/rpms/clojure.git:4e7da2dc49ca0033a34cad1f5ef39519ae6488fe): free -> assigned
  114347915 buildSRPMFromSCM (/rpms/clojure.git:4e7da2dc49ca0033a34cad1f5ef39519ae6488fe): assigned -> open (buildvm-x86-16.iad2.fedoraproject.org)
  114347915 buildSRPMFromSCM (/rpms/clojure.git:4e7da2dc49ca0033a34cad1f5ef39519ae6488fe): open (buildvm-x86-16.iad2.fedoraproject.org) -> closed
  0 free  1 open  1 done  0 failed
  114348043 buildArch (clojure-1.11.1-8.fc40.src.rpm, noarch): free
  114348043 buildArch (clojure-1.11.1-8.fc40.src.rpm, noarch): free -> assigned
  114348043 buildArch (clojure-1.11.1-8.fc40.src.rpm, noarch): assigned -> open (buildvm-ppc64le-28.iad2.fedoraproject.org)
  114348043 buildArch (clojure-1.11.1-8.fc40.src.rpm, noarch): open (buildvm-ppc64le-28.iad2.fedoraproject.org) -> closed
  0 free  1 open  2 done  0 failed
  114348310 tagBuild (noarch): free
  114348310 tagBuild (noarch): free -> open (buildvm-s390x-04.s390.fedoraproject.org)
114347888 build (f40-build-side-84857, /rpms/clojure.git:4e7da2dc49ca0033a34cad1f5ef39519ae6488fe): open (buildvm-a64-26.iad2.fedoraproject.org) -> closed
  0 free  1 open  3 done  0 failed
  114348310 tagBuild (noarch): open (buildvm-s390x-04.s390.fedoraproject.org) -> closed
  0 free  0 open  4 done  0 failed

114347888 build (f40-build-side-84857, /rpms/clojure.git:4e7da2dc49ca0033a34cad1f5ef39519ae6488fe) completed successfully
