Cloning into 'diffoscope'...
RPMAutoSpec usage detected, not changing the spec file.
[f40 44fa29c] Rebuilt for java-21-openjdk as system jdk
Building diffoscope-257-2.fc40 for f40-build-side-84857
Created task: 114348155
Task info: https://koji.fedoraproject.org/koji/taskinfo?taskID=114348155
Watching tasks (this may be safely interrupted)...
114348155 build (f40-build-side-84857, /rpms/diffoscope.git:44fa29cc5856347e58161ed96fb297c2ae4de667): free
114348155 build (f40-build-side-84857, /rpms/diffoscope.git:44fa29cc5856347e58161ed96fb297c2ae4de667): free -> assigned
114348155 build (f40-build-side-84857, /rpms/diffoscope.git:44fa29cc5856347e58161ed96fb297c2ae4de667): assigned -> open (buildvm-x86-14.iad2.fedoraproject.org)
  114348173 buildSRPMFromSCM (/rpms/diffoscope.git:44fa29cc5856347e58161ed96fb297c2ae4de667): free
  114348173 buildSRPMFromSCM (/rpms/diffoscope.git:44fa29cc5856347e58161ed96fb297c2ae4de667): free -> assigned
  114348173 buildSRPMFromSCM (/rpms/diffoscope.git:44fa29cc5856347e58161ed96fb297c2ae4de667): assigned -> open (buildvm-x86-23.iad2.fedoraproject.org)
  114348302 buildArch (diffoscope-257-2.fc40.src.rpm, s390x): free
  114348301 buildArch (diffoscope-257-2.fc40.src.rpm, ppc64le): free
  114348299 buildArch (diffoscope-257-2.fc40.src.rpm, x86_64): free
  114348300 buildArch (diffoscope-257-2.fc40.src.rpm, aarch64): free
  114348173 buildSRPMFromSCM (/rpms/diffoscope.git:44fa29cc5856347e58161ed96fb297c2ae4de667): open (buildvm-x86-23.iad2.fedoraproject.org) -> closed
  4 free  1 open  1 done  0 failed
  114348302 buildArch (diffoscope-257-2.fc40.src.rpm, s390x): free -> open (buildvm-s390x-09.s390.fedoraproject.org)
  114348301 buildArch (diffoscope-257-2.fc40.src.rpm, ppc64le): free -> open (buildvm-ppc64le-08.iad2.fedoraproject.org)
  114348299 buildArch (diffoscope-257-2.fc40.src.rpm, x86_64): free -> open (buildhw-x86-11.iad2.fedoraproject.org)
  114348300 buildArch (diffoscope-257-2.fc40.src.rpm, aarch64): free -> assigned
  114348300 buildArch (diffoscope-257-2.fc40.src.rpm, aarch64): assigned -> open (buildvm-a64-05.iad2.fedoraproject.org)
  114348302 buildArch (diffoscope-257-2.fc40.src.rpm, s390x): open (buildvm-s390x-09.s390.fedoraproject.org) -> closed
  0 free  4 open  2 done  0 failed
  114348299 buildArch (diffoscope-257-2.fc40.src.rpm, x86_64): open (buildhw-x86-11.iad2.fedoraproject.org) -> closed
  0 free  3 open  3 done  0 failed
  114348300 buildArch (diffoscope-257-2.fc40.src.rpm, aarch64): open (buildvm-a64-05.iad2.fedoraproject.org) -> closed
  0 free  2 open  4 done  0 failed
  114348301 buildArch (diffoscope-257-2.fc40.src.rpm, ppc64le): open (buildvm-ppc64le-08.iad2.fedoraproject.org) -> closed
  0 free  1 open  5 done  0 failed
  114348930 tagBuild (noarch): free
114348155 build (f40-build-side-84857, /rpms/diffoscope.git:44fa29cc5856347e58161ed96fb297c2ae4de667): open (buildvm-x86-14.iad2.fedoraproject.org) -> closed
  1 free  0 open  6 done  0 failed
  114348930 tagBuild (noarch): free -> closed
  0 free  0 open  7 done  0 failed

114348155 build (f40-build-side-84857, /rpms/diffoscope.git:44fa29cc5856347e58161ed96fb297c2ae4de667) completed successfully
