Cloning into 'dogtag-pki'...
[f40 f65aa26] Rebuilt for java-21-openjdk as system jdk
 1 file changed, 4 insertions(+), 1 deletion(-)
Building dogtag-pki-11.5.0-1.fc40.1 for f40-build-side-84857
Created task: 114348487
Task info: https://koji.fedoraproject.org/koji/taskinfo?taskID=114348487
Watching tasks (this may be safely interrupted)...
114348487 build (f40-build-side-84857, /rpms/dogtag-pki.git:f65aa26ff5276257a6d5cbde07ebd602832e9f3e): free
114348487 build (f40-build-side-84857, /rpms/dogtag-pki.git:f65aa26ff5276257a6d5cbde07ebd602832e9f3e): free -> assigned
114348487 build (f40-build-side-84857, /rpms/dogtag-pki.git:f65aa26ff5276257a6d5cbde07ebd602832e9f3e): assigned -> open (buildvm-ppc64le-30.iad2.fedoraproject.org)
  114348509 buildSRPMFromSCM (/rpms/dogtag-pki.git:f65aa26ff5276257a6d5cbde07ebd602832e9f3e): free
  114348509 buildSRPMFromSCM (/rpms/dogtag-pki.git:f65aa26ff5276257a6d5cbde07ebd602832e9f3e): free -> assigned
  114348509 buildSRPMFromSCM (/rpms/dogtag-pki.git:f65aa26ff5276257a6d5cbde07ebd602832e9f3e): assigned -> open (buildvm-x86-17.iad2.fedoraproject.org)
  114348509 buildSRPMFromSCM (/rpms/dogtag-pki.git:f65aa26ff5276257a6d5cbde07ebd602832e9f3e): open (buildvm-x86-17.iad2.fedoraproject.org) -> closed
  0 free  1 open  1 done  0 failed
  114348653 buildArch (dogtag-pki-11.5.0-1.fc40.1.src.rpm, x86_64): free
  114348654 buildArch (dogtag-pki-11.5.0-1.fc40.1.src.rpm, aarch64): free
  114348655 buildArch (dogtag-pki-11.5.0-1.fc40.1.src.rpm, ppc64le): free
  114348656 buildArch (dogtag-pki-11.5.0-1.fc40.1.src.rpm, s390x): free
  114348653 buildArch (dogtag-pki-11.5.0-1.fc40.1.src.rpm, x86_64): free -> open (buildhw-x86-05.iad2.fedoraproject.org)
  114348654 buildArch (dogtag-pki-11.5.0-1.fc40.1.src.rpm, aarch64): free -> open (buildvm-a64-35.iad2.fedoraproject.org)
  114348655 buildArch (dogtag-pki-11.5.0-1.fc40.1.src.rpm, ppc64le): free -> assigned
  114348656 buildArch (dogtag-pki-11.5.0-1.fc40.1.src.rpm, s390x): free -> assigned
  114348655 buildArch (dogtag-pki-11.5.0-1.fc40.1.src.rpm, ppc64le): assigned -> open (buildvm-ppc64le-23.iad2.fedoraproject.org)
  114348656 buildArch (dogtag-pki-11.5.0-1.fc40.1.src.rpm, s390x): assigned -> open (buildvm-s390x-09.s390.fedoraproject.org)
  114348656 buildArch (dogtag-pki-11.5.0-1.fc40.1.src.rpm, s390x): open (buildvm-s390x-09.s390.fedoraproject.org) -> closed
  0 free  4 open  2 done  0 failed
  114348654 buildArch (dogtag-pki-11.5.0-1.fc40.1.src.rpm, aarch64): open (buildvm-a64-35.iad2.fedoraproject.org) -> closed
  0 free  3 open  3 done  0 failed
  114348653 buildArch (dogtag-pki-11.5.0-1.fc40.1.src.rpm, x86_64): open (buildhw-x86-05.iad2.fedoraproject.org) -> closed
  0 free  2 open  4 done  0 failed
  114348655 buildArch (dogtag-pki-11.5.0-1.fc40.1.src.rpm, ppc64le): open (buildvm-ppc64le-23.iad2.fedoraproject.org) -> closed
  0 free  1 open  5 done  0 failed
  114349061 tagBuild (noarch): free
  114349061 tagBuild (noarch): free -> assigned
  114349061 tagBuild (noarch): assigned -> closed
  0 free  1 open  6 done  0 failed
114348487 build (f40-build-side-84857, /rpms/dogtag-pki.git:f65aa26ff5276257a6d5cbde07ebd602832e9f3e): open (buildvm-ppc64le-30.iad2.fedoraproject.org) -> closed
  0 free  0 open  7 done  0 failed

114348487 build (f40-build-side-84857, /rpms/dogtag-pki.git:f65aa26ff5276257a6d5cbde07ebd602832e9f3e) completed successfully
