Cloning into 'extra-enforcer-rules'...
[f40 d821ddd] Rebuilt for java-21-openjdk as system jdk
 1 file changed, 4 insertions(+), 1 deletion(-)
Found a gating.yaml file in the repo and it is properly configured
Building extra-enforcer-rules-1.7.0-6.fc40 for f40-build-side-84857
Created task: 114348838
Task info: https://koji.fedoraproject.org/koji/taskinfo?taskID=114348838
Watching tasks (this may be safely interrupted)...
114348838 build (f40-build-side-84857, /rpms/extra-enforcer-rules.git:d821ddd6b2a1b4fac7d7749d0fac125295dc77ee): free
114348838 build (f40-build-side-84857, /rpms/extra-enforcer-rules.git:d821ddd6b2a1b4fac7d7749d0fac125295dc77ee): free -> assigned
114348838 build (f40-build-side-84857, /rpms/extra-enforcer-rules.git:d821ddd6b2a1b4fac7d7749d0fac125295dc77ee): assigned -> open (buildvm-ppc64le-02.iad2.fedoraproject.org)
  114348870 buildSRPMFromSCM (/rpms/extra-enforcer-rules.git:d821ddd6b2a1b4fac7d7749d0fac125295dc77ee): free
  114348870 buildSRPMFromSCM (/rpms/extra-enforcer-rules.git:d821ddd6b2a1b4fac7d7749d0fac125295dc77ee): free -> assigned
  114348870 buildSRPMFromSCM (/rpms/extra-enforcer-rules.git:d821ddd6b2a1b4fac7d7749d0fac125295dc77ee): assigned -> open (buildvm-x86-24.iad2.fedoraproject.org)
  114348870 buildSRPMFromSCM (/rpms/extra-enforcer-rules.git:d821ddd6b2a1b4fac7d7749d0fac125295dc77ee): open (buildvm-x86-24.iad2.fedoraproject.org) -> closed
  0 free  1 open  1 done  0 failed
  114349056 buildArch (extra-enforcer-rules-1.7.0-6.fc40.src.rpm, noarch): free
  114349056 buildArch (extra-enforcer-rules-1.7.0-6.fc40.src.rpm, noarch): free -> assigned
  114349056 buildArch (extra-enforcer-rules-1.7.0-6.fc40.src.rpm, noarch): assigned -> open (buildvm-a64-11.iad2.fedoraproject.org)
  114349056 buildArch (extra-enforcer-rules-1.7.0-6.fc40.src.rpm, noarch): open (buildvm-a64-11.iad2.fedoraproject.org) -> closed
  0 free  1 open  2 done  0 failed
  114349295 tagBuild (noarch): free
  114349295 tagBuild (noarch): free -> assigned
114348838 build (f40-build-side-84857, /rpms/extra-enforcer-rules.git:d821ddd6b2a1b4fac7d7749d0fac125295dc77ee): open (buildvm-ppc64le-02.iad2.fedoraproject.org) -> closed
  0 free  1 open  3 done  0 failed
  114349295 tagBuild (noarch): assigned -> closed
  0 free  0 open  4 done  0 failed

114348838 build (f40-build-side-84857, /rpms/extra-enforcer-rules.git:d821ddd6b2a1b4fac7d7749d0fac125295dc77ee) completed successfully
