Cloning into 'fishbowl'...
[f40 1a6ec18] Rebuilt for java-21-openjdk as system jdk
 1 file changed, 4 insertions(+), 1 deletion(-)
Building fishbowl-1.4.1-9.fc40 for f40-build-side-84857
Created task: 114349116
Task info: https://koji.fedoraproject.org/koji/taskinfo?taskID=114349116
Watching tasks (this may be safely interrupted)...
114349116 build (f40-build-side-84857, /rpms/fishbowl.git:1a6ec18e70a6ae15aecabde82c2a05149cef74db): free
114349116 build (f40-build-side-84857, /rpms/fishbowl.git:1a6ec18e70a6ae15aecabde82c2a05149cef74db): free -> assigned
114349116 build (f40-build-side-84857, /rpms/fishbowl.git:1a6ec18e70a6ae15aecabde82c2a05149cef74db): assigned -> open (buildvm-ppc64le-31.iad2.fedoraproject.org)
  114349181 buildSRPMFromSCM (/rpms/fishbowl.git:1a6ec18e70a6ae15aecabde82c2a05149cef74db): free
  114349181 buildSRPMFromSCM (/rpms/fishbowl.git:1a6ec18e70a6ae15aecabde82c2a05149cef74db): free -> open (buildvm-x86-06.iad2.fedoraproject.org)
  114349181 buildSRPMFromSCM (/rpms/fishbowl.git:1a6ec18e70a6ae15aecabde82c2a05149cef74db): open (buildvm-x86-06.iad2.fedoraproject.org) -> closed
  0 free  1 open  1 done  0 failed
  114349368 buildArch (fishbowl-1.4.1-9.fc40.src.rpm, noarch): free
  114349368 buildArch (fishbowl-1.4.1-9.fc40.src.rpm, noarch): free -> assigned
  114349368 buildArch (fishbowl-1.4.1-9.fc40.src.rpm, noarch): assigned -> open (buildvm-a64-23.iad2.fedoraproject.org)
  114349703 tagBuild (noarch): free
  114349368 buildArch (fishbowl-1.4.1-9.fc40.src.rpm, noarch): open (buildvm-a64-23.iad2.fedoraproject.org) -> closed
  1 free  1 open  2 done  0 failed
  114349703 tagBuild (noarch): free -> assigned
  114349703 tagBuild (noarch): assigned -> closed
  0 free  1 open  3 done  0 failed
114349116 build (f40-build-side-84857, /rpms/fishbowl.git:1a6ec18e70a6ae15aecabde82c2a05149cef74db): open (buildvm-ppc64le-31.iad2.fedoraproject.org) -> closed
  0 free  0 open  4 done  0 failed

114349116 build (f40-build-side-84857, /rpms/fishbowl.git:1a6ec18e70a6ae15aecabde82c2a05149cef74db) completed successfully
