Cloning into 'flute'...
[f40 eec2452] Rebuilt for java-21-openjdk as system jdk
 1 file changed, 4 insertions(+), 1 deletion(-)
Building flute-1.3.0-37.OOo31.fc40 for f40-build-side-84857
Created task: 114349143
Task info: https://koji.fedoraproject.org/koji/taskinfo?taskID=114349143
Watching tasks (this may be safely interrupted)...
114349143 build (f40-build-side-84857, /rpms/flute.git:eec245270ae647f00e0bbe128269cce711cbcb3a): free
114349143 build (f40-build-side-84857, /rpms/flute.git:eec245270ae647f00e0bbe128269cce711cbcb3a): free -> assigned
114349143 build (f40-build-side-84857, /rpms/flute.git:eec245270ae647f00e0bbe128269cce711cbcb3a): assigned -> open (buildvm-ppc64le-14.iad2.fedoraproject.org)
  114349174 buildSRPMFromSCM (/rpms/flute.git:eec245270ae647f00e0bbe128269cce711cbcb3a): free
  114349174 buildSRPMFromSCM (/rpms/flute.git:eec245270ae647f00e0bbe128269cce711cbcb3a): free -> assigned
  114349174 buildSRPMFromSCM (/rpms/flute.git:eec245270ae647f00e0bbe128269cce711cbcb3a): assigned -> open (buildvm-a64-39.iad2.fedoraproject.org)
  114349363 buildArch (flute-1.3.0-37.OOo31.fc40.src.rpm, noarch): free
  114349174 buildSRPMFromSCM (/rpms/flute.git:eec245270ae647f00e0bbe128269cce711cbcb3a): open (buildvm-a64-39.iad2.fedoraproject.org) -> closed
  1 free  1 open  1 done  0 failed
  114349363 buildArch (flute-1.3.0-37.OOo31.fc40.src.rpm, noarch): free -> assigned
  114349363 buildArch (flute-1.3.0-37.OOo31.fc40.src.rpm, noarch): assigned -> open (buildvm-a64-10.iad2.fedoraproject.org)
  114349363 buildArch (flute-1.3.0-37.OOo31.fc40.src.rpm, noarch): open (buildvm-a64-10.iad2.fedoraproject.org) -> closed
  0 free  1 open  2 done  0 failed
  114349688 tagBuild (noarch): free
  114349688 tagBuild (noarch): free -> closed
  0 free  1 open  3 done  0 failed
114349143 build (f40-build-side-84857, /rpms/flute.git:eec245270ae647f00e0bbe128269cce711cbcb3a): open (buildvm-ppc64le-14.iad2.fedoraproject.org) -> closed
  0 free  0 open  4 done  0 failed

114349143 build (f40-build-side-84857, /rpms/flute.git:eec245270ae647f00e0bbe128269cce711cbcb3a) completed successfully
