Cloning into 'frysk'...
[f40 25fff6f] Rebuilt for java-21-openjdk as system jdk
 1 file changed, 4 insertions(+), 1 deletion(-)
warning: %patchN is deprecated (57 usages found), use %patch N (or %patch -P N)

Building frysk-0.4-94.fc40 for f40-build-side-84857
Created task: 114349476
Task info: https://koji.fedoraproject.org/koji/taskinfo?taskID=114349476
Watching tasks (this may be safely interrupted)...
114349476 build (f40-build-side-84857, /rpms/frysk.git:25fff6f87c1c2989d771b8674c8a0402cb4362f4): free
114349476 build (f40-build-side-84857, /rpms/frysk.git:25fff6f87c1c2989d771b8674c8a0402cb4362f4): free -> open (buildvm-ppc64le-17.iad2.fedoraproject.org)
  114349519 buildSRPMFromSCM (/rpms/frysk.git:25fff6f87c1c2989d771b8674c8a0402cb4362f4): free
  114349519 buildSRPMFromSCM (/rpms/frysk.git:25fff6f87c1c2989d771b8674c8a0402cb4362f4): free -> assigned
  114349519 buildSRPMFromSCM (/rpms/frysk.git:25fff6f87c1c2989d771b8674c8a0402cb4362f4): assigned -> open (buildvm-a64-07.iad2.fedoraproject.org)
  114349788 buildArch (frysk-0.4-94.fc40.src.rpm, x86_64): free
  114349519 buildSRPMFromSCM (/rpms/frysk.git:25fff6f87c1c2989d771b8674c8a0402cb4362f4): open (buildvm-a64-07.iad2.fedoraproject.org) -> closed
  1 free  1 open  1 done  0 failed
  114349788 buildArch (frysk-0.4-94.fc40.src.rpm, x86_64): free -> open (buildhw-x86-11.iad2.fedoraproject.org)
  114349788 buildArch (frysk-0.4-94.fc40.src.rpm, x86_64): open (buildhw-x86-11.iad2.fedoraproject.org) -> closed
  0 free  1 open  2 done  0 failed
  114350039 tagBuild (noarch): assigned
  114350039 tagBuild (noarch): assigned -> closed
  0 free  1 open  3 done  0 failed
114349476 build (f40-build-side-84857, /rpms/frysk.git:25fff6f87c1c2989d771b8674c8a0402cb4362f4): open (buildvm-ppc64le-17.iad2.fedoraproject.org) -> closed
  0 free  0 open  4 done  0 failed

114349476 build (f40-build-side-84857, /rpms/frysk.git:25fff6f87c1c2989d771b8674c8a0402cb4362f4) completed successfully
