Cloning into 'gdl'...
[f40 7a05e6f] Rebuilt for java-21-openjdk as system jdk
 1 file changed, 4 insertions(+), 1 deletion(-)
warning: line 107: Possible unexpanded macro in: Requires:       hdf5 = %{_hdf5_version}

Building gdl-1.0.4-5.fc40 for f40-build-side-84857
Created task: 114349615
Task info: https://koji.fedoraproject.org/koji/taskinfo?taskID=114349615
Watching tasks (this may be safely interrupted)...
114349615 build (f40-build-side-84857, /rpms/gdl.git:7a05e6fc1f4f3c835a4af22548d515fc15574df2): free
114349615 build (f40-build-side-84857, /rpms/gdl.git:7a05e6fc1f4f3c835a4af22548d515fc15574df2): free -> assigned
114349615 build (f40-build-side-84857, /rpms/gdl.git:7a05e6fc1f4f3c835a4af22548d515fc15574df2): assigned -> open (buildvm-ppc64le-30.iad2.fedoraproject.org)
  114349640 buildSRPMFromSCM (/rpms/gdl.git:7a05e6fc1f4f3c835a4af22548d515fc15574df2): free
  114349640 buildSRPMFromSCM (/rpms/gdl.git:7a05e6fc1f4f3c835a4af22548d515fc15574df2): free -> assigned
  114349640 buildSRPMFromSCM (/rpms/gdl.git:7a05e6fc1f4f3c835a4af22548d515fc15574df2): assigned -> open (buildvm-x86-13.iad2.fedoraproject.org)
  114349640 buildSRPMFromSCM (/rpms/gdl.git:7a05e6fc1f4f3c835a4af22548d515fc15574df2): open (buildvm-x86-13.iad2.fedoraproject.org) -> closed
  0 free  1 open  1 done  0 failed
  114349847 buildArch (gdl-1.0.4-5.fc40.src.rpm, x86_64): free
  114349848 buildArch (gdl-1.0.4-5.fc40.src.rpm, aarch64): free
  114349849 buildArch (gdl-1.0.4-5.fc40.src.rpm, ppc64le): free
  114349850 buildArch (gdl-1.0.4-5.fc40.src.rpm, s390x): free
  114349847 buildArch (gdl-1.0.4-5.fc40.src.rpm, x86_64): free -> open (buildhw-x86-11.iad2.fedoraproject.org)
  114349848 buildArch (gdl-1.0.4-5.fc40.src.rpm, aarch64): free -> assigned
  114349849 buildArch (gdl-1.0.4-5.fc40.src.rpm, ppc64le): free -> open (buildvm-ppc64le-23.iad2.fedoraproject.org)
  114349850 buildArch (gdl-1.0.4-5.fc40.src.rpm, s390x): free -> open (buildvm-s390x-01.s390.fedoraproject.org)
  114349848 buildArch (gdl-1.0.4-5.fc40.src.rpm, aarch64): assigned -> open (buildvm-a64-30.iad2.fedoraproject.org)
  114349850 buildArch (gdl-1.0.4-5.fc40.src.rpm, s390x): open (buildvm-s390x-01.s390.fedoraproject.org) -> closed
  0 free  4 open  2 done  0 failed
  114349847 buildArch (gdl-1.0.4-5.fc40.src.rpm, x86_64): open (buildhw-x86-11.iad2.fedoraproject.org) -> closed
  0 free  3 open  3 done  0 failed
  114349848 buildArch (gdl-1.0.4-5.fc40.src.rpm, aarch64): open (buildvm-a64-30.iad2.fedoraproject.org) -> closed
  0 free  2 open  4 done  0 failed
  114349849 buildArch (gdl-1.0.4-5.fc40.src.rpm, ppc64le): open (buildvm-ppc64le-23.iad2.fedoraproject.org) -> FAILED: BuildError: error building package (arch ppc64le), mock exited with status 1; see build.log or root.log for more information
  Relevant logs:
  https://kojipkgs.fedoraproject.org/work/tasks/9849/114349849/mock_output.log
  https://kojipkgs.fedoraproject.org/work/tasks/9849/114349849/state.log
  https://kojipkgs.fedoraproject.org/work/tasks/9849/114349849/build.log
  https://kojipkgs.fedoraproject.org/work/tasks/9849/114349849/root.log
  https://kojipkgs.fedoraproject.org/work/tasks/9849/114349849/hw_info.log
  0 free  1 open  4 done  1 failed
114349615 build (f40-build-side-84857, /rpms/gdl.git:7a05e6fc1f4f3c835a4af22548d515fc15574df2): open (buildvm-ppc64le-30.iad2.fedoraproject.org) -> FAILED: BuildError: error building package (arch ppc64le), mock exited with status 1; see build.log or root.log for more information
  0 free  0 open  4 done  2 failed

114349615 build (f40-build-side-84857, /rpms/gdl.git:7a05e6fc1f4f3c835a4af22548d515fc15574df2) failed
