Cloning into 'google-gson'...
[f40 a079c83] Rebuilt for java-21-openjdk as system jdk
 1 file changed, 4 insertions(+), 1 deletion(-)
warning: %patchN is deprecated (2 usages found), use %patch N (or %patch -P N)

Building google-gson-2.10.1-5.fc40 for f40-build-side-84857
Created task: 114349705
Task info: https://koji.fedoraproject.org/koji/taskinfo?taskID=114349705
Watching tasks (this may be safely interrupted)...
114349705 build (f40-build-side-84857, /rpms/google-gson.git:a079c83c1a8d4b9bf2d1708437d8cd45ee306e9d): free
114349705 build (f40-build-side-84857, /rpms/google-gson.git:a079c83c1a8d4b9bf2d1708437d8cd45ee306e9d): free -> assigned
114349705 build (f40-build-side-84857, /rpms/google-gson.git:a079c83c1a8d4b9bf2d1708437d8cd45ee306e9d): assigned -> open (buildvm-ppc64le-05.iad2.fedoraproject.org)
  114349771 buildSRPMFromSCM (/rpms/google-gson.git:a079c83c1a8d4b9bf2d1708437d8cd45ee306e9d): free
  114349771 buildSRPMFromSCM (/rpms/google-gson.git:a079c83c1a8d4b9bf2d1708437d8cd45ee306e9d): free -> assigned
  114349771 buildSRPMFromSCM (/rpms/google-gson.git:a079c83c1a8d4b9bf2d1708437d8cd45ee306e9d): assigned -> open (buildvm-x86-18.iad2.fedoraproject.org)
  114349771 buildSRPMFromSCM (/rpms/google-gson.git:a079c83c1a8d4b9bf2d1708437d8cd45ee306e9d): open (buildvm-x86-18.iad2.fedoraproject.org) -> closed
  0 free  1 open  1 done  0 failed
  114349926 buildArch (google-gson-2.10.1-5.fc40.src.rpm, noarch): free
  114349926 buildArch (google-gson-2.10.1-5.fc40.src.rpm, noarch): free -> assigned
  114349926 buildArch (google-gson-2.10.1-5.fc40.src.rpm, noarch): assigned -> open (buildvm-ppc64le-06.iad2.fedoraproject.org)
  114349926 buildArch (google-gson-2.10.1-5.fc40.src.rpm, noarch): open (buildvm-ppc64le-06.iad2.fedoraproject.org) -> FAILED: BuildError: error building package (arch noarch), mock exited with status 1; see build.log or root.log for more information
  Relevant logs:
  https://kojipkgs.fedoraproject.org/work/tasks/9926/114349926/mock_output.log
  https://kojipkgs.fedoraproject.org/work/tasks/9926/114349926/state.log
  https://kojipkgs.fedoraproject.org/work/tasks/9926/114349926/build.log
  https://kojipkgs.fedoraproject.org/work/tasks/9926/114349926/root.log
  https://kojipkgs.fedoraproject.org/work/tasks/9926/114349926/hw_info.log
  0 free  1 open  1 done  1 failed
114349705 build (f40-build-side-84857, /rpms/google-gson.git:a079c83c1a8d4b9bf2d1708437d8cd45ee306e9d): open (buildvm-ppc64le-05.iad2.fedoraproject.org) -> FAILED: BuildError: error building package (arch noarch), mock exited with status 1; see build.log or root.log for more information
  0 free  0 open  1 done  2 failed

114349705 build (f40-build-side-84857, /rpms/google-gson.git:a079c83c1a8d4b9bf2d1708437d8cd45ee306e9d) failed
