Cloning into 'hamcrest'...
[f40 9c6b47c] Rebuilt for java-21-openjdk as system jdk
 1 file changed, 4 insertions(+), 1 deletion(-)
Found a gating.yaml file in the repo and it is properly configured
warning: %patchN is deprecated (1 usages found), use %patch N (or %patch -P N)

Building hamcrest-2.2-16.fc40 for f40-build-side-84857
Created task: 114349833
Task info: https://koji.fedoraproject.org/koji/taskinfo?taskID=114349833
Watching tasks (this may be safely interrupted)...
114349833 build (f40-build-side-84857, /rpms/hamcrest.git:9c6b47cc5591e28060bd443cb93a20c99697e185): free
114349833 build (f40-build-side-84857, /rpms/hamcrest.git:9c6b47cc5591e28060bd443cb93a20c99697e185): free -> assigned
114349833 build (f40-build-side-84857, /rpms/hamcrest.git:9c6b47cc5591e28060bd443cb93a20c99697e185): assigned -> open (buildvm-ppc64le-30.iad2.fedoraproject.org)
  114349921 buildSRPMFromSCM (/rpms/hamcrest.git:9c6b47cc5591e28060bd443cb93a20c99697e185): free
  114349921 buildSRPMFromSCM (/rpms/hamcrest.git:9c6b47cc5591e28060bd443cb93a20c99697e185): free -> assigned
  114349921 buildSRPMFromSCM (/rpms/hamcrest.git:9c6b47cc5591e28060bd443cb93a20c99697e185): assigned -> open (buildvm-x86-10.iad2.fedoraproject.org)
  114349921 buildSRPMFromSCM (/rpms/hamcrest.git:9c6b47cc5591e28060bd443cb93a20c99697e185): open (buildvm-x86-10.iad2.fedoraproject.org) -> closed
  0 free  1 open  1 done  0 failed
  114350123 buildArch (hamcrest-2.2-16.fc40.src.rpm, noarch): free
  114350123 buildArch (hamcrest-2.2-16.fc40.src.rpm, noarch): free -> assigned
  114350123 buildArch (hamcrest-2.2-16.fc40.src.rpm, noarch): assigned -> open (buildvm-x86-28.iad2.fedoraproject.org)
  114350123 buildArch (hamcrest-2.2-16.fc40.src.rpm, noarch): open (buildvm-x86-28.iad2.fedoraproject.org) -> closed
  0 free  1 open  2 done  0 failed
  114350288 tagBuild (noarch): free
  114350288 tagBuild (noarch): free -> assigned
  114350288 tagBuild (noarch): assigned -> closed
  0 free  1 open  3 done  0 failed
114349833 build (f40-build-side-84857, /rpms/hamcrest.git:9c6b47cc5591e28060bd443cb93a20c99697e185): open (buildvm-ppc64le-30.iad2.fedoraproject.org) -> closed
  0 free  0 open  4 done  0 failed

114349833 build (f40-build-side-84857, /rpms/hamcrest.git:9c6b47cc5591e28060bd443cb93a20c99697e185) completed successfully
