Cloning into 'imagej'...
[f40 484b99c] Rebuilt for java-21-openjdk as system jdk
 1 file changed, 4 insertions(+), 1 deletion(-)
Building imagej-1.54h-4.fc40 for f40-build-side-84857
Created task: 114350250
Task info: https://koji.fedoraproject.org/koji/taskinfo?taskID=114350250
Watching tasks (this may be safely interrupted)...
114350250 build (f40-build-side-84857, /rpms/imagej.git:484b99cf22b6ec08fe781cd040020ef16bb5033f): free
114350250 build (f40-build-side-84857, /rpms/imagej.git:484b99cf22b6ec08fe781cd040020ef16bb5033f): free -> assigned
114350250 build (f40-build-side-84857, /rpms/imagej.git:484b99cf22b6ec08fe781cd040020ef16bb5033f): assigned -> open (buildvm-ppc64le-17.iad2.fedoraproject.org)
  114350256 buildSRPMFromSCM (/rpms/imagej.git:484b99cf22b6ec08fe781cd040020ef16bb5033f): free
  114350256 buildSRPMFromSCM (/rpms/imagej.git:484b99cf22b6ec08fe781cd040020ef16bb5033f): free -> open (buildvm-a64-38.iad2.fedoraproject.org)
  114350256 buildSRPMFromSCM (/rpms/imagej.git:484b99cf22b6ec08fe781cd040020ef16bb5033f): open (buildvm-a64-38.iad2.fedoraproject.org) -> closed
  0 free  1 open  1 done  0 failed
  114350320 buildArch (imagej-1.54h-4.fc40.src.rpm, noarch): free
  114350320 buildArch (imagej-1.54h-4.fc40.src.rpm, noarch): free -> assigned
  114350320 buildArch (imagej-1.54h-4.fc40.src.rpm, noarch): assigned -> open (buildvm-ppc64le-06.iad2.fedoraproject.org)
  114350320 buildArch (imagej-1.54h-4.fc40.src.rpm, noarch): open (buildvm-ppc64le-06.iad2.fedoraproject.org) -> closed
  0 free  1 open  2 done  0 failed
  114350410 tagBuild (noarch): free
  114350410 tagBuild (noarch): free -> assigned
114350250 build (f40-build-side-84857, /rpms/imagej.git:484b99cf22b6ec08fe781cd040020ef16bb5033f): open (buildvm-ppc64le-17.iad2.fedoraproject.org) -> closed
  0 free  1 open  3 done  0 failed
  114350410 tagBuild (noarch): assigned -> closed
  0 free  0 open  4 done  0 failed

114350250 build (f40-build-side-84857, /rpms/imagej.git:484b99cf22b6ec08fe781cd040020ef16bb5033f) completed successfully
