Cloning into 'jackson-databind'...
[f40 0b55050] Rebuilt for java-21-openjdk as system jdk
 1 file changed, 4 insertions(+), 1 deletion(-)
Building jackson-databind-2.16.1-4.fc40 for f40-build-side-84857
Created task: 114350356
Task info: https://koji.fedoraproject.org/koji/taskinfo?taskID=114350356
Watching tasks (this may be safely interrupted)...
114350356 build (f40-build-side-84857, /rpms/jackson-databind.git:0b550504c6a0e134d65140dd08d7a8b231bd2a0f): free
114350356 build (f40-build-side-84857, /rpms/jackson-databind.git:0b550504c6a0e134d65140dd08d7a8b231bd2a0f): free -> assigned
114350356 build (f40-build-side-84857, /rpms/jackson-databind.git:0b550504c6a0e134d65140dd08d7a8b231bd2a0f): assigned -> open (buildvm-x86-11.iad2.fedoraproject.org)
  114350369 buildSRPMFromSCM (/rpms/jackson-databind.git:0b550504c6a0e134d65140dd08d7a8b231bd2a0f): free
  114350369 buildSRPMFromSCM (/rpms/jackson-databind.git:0b550504c6a0e134d65140dd08d7a8b231bd2a0f): free -> assigned
  114350369 buildSRPMFromSCM (/rpms/jackson-databind.git:0b550504c6a0e134d65140dd08d7a8b231bd2a0f): assigned -> open (buildvm-a64-35.iad2.fedoraproject.org)
  114350369 buildSRPMFromSCM (/rpms/jackson-databind.git:0b550504c6a0e134d65140dd08d7a8b231bd2a0f): open (buildvm-a64-35.iad2.fedoraproject.org) -> closed
  0 free  1 open  1 done  0 failed
  114350464 buildArch (jackson-databind-2.16.1-4.fc40.src.rpm, noarch): free
  114350464 buildArch (jackson-databind-2.16.1-4.fc40.src.rpm, noarch): free -> open (buildvm-ppc64le-30.iad2.fedoraproject.org)
  114350464 buildArch (jackson-databind-2.16.1-4.fc40.src.rpm, noarch): open (buildvm-ppc64le-30.iad2.fedoraproject.org) -> closed
  0 free  1 open  2 done  0 failed
  114350603 tagBuild (noarch): free
  114350603 tagBuild (noarch): free -> assigned
  114350603 tagBuild (noarch): assigned -> closed
  0 free  1 open  3 done  0 failed
114350356 build (f40-build-side-84857, /rpms/jackson-databind.git:0b550504c6a0e134d65140dd08d7a8b231bd2a0f): open (buildvm-x86-11.iad2.fedoraproject.org) -> closed
  0 free  0 open  4 done  0 failed

114350356 build (f40-build-side-84857, /rpms/jackson-databind.git:0b550504c6a0e134d65140dd08d7a8b231bd2a0f) completed successfully
