Cloning into 'jakarta-el'...
[f40 a8cfd76] Rebuilt for java-21-openjdk as system jdk
 1 file changed, 4 insertions(+), 1 deletion(-)
Building jakarta-el-4.0.0-14.fc40 for f40-build-side-84857
Created task: 114350651
Task info: https://koji.fedoraproject.org/koji/taskinfo?taskID=114350651
Watching tasks (this may be safely interrupted)...
114350651 build (f40-build-side-84857, /rpms/jakarta-el.git:a8cfd760d775112ed53848b4813c093f2e125cf6): free
114350651 build (f40-build-side-84857, /rpms/jakarta-el.git:a8cfd760d775112ed53848b4813c093f2e125cf6): free -> open (buildvm-s390x-04.s390.fedoraproject.org)
  114350661 buildSRPMFromSCM (/rpms/jakarta-el.git:a8cfd760d775112ed53848b4813c093f2e125cf6): free
  114350661 buildSRPMFromSCM (/rpms/jakarta-el.git:a8cfd760d775112ed53848b4813c093f2e125cf6): free -> assigned
  114350661 buildSRPMFromSCM (/rpms/jakarta-el.git:a8cfd760d775112ed53848b4813c093f2e125cf6): assigned -> open (buildvm-x86-24.iad2.fedoraproject.org)
  114350661 buildSRPMFromSCM (/rpms/jakarta-el.git:a8cfd760d775112ed53848b4813c093f2e125cf6): open (buildvm-x86-24.iad2.fedoraproject.org) -> closed
  0 free  1 open  1 done  0 failed
  114350693 buildArch (jakarta-el-4.0.0-14.fc40.src.rpm, noarch): free
  114350693 buildArch (jakarta-el-4.0.0-14.fc40.src.rpm, noarch): free -> assigned
  114350693 buildArch (jakarta-el-4.0.0-14.fc40.src.rpm, noarch): assigned -> open (buildvm-x86-07.iad2.fedoraproject.org)
  114350693 buildArch (jakarta-el-4.0.0-14.fc40.src.rpm, noarch): open (buildvm-x86-07.iad2.fedoraproject.org) -> closed
  0 free  1 open  2 done  0 failed
  114350798 tagBuild (noarch): free
  114350798 tagBuild (noarch): free -> closed
  0 free  1 open  3 done  0 failed
114350651 build (f40-build-side-84857, /rpms/jakarta-el.git:a8cfd760d775112ed53848b4813c093f2e125cf6): open (buildvm-s390x-04.s390.fedoraproject.org) -> closed
  0 free  0 open  4 done  0 failed

114350651 build (f40-build-side-84857, /rpms/jakarta-el.git:a8cfd760d775112ed53848b4813c093f2e125cf6) completed successfully
