Cloning into 'jakarta-annotations'...
[f40 ec13b95] Rebuilt for java-21-openjdk as system jdk
 1 file changed, 4 insertions(+), 1 deletion(-)
Found a gating.yaml file in the repo and it is properly configured
Building jakarta-annotations-1.3.5-22.fc40 for f40-build-side-84857
Created task: 114350623
Task info: https://koji.fedoraproject.org/koji/taskinfo?taskID=114350623
Watching tasks (this may be safely interrupted)...
114350623 build (f40-build-side-84857, /rpms/jakarta-annotations.git:ec13b95eb94ee1325be8bf7cc48eb50da6969a07): free
114350623 build (f40-build-side-84857, /rpms/jakarta-annotations.git:ec13b95eb94ee1325be8bf7cc48eb50da6969a07): free -> assigned
114350623 build (f40-build-side-84857, /rpms/jakarta-annotations.git:ec13b95eb94ee1325be8bf7cc48eb50da6969a07): assigned -> open (buildvm-a64-22.iad2.fedoraproject.org)
  114350648 buildSRPMFromSCM (/rpms/jakarta-annotations.git:ec13b95eb94ee1325be8bf7cc48eb50da6969a07): free
  114350648 buildSRPMFromSCM (/rpms/jakarta-annotations.git:ec13b95eb94ee1325be8bf7cc48eb50da6969a07): free -> assigned
  114350648 buildSRPMFromSCM (/rpms/jakarta-annotations.git:ec13b95eb94ee1325be8bf7cc48eb50da6969a07): assigned -> open (buildvm-a64-33.iad2.fedoraproject.org)
  114350648 buildSRPMFromSCM (/rpms/jakarta-annotations.git:ec13b95eb94ee1325be8bf7cc48eb50da6969a07): open (buildvm-a64-33.iad2.fedoraproject.org) -> closed
  0 free  1 open  1 done  0 failed
  114350682 buildArch (jakarta-annotations-1.3.5-22.fc40.src.rpm, noarch): free
  114350682 buildArch (jakarta-annotations-1.3.5-22.fc40.src.rpm, noarch): free -> assigned
  114350682 buildArch (jakarta-annotations-1.3.5-22.fc40.src.rpm, noarch): assigned -> open (buildvm-s390x-09.s390.fedoraproject.org)
  114350682 buildArch (jakarta-annotations-1.3.5-22.fc40.src.rpm, noarch): open (buildvm-s390x-09.s390.fedoraproject.org) -> closed
  0 free  1 open  2 done  0 failed
  114350737 tagBuild (noarch): free
  114350737 tagBuild (noarch): free -> assigned
  114350737 tagBuild (noarch): assigned -> closed
  0 free  1 open  3 done  0 failed
114350623 build (f40-build-side-84857, /rpms/jakarta-annotations.git:ec13b95eb94ee1325be8bf7cc48eb50da6969a07): open (buildvm-a64-22.iad2.fedoraproject.org) -> closed
  0 free  0 open  4 done  0 failed

114350623 build (f40-build-side-84857, /rpms/jakarta-annotations.git:ec13b95eb94ee1325be8bf7cc48eb50da6969a07) completed successfully
