Cloning into 'jakarta-interceptors'...
[f40 da65626] Rebuilt for java-21-openjdk as system jdk
 1 file changed, 4 insertions(+), 1 deletion(-)
Building jakarta-interceptors-2.0.0-12.fc40 for f40-build-side-84857
Created task: 114350663
Task info: https://koji.fedoraproject.org/koji/taskinfo?taskID=114350663
Watching tasks (this may be safely interrupted)...
114350663 build (f40-build-side-84857, /rpms/jakarta-interceptors.git:da65626a280c1541aa02e083745228d501a33fc1): free
114350663 build (f40-build-side-84857, /rpms/jakarta-interceptors.git:da65626a280c1541aa02e083745228d501a33fc1): free -> assigned
114350663 build (f40-build-side-84857, /rpms/jakarta-interceptors.git:da65626a280c1541aa02e083745228d501a33fc1): assigned -> open (buildvm-a64-23.iad2.fedoraproject.org)
  114350685 buildSRPMFromSCM (/rpms/jakarta-interceptors.git:da65626a280c1541aa02e083745228d501a33fc1): free
  114350685 buildSRPMFromSCM (/rpms/jakarta-interceptors.git:da65626a280c1541aa02e083745228d501a33fc1): free -> assigned
  114350685 buildSRPMFromSCM (/rpms/jakarta-interceptors.git:da65626a280c1541aa02e083745228d501a33fc1): assigned -> open (buildvm-a64-05.iad2.fedoraproject.org)
  114350685 buildSRPMFromSCM (/rpms/jakarta-interceptors.git:da65626a280c1541aa02e083745228d501a33fc1): open (buildvm-a64-05.iad2.fedoraproject.org) -> closed
  0 free  1 open  1 done  0 failed
  114350719 buildArch (jakarta-interceptors-2.0.0-12.fc40.src.rpm, noarch): free
  114350719 buildArch (jakarta-interceptors-2.0.0-12.fc40.src.rpm, noarch): free -> assigned
  114350719 buildArch (jakarta-interceptors-2.0.0-12.fc40.src.rpm, noarch): assigned -> open (buildvm-s390x-09.s390.fedoraproject.org)
  114350719 buildArch (jakarta-interceptors-2.0.0-12.fc40.src.rpm, noarch): open (buildvm-s390x-09.s390.fedoraproject.org) -> closed
  0 free  1 open  2 done  0 failed
  114350828 tagBuild (noarch): free
  114350828 tagBuild (noarch): free -> assigned
  114350828 tagBuild (noarch): assigned -> closed
  0 free  1 open  3 done  0 failed
114350663 build (f40-build-side-84857, /rpms/jakarta-interceptors.git:da65626a280c1541aa02e083745228d501a33fc1): open (buildvm-a64-23.iad2.fedoraproject.org) -> closed
  0 free  0 open  4 done  0 failed

114350663 build (f40-build-side-84857, /rpms/jakarta-interceptors.git:da65626a280c1541aa02e083745228d501a33fc1) completed successfully
