Cloning into 'janino'...
RPMAutoSpec usage detected, not changing the spec file.
[f40 531fc66] Rebuilt for java-21-openjdk as system jdk
Building janino-3.1.10-4.fc40 for f40-build-side-84857
Created task: 114350810
Task info: https://koji.fedoraproject.org/koji/taskinfo?taskID=114350810
Watching tasks (this may be safely interrupted)...
114350810 build (f40-build-side-84857, /rpms/janino.git:531fc6632dbac7d62480b44412707eea377252b7): free
114350810 build (f40-build-side-84857, /rpms/janino.git:531fc6632dbac7d62480b44412707eea377252b7): free -> assigned
114350810 build (f40-build-side-84857, /rpms/janino.git:531fc6632dbac7d62480b44412707eea377252b7): assigned -> open (buildvm-a64-31.iad2.fedoraproject.org)
  114350865 buildSRPMFromSCM (/rpms/janino.git:531fc6632dbac7d62480b44412707eea377252b7): free
  114350865 buildSRPMFromSCM (/rpms/janino.git:531fc6632dbac7d62480b44412707eea377252b7): free -> assigned
  114350865 buildSRPMFromSCM (/rpms/janino.git:531fc6632dbac7d62480b44412707eea377252b7): assigned -> open (buildvm-x86-18.iad2.fedoraproject.org)
  114350865 buildSRPMFromSCM (/rpms/janino.git:531fc6632dbac7d62480b44412707eea377252b7): open (buildvm-x86-18.iad2.fedoraproject.org) -> closed
  0 free  1 open  1 done  0 failed
  114351124 buildArch (janino-3.1.10-4.fc40.src.rpm, noarch): free
  114351124 buildArch (janino-3.1.10-4.fc40.src.rpm, noarch): free -> assigned
  114351124 buildArch (janino-3.1.10-4.fc40.src.rpm, noarch): assigned -> open (buildvm-a64-12.iad2.fedoraproject.org)
  114351124 buildArch (janino-3.1.10-4.fc40.src.rpm, noarch): open (buildvm-a64-12.iad2.fedoraproject.org) -> FAILED: BuildError: error building package (arch noarch), mock exited with status 1; see build.log or root.log for more information
  Relevant logs:
  https://kojipkgs.fedoraproject.org/work/tasks/1124/114351124/state.log
  https://kojipkgs.fedoraproject.org/work/tasks/1124/114351124/build.log
  https://kojipkgs.fedoraproject.org/work/tasks/1124/114351124/root.log
  https://kojipkgs.fedoraproject.org/work/tasks/1124/114351124/mock_output.log
  https://kojipkgs.fedoraproject.org/work/tasks/1124/114351124/hw_info.log
  0 free  1 open  1 done  1 failed
114350810 build (f40-build-side-84857, /rpms/janino.git:531fc6632dbac7d62480b44412707eea377252b7): open (buildvm-a64-31.iad2.fedoraproject.org) -> FAILED: BuildError: error building package (arch noarch), mock exited with status 1; see build.log or root.log for more information
  0 free  0 open  1 done  2 failed

114350810 build (f40-build-side-84857, /rpms/janino.git:531fc6632dbac7d62480b44412707eea377252b7) failed
