Cloning into 'java-jd-decompiler'...
[f40 eb46d7b] Rebuilt for java-21-openjdk as system jdk
 1 file changed, 4 insertions(+), 1 deletion(-)
Building java-jd-decompiler-1.1.3-8.fc40 for f40-build-side-84857
Created task: 114351420
Task info: https://koji.fedoraproject.org/koji/taskinfo?taskID=114351420
Watching tasks (this may be safely interrupted)...
114351420 build (f40-build-side-84857, /rpms/java-jd-decompiler.git:eb46d7b606746354c2f47579ad4a4845fcc7e607): free
114351420 build (f40-build-side-84857, /rpms/java-jd-decompiler.git:eb46d7b606746354c2f47579ad4a4845fcc7e607): free -> assigned
  114351439 buildSRPMFromSCM (/rpms/java-jd-decompiler.git:eb46d7b606746354c2f47579ad4a4845fcc7e607): free
114351420 build (f40-build-side-84857, /rpms/java-jd-decompiler.git:eb46d7b606746354c2f47579ad4a4845fcc7e607): assigned -> open (buildvm-ppc64le-15.iad2.fedoraproject.org)
  114351439 buildSRPMFromSCM (/rpms/java-jd-decompiler.git:eb46d7b606746354c2f47579ad4a4845fcc7e607): free -> assigned
  114351439 buildSRPMFromSCM (/rpms/java-jd-decompiler.git:eb46d7b606746354c2f47579ad4a4845fcc7e607): assigned -> open (buildvm-a64-21.iad2.fedoraproject.org)
  114351497 buildArch (java-jd-decompiler-1.1.3-8.fc40.src.rpm, noarch): free
  114351439 buildSRPMFromSCM (/rpms/java-jd-decompiler.git:eb46d7b606746354c2f47579ad4a4845fcc7e607): open (buildvm-a64-21.iad2.fedoraproject.org) -> closed
  1 free  1 open  1 done  0 failed
  114351497 buildArch (java-jd-decompiler-1.1.3-8.fc40.src.rpm, noarch): free -> open (buildvm-s390x-09.s390.fedoraproject.org)
  114351497 buildArch (java-jd-decompiler-1.1.3-8.fc40.src.rpm, noarch): open (buildvm-s390x-09.s390.fedoraproject.org) -> closed
  0 free  1 open  2 done  0 failed
  114351584 tagBuild (noarch): free
  114351584 tagBuild (noarch): free -> assigned
  114351584 tagBuild (noarch): assigned -> closed
  0 free  1 open  3 done  0 failed
114351420 build (f40-build-side-84857, /rpms/java-jd-decompiler.git:eb46d7b606746354c2f47579ad4a4845fcc7e607): open (buildvm-ppc64le-15.iad2.fedoraproject.org) -> closed
  0 free  0 open  4 done  0 failed

114351420 build (f40-build-side-84857, /rpms/java-jd-decompiler.git:eb46d7b606746354c2f47579ad4a4845fcc7e607) completed successfully
