Cloning into 'java-dirq'...
[f40 a501d35] Rebuilt for java-21-openjdk as system jdk
 1 file changed, 4 insertions(+), 1 deletion(-)
warning: %patchN is deprecated (1 usages found), use %patch N (or %patch -P N)

Building java-dirq-1.8-24.fc40 for f40-build-side-84857
Created task: 114351368
Task info: https://koji.fedoraproject.org/koji/taskinfo?taskID=114351368
Watching tasks (this may be safely interrupted)...
114351368 build (f40-build-side-84857, /rpms/java-dirq.git:a501d35a5bae5a69b5d287cede34a9f178c1e75f): free
114351368 build (f40-build-side-84857, /rpms/java-dirq.git:a501d35a5bae5a69b5d287cede34a9f178c1e75f): free -> assigned
114351368 build (f40-build-side-84857, /rpms/java-dirq.git:a501d35a5bae5a69b5d287cede34a9f178c1e75f): assigned -> open (buildvm-ppc64le-17.iad2.fedoraproject.org)
  114351399 buildSRPMFromSCM (/rpms/java-dirq.git:a501d35a5bae5a69b5d287cede34a9f178c1e75f): free
  114351399 buildSRPMFromSCM (/rpms/java-dirq.git:a501d35a5bae5a69b5d287cede34a9f178c1e75f): free -> assigned
  114351399 buildSRPMFromSCM (/rpms/java-dirq.git:a501d35a5bae5a69b5d287cede34a9f178c1e75f): assigned -> open (buildvm-a64-33.iad2.fedoraproject.org)
  114351483 buildArch (java-dirq-1.8-24.fc40.src.rpm, noarch): free
  114351399 buildSRPMFromSCM (/rpms/java-dirq.git:a501d35a5bae5a69b5d287cede34a9f178c1e75f): open (buildvm-a64-33.iad2.fedoraproject.org) -> closed
  1 free  1 open  1 done  0 failed
  114351483 buildArch (java-dirq-1.8-24.fc40.src.rpm, noarch): free -> open (buildvm-x86-18.iad2.fedoraproject.org)
  114351483 buildArch (java-dirq-1.8-24.fc40.src.rpm, noarch): open (buildvm-x86-18.iad2.fedoraproject.org) -> FAILED: BuildError: error building package (arch noarch), mock exited with status 1; see build.log or root.log for more information
  Relevant logs:
  https://kojipkgs.fedoraproject.org/work/tasks/1483/114351483/state.log
  https://kojipkgs.fedoraproject.org/work/tasks/1483/114351483/build.log
  https://kojipkgs.fedoraproject.org/work/tasks/1483/114351483/root.log
  https://kojipkgs.fedoraproject.org/work/tasks/1483/114351483/mock_output.log
  https://kojipkgs.fedoraproject.org/work/tasks/1483/114351483/hw_info.log
  0 free  1 open  1 done  1 failed
114351368 build (f40-build-side-84857, /rpms/java-dirq.git:a501d35a5bae5a69b5d287cede34a9f178c1e75f): open (buildvm-ppc64le-17.iad2.fedoraproject.org) -> FAILED: BuildError: error building package (arch noarch), mock exited with status 1; see build.log or root.log for more information
  0 free  0 open  1 done  2 failed

114351368 build (f40-build-side-84857, /rpms/java-dirq.git:a501d35a5bae5a69b5d287cede34a9f178c1e75f) failed
