Cloning into 'java-1.8.0-openjdk'...
[f40 54c26d1] Rebuilt for java-21-openjdk as system jdk
 1 file changed, 4 insertions(+), 1 deletion(-)
Building java-1.8.0-openjdk-1.8.0.402.b06-1.fc40.1 for f40-build-side-84857
Created task: 114351133
Task info: https://koji.fedoraproject.org/koji/taskinfo?taskID=114351133
Watching tasks (this may be safely interrupted)...
114351133 build (f40-build-side-84857, /rpms/java-1.8.0-openjdk.git:54c26d181da420fc1153e19629f33604dc0e5551): free
114351133 build (f40-build-side-84857, /rpms/java-1.8.0-openjdk.git:54c26d181da420fc1153e19629f33604dc0e5551): free -> assigned
114351133 build (f40-build-side-84857, /rpms/java-1.8.0-openjdk.git:54c26d181da420fc1153e19629f33604dc0e5551): assigned -> open (buildvm-s390x-09.s390.fedoraproject.org)
  114351159 buildSRPMFromSCM (/rpms/java-1.8.0-openjdk.git:54c26d181da420fc1153e19629f33604dc0e5551): free
  114351159 buildSRPMFromSCM (/rpms/java-1.8.0-openjdk.git:54c26d181da420fc1153e19629f33604dc0e5551): free -> assigned
  114351159 buildSRPMFromSCM (/rpms/java-1.8.0-openjdk.git:54c26d181da420fc1153e19629f33604dc0e5551): assigned -> open (buildvm-a64-27.iad2.fedoraproject.org)
  114351159 buildSRPMFromSCM (/rpms/java-1.8.0-openjdk.git:54c26d181da420fc1153e19629f33604dc0e5551): open (buildvm-a64-27.iad2.fedoraproject.org) -> closed
  0 free  1 open  1 done  0 failed
  114351403 buildArch (java-1.8.0-openjdk-1.8.0.402.b06-1.fc40.1.src.rpm, x86_64): free
  114351404 buildArch (java-1.8.0-openjdk-1.8.0.402.b06-1.fc40.1.src.rpm, aarch64): free
  114351405 buildArch (java-1.8.0-openjdk-1.8.0.402.b06-1.fc40.1.src.rpm, ppc64le): free
  114351406 buildArch (java-1.8.0-openjdk-1.8.0.402.b06-1.fc40.1.src.rpm, s390x): free
  114351403 buildArch (java-1.8.0-openjdk-1.8.0.402.b06-1.fc40.1.src.rpm, x86_64): free -> open (buildvm-x86-20.iad2.fedoraproject.org)
  114351404 buildArch (java-1.8.0-openjdk-1.8.0.402.b06-1.fc40.1.src.rpm, aarch64): free -> assigned
  114351405 buildArch (java-1.8.0-openjdk-1.8.0.402.b06-1.fc40.1.src.rpm, ppc64le): free -> open (buildvm-ppc64le-30.iad2.fedoraproject.org)
  114351406 buildArch (java-1.8.0-openjdk-1.8.0.402.b06-1.fc40.1.src.rpm, s390x): free -> assigned
  114351404 buildArch (java-1.8.0-openjdk-1.8.0.402.b06-1.fc40.1.src.rpm, aarch64): assigned -> open (buildvm-a64-18.iad2.fedoraproject.org)
  114351406 buildArch (java-1.8.0-openjdk-1.8.0.402.b06-1.fc40.1.src.rpm, s390x): assigned -> open (buildvm-s390x-08.s390.fedoraproject.org)
  114351404 buildArch (java-1.8.0-openjdk-1.8.0.402.b06-1.fc40.1.src.rpm, aarch64): open (buildvm-a64-18.iad2.fedoraproject.org) -> closed
  0 free  4 open  2 done  0 failed
  114351406 buildArch (java-1.8.0-openjdk-1.8.0.402.b06-1.fc40.1.src.rpm, s390x): open (buildvm-s390x-08.s390.fedoraproject.org) -> closed
  0 free  3 open  3 done  0 failed
  114351403 buildArch (java-1.8.0-openjdk-1.8.0.402.b06-1.fc40.1.src.rpm, x86_64): open (buildvm-x86-20.iad2.fedoraproject.org) -> closed
  0 free  2 open  4 done  0 failed
  114351405 buildArch (java-1.8.0-openjdk-1.8.0.402.b06-1.fc40.1.src.rpm, ppc64le): open (buildvm-ppc64le-30.iad2.fedoraproject.org) -> closed
  0 free  1 open  5 done  0 failed
  114352391 tagBuild (noarch): free
  114352391 tagBuild (noarch): free -> assigned
  114352391 tagBuild (noarch): assigned -> closed
  0 free  1 open  6 done  0 failed
114351133 build (f40-build-side-84857, /rpms/java-1.8.0-openjdk.git:54c26d181da420fc1153e19629f33604dc0e5551): open (buildvm-s390x-09.s390.fedoraproject.org) -> closed
  0 free  0 open  7 done  0 failed

114351133 build (f40-build-side-84857, /rpms/java-1.8.0-openjdk.git:54c26d181da420fc1153e19629f33604dc0e5551) completed successfully
