Cloning into 'jaxb-api'...
[f40 72634b3] Rebuilt for java-21-openjdk as system jdk
 1 file changed, 4 insertions(+), 1 deletion(-)
Found a gating.yaml file in the repo and it is properly configured
Building jaxb-api-4.0.1-5.fc40 for f40-build-side-84857
Created task: 114351593
Task info: https://koji.fedoraproject.org/koji/taskinfo?taskID=114351593
Watching tasks (this may be safely interrupted)...
114351593 build (f40-build-side-84857, /rpms/jaxb-api.git:72634b3790d315dd6344efa4d03c8f5a48a9614f): free
114351593 build (f40-build-side-84857, /rpms/jaxb-api.git:72634b3790d315dd6344efa4d03c8f5a48a9614f): free -> assigned
114351593 build (f40-build-side-84857, /rpms/jaxb-api.git:72634b3790d315dd6344efa4d03c8f5a48a9614f): assigned -> open (buildvm-a64-28.iad2.fedoraproject.org)
  114351608 buildSRPMFromSCM (/rpms/jaxb-api.git:72634b3790d315dd6344efa4d03c8f5a48a9614f): free
  114351608 buildSRPMFromSCM (/rpms/jaxb-api.git:72634b3790d315dd6344efa4d03c8f5a48a9614f): free -> assigned
  114351608 buildSRPMFromSCM (/rpms/jaxb-api.git:72634b3790d315dd6344efa4d03c8f5a48a9614f): assigned -> open (buildvm-a64-13.iad2.fedoraproject.org)
  114351608 buildSRPMFromSCM (/rpms/jaxb-api.git:72634b3790d315dd6344efa4d03c8f5a48a9614f): open (buildvm-a64-13.iad2.fedoraproject.org) -> closed
  0 free  1 open  1 done  0 failed
  114351844 buildArch (jaxb-api-4.0.1-5.fc40.src.rpm, noarch): free
  114351844 buildArch (jaxb-api-4.0.1-5.fc40.src.rpm, noarch): free -> assigned
  114351844 buildArch (jaxb-api-4.0.1-5.fc40.src.rpm, noarch): assigned -> open (buildvm-ppc64le-11.iad2.fedoraproject.org)
  114352056 tagBuild (noarch): free
  114351844 buildArch (jaxb-api-4.0.1-5.fc40.src.rpm, noarch): open (buildvm-ppc64le-11.iad2.fedoraproject.org) -> closed
  1 free  1 open  2 done  0 failed
  114352056 tagBuild (noarch): free -> closed
  0 free  1 open  3 done  0 failed
114351593 build (f40-build-side-84857, /rpms/jaxb-api.git:72634b3790d315dd6344efa4d03c8f5a48a9614f): open (buildvm-a64-28.iad2.fedoraproject.org) -> closed
  0 free  0 open  4 done  0 failed

114351593 build (f40-build-side-84857, /rpms/jaxb-api.git:72634b3790d315dd6344efa4d03c8f5a48a9614f) completed successfully
