Cloning into 'jaxb-dtd-parser'...
[f40 d619c28] Rebuilt for java-21-openjdk as system jdk
 1 file changed, 4 insertions(+), 1 deletion(-)
Found a gating.yaml file in the repo and it is properly configured
Building jaxb-dtd-parser-1.5.1-5.fc40 for f40-build-side-84857
Created task: 114351682
Task info: https://koji.fedoraproject.org/koji/taskinfo?taskID=114351682
Watching tasks (this may be safely interrupted)...
114351682 build (f40-build-side-84857, /rpms/jaxb-dtd-parser.git:d619c280f93207288a0fdb0a516e25abbcff8024): free
114351682 build (f40-build-side-84857, /rpms/jaxb-dtd-parser.git:d619c280f93207288a0fdb0a516e25abbcff8024): free -> assigned
114351682 build (f40-build-side-84857, /rpms/jaxb-dtd-parser.git:d619c280f93207288a0fdb0a516e25abbcff8024): assigned -> open (buildvm-ppc64le-15.iad2.fedoraproject.org)
  114351802 buildSRPMFromSCM (/rpms/jaxb-dtd-parser.git:d619c280f93207288a0fdb0a516e25abbcff8024): free
  114351802 buildSRPMFromSCM (/rpms/jaxb-dtd-parser.git:d619c280f93207288a0fdb0a516e25abbcff8024): free -> assigned
  114351802 buildSRPMFromSCM (/rpms/jaxb-dtd-parser.git:d619c280f93207288a0fdb0a516e25abbcff8024): assigned -> open (buildvm-x86-20.iad2.fedoraproject.org)
  114351802 buildSRPMFromSCM (/rpms/jaxb-dtd-parser.git:d619c280f93207288a0fdb0a516e25abbcff8024): open (buildvm-x86-20.iad2.fedoraproject.org) -> closed
  0 free  1 open  1 done  0 failed
  114352025 buildArch (jaxb-dtd-parser-1.5.1-5.fc40.src.rpm, noarch): free
  114352025 buildArch (jaxb-dtd-parser-1.5.1-5.fc40.src.rpm, noarch): free -> assigned
  114352025 buildArch (jaxb-dtd-parser-1.5.1-5.fc40.src.rpm, noarch): assigned -> open (buildvm-s390x-09.s390.fedoraproject.org)
  114352025 buildArch (jaxb-dtd-parser-1.5.1-5.fc40.src.rpm, noarch): open (buildvm-s390x-09.s390.fedoraproject.org) -> closed
  0 free  1 open  2 done  0 failed
  114352104 tagBuild (noarch): free
  114352104 tagBuild (noarch): free -> assigned
  114352104 tagBuild (noarch): assigned -> closed
  0 free  1 open  3 done  0 failed
114351682 build (f40-build-side-84857, /rpms/jaxb-dtd-parser.git:d619c280f93207288a0fdb0a516e25abbcff8024): open (buildvm-ppc64le-15.iad2.fedoraproject.org) -> closed
  0 free  0 open  4 done  0 failed

114351682 build (f40-build-side-84857, /rpms/jaxb-dtd-parser.git:d619c280f93207288a0fdb0a516e25abbcff8024) completed successfully
