Cloning into 'jaxb'...
[f40 5723f57] Rebuilt for java-21-openjdk as system jdk
 1 file changed, 4 insertions(+), 1 deletion(-)
Found a gating.yaml file in the repo and it is properly configured
Building jaxb-4.0.4-6.fc40 for f40-build-side-84857
Created task: 114351580
Task info: https://koji.fedoraproject.org/koji/taskinfo?taskID=114351580
Watching tasks (this may be safely interrupted)...
114351580 build (f40-build-side-84857, /rpms/jaxb.git:5723f57efdba296477caa1d27921f76f20a13fcc): free
114351580 build (f40-build-side-84857, /rpms/jaxb.git:5723f57efdba296477caa1d27921f76f20a13fcc): free -> assigned
114351580 build (f40-build-side-84857, /rpms/jaxb.git:5723f57efdba296477caa1d27921f76f20a13fcc): assigned -> open (buildvm-a64-25.iad2.fedoraproject.org)
  114351604 buildSRPMFromSCM (/rpms/jaxb.git:5723f57efdba296477caa1d27921f76f20a13fcc): free
  114351604 buildSRPMFromSCM (/rpms/jaxb.git:5723f57efdba296477caa1d27921f76f20a13fcc): free -> assigned
  114351604 buildSRPMFromSCM (/rpms/jaxb.git:5723f57efdba296477caa1d27921f76f20a13fcc): assigned -> open (buildvm-x86-28.iad2.fedoraproject.org)
  114351604 buildSRPMFromSCM (/rpms/jaxb.git:5723f57efdba296477caa1d27921f76f20a13fcc): open (buildvm-x86-28.iad2.fedoraproject.org) -> closed
  0 free  1 open  1 done  0 failed
  114351801 buildArch (jaxb-4.0.4-6.fc40.src.rpm, noarch): free
  114351801 buildArch (jaxb-4.0.4-6.fc40.src.rpm, noarch): free -> assigned
  114351801 buildArch (jaxb-4.0.4-6.fc40.src.rpm, noarch): assigned -> open (buildvm-x86-24.iad2.fedoraproject.org)
  114351801 buildArch (jaxb-4.0.4-6.fc40.src.rpm, noarch): open (buildvm-x86-24.iad2.fedoraproject.org) -> closed
  0 free  1 open  2 done  0 failed
  114352042 tagBuild (noarch): free
  114352042 tagBuild (noarch): free -> assigned
  114352042 tagBuild (noarch): assigned -> closed
  0 free  1 open  3 done  0 failed
114351580 build (f40-build-side-84857, /rpms/jaxb.git:5723f57efdba296477caa1d27921f76f20a13fcc): open (buildvm-a64-25.iad2.fedoraproject.org) -> closed
  0 free  0 open  4 done  0 failed

114351580 build (f40-build-side-84857, /rpms/jaxb.git:5723f57efdba296477caa1d27921f76f20a13fcc) completed successfully
