Cloning into 'jchardet'...
[f40 9e600a3] Rebuilt for java-21-openjdk as system jdk
 1 file changed, 4 insertions(+), 1 deletion(-)
Building jchardet-1.1-34.fc40 for f40-build-side-84857
Created task: 114352031
Task info: https://koji.fedoraproject.org/koji/taskinfo?taskID=114352031
Watching tasks (this may be safely interrupted)...
114352031 build (f40-build-side-84857, /rpms/jchardet.git:9e600a397026a5ac15946c4f96aa4389caf7e367): free
114352031 build (f40-build-side-84857, /rpms/jchardet.git:9e600a397026a5ac15946c4f96aa4389caf7e367): free -> assigned
114352031 build (f40-build-side-84857, /rpms/jchardet.git:9e600a397026a5ac15946c4f96aa4389caf7e367): assigned -> open (buildvm-a64-10.iad2.fedoraproject.org)
  114352058 buildSRPMFromSCM (/rpms/jchardet.git:9e600a397026a5ac15946c4f96aa4389caf7e367): free
  114352058 buildSRPMFromSCM (/rpms/jchardet.git:9e600a397026a5ac15946c4f96aa4389caf7e367): free -> assigned
  114352058 buildSRPMFromSCM (/rpms/jchardet.git:9e600a397026a5ac15946c4f96aa4389caf7e367): assigned -> open (buildvm-a64-22.iad2.fedoraproject.org)
  114352058 buildSRPMFromSCM (/rpms/jchardet.git:9e600a397026a5ac15946c4f96aa4389caf7e367): open (buildvm-a64-22.iad2.fedoraproject.org) -> closed
  0 free  1 open  1 done  0 failed
  114352132 buildArch (jchardet-1.1-34.fc40.src.rpm, noarch): free
  114352132 buildArch (jchardet-1.1-34.fc40.src.rpm, noarch): free -> assigned
  114352132 buildArch (jchardet-1.1-34.fc40.src.rpm, noarch): assigned -> open (buildvm-s390x-10.s390.fedoraproject.org)
  114352132 buildArch (jchardet-1.1-34.fc40.src.rpm, noarch): open (buildvm-s390x-10.s390.fedoraproject.org) -> closed
  0 free  1 open  2 done  0 failed
  114352173 tagBuild (noarch): free
  114352173 tagBuild (noarch): free -> assigned
  114352173 tagBuild (noarch): assigned -> closed
  0 free  1 open  3 done  0 failed
114352031 build (f40-build-side-84857, /rpms/jchardet.git:9e600a397026a5ac15946c4f96aa4389caf7e367): open (buildvm-a64-10.iad2.fedoraproject.org) -> closed
  0 free  0 open  4 done  0 failed

114352031 build (f40-build-side-84857, /rpms/jchardet.git:9e600a397026a5ac15946c4f96aa4389caf7e367) completed successfully
