Cloning into 'jcuber'...
[f40 d89d8a9] Rebuilt for java-21-openjdk as system jdk
 1 file changed, 4 insertions(+), 1 deletion(-)
Building jcuber-4.8-6.fc40 for f40-build-side-84857
Created task: 114352090
Task info: https://koji.fedoraproject.org/koji/taskinfo?taskID=114352090
Watching tasks (this may be safely interrupted)...
114352090 build (f40-build-side-84857, /rpms/jcuber.git:d89d8a9ddafa782796a733aea9ea7feb8512ecae): free
114352090 build (f40-build-side-84857, /rpms/jcuber.git:d89d8a9ddafa782796a733aea9ea7feb8512ecae): free -> assigned
114352090 build (f40-build-side-84857, /rpms/jcuber.git:d89d8a9ddafa782796a733aea9ea7feb8512ecae): assigned -> open (buildvm-ppc64le-32.iad2.fedoraproject.org)
  114352131 buildSRPMFromSCM (/rpms/jcuber.git:d89d8a9ddafa782796a733aea9ea7feb8512ecae): free
  114352131 buildSRPMFromSCM (/rpms/jcuber.git:d89d8a9ddafa782796a733aea9ea7feb8512ecae): free -> assigned
  114352131 buildSRPMFromSCM (/rpms/jcuber.git:d89d8a9ddafa782796a733aea9ea7feb8512ecae): assigned -> open (buildvm-x86-21.iad2.fedoraproject.org)
  114352131 buildSRPMFromSCM (/rpms/jcuber.git:d89d8a9ddafa782796a733aea9ea7feb8512ecae): open (buildvm-x86-21.iad2.fedoraproject.org) -> closed
  0 free  1 open  1 done  0 failed
  114352174 buildArch (jcuber-4.8-6.fc40.src.rpm, noarch): free
  114352174 buildArch (jcuber-4.8-6.fc40.src.rpm, noarch): free -> open (buildvm-x86-07.iad2.fedoraproject.org)
  114352174 buildArch (jcuber-4.8-6.fc40.src.rpm, noarch): open (buildvm-x86-07.iad2.fedoraproject.org) -> closed
  0 free  1 open  2 done  0 failed
  114352275 tagBuild (noarch): free
  114352275 tagBuild (noarch): free -> assigned
114352090 build (f40-build-side-84857, /rpms/jcuber.git:d89d8a9ddafa782796a733aea9ea7feb8512ecae): open (buildvm-ppc64le-32.iad2.fedoraproject.org) -> closed
  0 free  1 open  3 done  0 failed
  114352275 tagBuild (noarch): assigned -> closed
  0 free  0 open  4 done  0 failed

114352090 build (f40-build-side-84857, /rpms/jcuber.git:d89d8a9ddafa782796a733aea9ea7feb8512ecae) completed successfully
