Cloning into 'jericho-html'...
[f40 48e3b88] Rebuilt for java-21-openjdk as system jdk
 1 file changed, 4 insertions(+), 1 deletion(-)
Building jericho-html-3.3-30.fc40 for f40-build-side-84857
Created task: 114352186
Task info: https://koji.fedoraproject.org/koji/taskinfo?taskID=114352186
Watching tasks (this may be safely interrupted)...
114352186 build (f40-build-side-84857, /rpms/jericho-html.git:48e3b882ea5da1475feabf5c91663810599e8d4d): free
114352186 build (f40-build-side-84857, /rpms/jericho-html.git:48e3b882ea5da1475feabf5c91663810599e8d4d): free -> assigned
114352186 build (f40-build-side-84857, /rpms/jericho-html.git:48e3b882ea5da1475feabf5c91663810599e8d4d): assigned -> open (buildvm-a64-22.iad2.fedoraproject.org)
  114352205 buildSRPMFromSCM (/rpms/jericho-html.git:48e3b882ea5da1475feabf5c91663810599e8d4d): free
  114352205 buildSRPMFromSCM (/rpms/jericho-html.git:48e3b882ea5da1475feabf5c91663810599e8d4d): free -> assigned
  114352205 buildSRPMFromSCM (/rpms/jericho-html.git:48e3b882ea5da1475feabf5c91663810599e8d4d): assigned -> open (buildvm-a64-15.iad2.fedoraproject.org)
  114352301 buildArch (jericho-html-3.3-30.fc40.src.rpm, noarch): free
  114352205 buildSRPMFromSCM (/rpms/jericho-html.git:48e3b882ea5da1475feabf5c91663810599e8d4d): open (buildvm-a64-15.iad2.fedoraproject.org) -> closed
  1 free  1 open  1 done  0 failed
  114352301 buildArch (jericho-html-3.3-30.fc40.src.rpm, noarch): free -> assigned
  114352301 buildArch (jericho-html-3.3-30.fc40.src.rpm, noarch): assigned -> open (buildvm-ppc64le-22.iad2.fedoraproject.org)
  114352301 buildArch (jericho-html-3.3-30.fc40.src.rpm, noarch): open (buildvm-ppc64le-22.iad2.fedoraproject.org) -> closed
  0 free  1 open  2 done  0 failed
  114352421 tagBuild (noarch): free
  114352421 tagBuild (noarch): free -> assigned
  114352421 tagBuild (noarch): assigned -> closed
  0 free  1 open  3 done  0 failed
114352186 build (f40-build-side-84857, /rpms/jericho-html.git:48e3b882ea5da1475feabf5c91663810599e8d4d): open (buildvm-a64-22.iad2.fedoraproject.org) -> closed
  0 free  0 open  4 done  0 failed

114352186 build (f40-build-side-84857, /rpms/jericho-html.git:48e3b882ea5da1475feabf5c91663810599e8d4d) completed successfully
