Cloning into 'jgit'...
[f40 a6df3d0] Rebuilt for java-21-openjdk as system jdk
 1 file changed, 4 insertions(+), 1 deletion(-)
warning: %patchN is deprecated (1 usages found), use %patch N (or %patch -P N)

Building jgit-6.1.0-9.fc40 for f40-build-side-84857
Created task: 114352324
Task info: https://koji.fedoraproject.org/koji/taskinfo?taskID=114352324
Watching tasks (this may be safely interrupted)...
114352324 build (f40-build-side-84857, /rpms/jgit.git:a6df3d08d915ef8b01553a40e32a896f64bcf30c): free
114352324 build (f40-build-side-84857, /rpms/jgit.git:a6df3d08d915ef8b01553a40e32a896f64bcf30c): free -> open (buildvm-s390x-10.s390.fedoraproject.org)
  114352362 buildSRPMFromSCM (/rpms/jgit.git:a6df3d08d915ef8b01553a40e32a896f64bcf30c): free
  114352362 buildSRPMFromSCM (/rpms/jgit.git:a6df3d08d915ef8b01553a40e32a896f64bcf30c): free -> assigned
  114352362 buildSRPMFromSCM (/rpms/jgit.git:a6df3d08d915ef8b01553a40e32a896f64bcf30c): assigned -> open (buildvm-a64-07.iad2.fedoraproject.org)
  114352362 buildSRPMFromSCM (/rpms/jgit.git:a6df3d08d915ef8b01553a40e32a896f64bcf30c): open (buildvm-a64-07.iad2.fedoraproject.org) -> closed
  0 free  1 open  1 done  0 failed
  114352414 buildArch (jgit-6.1.0-9.fc40.src.rpm, noarch): free
  114352414 buildArch (jgit-6.1.0-9.fc40.src.rpm, noarch): free -> assigned
  114352414 buildArch (jgit-6.1.0-9.fc40.src.rpm, noarch): assigned -> open (buildvm-a64-20.iad2.fedoraproject.org)
  114352525 tagBuild (noarch): free
  114352414 buildArch (jgit-6.1.0-9.fc40.src.rpm, noarch): open (buildvm-a64-20.iad2.fedoraproject.org) -> closed
  1 free  1 open  2 done  0 failed
  114352525 tagBuild (noarch): free -> assigned
  114352525 tagBuild (noarch): assigned -> closed
  0 free  1 open  3 done  0 failed
114352324 build (f40-build-side-84857, /rpms/jgit.git:a6df3d08d915ef8b01553a40e32a896f64bcf30c): open (buildvm-s390x-10.s390.fedoraproject.org) -> closed
  0 free  0 open  4 done  0 failed

114352324 build (f40-build-side-84857, /rpms/jgit.git:a6df3d08d915ef8b01553a40e32a896f64bcf30c) completed successfully
