Cloning into 'jgoodies-looks'...
[f40 96f42d3] Rebuilt for java-21-openjdk as system jdk
 1 file changed, 4 insertions(+), 1 deletion(-)
Building jgoodies-looks-2.7.0-11.fc40 for f40-build-side-84857
Created task: 114352413
Task info: https://koji.fedoraproject.org/koji/taskinfo?taskID=114352413
Watching tasks (this may be safely interrupted)...
114352413 build (f40-build-side-84857, /rpms/jgoodies-looks.git:96f42d3409ad6c6d076e69247a318989116bbd72): free
114352413 build (f40-build-side-84857, /rpms/jgoodies-looks.git:96f42d3409ad6c6d076e69247a318989116bbd72): free -> assigned
114352413 build (f40-build-side-84857, /rpms/jgoodies-looks.git:96f42d3409ad6c6d076e69247a318989116bbd72): assigned -> open (buildvm-a64-26.iad2.fedoraproject.org)
  114352432 buildSRPMFromSCM (/rpms/jgoodies-looks.git:96f42d3409ad6c6d076e69247a318989116bbd72): free
  114352432 buildSRPMFromSCM (/rpms/jgoodies-looks.git:96f42d3409ad6c6d076e69247a318989116bbd72): free -> assigned
  114352432 buildSRPMFromSCM (/rpms/jgoodies-looks.git:96f42d3409ad6c6d076e69247a318989116bbd72): assigned -> open (buildvm-a64-08.iad2.fedoraproject.org)
  114352432 buildSRPMFromSCM (/rpms/jgoodies-looks.git:96f42d3409ad6c6d076e69247a318989116bbd72): open (buildvm-a64-08.iad2.fedoraproject.org) -> closed
  0 free  1 open  1 done  0 failed
  114352510 buildArch (jgoodies-looks-2.7.0-11.fc40.src.rpm, noarch): free
  114352510 buildArch (jgoodies-looks-2.7.0-11.fc40.src.rpm, noarch): free -> assigned
  114352510 buildArch (jgoodies-looks-2.7.0-11.fc40.src.rpm, noarch): assigned -> open (buildvm-a64-05.iad2.fedoraproject.org)
  114352510 buildArch (jgoodies-looks-2.7.0-11.fc40.src.rpm, noarch): open (buildvm-a64-05.iad2.fedoraproject.org) -> closed
  0 free  1 open  2 done  0 failed
  114352622 tagBuild (noarch): free
  114352622 tagBuild (noarch): free -> assigned
  114352622 tagBuild (noarch): assigned -> closed
  0 free  1 open  3 done  0 failed
114352413 build (f40-build-side-84857, /rpms/jgoodies-looks.git:96f42d3409ad6c6d076e69247a318989116bbd72): open (buildvm-a64-26.iad2.fedoraproject.org) -> closed
  0 free  0 open  4 done  0 failed

114352413 build (f40-build-side-84857, /rpms/jgoodies-looks.git:96f42d3409ad6c6d076e69247a318989116bbd72) completed successfully
