Cloning into 'jline'...
[f40 0e64b98] Rebuilt for java-21-openjdk as system jdk
 1 file changed, 4 insertions(+), 1 deletion(-)
Building jline-3.23.0-5.fc40 for f40-build-side-84857
Created task: 114352438
Task info: https://koji.fedoraproject.org/koji/taskinfo?taskID=114352438
Watching tasks (this may be safely interrupted)...
114352438 build (f40-build-side-84857, /rpms/jline.git:0e64b98078a0a8e73483f2a2e92072ff0d0d4c5f): free
114352438 build (f40-build-side-84857, /rpms/jline.git:0e64b98078a0a8e73483f2a2e92072ff0d0d4c5f): free -> assigned
114352438 build (f40-build-side-84857, /rpms/jline.git:0e64b98078a0a8e73483f2a2e92072ff0d0d4c5f): assigned -> open (buildhw-x86-16.iad2.fedoraproject.org)
  114352472 buildSRPMFromSCM (/rpms/jline.git:0e64b98078a0a8e73483f2a2e92072ff0d0d4c5f): free
  114352472 buildSRPMFromSCM (/rpms/jline.git:0e64b98078a0a8e73483f2a2e92072ff0d0d4c5f): free -> open (buildvm-a64-21.iad2.fedoraproject.org)
  114352472 buildSRPMFromSCM (/rpms/jline.git:0e64b98078a0a8e73483f2a2e92072ff0d0d4c5f): open (buildvm-a64-21.iad2.fedoraproject.org) -> closed
  0 free  1 open  1 done  0 failed
  114352536 buildArch (jline-3.23.0-5.fc40.src.rpm, x86_64): free
  114352537 buildArch (jline-3.23.0-5.fc40.src.rpm, aarch64): free
  114352538 buildArch (jline-3.23.0-5.fc40.src.rpm, ppc64le): free
  114352539 buildArch (jline-3.23.0-5.fc40.src.rpm, s390x): free
  114352536 buildArch (jline-3.23.0-5.fc40.src.rpm, x86_64): free -> open (buildhw-x86-11.iad2.fedoraproject.org)
  114352537 buildArch (jline-3.23.0-5.fc40.src.rpm, aarch64): free -> open (buildhw-a64-21.iad2.fedoraproject.org)
  114352538 buildArch (jline-3.23.0-5.fc40.src.rpm, ppc64le): free -> assigned
  114352539 buildArch (jline-3.23.0-5.fc40.src.rpm, s390x): free -> assigned
  114352538 buildArch (jline-3.23.0-5.fc40.src.rpm, ppc64le): assigned -> open (buildvm-ppc64le-02.iad2.fedoraproject.org)
  114352539 buildArch (jline-3.23.0-5.fc40.src.rpm, s390x): assigned -> open (buildvm-s390x-09.s390.fedoraproject.org)
  114352539 buildArch (jline-3.23.0-5.fc40.src.rpm, s390x): open (buildvm-s390x-09.s390.fedoraproject.org) -> FAILED: BuildError: error building package (arch s390x), mock exited with status 1; see build.log or root.log for more information
  Relevant logs:
  https://kojipkgs.fedoraproject.org/work/tasks/2539/114352539/state.log
  https://kojipkgs.fedoraproject.org/work/tasks/2539/114352539/build.log
  https://kojipkgs.fedoraproject.org/work/tasks/2539/114352539/root.log
  https://kojipkgs.fedoraproject.org/work/tasks/2539/114352539/mock_output.log
  https://kojipkgs.fedoraproject.org/work/tasks/2539/114352539/hw_info.log
  0 free  4 open  1 done  1 failed
114352438 build (f40-build-side-84857, /rpms/jline.git:0e64b98078a0a8e73483f2a2e92072ff0d0d4c5f): open (buildhw-x86-16.iad2.fedoraproject.org) -> FAILED: BuildError: error building package (arch s390x), mock exited with status 1; see build.log or root.log for more information
  0 free  3 open  1 done  2 failed
  114352536 buildArch (jline-3.23.0-5.fc40.src.rpm, x86_64): open (buildhw-x86-11.iad2.fedoraproject.org) -> canceled
  0 free  2 open  2 done  2 failed
  114352537 buildArch (jline-3.23.0-5.fc40.src.rpm, aarch64): open (buildhw-a64-21.iad2.fedoraproject.org) -> canceled
  0 free  1 open  3 done  2 failed
  114352538 buildArch (jline-3.23.0-5.fc40.src.rpm, ppc64le): open (buildvm-ppc64le-02.iad2.fedoraproject.org) -> canceled
  0 free  0 open  4 done  2 failed

114352438 build (f40-build-side-84857, /rpms/jline.git:0e64b98078a0a8e73483f2a2e92072ff0d0d4c5f) failed
