Cloning into 'jss'...
[f40 dea6fb8] Rebuilt for java-21-openjdk as system jdk
 1 file changed, 4 insertions(+), 1 deletion(-)
Building jss-5.5.0-1.fc40.1 for f40-build-side-84857
Created task: 114352719
Task info: https://koji.fedoraproject.org/koji/taskinfo?taskID=114352719
Watching tasks (this may be safely interrupted)...
114352719 build (f40-build-side-84857, /rpms/jss.git:dea6fb86d3e65916f8d53d851a72cd055b4f350a): free
114352719 build (f40-build-side-84857, /rpms/jss.git:dea6fb86d3e65916f8d53d851a72cd055b4f350a): free -> assigned
114352719 build (f40-build-side-84857, /rpms/jss.git:dea6fb86d3e65916f8d53d851a72cd055b4f350a): assigned -> open (buildvm-a64-14.iad2.fedoraproject.org)
  114352741 buildSRPMFromSCM (/rpms/jss.git:dea6fb86d3e65916f8d53d851a72cd055b4f350a): free
  114352741 buildSRPMFromSCM (/rpms/jss.git:dea6fb86d3e65916f8d53d851a72cd055b4f350a): free -> assigned
  114352741 buildSRPMFromSCM (/rpms/jss.git:dea6fb86d3e65916f8d53d851a72cd055b4f350a): assigned -> open (buildvm-a64-27.iad2.fedoraproject.org)
  114352741 buildSRPMFromSCM (/rpms/jss.git:dea6fb86d3e65916f8d53d851a72cd055b4f350a): open (buildvm-a64-27.iad2.fedoraproject.org) -> closed
  0 free  1 open  1 done  0 failed
  114352812 buildArch (jss-5.5.0-1.fc40.1.src.rpm, ppc64le): free
  114352813 buildArch (jss-5.5.0-1.fc40.1.src.rpm, s390x): free
  114352810 buildArch (jss-5.5.0-1.fc40.1.src.rpm, x86_64): free
  114352811 buildArch (jss-5.5.0-1.fc40.1.src.rpm, aarch64): free
  114352812 buildArch (jss-5.5.0-1.fc40.1.src.rpm, ppc64le): free -> open (buildvm-ppc64le-02.iad2.fedoraproject.org)
  114352813 buildArch (jss-5.5.0-1.fc40.1.src.rpm, s390x): free -> open (buildvm-s390x-10.s390.fedoraproject.org)
  114352810 buildArch (jss-5.5.0-1.fc40.1.src.rpm, x86_64): free -> open (buildvm-x86-19.iad2.fedoraproject.org)
  114352811 buildArch (jss-5.5.0-1.fc40.1.src.rpm, aarch64): free -> open (buildvm-a64-23.iad2.fedoraproject.org)
  114352810 buildArch (jss-5.5.0-1.fc40.1.src.rpm, x86_64): open (buildvm-x86-19.iad2.fedoraproject.org) -> closed
  0 free  4 open  2 done  0 failed
  114352811 buildArch (jss-5.5.0-1.fc40.1.src.rpm, aarch64): open (buildvm-a64-23.iad2.fedoraproject.org) -> closed
  0 free  3 open  3 done  0 failed
  114352812 buildArch (jss-5.5.0-1.fc40.1.src.rpm, ppc64le): open (buildvm-ppc64le-02.iad2.fedoraproject.org) -> closed
  0 free  2 open  4 done  0 failed
  114352813 buildArch (jss-5.5.0-1.fc40.1.src.rpm, s390x): open (buildvm-s390x-10.s390.fedoraproject.org) -> closed
  0 free  1 open  5 done  0 failed
  114353041 tagBuild (noarch): free
  114353041 tagBuild (noarch): free -> assigned
  114353041 tagBuild (noarch): assigned -> open (buildvm-ppc64le-14.iad2.fedoraproject.org)
  114353041 tagBuild (noarch): open (buildvm-ppc64le-14.iad2.fedoraproject.org) -> closed
  0 free  1 open  6 done  0 failed
114352719 build (f40-build-side-84857, /rpms/jss.git:dea6fb86d3e65916f8d53d851a72cd055b4f350a): open (buildvm-a64-14.iad2.fedoraproject.org) -> closed
  0 free  0 open  7 done  0 failed

114352719 build (f40-build-side-84857, /rpms/jss.git:dea6fb86d3e65916f8d53d851a72cd055b4f350a) completed successfully
