Cloning into 'junit'...
[f40 49d3406] Rebuilt for java-21-openjdk as system jdk
 1 file changed, 4 insertions(+), 1 deletion(-)
Found a gating.yaml file in the repo and it is properly configured
Building junit-4.13.2-6.fc40 for f40-build-side-84857
Created task: 114352786
Task info: https://koji.fedoraproject.org/koji/taskinfo?taskID=114352786
Watching tasks (this may be safely interrupted)...
114352786 build (f40-build-side-84857, /rpms/junit.git:49d340650127f967a8902fbfda09b5ae7fa7eb66): free
114352786 build (f40-build-side-84857, /rpms/junit.git:49d340650127f967a8902fbfda09b5ae7fa7eb66): free -> assigned
114352786 build (f40-build-side-84857, /rpms/junit.git:49d340650127f967a8902fbfda09b5ae7fa7eb66): assigned -> open (buildvm-s390x-01.s390.fedoraproject.org)
  114352817 buildSRPMFromSCM (/rpms/junit.git:49d340650127f967a8902fbfda09b5ae7fa7eb66): free
  114352817 buildSRPMFromSCM (/rpms/junit.git:49d340650127f967a8902fbfda09b5ae7fa7eb66): free -> open (buildvm-a64-28.iad2.fedoraproject.org)
  114352817 buildSRPMFromSCM (/rpms/junit.git:49d340650127f967a8902fbfda09b5ae7fa7eb66): open (buildvm-a64-28.iad2.fedoraproject.org) -> closed
  0 free  1 open  1 done  0 failed
  114352915 buildArch (junit-4.13.2-6.fc40.src.rpm, noarch): free
  114352915 buildArch (junit-4.13.2-6.fc40.src.rpm, noarch): free -> open (buildvm-s390x-05.s390.fedoraproject.org)
  114352915 buildArch (junit-4.13.2-6.fc40.src.rpm, noarch): open (buildvm-s390x-05.s390.fedoraproject.org) -> closed
  0 free  1 open  2 done  0 failed
  114352999 tagBuild (noarch): free
  114352999 tagBuild (noarch): free -> closed
  0 free  1 open  3 done  0 failed
114352786 build (f40-build-side-84857, /rpms/junit.git:49d340650127f967a8902fbfda09b5ae7fa7eb66): open (buildvm-s390x-01.s390.fedoraproject.org) -> closed
  0 free  0 open  4 done  0 failed

114352786 build (f40-build-side-84857, /rpms/junit.git:49d340650127f967a8902fbfda09b5ae7fa7eb66) completed successfully
