Cloning into 'libfonts'...
[f40 b05f7f4] Rebuilt for java-21-openjdk as system jdk
 1 file changed, 4 insertions(+), 1 deletion(-)
warning: %patchN is deprecated (4 usages found), use %patch N (or %patch -P N)

Building libfonts-1.1.3-46.fc40 for f40-build-side-84857
Created task: 114353026
Task info: https://koji.fedoraproject.org/koji/taskinfo?taskID=114353026
Watching tasks (this may be safely interrupted)...
114353026 build (f40-build-side-84857, /rpms/libfonts.git:b05f7f459b609f6a8f8f80e46c01e596f2fa1baa): free
114353026 build (f40-build-side-84857, /rpms/libfonts.git:b05f7f459b609f6a8f8f80e46c01e596f2fa1baa): free -> open (buildvm-a64-26.iad2.fedoraproject.org)
  114353028 buildSRPMFromSCM (/rpms/libfonts.git:b05f7f459b609f6a8f8f80e46c01e596f2fa1baa): free
  114353028 buildSRPMFromSCM (/rpms/libfonts.git:b05f7f459b609f6a8f8f80e46c01e596f2fa1baa): free -> assigned
  114353028 buildSRPMFromSCM (/rpms/libfonts.git:b05f7f459b609f6a8f8f80e46c01e596f2fa1baa): assigned -> open (buildvm-x86-23.iad2.fedoraproject.org)
  114353028 buildSRPMFromSCM (/rpms/libfonts.git:b05f7f459b609f6a8f8f80e46c01e596f2fa1baa): open (buildvm-x86-23.iad2.fedoraproject.org) -> closed
  0 free  1 open  1 done  0 failed
  114353083 buildArch (libfonts-1.1.3-46.fc40.src.rpm, noarch): free
  114353083 buildArch (libfonts-1.1.3-46.fc40.src.rpm, noarch): free -> open (buildvm-a64-24.iad2.fedoraproject.org)
  114353083 buildArch (libfonts-1.1.3-46.fc40.src.rpm, noarch): open (buildvm-a64-24.iad2.fedoraproject.org) -> closed
  0 free  1 open  2 done  0 failed
  114353181 tagBuild (noarch): free
  114353181 tagBuild (noarch): free -> assigned
  114353181 tagBuild (noarch): assigned -> closed
  0 free  1 open  3 done  0 failed
114353026 build (f40-build-side-84857, /rpms/libfonts.git:b05f7f459b609f6a8f8f80e46c01e596f2fa1baa): open (buildvm-a64-26.iad2.fedoraproject.org) -> closed
  0 free  0 open  4 done  0 failed

114353026 build (f40-build-side-84857, /rpms/libfonts.git:b05f7f459b609f6a8f8f80e46c01e596f2fa1baa) completed successfully
