Cloning into 'libserializer'...
[f40 cf3b7c7] Rebuilt for java-21-openjdk as system jdk
 1 file changed, 4 insertions(+), 1 deletion(-)
warning: %patchN is deprecated (4 usages found), use %patch N (or %patch -P N)

Building libserializer-1.1.2-42.fc40 for f40-build-side-84857
Created task: 114353116
Task info: https://koji.fedoraproject.org/koji/taskinfo?taskID=114353116
Watching tasks (this may be safely interrupted)...
114353116 build (f40-build-side-84857, /rpms/libserializer.git:cf3b7c7f0b38b614109c86698976eaac9c7fb4f3): free
114353116 build (f40-build-side-84857, /rpms/libserializer.git:cf3b7c7f0b38b614109c86698976eaac9c7fb4f3): free -> assigned
114353116 build (f40-build-side-84857, /rpms/libserializer.git:cf3b7c7f0b38b614109c86698976eaac9c7fb4f3): assigned -> open (buildvm-ppc64le-15.iad2.fedoraproject.org)
  114353139 buildSRPMFromSCM (/rpms/libserializer.git:cf3b7c7f0b38b614109c86698976eaac9c7fb4f3): free
  114353139 buildSRPMFromSCM (/rpms/libserializer.git:cf3b7c7f0b38b614109c86698976eaac9c7fb4f3): free -> assigned
  114353139 buildSRPMFromSCM (/rpms/libserializer.git:cf3b7c7f0b38b614109c86698976eaac9c7fb4f3): assigned -> open (buildvm-x86-29.iad2.fedoraproject.org)
  114353139 buildSRPMFromSCM (/rpms/libserializer.git:cf3b7c7f0b38b614109c86698976eaac9c7fb4f3): open (buildvm-x86-29.iad2.fedoraproject.org) -> closed
  0 free  1 open  1 done  0 failed
  114353250 buildArch (libserializer-1.1.2-42.fc40.src.rpm, noarch): free
  114353250 buildArch (libserializer-1.1.2-42.fc40.src.rpm, noarch): free -> assigned
  114353250 buildArch (libserializer-1.1.2-42.fc40.src.rpm, noarch): assigned -> open (buildhw-x86-16.iad2.fedoraproject.org)
  114353250 buildArch (libserializer-1.1.2-42.fc40.src.rpm, noarch): open (buildhw-x86-16.iad2.fedoraproject.org) -> closed
  0 free  1 open  2 done  0 failed
  114353325 tagBuild (noarch): free
114353116 build (f40-build-side-84857, /rpms/libserializer.git:cf3b7c7f0b38b614109c86698976eaac9c7fb4f3): open (buildvm-ppc64le-15.iad2.fedoraproject.org) -> closed
  1 free  0 open  3 done  0 failed
  114353325 tagBuild (noarch): free -> closed
  0 free  0 open  4 done  0 failed

114353116 build (f40-build-side-84857, /rpms/libserializer.git:cf3b7c7f0b38b614109c86698976eaac9c7fb4f3) completed successfully
