Cloning into 'Mars'...
[f40 cb90f7d] Rebuilt for java-21-openjdk as system jdk
 1 file changed, 4 insertions(+), 1 deletion(-)
Building Mars-4.5-26.fc40 for f40-build-side-84857
Created task: 114353276
Task info: https://koji.fedoraproject.org/koji/taskinfo?taskID=114353276
Watching tasks (this may be safely interrupted)...
114353276 build (f40-build-side-84857, /rpms/Mars.git:cb90f7da92e663b2358d1aa1771058707c47bac6): free
114353276 build (f40-build-side-84857, /rpms/Mars.git:cb90f7da92e663b2358d1aa1771058707c47bac6): free -> assigned
114353276 build (f40-build-side-84857, /rpms/Mars.git:cb90f7da92e663b2358d1aa1771058707c47bac6): assigned -> open (buildvm-a64-28.iad2.fedoraproject.org)
  114353286 buildSRPMFromSCM (/rpms/Mars.git:cb90f7da92e663b2358d1aa1771058707c47bac6): free
  114353286 buildSRPMFromSCM (/rpms/Mars.git:cb90f7da92e663b2358d1aa1771058707c47bac6): free -> assigned
  114353286 buildSRPMFromSCM (/rpms/Mars.git:cb90f7da92e663b2358d1aa1771058707c47bac6): assigned -> open (buildvm-a64-07.iad2.fedoraproject.org)
  114353286 buildSRPMFromSCM (/rpms/Mars.git:cb90f7da92e663b2358d1aa1771058707c47bac6): open (buildvm-a64-07.iad2.fedoraproject.org) -> closed
  0 free  1 open  1 done  0 failed
  114353332 buildArch (Mars-4.5-26.fc40.src.rpm, noarch): free
  114353332 buildArch (Mars-4.5-26.fc40.src.rpm, noarch): free -> assigned
  114353332 buildArch (Mars-4.5-26.fc40.src.rpm, noarch): assigned -> open (buildhw-a64-20.iad2.fedoraproject.org)
  114353439 tagBuild (noarch): free
  114353332 buildArch (Mars-4.5-26.fc40.src.rpm, noarch): open (buildhw-a64-20.iad2.fedoraproject.org) -> closed
  1 free  1 open  2 done  0 failed
114353276 build (f40-build-side-84857, /rpms/Mars.git:cb90f7da92e663b2358d1aa1771058707c47bac6): open (buildvm-a64-28.iad2.fedoraproject.org) -> closed
  1 free  0 open  3 done  0 failed
  114353439 tagBuild (noarch): free -> closed
  0 free  0 open  4 done  0 failed

114353276 build (f40-build-side-84857, /rpms/Mars.git:cb90f7da92e663b2358d1aa1771058707c47bac6) completed successfully
