Cloning into 'maven-enforcer'...
[f40 ca97729] Rebuilt for java-21-openjdk as system jdk
 1 file changed, 4 insertions(+), 1 deletion(-)
Found a gating.yaml file in the repo and it is properly configured
Building maven-enforcer-3.4.1-3.fc40 for f40-build-side-84857
Created task: 114353658
Task info: https://koji.fedoraproject.org/koji/taskinfo?taskID=114353658
Watching tasks (this may be safely interrupted)...
114353658 build (f40-build-side-84857, /rpms/maven-enforcer.git:ca977290b5d943d63e11c17a0ecdaaebb78126d0): free
114353658 build (f40-build-side-84857, /rpms/maven-enforcer.git:ca977290b5d943d63e11c17a0ecdaaebb78126d0): free -> assigned
114353658 build (f40-build-side-84857, /rpms/maven-enforcer.git:ca977290b5d943d63e11c17a0ecdaaebb78126d0): assigned -> open (buildvm-x86-24.iad2.fedoraproject.org)
  114353678 buildSRPMFromSCM (/rpms/maven-enforcer.git:ca977290b5d943d63e11c17a0ecdaaebb78126d0): free
  114353678 buildSRPMFromSCM (/rpms/maven-enforcer.git:ca977290b5d943d63e11c17a0ecdaaebb78126d0): free -> open (buildvm-x86-20.iad2.fedoraproject.org)
  114353717 buildArch (maven-enforcer-3.4.1-3.fc40.src.rpm, noarch): open (buildvm-ppc64le-03.iad2.fedoraproject.org)
  114353678 buildSRPMFromSCM (/rpms/maven-enforcer.git:ca977290b5d943d63e11c17a0ecdaaebb78126d0): open (buildvm-x86-20.iad2.fedoraproject.org) -> closed
  0 free  2 open  1 done  0 failed
  114353717 buildArch (maven-enforcer-3.4.1-3.fc40.src.rpm, noarch): open (buildvm-ppc64le-03.iad2.fedoraproject.org) -> closed
  0 free  1 open  2 done  0 failed
  114353791 tagBuild (noarch): free
  114353791 tagBuild (noarch): free -> assigned
  114353791 tagBuild (noarch): assigned -> closed
  0 free  1 open  3 done  0 failed
114353658 build (f40-build-side-84857, /rpms/maven-enforcer.git:ca977290b5d943d63e11c17a0ecdaaebb78126d0): open (buildvm-x86-24.iad2.fedoraproject.org) -> closed
  0 free  0 open  4 done  0 failed

114353658 build (f40-build-side-84857, /rpms/maven-enforcer.git:ca977290b5d943d63e11c17a0ecdaaebb78126d0) completed successfully
