Cloning into 'maven-shared-utils'...
[f40 9cc9bc0] Rebuilt for java-21-openjdk as system jdk
 1 file changed, 4 insertions(+), 1 deletion(-)
Found a gating.yaml file in the repo and it is properly configured
Building maven-shared-utils-3.4.2-7.fc40 for f40-build-side-84857
Created task: 114354255
Task info: https://koji.fedoraproject.org/koji/taskinfo?taskID=114354255
Watching tasks (this may be safely interrupted)...
114354255 build (f40-build-side-84857, /rpms/maven-shared-utils.git:9cc9bc09a44226b633ea88edd4d028265c234ba1): free
114354255 build (f40-build-side-84857, /rpms/maven-shared-utils.git:9cc9bc09a44226b633ea88edd4d028265c234ba1): free -> assigned
114354255 build (f40-build-side-84857, /rpms/maven-shared-utils.git:9cc9bc09a44226b633ea88edd4d028265c234ba1): assigned -> open (buildvm-a64-35.iad2.fedoraproject.org)
  114354274 buildSRPMFromSCM (/rpms/maven-shared-utils.git:9cc9bc09a44226b633ea88edd4d028265c234ba1): free
  114354274 buildSRPMFromSCM (/rpms/maven-shared-utils.git:9cc9bc09a44226b633ea88edd4d028265c234ba1): free -> assigned
  114354274 buildSRPMFromSCM (/rpms/maven-shared-utils.git:9cc9bc09a44226b633ea88edd4d028265c234ba1): assigned -> open (buildvm-a64-33.iad2.fedoraproject.org)
  114354274 buildSRPMFromSCM (/rpms/maven-shared-utils.git:9cc9bc09a44226b633ea88edd4d028265c234ba1): open (buildvm-a64-33.iad2.fedoraproject.org) -> closed
  0 free  1 open  1 done  0 failed
  114354342 buildArch (maven-shared-utils-3.4.2-7.fc40.src.rpm, noarch): free
  114354342 buildArch (maven-shared-utils-3.4.2-7.fc40.src.rpm, noarch): free -> assigned
  114354342 buildArch (maven-shared-utils-3.4.2-7.fc40.src.rpm, noarch): assigned -> open (buildvm-ppc64le-22.iad2.fedoraproject.org)
  114354342 buildArch (maven-shared-utils-3.4.2-7.fc40.src.rpm, noarch): open (buildvm-ppc64le-22.iad2.fedoraproject.org) -> closed
  0 free  1 open  2 done  0 failed
  114354503 tagBuild (noarch): free
  114354503 tagBuild (noarch): free -> assigned
114354255 build (f40-build-side-84857, /rpms/maven-shared-utils.git:9cc9bc09a44226b633ea88edd4d028265c234ba1): open (buildvm-a64-35.iad2.fedoraproject.org) -> closed
  0 free  1 open  3 done  0 failed
  114354503 tagBuild (noarch): assigned -> closed
  0 free  0 open  4 done  0 failed

114354255 build (f40-build-side-84857, /rpms/maven-shared-utils.git:9cc9bc09a44226b633ea88edd4d028265c234ba1) completed successfully
