Cloning into 'maven-patch-plugin'...
[f40 938ae55] Rebuilt for java-21-openjdk as system jdk
 1 file changed, 4 insertions(+), 1 deletion(-)
Building maven-patch-plugin-1.2-27.fc40 for f40-build-side-84857
Created task: 114353896
Task info: https://koji.fedoraproject.org/koji/taskinfo?taskID=114353896
Watching tasks (this may be safely interrupted)...
114353896 build (f40-build-side-84857, /rpms/maven-patch-plugin.git:938ae55aca47606bd4325f76ae9fbda68882390f): free
114353896 build (f40-build-side-84857, /rpms/maven-patch-plugin.git:938ae55aca47606bd4325f76ae9fbda68882390f): free -> assigned
114353896 build (f40-build-side-84857, /rpms/maven-patch-plugin.git:938ae55aca47606bd4325f76ae9fbda68882390f): assigned -> open (buildhw-x86-03.iad2.fedoraproject.org)
  114353946 buildSRPMFromSCM (/rpms/maven-patch-plugin.git:938ae55aca47606bd4325f76ae9fbda68882390f): free
  114353946 buildSRPMFromSCM (/rpms/maven-patch-plugin.git:938ae55aca47606bd4325f76ae9fbda68882390f): free -> assigned
  114353946 buildSRPMFromSCM (/rpms/maven-patch-plugin.git:938ae55aca47606bd4325f76ae9fbda68882390f): assigned -> open (buildvm-a64-28.iad2.fedoraproject.org)
  114353946 buildSRPMFromSCM (/rpms/maven-patch-plugin.git:938ae55aca47606bd4325f76ae9fbda68882390f): open (buildvm-a64-28.iad2.fedoraproject.org) -> closed
  0 free  1 open  1 done  0 failed
  114354003 buildArch (maven-patch-plugin-1.2-27.fc40.src.rpm, noarch): free
  114354003 buildArch (maven-patch-plugin-1.2-27.fc40.src.rpm, noarch): free -> assigned
  114354003 buildArch (maven-patch-plugin-1.2-27.fc40.src.rpm, noarch): assigned -> open (buildhw-a64-20.iad2.fedoraproject.org)
  114354003 buildArch (maven-patch-plugin-1.2-27.fc40.src.rpm, noarch): open (buildhw-a64-20.iad2.fedoraproject.org) -> closed
  0 free  1 open  2 done  0 failed
  114354214 tagBuild (noarch): free
  114354214 tagBuild (noarch): free -> assigned
  114354214 tagBuild (noarch): assigned -> closed
  0 free  1 open  3 done  0 failed
114353896 build (f40-build-side-84857, /rpms/maven-patch-plugin.git:938ae55aca47606bd4325f76ae9fbda68882390f): open (buildhw-x86-03.iad2.fedoraproject.org) -> closed
  0 free  0 open  4 done  0 failed

114353896 build (f40-build-side-84857, /rpms/maven-patch-plugin.git:938ae55aca47606bd4325f76ae9fbda68882390f) completed successfully
