Cloning into 'maven-native'...
[f40 1d61dd9] Rebuilt for java-21-openjdk as system jdk
 1 file changed, 4 insertions(+), 1 deletion(-)
Building maven-native-1.0-0.18.alpha.11.fc40 for f40-build-side-84857
Created task: 114353803
Task info: https://koji.fedoraproject.org/koji/taskinfo?taskID=114353803
Watching tasks (this may be safely interrupted)...
114353803 build (f40-build-side-84857, /rpms/maven-native.git:1d61dd9dc27fa0278b77092bda0d2cac56e2095f): free
114353803 build (f40-build-side-84857, /rpms/maven-native.git:1d61dd9dc27fa0278b77092bda0d2cac56e2095f): free -> open (buildvm-x86-06.iad2.fedoraproject.org)
  114353819 buildSRPMFromSCM (/rpms/maven-native.git:1d61dd9dc27fa0278b77092bda0d2cac56e2095f): free
  114353819 buildSRPMFromSCM (/rpms/maven-native.git:1d61dd9dc27fa0278b77092bda0d2cac56e2095f): free -> assigned
  114353819 buildSRPMFromSCM (/rpms/maven-native.git:1d61dd9dc27fa0278b77092bda0d2cac56e2095f): assigned -> open (buildvm-x86-20.iad2.fedoraproject.org)
  114353819 buildSRPMFromSCM (/rpms/maven-native.git:1d61dd9dc27fa0278b77092bda0d2cac56e2095f): open (buildvm-x86-20.iad2.fedoraproject.org) -> closed
  0 free  1 open  1 done  0 failed
  114353953 buildArch (maven-native-1.0-0.18.alpha.11.fc40.src.rpm, noarch): free
  114353953 buildArch (maven-native-1.0-0.18.alpha.11.fc40.src.rpm, noarch): free -> assigned
  114353953 buildArch (maven-native-1.0-0.18.alpha.11.fc40.src.rpm, noarch): assigned -> open (buildvm-x86-20.iad2.fedoraproject.org)
  114353953 buildArch (maven-native-1.0-0.18.alpha.11.fc40.src.rpm, noarch): open (buildvm-x86-20.iad2.fedoraproject.org) -> closed
  0 free  1 open  2 done  0 failed
  114354012 tagBuild (noarch): free
  114354012 tagBuild (noarch): free -> assigned
  114354012 tagBuild (noarch): assigned -> closed
  0 free  1 open  3 done  0 failed
114353803 build (f40-build-side-84857, /rpms/maven-native.git:1d61dd9dc27fa0278b77092bda0d2cac56e2095f): open (buildvm-x86-06.iad2.fedoraproject.org) -> closed
  0 free  0 open  4 done  0 failed

114353803 build (f40-build-side-84857, /rpms/maven-native.git:1d61dd9dc27fa0278b77092bda0d2cac56e2095f) completed successfully
