Cloning into 'maven-resolver'...
[f40 7ea299c] Rebuilt for java-21-openjdk as system jdk
 1 file changed, 4 insertions(+), 1 deletion(-)
Found a gating.yaml file in the repo and it is properly configured
warning: %patchN is deprecated (1 usages found), use %patch N (or %patch -P N)

Building maven-resolver-1.9.18-3.fc40 for f40-build-side-84857
Created task: 114354041
Task info: https://koji.fedoraproject.org/koji/taskinfo?taskID=114354041
Watching tasks (this may be safely interrupted)...
114354041 build (f40-build-side-84857, /rpms/maven-resolver.git:7ea299cae4a2916c37ceafdffef46bb885f55d81): free
114354041 build (f40-build-side-84857, /rpms/maven-resolver.git:7ea299cae4a2916c37ceafdffef46bb885f55d81): free -> assigned
114354041 build (f40-build-side-84857, /rpms/maven-resolver.git:7ea299cae4a2916c37ceafdffef46bb885f55d81): assigned -> open (buildvm-s390x-10.s390.fedoraproject.org)
  114354042 buildSRPMFromSCM (/rpms/maven-resolver.git:7ea299cae4a2916c37ceafdffef46bb885f55d81): free
  114354042 buildSRPMFromSCM (/rpms/maven-resolver.git:7ea299cae4a2916c37ceafdffef46bb885f55d81): free -> assigned
  114354042 buildSRPMFromSCM (/rpms/maven-resolver.git:7ea299cae4a2916c37ceafdffef46bb885f55d81): assigned -> open (buildvm-x86-15.iad2.fedoraproject.org)
  114354042 buildSRPMFromSCM (/rpms/maven-resolver.git:7ea299cae4a2916c37ceafdffef46bb885f55d81): open (buildvm-x86-15.iad2.fedoraproject.org) -> closed
  0 free  1 open  1 done  0 failed
  114354277 buildArch (maven-resolver-1.9.18-3.fc40.src.rpm, noarch): free
  114354277 buildArch (maven-resolver-1.9.18-3.fc40.src.rpm, noarch): free -> assigned
  114354277 buildArch (maven-resolver-1.9.18-3.fc40.src.rpm, noarch): assigned -> open (buildvm-x86-10.iad2.fedoraproject.org)
  114354277 buildArch (maven-resolver-1.9.18-3.fc40.src.rpm, noarch): open (buildvm-x86-10.iad2.fedoraproject.org) -> closed
  0 free  1 open  2 done  0 failed
  114354449 tagBuild (noarch): free
114354041 build (f40-build-side-84857, /rpms/maven-resolver.git:7ea299cae4a2916c37ceafdffef46bb885f55d81): open (buildvm-s390x-10.s390.fedoraproject.org) -> closed
  1 free  0 open  3 done  0 failed
  114354449 tagBuild (noarch): free -> closed
  0 free  0 open  4 done  0 failed

114354041 build (f40-build-side-84857, /rpms/maven-resolver.git:7ea299cae4a2916c37ceafdffef46bb885f55d81) completed successfully
