Cloning into 'maven-antrun-plugin'...
[f40 f57cc73] Rebuilt for java-21-openjdk as system jdk
 1 file changed, 4 insertions(+), 1 deletion(-)
Found a gating.yaml file in the repo and it is properly configured
Building maven-antrun-plugin-3.1.0-9.fc40 for f40-build-side-84857
Created task: 114353298
Task info: https://koji.fedoraproject.org/koji/taskinfo?taskID=114353298
Watching tasks (this may be safely interrupted)...
114353298 build (f40-build-side-84857, /rpms/maven-antrun-plugin.git:f57cc73c618f14247d11a6d726e68387304e5db6): free
114353298 build (f40-build-side-84857, /rpms/maven-antrun-plugin.git:f57cc73c618f14247d11a6d726e68387304e5db6): free -> assigned
114353298 build (f40-build-side-84857, /rpms/maven-antrun-plugin.git:f57cc73c618f14247d11a6d726e68387304e5db6): assigned -> open (buildvm-s390x-10.s390.fedoraproject.org)
  114353312 buildSRPMFromSCM (/rpms/maven-antrun-plugin.git:f57cc73c618f14247d11a6d726e68387304e5db6): free
  114353312 buildSRPMFromSCM (/rpms/maven-antrun-plugin.git:f57cc73c618f14247d11a6d726e68387304e5db6): free -> assigned
  114353312 buildSRPMFromSCM (/rpms/maven-antrun-plugin.git:f57cc73c618f14247d11a6d726e68387304e5db6): assigned -> open (buildvm-a64-40.iad2.fedoraproject.org)
  114353312 buildSRPMFromSCM (/rpms/maven-antrun-plugin.git:f57cc73c618f14247d11a6d726e68387304e5db6): open (buildvm-a64-40.iad2.fedoraproject.org) -> closed
  0 free  1 open  1 done  0 failed
  114353358 buildArch (maven-antrun-plugin-3.1.0-9.fc40.src.rpm, noarch): open (buildvm-s390x-05.s390.fedoraproject.org)
  114353400 tagBuild (noarch): assigned
  114353358 buildArch (maven-antrun-plugin-3.1.0-9.fc40.src.rpm, noarch): open (buildvm-s390x-05.s390.fedoraproject.org) -> closed
  0 free  2 open  2 done  0 failed
  114353400 tagBuild (noarch): assigned -> closed
  0 free  1 open  3 done  0 failed
114353298 build (f40-build-side-84857, /rpms/maven-antrun-plugin.git:f57cc73c618f14247d11a6d726e68387304e5db6): open (buildvm-s390x-10.s390.fedoraproject.org) -> closed
  0 free  0 open  4 done  0 failed

114353298 build (f40-build-side-84857, /rpms/maven-antrun-plugin.git:f57cc73c618f14247d11a6d726e68387304e5db6) completed successfully
