Cloning into 'maven-dependency-plugin'...
[f40 56a45a3] Rebuilt for java-21-openjdk as system jdk
 1 file changed, 4 insertions(+), 1 deletion(-)
Found a gating.yaml file in the repo and it is properly configured
Building maven-dependency-plugin-3.6.1-3.fc40 for f40-build-side-84857
Created task: 114353535
Task info: https://koji.fedoraproject.org/koji/taskinfo?taskID=114353535
Watching tasks (this may be safely interrupted)...
114353535 build (f40-build-side-84857, /rpms/maven-dependency-plugin.git:56a45a30570edca48345e58624c392a69faa763b): free
114353535 build (f40-build-side-84857, /rpms/maven-dependency-plugin.git:56a45a30570edca48345e58624c392a69faa763b): free -> assigned
114353535 build (f40-build-side-84857, /rpms/maven-dependency-plugin.git:56a45a30570edca48345e58624c392a69faa763b): assigned -> open (buildvm-x86-22.iad2.fedoraproject.org)
  114353592 buildSRPMFromSCM (/rpms/maven-dependency-plugin.git:56a45a30570edca48345e58624c392a69faa763b): free
  114353592 buildSRPMFromSCM (/rpms/maven-dependency-plugin.git:56a45a30570edca48345e58624c392a69faa763b): free -> assigned
  114353592 buildSRPMFromSCM (/rpms/maven-dependency-plugin.git:56a45a30570edca48345e58624c392a69faa763b): assigned -> open (buildvm-a64-38.iad2.fedoraproject.org)
  114353668 buildArch (maven-dependency-plugin-3.6.1-3.fc40.src.rpm, noarch): free
  114353592 buildSRPMFromSCM (/rpms/maven-dependency-plugin.git:56a45a30570edca48345e58624c392a69faa763b): open (buildvm-a64-38.iad2.fedoraproject.org) -> closed
  1 free  1 open  1 done  0 failed
  114353668 buildArch (maven-dependency-plugin-3.6.1-3.fc40.src.rpm, noarch): free -> assigned
  114353668 buildArch (maven-dependency-plugin-3.6.1-3.fc40.src.rpm, noarch): assigned -> open (buildvm-x86-17.iad2.fedoraproject.org)
  114353668 buildArch (maven-dependency-plugin-3.6.1-3.fc40.src.rpm, noarch): open (buildvm-x86-17.iad2.fedoraproject.org) -> closed
  0 free  1 open  2 done  0 failed
  114353709 tagBuild (noarch): free
  114353709 tagBuild (noarch): free -> closed
  0 free  1 open  3 done  0 failed
114353535 build (f40-build-side-84857, /rpms/maven-dependency-plugin.git:56a45a30570edca48345e58624c392a69faa763b): open (buildvm-x86-22.iad2.fedoraproject.org) -> closed
  0 free  0 open  4 done  0 failed

114353535 build (f40-build-side-84857, /rpms/maven-dependency-plugin.git:56a45a30570edca48345e58624c392a69faa763b) completed successfully
