Cloning into 'maven-dependency-analyzer'...
[f40 51c5de6] Rebuilt for java-21-openjdk as system jdk
 1 file changed, 4 insertions(+), 1 deletion(-)
Found a gating.yaml file in the repo and it is properly configured
Building maven-dependency-analyzer-1.13.2-6.fc40 for f40-build-side-84857
Created task: 114353492
Task info: https://koji.fedoraproject.org/koji/taskinfo?taskID=114353492
Watching tasks (this may be safely interrupted)...
114353492 build (f40-build-side-84857, /rpms/maven-dependency-analyzer.git:51c5de6a45d7d87f0c46445f5ae677dbc4ad7a61): free
114353492 build (f40-build-side-84857, /rpms/maven-dependency-analyzer.git:51c5de6a45d7d87f0c46445f5ae677dbc4ad7a61): free -> assigned
114353492 build (f40-build-side-84857, /rpms/maven-dependency-analyzer.git:51c5de6a45d7d87f0c46445f5ae677dbc4ad7a61): assigned -> open (buildvm-a64-22.iad2.fedoraproject.org)
  114353522 buildSRPMFromSCM (/rpms/maven-dependency-analyzer.git:51c5de6a45d7d87f0c46445f5ae677dbc4ad7a61): free
  114353522 buildSRPMFromSCM (/rpms/maven-dependency-analyzer.git:51c5de6a45d7d87f0c46445f5ae677dbc4ad7a61): free -> assigned
  114353522 buildSRPMFromSCM (/rpms/maven-dependency-analyzer.git:51c5de6a45d7d87f0c46445f5ae677dbc4ad7a61): assigned -> open (buildvm-x86-09.iad2.fedoraproject.org)
  114353648 buildArch (maven-dependency-analyzer-1.13.2-6.fc40.src.rpm, noarch): free
  114353522 buildSRPMFromSCM (/rpms/maven-dependency-analyzer.git:51c5de6a45d7d87f0c46445f5ae677dbc4ad7a61): open (buildvm-x86-09.iad2.fedoraproject.org) -> closed
  1 free  1 open  1 done  0 failed
  114353648 buildArch (maven-dependency-analyzer-1.13.2-6.fc40.src.rpm, noarch): free -> open (buildvm-x86-09.iad2.fedoraproject.org)
  114353700 tagBuild (noarch): free
  114353648 buildArch (maven-dependency-analyzer-1.13.2-6.fc40.src.rpm, noarch): open (buildvm-x86-09.iad2.fedoraproject.org) -> closed
  1 free  1 open  2 done  0 failed
  114353700 tagBuild (noarch): free -> assigned
114353492 build (f40-build-side-84857, /rpms/maven-dependency-analyzer.git:51c5de6a45d7d87f0c46445f5ae677dbc4ad7a61): open (buildvm-a64-22.iad2.fedoraproject.org) -> closed
  0 free  1 open  3 done  0 failed
  114353700 tagBuild (noarch): assigned -> closed
  0 free  0 open  4 done  0 failed

114353492 build (f40-build-side-84857, /rpms/maven-dependency-analyzer.git:51c5de6a45d7d87f0c46445f5ae677dbc4ad7a61) completed successfully
