Cloning into 'maven-jar-plugin'...
[f40 2656c6b] Rebuilt for java-21-openjdk as system jdk
 1 file changed, 4 insertions(+), 1 deletion(-)
Found a gating.yaml file in the repo and it is properly configured
Building maven-jar-plugin-3.3.0-6.fc40 for f40-build-side-84857
Created task: 114353747
Task info: https://koji.fedoraproject.org/koji/taskinfo?taskID=114353747
Watching tasks (this may be safely interrupted)...
114353747 build (f40-build-side-84857, /rpms/maven-jar-plugin.git:2656c6b7f7f85051b87f324b7e4e0ede9229858f): free
114353747 build (f40-build-side-84857, /rpms/maven-jar-plugin.git:2656c6b7f7f85051b87f324b7e4e0ede9229858f): free -> assigned
114353747 build (f40-build-side-84857, /rpms/maven-jar-plugin.git:2656c6b7f7f85051b87f324b7e4e0ede9229858f): assigned -> open (buildvm-ppc64le-25.iad2.fedoraproject.org)
  114353769 buildSRPMFromSCM (/rpms/maven-jar-plugin.git:2656c6b7f7f85051b87f324b7e4e0ede9229858f): free
  114353769 buildSRPMFromSCM (/rpms/maven-jar-plugin.git:2656c6b7f7f85051b87f324b7e4e0ede9229858f): free -> assigned
  114353769 buildSRPMFromSCM (/rpms/maven-jar-plugin.git:2656c6b7f7f85051b87f324b7e4e0ede9229858f): assigned -> open (buildvm-a64-31.iad2.fedoraproject.org)
  114353862 buildArch (maven-jar-plugin-3.3.0-6.fc40.src.rpm, noarch): free
  114353769 buildSRPMFromSCM (/rpms/maven-jar-plugin.git:2656c6b7f7f85051b87f324b7e4e0ede9229858f): open (buildvm-a64-31.iad2.fedoraproject.org) -> closed
  1 free  1 open  1 done  0 failed
  114353862 buildArch (maven-jar-plugin-3.3.0-6.fc40.src.rpm, noarch): free -> assigned
  114353862 buildArch (maven-jar-plugin-3.3.0-6.fc40.src.rpm, noarch): assigned -> open (buildvm-s390x-05.s390.fedoraproject.org)
  114353862 buildArch (maven-jar-plugin-3.3.0-6.fc40.src.rpm, noarch): open (buildvm-s390x-05.s390.fedoraproject.org) -> closed
  0 free  1 open  2 done  0 failed
  114353945 tagBuild (noarch): free
  114353945 tagBuild (noarch): free -> assigned
  114353945 tagBuild (noarch): assigned -> closed
  0 free  1 open  3 done  0 failed
114353747 build (f40-build-side-84857, /rpms/maven-jar-plugin.git:2656c6b7f7f85051b87f324b7e4e0ede9229858f): open (buildvm-ppc64le-25.iad2.fedoraproject.org) -> closed
  0 free  0 open  4 done  0 failed

114353747 build (f40-build-side-84857, /rpms/maven-jar-plugin.git:2656c6b7f7f85051b87f324b7e4e0ede9229858f) completed successfully
