Cloning into 'maven-mapping'...
[f40 c7fe22d] Rebuilt for java-21-openjdk as system jdk
 1 file changed, 4 insertions(+), 1 deletion(-)
Found a gating.yaml file in the repo and it is properly configured
Building maven-mapping-3.0.0-25.fc40 for f40-build-side-84857
Created task: 114353772
Task info: https://koji.fedoraproject.org/koji/taskinfo?taskID=114353772
Watching tasks (this may be safely interrupted)...
114353772 build (f40-build-side-84857, /rpms/maven-mapping.git:c7fe22dd0df094b092bcae578b066fc5374d8e5c): free
114353772 build (f40-build-side-84857, /rpms/maven-mapping.git:c7fe22dd0df094b092bcae578b066fc5374d8e5c): free -> assigned
114353772 build (f40-build-side-84857, /rpms/maven-mapping.git:c7fe22dd0df094b092bcae578b066fc5374d8e5c): assigned -> open (buildvm-ppc64le-03.iad2.fedoraproject.org)
  114353827 buildSRPMFromSCM (/rpms/maven-mapping.git:c7fe22dd0df094b092bcae578b066fc5374d8e5c): free
  114353827 buildSRPMFromSCM (/rpms/maven-mapping.git:c7fe22dd0df094b092bcae578b066fc5374d8e5c): free -> assigned
  114353827 buildSRPMFromSCM (/rpms/maven-mapping.git:c7fe22dd0df094b092bcae578b066fc5374d8e5c): assigned -> open (buildvm-x86-23.iad2.fedoraproject.org)
  114353827 buildSRPMFromSCM (/rpms/maven-mapping.git:c7fe22dd0df094b092bcae578b066fc5374d8e5c): open (buildvm-x86-23.iad2.fedoraproject.org) -> closed
  0 free  1 open  1 done  0 failed
  114353952 buildArch (maven-mapping-3.0.0-25.fc40.src.rpm, noarch): free
  114353952 buildArch (maven-mapping-3.0.0-25.fc40.src.rpm, noarch): free -> open (buildhw-x86-16.iad2.fedoraproject.org)
  114353952 buildArch (maven-mapping-3.0.0-25.fc40.src.rpm, noarch): open (buildhw-x86-16.iad2.fedoraproject.org) -> FAILED: BuildError: error building package (arch noarch), mock exited with status 1; see build.log or root.log for more information
  Relevant logs:
  https://kojipkgs.fedoraproject.org/work/tasks/3952/114353952/mock_output.log
  https://kojipkgs.fedoraproject.org/work/tasks/3952/114353952/state.log
  https://kojipkgs.fedoraproject.org/work/tasks/3952/114353952/build.log
  https://kojipkgs.fedoraproject.org/work/tasks/3952/114353952/root.log
  https://kojipkgs.fedoraproject.org/work/tasks/3952/114353952/hw_info.log
  0 free  1 open  1 done  1 failed
114353772 build (f40-build-side-84857, /rpms/maven-mapping.git:c7fe22dd0df094b092bcae578b066fc5374d8e5c): open (buildvm-ppc64le-03.iad2.fedoraproject.org) -> FAILED: BuildError: error building package (arch noarch), mock exited with status 1; see build.log or root.log for more information
  0 free  0 open  1 done  2 failed

114353772 build (f40-build-side-84857, /rpms/maven-mapping.git:c7fe22dd0df094b092bcae578b066fc5374d8e5c) failed
