Cloning into 'maven-reporting-api'...
[f40 f7fa22a] Rebuilt for java-21-openjdk as system jdk
 1 file changed, 4 insertions(+), 1 deletion(-)
Building maven-reporting-api-3.1.1-6.fc40 for f40-build-side-84857
Created task: 114354000
Task info: https://koji.fedoraproject.org/koji/taskinfo?taskID=114354000
Watching tasks (this may be safely interrupted)...
114354000 build (f40-build-side-84857, /rpms/maven-reporting-api.git:f7fa22a36ec33dbf5f8f06bdaf61ba569a7b1829): free
114354000 build (f40-build-side-84857, /rpms/maven-reporting-api.git:f7fa22a36ec33dbf5f8f06bdaf61ba569a7b1829): free -> assigned
114354000 build (f40-build-side-84857, /rpms/maven-reporting-api.git:f7fa22a36ec33dbf5f8f06bdaf61ba569a7b1829): assigned -> open (buildvm-a64-07.iad2.fedoraproject.org)
  114354004 buildSRPMFromSCM (/rpms/maven-reporting-api.git:f7fa22a36ec33dbf5f8f06bdaf61ba569a7b1829): free
  114354004 buildSRPMFromSCM (/rpms/maven-reporting-api.git:f7fa22a36ec33dbf5f8f06bdaf61ba569a7b1829): free -> assigned
  114354004 buildSRPMFromSCM (/rpms/maven-reporting-api.git:f7fa22a36ec33dbf5f8f06bdaf61ba569a7b1829): assigned -> open (buildvm-a64-13.iad2.fedoraproject.org)
  114354004 buildSRPMFromSCM (/rpms/maven-reporting-api.git:f7fa22a36ec33dbf5f8f06bdaf61ba569a7b1829): open (buildvm-a64-13.iad2.fedoraproject.org) -> closed
  0 free  1 open  1 done  0 failed
  114354193 buildArch (maven-reporting-api-3.1.1-6.fc40.src.rpm, noarch): free
  114354193 buildArch (maven-reporting-api-3.1.1-6.fc40.src.rpm, noarch): free -> assigned
  114354193 buildArch (maven-reporting-api-3.1.1-6.fc40.src.rpm, noarch): assigned -> open (buildvm-ppc64le-30.iad2.fedoraproject.org)
  114354193 buildArch (maven-reporting-api-3.1.1-6.fc40.src.rpm, noarch): open (buildvm-ppc64le-30.iad2.fedoraproject.org) -> FAILED: BuildError: error building package (arch noarch), mock exited with status 1; see build.log or root.log for more information
  Relevant logs:
  https://kojipkgs.fedoraproject.org/work/tasks/4193/114354193/mock_output.log
  https://kojipkgs.fedoraproject.org/work/tasks/4193/114354193/state.log
  https://kojipkgs.fedoraproject.org/work/tasks/4193/114354193/build.log
  https://kojipkgs.fedoraproject.org/work/tasks/4193/114354193/root.log
  https://kojipkgs.fedoraproject.org/work/tasks/4193/114354193/hw_info.log
  0 free  1 open  1 done  1 failed
114354000 build (f40-build-side-84857, /rpms/maven-reporting-api.git:f7fa22a36ec33dbf5f8f06bdaf61ba569a7b1829): open (buildvm-a64-07.iad2.fedoraproject.org) -> FAILED: BuildError: error building package (arch noarch), mock exited with status 1; see build.log or root.log for more information
  0 free  0 open  1 done  2 failed

114354000 build (f40-build-side-84857, /rpms/maven-reporting-api.git:f7fa22a36ec33dbf5f8f06bdaf61ba569a7b1829) failed
