Cloning into 'maven-artifact-transfer'...
[f40 88c736c] Rebuilt for java-21-openjdk as system jdk
 1 file changed, 4 insertions(+), 1 deletion(-)
Found a gating.yaml file in the repo and it is properly configured
Building maven-artifact-transfer-0.13.1-14.fc40 for f40-build-side-84857
Created task: 114353340
Task info: https://koji.fedoraproject.org/koji/taskinfo?taskID=114353340
Watching tasks (this may be safely interrupted)...
114353340 build (f40-build-side-84857, /rpms/maven-artifact-transfer.git:88c736cbea4e599afd7021a44f28256460d19788): free
114353340 build (f40-build-side-84857, /rpms/maven-artifact-transfer.git:88c736cbea4e599afd7021a44f28256460d19788): free -> assigned
114353340 build (f40-build-side-84857, /rpms/maven-artifact-transfer.git:88c736cbea4e599afd7021a44f28256460d19788): assigned -> open (buildvm-ppc64le-02.iad2.fedoraproject.org)
  114353376 buildSRPMFromSCM (/rpms/maven-artifact-transfer.git:88c736cbea4e599afd7021a44f28256460d19788): free
  114353376 buildSRPMFromSCM (/rpms/maven-artifact-transfer.git:88c736cbea4e599afd7021a44f28256460d19788): free -> assigned
  114353376 buildSRPMFromSCM (/rpms/maven-artifact-transfer.git:88c736cbea4e599afd7021a44f28256460d19788): assigned -> open (buildvm-a64-27.iad2.fedoraproject.org)
  114353376 buildSRPMFromSCM (/rpms/maven-artifact-transfer.git:88c736cbea4e599afd7021a44f28256460d19788): open (buildvm-a64-27.iad2.fedoraproject.org) -> closed
  0 free  1 open  1 done  0 failed
  114353473 buildArch (maven-artifact-transfer-0.13.1-14.fc40.src.rpm, noarch): free
  114353473 buildArch (maven-artifact-transfer-0.13.1-14.fc40.src.rpm, noarch): free -> assigned
  114353473 buildArch (maven-artifact-transfer-0.13.1-14.fc40.src.rpm, noarch): assigned -> open (buildvm-a64-11.iad2.fedoraproject.org)
  114353607 tagBuild (noarch): free
  114353473 buildArch (maven-artifact-transfer-0.13.1-14.fc40.src.rpm, noarch): open (buildvm-a64-11.iad2.fedoraproject.org) -> closed
  1 free  1 open  2 done  0 failed
  114353607 tagBuild (noarch): free -> assigned
  114353607 tagBuild (noarch): assigned -> closed
  0 free  1 open  3 done  0 failed
114353340 build (f40-build-side-84857, /rpms/maven-artifact-transfer.git:88c736cbea4e599afd7021a44f28256460d19788): open (buildvm-ppc64le-02.iad2.fedoraproject.org) -> closed
  0 free  0 open  4 done  0 failed

114353340 build (f40-build-side-84857, /rpms/maven-artifact-transfer.git:88c736cbea4e599afd7021a44f28256460d19788) completed successfully
