Cloning into 'miglayout'...
[f40 be2ffbf] Rebuilt for java-21-openjdk as system jdk
 1 file changed, 4 insertions(+), 1 deletion(-)
Building miglayout-5.0-4.fc40 for f40-build-side-84857
Created task: 114354492
Task info: https://koji.fedoraproject.org/koji/taskinfo?taskID=114354492
Watching tasks (this may be safely interrupted)...
114354492 build (f40-build-side-84857, /rpms/miglayout.git:be2ffbf447609751f1394ac6ea3149455becb76b): free
114354492 build (f40-build-side-84857, /rpms/miglayout.git:be2ffbf447609751f1394ac6ea3149455becb76b): free -> assigned
114354492 build (f40-build-side-84857, /rpms/miglayout.git:be2ffbf447609751f1394ac6ea3149455becb76b): assigned -> open (buildvm-s390x-05.s390.fedoraproject.org)
  114354549 buildSRPMFromSCM (/rpms/miglayout.git:be2ffbf447609751f1394ac6ea3149455becb76b): free
  114354549 buildSRPMFromSCM (/rpms/miglayout.git:be2ffbf447609751f1394ac6ea3149455becb76b): free -> assigned
  114354549 buildSRPMFromSCM (/rpms/miglayout.git:be2ffbf447609751f1394ac6ea3149455becb76b): assigned -> open (buildvm-x86-22.iad2.fedoraproject.org)
  114354549 buildSRPMFromSCM (/rpms/miglayout.git:be2ffbf447609751f1394ac6ea3149455becb76b): open (buildvm-x86-22.iad2.fedoraproject.org) -> closed
  0 free  1 open  1 done  0 failed
  114354595 buildArch (miglayout-5.0-4.fc40.src.rpm, noarch): free
  114354595 buildArch (miglayout-5.0-4.fc40.src.rpm, noarch): free -> assigned
  114354595 buildArch (miglayout-5.0-4.fc40.src.rpm, noarch): assigned -> open (buildvm-a64-13.iad2.fedoraproject.org)
  114354595 buildArch (miglayout-5.0-4.fc40.src.rpm, noarch): open (buildvm-a64-13.iad2.fedoraproject.org) -> closed
  0 free  1 open  2 done  0 failed
  114354652 tagBuild (noarch): free
  114354652 tagBuild (noarch): free -> closed
  0 free  1 open  3 done  0 failed
114354492 build (f40-build-side-84857, /rpms/miglayout.git:be2ffbf447609751f1394ac6ea3149455becb76b): open (buildvm-s390x-05.s390.fedoraproject.org) -> closed
  0 free  0 open  4 done  0 failed

114354492 build (f40-build-side-84857, /rpms/miglayout.git:be2ffbf447609751f1394ac6ea3149455becb76b) completed successfully
