Cloning into 'mojo-executor'...
[f40 518ff54] Rebuilt for java-21-openjdk as system jdk
 1 file changed, 4 insertions(+), 1 deletion(-)
Building mojo-executor-2.4.0-9.fc40 for f40-build-side-84857
Created task: 114354578
Task info: https://koji.fedoraproject.org/koji/taskinfo?taskID=114354578
Watching tasks (this may be safely interrupted)...
114354578 build (f40-build-side-84857, /rpms/mojo-executor.git:518ff54d6f6e145fb406f7c42ba411869829bd44): free
114354578 build (f40-build-side-84857, /rpms/mojo-executor.git:518ff54d6f6e145fb406f7c42ba411869829bd44): free -> open (buildvm-ppc64le-14.iad2.fedoraproject.org)
  114354594 buildSRPMFromSCM (/rpms/mojo-executor.git:518ff54d6f6e145fb406f7c42ba411869829bd44): free
  114354594 buildSRPMFromSCM (/rpms/mojo-executor.git:518ff54d6f6e145fb406f7c42ba411869829bd44): free -> open (buildvm-x86-20.iad2.fedoraproject.org)
  114354594 buildSRPMFromSCM (/rpms/mojo-executor.git:518ff54d6f6e145fb406f7c42ba411869829bd44): open (buildvm-x86-20.iad2.fedoraproject.org) -> closed
  0 free  1 open  1 done  0 failed
  114354659 buildArch (mojo-executor-2.4.0-9.fc40.src.rpm, noarch): free
  114354659 buildArch (mojo-executor-2.4.0-9.fc40.src.rpm, noarch): free -> assigned
  114354659 buildArch (mojo-executor-2.4.0-9.fc40.src.rpm, noarch): assigned -> open (buildvm-a64-25.iad2.fedoraproject.org)
  114354659 buildArch (mojo-executor-2.4.0-9.fc40.src.rpm, noarch): open (buildvm-a64-25.iad2.fedoraproject.org) -> closed
  0 free  1 open  2 done  0 failed
  114354785 tagBuild (noarch): free
114354578 build (f40-build-side-84857, /rpms/mojo-executor.git:518ff54d6f6e145fb406f7c42ba411869829bd44): open (buildvm-ppc64le-14.iad2.fedoraproject.org) -> closed
  1 free  0 open  3 done  0 failed
  114354785 tagBuild (noarch): free -> closed
  0 free  0 open  4 done  0 failed

114354578 build (f40-build-side-84857, /rpms/mojo-executor.git:518ff54d6f6e145fb406f7c42ba411869829bd44) completed successfully
