Cloning into 'mojo-parent'...
[f40 976d01d] Rebuilt for java-21-openjdk as system jdk
 1 file changed, 4 insertions(+), 1 deletion(-)
Found a gating.yaml file in the repo and it is properly configured
Building mojo-parent-78-3.fc40 for f40-build-side-84857
Created task: 114354590
Task info: https://koji.fedoraproject.org/koji/taskinfo?taskID=114354590
Watching tasks (this may be safely interrupted)...
114354590 build (f40-build-side-84857, /rpms/mojo-parent.git:976d01db28bd55112f06d669e9495924b63b7bd0): free
114354590 build (f40-build-side-84857, /rpms/mojo-parent.git:976d01db28bd55112f06d669e9495924b63b7bd0): free -> open (buildvm-ppc64le-22.iad2.fedoraproject.org)
  114354593 buildSRPMFromSCM (/rpms/mojo-parent.git:976d01db28bd55112f06d669e9495924b63b7bd0): free
  114354593 buildSRPMFromSCM (/rpms/mojo-parent.git:976d01db28bd55112f06d669e9495924b63b7bd0): free -> assigned
  114354593 buildSRPMFromSCM (/rpms/mojo-parent.git:976d01db28bd55112f06d669e9495924b63b7bd0): assigned -> open (buildvm-x86-15.iad2.fedoraproject.org)
  114354593 buildSRPMFromSCM (/rpms/mojo-parent.git:976d01db28bd55112f06d669e9495924b63b7bd0): open (buildvm-x86-15.iad2.fedoraproject.org) -> closed
  0 free  1 open  1 done  0 failed
  114354657 buildArch (mojo-parent-78-3.fc40.src.rpm, noarch): free
  114354657 buildArch (mojo-parent-78-3.fc40.src.rpm, noarch): free -> assigned
  114354657 buildArch (mojo-parent-78-3.fc40.src.rpm, noarch): assigned -> open (buildvm-a64-24.iad2.fedoraproject.org)
  114354657 buildArch (mojo-parent-78-3.fc40.src.rpm, noarch): open (buildvm-a64-24.iad2.fedoraproject.org) -> closed
  0 free  1 open  2 done  0 failed
  114354786 tagBuild (noarch): free
  114354786 tagBuild (noarch): free -> assigned
  114354786 tagBuild (noarch): assigned -> closed
  0 free  1 open  3 done  0 failed
114354590 build (f40-build-side-84857, /rpms/mojo-parent.git:976d01db28bd55112f06d669e9495924b63b7bd0): open (buildvm-ppc64le-22.iad2.fedoraproject.org) -> closed
  0 free  0 open  4 done  0 failed

114354590 build (f40-build-side-84857, /rpms/mojo-parent.git:976d01db28bd55112f06d669e9495924b63b7bd0) completed successfully
