Cloning into 'mp'...
[f40 04869ac] Rebuilt for java-21-openjdk as system jdk
 1 file changed, 4 insertions(+), 1 deletion(-)
Building mp-20240115-2.20240115git34afbd3.fc40 for f40-build-side-84857
Created task: 114354599
Task info: https://koji.fedoraproject.org/koji/taskinfo?taskID=114354599
Watching tasks (this may be safely interrupted)...
114354599 build (f40-build-side-84857, /rpms/mp.git:04869ac1e53dd1a96282bf109892a485c9a875cc): free
114354599 build (f40-build-side-84857, /rpms/mp.git:04869ac1e53dd1a96282bf109892a485c9a875cc): free -> assigned
114354599 build (f40-build-side-84857, /rpms/mp.git:04869ac1e53dd1a96282bf109892a485c9a875cc): assigned -> open (buildvm-ppc64le-23.iad2.fedoraproject.org)
  114354614 buildSRPMFromSCM (/rpms/mp.git:04869ac1e53dd1a96282bf109892a485c9a875cc): free
  114354614 buildSRPMFromSCM (/rpms/mp.git:04869ac1e53dd1a96282bf109892a485c9a875cc): free -> assigned
  114354614 buildSRPMFromSCM (/rpms/mp.git:04869ac1e53dd1a96282bf109892a485c9a875cc): assigned -> open (buildvm-a64-21.iad2.fedoraproject.org)
  114354614 buildSRPMFromSCM (/rpms/mp.git:04869ac1e53dd1a96282bf109892a485c9a875cc): open (buildvm-a64-21.iad2.fedoraproject.org) -> closed
  0 free  1 open  1 done  0 failed
  114354715 buildArch (mp-20240115-2.20240115git34afbd3.fc40.src.rpm, x86_64): free
  114354716 buildArch (mp-20240115-2.20240115git34afbd3.fc40.src.rpm, aarch64): free
  114354718 buildArch (mp-20240115-2.20240115git34afbd3.fc40.src.rpm, s390x): free
  114354717 buildArch (mp-20240115-2.20240115git34afbd3.fc40.src.rpm, ppc64le): free
  114354715 buildArch (mp-20240115-2.20240115git34afbd3.fc40.src.rpm, x86_64): free -> assigned
  114354716 buildArch (mp-20240115-2.20240115git34afbd3.fc40.src.rpm, aarch64): free -> assigned
  114354718 buildArch (mp-20240115-2.20240115git34afbd3.fc40.src.rpm, s390x): free -> assigned
  114354717 buildArch (mp-20240115-2.20240115git34afbd3.fc40.src.rpm, ppc64le): free -> assigned
  114354716 buildArch (mp-20240115-2.20240115git34afbd3.fc40.src.rpm, aarch64): assigned -> open (buildvm-a64-20.iad2.fedoraproject.org)
  114354715 buildArch (mp-20240115-2.20240115git34afbd3.fc40.src.rpm, x86_64): assigned -> open (buildvm-x86-09.iad2.fedoraproject.org)
  114354718 buildArch (mp-20240115-2.20240115git34afbd3.fc40.src.rpm, s390x): assigned -> open (buildvm-s390x-09.s390.fedoraproject.org)
  114354717 buildArch (mp-20240115-2.20240115git34afbd3.fc40.src.rpm, ppc64le): assigned -> open (buildvm-ppc64le-03.iad2.fedoraproject.org)
  114354716 buildArch (mp-20240115-2.20240115git34afbd3.fc40.src.rpm, aarch64): open (buildvm-a64-20.iad2.fedoraproject.org) -> FAILED: BuildError: error building package (arch aarch64), mock exited with status 1; see build.log or root.log for more information
  Relevant logs:
  https://kojipkgs.fedoraproject.org/work/tasks/4716/114354716/state.log
  https://kojipkgs.fedoraproject.org/work/tasks/4716/114354716/build.log
  https://kojipkgs.fedoraproject.org/work/tasks/4716/114354716/root.log
  https://kojipkgs.fedoraproject.org/work/tasks/4716/114354716/mock_output.log
  https://kojipkgs.fedoraproject.org/work/tasks/4716/114354716/hw_info.log
  0 free  4 open  1 done  1 failed
  114354718 buildArch (mp-20240115-2.20240115git34afbd3.fc40.src.rpm, s390x): open (buildvm-s390x-09.s390.fedoraproject.org) -> canceled
  0 free  3 open  2 done  1 failed
  114354717 buildArch (mp-20240115-2.20240115git34afbd3.fc40.src.rpm, ppc64le): open (buildvm-ppc64le-03.iad2.fedoraproject.org) -> canceled
  0 free  2 open  3 done  1 failed
114354599 build (f40-build-side-84857, /rpms/mp.git:04869ac1e53dd1a96282bf109892a485c9a875cc): open (buildvm-ppc64le-23.iad2.fedoraproject.org) -> FAILED: BuildError: error building package (arch aarch64), mock exited with status 1; see build.log or root.log for more information
  0 free  1 open  3 done  2 failed
  114354715 buildArch (mp-20240115-2.20240115git34afbd3.fc40.src.rpm, x86_64): open (buildvm-x86-09.iad2.fedoraproject.org) -> canceled
  0 free  0 open  4 done  2 failed

114354599 build (f40-build-side-84857, /rpms/mp.git:04869ac1e53dd1a96282bf109892a485c9a875cc) failed
