Cloning into 'nom-tam-fits'...
RPMAutoSpec usage detected, not changing the spec file.
[f40 c88d058] Rebuilt for java-21-openjdk as system jdk
Building nom-tam-fits-1.15.2-22.fc40 for f40-build-side-84857
Created task: 114354723
Task info: https://koji.fedoraproject.org/koji/taskinfo?taskID=114354723
Watching tasks (this may be safely interrupted)...
114354723 build (f40-build-side-84857, /rpms/nom-tam-fits.git:c88d058050055b9b7df75ca5b34c02916c7fcf11): free
114354723 build (f40-build-side-84857, /rpms/nom-tam-fits.git:c88d058050055b9b7df75ca5b34c02916c7fcf11): free -> open (buildvm-a64-22.iad2.fedoraproject.org)
  114354753 buildSRPMFromSCM (/rpms/nom-tam-fits.git:c88d058050055b9b7df75ca5b34c02916c7fcf11): free
  114354753 buildSRPMFromSCM (/rpms/nom-tam-fits.git:c88d058050055b9b7df75ca5b34c02916c7fcf11): free -> assigned
  114354753 buildSRPMFromSCM (/rpms/nom-tam-fits.git:c88d058050055b9b7df75ca5b34c02916c7fcf11): assigned -> open (buildvm-a64-17.iad2.fedoraproject.org)
  114354753 buildSRPMFromSCM (/rpms/nom-tam-fits.git:c88d058050055b9b7df75ca5b34c02916c7fcf11): open (buildvm-a64-17.iad2.fedoraproject.org) -> closed
  0 free  1 open  1 done  0 failed
  114354867 buildArch (nom-tam-fits-1.15.2-22.fc40.src.rpm, noarch): free
  114354867 buildArch (nom-tam-fits-1.15.2-22.fc40.src.rpm, noarch): free -> open (buildvm-ppc64le-17.iad2.fedoraproject.org)
  114354867 buildArch (nom-tam-fits-1.15.2-22.fc40.src.rpm, noarch): open (buildvm-ppc64le-17.iad2.fedoraproject.org) -> closed
  0 free  1 open  2 done  0 failed
  114354970 tagBuild (noarch): free
  114354970 tagBuild (noarch): free -> assigned
  114354970 tagBuild (noarch): assigned -> closed
  0 free  1 open  3 done  0 failed
114354723 build (f40-build-side-84857, /rpms/nom-tam-fits.git:c88d058050055b9b7df75ca5b34c02916c7fcf11): open (buildvm-a64-22.iad2.fedoraproject.org) -> closed
  0 free  0 open  4 done  0 failed

114354723 build (f40-build-side-84857, /rpms/nom-tam-fits.git:c88d058050055b9b7df75ca5b34c02916c7fcf11) completed successfully
