Cloning into 'objectweb-asm'...
[f40 077b979] Rebuilt for java-21-openjdk as system jdk
 1 file changed, 4 insertions(+), 1 deletion(-)
Found a gating.yaml file in the repo and it is properly configured
Building objectweb-asm-9.6-5.fc40 for f40-build-side-84857
Created task: 114354778
Task info: https://koji.fedoraproject.org/koji/taskinfo?taskID=114354778
Watching tasks (this may be safely interrupted)...
114354778 build (f40-build-side-84857, /rpms/objectweb-asm.git:077b979cf0516ff785f687d37c6d7628d260e53e): free
114354778 build (f40-build-side-84857, /rpms/objectweb-asm.git:077b979cf0516ff785f687d37c6d7628d260e53e): free -> assigned
114354778 build (f40-build-side-84857, /rpms/objectweb-asm.git:077b979cf0516ff785f687d37c6d7628d260e53e): assigned -> open (buildvm-a64-24.iad2.fedoraproject.org)
  114354836 buildSRPMFromSCM (/rpms/objectweb-asm.git:077b979cf0516ff785f687d37c6d7628d260e53e): free
  114354836 buildSRPMFromSCM (/rpms/objectweb-asm.git:077b979cf0516ff785f687d37c6d7628d260e53e): free -> assigned
  114354836 buildSRPMFromSCM (/rpms/objectweb-asm.git:077b979cf0516ff785f687d37c6d7628d260e53e): assigned -> open (buildvm-x86-28.iad2.fedoraproject.org)
  114354909 buildArch (objectweb-asm-9.6-5.fc40.src.rpm, noarch): free
  114354836 buildSRPMFromSCM (/rpms/objectweb-asm.git:077b979cf0516ff785f687d37c6d7628d260e53e): open (buildvm-x86-28.iad2.fedoraproject.org) -> closed
  1 free  1 open  1 done  0 failed
  114354909 buildArch (objectweb-asm-9.6-5.fc40.src.rpm, noarch): free -> assigned
  114354909 buildArch (objectweb-asm-9.6-5.fc40.src.rpm, noarch): assigned -> open (buildvm-ppc64le-22.iad2.fedoraproject.org)
  114354909 buildArch (objectweb-asm-9.6-5.fc40.src.rpm, noarch): open (buildvm-ppc64le-22.iad2.fedoraproject.org) -> closed
  0 free  1 open  2 done  0 failed
  114355009 tagBuild (noarch): assigned
  114355009 tagBuild (noarch): assigned -> closed
  0 free  1 open  3 done  0 failed
114354778 build (f40-build-side-84857, /rpms/objectweb-asm.git:077b979cf0516ff785f687d37c6d7628d260e53e): open (buildvm-a64-24.iad2.fedoraproject.org) -> closed
  0 free  0 open  4 done  0 failed

114354778 build (f40-build-side-84857, /rpms/objectweb-asm.git:077b979cf0516ff785f687d37c6d7628d260e53e) completed successfully
