Cloning into 'osgi-annotation'...
[f40 eabdaf7] Rebuilt for java-21-openjdk as system jdk
 1 file changed, 4 insertions(+), 1 deletion(-)
Found a gating.yaml file in the repo and it is properly configured
Building osgi-annotation-8.1.0-6.fc40 for f40-build-side-84857
Created task: 114355082
Task info: https://koji.fedoraproject.org/koji/taskinfo?taskID=114355082
Watching tasks (this may be safely interrupted)...
114355082 build (f40-build-side-84857, /rpms/osgi-annotation.git:eabdaf70a90eaaead3de3e7bd6b12b7b41c034a2): free
114355082 build (f40-build-side-84857, /rpms/osgi-annotation.git:eabdaf70a90eaaead3de3e7bd6b12b7b41c034a2): free -> assigned
114355082 build (f40-build-side-84857, /rpms/osgi-annotation.git:eabdaf70a90eaaead3de3e7bd6b12b7b41c034a2): assigned -> open (buildvm-a64-08.iad2.fedoraproject.org)
  114355119 buildSRPMFromSCM (/rpms/osgi-annotation.git:eabdaf70a90eaaead3de3e7bd6b12b7b41c034a2): free
  114355119 buildSRPMFromSCM (/rpms/osgi-annotation.git:eabdaf70a90eaaead3de3e7bd6b12b7b41c034a2): free -> assigned
  114355119 buildSRPMFromSCM (/rpms/osgi-annotation.git:eabdaf70a90eaaead3de3e7bd6b12b7b41c034a2): assigned -> open (buildvm-a64-15.iad2.fedoraproject.org)
  114355119 buildSRPMFromSCM (/rpms/osgi-annotation.git:eabdaf70a90eaaead3de3e7bd6b12b7b41c034a2): open (buildvm-a64-15.iad2.fedoraproject.org) -> closed
  0 free  1 open  1 done  0 failed
  114355232 buildArch (osgi-annotation-8.1.0-6.fc40.src.rpm, noarch): free
  114355232 buildArch (osgi-annotation-8.1.0-6.fc40.src.rpm, noarch): free -> assigned
  114355232 buildArch (osgi-annotation-8.1.0-6.fc40.src.rpm, noarch): assigned -> open (buildhw-x86-16.iad2.fedoraproject.org)
  114355232 buildArch (osgi-annotation-8.1.0-6.fc40.src.rpm, noarch): open (buildhw-x86-16.iad2.fedoraproject.org) -> closed
  0 free  1 open  2 done  0 failed
  114355301 tagBuild (noarch): free
  114355301 tagBuild (noarch): free -> assigned
  114355301 tagBuild (noarch): assigned -> closed
  0 free  1 open  3 done  0 failed
114355082 build (f40-build-side-84857, /rpms/osgi-annotation.git:eabdaf70a90eaaead3de3e7bd6b12b7b41c034a2): open (buildvm-a64-08.iad2.fedoraproject.org) -> closed
  0 free  0 open  4 done  0 failed

114355082 build (f40-build-side-84857, /rpms/osgi-annotation.git:eabdaf70a90eaaead3de3e7bd6b12b7b41c034a2) completed successfully
