Cloning into 'parserng'...
[f40 3615913] Rebuilt for java-21-openjdk as system jdk
 1 file changed, 4 insertions(+), 1 deletion(-)
warning: %patchN is deprecated (1 usages found), use %patch N (or %patch -P N)

Building parserng-0.1.9-7.fc40 for f40-build-side-84857
Created task: 114355172
Task info: https://koji.fedoraproject.org/koji/taskinfo?taskID=114355172
Watching tasks (this may be safely interrupted)...
114355172 build (f40-build-side-84857, /rpms/parserng.git:3615913c8070cf9a58f7da5b85a16a2b74c1364d): free
114355172 build (f40-build-side-84857, /rpms/parserng.git:3615913c8070cf9a58f7da5b85a16a2b74c1364d): free -> assigned
114355172 build (f40-build-side-84857, /rpms/parserng.git:3615913c8070cf9a58f7da5b85a16a2b74c1364d): assigned -> open (buildvm-s390x-01.s390.fedoraproject.org)
  114355227 buildSRPMFromSCM (/rpms/parserng.git:3615913c8070cf9a58f7da5b85a16a2b74c1364d): free
  114355227 buildSRPMFromSCM (/rpms/parserng.git:3615913c8070cf9a58f7da5b85a16a2b74c1364d): free -> assigned
  114355227 buildSRPMFromSCM (/rpms/parserng.git:3615913c8070cf9a58f7da5b85a16a2b74c1364d): assigned -> open (buildvm-a64-26.iad2.fedoraproject.org)
  114355227 buildSRPMFromSCM (/rpms/parserng.git:3615913c8070cf9a58f7da5b85a16a2b74c1364d): open (buildvm-a64-26.iad2.fedoraproject.org) -> closed
  0 free  1 open  1 done  0 failed
  114355284 buildArch (parserng-0.1.9-7.fc40.src.rpm, noarch): free
  114355284 buildArch (parserng-0.1.9-7.fc40.src.rpm, noarch): free -> assigned
  114355284 buildArch (parserng-0.1.9-7.fc40.src.rpm, noarch): assigned -> open (buildvm-ppc64le-32.iad2.fedoraproject.org)
  114355284 buildArch (parserng-0.1.9-7.fc40.src.rpm, noarch): open (buildvm-ppc64le-32.iad2.fedoraproject.org) -> FAILED: BuildError: error building package (arch noarch), mock exited with status 1; see build.log or root.log for more information
  Relevant logs:
  https://kojipkgs.fedoraproject.org/work/tasks/5284/114355284/mock_output.log
  https://kojipkgs.fedoraproject.org/work/tasks/5284/114355284/state.log
  https://kojipkgs.fedoraproject.org/work/tasks/5284/114355284/build.log
  https://kojipkgs.fedoraproject.org/work/tasks/5284/114355284/root.log
  https://kojipkgs.fedoraproject.org/work/tasks/5284/114355284/hw_info.log
  0 free  1 open  1 done  1 failed
114355172 build (f40-build-side-84857, /rpms/parserng.git:3615913c8070cf9a58f7da5b85a16a2b74c1364d): open (buildvm-s390x-01.s390.fedoraproject.org) -> FAILED: BuildError: error building package (arch noarch), mock exited with status 1; see build.log or root.log for more information
  0 free  0 open  1 done  2 failed

114355172 build (f40-build-side-84857, /rpms/parserng.git:3615913c8070cf9a58f7da5b85a16a2b74c1364d) failed
