Cloning into 'pentaho-libxml'...
[f40 9b885bb] Rebuilt for java-21-openjdk as system jdk
 1 file changed, 4 insertions(+), 1 deletion(-)
warning: %patchN is deprecated (4 usages found), use %patch N (or %patch -P N)

Building pentaho-libxml-1.1.3-42.fc40 for f40-build-side-84857
Created task: 114355279
Task info: https://koji.fedoraproject.org/koji/taskinfo?taskID=114355279
Watching tasks (this may be safely interrupted)...
114355279 build (f40-build-side-84857, /rpms/pentaho-libxml.git:9b885bb795c737656c56c463b9e8d3fb59f29ac6): free
114355279 build (f40-build-side-84857, /rpms/pentaho-libxml.git:9b885bb795c737656c56c463b9e8d3fb59f29ac6): free -> assigned
114355279 build (f40-build-side-84857, /rpms/pentaho-libxml.git:9b885bb795c737656c56c463b9e8d3fb59f29ac6): assigned -> open (buildvm-x86-15.iad2.fedoraproject.org)
  114355285 buildSRPMFromSCM (/rpms/pentaho-libxml.git:9b885bb795c737656c56c463b9e8d3fb59f29ac6): free
  114355285 buildSRPMFromSCM (/rpms/pentaho-libxml.git:9b885bb795c737656c56c463b9e8d3fb59f29ac6): free -> assigned
  114355285 buildSRPMFromSCM (/rpms/pentaho-libxml.git:9b885bb795c737656c56c463b9e8d3fb59f29ac6): assigned -> open (buildvm-a64-27.iad2.fedoraproject.org)
  114355285 buildSRPMFromSCM (/rpms/pentaho-libxml.git:9b885bb795c737656c56c463b9e8d3fb59f29ac6): open (buildvm-a64-27.iad2.fedoraproject.org) -> closed
  0 free  1 open  1 done  0 failed
  114355321 buildArch (pentaho-libxml-1.1.3-42.fc40.src.rpm, noarch): free
  114355321 buildArch (pentaho-libxml-1.1.3-42.fc40.src.rpm, noarch): free -> assigned
  114355321 buildArch (pentaho-libxml-1.1.3-42.fc40.src.rpm, noarch): assigned -> open (buildvm-ppc64le-03.iad2.fedoraproject.org)
  114355321 buildArch (pentaho-libxml-1.1.3-42.fc40.src.rpm, noarch): open (buildvm-ppc64le-03.iad2.fedoraproject.org) -> closed
  0 free  1 open  2 done  0 failed
  114355360 tagBuild (noarch): free
  114355360 tagBuild (noarch): free -> assigned
  114355360 tagBuild (noarch): assigned -> closed
  0 free  1 open  3 done  0 failed
114355279 build (f40-build-side-84857, /rpms/pentaho-libxml.git:9b885bb795c737656c56c463b9e8d3fb59f29ac6): open (buildvm-x86-15.iad2.fedoraproject.org) -> closed
  0 free  0 open  4 done  0 failed

114355279 build (f40-build-side-84857, /rpms/pentaho-libxml.git:9b885bb795c737656c56c463b9e8d3fb59f29ac6) completed successfully
