Cloning into 'picocli'...
[f40 2233dcd] Rebuilt for java-21-openjdk as system jdk
 1 file changed, 4 insertions(+), 1 deletion(-)
Building picocli-4.7.4-5.fc40 for f40-build-side-84857
Created task: 114355304
Task info: https://koji.fedoraproject.org/koji/taskinfo?taskID=114355304
Watching tasks (this may be safely interrupted)...
114355304 build (f40-build-side-84857, /rpms/picocli.git:2233dcd58f4b7a3d76e49d38ff64794c9b70581f): free
114355304 build (f40-build-side-84857, /rpms/picocli.git:2233dcd58f4b7a3d76e49d38ff64794c9b70581f): free -> assigned
114355304 build (f40-build-side-84857, /rpms/picocli.git:2233dcd58f4b7a3d76e49d38ff64794c9b70581f): assigned -> open (buildhw-a64-21.iad2.fedoraproject.org)
  114355322 buildSRPMFromSCM (/rpms/picocli.git:2233dcd58f4b7a3d76e49d38ff64794c9b70581f): free
  114355322 buildSRPMFromSCM (/rpms/picocli.git:2233dcd58f4b7a3d76e49d38ff64794c9b70581f): free -> assigned
  114355322 buildSRPMFromSCM (/rpms/picocli.git:2233dcd58f4b7a3d76e49d38ff64794c9b70581f): assigned -> open (buildvm-a64-27.iad2.fedoraproject.org)
  114355322 buildSRPMFromSCM (/rpms/picocli.git:2233dcd58f4b7a3d76e49d38ff64794c9b70581f): open (buildvm-a64-27.iad2.fedoraproject.org) -> closed
  0 free  1 open  1 done  0 failed
  114355353 buildArch (picocli-4.7.4-5.fc40.src.rpm, noarch): free
  114355353 buildArch (picocli-4.7.4-5.fc40.src.rpm, noarch): free -> assigned
  114355353 buildArch (picocli-4.7.4-5.fc40.src.rpm, noarch): assigned -> open (buildvm-ppc64le-14.iad2.fedoraproject.org)
  114355353 buildArch (picocli-4.7.4-5.fc40.src.rpm, noarch): open (buildvm-ppc64le-14.iad2.fedoraproject.org) -> closed
  0 free  1 open  2 done  0 failed
  114355518 tagBuild (noarch): assigned
  114355518 tagBuild (noarch): assigned -> closed
  0 free  1 open  3 done  0 failed
114355304 build (f40-build-side-84857, /rpms/picocli.git:2233dcd58f4b7a3d76e49d38ff64794c9b70581f): open (buildhw-a64-21.iad2.fedoraproject.org) -> closed
  0 free  0 open  4 done  0 failed

114355304 build (f40-build-side-84857, /rpms/picocli.git:2233dcd58f4b7a3d76e49d38ff64794c9b70581f) completed successfully
