Cloning into 'plexus-classworlds'...
[f40 a5aabec] Rebuilt for java-21-openjdk as system jdk
 1 file changed, 4 insertions(+), 1 deletion(-)
Found a gating.yaml file in the repo and it is properly configured
Building plexus-classworlds-2.8.0-3.fc40 for f40-build-side-84857
Created task: 114355352
Task info: https://koji.fedoraproject.org/koji/taskinfo?taskID=114355352
Watching tasks (this may be safely interrupted)...
114355352 build (f40-build-side-84857, /rpms/plexus-classworlds.git:a5aabecd2f011f31bf7fef3c3aaef9e1d984ca4f): free
114355352 build (f40-build-side-84857, /rpms/plexus-classworlds.git:a5aabecd2f011f31bf7fef3c3aaef9e1d984ca4f): free -> assigned
114355352 build (f40-build-side-84857, /rpms/plexus-classworlds.git:a5aabecd2f011f31bf7fef3c3aaef9e1d984ca4f): assigned -> open (buildvm-a64-27.iad2.fedoraproject.org)
  114355372 buildSRPMFromSCM (/rpms/plexus-classworlds.git:a5aabecd2f011f31bf7fef3c3aaef9e1d984ca4f): free
  114355372 buildSRPMFromSCM (/rpms/plexus-classworlds.git:a5aabecd2f011f31bf7fef3c3aaef9e1d984ca4f): free -> assigned
  114355372 buildSRPMFromSCM (/rpms/plexus-classworlds.git:a5aabecd2f011f31bf7fef3c3aaef9e1d984ca4f): assigned -> open (buildvm-a64-26.iad2.fedoraproject.org)
  114355372 buildSRPMFromSCM (/rpms/plexus-classworlds.git:a5aabecd2f011f31bf7fef3c3aaef9e1d984ca4f): open (buildvm-a64-26.iad2.fedoraproject.org) -> closed
  0 free  1 open  1 done  0 failed
  114355448 buildArch (plexus-classworlds-2.8.0-3.fc40.src.rpm, noarch): free
  114355448 buildArch (plexus-classworlds-2.8.0-3.fc40.src.rpm, noarch): free -> open (buildvm-ppc64le-10.iad2.fedoraproject.org)
Watching tasks (this may be safely interrupted)...
114355352 build (f40-build-side-84857, /rpms/plexus-classworlds.git:a5aabecd2f011f31bf7fef3c3aaef9e1d984ca4f): closed
  114355372 buildSRPMFromSCM (/rpms/plexus-classworlds.git:a5aabecd2f011f31bf7fef3c3aaef9e1d984ca4f): closed
  114355448 buildArch (plexus-classworlds-2.8.0-3.fc40.src.rpm, noarch): closed
  114356049 tagBuild (noarch): closed

114355352 build (f40-build-side-84857, /rpms/plexus-classworlds.git:a5aabecd2f011f31bf7fef3c3aaef9e1d984ca4f) completed successfully
