Cloning into 'plexus-resources'...
[f40 8865216] Rebuilt for java-21-openjdk as system jdk
 1 file changed, 4 insertions(+), 1 deletion(-)
Found a gating.yaml file in the repo and it is properly configured
Building plexus-resources-1.3.0-4.fc40 for f40-build-side-84857
Created task: 114376903
Task info: https://koji.fedoraproject.org/koji/taskinfo?taskID=114376903
Watching tasks (this may be safely interrupted)...
114376903 build (f40-build-side-84857, /rpms/plexus-resources.git:8865216c074de0a6ab0a422358896172d19f08ac): free
114376903 build (f40-build-side-84857, /rpms/plexus-resources.git:8865216c074de0a6ab0a422358896172d19f08ac): free -> assigned
114376903 build (f40-build-side-84857, /rpms/plexus-resources.git:8865216c074de0a6ab0a422358896172d19f08ac): assigned -> open (buildvm-s390x-01.s390.fedoraproject.org)
  114376941 buildSRPMFromSCM (/rpms/plexus-resources.git:8865216c074de0a6ab0a422358896172d19f08ac): free
  114376941 buildSRPMFromSCM (/rpms/plexus-resources.git:8865216c074de0a6ab0a422358896172d19f08ac): free -> open (buildvm-a64-19.iad2.fedoraproject.org)
  114376941 buildSRPMFromSCM (/rpms/plexus-resources.git:8865216c074de0a6ab0a422358896172d19f08ac): open (buildvm-a64-19.iad2.fedoraproject.org) -> closed
  0 free  1 open  1 done  0 failed
  114377025 buildArch (plexus-resources-1.3.0-4.fc40.src.rpm, noarch): assigned
  114377025 buildArch (plexus-resources-1.3.0-4.fc40.src.rpm, noarch): assigned -> open (buildvm-s390x-04.s390.fedoraproject.org)
  114377025 buildArch (plexus-resources-1.3.0-4.fc40.src.rpm, noarch): open (buildvm-s390x-04.s390.fedoraproject.org) -> closed
  0 free  1 open  2 done  0 failed
  114377103 tagBuild (noarch): free
114376903 build (f40-build-side-84857, /rpms/plexus-resources.git:8865216c074de0a6ab0a422358896172d19f08ac): open (buildvm-s390x-01.s390.fedoraproject.org) -> closed
  1 free  0 open  3 done  0 failed
  114377103 tagBuild (noarch): free -> closed
  0 free  0 open  4 done  0 failed

114376903 build (f40-build-side-84857, /rpms/plexus-resources.git:8865216c074de0a6ab0a422358896172d19f08ac) completed successfully
