Cloning into 'plexus-compiler'...
[f40 40b9a68] Rebuilt for java-21-openjdk as system jdk
 1 file changed, 4 insertions(+), 1 deletion(-)
Found a gating.yaml file in the repo and it is properly configured
Building plexus-compiler-2.14.2-3.fc40 for f40-build-side-84857
Created task: 114355359
Task info: https://koji.fedoraproject.org/koji/taskinfo?taskID=114355359
Watching tasks (this may be safely interrupted)...
114355359 build (f40-build-side-84857, /rpms/plexus-compiler.git:40b9a6807f1ced5506683fcfd72a84507c8e7aaf): free
114355359 build (f40-build-side-84857, /rpms/plexus-compiler.git:40b9a6807f1ced5506683fcfd72a84507c8e7aaf): free -> assigned
114355359 build (f40-build-side-84857, /rpms/plexus-compiler.git:40b9a6807f1ced5506683fcfd72a84507c8e7aaf): assigned -> open (buildvm-a64-33.iad2.fedoraproject.org)
  114355371 buildSRPMFromSCM (/rpms/plexus-compiler.git:40b9a6807f1ced5506683fcfd72a84507c8e7aaf): free
  114355371 buildSRPMFromSCM (/rpms/plexus-compiler.git:40b9a6807f1ced5506683fcfd72a84507c8e7aaf): free -> assigned
  114355371 buildSRPMFromSCM (/rpms/plexus-compiler.git:40b9a6807f1ced5506683fcfd72a84507c8e7aaf): assigned -> open (buildvm-a64-21.iad2.fedoraproject.org)
  114355371 buildSRPMFromSCM (/rpms/plexus-compiler.git:40b9a6807f1ced5506683fcfd72a84507c8e7aaf): open (buildvm-a64-21.iad2.fedoraproject.org) -> closed
  0 free  1 open  1 done  0 failed
  114355446 buildArch (plexus-compiler-2.14.2-3.fc40.src.rpm, noarch): free
  114355446 buildArch (plexus-compiler-2.14.2-3.fc40.src.rpm, noarch): free -> assigned
  114355446 buildArch (plexus-compiler-2.14.2-3.fc40.src.rpm, noarch): assigned -> open (buildvm-x86-27.iad2.fedoraproject.org)
  114355446 buildArch (plexus-compiler-2.14.2-3.fc40.src.rpm, noarch): open (buildvm-x86-27.iad2.fedoraproject.org) -> closed
  0 free  1 open  2 done  0 failed
