Cloning into 'plexus-archiver'...
[f40 ca75109] Rebuilt for java-21-openjdk as system jdk
 1 file changed, 4 insertions(+), 1 deletion(-)
Found a gating.yaml file in the repo and it is properly configured
Building plexus-archiver-4.9.1-3.fc40 for f40-build-side-84857
Created task: 114355329
Task info: https://koji.fedoraproject.org/koji/taskinfo?taskID=114355329
Watching tasks (this may be safely interrupted)...
114355329 build (f40-build-side-84857, /rpms/plexus-archiver.git:ca7510984d69d0d7b9aeb7b7dfbe32f8acd132ad): free
114355329 build (f40-build-side-84857, /rpms/plexus-archiver.git:ca7510984d69d0d7b9aeb7b7dfbe32f8acd132ad): free -> assigned
114355329 build (f40-build-side-84857, /rpms/plexus-archiver.git:ca7510984d69d0d7b9aeb7b7dfbe32f8acd132ad): assigned -> open (buildvm-a64-23.iad2.fedoraproject.org)
  114355344 buildSRPMFromSCM (/rpms/plexus-archiver.git:ca7510984d69d0d7b9aeb7b7dfbe32f8acd132ad): free
  114355344 buildSRPMFromSCM (/rpms/plexus-archiver.git:ca7510984d69d0d7b9aeb7b7dfbe32f8acd132ad): free -> assigned
  114355344 buildSRPMFromSCM (/rpms/plexus-archiver.git:ca7510984d69d0d7b9aeb7b7dfbe32f8acd132ad): assigned -> open (buildvm-a64-33.iad2.fedoraproject.org)
  114355344 buildSRPMFromSCM (/rpms/plexus-archiver.git:ca7510984d69d0d7b9aeb7b7dfbe32f8acd132ad): open (buildvm-a64-33.iad2.fedoraproject.org) -> closed
  0 free  1 open  1 done  0 failed
  114355374 buildArch (plexus-archiver-4.9.1-3.fc40.src.rpm, noarch): free
  114355374 buildArch (plexus-archiver-4.9.1-3.fc40.src.rpm, noarch): free -> assigned
  114355374 buildArch (plexus-archiver-4.9.1-3.fc40.src.rpm, noarch): assigned -> open (buildvm-x86-30.iad2.fedoraproject.org)
  114355374 buildArch (plexus-archiver-4.9.1-3.fc40.src.rpm, noarch): open (buildvm-x86-30.iad2.fedoraproject.org) -> closed
  0 free  1 open  2 done  0 failed
  114355500 tagBuild (noarch): free
  114355500 tagBuild (noarch): free -> closed
  0 free  1 open  3 done  0 failed
114355329 build (f40-build-side-84857, /rpms/plexus-archiver.git:ca7510984d69d0d7b9aeb7b7dfbe32f8acd132ad): open (buildvm-a64-23.iad2.fedoraproject.org) -> closed
  0 free  0 open  4 done  0 failed

114355329 build (f40-build-side-84857, /rpms/plexus-archiver.git:ca7510984d69d0d7b9aeb7b7dfbe32f8acd132ad) completed successfully
