Cloning into 'treelayout'...
[f40 f18b12c] Rebuilt for java-21-openjdk as system jdk
 1 file changed, 4 insertions(+), 1 deletion(-)
Building treelayout-1.0.3-23.fc40 for f40-build-side-84857
Created task: 114355811
Task info: https://koji.fedoraproject.org/koji/taskinfo?taskID=114355811
Watching tasks (this may be safely interrupted)...
114355811 build (f40-build-side-84857, /rpms/treelayout.git:f18b12c3e3b05a5ee6aeba13c09eaa5534147942): free
114355811 build (f40-build-side-84857, /rpms/treelayout.git:f18b12c3e3b05a5ee6aeba13c09eaa5534147942): free -> assigned
114355811 build (f40-build-side-84857, /rpms/treelayout.git:f18b12c3e3b05a5ee6aeba13c09eaa5534147942): assigned -> open (buildhw-x86-02.iad2.fedoraproject.org)
  114355846 buildSRPMFromSCM (/rpms/treelayout.git:f18b12c3e3b05a5ee6aeba13c09eaa5534147942): free
  114355846 buildSRPMFromSCM (/rpms/treelayout.git:f18b12c3e3b05a5ee6aeba13c09eaa5534147942): free -> assigned
  114355846 buildSRPMFromSCM (/rpms/treelayout.git:f18b12c3e3b05a5ee6aeba13c09eaa5534147942): assigned -> open (buildvm-x86-05.iad2.fedoraproject.org)
  114355846 buildSRPMFromSCM (/rpms/treelayout.git:f18b12c3e3b05a5ee6aeba13c09eaa5534147942): open (buildvm-x86-05.iad2.fedoraproject.org) -> closed
  0 free  1 open  1 done  0 failed
  114355959 buildArch (treelayout-1.0.3-23.fc40.src.rpm, noarch): free
  114355959 buildArch (treelayout-1.0.3-23.fc40.src.rpm, noarch): free -> assigned
  114355959 buildArch (treelayout-1.0.3-23.fc40.src.rpm, noarch): assigned -> open (buildvm-s390x-03.s390.fedoraproject.org)
  114355959 buildArch (treelayout-1.0.3-23.fc40.src.rpm, noarch): open (buildvm-s390x-03.s390.fedoraproject.org) -> closed
  0 free  1 open  2 done  0 failed
  114356028 tagBuild (noarch): free
  114356028 tagBuild (noarch): free -> assigned
114355811 build (f40-build-side-84857, /rpms/treelayout.git:f18b12c3e3b05a5ee6aeba13c09eaa5534147942): open (buildhw-x86-02.iad2.fedoraproject.org) -> closed
  0 free  1 open  3 done  0 failed
  114356028 tagBuild (noarch): assigned -> closed
  0 free  0 open  4 done  0 failed

114355811 build (f40-build-side-84857, /rpms/treelayout.git:f18b12c3e3b05a5ee6aeba13c09eaa5534147942) completed successfully
