Cloning into 'trilead-ssh2'...
[f40 0216474] Rebuilt for java-21-openjdk as system jdk
 1 file changed, 4 insertions(+), 1 deletion(-)
Building trilead-ssh2-217.21-13.fc40 for f40-build-side-84857
Created task: 114355876
Task info: https://koji.fedoraproject.org/koji/taskinfo?taskID=114355876
Watching tasks (this may be safely interrupted)...
114355876 build (f40-build-side-84857, /rpms/trilead-ssh2.git:02164746375368177400555f8132d830388284b5): free
114355876 build (f40-build-side-84857, /rpms/trilead-ssh2.git:02164746375368177400555f8132d830388284b5): free -> assigned
114355876 build (f40-build-side-84857, /rpms/trilead-ssh2.git:02164746375368177400555f8132d830388284b5): assigned -> open (buildvm-a64-16.iad2.fedoraproject.org)
  114355922 buildSRPMFromSCM (/rpms/trilead-ssh2.git:02164746375368177400555f8132d830388284b5): free
  114355922 buildSRPMFromSCM (/rpms/trilead-ssh2.git:02164746375368177400555f8132d830388284b5): free -> assigned
  114355922 buildSRPMFromSCM (/rpms/trilead-ssh2.git:02164746375368177400555f8132d830388284b5): assigned -> open (buildvm-x86-25.iad2.fedoraproject.org)
  114355922 buildSRPMFromSCM (/rpms/trilead-ssh2.git:02164746375368177400555f8132d830388284b5): open (buildvm-x86-25.iad2.fedoraproject.org) -> closed
  0 free  1 open  1 done  0 failed
  114356007 buildArch (trilead-ssh2-217.21-13.fc40.src.rpm, noarch): free
  114356007 buildArch (trilead-ssh2-217.21-13.fc40.src.rpm, noarch): free -> assigned
  114356007 buildArch (trilead-ssh2-217.21-13.fc40.src.rpm, noarch): assigned -> open (buildvm-s390x-02.s390.fedoraproject.org)
  114356007 buildArch (trilead-ssh2-217.21-13.fc40.src.rpm, noarch): open (buildvm-s390x-02.s390.fedoraproject.org) -> closed
  0 free  1 open  2 done  0 failed
  114356057 tagBuild (noarch): free
  114356057 tagBuild (noarch): free -> assigned
114355876 build (f40-build-side-84857, /rpms/trilead-ssh2.git:02164746375368177400555f8132d830388284b5): open (buildvm-a64-16.iad2.fedoraproject.org) -> closed
  0 free  1 open  3 done  0 failed
  114356057 tagBuild (noarch): assigned -> closed
  0 free  0 open  4 done  0 failed

114355876 build (f40-build-side-84857, /rpms/trilead-ssh2.git:02164746375368177400555f8132d830388284b5) completed successfully
