Cloning into 'tuxguitar'...
[f40 861700b] Rebuilt for java-21-openjdk as system jdk
 1 file changed, 4 insertions(+), 1 deletion(-)
warning: %patchN is deprecated (4 usages found), use %patch N (or %patch -P N)

Building tuxguitar-1.5.4-10.fc40 for f40-build-side-84857
Created task: 114355946
Task info: https://koji.fedoraproject.org/koji/taskinfo?taskID=114355946
Watching tasks (this may be safely interrupted)...
114355946 build (f40-build-side-84857, /rpms/tuxguitar.git:861700be6fcb6e4318bf7dedb334a56d477aa290): free
114355946 build (f40-build-side-84857, /rpms/tuxguitar.git:861700be6fcb6e4318bf7dedb334a56d477aa290): free -> assigned
114355946 build (f40-build-side-84857, /rpms/tuxguitar.git:861700be6fcb6e4318bf7dedb334a56d477aa290): assigned -> open (buildvm-x86-28.iad2.fedoraproject.org)
  114355962 buildSRPMFromSCM (/rpms/tuxguitar.git:861700be6fcb6e4318bf7dedb334a56d477aa290): free
  114355962 buildSRPMFromSCM (/rpms/tuxguitar.git:861700be6fcb6e4318bf7dedb334a56d477aa290): free -> assigned
  114355962 buildSRPMFromSCM (/rpms/tuxguitar.git:861700be6fcb6e4318bf7dedb334a56d477aa290): assigned -> open (buildvm-a64-04.iad2.fedoraproject.org)
  114355962 buildSRPMFromSCM (/rpms/tuxguitar.git:861700be6fcb6e4318bf7dedb334a56d477aa290): open (buildvm-a64-04.iad2.fedoraproject.org) -> closed
  0 free  1 open  1 done  0 failed
  114356020 buildArch (tuxguitar-1.5.4-10.fc40.src.rpm, ppc64le): free
  114356021 buildArch (tuxguitar-1.5.4-10.fc40.src.rpm, s390x): free
  114356016 buildArch (tuxguitar-1.5.4-10.fc40.src.rpm, x86_64): free
  114356018 buildArch (tuxguitar-1.5.4-10.fc40.src.rpm, aarch64): free
  114356020 buildArch (tuxguitar-1.5.4-10.fc40.src.rpm, ppc64le): free -> open (buildvm-ppc64le-31.iad2.fedoraproject.org)
  114356021 buildArch (tuxguitar-1.5.4-10.fc40.src.rpm, s390x): free -> open (buildvm-s390x-03.s390.fedoraproject.org)
  114356016 buildArch (tuxguitar-1.5.4-10.fc40.src.rpm, x86_64): free -> assigned
  114356018 buildArch (tuxguitar-1.5.4-10.fc40.src.rpm, aarch64): free -> open (buildvm-a64-07.iad2.fedoraproject.org)
  114356016 buildArch (tuxguitar-1.5.4-10.fc40.src.rpm, x86_64): assigned -> open (buildhw-x86-04.iad2.fedoraproject.org)
  114356018 buildArch (tuxguitar-1.5.4-10.fc40.src.rpm, aarch64): open (buildvm-a64-07.iad2.fedoraproject.org) -> FAILED: BuildError: error building package (arch aarch64), mock exited with status 1; see build.log or root.log for more information
  Relevant logs:
  https://kojipkgs.fedoraproject.org/work/tasks/6018/114356018/state.log
  https://kojipkgs.fedoraproject.org/work/tasks/6018/114356018/build.log
  https://kojipkgs.fedoraproject.org/work/tasks/6018/114356018/root.log
  https://kojipkgs.fedoraproject.org/work/tasks/6018/114356018/mock_output.log
  https://kojipkgs.fedoraproject.org/work/tasks/6018/114356018/hw_info.log
  0 free  4 open  1 done  1 failed
114355946 build (f40-build-side-84857, /rpms/tuxguitar.git:861700be6fcb6e4318bf7dedb334a56d477aa290): open (buildvm-x86-28.iad2.fedoraproject.org) -> FAILED: BuildError: error building package (arch aarch64), mock exited with status 1; see build.log or root.log for more information
  0 free  3 open  1 done  2 failed
  114356020 buildArch (tuxguitar-1.5.4-10.fc40.src.rpm, ppc64le): open (buildvm-ppc64le-31.iad2.fedoraproject.org) -> canceled
  0 free  2 open  2 done  2 failed
  114356021 buildArch (tuxguitar-1.5.4-10.fc40.src.rpm, s390x): open (buildvm-s390x-03.s390.fedoraproject.org) -> canceled
  0 free  1 open  3 done  2 failed
  114356016 buildArch (tuxguitar-1.5.4-10.fc40.src.rpm, x86_64): open (buildhw-x86-04.iad2.fedoraproject.org) -> canceled
  0 free  0 open  4 done  2 failed

114355946 build (f40-build-side-84857, /rpms/tuxguitar.git:861700be6fcb6e4318bf7dedb334a56d477aa290) failed
