Cloning into 'voms-clients-java'...
[f40 73d5cdc] Rebuilt for java-21-openjdk as system jdk
 1 file changed, 4 insertions(+), 1 deletion(-)
Building voms-clients-java-3.3.2-13.fc40 for f40-build-side-84857
Created task: 114356040
Task info: https://koji.fedoraproject.org/koji/taskinfo?taskID=114356040
Watching tasks (this may be safely interrupted)...
114356040 build (f40-build-side-84857, /rpms/voms-clients-java.git:73d5cdc8d0c218a61e7af844d8d30c34528992e1): free
114356040 build (f40-build-side-84857, /rpms/voms-clients-java.git:73d5cdc8d0c218a61e7af844d8d30c34528992e1): free -> assigned
114356040 build (f40-build-side-84857, /rpms/voms-clients-java.git:73d5cdc8d0c218a61e7af844d8d30c34528992e1): assigned -> open (buildvm-x86-24.iad2.fedoraproject.org)
  114356068 buildSRPMFromSCM (/rpms/voms-clients-java.git:73d5cdc8d0c218a61e7af844d8d30c34528992e1): free
  114356068 buildSRPMFromSCM (/rpms/voms-clients-java.git:73d5cdc8d0c218a61e7af844d8d30c34528992e1): free -> assigned
  114356068 buildSRPMFromSCM (/rpms/voms-clients-java.git:73d5cdc8d0c218a61e7af844d8d30c34528992e1): assigned -> open (buildvm-a64-28.iad2.fedoraproject.org)
  114356068 buildSRPMFromSCM (/rpms/voms-clients-java.git:73d5cdc8d0c218a61e7af844d8d30c34528992e1): open (buildvm-a64-28.iad2.fedoraproject.org) -> closed
  0 free  1 open  1 done  0 failed
  114356132 buildArch (voms-clients-java-3.3.2-13.fc40.src.rpm, noarch): assigned
  114356132 buildArch (voms-clients-java-3.3.2-13.fc40.src.rpm, noarch): assigned -> open (buildhw-x86-11.iad2.fedoraproject.org)
  114356302 tagBuild (noarch): free
  114356132 buildArch (voms-clients-java-3.3.2-13.fc40.src.rpm, noarch): open (buildhw-x86-11.iad2.fedoraproject.org) -> closed
  1 free  1 open  2 done  0 failed
  114356302 tagBuild (noarch): free -> assigned
  114356302 tagBuild (noarch): assigned -> closed
  0 free  1 open  3 done  0 failed
114356040 build (f40-build-side-84857, /rpms/voms-clients-java.git:73d5cdc8d0c218a61e7af844d8d30c34528992e1): open (buildvm-x86-24.iad2.fedoraproject.org) -> closed
  0 free  0 open  4 done  0 failed

114356040 build (f40-build-side-84857, /rpms/voms-clients-java.git:73d5cdc8d0c218a61e7af844d8d30c34528992e1) completed successfully
