Cloning into 'xml-commons-apis'...
[f40 87333cd] Rebuilt for java-21-openjdk as system jdk
 1 file changed, 4 insertions(+), 1 deletion(-)
Found a gating.yaml file in the repo and it is properly configured
Building xml-commons-apis-1.4.01-46.fc40 for f40-build-side-84857
Created task: 114356310
Task info: https://koji.fedoraproject.org/koji/taskinfo?taskID=114356310
Watching tasks (this may be safely interrupted)...
114356310 build (f40-build-side-84857, /rpms/xml-commons-apis.git:87333cd57e727b37b7402be6987d067d646174bf): free
114356310 build (f40-build-side-84857, /rpms/xml-commons-apis.git:87333cd57e727b37b7402be6987d067d646174bf): free -> assigned
114356310 build (f40-build-side-84857, /rpms/xml-commons-apis.git:87333cd57e727b37b7402be6987d067d646174bf): assigned -> open (buildhw-x86-12.iad2.fedoraproject.org)
  114356337 buildSRPMFromSCM (/rpms/xml-commons-apis.git:87333cd57e727b37b7402be6987d067d646174bf): free
  114356337 buildSRPMFromSCM (/rpms/xml-commons-apis.git:87333cd57e727b37b7402be6987d067d646174bf): free -> assigned
  114356337 buildSRPMFromSCM (/rpms/xml-commons-apis.git:87333cd57e727b37b7402be6987d067d646174bf): assigned -> open (buildvm-x86-23.iad2.fedoraproject.org)
  114356337 buildSRPMFromSCM (/rpms/xml-commons-apis.git:87333cd57e727b37b7402be6987d067d646174bf): open (buildvm-x86-23.iad2.fedoraproject.org) -> closed
  0 free  1 open  1 done  0 failed
  114356548 buildArch (xml-commons-apis-1.4.01-46.fc40.src.rpm, noarch): free
  114356548 buildArch (xml-commons-apis-1.4.01-46.fc40.src.rpm, noarch): free -> assigned
  114356548 buildArch (xml-commons-apis-1.4.01-46.fc40.src.rpm, noarch): assigned -> open (buildvm-ppc64le-13.iad2.fedoraproject.org)
  114356548 buildArch (xml-commons-apis-1.4.01-46.fc40.src.rpm, noarch): open (buildvm-ppc64le-13.iad2.fedoraproject.org) -> closed
  0 free  1 open  2 done  0 failed
  114356765 tagBuild (noarch): assigned
  114356765 tagBuild (noarch): assigned -> closed
  0 free  1 open  3 done  0 failed
114356310 build (f40-build-side-84857, /rpms/xml-commons-apis.git:87333cd57e727b37b7402be6987d067d646174bf): open (buildhw-x86-12.iad2.fedoraproject.org) -> closed
  0 free  0 open  4 done  0 failed

114356310 build (f40-build-side-84857, /rpms/xml-commons-apis.git:87333cd57e727b37b7402be6987d067d646174bf) completed successfully
