Cloning into 'xmlpull'...
[f40 2f4abce] Rebuilt for java-21-openjdk as system jdk
 1 file changed, 4 insertions(+), 1 deletion(-)
Building xmlpull-1.2.0-9.fc40 for f40-build-side-84857
Created task: 114356458
Task info: https://koji.fedoraproject.org/koji/taskinfo?taskID=114356458
Watching tasks (this may be safely interrupted)...
114356458 build (f40-build-side-84857, /rpms/xmlpull.git:2f4abce19e0502d4da2483166617ce8430e6e28e): free
114356458 build (f40-build-side-84857, /rpms/xmlpull.git:2f4abce19e0502d4da2483166617ce8430e6e28e): free -> assigned
114356458 build (f40-build-side-84857, /rpms/xmlpull.git:2f4abce19e0502d4da2483166617ce8430e6e28e): assigned -> open (buildhw-x86-07.iad2.fedoraproject.org)
  114356469 buildSRPMFromSCM (/rpms/xmlpull.git:2f4abce19e0502d4da2483166617ce8430e6e28e): free
  114356469 buildSRPMFromSCM (/rpms/xmlpull.git:2f4abce19e0502d4da2483166617ce8430e6e28e): free -> assigned
  114356469 buildSRPMFromSCM (/rpms/xmlpull.git:2f4abce19e0502d4da2483166617ce8430e6e28e): assigned -> open (buildvm-a64-26.iad2.fedoraproject.org)
  114356469 buildSRPMFromSCM (/rpms/xmlpull.git:2f4abce19e0502d4da2483166617ce8430e6e28e): open (buildvm-a64-26.iad2.fedoraproject.org) -> closed
  0 free  1 open  1 done  0 failed
  114356589 buildArch (xmlpull-1.2.0-9.fc40.src.rpm, noarch): free
  114356589 buildArch (xmlpull-1.2.0-9.fc40.src.rpm, noarch): free -> assigned
  114356589 buildArch (xmlpull-1.2.0-9.fc40.src.rpm, noarch): assigned -> open (buildhw-x86-04.iad2.fedoraproject.org)
  114356589 buildArch (xmlpull-1.2.0-9.fc40.src.rpm, noarch): open (buildhw-x86-04.iad2.fedoraproject.org) -> closed
  0 free  1 open  2 done  0 failed
  114356778 tagBuild (noarch): free
  114356778 tagBuild (noarch): free -> closed
  0 free  1 open  3 done  0 failed
114356458 build (f40-build-side-84857, /rpms/xmlpull.git:2f4abce19e0502d4da2483166617ce8430e6e28e): open (buildhw-x86-07.iad2.fedoraproject.org) -> closed
  0 free  0 open  4 done  0 failed

114356458 build (f40-build-side-84857, /rpms/xmlpull.git:2f4abce19e0502d4da2483166617ce8430e6e28e) completed successfully
