Cloning into 'xmlunit'...
[f40 724e9ff] Rebuilt for java-21-openjdk as system jdk
 1 file changed, 4 insertions(+), 1 deletion(-)
Found a gating.yaml file in the repo and it is properly configured
Building xmlunit-2.9.0-11.fc40 for f40-build-side-84857
Created task: 114356503
Task info: https://koji.fedoraproject.org/koji/taskinfo?taskID=114356503
Watching tasks (this may be safely interrupted)...
114356503 build (f40-build-side-84857, /rpms/xmlunit.git:724e9ff95875afcace28c700e4eff2ce0740b36a): free
114356503 build (f40-build-side-84857, /rpms/xmlunit.git:724e9ff95875afcace28c700e4eff2ce0740b36a): free -> assigned
114356503 build (f40-build-side-84857, /rpms/xmlunit.git:724e9ff95875afcace28c700e4eff2ce0740b36a): assigned -> open (buildvm-s390x-02.s390.fedoraproject.org)
  114356525 buildSRPMFromSCM (/rpms/xmlunit.git:724e9ff95875afcace28c700e4eff2ce0740b36a): free
  114356525 buildSRPMFromSCM (/rpms/xmlunit.git:724e9ff95875afcace28c700e4eff2ce0740b36a): free -> assigned
  114356525 buildSRPMFromSCM (/rpms/xmlunit.git:724e9ff95875afcace28c700e4eff2ce0740b36a): assigned -> open (buildvm-x86-13.iad2.fedoraproject.org)
  114356525 buildSRPMFromSCM (/rpms/xmlunit.git:724e9ff95875afcace28c700e4eff2ce0740b36a): open (buildvm-x86-13.iad2.fedoraproject.org) -> closed
  0 free  1 open  1 done  0 failed
  114356592 buildArch (xmlunit-2.9.0-11.fc40.src.rpm, noarch): free
  114356592 buildArch (xmlunit-2.9.0-11.fc40.src.rpm, noarch): free -> assigned
  114356592 buildArch (xmlunit-2.9.0-11.fc40.src.rpm, noarch): assigned -> open (buildhw-x86-14.iad2.fedoraproject.org)
  114356592 buildArch (xmlunit-2.9.0-11.fc40.src.rpm, noarch): open (buildhw-x86-14.iad2.fedoraproject.org) -> closed
  0 free  1 open  2 done  0 failed
  114356783 tagBuild (noarch): free
  114356783 tagBuild (noarch): free -> closed
  0 free  1 open  3 done  0 failed
114356503 build (f40-build-side-84857, /rpms/xmlunit.git:724e9ff95875afcace28c700e4eff2ce0740b36a): open (buildvm-s390x-02.s390.fedoraproject.org) -> closed
  0 free  0 open  4 done  0 failed

114356503 build (f40-build-side-84857, /rpms/xmlunit.git:724e9ff95875afcace28c700e4eff2ce0740b36a) completed successfully
