Cloning into 'ant'...
[rawhide 26da6fd] Rebuilt for java-17-openjdk as system jdk
 1 file changed, 4 insertions(+), 1 deletion(-)
Building ant-1.10.12-3.fc36 for f36-java17
Created task: 82423115
Task info: https://koji.fedoraproject.org/koji/taskinfo?taskID=82423115
Watching tasks (this may be safely interrupted)...
82423115 build (f36-java17, /rpms/ant.git:26da6fdc77cff4e3d6e42e17ca2751ba393540c2): free
82423115 build (f36-java17, /rpms/ant.git:26da6fdc77cff4e3d6e42e17ca2751ba393540c2): free -> open (buildvm-s390x-21.s390.fedoraproject.org)
  82423128 buildSRPMFromSCM (/rpms/ant.git:26da6fdc77cff4e3d6e42e17ca2751ba393540c2): free
  82423128 buildSRPMFromSCM (/rpms/ant.git:26da6fdc77cff4e3d6e42e17ca2751ba393540c2): free -> open (buildvm-ppc64le-09.iad2.fedoraproject.org)
  82423128 buildSRPMFromSCM (/rpms/ant.git:26da6fdc77cff4e3d6e42e17ca2751ba393540c2): open (buildvm-ppc64le-09.iad2.fedoraproject.org) -> closed
  0 free  1 open  1 done  0 failed
  82423218 buildArch (ant-1.10.12-3.fc36.src.rpm, noarch): free
  82423218 buildArch (ant-1.10.12-3.fc36.src.rpm, noarch): free -> open (buildvm-s390x-21.s390.fedoraproject.org)
  82423218 buildArch (ant-1.10.12-3.fc36.src.rpm, noarch): open (buildvm-s390x-21.s390.fedoraproject.org) -> closed
  0 free  1 open  2 done  0 failed
  82423283 tagBuild (noarch): closed
82423115 build (f36-java17, /rpms/ant.git:26da6fdc77cff4e3d6e42e17ca2751ba393540c2): open (buildvm-s390x-21.s390.fedoraproject.org) -> closed
  0 free  0 open  4 done  0 failed

82423115 build (f36-java17, /rpms/ant.git:26da6fdc77cff4e3d6e42e17ca2751ba393540c2) completed successfully
