Cloning into 'antlr'...
[rawhide b60351c] Rebuilt for java-17-openjdk as system jdk
 1 file changed, 4 insertions(+), 1 deletion(-)
Building antlr-2.7.7-69.fc36 for f36-java17
Created task: 82423156
Task info: https://koji.fedoraproject.org/koji/taskinfo?taskID=82423156
Watching tasks (this may be safely interrupted)...
82423156 build (f36-java17, /rpms/antlr.git:b60351c72dd3a03c0a55adaaf867b64285548bc0): free
82423156 build (f36-java17, /rpms/antlr.git:b60351c72dd3a03c0a55adaaf867b64285548bc0): free -> open (buildhw-x86-14.iad2.fedoraproject.org)
  82423172 buildSRPMFromSCM (/rpms/antlr.git:b60351c72dd3a03c0a55adaaf867b64285548bc0): free
  82423172 buildSRPMFromSCM (/rpms/antlr.git:b60351c72dd3a03c0a55adaaf867b64285548bc0): free -> open (buildvm-ppc64le-36.iad2.fedoraproject.org)
  82423227 buildArch (antlr-2.7.7-69.fc36.src.rpm, armv7hl): free
  82423228 buildArch (antlr-2.7.7-69.fc36.src.rpm, i686): free
  82423172 buildSRPMFromSCM (/rpms/antlr.git:b60351c72dd3a03c0a55adaaf867b64285548bc0): open (buildvm-ppc64le-36.iad2.fedoraproject.org) -> closed
  2 free  1 open  1 done  0 failed
  82423230 buildArch (antlr-2.7.7-69.fc36.src.rpm, aarch64): open (buildvm-a64-03.iad2.fedoraproject.org)
  82423229 buildArch (antlr-2.7.7-69.fc36.src.rpm, x86_64): free
  82423231 buildArch (antlr-2.7.7-69.fc36.src.rpm, ppc64le): free
  82423232 buildArch (antlr-2.7.7-69.fc36.src.rpm, s390x): open (buildvm-s390x-14.s390.fedoraproject.org)
  82423227 buildArch (antlr-2.7.7-69.fc36.src.rpm, armv7hl): free -> open (buildvm-a32-12.iad2.fedoraproject.org)
  82423228 buildArch (antlr-2.7.7-69.fc36.src.rpm, i686): free -> open (buildvm-x86-15.iad2.fedoraproject.org)
  82423231 buildArch (antlr-2.7.7-69.fc36.src.rpm, ppc64le): free -> open (buildvm-ppc64le-35.iad2.fedoraproject.org)
  82423229 buildArch (antlr-2.7.7-69.fc36.src.rpm, x86_64): free -> open (buildvm-x86-04.iad2.fedoraproject.org)
  82423232 buildArch (antlr-2.7.7-69.fc36.src.rpm, s390x): open (buildvm-s390x-14.s390.fedoraproject.org) -> closed
  0 free  6 open  2 done  0 failed
  82423229 buildArch (antlr-2.7.7-69.fc36.src.rpm, x86_64): open (buildvm-x86-04.iad2.fedoraproject.org) -> closed
  0 free  5 open  3 done  0 failed
  82423231 buildArch (antlr-2.7.7-69.fc36.src.rpm, ppc64le): open (buildvm-ppc64le-35.iad2.fedoraproject.org) -> closed
  0 free  4 open  4 done  0 failed
  82423230 buildArch (antlr-2.7.7-69.fc36.src.rpm, aarch64): open (buildvm-a64-03.iad2.fedoraproject.org) -> closed
  0 free  3 open  5 done  0 failed
  82423227 buildArch (antlr-2.7.7-69.fc36.src.rpm, armv7hl): open (buildvm-a32-12.iad2.fedoraproject.org) -> closed
  0 free  2 open  6 done  0 failed
  82423304 tagBuild (noarch): free
  82423228 buildArch (antlr-2.7.7-69.fc36.src.rpm, i686): open (buildvm-x86-15.iad2.fedoraproject.org) -> closed
  1 free  1 open  7 done  0 failed
  82423304 tagBuild (noarch): free -> closed
  0 free  1 open  8 done  0 failed
82423156 build (f36-java17, /rpms/antlr.git:b60351c72dd3a03c0a55adaaf867b64285548bc0): open (buildhw-x86-14.iad2.fedoraproject.org) -> closed
  0 free  0 open  9 done  0 failed

82423156 build (f36-java17, /rpms/antlr.git:b60351c72dd3a03c0a55adaaf867b64285548bc0) completed successfully
