Cloning into 'antlr4-project'...
[rawhide 8643904] Rebuilt for java-17-openjdk as system jdk
 1 file changed, 4 insertions(+), 1 deletion(-)
Building antlr4-project-4.9.3-3.fc36 for f36-java17
Created task: 82423213
Task info: https://koji.fedoraproject.org/koji/taskinfo?taskID=82423213
Watching tasks (this may be safely interrupted)...
82423213 build (f36-java17, /rpms/antlr4-project.git:8643904e2346b550ccfe28ae439893d9f78287b0): free
82423213 build (f36-java17, /rpms/antlr4-project.git:8643904e2346b550ccfe28ae439893d9f78287b0): free -> open (buildvm-s390x-21.s390.fedoraproject.org)
  82423214 buildSRPMFromSCM (/rpms/antlr4-project.git:8643904e2346b550ccfe28ae439893d9f78287b0): free
  82423214 buildSRPMFromSCM (/rpms/antlr4-project.git:8643904e2346b550ccfe28ae439893d9f78287b0): free -> open (buildvm-ppc64le-33.iad2.fedoraproject.org)
  82423254 buildArch (antlr4-project-4.9.3-3.fc36.src.rpm, i686): free
  82423256 buildArch (antlr4-project-4.9.3-3.fc36.src.rpm, aarch64): open (buildvm-a64-22.iad2.fedoraproject.org)
  82423257 buildArch (antlr4-project-4.9.3-3.fc36.src.rpm, ppc64le): free
  82423255 buildArch (antlr4-project-4.9.3-3.fc36.src.rpm, x86_64): free
  82423253 buildArch (antlr4-project-4.9.3-3.fc36.src.rpm, armv7hl): open (buildvm-a32-06.iad2.fedoraproject.org)
  82423258 buildArch (antlr4-project-4.9.3-3.fc36.src.rpm, s390x): open (buildvm-s390x-29.s390.fedoraproject.org)
  82423214 buildSRPMFromSCM (/rpms/antlr4-project.git:8643904e2346b550ccfe28ae439893d9f78287b0): open (buildvm-ppc64le-33.iad2.fedoraproject.org) -> closed
  3 free  4 open  1 done  0 failed
  82423254 buildArch (antlr4-project-4.9.3-3.fc36.src.rpm, i686): free -> open (buildvm-x86-05.iad2.fedoraproject.org)
  82423255 buildArch (antlr4-project-4.9.3-3.fc36.src.rpm, x86_64): free -> open (buildvm-x86-25.iad2.fedoraproject.org)
  82423257 buildArch (antlr4-project-4.9.3-3.fc36.src.rpm, ppc64le): free -> open (buildvm-ppc64le-09.iad2.fedoraproject.org)
  82423257 buildArch (antlr4-project-4.9.3-3.fc36.src.rpm, ppc64le): open (buildvm-ppc64le-09.iad2.fedoraproject.org) -> closed
  0 free  6 open  2 done  0 failed
  82423255 buildArch (antlr4-project-4.9.3-3.fc36.src.rpm, x86_64): open (buildvm-x86-25.iad2.fedoraproject.org) -> closed
  0 free  5 open  3 done  0 failed
  82423258 buildArch (antlr4-project-4.9.3-3.fc36.src.rpm, s390x): open (buildvm-s390x-29.s390.fedoraproject.org) -> closed
  0 free  4 open  4 done  0 failed
  82423256 buildArch (antlr4-project-4.9.3-3.fc36.src.rpm, aarch64): open (buildvm-a64-22.iad2.fedoraproject.org) -> closed
  0 free  3 open  5 done  0 failed
  82423254 buildArch (antlr4-project-4.9.3-3.fc36.src.rpm, i686): open (buildvm-x86-05.iad2.fedoraproject.org) -> closed
  0 free  2 open  6 done  0 failed
  82423253 buildArch (antlr4-project-4.9.3-3.fc36.src.rpm, armv7hl): open (buildvm-a32-06.iad2.fedoraproject.org) -> closed
  0 free  1 open  7 done  0 failed
  82423519 tagBuild (noarch): closed
82423213 build (f36-java17, /rpms/antlr4-project.git:8643904e2346b550ccfe28ae439893d9f78287b0): open (buildvm-s390x-21.s390.fedoraproject.org) -> closed
  0 free  0 open  9 done  0 failed

82423213 build (f36-java17, /rpms/antlr4-project.git:8643904e2346b550ccfe28ae439893d9f78287b0) completed successfully
