Cloning into 'aopalliance'...
[rawhide 7b5f7c2] Rebuilt for java-17-openjdk as system jdk
 1 file changed, 4 insertions(+), 1 deletion(-)
Building aopalliance-1.0-28.fc36 for f36-java17
Created task: 82423242
Task info: https://koji.fedoraproject.org/koji/taskinfo?taskID=82423242
Watching tasks (this may be safely interrupted)...
82423242 build (f36-java17, /rpms/aopalliance.git:7b5f7c2c24b7afe12bc1a8d8ab6bd7c9b45543af): free
82423242 build (f36-java17, /rpms/aopalliance.git:7b5f7c2c24b7afe12bc1a8d8ab6bd7c9b45543af): free -> open (buildvm-ppc64le-38.iad2.fedoraproject.org)
  82423249 buildSRPMFromSCM (/rpms/aopalliance.git:7b5f7c2c24b7afe12bc1a8d8ab6bd7c9b45543af): free
  82423249 buildSRPMFromSCM (/rpms/aopalliance.git:7b5f7c2c24b7afe12bc1a8d8ab6bd7c9b45543af): free -> open (buildvm-ppc64le-11.iad2.fedoraproject.org)
  82423249 buildSRPMFromSCM (/rpms/aopalliance.git:7b5f7c2c24b7afe12bc1a8d8ab6bd7c9b45543af): open (buildvm-ppc64le-11.iad2.fedoraproject.org) -> closed
  0 free  1 open  1 done  0 failed
  82423272 buildArch (aopalliance-1.0-28.fc36.src.rpm, noarch): open (buildvm-x86-31.iad2.fedoraproject.org)
  82423272 buildArch (aopalliance-1.0-28.fc36.src.rpm, noarch): open (buildvm-x86-31.iad2.fedoraproject.org) -> closed
  0 free  1 open  2 done  0 failed
82423242 build (f36-java17, /rpms/aopalliance.git:7b5f7c2c24b7afe12bc1a8d8ab6bd7c9b45543af): open (buildvm-ppc64le-38.iad2.fedoraproject.org) -> closed
  0 free  0 open  3 done  0 failed
  82423301 tagBuild (noarch): closed

82423242 build (f36-java17, /rpms/aopalliance.git:7b5f7c2c24b7afe12bc1a8d8ab6bd7c9b45543af) completed successfully
