Cloning into 'apache-commons-logging'...
[rawhide e05f2c0] Rebuilt for java-17-openjdk as system jdk
 1 file changed, 4 insertions(+), 1 deletion(-)
Building apache-commons-logging-1.2-30.fc36 for f36-java17
Created task: 82423374
Task info: https://koji.fedoraproject.org/koji/taskinfo?taskID=82423374
Watching tasks (this may be safely interrupted)...
82423374 build (f36-java17, /rpms/apache-commons-logging.git:e05f2c0c8c1131d2e22b0947e9afc754e08571ae): free
82423374 build (f36-java17, /rpms/apache-commons-logging.git:e05f2c0c8c1131d2e22b0947e9afc754e08571ae): free -> open (buildvm-ppc64le-15.iad2.fedoraproject.org)
  82423375 buildSRPMFromSCM (/rpms/apache-commons-logging.git:e05f2c0c8c1131d2e22b0947e9afc754e08571ae): open (buildvm-ppc64le-21.iad2.fedoraproject.org)
  82423375 buildSRPMFromSCM (/rpms/apache-commons-logging.git:e05f2c0c8c1131d2e22b0947e9afc754e08571ae): open (buildvm-ppc64le-21.iad2.fedoraproject.org) -> closed
  0 free  1 open  1 done  0 failed
  82423471 buildArch (apache-commons-logging-1.2-30.fc36.src.rpm, noarch): open (buildvm-ppc64le-21.iad2.fedoraproject.org)
  82423471 buildArch (apache-commons-logging-1.2-30.fc36.src.rpm, noarch): open (buildvm-ppc64le-21.iad2.fedoraproject.org) -> closed
  0 free  1 open  2 done  0 failed
  82423514 tagBuild (noarch): open (buildvm-x86-15.iad2.fedoraproject.org)
82423374 build (f36-java17, /rpms/apache-commons-logging.git:e05f2c0c8c1131d2e22b0947e9afc754e08571ae): open (buildvm-ppc64le-15.iad2.fedoraproject.org) -> closed
  0 free  1 open  3 done  0 failed
  82423514 tagBuild (noarch): open (buildvm-x86-15.iad2.fedoraproject.org) -> closed
  0 free  0 open  4 done  0 failed

82423374 build (f36-java17, /rpms/apache-commons-logging.git:e05f2c0c8c1131d2e22b0947e9afc754e08571ae) completed successfully
