Cloning into 'apache-commons-io'...
[rawhide 6e73feb] Rebuilt for java-17-openjdk as system jdk
 1 file changed, 4 insertions(+), 1 deletion(-)
Building apache-commons-io-2.8.0-7.fc36 for f36-java17
Created task: 82423311
Task info: https://koji.fedoraproject.org/koji/taskinfo?taskID=82423311
Watching tasks (this may be safely interrupted)...
82423311 build (f36-java17, /rpms/apache-commons-io.git:6e73feb2f17403280d0a6131f77e10862381a4a7): free
82423311 build (f36-java17, /rpms/apache-commons-io.git:6e73feb2f17403280d0a6131f77e10862381a4a7): free -> open (buildvm-x86-08.iad2.fedoraproject.org)
  82423312 buildSRPMFromSCM (/rpms/apache-commons-io.git:6e73feb2f17403280d0a6131f77e10862381a4a7): open (buildvm-x86-08.iad2.fedoraproject.org)
  82423356 buildArch (apache-commons-io-2.8.0-7.fc36.src.rpm, noarch): open (buildvm-x86-08.iad2.fedoraproject.org)
  82423312 buildSRPMFromSCM (/rpms/apache-commons-io.git:6e73feb2f17403280d0a6131f77e10862381a4a7): open (buildvm-x86-08.iad2.fedoraproject.org) -> closed
  0 free  2 open  1 done  0 failed
  82423356 buildArch (apache-commons-io-2.8.0-7.fc36.src.rpm, noarch): open (buildvm-x86-08.iad2.fedoraproject.org) -> closed
  0 free  1 open  2 done  0 failed
  82423492 tagBuild (noarch): free
  82423492 tagBuild (noarch): free -> closed
  0 free  1 open  3 done  0 failed
82423311 build (f36-java17, /rpms/apache-commons-io.git:6e73feb2f17403280d0a6131f77e10862381a4a7): open (buildvm-x86-08.iad2.fedoraproject.org) -> closed
  0 free  0 open  4 done  0 failed

82423311 build (f36-java17, /rpms/apache-commons-io.git:6e73feb2f17403280d0a6131f77e10862381a4a7) completed successfully
