Cloning into 'apache-commons-collections'...
[rawhide 52c6905] Rebuilt for java-17-openjdk as system jdk
 1 file changed, 4 insertions(+), 1 deletion(-)
Building apache-commons-collections-3.2.2-27.fc36 for f36-java17
Created task: 82423270
Task info: https://koji.fedoraproject.org/koji/taskinfo?taskID=82423270
Watching tasks (this may be safely interrupted)...
82423270 build (f36-java17, /rpms/apache-commons-collections.git:52c69056205dda2dbed96d57fa484620b679e348): open (buildvm-x86-13.iad2.fedoraproject.org)
  82423271 buildSRPMFromSCM (/rpms/apache-commons-collections.git:52c69056205dda2dbed96d57fa484620b679e348): free
  82423271 buildSRPMFromSCM (/rpms/apache-commons-collections.git:52c69056205dda2dbed96d57fa484620b679e348): free -> open (buildvm-x86-13.iad2.fedoraproject.org)
  82423280 buildArch (apache-commons-collections-3.2.2-27.fc36.src.rpm, noarch): open (buildvm-x86-07.iad2.fedoraproject.org)
  82423271 buildSRPMFromSCM (/rpms/apache-commons-collections.git:52c69056205dda2dbed96d57fa484620b679e348): open (buildvm-x86-13.iad2.fedoraproject.org) -> closed
  0 free  2 open  1 done  0 failed
  82423310 tagBuild (noarch): open (buildvm-x86-13.iad2.fedoraproject.org)
  82423280 buildArch (apache-commons-collections-3.2.2-27.fc36.src.rpm, noarch): open (buildvm-x86-07.iad2.fedoraproject.org) -> closed
  0 free  2 open  2 done  0 failed
82423270 build (f36-java17, /rpms/apache-commons-collections.git:52c69056205dda2dbed96d57fa484620b679e348): open (buildvm-x86-13.iad2.fedoraproject.org) -> closed
  0 free  1 open  3 done  0 failed
  82423310 tagBuild (noarch): open (buildvm-x86-13.iad2.fedoraproject.org) -> closed
  0 free  0 open  4 done  0 failed

82423270 build (f36-java17, /rpms/apache-commons-collections.git:52c69056205dda2dbed96d57fa484620b679e348) completed successfully
