Cloning into 'apache-commons-beanutils'...
[rawhide f38ffc7] Rebuilt for java-17-openjdk as system jdk
 1 file changed, 4 insertions(+), 1 deletion(-)
Building apache-commons-beanutils-1.9.4-10.fc36 for f36-java17
Created task: 82423250
Task info: https://koji.fedoraproject.org/koji/taskinfo?taskID=82423250
Watching tasks (this may be safely interrupted)...
82423250 build (f36-java17, /rpms/apache-commons-beanutils.git:f38ffc7df8845f8894df7924ad921beaffa4a9e5): free
82423250 build (f36-java17, /rpms/apache-commons-beanutils.git:f38ffc7df8845f8894df7924ad921beaffa4a9e5): free -> open (buildvm-ppc64le-32.iad2.fedoraproject.org)
  82423251 buildSRPMFromSCM (/rpms/apache-commons-beanutils.git:f38ffc7df8845f8894df7924ad921beaffa4a9e5): open (buildvm-ppc64le-32.iad2.fedoraproject.org)
  82423251 buildSRPMFromSCM (/rpms/apache-commons-beanutils.git:f38ffc7df8845f8894df7924ad921beaffa4a9e5): open (buildvm-ppc64le-32.iad2.fedoraproject.org) -> closed
  0 free  1 open  1 done  0 failed
  82423274 buildArch (apache-commons-beanutils-1.9.4-10.fc36.src.rpm, noarch): free
  82423274 buildArch (apache-commons-beanutils-1.9.4-10.fc36.src.rpm, noarch): free -> open (buildvm-x86-30.iad2.fedoraproject.org)
82423250 build (f36-java17, /rpms/apache-commons-beanutils.git:f38ffc7df8845f8894df7924ad921beaffa4a9e5): open (buildvm-ppc64le-32.iad2.fedoraproject.org) -> closed
  0 free  1 open  2 done  0 failed
  82423335 tagBuild (noarch): closed
  82423274 buildArch (apache-commons-beanutils-1.9.4-10.fc36.src.rpm, noarch): open (buildvm-x86-30.iad2.fedoraproject.org) -> closed
  0 free  0 open  4 done  0 failed

82423250 build (f36-java17, /rpms/apache-commons-beanutils.git:f38ffc7df8845f8894df7924ad921beaffa4a9e5) completed successfully
