Cloning into 'apache-commons-math'...
[rawhide fc607f8] Rebuilt for java-17-openjdk as system jdk
 1 file changed, 4 insertions(+), 1 deletion(-)
Building apache-commons-math-3.6.1-10.fc36 for f36-java17
Created task: 82423404
Task info: https://koji.fedoraproject.org/koji/taskinfo?taskID=82423404
Watching tasks (this may be safely interrupted)...
82423404 build (f36-java17, /rpms/apache-commons-math.git:fc607f8fe33a41cfe1a164798121b667bb4c104d): free
82423404 build (f36-java17, /rpms/apache-commons-math.git:fc607f8fe33a41cfe1a164798121b667bb4c104d): free -> open (buildvm-x86-25.iad2.fedoraproject.org)
  82423405 buildSRPMFromSCM (/rpms/apache-commons-math.git:fc607f8fe33a41cfe1a164798121b667bb4c104d): free
  82423405 buildSRPMFromSCM (/rpms/apache-commons-math.git:fc607f8fe33a41cfe1a164798121b667bb4c104d): free -> open (buildvm-ppc64le-38.iad2.fedoraproject.org)
  82423473 buildArch (apache-commons-math-3.6.1-10.fc36.src.rpm, noarch): free
  82423405 buildSRPMFromSCM (/rpms/apache-commons-math.git:fc607f8fe33a41cfe1a164798121b667bb4c104d): open (buildvm-ppc64le-38.iad2.fedoraproject.org) -> closed
  1 free  1 open  1 done  0 failed
  82423473 buildArch (apache-commons-math-3.6.1-10.fc36.src.rpm, noarch): free -> open (buildvm-x86-16.iad2.fedoraproject.org)
  82423473 buildArch (apache-commons-math-3.6.1-10.fc36.src.rpm, noarch): open (buildvm-x86-16.iad2.fedoraproject.org) -> closed
  0 free  1 open  2 done  0 failed
  82428707 tagBuild (noarch): free
  82428707 tagBuild (noarch): free -> closed
  0 free  1 open  3 done  0 failed
82423404 build (f36-java17, /rpms/apache-commons-math.git:fc607f8fe33a41cfe1a164798121b667bb4c104d): open (buildvm-x86-25.iad2.fedoraproject.org) -> closed
  0 free  0 open  4 done  0 failed

82423404 build (f36-java17, /rpms/apache-commons-math.git:fc607f8fe33a41cfe1a164798121b667bb4c104d) completed successfully
