Cloning into 'apache-commons-pool'...
[rawhide 9d35c5d] Rebuilt for java-17-openjdk as system jdk
 1 file changed, 4 insertions(+), 1 deletion(-)
Building apache-commons-pool-1.6-29.fc36 for f36-java17
Created task: 82423483
Task info: https://koji.fedoraproject.org/koji/taskinfo?taskID=82423483
Watching tasks (this may be safely interrupted)...
82423483 build (f36-java17, /rpms/apache-commons-pool.git:9d35c5d99d678eb208f7fa34ab9c586a263a18e9): free
82423483 build (f36-java17, /rpms/apache-commons-pool.git:9d35c5d99d678eb208f7fa34ab9c586a263a18e9): free -> open (buildvm-ppc64le-33.iad2.fedoraproject.org)
  82423491 buildSRPMFromSCM (/rpms/apache-commons-pool.git:9d35c5d99d678eb208f7fa34ab9c586a263a18e9): open (buildvm-x86-06.iad2.fedoraproject.org)
  82423491 buildSRPMFromSCM (/rpms/apache-commons-pool.git:9d35c5d99d678eb208f7fa34ab9c586a263a18e9): open (buildvm-x86-06.iad2.fedoraproject.org) -> closed
  0 free  1 open  1 done  0 failed
  82423504 buildArch (apache-commons-pool-1.6-29.fc36.src.rpm, noarch): free
  82423504 buildArch (apache-commons-pool-1.6-29.fc36.src.rpm, noarch): free -> open (buildvm-ppc64le-35.iad2.fedoraproject.org)
  82423504 buildArch (apache-commons-pool-1.6-29.fc36.src.rpm, noarch): open (buildvm-ppc64le-35.iad2.fedoraproject.org) -> closed
  0 free  1 open  2 done  0 failed
  82423621 tagBuild (noarch): free
  82423621 tagBuild (noarch): free -> closed
  0 free  1 open  3 done  0 failed
82423483 build (f36-java17, /rpms/apache-commons-pool.git:9d35c5d99d678eb208f7fa34ab9c586a263a18e9): open (buildvm-ppc64le-33.iad2.fedoraproject.org) -> closed
  0 free  0 open  4 done  0 failed

82423483 build (f36-java17, /rpms/apache-commons-pool.git:9d35c5d99d678eb208f7fa34ab9c586a263a18e9) completed successfully
