Cloning into 'apron'...
[rawhide e31174f] Rebuilt for java-17-openjdk as system jdk
 1 file changed, 4 insertions(+), 1 deletion(-)
Building apron-0.9.13-10.fc36 for f36-java17
Created task: 82423522
Task info: https://koji.fedoraproject.org/koji/taskinfo?taskID=82423522
Watching tasks (this may be safely interrupted)...
82423522 build (f36-java17, /rpms/apron.git:e31174ff5d328083058bfb49ff06fb4fefb0d775): open (buildvm-x86-23.iad2.fedoraproject.org)
  82423523 buildSRPMFromSCM (/rpms/apron.git:e31174ff5d328083058bfb49ff06fb4fefb0d775): free
  82423523 buildSRPMFromSCM (/rpms/apron.git:e31174ff5d328083058bfb49ff06fb4fefb0d775): free -> open (buildvm-x86-05.iad2.fedoraproject.org)
  82423523 buildSRPMFromSCM (/rpms/apron.git:e31174ff5d328083058bfb49ff06fb4fefb0d775): open (buildvm-x86-05.iad2.fedoraproject.org) -> closed
  0 free  1 open  1 done  0 failed
  82423541 buildArch (apron-0.9.13-10.fc36.src.rpm, i686): free
  82423544 buildArch (apron-0.9.13-10.fc36.src.rpm, ppc64le): free
  82423545 buildArch (apron-0.9.13-10.fc36.src.rpm, s390x): free
  82423542 buildArch (apron-0.9.13-10.fc36.src.rpm, x86_64): free
  82423540 buildArch (apron-0.9.13-10.fc36.src.rpm, armv7hl): open (buildvm-a32-24.iad2.fedoraproject.org)
  82423543 buildArch (apron-0.9.13-10.fc36.src.rpm, aarch64): open (buildvm-a64-18.iad2.fedoraproject.org)
  82423541 buildArch (apron-0.9.13-10.fc36.src.rpm, i686): free -> open (buildvm-x86-27.iad2.fedoraproject.org)
  82423544 buildArch (apron-0.9.13-10.fc36.src.rpm, ppc64le): free -> open (buildvm-ppc64le-33.iad2.fedoraproject.org)
  82423545 buildArch (apron-0.9.13-10.fc36.src.rpm, s390x): free -> open (buildvm-s390x-06.s390.fedoraproject.org)
  82423542 buildArch (apron-0.9.13-10.fc36.src.rpm, x86_64): free -> open (buildvm-x86-30.iad2.fedoraproject.org)
  82423545 buildArch (apron-0.9.13-10.fc36.src.rpm, s390x): open (buildvm-s390x-06.s390.fedoraproject.org) -> closed
  0 free  6 open  2 done  0 failed
  82423542 buildArch (apron-0.9.13-10.fc36.src.rpm, x86_64): open (buildvm-x86-30.iad2.fedoraproject.org) -> closed
  0 free  5 open  3 done  0 failed
  82423541 buildArch (apron-0.9.13-10.fc36.src.rpm, i686): open (buildvm-x86-27.iad2.fedoraproject.org) -> closed
  0 free  4 open  4 done  0 failed
  82423544 buildArch (apron-0.9.13-10.fc36.src.rpm, ppc64le): open (buildvm-ppc64le-33.iad2.fedoraproject.org) -> closed
  0 free  3 open  5 done  0 failed
  82423543 buildArch (apron-0.9.13-10.fc36.src.rpm, aarch64): open (buildvm-a64-18.iad2.fedoraproject.org) -> closed
  0 free  2 open  6 done  0 failed
  82423540 buildArch (apron-0.9.13-10.fc36.src.rpm, armv7hl): open (buildvm-a32-24.iad2.fedoraproject.org) -> closed
  0 free  1 open  7 done  0 failed
  82424786 tagBuild (noarch): free
  82424786 tagBuild (noarch): free -> closed
  0 free  1 open  8 done  0 failed
82423522 build (f36-java17, /rpms/apron.git:e31174ff5d328083058bfb49ff06fb4fefb0d775): open (buildvm-x86-23.iad2.fedoraproject.org) -> closed
  0 free  0 open  9 done  0 failed

82423522 build (f36-java17, /rpms/apron.git:e31174ff5d328083058bfb49ff06fb4fefb0d775) completed successfully
