Cloning into 'aqute-bnd'...
[rawhide 18b9188] Rebuilt for java-17-openjdk as system jdk
 1 file changed, 4 insertions(+), 1 deletion(-)
Building aqute-bnd-5.2.0-9.fc36 for f36-java17
Created task: 82423526
Task info: https://koji.fedoraproject.org/koji/taskinfo?taskID=82423526
Watching tasks (this may be safely interrupted)...
82423526 build (f36-java17, /rpms/aqute-bnd.git:18b9188e4055f367d9fa5d44e98ebf86bbeb3134): open (buildvm-ppc64le-33.iad2.fedoraproject.org)
  82423527 buildSRPMFromSCM (/rpms/aqute-bnd.git:18b9188e4055f367d9fa5d44e98ebf86bbeb3134): free
  82423527 buildSRPMFromSCM (/rpms/aqute-bnd.git:18b9188e4055f367d9fa5d44e98ebf86bbeb3134): free -> open (buildvm-ppc64le-06.iad2.fedoraproject.org)
  82423527 buildSRPMFromSCM (/rpms/aqute-bnd.git:18b9188e4055f367d9fa5d44e98ebf86bbeb3134): open (buildvm-ppc64le-06.iad2.fedoraproject.org) -> closed
  0 free  1 open  1 done  0 failed
  82423563 buildArch (aqute-bnd-5.2.0-9.fc36.src.rpm, noarch): open (buildvm-ppc64le-13.iad2.fedoraproject.org)
  82423563 buildArch (aqute-bnd-5.2.0-9.fc36.src.rpm, noarch): open (buildvm-ppc64le-13.iad2.fedoraproject.org) -> closed
  0 free  1 open  2 done  0 failed
  82423820 tagBuild (noarch): free
  82423820 tagBuild (noarch): free -> closed
  0 free  1 open  3 done  0 failed
82423526 build (f36-java17, /rpms/aqute-bnd.git:18b9188e4055f367d9fa5d44e98ebf86bbeb3134): open (buildvm-ppc64le-33.iad2.fedoraproject.org) -> closed
  0 free  0 open  4 done  0 failed

82423526 build (f36-java17, /rpms/aqute-bnd.git:18b9188e4055f367d9fa5d44e98ebf86bbeb3134) completed successfully
