Cloning into 'args4j'...
[rawhide 12b2df9] Rebuilt for java-17-openjdk as system jdk
 1 file changed, 4 insertions(+), 1 deletion(-)
Building args4j-2.33-19.fc36 for f36-java17
Created task: 82423552
Task info: https://koji.fedoraproject.org/koji/taskinfo?taskID=82423552
Watching tasks (this may be safely interrupted)...
82423552 build (f36-java17, /rpms/args4j.git:12b2df989027a329b243ca3eae032a9a2b76391e): free
82423552 build (f36-java17, /rpms/args4j.git:12b2df989027a329b243ca3eae032a9a2b76391e): free -> open (buildvm-x86-31.iad2.fedoraproject.org)
  82423554 buildSRPMFromSCM (/rpms/args4j.git:12b2df989027a329b243ca3eae032a9a2b76391e): open (buildvm-x86-25.iad2.fedoraproject.org)
  82423554 buildSRPMFromSCM (/rpms/args4j.git:12b2df989027a329b243ca3eae032a9a2b76391e): open (buildvm-x86-25.iad2.fedoraproject.org) -> closed
  0 free  1 open  1 done  0 failed
  82423573 buildArch (args4j-2.33-19.fc36.src.rpm, noarch): open (buildvm-x86-31.iad2.fedoraproject.org)
  82423573 buildArch (args4j-2.33-19.fc36.src.rpm, noarch): open (buildvm-x86-31.iad2.fedoraproject.org) -> closed
  0 free  1 open  2 done  0 failed
  82423813 tagBuild (noarch): free
  82423813 tagBuild (noarch): free -> open (buildvm-s390x-28.s390.fedoraproject.org)
  82423813 tagBuild (noarch): open (buildvm-s390x-28.s390.fedoraproject.org) -> closed
  0 free  1 open  3 done  0 failed
82423552 build (f36-java17, /rpms/args4j.git:12b2df989027a329b243ca3eae032a9a2b76391e): open (buildvm-x86-31.iad2.fedoraproject.org) -> closed
  0 free  0 open  4 done  0 failed

82423552 build (f36-java17, /rpms/args4j.git:12b2df989027a329b243ca3eae032a9a2b76391e) completed successfully
