Cloning into 'assertj-core'...
[rawhide 4844763] Rebuilt for java-17-openjdk as system jdk
 1 file changed, 4 insertions(+), 1 deletion(-)
Building assertj-core-3.19.0-5.fc36 for f36-java17
Created task: 82423560
Task info: https://koji.fedoraproject.org/koji/taskinfo?taskID=82423560
Watching tasks (this may be safely interrupted)...
82423560 build (f36-java17, /rpms/assertj-core.git:4844763e66632ff072b453e40f87c40c02b30041): open (buildvm-ppc64le-32.iad2.fedoraproject.org)
  82423561 buildSRPMFromSCM (/rpms/assertj-core.git:4844763e66632ff072b453e40f87c40c02b30041): free
  82423561 buildSRPMFromSCM (/rpms/assertj-core.git:4844763e66632ff072b453e40f87c40c02b30041): free -> open (buildvm-x86-08.iad2.fedoraproject.org)
  82423579 buildArch (assertj-core-3.19.0-5.fc36.src.rpm, noarch): free
  82423561 buildSRPMFromSCM (/rpms/assertj-core.git:4844763e66632ff072b453e40f87c40c02b30041): open (buildvm-x86-08.iad2.fedoraproject.org) -> closed
  1 free  1 open  1 done  0 failed
  82423579 buildArch (assertj-core-3.19.0-5.fc36.src.rpm, noarch): free -> open (buildvm-x86-19.iad2.fedoraproject.org)
  82423579 buildArch (assertj-core-3.19.0-5.fc36.src.rpm, noarch): open (buildvm-x86-19.iad2.fedoraproject.org) -> closed
  0 free  1 open  2 done  0 failed
  82424726 tagBuild (noarch): closed
82423560 build (f36-java17, /rpms/assertj-core.git:4844763e66632ff072b453e40f87c40c02b30041): open (buildvm-ppc64le-32.iad2.fedoraproject.org) -> closed
  0 free  0 open  4 done  0 failed

82423560 build (f36-java17, /rpms/assertj-core.git:4844763e66632ff072b453e40f87c40c02b30041) completed successfully
