Cloning into 'BareBonesBrowserLaunch'...
[rawhide 5529e0a] Rebuilt for java-17-openjdk as system jdk
 1 file changed, 4 insertions(+), 1 deletion(-)
Building BareBonesBrowserLaunch-3.1-25.fc36 for f36-java17
Created task: 82423715
Task info: https://koji.fedoraproject.org/koji/taskinfo?taskID=82423715
Watching tasks (this may be safely interrupted)...
82423715 build (f36-java17, /rpms/BareBonesBrowserLaunch.git:5529e0a250d93dba7c6aeba30019b66eacc7874d): free
82423715 build (f36-java17, /rpms/BareBonesBrowserLaunch.git:5529e0a250d93dba7c6aeba30019b66eacc7874d): free -> open (buildvm-s390x-30.s390.fedoraproject.org)
  82423757 buildSRPMFromSCM (/rpms/BareBonesBrowserLaunch.git:5529e0a250d93dba7c6aeba30019b66eacc7874d): free
  82423757 buildSRPMFromSCM (/rpms/BareBonesBrowserLaunch.git:5529e0a250d93dba7c6aeba30019b66eacc7874d): free -> open (buildvm-x86-32.iad2.fedoraproject.org)
  82423757 buildSRPMFromSCM (/rpms/BareBonesBrowserLaunch.git:5529e0a250d93dba7c6aeba30019b66eacc7874d): open (buildvm-x86-32.iad2.fedoraproject.org) -> closed
  0 free  1 open  1 done  0 failed
  82423974 buildArch (BareBonesBrowserLaunch-3.1-25.fc36.src.rpm, noarch): free
  82423974 buildArch (BareBonesBrowserLaunch-3.1-25.fc36.src.rpm, noarch): free -> open (buildvm-a32-18.iad2.fedoraproject.org)
  82423974 buildArch (BareBonesBrowserLaunch-3.1-25.fc36.src.rpm, noarch): open (buildvm-a32-18.iad2.fedoraproject.org) -> closed
  0 free  1 open  2 done  0 failed
  82424154 tagBuild (noarch): free
  82424154 tagBuild (noarch): free -> closed
  0 free  1 open  3 done  0 failed
82423715 build (f36-java17, /rpms/BareBonesBrowserLaunch.git:5529e0a250d93dba7c6aeba30019b66eacc7874d): open (buildvm-s390x-30.s390.fedoraproject.org) -> closed
  0 free  0 open  4 done  0 failed

82423715 build (f36-java17, /rpms/BareBonesBrowserLaunch.git:5529e0a250d93dba7c6aeba30019b66eacc7874d) completed successfully
