Cloning into 'batik'...
[rawhide 1810829] Rebuilt for java-17-openjdk as system jdk
 1 file changed, 4 insertions(+), 1 deletion(-)
Building batik-1.14-5.fc36 for f36-java17
Created task: 82423749
Task info: https://koji.fedoraproject.org/koji/taskinfo?taskID=82423749
Watching tasks (this may be safely interrupted)...
82423749 build (f36-java17, /rpms/batik.git:181082976b74a4e1cc6a6cb467503f2e5ca82cd1): free
82423749 build (f36-java17, /rpms/batik.git:181082976b74a4e1cc6a6cb467503f2e5ca82cd1): free -> open (buildvm-a32-16.iad2.fedoraproject.org)
  82423814 buildSRPMFromSCM (/rpms/batik.git:181082976b74a4e1cc6a6cb467503f2e5ca82cd1): free
  82423814 buildSRPMFromSCM (/rpms/batik.git:181082976b74a4e1cc6a6cb467503f2e5ca82cd1): free -> open (buildvm-ppc64le-21.iad2.fedoraproject.org)
  82423814 buildSRPMFromSCM (/rpms/batik.git:181082976b74a4e1cc6a6cb467503f2e5ca82cd1): open (buildvm-ppc64le-21.iad2.fedoraproject.org) -> closed
  0 free  1 open  1 done  0 failed
  82424032 buildArch (batik-1.14-5.fc36.src.rpm, noarch): free
  82424032 buildArch (batik-1.14-5.fc36.src.rpm, noarch): free -> open (buildvm-a64-09.iad2.fedoraproject.org)
  82424032 buildArch (batik-1.14-5.fc36.src.rpm, noarch): open (buildvm-a64-09.iad2.fedoraproject.org) -> closed
  0 free  1 open  2 done  0 failed
  82424353 tagBuild (noarch): free
  82424353 tagBuild (noarch): free -> closed
  0 free  1 open  3 done  0 failed
82423749 build (f36-java17, /rpms/batik.git:181082976b74a4e1cc6a6cb467503f2e5ca82cd1): open (buildvm-a32-16.iad2.fedoraproject.org) -> closed
  0 free  0 open  4 done  0 failed

82423749 build (f36-java17, /rpms/batik.git:181082976b74a4e1cc6a6cb467503f2e5ca82cd1) completed successfully
