Cloning into 'bcel'...
[rawhide 7b3ff8d] Rebuilt for java-17-openjdk as system jdk
 1 file changed, 4 insertions(+), 1 deletion(-)
Building bcel-6.4.1-9.fc36 for f36-java17
Created task: 82423821
Task info: https://koji.fedoraproject.org/koji/taskinfo?taskID=82423821
Watching tasks (this may be safely interrupted)...
82423821 build (f36-java17, /rpms/bcel.git:7b3ff8d3d0d04eb8f34b897fba9399523431bb70): free
82423821 build (f36-java17, /rpms/bcel.git:7b3ff8d3d0d04eb8f34b897fba9399523431bb70): free -> open (buildvm-a32-03.iad2.fedoraproject.org)
  82423829 buildSRPMFromSCM (/rpms/bcel.git:7b3ff8d3d0d04eb8f34b897fba9399523431bb70): free
  82423829 buildSRPMFromSCM (/rpms/bcel.git:7b3ff8d3d0d04eb8f34b897fba9399523431bb70): free -> open (buildvm-ppc64le-06.iad2.fedoraproject.org)
  82423829 buildSRPMFromSCM (/rpms/bcel.git:7b3ff8d3d0d04eb8f34b897fba9399523431bb70): open (buildvm-ppc64le-06.iad2.fedoraproject.org) -> closed
  0 free  1 open  1 done  0 failed
  82424072 buildArch (bcel-6.4.1-9.fc36.src.rpm, noarch): free
  82424072 buildArch (bcel-6.4.1-9.fc36.src.rpm, noarch): free -> open (buildhw-x86-07.iad2.fedoraproject.org)
  82424072 buildArch (bcel-6.4.1-9.fc36.src.rpm, noarch): open (buildhw-x86-07.iad2.fedoraproject.org) -> closed
  0 free  1 open  2 done  0 failed
  82424216 tagBuild (noarch): free
  82424216 tagBuild (noarch): free -> open (buildvm-a64-31.iad2.fedoraproject.org)
  82424216 tagBuild (noarch): open (buildvm-a64-31.iad2.fedoraproject.org) -> closed
  0 free  1 open  3 done  0 failed
82423821 build (f36-java17, /rpms/bcel.git:7b3ff8d3d0d04eb8f34b897fba9399523431bb70): open (buildvm-a32-03.iad2.fedoraproject.org) -> closed
  0 free  0 open  4 done  0 failed

82423821 build (f36-java17, /rpms/bcel.git:7b3ff8d3d0d04eb8f34b897fba9399523431bb70) completed successfully
