Cloning into 'beust-jcommander'...
[rawhide 81176e9] Rebuilt for java-17-openjdk as system jdk
 1 file changed, 4 insertions(+), 1 deletion(-)
Building beust-jcommander-1.78-9.fc36 for f36-java17
Created task: 82423860
Task info: https://koji.fedoraproject.org/koji/taskinfo?taskID=82423860
Watching tasks (this may be safely interrupted)...
82423860 build (f36-java17, /rpms/beust-jcommander.git:81176e96787066123ad90ea29a0fca41ab135f1c): free
82423860 build (f36-java17, /rpms/beust-jcommander.git:81176e96787066123ad90ea29a0fca41ab135f1c): free -> open (buildvm-s390x-11.s390.fedoraproject.org)
  82423896 buildSRPMFromSCM (/rpms/beust-jcommander.git:81176e96787066123ad90ea29a0fca41ab135f1c): free
  82423896 buildSRPMFromSCM (/rpms/beust-jcommander.git:81176e96787066123ad90ea29a0fca41ab135f1c): free -> open (buildvm-ppc64le-08.iad2.fedoraproject.org)
  82424182 buildArch (beust-jcommander-1.78-9.fc36.src.rpm, noarch): free
  82423896 buildSRPMFromSCM (/rpms/beust-jcommander.git:81176e96787066123ad90ea29a0fca41ab135f1c): open (buildvm-ppc64le-08.iad2.fedoraproject.org) -> closed
  1 free  1 open  1 done  0 failed
  82424182 buildArch (beust-jcommander-1.78-9.fc36.src.rpm, noarch): free -> open (buildvm-a32-30.iad2.fedoraproject.org)
  82424182 buildArch (beust-jcommander-1.78-9.fc36.src.rpm, noarch): open (buildvm-a32-30.iad2.fedoraproject.org) -> closed
  0 free  1 open  2 done  0 failed
  82424365 tagBuild (noarch): closed
82423860 build (f36-java17, /rpms/beust-jcommander.git:81176e96787066123ad90ea29a0fca41ab135f1c): open (buildvm-s390x-11.s390.fedoraproject.org) -> closed
  0 free  0 open  4 done  0 failed

82423860 build (f36-java17, /rpms/beust-jcommander.git:81176e96787066123ad90ea29a0fca41ab135f1c) completed successfully
