Cloning into 'bouncycastle'...
[rawhide bd62921] Rebuilt for java-17-openjdk as system jdk
 1 file changed, 4 insertions(+), 1 deletion(-)
Building bouncycastle-1.70-4.fc36 for f36-java17
Created task: 82423983
Task info: https://koji.fedoraproject.org/koji/taskinfo?taskID=82423983
Watching tasks (this may be safely interrupted)...
82423983 build (f36-java17, /rpms/bouncycastle.git:bd6292139308e9a461816335630a5446a3ba29c9): free
82423983 build (f36-java17, /rpms/bouncycastle.git:bd6292139308e9a461816335630a5446a3ba29c9): free -> open (buildvm-a32-32.iad2.fedoraproject.org)
  82423994 buildSRPMFromSCM (/rpms/bouncycastle.git:bd6292139308e9a461816335630a5446a3ba29c9): free
  82423994 buildSRPMFromSCM (/rpms/bouncycastle.git:bd6292139308e9a461816335630a5446a3ba29c9): free -> open (buildvm-ppc64le-07.iad2.fedoraproject.org)
  82423994 buildSRPMFromSCM (/rpms/bouncycastle.git:bd6292139308e9a461816335630a5446a3ba29c9): open (buildvm-ppc64le-07.iad2.fedoraproject.org) -> closed
  0 free  1 open  1 done  0 failed
  82424273 buildArch (bouncycastle-1.70-4.fc36.src.rpm, noarch): free
  82424273 buildArch (bouncycastle-1.70-4.fc36.src.rpm, noarch): free -> open (buildvm-s390x-29.s390.fedoraproject.org)
  82424273 buildArch (bouncycastle-1.70-4.fc36.src.rpm, noarch): open (buildvm-s390x-29.s390.fedoraproject.org) -> closed
  0 free  1 open  2 done  0 failed
  82424370 tagBuild (noarch): closed
82423983 build (f36-java17, /rpms/bouncycastle.git:bd6292139308e9a461816335630a5446a3ba29c9): open (buildvm-a32-32.iad2.fedoraproject.org) -> closed
  0 free  0 open  4 done  0 failed

82423983 build (f36-java17, /rpms/bouncycastle.git:bd6292139308e9a461816335630a5446a3ba29c9) completed successfully
