Cloning into 'bsh'...
[rawhide 6614e2e] Rebuilt for java-17-openjdk as system jdk
 1 file changed, 4 insertions(+), 1 deletion(-)
Building bsh-2.1.0-5.fc36 for f36-java17
Created task: 82424123
Task info: https://koji.fedoraproject.org/koji/taskinfo?taskID=82424123
Watching tasks (this may be safely interrupted)...
82424123 build (f36-java17, /rpms/bsh.git:6614e2e1facbb27b577889051b5ede9e9c4df2e8): free
82424123 build (f36-java17, /rpms/bsh.git:6614e2e1facbb27b577889051b5ede9e9c4df2e8): free -> open (buildvm-s390x-32.s390.fedoraproject.org)
  82424147 buildSRPMFromSCM (/rpms/bsh.git:6614e2e1facbb27b577889051b5ede9e9c4df2e8): free
  82424147 buildSRPMFromSCM (/rpms/bsh.git:6614e2e1facbb27b577889051b5ede9e9c4df2e8): free -> open (buildvm-x86-07.iad2.fedoraproject.org)
  82424147 buildSRPMFromSCM (/rpms/bsh.git:6614e2e1facbb27b577889051b5ede9e9c4df2e8): open (buildvm-x86-07.iad2.fedoraproject.org) -> closed
  0 free  1 open  1 done  0 failed
  82424297 buildArch (bsh-2.1.0-5.fc36.src.rpm, noarch): free
  82424297 buildArch (bsh-2.1.0-5.fc36.src.rpm, noarch): free -> open (buildvm-s390x-18.s390.fedoraproject.org)
  82424297 buildArch (bsh-2.1.0-5.fc36.src.rpm, noarch): open (buildvm-s390x-18.s390.fedoraproject.org) -> closed
  0 free  1 open  2 done  0 failed
  82424343 tagBuild (noarch): free
  82424343 tagBuild (noarch): free -> open (buildvm-x86-30.iad2.fedoraproject.org)
  82424343 tagBuild (noarch): open (buildvm-x86-30.iad2.fedoraproject.org) -> closed
  0 free  1 open  3 done  0 failed
82424123 build (f36-java17, /rpms/bsh.git:6614e2e1facbb27b577889051b5ede9e9c4df2e8): open (buildvm-s390x-32.s390.fedoraproject.org) -> closed
  0 free  0 open  4 done  0 failed

82424123 build (f36-java17, /rpms/bsh.git:6614e2e1facbb27b577889051b5ede9e9c4df2e8) completed successfully
