Cloning into 'byte-buddy'...
[rawhide 15c8c2d] Rebuilt for java-17-openjdk as system jdk
 1 file changed, 4 insertions(+), 1 deletion(-)
Building byte-buddy-1.12.0-3.fc36 for f36-java17
Created task: 82424197
Task info: https://koji.fedoraproject.org/koji/taskinfo?taskID=82424197
Watching tasks (this may be safely interrupted)...
82424197 build (f36-java17, /rpms/byte-buddy.git:15c8c2d94121de0dfb4c3d0417aa3a33687611ba): free
82424197 build (f36-java17, /rpms/byte-buddy.git:15c8c2d94121de0dfb4c3d0417aa3a33687611ba): free -> open (buildvm-s390x-13.s390.fedoraproject.org)
  82424217 buildSRPMFromSCM (/rpms/byte-buddy.git:15c8c2d94121de0dfb4c3d0417aa3a33687611ba): free
  82424217 buildSRPMFromSCM (/rpms/byte-buddy.git:15c8c2d94121de0dfb4c3d0417aa3a33687611ba): free -> open (buildvm-ppc64le-21.iad2.fedoraproject.org)
  82424217 buildSRPMFromSCM (/rpms/byte-buddy.git:15c8c2d94121de0dfb4c3d0417aa3a33687611ba): open (buildvm-ppc64le-21.iad2.fedoraproject.org) -> closed
  0 free  1 open  1 done  0 failed
  82424344 buildArch (byte-buddy-1.12.0-3.fc36.src.rpm, noarch): free
  82424344 buildArch (byte-buddy-1.12.0-3.fc36.src.rpm, noarch): free -> open (buildvm-s390x-18.s390.fedoraproject.org)
  82424344 buildArch (byte-buddy-1.12.0-3.fc36.src.rpm, noarch): open (buildvm-s390x-18.s390.fedoraproject.org) -> closed
  0 free  1 open  2 done  0 failed
  82424703 tagBuild (noarch): free
  82424703 tagBuild (noarch): free -> closed
  0 free  1 open  3 done  0 failed
82424197 build (f36-java17, /rpms/byte-buddy.git:15c8c2d94121de0dfb4c3d0417aa3a33687611ba): open (buildvm-s390x-13.s390.fedoraproject.org) -> closed
  0 free  0 open  4 done  0 failed

82424197 build (f36-java17, /rpms/byte-buddy.git:15c8c2d94121de0dfb4c3d0417aa3a33687611ba) completed successfully
