Cloning into 'canl-java'...
[rawhide 2e071d8] Rebuilt for java-17-openjdk as system jdk
 1 file changed, 4 insertions(+), 1 deletion(-)
Building canl-java-2.7.0-5.fc36 for f36-java17
Created task: 82424289
Task info: https://koji.fedoraproject.org/koji/taskinfo?taskID=82424289
Watching tasks (this may be safely interrupted)...
82424289 build (f36-java17, /rpms/canl-java.git:2e071d8a766506804e174034e6bf0ee26463de72): free
82424289 build (f36-java17, /rpms/canl-java.git:2e071d8a766506804e174034e6bf0ee26463de72): free -> open (buildvm-a32-33.iad2.fedoraproject.org)
  82424290 buildSRPMFromSCM (/rpms/canl-java.git:2e071d8a766506804e174034e6bf0ee26463de72): free
  82424290 buildSRPMFromSCM (/rpms/canl-java.git:2e071d8a766506804e174034e6bf0ee26463de72): free -> open (buildvm-ppc64le-32.iad2.fedoraproject.org)
  82424290 buildSRPMFromSCM (/rpms/canl-java.git:2e071d8a766506804e174034e6bf0ee26463de72): open (buildvm-ppc64le-32.iad2.fedoraproject.org) -> closed
  0 free  1 open  1 done  0 failed
  82424355 buildArch (canl-java-2.7.0-5.fc36.src.rpm, noarch): open (buildvm-ppc64le-34.iad2.fedoraproject.org)
  82424355 buildArch (canl-java-2.7.0-5.fc36.src.rpm, noarch): open (buildvm-ppc64le-34.iad2.fedoraproject.org) -> closed
  0 free  1 open  2 done  0 failed
  82424575 tagBuild (noarch): free
  82424575 tagBuild (noarch): free -> open (buildvm-s390x-02.s390.fedoraproject.org)
82424289 build (f36-java17, /rpms/canl-java.git:2e071d8a766506804e174034e6bf0ee26463de72): open (buildvm-a32-33.iad2.fedoraproject.org) -> closed
  0 free  1 open  3 done  0 failed
  82424575 tagBuild (noarch): open (buildvm-s390x-02.s390.fedoraproject.org) -> closed
  0 free  0 open  4 done  0 failed

82424289 build (f36-java17, /rpms/canl-java.git:2e071d8a766506804e174034e6bf0ee26463de72) completed successfully
