Cloning into 'capstone'...
[rawhide 5066544] Rebuilt for java-17-openjdk as system jdk
 1 file changed, 4 insertions(+), 1 deletion(-)
Building capstone-4.0.2-9.fc36 for f36-java17
Created task: 82424304
Task info: https://koji.fedoraproject.org/koji/taskinfo?taskID=82424304
Watching tasks (this may be safely interrupted)...
82424304 build (f36-java17, /rpms/capstone.git:506654424b30ffeeda0270c6b83ae35765b97827): free
82424304 build (f36-java17, /rpms/capstone.git:506654424b30ffeeda0270c6b83ae35765b97827): free -> open (buildvm-s390x-10.s390.fedoraproject.org)
  82424324 buildSRPMFromSCM (/rpms/capstone.git:506654424b30ffeeda0270c6b83ae35765b97827): free
  82424324 buildSRPMFromSCM (/rpms/capstone.git:506654424b30ffeeda0270c6b83ae35765b97827): free -> open (buildvm-ppc64le-29.iad2.fedoraproject.org)
  82424324 buildSRPMFromSCM (/rpms/capstone.git:506654424b30ffeeda0270c6b83ae35765b97827): open (buildvm-ppc64le-29.iad2.fedoraproject.org) -> closed
  0 free  1 open  1 done  0 failed
  82424420 buildArch (capstone-4.0.2-9.fc36.src.rpm, armv7hl): open (buildvm-a32-33.iad2.fedoraproject.org)
  82424422 buildArch (capstone-4.0.2-9.fc36.src.rpm, i686): free
  82424423 buildArch (capstone-4.0.2-9.fc36.src.rpm, x86_64): free
  82424426 buildArch (capstone-4.0.2-9.fc36.src.rpm, ppc64le): free
  82424427 buildArch (capstone-4.0.2-9.fc36.src.rpm, s390x): open (buildvm-s390x-13.s390.fedoraproject.org)
  82424425 buildArch (capstone-4.0.2-9.fc36.src.rpm, aarch64): open (buildvm-a64-31.iad2.fedoraproject.org)
  82424422 buildArch (capstone-4.0.2-9.fc36.src.rpm, i686): free -> open (buildvm-x86-31.iad2.fedoraproject.org)
  82424423 buildArch (capstone-4.0.2-9.fc36.src.rpm, x86_64): free -> open (buildvm-x86-27.iad2.fedoraproject.org)
  82424426 buildArch (capstone-4.0.2-9.fc36.src.rpm, ppc64le): free -> open (buildvm-ppc64le-32.iad2.fedoraproject.org)
  82424423 buildArch (capstone-4.0.2-9.fc36.src.rpm, x86_64): open (buildvm-x86-27.iad2.fedoraproject.org) -> closed
  0 free  6 open  2 done  0 failed
  82424422 buildArch (capstone-4.0.2-9.fc36.src.rpm, i686): open (buildvm-x86-31.iad2.fedoraproject.org) -> closed
  0 free  5 open  3 done  0 failed
  82424426 buildArch (capstone-4.0.2-9.fc36.src.rpm, ppc64le): open (buildvm-ppc64le-32.iad2.fedoraproject.org) -> closed
  0 free  4 open  4 done  0 failed
  82424427 buildArch (capstone-4.0.2-9.fc36.src.rpm, s390x): open (buildvm-s390x-13.s390.fedoraproject.org) -> closed
  0 free  3 open  5 done  0 failed
  82424425 buildArch (capstone-4.0.2-9.fc36.src.rpm, aarch64): open (buildvm-a64-31.iad2.fedoraproject.org) -> closed
  0 free  2 open  6 done  0 failed
  82424420 buildArch (capstone-4.0.2-9.fc36.src.rpm, armv7hl): open (buildvm-a32-33.iad2.fedoraproject.org) -> closed
  0 free  1 open  7 done  0 failed
  82425518 tagBuild (noarch): free
  82425518 tagBuild (noarch): free -> closed
  0 free  1 open  8 done  0 failed
82424304 build (f36-java17, /rpms/capstone.git:506654424b30ffeeda0270c6b83ae35765b97827): open (buildvm-s390x-10.s390.fedoraproject.org) -> closed
  0 free  0 open  9 done  0 failed

82424304 build (f36-java17, /rpms/capstone.git:506654424b30ffeeda0270c6b83ae35765b97827) completed successfully
