Cloning into 'CardManager'...
[rawhide e177a10] Rebuilt for java-17-openjdk as system jdk
 1 file changed, 4 insertions(+), 1 deletion(-)
warning: bogus date in %changelog: Tue Apr 29 2020 Fedora Release Engineering <releng@fedoraproject.org> - 3-15

Building CardManager-3-21.fc36 for f36-java17
Created task: 82424331
Task info: https://koji.fedoraproject.org/koji/taskinfo?taskID=82424331
Watching tasks (this may be safely interrupted)...
82424331 build (f36-java17, /rpms/CardManager.git:e177a100c980f49f207f8b7f6ed8ae776b319fc4): open (buildvm-s390x-08.s390.fedoraproject.org)
  82424332 buildSRPMFromSCM (/rpms/CardManager.git:e177a100c980f49f207f8b7f6ed8ae776b319fc4): free
  82424332 buildSRPMFromSCM (/rpms/CardManager.git:e177a100c980f49f207f8b7f6ed8ae776b319fc4): free -> open (buildvm-x86-15.iad2.fedoraproject.org)
  82424332 buildSRPMFromSCM (/rpms/CardManager.git:e177a100c980f49f207f8b7f6ed8ae776b319fc4): open (buildvm-x86-15.iad2.fedoraproject.org) -> closed
  0 free  1 open  1 done  0 failed
  82424363 buildArch (CardManager-3-21.fc36.src.rpm, noarch): free
  82424363 buildArch (CardManager-3-21.fc36.src.rpm, noarch): free -> open (buildvm-x86-25.iad2.fedoraproject.org)
  82424363 buildArch (CardManager-3-21.fc36.src.rpm, noarch): open (buildvm-x86-25.iad2.fedoraproject.org) -> closed
  0 free  1 open  2 done  0 failed
  82424456 tagBuild (noarch): free
  82424456 tagBuild (noarch): free -> closed
  0 free  1 open  3 done  0 failed
82424331 build (f36-java17, /rpms/CardManager.git:e177a100c980f49f207f8b7f6ed8ae776b319fc4): open (buildvm-s390x-08.s390.fedoraproject.org) -> closed
  0 free  0 open  4 done  0 failed

82424331 build (f36-java17, /rpms/CardManager.git:e177a100c980f49f207f8b7f6ed8ae776b319fc4) completed successfully
