Cloning into 'CFR'...
[rawhide 2d29363] Rebuilt for java-17-openjdk as system jdk
 1 file changed, 4 insertions(+), 1 deletion(-)
Building CFR-0.151-7.fc36 for f36-java17
Created task: 82424345
Task info: https://koji.fedoraproject.org/koji/taskinfo?taskID=82424345
Watching tasks (this may be safely interrupted)...
82424345 build (f36-java17, /rpms/CFR.git:2d2936373b9dea45dbd1e940adf5f93ca1bdeb32): free
82424345 build (f36-java17, /rpms/CFR.git:2d2936373b9dea45dbd1e940adf5f93ca1bdeb32): free -> open (buildvm-x86-20.iad2.fedoraproject.org)
  82424354 buildSRPMFromSCM (/rpms/CFR.git:2d2936373b9dea45dbd1e940adf5f93ca1bdeb32): free
  82424354 buildSRPMFromSCM (/rpms/CFR.git:2d2936373b9dea45dbd1e940adf5f93ca1bdeb32): free -> open (buildvm-x86-15.iad2.fedoraproject.org)
  82424354 buildSRPMFromSCM (/rpms/CFR.git:2d2936373b9dea45dbd1e940adf5f93ca1bdeb32): open (buildvm-x86-15.iad2.fedoraproject.org) -> closed
  0 free  1 open  1 done  0 failed
  82424368 buildArch (CFR-0.151-7.fc36.src.rpm, noarch): free
  82424368 buildArch (CFR-0.151-7.fc36.src.rpm, noarch): free -> open (buildvm-x86-08.iad2.fedoraproject.org)
  82424368 buildArch (CFR-0.151-7.fc36.src.rpm, noarch): open (buildvm-x86-08.iad2.fedoraproject.org) -> closed
  0 free  1 open  2 done  0 failed
  82424526 tagBuild (noarch): free
  82424526 tagBuild (noarch): free -> closed
  0 free  1 open  3 done  0 failed
82424345 build (f36-java17, /rpms/CFR.git:2d2936373b9dea45dbd1e940adf5f93ca1bdeb32): open (buildvm-x86-20.iad2.fedoraproject.org) -> closed
  0 free  0 open  4 done  0 failed

82424345 build (f36-java17, /rpms/CFR.git:2d2936373b9dea45dbd1e940adf5f93ca1bdeb32) completed successfully
