Cloning into 'chromium'...
[rawhide 744d55e] Rebuilt for java-17-openjdk as system jdk
 1 file changed, 4 insertions(+), 1 deletion(-)
Building chromium-96.0.4664.110-9.fc36 for f36-java17
Created task: 82428299
Task info: https://koji.fedoraproject.org/koji/taskinfo?taskID=82428299
Watching tasks (this may be safely interrupted)...
82428299 build (f36-java17, /rpms/chromium.git:744d55e6385f71c5eb0dada308b4a9e05f68e01e): free
82428299 build (f36-java17, /rpms/chromium.git:744d55e6385f71c5eb0dada308b4a9e05f68e01e): free -> open (buildvm-ppc64le-28.iad2.fedoraproject.org)
  82428322 buildSRPMFromSCM (/rpms/chromium.git:744d55e6385f71c5eb0dada308b4a9e05f68e01e): free
  82428322 buildSRPMFromSCM (/rpms/chromium.git:744d55e6385f71c5eb0dada308b4a9e05f68e01e): free -> open (buildvm-x86-20.iad2.fedoraproject.org)
  82428322 buildSRPMFromSCM (/rpms/chromium.git:744d55e6385f71c5eb0dada308b4a9e05f68e01e): open (buildvm-x86-20.iad2.fedoraproject.org) -> closed
  0 free  1 open  1 done  0 failed
  82428687 buildArch (chromium-96.0.4664.110-9.fc36.src.rpm, x86_64): free
  82428688 buildArch (chromium-96.0.4664.110-9.fc36.src.rpm, aarch64): free
  82428688 buildArch (chromium-96.0.4664.110-9.fc36.src.rpm, aarch64): free -> open (buildhw-a64-20.iad2.fedoraproject.org)
  82428687 buildArch (chromium-96.0.4664.110-9.fc36.src.rpm, x86_64): free -> open (buildvm-x86-13.iad2.fedoraproject.org)
82428299 build (f36-java17, /rpms/chromium.git:744d55e6385f71c5eb0dada308b4a9e05f68e01e): open (buildvm-ppc64le-28.iad2.fedoraproject.org) -> FAILED: BuildError: error building package (arch x86_64), mock exited with status 1; see build.log or root.log for more information
  0 free  2 open  1 done  1 failed
  82428687 buildArch (chromium-96.0.4664.110-9.fc36.src.rpm, x86_64): open (buildvm-x86-13.iad2.fedoraproject.org) -> FAILED: BuildError: error building package (arch x86_64), mock exited with status 1; see build.log or root.log for more information
  Relevant logs:
  https://kojipkgs.fedoraproject.org/work/tasks/8687/82428687/mock_output.log
  https://kojipkgs.fedoraproject.org/work/tasks/8687/82428687/hw_info.log
  https://kojipkgs.fedoraproject.org/work/tasks/8687/82428687/state.log
  https://kojipkgs.fedoraproject.org/work/tasks/8687/82428687/build.log
  https://kojipkgs.fedoraproject.org/work/tasks/8687/82428687/root.log
  0 free  1 open  1 done  2 failed
  82428688 buildArch (chromium-96.0.4664.110-9.fc36.src.rpm, aarch64): open (buildhw-a64-20.iad2.fedoraproject.org) -> canceled
  0 free  0 open  2 done  2 failed

82428299 build (f36-java17, /rpms/chromium.git:744d55e6385f71c5eb0dada308b4a9e05f68e01e) failed
