Cloning into 'classpathless-compiler'...
[rawhide 79454ab] Rebuilt for java-17-openjdk as system jdk
 1 file changed, 4 insertions(+), 1 deletion(-)
Building classpathless-compiler-2.1.1-3.fc36 for f36-java17
Created task: 82424366
Task info: https://koji.fedoraproject.org/koji/taskinfo?taskID=82424366
Watching tasks (this may be safely interrupted)...
82424366 build (f36-java17, /rpms/classpathless-compiler.git:79454ab8be34ecb405a6f6d47eaf498c0e85e733): open (buildvm-ppc64le-07.iad2.fedoraproject.org)
  82424367 buildSRPMFromSCM (/rpms/classpathless-compiler.git:79454ab8be34ecb405a6f6d47eaf498c0e85e733): open (buildvm-ppc64le-38.iad2.fedoraproject.org)
  82424367 buildSRPMFromSCM (/rpms/classpathless-compiler.git:79454ab8be34ecb405a6f6d47eaf498c0e85e733): open (buildvm-ppc64le-38.iad2.fedoraproject.org) -> closed
  0 free  1 open  1 done  0 failed
  82424525 buildArch (classpathless-compiler-2.1.1-3.fc36.src.rpm, noarch): free
  82424525 buildArch (classpathless-compiler-2.1.1-3.fc36.src.rpm, noarch): free -> open (buildvm-a32-11.iad2.fedoraproject.org)
  82424525 buildArch (classpathless-compiler-2.1.1-3.fc36.src.rpm, noarch): open (buildvm-a32-11.iad2.fedoraproject.org) -> closed
  0 free  1 open  2 done  0 failed
  82424775 tagBuild (noarch): free
  82424775 tagBuild (noarch): free -> closed
  0 free  1 open  3 done  0 failed
82424366 build (f36-java17, /rpms/classpathless-compiler.git:79454ab8be34ecb405a6f6d47eaf498c0e85e733): open (buildvm-ppc64le-07.iad2.fedoraproject.org) -> closed
  0 free  0 open  4 done  0 failed

82424366 build (f36-java17, /rpms/classpathless-compiler.git:79454ab8be34ecb405a6f6d47eaf498c0e85e733) completed successfully
