Cloning into 'clojure'...
[rawhide 636b6da] Rebuilt for java-17-openjdk as system jdk
 1 file changed, 4 insertions(+), 1 deletion(-)
Building clojure-1.10.3-4.fc36 for f36-java17
Created task: 82424377
Task info: https://koji.fedoraproject.org/koji/taskinfo?taskID=82424377
Watching tasks (this may be safely interrupted)...
82424377 build (f36-java17, /rpms/clojure.git:636b6da269a5dcc19c06427a08421f68e81cabfa): open (buildvm-ppc64le-09.iad2.fedoraproject.org)
  82424379 buildSRPMFromSCM (/rpms/clojure.git:636b6da269a5dcc19c06427a08421f68e81cabfa): free
  82424379 buildSRPMFromSCM (/rpms/clojure.git:636b6da269a5dcc19c06427a08421f68e81cabfa): free -> open (buildvm-x86-28.iad2.fedoraproject.org)
  82424379 buildSRPMFromSCM (/rpms/clojure.git:636b6da269a5dcc19c06427a08421f68e81cabfa): open (buildvm-x86-28.iad2.fedoraproject.org) -> closed
  0 free  1 open  1 done  0 failed
  82424498 buildArch (clojure-1.10.3-4.fc36.src.rpm, noarch): free
  82424498 buildArch (clojure-1.10.3-4.fc36.src.rpm, noarch): free -> open (buildvm-ppc64le-06.iad2.fedoraproject.org)
  82424498 buildArch (clojure-1.10.3-4.fc36.src.rpm, noarch): open (buildvm-ppc64le-06.iad2.fedoraproject.org) -> closed
  0 free  1 open  2 done  0 failed
82424377 build (f36-java17, /rpms/clojure.git:636b6da269a5dcc19c06427a08421f68e81cabfa): open (buildvm-ppc64le-09.iad2.fedoraproject.org) -> closed
  0 free  0 open  3 done  0 failed
  82424738 tagBuild (noarch): closed

82424377 build (f36-java17, /rpms/clojure.git:636b6da269a5dcc19c06427a08421f68e81cabfa) completed successfully
