Cloning into 'codehaus-parent'...
[rawhide 0e9d59d] Rebuilt for java-17-openjdk as system jdk
 1 file changed, 4 insertions(+), 1 deletion(-)
Building codehaus-parent-4-23.fc36 for f36-java17
Created task: 82424704
Task info: https://koji.fedoraproject.org/koji/taskinfo?taskID=82424704
Watching tasks (this may be safely interrupted)...
82424704 build (f36-java17, /rpms/codehaus-parent.git:0e9d59d6e818f87fcaed3150d96768d1335e48c7): free
82424704 build (f36-java17, /rpms/codehaus-parent.git:0e9d59d6e818f87fcaed3150d96768d1335e48c7): free -> open (buildvm-s390x-18.s390.fedoraproject.org)
  82424710 buildSRPMFromSCM (/rpms/codehaus-parent.git:0e9d59d6e818f87fcaed3150d96768d1335e48c7): free
  82424710 buildSRPMFromSCM (/rpms/codehaus-parent.git:0e9d59d6e818f87fcaed3150d96768d1335e48c7): free -> open (buildvm-ppc64le-26.iad2.fedoraproject.org)
  82424710 buildSRPMFromSCM (/rpms/codehaus-parent.git:0e9d59d6e818f87fcaed3150d96768d1335e48c7): open (buildvm-ppc64le-26.iad2.fedoraproject.org) -> closed
  0 free  1 open  1 done  0 failed
  82424983 buildArch (codehaus-parent-4-23.fc36.src.rpm, noarch): free
  82424983 buildArch (codehaus-parent-4-23.fc36.src.rpm, noarch): free -> open (buildvm-s390x-02.s390.fedoraproject.org)
  82424983 buildArch (codehaus-parent-4-23.fc36.src.rpm, noarch): open (buildvm-s390x-02.s390.fedoraproject.org) -> closed
  0 free  1 open  2 done  0 failed
  82425149 tagBuild (noarch): free
  82425149 tagBuild (noarch): free -> closed
  0 free  1 open  3 done  0 failed
82424704 build (f36-java17, /rpms/codehaus-parent.git:0e9d59d6e818f87fcaed3150d96768d1335e48c7): open (buildvm-s390x-18.s390.fedoraproject.org) -> closed
  0 free  0 open  4 done  0 failed

82424704 build (f36-java17, /rpms/codehaus-parent.git:0e9d59d6e818f87fcaed3150d96768d1335e48c7) completed successfully
