Cloning into 'collectd'...
[rawhide c971020] Rebuilt for java-17-openjdk as system jdk
 1 file changed, 4 insertions(+), 1 deletion(-)
Building collectd-5.12.0-15.fc36 for f36-java17
Created task: 82424716
Task info: https://koji.fedoraproject.org/koji/taskinfo?taskID=82424716
Watching tasks (this may be safely interrupted)...
82424716 build (f36-java17, /rpms/collectd.git:c971020d6754b45e146a3d8cee024fc757889df1): open (buildvm-s390x-04.s390.fedoraproject.org)
  82424717 buildSRPMFromSCM (/rpms/collectd.git:c971020d6754b45e146a3d8cee024fc757889df1): free
  82424717 buildSRPMFromSCM (/rpms/collectd.git:c971020d6754b45e146a3d8cee024fc757889df1): free -> open (buildvm-x86-32.iad2.fedoraproject.org)
  82424717 buildSRPMFromSCM (/rpms/collectd.git:c971020d6754b45e146a3d8cee024fc757889df1): open (buildvm-x86-32.iad2.fedoraproject.org) -> closed
  0 free  1 open  1 done  0 failed
  82424945 buildArch (collectd-5.12.0-15.fc36.src.rpm, armv7hl): free
  82424949 buildArch (collectd-5.12.0-15.fc36.src.rpm, aarch64): free
  82424946 buildArch (collectd-5.12.0-15.fc36.src.rpm, i686): free
  82424948 buildArch (collectd-5.12.0-15.fc36.src.rpm, x86_64): free
  82424951 buildArch (collectd-5.12.0-15.fc36.src.rpm, ppc64le): free
  82424952 buildArch (collectd-5.12.0-15.fc36.src.rpm, s390x): open (buildvm-s390x-35.s390.fedoraproject.org)
  82424945 buildArch (collectd-5.12.0-15.fc36.src.rpm, armv7hl): free -> open (buildvm-a32-11.iad2.fedoraproject.org)
  82424949 buildArch (collectd-5.12.0-15.fc36.src.rpm, aarch64): free -> open (buildvm-a64-04.iad2.fedoraproject.org)
  82424951 buildArch (collectd-5.12.0-15.fc36.src.rpm, ppc64le): free -> open (buildvm-ppc64le-06.iad2.fedoraproject.org)
  82424946 buildArch (collectd-5.12.0-15.fc36.src.rpm, i686): free -> open (buildvm-x86-15.iad2.fedoraproject.org)
  82424948 buildArch (collectd-5.12.0-15.fc36.src.rpm, x86_64): free -> open (buildvm-x86-30.iad2.fedoraproject.org)
  82424952 buildArch (collectd-5.12.0-15.fc36.src.rpm, s390x): open (buildvm-s390x-35.s390.fedoraproject.org) -> closed
  0 free  6 open  2 done  0 failed
  82424946 buildArch (collectd-5.12.0-15.fc36.src.rpm, i686): open (buildvm-x86-15.iad2.fedoraproject.org) -> closed
  0 free  5 open  3 done  0 failed
  82424948 buildArch (collectd-5.12.0-15.fc36.src.rpm, x86_64): open (buildvm-x86-30.iad2.fedoraproject.org) -> closed
  0 free  4 open  4 done  0 failed
  82424951 buildArch (collectd-5.12.0-15.fc36.src.rpm, ppc64le): open (buildvm-ppc64le-06.iad2.fedoraproject.org) -> closed
  0 free  3 open  5 done  0 failed
  82424949 buildArch (collectd-5.12.0-15.fc36.src.rpm, aarch64): open (buildvm-a64-04.iad2.fedoraproject.org) -> closed
  0 free  2 open  6 done  0 failed
  82424945 buildArch (collectd-5.12.0-15.fc36.src.rpm, armv7hl): open (buildvm-a32-11.iad2.fedoraproject.org) -> closed
  0 free  1 open  7 done  0 failed
  82425433 tagBuild (noarch): free
  82425433 tagBuild (noarch): free -> open (buildhw-x86-14.iad2.fedoraproject.org)
  82425433 tagBuild (noarch): open (buildhw-x86-14.iad2.fedoraproject.org) -> closed
  0 free  1 open  8 done  0 failed
82424716 build (f36-java17, /rpms/collectd.git:c971020d6754b45e146a3d8cee024fc757889df1): open (buildvm-s390x-04.s390.fedoraproject.org) -> closed
  0 free  0 open  9 done  0 failed

82424716 build (f36-java17, /rpms/collectd.git:c971020d6754b45e146a3d8cee024fc757889df1) completed successfully
