Cloning into 'crypto-policies'...
[rawhide 66b8778] Rebuilt for java-17-openjdk as system jdk
 1 file changed, 4 insertions(+), 1 deletion(-)
Building crypto-policies-20220203-2.git112f859.fc36 for f36-java17
Created task: 82424905
Task info: https://koji.fedoraproject.org/koji/taskinfo?taskID=82424905
Watching tasks (this may be safely interrupted)...
82424905 build (f36-java17, /rpms/crypto-policies.git:66b87789695ec69f3263ef7df7336c9ef91c9b79): free
82424905 build (f36-java17, /rpms/crypto-policies.git:66b87789695ec69f3263ef7df7336c9ef91c9b79): free -> open (buildvm-a32-26.iad2.fedoraproject.org)
  82424906 buildSRPMFromSCM (/rpms/crypto-policies.git:66b87789695ec69f3263ef7df7336c9ef91c9b79): free
  82424906 buildSRPMFromSCM (/rpms/crypto-policies.git:66b87789695ec69f3263ef7df7336c9ef91c9b79): free -> open (buildvm-ppc64le-40.iad2.fedoraproject.org)
  82424906 buildSRPMFromSCM (/rpms/crypto-policies.git:66b87789695ec69f3263ef7df7336c9ef91c9b79): open (buildvm-ppc64le-40.iad2.fedoraproject.org) -> closed
  0 free  1 open  1 done  0 failed
  82425157 buildArch (crypto-policies-20220203-2.git112f859.fc36.src.rpm, noarch): free
  82425157 buildArch (crypto-policies-20220203-2.git112f859.fc36.src.rpm, noarch): free -> open (buildvm-a32-24.iad2.fedoraproject.org)
  82425157 buildArch (crypto-policies-20220203-2.git112f859.fc36.src.rpm, noarch): open (buildvm-a32-24.iad2.fedoraproject.org) -> closed
  0 free  1 open  2 done  0 failed
  82425305 tagBuild (noarch): free
  82425305 tagBuild (noarch): free -> closed
  0 free  1 open  3 done  0 failed
82424905 build (f36-java17, /rpms/crypto-policies.git:66b87789695ec69f3263ef7df7336c9ef91c9b79): open (buildvm-a32-26.iad2.fedoraproject.org) -> closed
  0 free  0 open  4 done  0 failed

82424905 build (f36-java17, /rpms/crypto-policies.git:66b87789695ec69f3263ef7df7336c9ef91c9b79) completed successfully
