Cloning into 'decentxml'...
[rawhide 9f68d4f] Rebuilt for java-17-openjdk as system jdk
 1 file changed, 4 insertions(+), 1 deletion(-)
Building decentxml-1.4-28.fc36 for f36-java17
Created task: 82425642
Task info: https://koji.fedoraproject.org/koji/taskinfo?taskID=82425642
Watching tasks (this may be safely interrupted)...
82425642 build (f36-java17, /rpms/decentxml.git:9f68d4f9b2c46069d8f4b2338046fa0436ccfd40): free
82425642 build (f36-java17, /rpms/decentxml.git:9f68d4f9b2c46069d8f4b2338046fa0436ccfd40): free -> open (buildvm-ppc64le-37.iad2.fedoraproject.org)
  82425647 buildSRPMFromSCM (/rpms/decentxml.git:9f68d4f9b2c46069d8f4b2338046fa0436ccfd40): free
  82425647 buildSRPMFromSCM (/rpms/decentxml.git:9f68d4f9b2c46069d8f4b2338046fa0436ccfd40): free -> open (buildvm-x86-13.iad2.fedoraproject.org)
  82425647 buildSRPMFromSCM (/rpms/decentxml.git:9f68d4f9b2c46069d8f4b2338046fa0436ccfd40): open (buildvm-x86-13.iad2.fedoraproject.org) -> closed
  0 free  1 open  1 done  0 failed
  82425671 buildArch (decentxml-1.4-28.fc36.src.rpm, noarch): free
  82425671 buildArch (decentxml-1.4-28.fc36.src.rpm, noarch): free -> open (buildvm-ppc64le-32.iad2.fedoraproject.org)
  82425729 tagBuild (noarch): free
  82425671 buildArch (decentxml-1.4-28.fc36.src.rpm, noarch): open (buildvm-ppc64le-32.iad2.fedoraproject.org) -> closed
  1 free  1 open  2 done  0 failed
  82425729 tagBuild (noarch): free -> closed
  0 free  1 open  3 done  0 failed
82425642 build (f36-java17, /rpms/decentxml.git:9f68d4f9b2c46069d8f4b2338046fa0436ccfd40): open (buildvm-ppc64le-37.iad2.fedoraproject.org) -> closed
  0 free  0 open  4 done  0 failed

82425642 build (f36-java17, /rpms/decentxml.git:9f68d4f9b2c46069d8f4b2338046fa0436ccfd40) completed successfully
