Cloning into 'diffoscope'...
RPMAutoSpec usage detected, not changing the spec file.
[rawhide 4e807e9] Rebuilt for java-17-openjdk as system jdk
Building diffoscope-200-2.fc36 for f36-java17
Created task: 82425659
Task info: https://koji.fedoraproject.org/koji/taskinfo?taskID=82425659
Watching tasks (this may be safely interrupted)...
82425659 build (f36-java17, /rpms/diffoscope.git:4e807e9f2b15799c227fd758ad954515dda5ab19): free
82425659 build (f36-java17, /rpms/diffoscope.git:4e807e9f2b15799c227fd758ad954515dda5ab19): free -> open (buildvm-x86-04.iad2.fedoraproject.org)
  82425666 buildSRPMFromSCM (/rpms/diffoscope.git:4e807e9f2b15799c227fd758ad954515dda5ab19): free
  82425666 buildSRPMFromSCM (/rpms/diffoscope.git:4e807e9f2b15799c227fd758ad954515dda5ab19): free -> open (buildvm-ppc64le-26.iad2.fedoraproject.org)
  82425666 buildSRPMFromSCM (/rpms/diffoscope.git:4e807e9f2b15799c227fd758ad954515dda5ab19): open (buildvm-ppc64le-26.iad2.fedoraproject.org) -> closed
  0 free  1 open  1 done  0 failed
  82425718 buildArch (diffoscope-200-2.fc36.src.rpm, armv7hl): open (buildvm-a32-14.iad2.fedoraproject.org)
  82425722 buildArch (diffoscope-200-2.fc36.src.rpm, ppc64le): free
  82425719 buildArch (diffoscope-200-2.fc36.src.rpm, i686): free
  82425720 buildArch (diffoscope-200-2.fc36.src.rpm, x86_64): free
  82425721 buildArch (diffoscope-200-2.fc36.src.rpm, aarch64): open (buildvm-a64-05.iad2.fedoraproject.org)
  82425723 buildArch (diffoscope-200-2.fc36.src.rpm, s390x): open (buildvm-s390x-03.s390.fedoraproject.org)
  82425722 buildArch (diffoscope-200-2.fc36.src.rpm, ppc64le): free -> open (buildvm-ppc64le-40.iad2.fedoraproject.org)
  82425719 buildArch (diffoscope-200-2.fc36.src.rpm, i686): free -> open (buildvm-x86-13.iad2.fedoraproject.org)
  82425720 buildArch (diffoscope-200-2.fc36.src.rpm, x86_64): free -> open (buildvm-x86-07.iad2.fedoraproject.org)
  82425723 buildArch (diffoscope-200-2.fc36.src.rpm, s390x): open (buildvm-s390x-03.s390.fedoraproject.org) -> closed
  0 free  6 open  2 done  0 failed
  82425720 buildArch (diffoscope-200-2.fc36.src.rpm, x86_64): open (buildvm-x86-07.iad2.fedoraproject.org) -> closed
  0 free  5 open  3 done  0 failed
  82425719 buildArch (diffoscope-200-2.fc36.src.rpm, i686): open (buildvm-x86-13.iad2.fedoraproject.org) -> closed
  0 free  4 open  4 done  0 failed
  82425722 buildArch (diffoscope-200-2.fc36.src.rpm, ppc64le): open (buildvm-ppc64le-40.iad2.fedoraproject.org) -> closed
  0 free  3 open  5 done  0 failed
  82425721 buildArch (diffoscope-200-2.fc36.src.rpm, aarch64): open (buildvm-a64-05.iad2.fedoraproject.org) -> closed
  0 free  2 open  6 done  0 failed
  82425718 buildArch (diffoscope-200-2.fc36.src.rpm, armv7hl): open (buildvm-a32-14.iad2.fedoraproject.org) -> closed
  0 free  1 open  7 done  0 failed
  82425933 tagBuild (noarch): free
  82425933 tagBuild (noarch): free -> open (buildvm-s390x-28.s390.fedoraproject.org)
  82425933 tagBuild (noarch): open (buildvm-s390x-28.s390.fedoraproject.org) -> closed
  0 free  1 open  8 done  0 failed
82425659 build (f36-java17, /rpms/diffoscope.git:4e807e9f2b15799c227fd758ad954515dda5ab19): open (buildvm-x86-04.iad2.fedoraproject.org) -> closed
  0 free  0 open  9 done  0 failed

82425659 build (f36-java17, /rpms/diffoscope.git:4e807e9f2b15799c227fd758ad954515dda5ab19) completed successfully
