Cloning into 'directory-maven-plugin'...
[rawhide e91227b] Rebuilt for java-17-openjdk as system jdk
 1 file changed, 4 insertions(+), 1 deletion(-)
Building directory-maven-plugin-0.3.1-6.fc36 for f36-java17
Created task: 82425670
Task info: https://koji.fedoraproject.org/koji/taskinfo?taskID=82425670
Watching tasks (this may be safely interrupted)...
82425670 build (f36-java17, /rpms/directory-maven-plugin.git:e91227be73e02a144b0e4b1a0af5015816947935): free
82425670 build (f36-java17, /rpms/directory-maven-plugin.git:e91227be73e02a144b0e4b1a0af5015816947935): free -> open (buildvm-ppc64le-38.iad2.fedoraproject.org)
  82425674 buildSRPMFromSCM (/rpms/directory-maven-plugin.git:e91227be73e02a144b0e4b1a0af5015816947935): free
  82425674 buildSRPMFromSCM (/rpms/directory-maven-plugin.git:e91227be73e02a144b0e4b1a0af5015816947935): free -> open (buildvm-ppc64le-38.iad2.fedoraproject.org)
  82425730 buildArch (directory-maven-plugin-0.3.1-6.fc36.src.rpm, noarch): free
  82425674 buildSRPMFromSCM (/rpms/directory-maven-plugin.git:e91227be73e02a144b0e4b1a0af5015816947935): open (buildvm-ppc64le-38.iad2.fedoraproject.org) -> closed
  1 free  1 open  1 done  0 failed
  82425730 buildArch (directory-maven-plugin-0.3.1-6.fc36.src.rpm, noarch): free -> open (buildvm-x86-19.iad2.fedoraproject.org)
  82425730 buildArch (directory-maven-plugin-0.3.1-6.fc36.src.rpm, noarch): open (buildvm-x86-19.iad2.fedoraproject.org) -> closed
  0 free  1 open  2 done  0 failed
  82425748 tagBuild (noarch): open (buildvm-ppc64le-31.iad2.fedoraproject.org)
  82425748 tagBuild (noarch): open (buildvm-ppc64le-31.iad2.fedoraproject.org) -> closed
  0 free  1 open  3 done  0 failed
82425670 build (f36-java17, /rpms/directory-maven-plugin.git:e91227be73e02a144b0e4b1a0af5015816947935): open (buildvm-ppc64le-38.iad2.fedoraproject.org) -> closed
  0 free  0 open  4 done  0 failed

82425670 build (f36-java17, /rpms/directory-maven-plugin.git:e91227be73e02a144b0e4b1a0af5015816947935) completed successfully
