Cloning into 'easymock'...
[rawhide 50b4bcd] Rebuilt for java-17-openjdk as system jdk
 1 file changed, 4 insertions(+), 1 deletion(-)
Building easymock-4.2-7.fc36 for f36-java17
Created task: 82425745
Task info: https://koji.fedoraproject.org/koji/taskinfo?taskID=82425745
Watching tasks (this may be safely interrupted)...
82425745 build (f36-java17, /rpms/easymock.git:50b4bcdb97f3a27083b90aa3f142695f5ac550cc): free
82425745 build (f36-java17, /rpms/easymock.git:50b4bcdb97f3a27083b90aa3f142695f5ac550cc): free -> open (buildvm-ppc64le-29.iad2.fedoraproject.org)
  82425746 buildSRPMFromSCM (/rpms/easymock.git:50b4bcdb97f3a27083b90aa3f142695f5ac550cc): free
  82425746 buildSRPMFromSCM (/rpms/easymock.git:50b4bcdb97f3a27083b90aa3f142695f5ac550cc): free -> open (buildvm-x86-08.iad2.fedoraproject.org)
  82425746 buildSRPMFromSCM (/rpms/easymock.git:50b4bcdb97f3a27083b90aa3f142695f5ac550cc): open (buildvm-x86-08.iad2.fedoraproject.org) -> closed
  0 free  1 open  1 done  0 failed
  82425773 buildArch (easymock-4.2-7.fc36.src.rpm, noarch): open (buildvm-x86-28.iad2.fedoraproject.org)
  82425773 buildArch (easymock-4.2-7.fc36.src.rpm, noarch): open (buildvm-x86-28.iad2.fedoraproject.org) -> closed
  0 free  1 open  2 done  0 failed
  82425852 tagBuild (noarch): closed
82425745 build (f36-java17, /rpms/easymock.git:50b4bcdb97f3a27083b90aa3f142695f5ac550cc): open (buildvm-ppc64le-29.iad2.fedoraproject.org) -> closed
  0 free  0 open  4 done  0 failed

82425745 build (f36-java17, /rpms/easymock.git:50b4bcdb97f3a27083b90aa3f142695f5ac550cc) completed successfully
