Cloning into 'eclipse-swt'...
[rawhide 62c6d8c] Rebuilt for java-17-openjdk as system jdk
 1 file changed, 4 insertions(+), 1 deletion(-)
Building eclipse-swt-4.22-4.fc36 for f36-java17
Created task: 82425769
Task info: https://koji.fedoraproject.org/koji/taskinfo?taskID=82425769
Watching tasks (this may be safely interrupted)...
82425769 build (f36-java17, /rpms/eclipse-swt.git:62c6d8c83ef99561c060a6669004f17f00e8bfba): free
82425769 build (f36-java17, /rpms/eclipse-swt.git:62c6d8c83ef99561c060a6669004f17f00e8bfba): free -> open (buildvm-ppc64le-25.iad2.fedoraproject.org)
  82425771 buildSRPMFromSCM (/rpms/eclipse-swt.git:62c6d8c83ef99561c060a6669004f17f00e8bfba): open (buildvm-ppc64le-27.iad2.fedoraproject.org)
  82425771 buildSRPMFromSCM (/rpms/eclipse-swt.git:62c6d8c83ef99561c060a6669004f17f00e8bfba): open (buildvm-ppc64le-27.iad2.fedoraproject.org) -> closed
  0 free  1 open  1 done  0 failed
  82425810 buildArch (eclipse-swt-4.22-4.fc36.src.rpm, s390x): open (buildvm-s390x-05.s390.fedoraproject.org)
  82425807 buildArch (eclipse-swt-4.22-4.fc36.src.rpm, x86_64): free
  82425808 buildArch (eclipse-swt-4.22-4.fc36.src.rpm, aarch64): open (buildvm-a64-30.iad2.fedoraproject.org)
  82425809 buildArch (eclipse-swt-4.22-4.fc36.src.rpm, ppc64le): open (buildvm-ppc64le-40.iad2.fedoraproject.org)
  82425807 buildArch (eclipse-swt-4.22-4.fc36.src.rpm, x86_64): free -> open (buildvm-x86-10.iad2.fedoraproject.org)
  82425810 buildArch (eclipse-swt-4.22-4.fc36.src.rpm, s390x): open (buildvm-s390x-05.s390.fedoraproject.org) -> closed
  0 free  4 open  2 done  0 failed
  82425807 buildArch (eclipse-swt-4.22-4.fc36.src.rpm, x86_64): open (buildvm-x86-10.iad2.fedoraproject.org) -> closed
  0 free  3 open  3 done  0 failed
  82425809 buildArch (eclipse-swt-4.22-4.fc36.src.rpm, ppc64le): open (buildvm-ppc64le-40.iad2.fedoraproject.org) -> closed
  0 free  2 open  4 done  0 failed
  82425808 buildArch (eclipse-swt-4.22-4.fc36.src.rpm, aarch64): open (buildvm-a64-30.iad2.fedoraproject.org) -> closed
  0 free  1 open  5 done  0 failed
  82426076 tagBuild (noarch): free
  82426076 tagBuild (noarch): free -> closed
  0 free  1 open  6 done  0 failed
82425769 build (f36-java17, /rpms/eclipse-swt.git:62c6d8c83ef99561c060a6669004f17f00e8bfba): open (buildvm-ppc64le-25.iad2.fedoraproject.org) -> closed
  0 free  0 open  7 done  0 failed

82425769 build (f36-java17, /rpms/eclipse-swt.git:62c6d8c83ef99561c060a6669004f17f00e8bfba) completed successfully
