Cloning into 'erlang'...
[rawhide 41171a0] Rebuilt for java-17-openjdk as system jdk
 1 file changed, 4 insertions(+), 1 deletion(-)
warning: extra tokens at the end of %endif directive in line 136:  %endif # __with_wxwidgets

warning: extra tokens at the end of %endif directive in line 141:  %endif # __with_wxwidgets

warning: extra tokens at the end of %endif directive in line 144:  %endif # __with_wxwidgets

warning: extra tokens at the end of %endif directive in line 153:  %endif # __with_wxwidgets

warning: extra tokens at the end of %endif directive in line 159:  %endif # __with_java

warning: extra tokens at the end of %endif directive in line 163:  %endif # __with_wxwidgets

warning: extra tokens at the end of %endif directive in line 167:  %endif # __with_wxwidgets

warning: extra tokens at the end of %endif directive in line 174:  %endif # __with_wxwidgets

warning: extra tokens at the end of %endif directive in line 186:  %endif # __with_wxwidgets

warning: line 224: It's not recommended to have unversioned Obsoletes: Obsoletes: erlang-test_server
warning: extra tokens at the end of %endif directive in line 228:  %endif # __with_wxwidgets

warning: extra tokens at the end of %endif directive in line 261:  %endif # __with_wxwidgets

warning: line 273: It's not recommended to have unversioned Obsoletes: Obsoletes: erlang-typer
warning: extra tokens at the end of %endif directive in line 277:  %endif # __with_wxwidgets

warning: line 362: It's not recommended to have unversioned Obsoletes: Obsoletes: erlang-appmon
warning: line 363: It's not recommended to have unversioned Obsoletes: Obsoletes: erlang-docbuilder
warning: line 364: It's not recommended to have unversioned Obsoletes: Obsoletes: erlang-gs
warning: line 365: It's not recommended to have unversioned Obsoletes: Obsoletes: erlang-hipe
warning: line 366: It's not recommended to have unversioned Obsoletes: Obsoletes: erlang-inviso
warning: line 367: It's not recommended to have unversioned Obsoletes: Obsoletes: erlang-ose
warning: line 368: It's not recommended to have unversioned Obsoletes: Obsoletes: erlang-otp_mibs
warning: line 371: It's not recommended to have unversioned Obsoletes: Obsoletes: erlang-pman
warning: line 372: It's not recommended to have unversioned Obsoletes: Obsoletes: erlang-toolbar
warning: line 373: It's not recommended to have unversioned Obsoletes: Obsoletes: erlang-tv
warning: line 374: It's not recommended to have unversioned Obsoletes: Obsoletes: erlang-webtool
warning: extra tokens at the end of %endif directive in line 390:  %endif # __with_wxwidgets

warning: extra tokens at the end of %endif directive in line 413:  %endif %{__with_examples}

warning: extra tokens at the end of %endif directive in line 445:  %endif # __with_java

warning: extra tokens at the end of %endif directive in line 470:  %endif # __with_wxwidgets

warning: extra tokens at the end of %endif directive in line 494:  %endif # __with_wxwidgets

warning: extra tokens at the end of %endif directive in line 556:  %endif # __with_wxwidgets

warning: extra tokens at the end of %endif directive in line 650:  %endif %{__with_emacs}

warning: line 659: It's not recommended to have unversioned Obsoletes: Obsoletes: emacs-erlang
warning: line 660: It's not recommended to have unversioned Obsoletes: Obsoletes: emacs-erlang-el
warning: extra tokens at the end of %endif directive in line 661:  %endif %{__with_emacs}

warning: extra tokens at the end of %endif directive in line 679:  %endif # __with_wxwidgets

warning: extra tokens at the end of %endif directive in line 736:  %endif # __with_wxwidgets

warning: extra tokens at the end of %endif directive in line 757:  %endif %{__with_emacs}

warning: extra tokens at the end of %endif directive in line 787:  %endif %{__with_emacs}

warning: extra tokens at the end of %endif directive in line 805:  %endif %{__with_examples}

warning: extra tokens at the end of %endif directive in line 876:  %endif # __with_java

warning: extra tokens at the end of %endif directive in line 898:  %endif # __with_wxwidgets

warning: extra tokens at the end of %endif directive in line 965:  %endif # __with_wxwidgets

warning: extra tokens at the end of %endif directive in line 991:  %endif # __with_wxwidgets

warning: extra tokens at the end of %endif directive in line 1007:  %endif # __with_wxwidgets

warning: extra tokens at the end of %endif directive in line 1176:  %endif # __with_wxwidgets

warning: extra tokens at the end of %endif directive in line 1194:  %endif # __with_wxwidgets

warning: extra tokens at the end of %endif directive in line 1200:  %endif # __with_wxwidgets

warning: extra tokens at the end of %endif directive in line 1204:  %endif # __with_wxwidgets

warning: extra tokens at the end of %endif directive in line 1207:  %endif # __with_wxwidgets

warning: extra tokens at the end of %endif directive in line 1217:  %endif # __with_wxwidgets

warning: extra tokens at the end of %endif directive in line 1218:  %endif %{__with_examples}

warning: extra tokens at the end of %endif directive in line 1258:  %endif # __with_java

warning: extra tokens at the end of %endif directive in line 1328:  %endif # __with_wxwidgets

warning: extra tokens at the end of %endif directive in line 1355:  %endif # __with_wxwidgets

warning: extra tokens at the end of %endif directive in line 1395:  %endif # __with_wxwidgets

warning: extra tokens at the end of %endif directive in line 1641:  %endif %{__with_emacs}

warning: extra tokens at the end of %endif directive in line 1890:  %endif # __with_wxwidgets


Building erlang-24.2.1-2.fc36 for f36-java17
Created task: 82425794
Task info: https://koji.fedoraproject.org/koji/taskinfo?taskID=82425794
Watching tasks (this may be safely interrupted)...
82425794 build (f36-java17, /rpms/erlang.git:41171a05c2435f17dd265ef8b534f91e8782cd65): free
82425794 build (f36-java17, /rpms/erlang.git:41171a05c2435f17dd265ef8b534f91e8782cd65): free -> open (buildvm-ppc64le-11.iad2.fedoraproject.org)
  82425795 buildSRPMFromSCM (/rpms/erlang.git:41171a05c2435f17dd265ef8b534f91e8782cd65): open (buildvm-ppc64le-31.iad2.fedoraproject.org)
  82425795 buildSRPMFromSCM (/rpms/erlang.git:41171a05c2435f17dd265ef8b534f91e8782cd65): open (buildvm-ppc64le-31.iad2.fedoraproject.org) -> closed
  0 free  1 open  1 done  0 failed
  82425832 buildArch (erlang-24.2.1-2.fc36.src.rpm, x86_64): free
  82425830 buildArch (erlang-24.2.1-2.fc36.src.rpm, armv7hl): open (buildvm-a32-33.iad2.fedoraproject.org)
  82425831 buildArch (erlang-24.2.1-2.fc36.src.rpm, i686): free
  82425833 buildArch (erlang-24.2.1-2.fc36.src.rpm, aarch64): open (buildvm-a64-10.iad2.fedoraproject.org)
  82425834 buildArch (erlang-24.2.1-2.fc36.src.rpm, ppc64le): free
  82425835 buildArch (erlang-24.2.1-2.fc36.src.rpm, s390x): open (buildvm-s390x-11.s390.fedoraproject.org)
  82425834 buildArch (erlang-24.2.1-2.fc36.src.rpm, ppc64le): free -> open (buildvm-ppc64le-38.iad2.fedoraproject.org)
  82425832 buildArch (erlang-24.2.1-2.fc36.src.rpm, x86_64): free -> open (buildvm-x86-13.iad2.fedoraproject.org)
  82425831 buildArch (erlang-24.2.1-2.fc36.src.rpm, i686): free -> open (buildvm-x86-18.iad2.fedoraproject.org)
  82425835 buildArch (erlang-24.2.1-2.fc36.src.rpm, s390x): open (buildvm-s390x-11.s390.fedoraproject.org) -> closed
  0 free  6 open  2 done  0 failed
  82425832 buildArch (erlang-24.2.1-2.fc36.src.rpm, x86_64): open (buildvm-x86-13.iad2.fedoraproject.org) -> closed
  0 free  5 open  3 done  0 failed
  82425830 buildArch (erlang-24.2.1-2.fc36.src.rpm, armv7hl): open (buildvm-a32-33.iad2.fedoraproject.org) -> closed
  0 free  4 open  4 done  0 failed
  82425834 buildArch (erlang-24.2.1-2.fc36.src.rpm, ppc64le): open (buildvm-ppc64le-38.iad2.fedoraproject.org) -> closed
  0 free  3 open  5 done  0 failed
  82425833 buildArch (erlang-24.2.1-2.fc36.src.rpm, aarch64): open (buildvm-a64-10.iad2.fedoraproject.org) -> closed
  0 free  2 open  6 done  0 failed
  82425831 buildArch (erlang-24.2.1-2.fc36.src.rpm, i686): open (buildvm-x86-18.iad2.fedoraproject.org) -> closed
  0 free  1 open  7 done  0 failed
  82429579 tagBuild (noarch): free
  82429579 tagBuild (noarch): free -> closed
  0 free  1 open  8 done  0 failed
82425794 build (f36-java17, /rpms/erlang.git:41171a05c2435f17dd265ef8b534f91e8782cd65): open (buildvm-ppc64le-11.iad2.fedoraproject.org) -> closed
  0 free  0 open  9 done  0 failed

82425794 build (f36-java17, /rpms/erlang.git:41171a05c2435f17dd265ef8b534f91e8782cd65) completed successfully
