Cloning into 'exec-maven-plugin'...
[rawhide ae0b1f4] Rebuilt for java-17-openjdk as system jdk
 1 file changed, 4 insertions(+), 1 deletion(-)
Building exec-maven-plugin-3.0.0-4.fc36 for f36-java17
Created task: 82425814
Task info: https://koji.fedoraproject.org/koji/taskinfo?taskID=82425814
Watching tasks (this may be safely interrupted)...
82425814 build (f36-java17, /rpms/exec-maven-plugin.git:ae0b1f4081732c13203f416f73aa47abd053dd4b): free
82425814 build (f36-java17, /rpms/exec-maven-plugin.git:ae0b1f4081732c13203f416f73aa47abd053dd4b): free -> open (buildvm-ppc64le-09.iad2.fedoraproject.org)
  82425818 buildSRPMFromSCM (/rpms/exec-maven-plugin.git:ae0b1f4081732c13203f416f73aa47abd053dd4b): open (buildvm-ppc64le-06.iad2.fedoraproject.org)
  82425818 buildSRPMFromSCM (/rpms/exec-maven-plugin.git:ae0b1f4081732c13203f416f73aa47abd053dd4b): open (buildvm-ppc64le-06.iad2.fedoraproject.org) -> closed
  0 free  1 open  1 done  0 failed
  82425900 buildArch (exec-maven-plugin-3.0.0-4.fc36.src.rpm, noarch): free
  82425900 buildArch (exec-maven-plugin-3.0.0-4.fc36.src.rpm, noarch): free -> open (buildvm-a64-26.iad2.fedoraproject.org)
  82425900 buildArch (exec-maven-plugin-3.0.0-4.fc36.src.rpm, noarch): open (buildvm-a64-26.iad2.fedoraproject.org) -> closed
  0 free  1 open  2 done  0 failed
  82426075 tagBuild (noarch): free
  82426075 tagBuild (noarch): free -> closed
  0 free  1 open  3 done  0 failed
82425814 build (f36-java17, /rpms/exec-maven-plugin.git:ae0b1f4081732c13203f416f73aa47abd053dd4b): open (buildvm-ppc64le-09.iad2.fedoraproject.org) -> closed
  0 free  0 open  4 done  0 failed

82425814 build (f36-java17, /rpms/exec-maven-plugin.git:ae0b1f4081732c13203f416f73aa47abd053dd4b) completed successfully
