Cloning into 'fastbit'...
[rawhide 37277e4] Rebuilt for java-17-openjdk as system jdk
 1 file changed, 4 insertions(+), 1 deletion(-)
Building fastbit-2.0.3-24.fc36 for f36-java17
Created task: 82425828
Task info: https://koji.fedoraproject.org/koji/taskinfo?taskID=82425828
Watching tasks (this may be safely interrupted)...
82425828 build (f36-java17, /rpms/fastbit.git:37277e435dfdb928d6e8739665a9107cc07af27c): free
82425828 build (f36-java17, /rpms/fastbit.git:37277e435dfdb928d6e8739665a9107cc07af27c): free -> open (buildvm-ppc64le-25.iad2.fedoraproject.org)
  82425829 buildSRPMFromSCM (/rpms/fastbit.git:37277e435dfdb928d6e8739665a9107cc07af27c): open (buildvm-ppc64le-29.iad2.fedoraproject.org)
  82425829 buildSRPMFromSCM (/rpms/fastbit.git:37277e435dfdb928d6e8739665a9107cc07af27c): open (buildvm-ppc64le-29.iad2.fedoraproject.org) -> closed
  0 free  1 open  1 done  0 failed
  82425919 buildArch (fastbit-2.0.3-24.fc36.src.rpm, ppc64le): free
  82425918 buildArch (fastbit-2.0.3-24.fc36.src.rpm, aarch64): open (buildvm-a64-23.iad2.fedoraproject.org)
  82425915 buildArch (fastbit-2.0.3-24.fc36.src.rpm, armv7hl): open (buildvm-a32-11.iad2.fedoraproject.org)
  82425916 buildArch (fastbit-2.0.3-24.fc36.src.rpm, i686): free
  82425917 buildArch (fastbit-2.0.3-24.fc36.src.rpm, x86_64): free
  82425920 buildArch (fastbit-2.0.3-24.fc36.src.rpm, s390x): open (buildvm-s390x-32.s390.fedoraproject.org)
  82425919 buildArch (fastbit-2.0.3-24.fc36.src.rpm, ppc64le): free -> open (buildvm-ppc64le-39.iad2.fedoraproject.org)
  82425916 buildArch (fastbit-2.0.3-24.fc36.src.rpm, i686): free -> open (buildvm-x86-19.iad2.fedoraproject.org)
  82425917 buildArch (fastbit-2.0.3-24.fc36.src.rpm, x86_64): free -> open (buildvm-x86-11.iad2.fedoraproject.org)
  82425917 buildArch (fastbit-2.0.3-24.fc36.src.rpm, x86_64): open (buildvm-x86-11.iad2.fedoraproject.org) -> closed
  0 free  6 open  2 done  0 failed
  82425916 buildArch (fastbit-2.0.3-24.fc36.src.rpm, i686): open (buildvm-x86-19.iad2.fedoraproject.org) -> closed
  0 free  5 open  3 done  0 failed
  82425919 buildArch (fastbit-2.0.3-24.fc36.src.rpm, ppc64le): open (buildvm-ppc64le-39.iad2.fedoraproject.org) -> closed
  0 free  4 open  4 done  0 failed
  82425918 buildArch (fastbit-2.0.3-24.fc36.src.rpm, aarch64): open (buildvm-a64-23.iad2.fedoraproject.org) -> closed
  0 free  3 open  5 done  0 failed
  82425920 buildArch (fastbit-2.0.3-24.fc36.src.rpm, s390x): open (buildvm-s390x-32.s390.fedoraproject.org) -> closed
  0 free  2 open  6 done  0 failed
  82425915 buildArch (fastbit-2.0.3-24.fc36.src.rpm, armv7hl): open (buildvm-a32-11.iad2.fedoraproject.org) -> closed
  0 free  1 open  7 done  0 failed
  82427026 tagBuild (noarch): free
  82427026 tagBuild (noarch): free -> closed
  0 free  1 open  8 done  0 failed
82425828 build (f36-java17, /rpms/fastbit.git:37277e435dfdb928d6e8739665a9107cc07af27c): open (buildvm-ppc64le-25.iad2.fedoraproject.org) -> closed
  0 free  0 open  9 done  0 failed

82425828 build (f36-java17, /rpms/fastbit.git:37277e435dfdb928d6e8739665a9107cc07af27c) completed successfully
