Cloning into 'felix-utils'...
[rawhide 1d3a119] Rebuilt for java-17-openjdk as system jdk
 1 file changed, 4 insertions(+), 1 deletion(-)
Building felix-utils-1.11.6-5.fc36 for f36-java17
Created task: 82425908
Task info: https://koji.fedoraproject.org/koji/taskinfo?taskID=82425908
Watching tasks (this may be safely interrupted)...
82425908 build (f36-java17, /rpms/felix-utils.git:1d3a1193f8cbef5216724beaeec986a60d36a4e1): free
82425908 build (f36-java17, /rpms/felix-utils.git:1d3a1193f8cbef5216724beaeec986a60d36a4e1): free -> open (buildvm-x86-16.iad2.fedoraproject.org)
  82425929 buildSRPMFromSCM (/rpms/felix-utils.git:1d3a1193f8cbef5216724beaeec986a60d36a4e1): free
  82425929 buildSRPMFromSCM (/rpms/felix-utils.git:1d3a1193f8cbef5216724beaeec986a60d36a4e1): free -> open (buildvm-ppc64le-30.iad2.fedoraproject.org)
  82426073 buildArch (felix-utils-1.11.6-5.fc36.src.rpm, noarch): free
  82425929 buildSRPMFromSCM (/rpms/felix-utils.git:1d3a1193f8cbef5216724beaeec986a60d36a4e1): open (buildvm-ppc64le-30.iad2.fedoraproject.org) -> closed
  1 free  1 open  1 done  0 failed
  82426073 buildArch (felix-utils-1.11.6-5.fc36.src.rpm, noarch): free -> open (buildvm-a32-12.iad2.fedoraproject.org)
  82426073 buildArch (felix-utils-1.11.6-5.fc36.src.rpm, noarch): open (buildvm-a32-12.iad2.fedoraproject.org) -> closed
  0 free  1 open  2 done  0 failed
  82426185 tagBuild (noarch): free
82425908 build (f36-java17, /rpms/felix-utils.git:1d3a1193f8cbef5216724beaeec986a60d36a4e1): open (buildvm-x86-16.iad2.fedoraproject.org) -> closed
  1 free  0 open  3 done  0 failed
  82426185 tagBuild (noarch): free -> closed
  0 free  0 open  4 done  0 failed

82425908 build (f36-java17, /rpms/felix-utils.git:1d3a1193f8cbef5216724beaeec986a60d36a4e1) completed successfully
