Cloning into 'felix-parent'...
[rawhide f83b4e2] Rebuilt for java-17-openjdk as system jdk
 1 file changed, 4 insertions(+), 1 deletion(-)
Building felix-parent-7-8.fc36 for f36-java17
Created task: 82425853
Task info: https://koji.fedoraproject.org/koji/taskinfo?taskID=82425853
Watching tasks (this may be safely interrupted)...
82425853 build (f36-java17, /rpms/felix-parent.git:f83b4e26cc2cb15043a0a9694c692a7f8740d3cb): free
82425853 build (f36-java17, /rpms/felix-parent.git:f83b4e26cc2cb15043a0a9694c692a7f8740d3cb): free -> open (buildvm-ppc64le-11.iad2.fedoraproject.org)
  82425901 buildSRPMFromSCM (/rpms/felix-parent.git:f83b4e26cc2cb15043a0a9694c692a7f8740d3cb): free
  82425901 buildSRPMFromSCM (/rpms/felix-parent.git:f83b4e26cc2cb15043a0a9694c692a7f8740d3cb): free -> open (buildvm-ppc64le-15.iad2.fedoraproject.org)
  82425901 buildSRPMFromSCM (/rpms/felix-parent.git:f83b4e26cc2cb15043a0a9694c692a7f8740d3cb): open (buildvm-ppc64le-15.iad2.fedoraproject.org) -> closed
  0 free  1 open  1 done  0 failed
  82426050 buildArch (felix-parent-7-8.fc36.src.rpm, noarch): free
  82426050 buildArch (felix-parent-7-8.fc36.src.rpm, noarch): free -> open (buildvm-a32-18.iad2.fedoraproject.org)
  82426050 buildArch (felix-parent-7-8.fc36.src.rpm, noarch): open (buildvm-a32-18.iad2.fedoraproject.org) -> closed
  0 free  1 open  2 done  0 failed
  82426158 tagBuild (noarch): free
  82426158 tagBuild (noarch): free -> closed
  0 free  1 open  3 done  0 failed
82425853 build (f36-java17, /rpms/felix-parent.git:f83b4e26cc2cb15043a0a9694c692a7f8740d3cb): open (buildvm-ppc64le-11.iad2.fedoraproject.org) -> closed
  0 free  0 open  4 done  0 failed

82425853 build (f36-java17, /rpms/felix-parent.git:f83b4e26cc2cb15043a0a9694c692a7f8740d3cb) completed successfully
