Cloning into 'fernflower'...
[rawhide 0588887] Rebuilt for java-17-openjdk as system jdk
 1 file changed, 4 insertions(+), 1 deletion(-)
Building fernflower-211.7442.40-4.fc36 for f36-java17
Created task: 82425927
Task info: https://koji.fedoraproject.org/koji/taskinfo?taskID=82425927
Watching tasks (this may be safely interrupted)...
82425927 build (f36-java17, /rpms/fernflower.git:05888877295ee14f02eb2691f1e5c42bc4918af8): free
82425927 build (f36-java17, /rpms/fernflower.git:05888877295ee14f02eb2691f1e5c42bc4918af8): free -> open (buildvm-s390x-12.s390.fedoraproject.org)
  82425993 buildSRPMFromSCM (/rpms/fernflower.git:05888877295ee14f02eb2691f1e5c42bc4918af8): free
  82425993 buildSRPMFromSCM (/rpms/fernflower.git:05888877295ee14f02eb2691f1e5c42bc4918af8): free -> open (buildvm-ppc64le-36.iad2.fedoraproject.org)
  82425993 buildSRPMFromSCM (/rpms/fernflower.git:05888877295ee14f02eb2691f1e5c42bc4918af8): open (buildvm-ppc64le-36.iad2.fedoraproject.org) -> closed
  0 free  1 open  1 done  0 failed
  82426098 buildArch (fernflower-211.7442.40-4.fc36.src.rpm, noarch): free
  82426098 buildArch (fernflower-211.7442.40-4.fc36.src.rpm, noarch): free -> open (buildvm-x86-25.iad2.fedoraproject.org)
  82426098 buildArch (fernflower-211.7442.40-4.fc36.src.rpm, noarch): open (buildvm-x86-25.iad2.fedoraproject.org) -> closed
  0 free  1 open  2 done  0 failed
  82426137 tagBuild (noarch): free
  82426137 tagBuild (noarch): free -> closed
  0 free  1 open  3 done  0 failed
82425927 build (f36-java17, /rpms/fernflower.git:05888877295ee14f02eb2691f1e5c42bc4918af8): open (buildvm-s390x-12.s390.fedoraproject.org) -> closed
  0 free  0 open  4 done  0 failed

82425927 build (f36-java17, /rpms/fernflower.git:05888877295ee14f02eb2691f1e5c42bc4918af8) completed successfully
