Cloning into 'flute'...
[rawhide 4e7ff26] Rebuilt for java-17-openjdk as system jdk
 1 file changed, 4 insertions(+), 1 deletion(-)
Building flute-1.3.0-28.OOo31.fc36 for f36-java17
Created task: 82426011
Task info: https://koji.fedoraproject.org/koji/taskinfo?taskID=82426011
Watching tasks (this may be safely interrupted)...
82426011 build (f36-java17, /rpms/flute.git:4e7ff26053395c0eb9a826e8cbc91736489a4707): free
82426011 build (f36-java17, /rpms/flute.git:4e7ff26053395c0eb9a826e8cbc91736489a4707): free -> open (buildvm-a32-21.iad2.fedoraproject.org)
  82426013 buildSRPMFromSCM (/rpms/flute.git:4e7ff26053395c0eb9a826e8cbc91736489a4707): free
  82426013 buildSRPMFromSCM (/rpms/flute.git:4e7ff26053395c0eb9a826e8cbc91736489a4707): free -> open (buildvm-ppc64le-33.iad2.fedoraproject.org)
  82426013 buildSRPMFromSCM (/rpms/flute.git:4e7ff26053395c0eb9a826e8cbc91736489a4707): open (buildvm-ppc64le-33.iad2.fedoraproject.org) -> closed
  0 free  1 open  1 done  0 failed
  82426097 buildArch (flute-1.3.0-28.OOo31.fc36.src.rpm, noarch): free
  82426097 buildArch (flute-1.3.0-28.OOo31.fc36.src.rpm, noarch): free -> open (buildvm-ppc64le-32.iad2.fedoraproject.org)
  82426097 buildArch (flute-1.3.0-28.OOo31.fc36.src.rpm, noarch): open (buildvm-ppc64le-32.iad2.fedoraproject.org) -> closed
  0 free  1 open  2 done  0 failed
  82426162 tagBuild (noarch): free
  82426162 tagBuild (noarch): free -> closed
  0 free  1 open  3 done  0 failed
82426011 build (f36-java17, /rpms/flute.git:4e7ff26053395c0eb9a826e8cbc91736489a4707): open (buildvm-a32-21.iad2.fedoraproject.org) -> closed
  0 free  0 open  4 done  0 failed

82426011 build (f36-java17, /rpms/flute.git:4e7ff26053395c0eb9a826e8cbc91736489a4707) completed successfully
