Cloning into 'forge-parent'...
[rawhide f0f1318] Rebuilt for java-17-openjdk as system jdk
 1 file changed, 4 insertions(+), 1 deletion(-)
Building forge-parent-38-21.fc36 for f36-java17
Created task: 82426074
Task info: https://koji.fedoraproject.org/koji/taskinfo?taskID=82426074
Watching tasks (this may be safely interrupted)...
82426074 build (f36-java17, /rpms/forge-parent.git:f0f1318764bc64444166917fb6226640f9f84125): free
82426074 build (f36-java17, /rpms/forge-parent.git:f0f1318764bc64444166917fb6226640f9f84125): free -> open (buildvm-s390x-28.s390.fedoraproject.org)
  82426077 buildSRPMFromSCM (/rpms/forge-parent.git:f0f1318764bc64444166917fb6226640f9f84125): free
  82426077 buildSRPMFromSCM (/rpms/forge-parent.git:f0f1318764bc64444166917fb6226640f9f84125): free -> open (buildvm-ppc64le-31.iad2.fedoraproject.org)
  82426130 buildArch (forge-parent-38-21.fc36.src.rpm, noarch): free
  82426077 buildSRPMFromSCM (/rpms/forge-parent.git:f0f1318764bc64444166917fb6226640f9f84125): open (buildvm-ppc64le-31.iad2.fedoraproject.org) -> closed
  1 free  1 open  1 done  0 failed
  82426130 buildArch (forge-parent-38-21.fc36.src.rpm, noarch): free -> open (buildvm-ppc64le-27.iad2.fedoraproject.org)
  82426130 buildArch (forge-parent-38-21.fc36.src.rpm, noarch): open (buildvm-ppc64le-27.iad2.fedoraproject.org) -> closed
  0 free  1 open  2 done  0 failed
  82426265 tagBuild (noarch): free
  82426265 tagBuild (noarch): free -> closed
  0 free  1 open  3 done  0 failed
82426074 build (f36-java17, /rpms/forge-parent.git:f0f1318764bc64444166917fb6226640f9f84125): open (buildvm-s390x-28.s390.fedoraproject.org) -> closed
  0 free  0 open  4 done  0 failed

82426074 build (f36-java17, /rpms/forge-parent.git:f0f1318764bc64444166917fb6226640f9f84125) completed successfully
