Cloning into 'freecol'...
[rawhide 8d4b40a] Rebuilt for java-17-openjdk as system jdk
 1 file changed, 4 insertions(+), 1 deletion(-)
Building freecol-0.11.6-18.fc36 for f36-java17
Created task: 82426082
Task info: https://koji.fedoraproject.org/koji/taskinfo?taskID=82426082
Watching tasks (this may be safely interrupted)...
82426082 build (f36-java17, /rpms/freecol.git:8d4b40acd480fa0b95c7a75c7377662d33802218): free
82426082 build (f36-java17, /rpms/freecol.git:8d4b40acd480fa0b95c7a75c7377662d33802218): free -> open (buildvm-s390x-35.s390.fedoraproject.org)
  82426092 buildSRPMFromSCM (/rpms/freecol.git:8d4b40acd480fa0b95c7a75c7377662d33802218): free
  82426092 buildSRPMFromSCM (/rpms/freecol.git:8d4b40acd480fa0b95c7a75c7377662d33802218): free -> open (buildvm-ppc64le-08.iad2.fedoraproject.org)
  82426092 buildSRPMFromSCM (/rpms/freecol.git:8d4b40acd480fa0b95c7a75c7377662d33802218): open (buildvm-ppc64le-08.iad2.fedoraproject.org) -> closed
  0 free  1 open  1 done  0 failed
  82426161 buildArch (freecol-0.11.6-18.fc36.src.rpm, noarch): free
  82426161 buildArch (freecol-0.11.6-18.fc36.src.rpm, noarch): free -> open (buildvm-ppc64le-32.iad2.fedoraproject.org)
  82426161 buildArch (freecol-0.11.6-18.fc36.src.rpm, noarch): open (buildvm-ppc64le-32.iad2.fedoraproject.org) -> closed
  0 free  1 open  2 done  0 failed
  82426470 tagBuild (noarch): free
  82426470 tagBuild (noarch): free -> closed
  0 free  1 open  3 done  0 failed
82426082 build (f36-java17, /rpms/freecol.git:8d4b40acd480fa0b95c7a75c7377662d33802218): open (buildvm-s390x-35.s390.fedoraproject.org) -> closed
  0 free  0 open  4 done  0 failed

82426082 build (f36-java17, /rpms/freecol.git:8d4b40acd480fa0b95c7a75c7377662d33802218) completed successfully
