Cloning into 'freerouting'...
[rawhide e0bb619] Rebuilt for java-17-openjdk as system jdk
 1 file changed, 4 insertions(+), 1 deletion(-)
Building freerouting-1.3.1-10.fc36 for f36-java17
Created task: 82426106
Task info: https://koji.fedoraproject.org/koji/taskinfo?taskID=82426106
Watching tasks (this may be safely interrupted)...
82426106 build (f36-java17, /rpms/freerouting.git:e0bb61995510e67b4df861d2d080a10707ced02f): free
82426106 build (f36-java17, /rpms/freerouting.git:e0bb61995510e67b4df861d2d080a10707ced02f): free -> open (buildvm-x86-28.iad2.fedoraproject.org)
  82426107 buildSRPMFromSCM (/rpms/freerouting.git:e0bb61995510e67b4df861d2d080a10707ced02f): open (buildvm-x86-28.iad2.fedoraproject.org)
  82426107 buildSRPMFromSCM (/rpms/freerouting.git:e0bb61995510e67b4df861d2d080a10707ced02f): open (buildvm-x86-28.iad2.fedoraproject.org) -> closed
  0 free  1 open  1 done  0 failed
  82426160 buildArch (freerouting-1.3.1-10.fc36.src.rpm, noarch): free
  82426160 buildArch (freerouting-1.3.1-10.fc36.src.rpm, noarch): free -> open (buildvm-ppc64le-09.iad2.fedoraproject.org)
  82426160 buildArch (freerouting-1.3.1-10.fc36.src.rpm, noarch): open (buildvm-ppc64le-09.iad2.fedoraproject.org) -> closed
  0 free  1 open  2 done  0 failed
  82426316 tagBuild (noarch): free
  82426316 tagBuild (noarch): free -> closed
  0 free  1 open  3 done  0 failed
82426106 build (f36-java17, /rpms/freerouting.git:e0bb61995510e67b4df861d2d080a10707ced02f): open (buildvm-x86-28.iad2.fedoraproject.org) -> closed
  0 free  0 open  4 done  0 failed

82426106 build (f36-java17, /rpms/freerouting.git:e0bb61995510e67b4df861d2d080a10707ced02f) completed successfully
