Cloning into 'freemarker'...
[rawhide 38c3a7b] Rebuilt for java-17-openjdk as system jdk
 1 file changed, 4 insertions(+), 1 deletion(-)
Building freemarker-2.3.31-4.fc36 for f36-java17
Created task: 82426099
Task info: https://koji.fedoraproject.org/koji/taskinfo?taskID=82426099
Watching tasks (this may be safely interrupted)...
82426099 build (f36-java17, /rpms/freemarker.git:38c3a7b4d8f358e787c4020f6338f0074be2f4c0): free
82426099 build (f36-java17, /rpms/freemarker.git:38c3a7b4d8f358e787c4020f6338f0074be2f4c0): free -> open (buildvm-x86-28.iad2.fedoraproject.org)
  82426101 buildSRPMFromSCM (/rpms/freemarker.git:38c3a7b4d8f358e787c4020f6338f0074be2f4c0): free
  82426101 buildSRPMFromSCM (/rpms/freemarker.git:38c3a7b4d8f358e787c4020f6338f0074be2f4c0): free -> open (buildvm-x86-32.iad2.fedoraproject.org)
  82426145 buildArch (freemarker-2.3.31-4.fc36.src.rpm, noarch): free
  82426101 buildSRPMFromSCM (/rpms/freemarker.git:38c3a7b4d8f358e787c4020f6338f0074be2f4c0): open (buildvm-x86-32.iad2.fedoraproject.org) -> closed
  1 free  1 open  1 done  0 failed
  82426145 buildArch (freemarker-2.3.31-4.fc36.src.rpm, noarch): free -> open (buildvm-ppc64le-40.iad2.fedoraproject.org)
  82426145 buildArch (freemarker-2.3.31-4.fc36.src.rpm, noarch): open (buildvm-ppc64le-40.iad2.fedoraproject.org) -> closed
  0 free  1 open  2 done  0 failed
  82426314 tagBuild (noarch): free
  82426314 tagBuild (noarch): free -> open (buildvm-s390x-13.s390.fedoraproject.org)
  82426314 tagBuild (noarch): open (buildvm-s390x-13.s390.fedoraproject.org) -> closed
  0 free  1 open  3 done  0 failed
82426099 build (f36-java17, /rpms/freemarker.git:38c3a7b4d8f358e787c4020f6338f0074be2f4c0): open (buildvm-x86-28.iad2.fedoraproject.org) -> closed
  0 free  0 open  4 done  0 failed

82426099 build (f36-java17, /rpms/freemarker.git:38c3a7b4d8f358e787c4020f6338f0074be2f4c0) completed successfully
