Cloning into 'frysk'...
[rawhide 5802181] Rebuilt for java-17-openjdk as system jdk
 1 file changed, 4 insertions(+), 1 deletion(-)
Building frysk-0.4-83.fc36 for f36-java17
Created task: 82426163
Task info: https://koji.fedoraproject.org/koji/taskinfo?taskID=82426163
Watching tasks (this may be safely interrupted)...
82426163 build (f36-java17, /rpms/frysk.git:5802181851c982df7ae6bdaa246e4fe32cf84778): free
82426163 build (f36-java17, /rpms/frysk.git:5802181851c982df7ae6bdaa246e4fe32cf84778): free -> open (buildvm-ppc64le-05.iad2.fedoraproject.org)
  82426183 buildSRPMFromSCM (/rpms/frysk.git:5802181851c982df7ae6bdaa246e4fe32cf84778): free
  82426183 buildSRPMFromSCM (/rpms/frysk.git:5802181851c982df7ae6bdaa246e4fe32cf84778): free -> open (buildvm-ppc64le-22.iad2.fedoraproject.org)
  82426183 buildSRPMFromSCM (/rpms/frysk.git:5802181851c982df7ae6bdaa246e4fe32cf84778): open (buildvm-ppc64le-22.iad2.fedoraproject.org) -> closed
  0 free  1 open  1 done  0 failed
  82426384 buildArch (frysk-0.4-83.fc36.src.rpm, x86_64): free
  82426383 buildArch (frysk-0.4-83.fc36.src.rpm, i686): free
  82426383 buildArch (frysk-0.4-83.fc36.src.rpm, i686): free -> open (buildhw-x86-07.iad2.fedoraproject.org)
  82426384 buildArch (frysk-0.4-83.fc36.src.rpm, x86_64): free -> open (buildhw-x86-05.iad2.fedoraproject.org)
  82426384 buildArch (frysk-0.4-83.fc36.src.rpm, x86_64): open (buildhw-x86-05.iad2.fedoraproject.org) -> closed
  0 free  2 open  2 done  0 failed
  82426818 tagBuild (noarch): free
  82426383 buildArch (frysk-0.4-83.fc36.src.rpm, i686): open (buildhw-x86-07.iad2.fedoraproject.org) -> closed
  1 free  1 open  3 done  0 failed
  82426818 tagBuild (noarch): free -> closed
  0 free  1 open  4 done  0 failed
82426163 build (f36-java17, /rpms/frysk.git:5802181851c982df7ae6bdaa246e4fe32cf84778): open (buildvm-ppc64le-05.iad2.fedoraproject.org) -> closed
  0 free  0 open  5 done  0 failed

82426163 build (f36-java17, /rpms/frysk.git:5802181851c982df7ae6bdaa246e4fe32cf84778) completed successfully
