Cloning into 'gdal'...
[rawhide 24b9641] Rebuilt for java-17-openjdk as system jdk
 1 file changed, 4 insertions(+), 1 deletion(-)
Building gdal-3.4.1-4.fc36 for f36-java17
Created task: 82426225
Task info: https://koji.fedoraproject.org/koji/taskinfo?taskID=82426225
Watching tasks (this may be safely interrupted)...
82426225 build (f36-java17, /rpms/gdal.git:24b9641de7c8512dd468bf7e2af96c64a96c948b): free
82426225 build (f36-java17, /rpms/gdal.git:24b9641de7c8512dd468bf7e2af96c64a96c948b): free -> open (buildvm-a32-21.iad2.fedoraproject.org)
  82426271 buildSRPMFromSCM (/rpms/gdal.git:24b9641de7c8512dd468bf7e2af96c64a96c948b): free
  82426271 buildSRPMFromSCM (/rpms/gdal.git:24b9641de7c8512dd468bf7e2af96c64a96c948b): free -> open (buildvm-ppc64le-09.iad2.fedoraproject.org)
  82426430 buildArch (gdal-3.4.1-4.fc36.src.rpm, armv7hl): free
  82426271 buildSRPMFromSCM (/rpms/gdal.git:24b9641de7c8512dd468bf7e2af96c64a96c948b): open (buildvm-ppc64le-09.iad2.fedoraproject.org) -> closed
  1 free  1 open  1 done  0 failed
  82426431 buildArch (gdal-3.4.1-4.fc36.src.rpm, i686): free
  82426434 buildArch (gdal-3.4.1-4.fc36.src.rpm, ppc64le): free
  82426432 buildArch (gdal-3.4.1-4.fc36.src.rpm, x86_64): free
  82426433 buildArch (gdal-3.4.1-4.fc36.src.rpm, aarch64): free
  82426435 buildArch (gdal-3.4.1-4.fc36.src.rpm, s390x): open (buildvm-s390x-01.s390.fedoraproject.org)
  82426430 buildArch (gdal-3.4.1-4.fc36.src.rpm, armv7hl): free -> open (buildvm-a32-12.iad2.fedoraproject.org)
  82426434 buildArch (gdal-3.4.1-4.fc36.src.rpm, ppc64le): free -> open (buildvm-ppc64le-27.iad2.fedoraproject.org)
  82426433 buildArch (gdal-3.4.1-4.fc36.src.rpm, aarch64): free -> open (buildvm-a64-22.iad2.fedoraproject.org)
  82426431 buildArch (gdal-3.4.1-4.fc36.src.rpm, i686): free -> open (buildhw-x86-12.iad2.fedoraproject.org)
  82426432 buildArch (gdal-3.4.1-4.fc36.src.rpm, x86_64): free -> open (buildhw-x86-10.iad2.fedoraproject.org)
  82426431 buildArch (gdal-3.4.1-4.fc36.src.rpm, i686): open (buildhw-x86-12.iad2.fedoraproject.org) -> closed
  0 free  6 open  2 done  0 failed
  82426432 buildArch (gdal-3.4.1-4.fc36.src.rpm, x86_64): open (buildhw-x86-10.iad2.fedoraproject.org) -> closed
  0 free  5 open  3 done  0 failed
  82426435 buildArch (gdal-3.4.1-4.fc36.src.rpm, s390x): open (buildvm-s390x-01.s390.fedoraproject.org) -> closed
  0 free  4 open  4 done  0 failed
  82426434 buildArch (gdal-3.4.1-4.fc36.src.rpm, ppc64le): open (buildvm-ppc64le-27.iad2.fedoraproject.org) -> closed
  0 free  3 open  5 done  0 failed
  82426430 buildArch (gdal-3.4.1-4.fc36.src.rpm, armv7hl): open (buildvm-a32-12.iad2.fedoraproject.org) -> closed
  0 free  2 open  6 done  0 failed
  82426433 buildArch (gdal-3.4.1-4.fc36.src.rpm, aarch64): open (buildvm-a64-22.iad2.fedoraproject.org) -> closed
  0 free  1 open  7 done  0 failed
  82429879 tagBuild (noarch): free
  82429879 tagBuild (noarch): free -> open (buildvm-x86-10.iad2.fedoraproject.org)
  82429879 tagBuild (noarch): open (buildvm-x86-10.iad2.fedoraproject.org) -> closed
  0 free  1 open  8 done  0 failed
82426225 build (f36-java17, /rpms/gdal.git:24b9641de7c8512dd468bf7e2af96c64a96c948b): open (buildvm-a32-21.iad2.fedoraproject.org) -> closed
  0 free  0 open  9 done  0 failed

82426225 build (f36-java17, /rpms/gdal.git:24b9641de7c8512dd468bf7e2af96c64a96c948b) completed successfully
