Cloning into 'gdl'...
[rawhide f527245] Rebuilt for java-17-openjdk as system jdk
 1 file changed, 4 insertions(+), 1 deletion(-)
warning: Macro expanded in comment on line 13: %{commit}/gdl-%{version}-git-%{shortcommit}.tar.gz

warning: line 76: Possible unexpanded macro in: Requires:       hdf5 = %{_hdf5_version}

Building gdl-1.0.1-4.fc36 for f36-java17
Created task: 82426368
Task info: https://koji.fedoraproject.org/koji/taskinfo?taskID=82426368
Watching tasks (this may be safely interrupted)...
82426368 build (f36-java17, /rpms/gdl.git:f527245d6c51a5af84d3394d01082ed4303e2588): free
82426368 build (f36-java17, /rpms/gdl.git:f527245d6c51a5af84d3394d01082ed4303e2588): free -> open (buildhw-a64-24.iad2.fedoraproject.org)
  82426389 buildSRPMFromSCM (/rpms/gdl.git:f527245d6c51a5af84d3394d01082ed4303e2588): free
  82426389 buildSRPMFromSCM (/rpms/gdl.git:f527245d6c51a5af84d3394d01082ed4303e2588): free -> open (buildvm-ppc64le-17.iad2.fedoraproject.org)
  82426389 buildSRPMFromSCM (/rpms/gdl.git:f527245d6c51a5af84d3394d01082ed4303e2588): open (buildvm-ppc64le-17.iad2.fedoraproject.org) -> closed
  0 free  1 open  1 done  0 failed
  82426543 buildArch (gdl-1.0.1-4.fc36.src.rpm, armv7hl): open (buildvm-a32-19.iad2.fedoraproject.org)
  82426548 buildArch (gdl-1.0.1-4.fc36.src.rpm, s390x): open (buildvm-s390x-07.s390.fedoraproject.org)
  82426545 buildArch (gdl-1.0.1-4.fc36.src.rpm, x86_64): free
  82426546 buildArch (gdl-1.0.1-4.fc36.src.rpm, aarch64): free
  82426544 buildArch (gdl-1.0.1-4.fc36.src.rpm, i686): free
  82426547 buildArch (gdl-1.0.1-4.fc36.src.rpm, ppc64le): free
  82426546 buildArch (gdl-1.0.1-4.fc36.src.rpm, aarch64): free -> open (buildvm-a64-32.iad2.fedoraproject.org)
  82426547 buildArch (gdl-1.0.1-4.fc36.src.rpm, ppc64le): free -> open (buildvm-ppc64le-27.iad2.fedoraproject.org)
  82426545 buildArch (gdl-1.0.1-4.fc36.src.rpm, x86_64): free -> open (buildhw-x86-08.iad2.fedoraproject.org)
  82426544 buildArch (gdl-1.0.1-4.fc36.src.rpm, i686): free -> open (buildvm-x86-15.iad2.fedoraproject.org)
  82426548 buildArch (gdl-1.0.1-4.fc36.src.rpm, s390x): open (buildvm-s390x-07.s390.fedoraproject.org) -> closed
  0 free  6 open  2 done  0 failed
  82426545 buildArch (gdl-1.0.1-4.fc36.src.rpm, x86_64): open (buildhw-x86-08.iad2.fedoraproject.org) -> closed
  0 free  5 open  3 done  0 failed
  82426544 buildArch (gdl-1.0.1-4.fc36.src.rpm, i686): open (buildvm-x86-15.iad2.fedoraproject.org) -> closed
  0 free  4 open  4 done  0 failed
  82426547 buildArch (gdl-1.0.1-4.fc36.src.rpm, ppc64le): open (buildvm-ppc64le-27.iad2.fedoraproject.org) -> closed
  0 free  3 open  5 done  0 failed
  82426543 buildArch (gdl-1.0.1-4.fc36.src.rpm, armv7hl): open (buildvm-a32-19.iad2.fedoraproject.org) -> closed
  0 free  2 open  6 done  0 failed
  82426546 buildArch (gdl-1.0.1-4.fc36.src.rpm, aarch64): open (buildvm-a64-32.iad2.fedoraproject.org) -> closed
  0 free  1 open  7 done  0 failed
  82431200 tagBuild (noarch): free
  82431200 tagBuild (noarch): free -> closed
  0 free  1 open  8 done  0 failed
82426368 build (f36-java17, /rpms/gdl.git:f527245d6c51a5af84d3394d01082ed4303e2588): open (buildhw-a64-24.iad2.fedoraproject.org) -> closed
  0 free  0 open  9 done  0 failed

82426368 build (f36-java17, /rpms/gdl.git:f527245d6c51a5af84d3394d01082ed4303e2588) completed successfully
