Cloning into 'gnulib'...
[rawhide 4b43796] Rebuilt for java-17-openjdk as system jdk
 1 file changed, 4 insertions(+), 1 deletion(-)
Building gnulib-0-42.20200827git.fc36 for f36-java17
Created task: 82426458
Task info: https://koji.fedoraproject.org/koji/taskinfo?taskID=82426458
Watching tasks (this may be safely interrupted)...
82426458 build (f36-java17, /rpms/gnulib.git:4b43796a2ffe1dc3b0dcb9c3864e042fc75399f3): free
82426458 build (f36-java17, /rpms/gnulib.git:4b43796a2ffe1dc3b0dcb9c3864e042fc75399f3): free -> open (buildvm-s390x-06.s390.fedoraproject.org)
  82426469 buildSRPMFromSCM (/rpms/gnulib.git:4b43796a2ffe1dc3b0dcb9c3864e042fc75399f3): free
  82426469 buildSRPMFromSCM (/rpms/gnulib.git:4b43796a2ffe1dc3b0dcb9c3864e042fc75399f3): free -> open (buildvm-x86-20.iad2.fedoraproject.org)
  82426469 buildSRPMFromSCM (/rpms/gnulib.git:4b43796a2ffe1dc3b0dcb9c3864e042fc75399f3): open (buildvm-x86-20.iad2.fedoraproject.org) -> closed
  0 free  1 open  1 done  0 failed
  82426597 buildArch (gnulib-0-42.20200827git.fc36.src.rpm, i686): free
  82426598 buildArch (gnulib-0-42.20200827git.fc36.src.rpm, x86_64): free
  82426599 buildArch (gnulib-0-42.20200827git.fc36.src.rpm, aarch64): free
  82426600 buildArch (gnulib-0-42.20200827git.fc36.src.rpm, ppc64le): free
  82426602 buildArch (gnulib-0-42.20200827git.fc36.src.rpm, s390x): open (buildvm-s390x-12.s390.fedoraproject.org)
  82426596 buildArch (gnulib-0-42.20200827git.fc36.src.rpm, armv7hl): open (buildvm-a32-28.iad2.fedoraproject.org)
  82426599 buildArch (gnulib-0-42.20200827git.fc36.src.rpm, aarch64): free -> open (buildhw-a64-23.iad2.fedoraproject.org)
  82426597 buildArch (gnulib-0-42.20200827git.fc36.src.rpm, i686): free -> open (buildvm-x86-07.iad2.fedoraproject.org)
  82426598 buildArch (gnulib-0-42.20200827git.fc36.src.rpm, x86_64): free -> open (buildvm-x86-20.iad2.fedoraproject.org)
  82426600 buildArch (gnulib-0-42.20200827git.fc36.src.rpm, ppc64le): free -> open (buildvm-ppc64le-40.iad2.fedoraproject.org)
  82426597 buildArch (gnulib-0-42.20200827git.fc36.src.rpm, i686): open (buildvm-x86-07.iad2.fedoraproject.org) -> canceled
  0 free  6 open  2 done  0 failed
  82426598 buildArch (gnulib-0-42.20200827git.fc36.src.rpm, x86_64): open (buildvm-x86-20.iad2.fedoraproject.org) -> canceled
  0 free  5 open  3 done  0 failed
  82426599 buildArch (gnulib-0-42.20200827git.fc36.src.rpm, aarch64): open (buildhw-a64-23.iad2.fedoraproject.org) -> canceled
  0 free  4 open  4 done  0 failed
  82426600 buildArch (gnulib-0-42.20200827git.fc36.src.rpm, ppc64le): open (buildvm-ppc64le-40.iad2.fedoraproject.org) -> canceled
  0 free  3 open  5 done  0 failed
  82426602 buildArch (gnulib-0-42.20200827git.fc36.src.rpm, s390x): open (buildvm-s390x-12.s390.fedoraproject.org) -> FAILED: BuildError: error building package (arch s390x), mock exited with status 1; see build.log or root.log for more information
  Relevant logs:
  https://kojipkgs.fedoraproject.org/work/tasks/6602/82426602/mock_output.log
  https://kojipkgs.fedoraproject.org/work/tasks/6602/82426602/hw_info.log
  https://kojipkgs.fedoraproject.org/work/tasks/6602/82426602/state.log
  https://kojipkgs.fedoraproject.org/work/tasks/6602/82426602/build.log
  https://kojipkgs.fedoraproject.org/work/tasks/6602/82426602/root.log
  0 free  2 open  5 done  1 failed
  82426596 buildArch (gnulib-0-42.20200827git.fc36.src.rpm, armv7hl): open (buildvm-a32-28.iad2.fedoraproject.org) -> canceled
  0 free  1 open  6 done  1 failed
82426458 build (f36-java17, /rpms/gnulib.git:4b43796a2ffe1dc3b0dcb9c3864e042fc75399f3): open (buildvm-s390x-06.s390.fedoraproject.org) -> FAILED: BuildError: error building package (arch s390x), mock exited with status 1; see build.log or root.log for more information
  0 free  0 open  6 done  2 failed

82426458 build (f36-java17, /rpms/gnulib.git:4b43796a2ffe1dc3b0dcb9c3864e042fc75399f3) failed
