Cloning into 'google-gson'...
[rawhide bc85e92] Rebuilt for java-17-openjdk as system jdk
 1 file changed, 4 insertions(+), 1 deletion(-)
Building google-gson-2.8.8-4.fc36 for f36-java17
Created task: 82426487
Task info: https://koji.fedoraproject.org/koji/taskinfo?taskID=82426487
Watching tasks (this may be safely interrupted)...
82426487 build (f36-java17, /rpms/google-gson.git:bc85e925c5f74838d563921a3a4e3e9f0013d6a5): free
82426487 build (f36-java17, /rpms/google-gson.git:bc85e925c5f74838d563921a3a4e3e9f0013d6a5): free -> open (buildvm-a32-21.iad2.fedoraproject.org)
  82426524 buildSRPMFromSCM (/rpms/google-gson.git:bc85e925c5f74838d563921a3a4e3e9f0013d6a5): free
  82426524 buildSRPMFromSCM (/rpms/google-gson.git:bc85e925c5f74838d563921a3a4e3e9f0013d6a5): free -> open (buildvm-x86-08.iad2.fedoraproject.org)
  82426524 buildSRPMFromSCM (/rpms/google-gson.git:bc85e925c5f74838d563921a3a4e3e9f0013d6a5): open (buildvm-x86-08.iad2.fedoraproject.org) -> closed
  0 free  1 open  1 done  0 failed
  82426611 buildArch (google-gson-2.8.8-4.fc36.src.rpm, noarch): free
  82426611 buildArch (google-gson-2.8.8-4.fc36.src.rpm, noarch): free -> open (buildvm-s390x-05.s390.fedoraproject.org)
  82426611 buildArch (google-gson-2.8.8-4.fc36.src.rpm, noarch): open (buildvm-s390x-05.s390.fedoraproject.org) -> FAILED: BuildError: error building package (arch noarch), mock exited with status 1; see build.log or root.log for more information
  Relevant logs:
  https://kojipkgs.fedoraproject.org/work/tasks/6611/82426611/mock_output.log
  https://kojipkgs.fedoraproject.org/work/tasks/6611/82426611/hw_info.log
  https://kojipkgs.fedoraproject.org/work/tasks/6611/82426611/state.log
  https://kojipkgs.fedoraproject.org/work/tasks/6611/82426611/build.log
  https://kojipkgs.fedoraproject.org/work/tasks/6611/82426611/root.log
  0 free  1 open  1 done  1 failed
82426487 build (f36-java17, /rpms/google-gson.git:bc85e925c5f74838d563921a3a4e3e9f0013d6a5): open (buildvm-a32-21.iad2.fedoraproject.org) -> FAILED: BuildError: error building package (arch noarch), mock exited with status 1; see build.log or root.log for more information
  0 free  0 open  1 done  2 failed

82426487 build (f36-java17, /rpms/google-gson.git:bc85e925c5f74838d563921a3a4e3e9f0013d6a5) failed
