Cloning into 'hamcrest'...
[rawhide 2f2f59e] Rebuilt for java-17-openjdk as system jdk
 1 file changed, 4 insertions(+), 1 deletion(-)
Building hamcrest-2.2-7.fc36 for f36-java17
Created task: 82426617
Task info: https://koji.fedoraproject.org/koji/taskinfo?taskID=82426617
Watching tasks (this may be safely interrupted)...
82426617 build (f36-java17, /rpms/hamcrest.git:2f2f59eb4627b5fab2dd873e6a0007cc527dfc9c): free
82426617 build (f36-java17, /rpms/hamcrest.git:2f2f59eb4627b5fab2dd873e6a0007cc527dfc9c): free -> open (buildvm-s390x-26.s390.fedoraproject.org)
  82426626 buildSRPMFromSCM (/rpms/hamcrest.git:2f2f59eb4627b5fab2dd873e6a0007cc527dfc9c): free
  82426626 buildSRPMFromSCM (/rpms/hamcrest.git:2f2f59eb4627b5fab2dd873e6a0007cc527dfc9c): free -> open (buildvm-ppc64le-06.iad2.fedoraproject.org)
  82426626 buildSRPMFromSCM (/rpms/hamcrest.git:2f2f59eb4627b5fab2dd873e6a0007cc527dfc9c): open (buildvm-ppc64le-06.iad2.fedoraproject.org) -> closed
  0 free  1 open  1 done  0 failed
  82426718 buildArch (hamcrest-2.2-7.fc36.src.rpm, noarch): free
  82426718 buildArch (hamcrest-2.2-7.fc36.src.rpm, noarch): free -> open (buildvm-ppc64le-07.iad2.fedoraproject.org)
  82426829 tagBuild (noarch): free
  82426718 buildArch (hamcrest-2.2-7.fc36.src.rpm, noarch): open (buildvm-ppc64le-07.iad2.fedoraproject.org) -> closed
  1 free  1 open  2 done  0 failed
  82426829 tagBuild (noarch): free -> closed
  0 free  1 open  3 done  0 failed
82426617 build (f36-java17, /rpms/hamcrest.git:2f2f59eb4627b5fab2dd873e6a0007cc527dfc9c): open (buildvm-s390x-26.s390.fedoraproject.org) -> closed
  0 free  0 open  4 done  0 failed

82426617 build (f36-java17, /rpms/hamcrest.git:2f2f59eb4627b5fab2dd873e6a0007cc527dfc9c) completed successfully
