Cloning into 'hdf5'...
[rawhide 02b47ba] Rebuilt for java-17-openjdk as system jdk
 1 file changed, 4 insertions(+), 1 deletion(-)
Building hdf5-1.12.1-3.fc36 for f36-java17
Created task: 82428337
Task info: https://koji.fedoraproject.org/koji/taskinfo?taskID=82428337
Watching tasks (this may be safely interrupted)...
82428337 build (f36-java17, /rpms/hdf5.git:02b47ba987ef4a31c71278ea56a35078fbe15d4b): free
82428337 build (f36-java17, /rpms/hdf5.git:02b47ba987ef4a31c71278ea56a35078fbe15d4b): free -> open (buildvm-ppc64le-15.iad2.fedoraproject.org)
  82428348 buildSRPMFromSCM (/rpms/hdf5.git:02b47ba987ef4a31c71278ea56a35078fbe15d4b): free
  82428348 buildSRPMFromSCM (/rpms/hdf5.git:02b47ba987ef4a31c71278ea56a35078fbe15d4b): free -> open (buildvm-ppc64le-32.iad2.fedoraproject.org)
  82428348 buildSRPMFromSCM (/rpms/hdf5.git:02b47ba987ef4a31c71278ea56a35078fbe15d4b): open (buildvm-ppc64le-32.iad2.fedoraproject.org) -> closed
  0 free  1 open  1 done  0 failed
  82428517 buildArch (hdf5-1.12.1-3.fc36.src.rpm, armv7hl): free
  82428518 buildArch (hdf5-1.12.1-3.fc36.src.rpm, i686): free
  82428521 buildArch (hdf5-1.12.1-3.fc36.src.rpm, ppc64le): open (buildvm-ppc64le-40.iad2.fedoraproject.org)
  82428522 buildArch (hdf5-1.12.1-3.fc36.src.rpm, s390x): open (buildvm-s390x-10.s390.fedoraproject.org)
  82428519 buildArch (hdf5-1.12.1-3.fc36.src.rpm, x86_64): free
  82428520 buildArch (hdf5-1.12.1-3.fc36.src.rpm, aarch64): open (buildvm-a64-17.iad2.fedoraproject.org)
  82428517 buildArch (hdf5-1.12.1-3.fc36.src.rpm, armv7hl): free -> open (buildvm-a32-24.iad2.fedoraproject.org)
  82428518 buildArch (hdf5-1.12.1-3.fc36.src.rpm, i686): free -> open (buildhw-x86-10.iad2.fedoraproject.org)
  82428519 buildArch (hdf5-1.12.1-3.fc36.src.rpm, x86_64): free -> open (buildhw-x86-03.iad2.fedoraproject.org)
  82428518 buildArch (hdf5-1.12.1-3.fc36.src.rpm, i686): open (buildhw-x86-10.iad2.fedoraproject.org) -> canceled
  0 free  6 open  2 done  0 failed
  82428521 buildArch (hdf5-1.12.1-3.fc36.src.rpm, ppc64le): open (buildvm-ppc64le-40.iad2.fedoraproject.org) -> canceled
  0 free  5 open  3 done  0 failed
  82428522 buildArch (hdf5-1.12.1-3.fc36.src.rpm, s390x): open (buildvm-s390x-10.s390.fedoraproject.org) -> canceled
  0 free  4 open  4 done  0 failed
  82428519 buildArch (hdf5-1.12.1-3.fc36.src.rpm, x86_64): open (buildhw-x86-03.iad2.fedoraproject.org) -> FAILED: BuildError: error building package (arch x86_64), mock exited with status 1; see build.log or root.log for more information
  Relevant logs:
  https://kojipkgs.fedoraproject.org/work/tasks/8519/82428519/mock_output.log
  https://kojipkgs.fedoraproject.org/work/tasks/8519/82428519/hw_info.log
  https://kojipkgs.fedoraproject.org/work/tasks/8519/82428519/state.log
  https://kojipkgs.fedoraproject.org/work/tasks/8519/82428519/build.log
  https://kojipkgs.fedoraproject.org/work/tasks/8519/82428519/root.log
  0 free  3 open  4 done  1 failed
  82428520 buildArch (hdf5-1.12.1-3.fc36.src.rpm, aarch64): open (buildvm-a64-17.iad2.fedoraproject.org) -> canceled
  0 free  2 open  5 done  1 failed
82428337 build (f36-java17, /rpms/hdf5.git:02b47ba987ef4a31c71278ea56a35078fbe15d4b): open (buildvm-ppc64le-15.iad2.fedoraproject.org) -> FAILED: BuildError: error building package (arch x86_64), mock exited with status 1; see build.log or root.log for more information
  0 free  1 open  5 done  2 failed
  82428517 buildArch (hdf5-1.12.1-3.fc36.src.rpm, armv7hl): open (buildvm-a32-24.iad2.fedoraproject.org) -> canceled
  0 free  0 open  6 done  2 failed

82428337 build (f36-java17, /rpms/hdf5.git:02b47ba987ef4a31c71278ea56a35078fbe15d4b) failed
