Cloning into 'hibernate-jpa-2.0-api'...
[rawhide e0a7ced] Rebuilt for java-17-openjdk as system jdk
 1 file changed, 4 insertions(+), 1 deletion(-)
Building hibernate-jpa-2.0-api-1.0.1-33.fc36 for f36-java17
Created task: 82426674
Task info: https://koji.fedoraproject.org/koji/taskinfo?taskID=82426674
Watching tasks (this may be safely interrupted)...
82426674 build (f36-java17, /rpms/hibernate-jpa-2.0-api.git:e0a7cedabf9b2f83a4417c9e674973aa8611170e): free
82426674 build (f36-java17, /rpms/hibernate-jpa-2.0-api.git:e0a7cedabf9b2f83a4417c9e674973aa8611170e): free -> open (buildvm-ppc64le-22.iad2.fedoraproject.org)
  82426723 buildSRPMFromSCM (/rpms/hibernate-jpa-2.0-api.git:e0a7cedabf9b2f83a4417c9e674973aa8611170e): free
  82426723 buildSRPMFromSCM (/rpms/hibernate-jpa-2.0-api.git:e0a7cedabf9b2f83a4417c9e674973aa8611170e): free -> open (buildvm-x86-27.iad2.fedoraproject.org)
  82426723 buildSRPMFromSCM (/rpms/hibernate-jpa-2.0-api.git:e0a7cedabf9b2f83a4417c9e674973aa8611170e): open (buildvm-x86-27.iad2.fedoraproject.org) -> closed
  0 free  1 open  1 done  0 failed
  82426824 buildArch (hibernate-jpa-2.0-api-1.0.1-33.fc36.src.rpm, noarch): free
  82426824 buildArch (hibernate-jpa-2.0-api-1.0.1-33.fc36.src.rpm, noarch): free -> open (buildvm-ppc64le-14.iad2.fedoraproject.org)
  82426824 buildArch (hibernate-jpa-2.0-api-1.0.1-33.fc36.src.rpm, noarch): open (buildvm-ppc64le-14.iad2.fedoraproject.org) -> closed
  0 free  1 open  2 done  0 failed
  82426917 tagBuild (noarch): free
  82426917 tagBuild (noarch): free -> closed
  0 free  1 open  3 done  0 failed
82426674 build (f36-java17, /rpms/hibernate-jpa-2.0-api.git:e0a7cedabf9b2f83a4417c9e674973aa8611170e): open (buildvm-ppc64le-22.iad2.fedoraproject.org) -> closed
  0 free  0 open  4 done  0 failed

82426674 build (f36-java17, /rpms/hibernate-jpa-2.0-api.git:e0a7cedabf9b2f83a4417c9e674973aa8611170e) completed successfully
