Cloning into 'hid4java'...
[rawhide 3089b84] Rebuilt for java-17-openjdk as system jdk
 1 file changed, 4 insertions(+), 1 deletion(-)
Building hid4java-0.5.0-11.fc36 for f36-java17
Created task: 82426793
Task info: https://koji.fedoraproject.org/koji/taskinfo?taskID=82426793
Watching tasks (this may be safely interrupted)...
82426793 build (f36-java17, /rpms/hid4java.git:3089b84d55ce72348b647003b902017da7d5fc9e): free
82426793 build (f36-java17, /rpms/hid4java.git:3089b84d55ce72348b647003b902017da7d5fc9e): free -> open (buildvm-s390x-30.s390.fedoraproject.org)
  82426804 buildSRPMFromSCM (/rpms/hid4java.git:3089b84d55ce72348b647003b902017da7d5fc9e): free
  82426804 buildSRPMFromSCM (/rpms/hid4java.git:3089b84d55ce72348b647003b902017da7d5fc9e): free -> open (buildvm-x86-17.iad2.fedoraproject.org)
  82426804 buildSRPMFromSCM (/rpms/hid4java.git:3089b84d55ce72348b647003b902017da7d5fc9e): open (buildvm-x86-17.iad2.fedoraproject.org) -> closed
  0 free  1 open  1 done  0 failed
  82426851 buildArch (hid4java-0.5.0-11.fc36.src.rpm, noarch): free
  82426851 buildArch (hid4java-0.5.0-11.fc36.src.rpm, noarch): free -> open (buildvm-x86-06.iad2.fedoraproject.org)
82426793 build (f36-java17, /rpms/hid4java.git:3089b84d55ce72348b647003b902017da7d5fc9e): open (buildvm-s390x-30.s390.fedoraproject.org) -> FAILED: BuildError: error building package (arch noarch), mock exited with status 1; see build.log or root.log for more information
  0 free  1 open  1 done  1 failed
  82426851 buildArch (hid4java-0.5.0-11.fc36.src.rpm, noarch): open (buildvm-x86-06.iad2.fedoraproject.org) -> FAILED: BuildError: error building package (arch noarch), mock exited with status 1; see build.log or root.log for more information
  Relevant logs:
  https://kojipkgs.fedoraproject.org/work/tasks/6851/82426851/mock_output.log
  https://kojipkgs.fedoraproject.org/work/tasks/6851/82426851/hw_info.log
  https://kojipkgs.fedoraproject.org/work/tasks/6851/82426851/state.log
  https://kojipkgs.fedoraproject.org/work/tasks/6851/82426851/build.log
  https://kojipkgs.fedoraproject.org/work/tasks/6851/82426851/root.log
  0 free  0 open  1 done  2 failed

82426793 build (f36-java17, /rpms/hid4java.git:3089b84d55ce72348b647003b902017da7d5fc9e) failed
