Cloning into 'httpcomponents-project'...
[rawhide 9ad3319] Rebuilt for java-17-openjdk as system jdk
 1 file changed, 4 insertions(+), 1 deletion(-)
Building httpcomponents-project-12-6.fc36 for f36-java17
Created task: 82426826
Task info: https://koji.fedoraproject.org/koji/taskinfo?taskID=82426826
Watching tasks (this may be safely interrupted)...
82426826 build (f36-java17, /rpms/httpcomponents-project.git:9ad3319dc6b33f0dffacfea445157152608cfecb): free
82426826 build (f36-java17, /rpms/httpcomponents-project.git:9ad3319dc6b33f0dffacfea445157152608cfecb): free -> open (buildvm-x86-30.iad2.fedoraproject.org)
  82426830 buildSRPMFromSCM (/rpms/httpcomponents-project.git:9ad3319dc6b33f0dffacfea445157152608cfecb): open (buildvm-x86-30.iad2.fedoraproject.org)
  82426830 buildSRPMFromSCM (/rpms/httpcomponents-project.git:9ad3319dc6b33f0dffacfea445157152608cfecb): open (buildvm-x86-30.iad2.fedoraproject.org) -> closed
  0 free  1 open  1 done  0 failed
  82426903 buildArch (httpcomponents-project-12-6.fc36.src.rpm, noarch): free
  82426903 buildArch (httpcomponents-project-12-6.fc36.src.rpm, noarch): free -> open (buildvm-ppc64le-24.iad2.fedoraproject.org)
  82426903 buildArch (httpcomponents-project-12-6.fc36.src.rpm, noarch): open (buildvm-ppc64le-24.iad2.fedoraproject.org) -> closed
  0 free  1 open  2 done  0 failed
  82427160 tagBuild (noarch): free
  82427160 tagBuild (noarch): free -> closed
  0 free  1 open  3 done  0 failed
82426826 build (f36-java17, /rpms/httpcomponents-project.git:9ad3319dc6b33f0dffacfea445157152608cfecb): open (buildvm-x86-30.iad2.fedoraproject.org) -> closed
  0 free  0 open  4 done  0 failed

82426826 build (f36-java17, /rpms/httpcomponents-project.git:9ad3319dc6b33f0dffacfea445157152608cfecb) completed successfully
