Cloning into 'hyperestraier'...
[rawhide 253cc54] Rebuilt for java-17-openjdk as system jdk
 1 file changed, 4 insertions(+), 1 deletion(-)
sh: line 1: ruby: command not found

Building hyperestraier-1.4.13-47.fc36 for f36-java17
Created task: 82426845
Task info: https://koji.fedoraproject.org/koji/taskinfo?taskID=82426845
Watching tasks (this may be safely interrupted)...
82426845 build (f36-java17, /rpms/hyperestraier.git:253cc54de20fb151faba1b03b189360ea7f1197d): free
82426845 build (f36-java17, /rpms/hyperestraier.git:253cc54de20fb151faba1b03b189360ea7f1197d): free -> open (buildvm-a64-06.iad2.fedoraproject.org)
  82426847 buildSRPMFromSCM (/rpms/hyperestraier.git:253cc54de20fb151faba1b03b189360ea7f1197d): free
  82426847 buildSRPMFromSCM (/rpms/hyperestraier.git:253cc54de20fb151faba1b03b189360ea7f1197d): free -> open (buildvm-ppc64le-17.iad2.fedoraproject.org)
  82426847 buildSRPMFromSCM (/rpms/hyperestraier.git:253cc54de20fb151faba1b03b189360ea7f1197d): open (buildvm-ppc64le-17.iad2.fedoraproject.org) -> closed
  0 free  1 open  1 done  0 failed
  82427004 buildArch (hyperestraier-1.4.13-47.fc36.src.rpm, i686): free
  82427007 buildArch (hyperestraier-1.4.13-47.fc36.src.rpm, ppc64le): free
  82427006 buildArch (hyperestraier-1.4.13-47.fc36.src.rpm, aarch64): open (buildvm-a64-29.iad2.fedoraproject.org)
  82427008 buildArch (hyperestraier-1.4.13-47.fc36.src.rpm, s390x): open (buildvm-s390x-10.s390.fedoraproject.org)
  82427005 buildArch (hyperestraier-1.4.13-47.fc36.src.rpm, x86_64): free
  82427003 buildArch (hyperestraier-1.4.13-47.fc36.src.rpm, armv7hl): open (buildvm-a32-31.iad2.fedoraproject.org)
  82427004 buildArch (hyperestraier-1.4.13-47.fc36.src.rpm, i686): free -> open (buildhw-x86-14.iad2.fedoraproject.org)
  82427005 buildArch (hyperestraier-1.4.13-47.fc36.src.rpm, x86_64): free -> open (buildhw-x86-13.iad2.fedoraproject.org)
  82427007 buildArch (hyperestraier-1.4.13-47.fc36.src.rpm, ppc64le): free -> open (buildvm-ppc64le-22.iad2.fedoraproject.org)
  82427008 buildArch (hyperestraier-1.4.13-47.fc36.src.rpm, s390x): open (buildvm-s390x-10.s390.fedoraproject.org) -> closed
  0 free  6 open  2 done  0 failed
  82427005 buildArch (hyperestraier-1.4.13-47.fc36.src.rpm, x86_64): open (buildhw-x86-13.iad2.fedoraproject.org) -> closed
  0 free  5 open  3 done  0 failed
  82427004 buildArch (hyperestraier-1.4.13-47.fc36.src.rpm, i686): open (buildhw-x86-14.iad2.fedoraproject.org) -> closed
  0 free  4 open  4 done  0 failed
  82427006 buildArch (hyperestraier-1.4.13-47.fc36.src.rpm, aarch64): open (buildvm-a64-29.iad2.fedoraproject.org) -> closed
  0 free  3 open  5 done  0 failed
  82427003 buildArch (hyperestraier-1.4.13-47.fc36.src.rpm, armv7hl): open (buildvm-a32-31.iad2.fedoraproject.org) -> closed
  0 free  2 open  6 done  0 failed
  82427007 buildArch (hyperestraier-1.4.13-47.fc36.src.rpm, ppc64le): open (buildvm-ppc64le-22.iad2.fedoraproject.org) -> closed
  0 free  1 open  7 done  0 failed
  82427261 tagBuild (noarch): free
  82427261 tagBuild (noarch): free -> closed
  0 free  1 open  8 done  0 failed
82426845 build (f36-java17, /rpms/hyperestraier.git:253cc54de20fb151faba1b03b189360ea7f1197d): open (buildvm-a64-06.iad2.fedoraproject.org) -> closed
  0 free  0 open  9 done  0 failed

82426845 build (f36-java17, /rpms/hyperestraier.git:253cc54de20fb151faba1b03b189360ea7f1197d) completed successfully
