Cloning into 'icecat'...
[rawhide 14a718a] Rebuilt for java-17-openjdk as system jdk
 1 file changed, 4 insertions(+), 1 deletion(-)
Building icecat-91.5.0-4.rh1.fc36 for f36-java17
Created task: 82428516
Task info: https://koji.fedoraproject.org/koji/taskinfo?taskID=82428516
Watching tasks (this may be safely interrupted)...
82428516 build (f36-java17, /rpms/icecat.git:14a718a1f77cda263f047ae295d6996668535c09): free
82428516 build (f36-java17, /rpms/icecat.git:14a718a1f77cda263f047ae295d6996668535c09): free -> open (buildhw-x86-07.iad2.fedoraproject.org)
  82428531 buildSRPMFromSCM (/rpms/icecat.git:14a718a1f77cda263f047ae295d6996668535c09): free
  82428531 buildSRPMFromSCM (/rpms/icecat.git:14a718a1f77cda263f047ae295d6996668535c09): free -> open (buildvm-ppc64le-13.iad2.fedoraproject.org)
  82428531 buildSRPMFromSCM (/rpms/icecat.git:14a718a1f77cda263f047ae295d6996668535c09): open (buildvm-ppc64le-13.iad2.fedoraproject.org) -> closed
  0 free  1 open  1 done  0 failed
  82428979 buildArch (icecat-91.5.0-4.rh1.fc36.src.rpm, x86_64): free
  82428980 buildArch (icecat-91.5.0-4.rh1.fc36.src.rpm, aarch64): open (buildvm-a64-18.iad2.fedoraproject.org)
  82428978 buildArch (icecat-91.5.0-4.rh1.fc36.src.rpm, i686): free
  82428981 buildArch (icecat-91.5.0-4.rh1.fc36.src.rpm, ppc64le): free
  82428982 buildArch (icecat-91.5.0-4.rh1.fc36.src.rpm, s390x): open (buildvm-s390x-35.s390.fedoraproject.org)
  82428978 buildArch (icecat-91.5.0-4.rh1.fc36.src.rpm, i686): free -> open (buildvm-x86-30.iad2.fedoraproject.org)
  82428979 buildArch (icecat-91.5.0-4.rh1.fc36.src.rpm, x86_64): free -> open (buildvm-x86-11.iad2.fedoraproject.org)
  82428981 buildArch (icecat-91.5.0-4.rh1.fc36.src.rpm, ppc64le): free -> open (buildvm-ppc64le-08.iad2.fedoraproject.org)
  82428982 buildArch (icecat-91.5.0-4.rh1.fc36.src.rpm, s390x): open (buildvm-s390x-35.s390.fedoraproject.org) -> FAILED: BuildError: error building package (arch s390x), mock exited with status 1; see build.log or root.log for more information
  Relevant logs:
  https://kojipkgs.fedoraproject.org/work/tasks/8982/82428982/mock_output.log
  https://kojipkgs.fedoraproject.org/work/tasks/8982/82428982/hw_info.log
  https://kojipkgs.fedoraproject.org/work/tasks/8982/82428982/state.log
  https://kojipkgs.fedoraproject.org/work/tasks/8982/82428982/build.log
  https://kojipkgs.fedoraproject.org/work/tasks/8982/82428982/root.log
  0 free  5 open  1 done  1 failed
82428516 build (f36-java17, /rpms/icecat.git:14a718a1f77cda263f047ae295d6996668535c09): open (buildhw-x86-07.iad2.fedoraproject.org) -> FAILED: BuildError: error building package (arch s390x), mock exited with status 1; see build.log or root.log for more information
  0 free  4 open  1 done  2 failed
  82428979 buildArch (icecat-91.5.0-4.rh1.fc36.src.rpm, x86_64): open (buildvm-x86-11.iad2.fedoraproject.org) -> canceled
  0 free  3 open  2 done  2 failed
  82428980 buildArch (icecat-91.5.0-4.rh1.fc36.src.rpm, aarch64): open (buildvm-a64-18.iad2.fedoraproject.org) -> canceled
  0 free  2 open  3 done  2 failed
  82428978 buildArch (icecat-91.5.0-4.rh1.fc36.src.rpm, i686): open (buildvm-x86-30.iad2.fedoraproject.org) -> canceled
  0 free  1 open  4 done  2 failed
  82428981 buildArch (icecat-91.5.0-4.rh1.fc36.src.rpm, ppc64le): open (buildvm-ppc64le-08.iad2.fedoraproject.org) -> canceled
  0 free  0 open  5 done  2 failed

82428516 build (f36-java17, /rpms/icecat.git:14a718a1f77cda263f047ae295d6996668535c09) failed
