Cloning into 'icu4j'...
[rawhide c59bb93] Rebuilt for java-17-openjdk as system jdk
 1 file changed, 4 insertions(+), 1 deletion(-)
Building icu4j-70.1-3.fc36 for f36-java17
Created task: 82426916
Task info: https://koji.fedoraproject.org/koji/taskinfo?taskID=82426916
Watching tasks (this may be safely interrupted)...
82426916 build (f36-java17, /rpms/icu4j.git:c59bb93d842ba2cb5a471b5bb8c0a53775d2eb17): free
82426916 build (f36-java17, /rpms/icu4j.git:c59bb93d842ba2cb5a471b5bb8c0a53775d2eb17): free -> open (buildvm-ppc64le-09.iad2.fedoraproject.org)
  82426975 buildSRPMFromSCM (/rpms/icu4j.git:c59bb93d842ba2cb5a471b5bb8c0a53775d2eb17): free
  82426975 buildSRPMFromSCM (/rpms/icu4j.git:c59bb93d842ba2cb5a471b5bb8c0a53775d2eb17): free -> open (buildvm-ppc64le-30.iad2.fedoraproject.org)
  82426975 buildSRPMFromSCM (/rpms/icu4j.git:c59bb93d842ba2cb5a471b5bb8c0a53775d2eb17): open (buildvm-ppc64le-30.iad2.fedoraproject.org) -> closed
  0 free  1 open  1 done  0 failed
  82427182 buildArch (icu4j-70.1-3.fc36.src.rpm, noarch): open (buildvm-s390x-35.s390.fedoraproject.org)
  82427182 buildArch (icu4j-70.1-3.fc36.src.rpm, noarch): open (buildvm-s390x-35.s390.fedoraproject.org) -> closed
  0 free  1 open  2 done  0 failed
  82427372 tagBuild (noarch): free
82426916 build (f36-java17, /rpms/icu4j.git:c59bb93d842ba2cb5a471b5bb8c0a53775d2eb17): open (buildvm-ppc64le-09.iad2.fedoraproject.org) -> closed
  1 free  0 open  3 done  0 failed
  82427372 tagBuild (noarch): free -> closed
  0 free  0 open  4 done  0 failed

82426916 build (f36-java17, /rpms/icu4j.git:c59bb93d842ba2cb5a471b5bb8c0a53775d2eb17) completed successfully
