Cloning into 'imagej'...
[rawhide 866bf87] Rebuilt for java-17-openjdk as system jdk
 1 file changed, 4 insertions(+), 1 deletion(-)
Building imagej-1.50-17.h.fc36 for f36-java17
Created task: 82426985
Task info: https://koji.fedoraproject.org/koji/taskinfo?taskID=82426985
Watching tasks (this may be safely interrupted)...
82426985 build (f36-java17, /rpms/imagej.git:866bf87b2d88da2667d9b297352a321156f05684): free
82426985 build (f36-java17, /rpms/imagej.git:866bf87b2d88da2667d9b297352a321156f05684): free -> open (buildvm-s390x-10.s390.fedoraproject.org)
  82426999 buildSRPMFromSCM (/rpms/imagej.git:866bf87b2d88da2667d9b297352a321156f05684): free
  82426999 buildSRPMFromSCM (/rpms/imagej.git:866bf87b2d88da2667d9b297352a321156f05684): free -> open (buildvm-ppc64le-35.iad2.fedoraproject.org)
  82426999 buildSRPMFromSCM (/rpms/imagej.git:866bf87b2d88da2667d9b297352a321156f05684): open (buildvm-ppc64le-35.iad2.fedoraproject.org) -> closed
  0 free  1 open  1 done  0 failed
  82427164 buildArch (imagej-1.50-17.h.fc36.src.rpm, noarch): free
  82427164 buildArch (imagej-1.50-17.h.fc36.src.rpm, noarch): free -> open (buildhw-x86-14.iad2.fedoraproject.org)
  82427164 buildArch (imagej-1.50-17.h.fc36.src.rpm, noarch): open (buildhw-x86-14.iad2.fedoraproject.org) -> closed
  0 free  1 open  2 done  0 failed
  82427263 tagBuild (noarch): free
  82427263 tagBuild (noarch): free -> closed
  0 free  1 open  3 done  0 failed
82426985 build (f36-java17, /rpms/imagej.git:866bf87b2d88da2667d9b297352a321156f05684): open (buildvm-s390x-10.s390.fedoraproject.org) -> closed
  0 free  0 open  4 done  0 failed

82426985 build (f36-java17, /rpms/imagej.git:866bf87b2d88da2667d9b297352a321156f05684) completed successfully
