Cloning into 'IPAddress'...
[rawhide 8b2a5d8] Rebuilt for java-17-openjdk as system jdk
 1 file changed, 4 insertions(+), 1 deletion(-)
Building IPAddress-5.2.1-9.fc36 for f36-java17
Created task: 82427010
Task info: https://koji.fedoraproject.org/koji/taskinfo?taskID=82427010
Watching tasks (this may be safely interrupted)...
82427010 build (f36-java17, /rpms/IPAddress.git:8b2a5d81b8bc7763b323ecd5e02b1349bd00d9c3): free
82427010 build (f36-java17, /rpms/IPAddress.git:8b2a5d81b8bc7763b323ecd5e02b1349bd00d9c3): free -> open (buildvm-s390x-03.s390.fedoraproject.org)
  82427014 buildSRPMFromSCM (/rpms/IPAddress.git:8b2a5d81b8bc7763b323ecd5e02b1349bd00d9c3): free
  82427014 buildSRPMFromSCM (/rpms/IPAddress.git:8b2a5d81b8bc7763b323ecd5e02b1349bd00d9c3): free -> open (buildvm-ppc64le-24.iad2.fedoraproject.org)
  82427014 buildSRPMFromSCM (/rpms/IPAddress.git:8b2a5d81b8bc7763b323ecd5e02b1349bd00d9c3): open (buildvm-ppc64le-24.iad2.fedoraproject.org) -> closed
  0 free  1 open  1 done  0 failed
  82427224 buildArch (IPAddress-5.2.1-9.fc36.src.rpm, noarch): free
  82427224 buildArch (IPAddress-5.2.1-9.fc36.src.rpm, noarch): free -> open (buildvm-s390x-03.s390.fedoraproject.org)
  82427224 buildArch (IPAddress-5.2.1-9.fc36.src.rpm, noarch): open (buildvm-s390x-03.s390.fedoraproject.org) -> closed
  0 free  1 open  2 done  0 failed
  82427299 tagBuild (noarch): free
  82427299 tagBuild (noarch): free -> open (buildvm-s390x-29.s390.fedoraproject.org)
82427010 build (f36-java17, /rpms/IPAddress.git:8b2a5d81b8bc7763b323ecd5e02b1349bd00d9c3): open (buildvm-s390x-03.s390.fedoraproject.org) -> closed
  0 free  1 open  3 done  0 failed
  82427299 tagBuild (noarch): open (buildvm-s390x-29.s390.fedoraproject.org) -> closed
  0 free  0 open  4 done  0 failed

82427010 build (f36-java17, /rpms/IPAddress.git:8b2a5d81b8bc7763b323ecd5e02b1349bd00d9c3) completed successfully
