Cloning into 'jackson-dataformats-text'...
[rawhide 50f04c8] Rebuilt for java-17-openjdk as system jdk
 1 file changed, 4 insertions(+), 1 deletion(-)
Building jackson-dataformats-text-2.9.8-9.fc36 for f36-java17
Created task: 82427214
Task info: https://koji.fedoraproject.org/koji/taskinfo?taskID=82427214
Watching tasks (this may be safely interrupted)...
82427214 build (f36-java17, /rpms/jackson-dataformats-text.git:50f04c82a34cca0d2fb8bfd89b0a4779a60c16bc): free
82427214 build (f36-java17, /rpms/jackson-dataformats-text.git:50f04c82a34cca0d2fb8bfd89b0a4779a60c16bc): free -> open (buildvm-a32-14.iad2.fedoraproject.org)
  82427242 buildSRPMFromSCM (/rpms/jackson-dataformats-text.git:50f04c82a34cca0d2fb8bfd89b0a4779a60c16bc): free
  82427242 buildSRPMFromSCM (/rpms/jackson-dataformats-text.git:50f04c82a34cca0d2fb8bfd89b0a4779a60c16bc): free -> open (buildvm-x86-15.iad2.fedoraproject.org)
  82427242 buildSRPMFromSCM (/rpms/jackson-dataformats-text.git:50f04c82a34cca0d2fb8bfd89b0a4779a60c16bc): open (buildvm-x86-15.iad2.fedoraproject.org) -> closed
  0 free  1 open  1 done  0 failed
  82427426 buildArch (jackson-dataformats-text-2.9.8-9.fc36.src.rpm, noarch): free
  82427426 buildArch (jackson-dataformats-text-2.9.8-9.fc36.src.rpm, noarch): free -> open (buildvm-a32-16.iad2.fedoraproject.org)
  82427426 buildArch (jackson-dataformats-text-2.9.8-9.fc36.src.rpm, noarch): open (buildvm-a32-16.iad2.fedoraproject.org) -> closed
  0 free  1 open  2 done  0 failed
  82427762 tagBuild (noarch): free
  82427762 tagBuild (noarch): free -> closed
  0 free  1 open  3 done  0 failed
82427214 build (f36-java17, /rpms/jackson-dataformats-text.git:50f04c82a34cca0d2fb8bfd89b0a4779a60c16bc): open (buildvm-a32-14.iad2.fedoraproject.org) -> closed
  0 free  0 open  4 done  0 failed

82427214 build (f36-java17, /rpms/jackson-dataformats-text.git:50f04c82a34cca0d2fb8bfd89b0a4779a60c16bc) completed successfully
