Cloning into 'jackson-dataformats-binary'...
[rawhide 9624fd4] Rebuilt for java-17-openjdk as system jdk
 1 file changed, 4 insertions(+), 1 deletion(-)
Building jackson-dataformats-binary-2.9.8-9.fc36 for f36-java17
Created task: 82427179
Task info: https://koji.fedoraproject.org/koji/taskinfo?taskID=82427179
Watching tasks (this may be safely interrupted)...
82427179 build (f36-java17, /rpms/jackson-dataformats-binary.git:9624fd465a63d2650b67799f54f83f722169e272): open (buildvm-s390x-04.s390.fedoraproject.org)
  82427181 buildSRPMFromSCM (/rpms/jackson-dataformats-binary.git:9624fd465a63d2650b67799f54f83f722169e272): free
  82427181 buildSRPMFromSCM (/rpms/jackson-dataformats-binary.git:9624fd465a63d2650b67799f54f83f722169e272): free -> open (buildvm-x86-13.iad2.fedoraproject.org)
  82427270 buildArch (jackson-dataformats-binary-2.9.8-9.fc36.src.rpm, noarch): free
  82427181 buildSRPMFromSCM (/rpms/jackson-dataformats-binary.git:9624fd465a63d2650b67799f54f83f722169e272): open (buildvm-x86-13.iad2.fedoraproject.org) -> closed
  1 free  1 open  1 done  0 failed
  82427270 buildArch (jackson-dataformats-binary-2.9.8-9.fc36.src.rpm, noarch): free -> open (buildvm-a64-33.iad2.fedoraproject.org)
  82427270 buildArch (jackson-dataformats-binary-2.9.8-9.fc36.src.rpm, noarch): open (buildvm-a64-33.iad2.fedoraproject.org) -> closed
  0 free  1 open  2 done  0 failed
  82427447 tagBuild (noarch): free
  82427447 tagBuild (noarch): free -> closed
  0 free  1 open  3 done  0 failed
82427179 build (f36-java17, /rpms/jackson-dataformats-binary.git:9624fd465a63d2650b67799f54f83f722169e272): open (buildvm-s390x-04.s390.fedoraproject.org) -> closed
  0 free  0 open  4 done  0 failed

82427179 build (f36-java17, /rpms/jackson-dataformats-binary.git:9624fd465a63d2650b67799f54f83f722169e272) completed successfully
