Cloning into 'jackson-bom'...
[rawhide 8a5863d] Rebuilt for java-17-openjdk as system jdk
 1 file changed, 4 insertions(+), 1 deletion(-)
Building jackson-bom-2.11.4-5.fc36 for f36-java17
Created task: 82427102
Task info: https://koji.fedoraproject.org/koji/taskinfo?taskID=82427102
Watching tasks (this may be safely interrupted)...
82427102 build (f36-java17, /rpms/jackson-bom.git:8a5863d839c66d8146e462941edd01fbdbc5e8c0): free
82427102 build (f36-java17, /rpms/jackson-bom.git:8a5863d839c66d8146e462941edd01fbdbc5e8c0): free -> open (buildvm-s390x-06.s390.fedoraproject.org)
  82427128 buildSRPMFromSCM (/rpms/jackson-bom.git:8a5863d839c66d8146e462941edd01fbdbc5e8c0): free
  82427128 buildSRPMFromSCM (/rpms/jackson-bom.git:8a5863d839c66d8146e462941edd01fbdbc5e8c0): free -> open (buildvm-x86-13.iad2.fedoraproject.org)
  82427128 buildSRPMFromSCM (/rpms/jackson-bom.git:8a5863d839c66d8146e462941edd01fbdbc5e8c0): open (buildvm-x86-13.iad2.fedoraproject.org) -> closed
  0 free  1 open  1 done  0 failed
  82427217 buildArch (jackson-bom-2.11.4-5.fc36.src.rpm, noarch): free
  82427217 buildArch (jackson-bom-2.11.4-5.fc36.src.rpm, noarch): free -> open (buildvm-s390x-06.s390.fedoraproject.org)
  82427217 buildArch (jackson-bom-2.11.4-5.fc36.src.rpm, noarch): open (buildvm-s390x-06.s390.fedoraproject.org) -> closed
  0 free  1 open  2 done  0 failed
  82427298 tagBuild (noarch): free
  82427298 tagBuild (noarch): free -> closed
  0 free  1 open  3 done  0 failed
82427102 build (f36-java17, /rpms/jackson-bom.git:8a5863d839c66d8146e462941edd01fbdbc5e8c0): open (buildvm-s390x-06.s390.fedoraproject.org) -> closed
  0 free  0 open  4 done  0 failed

82427102 build (f36-java17, /rpms/jackson-bom.git:8a5863d839c66d8146e462941edd01fbdbc5e8c0) completed successfully
