Cloning into 'jakarta-activation'...
[rawhide d2686cc] Rebuilt for java-17-openjdk as system jdk
 1 file changed, 4 insertions(+), 1 deletion(-)
Building jakarta-activation-1.2.2-6.fc36 for f36-java17
Created task: 82427428
Task info: https://koji.fedoraproject.org/koji/taskinfo?taskID=82427428
Watching tasks (this may be safely interrupted)...
82427428 build (f36-java17, /rpms/jakarta-activation.git:d2686cc81f737b464bc4d6789c76fd7db77580d0): open (buildhw-x86-03.iad2.fedoraproject.org)
  82427429 buildSRPMFromSCM (/rpms/jakarta-activation.git:d2686cc81f737b464bc4d6789c76fd7db77580d0): free
  82427429 buildSRPMFromSCM (/rpms/jakarta-activation.git:d2686cc81f737b464bc4d6789c76fd7db77580d0): free -> open (buildvm-ppc64le-38.iad2.fedoraproject.org)
  82427429 buildSRPMFromSCM (/rpms/jakarta-activation.git:d2686cc81f737b464bc4d6789c76fd7db77580d0): open (buildvm-ppc64le-38.iad2.fedoraproject.org) -> closed
  0 free  1 open  1 done  0 failed
  82427644 buildArch (jakarta-activation-1.2.2-6.fc36.src.rpm, noarch): open (buildvm-a32-31.iad2.fedoraproject.org)
  82427777 tagBuild (noarch): free
  82427644 buildArch (jakarta-activation-1.2.2-6.fc36.src.rpm, noarch): open (buildvm-a32-31.iad2.fedoraproject.org) -> closed
  1 free  1 open  2 done  0 failed
  82427777 tagBuild (noarch): free -> closed
  0 free  1 open  3 done  0 failed
82427428 build (f36-java17, /rpms/jakarta-activation.git:d2686cc81f737b464bc4d6789c76fd7db77580d0): open (buildhw-x86-03.iad2.fedoraproject.org) -> closed
  0 free  0 open  4 done  0 failed

82427428 build (f36-java17, /rpms/jakarta-activation.git:d2686cc81f737b464bc4d6789c76fd7db77580d0) completed successfully
