Cloning into 'jakarta-oro'...
[rawhide 40faeaf] Rebuilt for java-17-openjdk as system jdk
 1 file changed, 4 insertions(+), 1 deletion(-)
Building jakarta-oro-2.0.8-36.fc36 for f36-java17
Created task: 82427620
Task info: https://koji.fedoraproject.org/koji/taskinfo?taskID=82427620
Watching tasks (this may be safely interrupted)...
82427620 build (f36-java17, /rpms/jakarta-oro.git:40faeaf8c1767d39854d81d5cbac53dbb7f24488): free
82427620 build (f36-java17, /rpms/jakarta-oro.git:40faeaf8c1767d39854d81d5cbac53dbb7f24488): free -> open (buildvm-s390x-06.s390.fedoraproject.org)
  82427630 buildSRPMFromSCM (/rpms/jakarta-oro.git:40faeaf8c1767d39854d81d5cbac53dbb7f24488): free
  82427630 buildSRPMFromSCM (/rpms/jakarta-oro.git:40faeaf8c1767d39854d81d5cbac53dbb7f24488): free -> open (buildvm-x86-17.iad2.fedoraproject.org)
  82427630 buildSRPMFromSCM (/rpms/jakarta-oro.git:40faeaf8c1767d39854d81d5cbac53dbb7f24488): open (buildvm-x86-17.iad2.fedoraproject.org) -> closed
  0 free  1 open  1 done  0 failed
  82427783 buildArch (jakarta-oro-2.0.8-36.fc36.src.rpm, noarch): free
  82427783 buildArch (jakarta-oro-2.0.8-36.fc36.src.rpm, noarch): free -> open (buildvm-x86-07.iad2.fedoraproject.org)
  82427783 buildArch (jakarta-oro-2.0.8-36.fc36.src.rpm, noarch): open (buildvm-x86-07.iad2.fedoraproject.org) -> closed
  0 free  1 open  2 done  0 failed
  82427943 tagBuild (noarch): free
  82427943 tagBuild (noarch): free -> closed
  0 free  1 open  3 done  0 failed
82427620 build (f36-java17, /rpms/jakarta-oro.git:40faeaf8c1767d39854d81d5cbac53dbb7f24488): open (buildvm-s390x-06.s390.fedoraproject.org) -> closed
  0 free  0 open  4 done  0 failed

82427620 build (f36-java17, /rpms/jakarta-oro.git:40faeaf8c1767d39854d81d5cbac53dbb7f24488) completed successfully
