Cloning into 'jakarta-annotations'...
[rawhide 64bf3b0] Rebuilt for java-17-openjdk as system jdk
 1 file changed, 4 insertions(+), 1 deletion(-)
Building jakarta-annotations-1.3.5-13.fc36 for f36-java17
Created task: 82427434
Task info: https://koji.fedoraproject.org/koji/taskinfo?taskID=82427434
Watching tasks (this may be safely interrupted)...
82427434 build (f36-java17, /rpms/jakarta-annotations.git:64bf3b0651a94ca47b3fc1d3e8770971f70518c9): open (buildvm-a32-18.iad2.fedoraproject.org)
  82427435 buildSRPMFromSCM (/rpms/jakarta-annotations.git:64bf3b0651a94ca47b3fc1d3e8770971f70518c9): free
  82427435 buildSRPMFromSCM (/rpms/jakarta-annotations.git:64bf3b0651a94ca47b3fc1d3e8770971f70518c9): free -> open (buildvm-ppc64le-07.iad2.fedoraproject.org)
  82427435 buildSRPMFromSCM (/rpms/jakarta-annotations.git:64bf3b0651a94ca47b3fc1d3e8770971f70518c9): open (buildvm-ppc64le-07.iad2.fedoraproject.org) -> closed
  0 free  1 open  1 done  0 failed
  82427637 buildArch (jakarta-annotations-1.3.5-13.fc36.src.rpm, noarch): free
  82427637 buildArch (jakarta-annotations-1.3.5-13.fc36.src.rpm, noarch): free -> open (buildvm-s390x-26.s390.fedoraproject.org)
  82427637 buildArch (jakarta-annotations-1.3.5-13.fc36.src.rpm, noarch): open (buildvm-s390x-26.s390.fedoraproject.org) -> closed
  0 free  1 open  2 done  0 failed
  82427715 tagBuild (noarch): free
  82427715 tagBuild (noarch): free -> closed
  0 free  1 open  3 done  0 failed
82427434 build (f36-java17, /rpms/jakarta-annotations.git:64bf3b0651a94ca47b3fc1d3e8770971f70518c9): open (buildvm-a32-18.iad2.fedoraproject.org) -> closed
  0 free  0 open  4 done  0 failed

82427434 build (f36-java17, /rpms/jakarta-annotations.git:64bf3b0651a94ca47b3fc1d3e8770971f70518c9) completed successfully
