Cloning into 'jakarta-server-pages'...
[rawhide 0eeaadd] Rebuilt for java-17-openjdk as system jdk
 1 file changed, 4 insertions(+), 1 deletion(-)
Building jakarta-server-pages-2.3.6-7.fc36 for f36-java17
Created task: 82427659
Task info: https://koji.fedoraproject.org/koji/taskinfo?taskID=82427659
Watching tasks (this may be safely interrupted)...
82427659 build (f36-java17, /rpms/jakarta-server-pages.git:0eeaadd33cc59c2e67cb5c84b617c628f184cc18): free
82427659 build (f36-java17, /rpms/jakarta-server-pages.git:0eeaadd33cc59c2e67cb5c84b617c628f184cc18): free -> open (buildvm-a64-03.iad2.fedoraproject.org)
  82427690 buildSRPMFromSCM (/rpms/jakarta-server-pages.git:0eeaadd33cc59c2e67cb5c84b617c628f184cc18): free
  82427690 buildSRPMFromSCM (/rpms/jakarta-server-pages.git:0eeaadd33cc59c2e67cb5c84b617c628f184cc18): free -> open (buildvm-ppc64le-40.iad2.fedoraproject.org)
  82427690 buildSRPMFromSCM (/rpms/jakarta-server-pages.git:0eeaadd33cc59c2e67cb5c84b617c628f184cc18): open (buildvm-ppc64le-40.iad2.fedoraproject.org) -> closed
  0 free  1 open  1 done  0 failed
  82427879 buildArch (jakarta-server-pages-2.3.6-7.fc36.src.rpm, noarch): free
  82427879 buildArch (jakarta-server-pages-2.3.6-7.fc36.src.rpm, noarch): free -> open (buildvm-a32-23.iad2.fedoraproject.org)
  82427879 buildArch (jakarta-server-pages-2.3.6-7.fc36.src.rpm, noarch): open (buildvm-a32-23.iad2.fedoraproject.org) -> closed
  0 free  1 open  2 done  0 failed
  82428141 tagBuild (noarch): free
  82428141 tagBuild (noarch): free -> closed
  0 free  1 open  3 done  0 failed
82427659 build (f36-java17, /rpms/jakarta-server-pages.git:0eeaadd33cc59c2e67cb5c84b617c628f184cc18): open (buildvm-a64-03.iad2.fedoraproject.org) -> closed
  0 free  0 open  4 done  0 failed

82427659 build (f36-java17, /rpms/jakarta-server-pages.git:0eeaadd33cc59c2e67cb5c84b617c628f184cc18) completed successfully
