Cloning into 'jakarta-xml-ws'...
[rawhide 7419b82] Rebuilt for java-17-openjdk as system jdk
 1 file changed, 4 insertions(+), 1 deletion(-)
Building jakarta-xml-ws-2.3.1-5.fc36 for f36-java17
Created task: 82427731
Task info: https://koji.fedoraproject.org/koji/taskinfo?taskID=82427731
Watching tasks (this may be safely interrupted)...
82427731 build (f36-java17, /rpms/jakarta-xml-ws.git:7419b822dc4621c85cf0ded745e962fc83cb2657): free
82427731 build (f36-java17, /rpms/jakarta-xml-ws.git:7419b822dc4621c85cf0ded745e962fc83cb2657): free -> open (buildvm-a64-26.iad2.fedoraproject.org)
  82427738 buildSRPMFromSCM (/rpms/jakarta-xml-ws.git:7419b822dc4621c85cf0ded745e962fc83cb2657): free
  82427738 buildSRPMFromSCM (/rpms/jakarta-xml-ws.git:7419b822dc4621c85cf0ded745e962fc83cb2657): free -> open (buildvm-ppc64le-24.iad2.fedoraproject.org)
  82427738 buildSRPMFromSCM (/rpms/jakarta-xml-ws.git:7419b822dc4621c85cf0ded745e962fc83cb2657): open (buildvm-ppc64le-24.iad2.fedoraproject.org) -> closed
  0 free  1 open  1 done  0 failed
  82427921 buildArch (jakarta-xml-ws-2.3.1-5.fc36.src.rpm, noarch): free
  82427921 buildArch (jakarta-xml-ws-2.3.1-5.fc36.src.rpm, noarch): free -> open (buildvm-a64-18.iad2.fedoraproject.org)
  82427921 buildArch (jakarta-xml-ws-2.3.1-5.fc36.src.rpm, noarch): open (buildvm-a64-18.iad2.fedoraproject.org) -> closed
  0 free  1 open  2 done  0 failed
  82428110 tagBuild (noarch): free
82427731 build (f36-java17, /rpms/jakarta-xml-ws.git:7419b822dc4621c85cf0ded745e962fc83cb2657): open (buildvm-a64-26.iad2.fedoraproject.org) -> closed
  1 free  0 open  3 done  0 failed
  82428110 tagBuild (noarch): free -> closed
  0 free  0 open  4 done  0 failed

82427731 build (f36-java17, /rpms/jakarta-xml-ws.git:7419b822dc4621c85cf0ded745e962fc83cb2657) completed successfully
