Cloning into 'jakarta-json'...
[rawhide d725764] Rebuilt for java-17-openjdk as system jdk
 1 file changed, 4 insertions(+), 1 deletion(-)
Building jakarta-json-1.1.6-7.fc36 for f36-java17
Created task: 82427563
Task info: https://koji.fedoraproject.org/koji/taskinfo?taskID=82427563
Watching tasks (this may be safely interrupted)...
82427563 build (f36-java17, /rpms/jakarta-json.git:d725764e93dd1d972c22ea1dd889068dd74aa5aa): free
82427563 build (f36-java17, /rpms/jakarta-json.git:d725764e93dd1d972c22ea1dd889068dd74aa5aa): free -> open (buildhw-x86-13.iad2.fedoraproject.org)
  82427591 buildSRPMFromSCM (/rpms/jakarta-json.git:d725764e93dd1d972c22ea1dd889068dd74aa5aa): free
  82427591 buildSRPMFromSCM (/rpms/jakarta-json.git:d725764e93dd1d972c22ea1dd889068dd74aa5aa): free -> open (buildvm-ppc64le-15.iad2.fedoraproject.org)
  82427591 buildSRPMFromSCM (/rpms/jakarta-json.git:d725764e93dd1d972c22ea1dd889068dd74aa5aa): open (buildvm-ppc64le-15.iad2.fedoraproject.org) -> closed
  0 free  1 open  1 done  0 failed
  82427760 buildArch (jakarta-json-1.1.6-7.fc36.src.rpm, noarch): free
  82427760 buildArch (jakarta-json-1.1.6-7.fc36.src.rpm, noarch): free -> open (buildhw-x86-13.iad2.fedoraproject.org)
  82427760 buildArch (jakarta-json-1.1.6-7.fc36.src.rpm, noarch): open (buildhw-x86-13.iad2.fedoraproject.org) -> closed
  0 free  1 open  2 done  0 failed
  82427938 tagBuild (noarch): free
  82427938 tagBuild (noarch): free -> open (buildvm-a64-03.iad2.fedoraproject.org)
  82427938 tagBuild (noarch): open (buildvm-a64-03.iad2.fedoraproject.org) -> closed
  0 free  1 open  3 done  0 failed
82427563 build (f36-java17, /rpms/jakarta-json.git:d725764e93dd1d972c22ea1dd889068dd74aa5aa): open (buildhw-x86-13.iad2.fedoraproject.org) -> closed
  0 free  0 open  4 done  0 failed

82427563 build (f36-java17, /rpms/jakarta-json.git:d725764e93dd1d972c22ea1dd889068dd74aa5aa) completed successfully
