Cloning into 'jansi-native'...
[rawhide f45db76] Rebuilt for java-17-openjdk as system jdk
 1 file changed, 4 insertions(+), 1 deletion(-)
Building jansi-native-1.8-9.fc36 for f36-java17
Created task: 82427805
Task info: https://koji.fedoraproject.org/koji/taskinfo?taskID=82427805
Watching tasks (this may be safely interrupted)...
82427805 build (f36-java17, /rpms/jansi-native.git:f45db7673e213fe357ad02f281ca9023f28dc76f): free
82427805 build (f36-java17, /rpms/jansi-native.git:f45db7673e213fe357ad02f281ca9023f28dc76f): free -> open (buildvm-s390x-30.s390.fedoraproject.org)
  82427877 buildSRPMFromSCM (/rpms/jansi-native.git:f45db7673e213fe357ad02f281ca9023f28dc76f): free
  82427877 buildSRPMFromSCM (/rpms/jansi-native.git:f45db7673e213fe357ad02f281ca9023f28dc76f): free -> open (buildvm-ppc64le-31.iad2.fedoraproject.org)
  82427877 buildSRPMFromSCM (/rpms/jansi-native.git:f45db7673e213fe357ad02f281ca9023f28dc76f): open (buildvm-ppc64le-31.iad2.fedoraproject.org) -> closed
  0 free  1 open  1 done  0 failed
  82428112 buildArch (jansi-native-1.8-9.fc36.src.rpm, i686): free
  82428113 buildArch (jansi-native-1.8-9.fc36.src.rpm, x86_64): free
  82428114 buildArch (jansi-native-1.8-9.fc36.src.rpm, aarch64): open (buildvm-a64-05.iad2.fedoraproject.org)
  82428111 buildArch (jansi-native-1.8-9.fc36.src.rpm, armv7hl): open (buildvm-a32-06.iad2.fedoraproject.org)
  82428115 buildArch (jansi-native-1.8-9.fc36.src.rpm, ppc64le): free
  82428116 buildArch (jansi-native-1.8-9.fc36.src.rpm, s390x): open (buildvm-s390x-26.s390.fedoraproject.org)
  82428112 buildArch (jansi-native-1.8-9.fc36.src.rpm, i686): free -> open (buildhw-x86-05.iad2.fedoraproject.org)
  82428113 buildArch (jansi-native-1.8-9.fc36.src.rpm, x86_64): free -> open (buildhw-x86-03.iad2.fedoraproject.org)
  82428115 buildArch (jansi-native-1.8-9.fc36.src.rpm, ppc64le): free -> open (buildvm-ppc64le-06.iad2.fedoraproject.org)
  82428116 buildArch (jansi-native-1.8-9.fc36.src.rpm, s390x): open (buildvm-s390x-26.s390.fedoraproject.org) -> closed
  0 free  6 open  2 done  0 failed
  82428113 buildArch (jansi-native-1.8-9.fc36.src.rpm, x86_64): open (buildhw-x86-03.iad2.fedoraproject.org) -> closed
  0 free  5 open  3 done  0 failed
  82428114 buildArch (jansi-native-1.8-9.fc36.src.rpm, aarch64): open (buildvm-a64-05.iad2.fedoraproject.org) -> closed
  0 free  4 open  4 done  0 failed
  82428112 buildArch (jansi-native-1.8-9.fc36.src.rpm, i686): open (buildhw-x86-05.iad2.fedoraproject.org) -> closed
  0 free  3 open  5 done  0 failed
  82428115 buildArch (jansi-native-1.8-9.fc36.src.rpm, ppc64le): open (buildvm-ppc64le-06.iad2.fedoraproject.org) -> closed
  0 free  2 open  6 done  0 failed
  82428111 buildArch (jansi-native-1.8-9.fc36.src.rpm, armv7hl): open (buildvm-a32-06.iad2.fedoraproject.org) -> closed
  0 free  1 open  7 done  0 failed
  82428336 tagBuild (noarch): free
  82428336 tagBuild (noarch): free -> closed
  0 free  1 open  8 done  0 failed
82427805 build (f36-java17, /rpms/jansi-native.git:f45db7673e213fe357ad02f281ca9023f28dc76f): open (buildvm-s390x-30.s390.fedoraproject.org) -> closed
  0 free  0 open  9 done  0 failed

82427805 build (f36-java17, /rpms/jansi-native.git:f45db7673e213fe357ad02f281ca9023f28dc76f) completed successfully
