Cloning into 'jansi'...
[rawhide 9d5d445] Rebuilt for java-17-openjdk as system jdk
 1 file changed, 4 insertions(+), 1 deletion(-)
Building jansi-2.4.0-3.fc36 for f36-java17
Created task: 82427739
Task info: https://koji.fedoraproject.org/koji/taskinfo?taskID=82427739
Watching tasks (this may be safely interrupted)...
82427739 build (f36-java17, /rpms/jansi.git:9d5d44575d5d7c26092588be7c5e8ce65cde33f6): free
82427739 build (f36-java17, /rpms/jansi.git:9d5d44575d5d7c26092588be7c5e8ce65cde33f6): free -> open (buildvm-a32-24.iad2.fedoraproject.org)
  82427741 buildSRPMFromSCM (/rpms/jansi.git:9d5d44575d5d7c26092588be7c5e8ce65cde33f6): free
  82427741 buildSRPMFromSCM (/rpms/jansi.git:9d5d44575d5d7c26092588be7c5e8ce65cde33f6): free -> open (buildvm-x86-23.iad2.fedoraproject.org)
  82427894 buildArch (jansi-2.4.0-3.fc36.src.rpm, armv7hl): open (buildvm-a32-24.iad2.fedoraproject.org)
  82427895 buildArch (jansi-2.4.0-3.fc36.src.rpm, i686): free
  82427896 buildArch (jansi-2.4.0-3.fc36.src.rpm, x86_64): free
  82427897 buildArch (jansi-2.4.0-3.fc36.src.rpm, aarch64): open (buildhw-a64-23.iad2.fedoraproject.org)
  82427898 buildArch (jansi-2.4.0-3.fc36.src.rpm, ppc64le): free
  82427899 buildArch (jansi-2.4.0-3.fc36.src.rpm, s390x): open (buildvm-s390x-14.s390.fedoraproject.org)
  82427741 buildSRPMFromSCM (/rpms/jansi.git:9d5d44575d5d7c26092588be7c5e8ce65cde33f6): open (buildvm-x86-23.iad2.fedoraproject.org) -> closed
  3 free  4 open  1 done  0 failed
  82427895 buildArch (jansi-2.4.0-3.fc36.src.rpm, i686): free -> open (buildhw-x86-10.iad2.fedoraproject.org)
  82427896 buildArch (jansi-2.4.0-3.fc36.src.rpm, x86_64): free -> open (buildhw-x86-05.iad2.fedoraproject.org)
  82427898 buildArch (jansi-2.4.0-3.fc36.src.rpm, ppc64le): free -> open (buildvm-ppc64le-36.iad2.fedoraproject.org)
  82427899 buildArch (jansi-2.4.0-3.fc36.src.rpm, s390x): open (buildvm-s390x-14.s390.fedoraproject.org) -> closed
  0 free  6 open  2 done  0 failed
  82427896 buildArch (jansi-2.4.0-3.fc36.src.rpm, x86_64): open (buildhw-x86-05.iad2.fedoraproject.org) -> closed
  0 free  5 open  3 done  0 failed
  82427897 buildArch (jansi-2.4.0-3.fc36.src.rpm, aarch64): open (buildhw-a64-23.iad2.fedoraproject.org) -> closed
  0 free  4 open  4 done  0 failed
  82427895 buildArch (jansi-2.4.0-3.fc36.src.rpm, i686): open (buildhw-x86-10.iad2.fedoraproject.org) -> closed
  0 free  3 open  5 done  0 failed
  82427898 buildArch (jansi-2.4.0-3.fc36.src.rpm, ppc64le): open (buildvm-ppc64le-36.iad2.fedoraproject.org) -> closed
  0 free  2 open  6 done  0 failed
  82427894 buildArch (jansi-2.4.0-3.fc36.src.rpm, armv7hl): open (buildvm-a32-24.iad2.fedoraproject.org) -> closed
  0 free  1 open  7 done  0 failed
  82428135 tagBuild (noarch): closed
82427739 build (f36-java17, /rpms/jansi.git:9d5d44575d5d7c26092588be7c5e8ce65cde33f6): open (buildvm-a32-24.iad2.fedoraproject.org) -> closed
  0 free  0 open  9 done  0 failed

82427739 build (f36-java17, /rpms/jansi.git:9d5d44575d5d7c26092588be7c5e8ce65cde33f6) completed successfully
