Cloning into 'javaparser'...
[rawhide ca764d4] Rebuilt for java-17-openjdk as system jdk
 1 file changed, 4 insertions(+), 1 deletion(-)
Building javaparser-3.22.0-3.fc36 for f36-java17
Created task: 82428254
Task info: https://koji.fedoraproject.org/koji/taskinfo?taskID=82428254
Watching tasks (this may be safely interrupted)...
82428254 build (f36-java17, /rpms/javaparser.git:ca764d4f90adea96b481c24b4b8fda0e797372a2): free
82428254 build (f36-java17, /rpms/javaparser.git:ca764d4f90adea96b481c24b4b8fda0e797372a2): free -> open (buildvm-ppc64le-31.iad2.fedoraproject.org)
  82428274 buildSRPMFromSCM (/rpms/javaparser.git:ca764d4f90adea96b481c24b4b8fda0e797372a2): free
  82428274 buildSRPMFromSCM (/rpms/javaparser.git:ca764d4f90adea96b481c24b4b8fda0e797372a2): free -> open (buildvm-x86-07.iad2.fedoraproject.org)
  82428274 buildSRPMFromSCM (/rpms/javaparser.git:ca764d4f90adea96b481c24b4b8fda0e797372a2): open (buildvm-x86-07.iad2.fedoraproject.org) -> closed
  0 free  1 open  1 done  0 failed
  82428374 buildArch (javaparser-3.22.0-3.fc36.src.rpm, noarch): open (buildvm-ppc64le-08.iad2.fedoraproject.org)
  82428374 buildArch (javaparser-3.22.0-3.fc36.src.rpm, noarch): open (buildvm-ppc64le-08.iad2.fedoraproject.org) -> closed
  0 free  1 open  2 done  0 failed
  82428614 tagBuild (noarch): free
  82428614 tagBuild (noarch): free -> closed
  0 free  1 open  3 done  0 failed
82428254 build (f36-java17, /rpms/javaparser.git:ca764d4f90adea96b481c24b4b8fda0e797372a2): open (buildvm-ppc64le-31.iad2.fedoraproject.org) -> closed
  0 free  0 open  4 done  0 failed

82428254 build (f36-java17, /rpms/javaparser.git:ca764d4f90adea96b481c24b4b8fda0e797372a2) completed successfully
