Cloning into 'java-runtime-decompiler'...
[rawhide e100240] Rebuilt for java-17-openjdk as system jdk
 1 file changed, 4 insertions(+), 1 deletion(-)
Building java-runtime-decompiler-6.1-3.fc36 for f36-java17
Created task: 82428328
Task info: https://koji.fedoraproject.org/koji/taskinfo?taskID=82428328
Watching tasks (this may be safely interrupted)...
82428328 build (f36-java17, /rpms/java-runtime-decompiler.git:e100240af47a3f6d254539908e3a04b7e21a64b8): free
82428328 build (f36-java17, /rpms/java-runtime-decompiler.git:e100240af47a3f6d254539908e3a04b7e21a64b8): free -> open (buildvm-x86-23.iad2.fedoraproject.org)
  82428347 buildSRPMFromSCM (/rpms/java-runtime-decompiler.git:e100240af47a3f6d254539908e3a04b7e21a64b8): free
  82428347 buildSRPMFromSCM (/rpms/java-runtime-decompiler.git:e100240af47a3f6d254539908e3a04b7e21a64b8): free -> open (buildvm-x86-20.iad2.fedoraproject.org)
  82428347 buildSRPMFromSCM (/rpms/java-runtime-decompiler.git:e100240af47a3f6d254539908e3a04b7e21a64b8): open (buildvm-x86-20.iad2.fedoraproject.org) -> closed
  0 free  1 open  1 done  0 failed
  82428486 buildArch (java-runtime-decompiler-6.1-3.fc36.src.rpm, noarch): free
  82428486 buildArch (java-runtime-decompiler-6.1-3.fc36.src.rpm, noarch): free -> open (buildvm-ppc64le-17.iad2.fedoraproject.org)
  82428486 buildArch (java-runtime-decompiler-6.1-3.fc36.src.rpm, noarch): open (buildvm-ppc64le-17.iad2.fedoraproject.org) -> closed
  0 free  1 open  2 done  0 failed
  82428709 tagBuild (noarch): free
  82428709 tagBuild (noarch): free -> open (buildvm-s390x-34.s390.fedoraproject.org)
  82428709 tagBuild (noarch): open (buildvm-s390x-34.s390.fedoraproject.org) -> closed
  0 free  1 open  3 done  0 failed
82428328 build (f36-java17, /rpms/java-runtime-decompiler.git:e100240af47a3f6d254539908e3a04b7e21a64b8): open (buildvm-x86-23.iad2.fedoraproject.org) -> closed
  0 free  0 open  4 done  0 failed

82428328 build (f36-java17, /rpms/java-runtime-decompiler.git:e100240af47a3f6d254539908e3a04b7e21a64b8) completed successfully
