Cloning into 'javassist'...
[rawhide c4f144b] Rebuilt for java-17-openjdk as system jdk
 1 file changed, 4 insertions(+), 1 deletion(-)
Building javassist-3.28.0-3.fc36 for f36-java17
Created task: 82428395
Task info: https://koji.fedoraproject.org/koji/taskinfo?taskID=82428395
Watching tasks (this may be safely interrupted)...
82428395 build (f36-java17, /rpms/javassist.git:c4f144b2316f57ee40e25a55a0f502be99cf3a2a): free
82428395 build (f36-java17, /rpms/javassist.git:c4f144b2316f57ee40e25a55a0f502be99cf3a2a): free -> open (buildvm-ppc64le-05.iad2.fedoraproject.org)
  82428408 buildSRPMFromSCM (/rpms/javassist.git:c4f144b2316f57ee40e25a55a0f502be99cf3a2a): open (buildvm-ppc64le-05.iad2.fedoraproject.org)
  82428408 buildSRPMFromSCM (/rpms/javassist.git:c4f144b2316f57ee40e25a55a0f502be99cf3a2a): open (buildvm-ppc64le-05.iad2.fedoraproject.org) -> closed
  0 free  1 open  1 done  0 failed
  82428552 buildArch (javassist-3.28.0-3.fc36.src.rpm, noarch): free
  82428552 buildArch (javassist-3.28.0-3.fc36.src.rpm, noarch): free -> open (buildvm-s390x-09.s390.fedoraproject.org)
  82428552 buildArch (javassist-3.28.0-3.fc36.src.rpm, noarch): open (buildvm-s390x-09.s390.fedoraproject.org) -> FAILED: BuildError: error building package (arch noarch), mock exited with status 1; see build.log or root.log for more information
  Relevant logs:
  https://kojipkgs.fedoraproject.org/work/tasks/8552/82428552/mock_output.log
  https://kojipkgs.fedoraproject.org/work/tasks/8552/82428552/hw_info.log
  https://kojipkgs.fedoraproject.org/work/tasks/8552/82428552/state.log
  https://kojipkgs.fedoraproject.org/work/tasks/8552/82428552/build.log
  https://kojipkgs.fedoraproject.org/work/tasks/8552/82428552/root.log
  0 free  1 open  1 done  1 failed
82428395 build (f36-java17, /rpms/javassist.git:c4f144b2316f57ee40e25a55a0f502be99cf3a2a): open (buildvm-ppc64le-05.iad2.fedoraproject.org) -> FAILED: BuildError: error building package (arch noarch), mock exited with status 1; see build.log or root.log for more information
  0 free  0 open  1 done  2 failed

82428395 build (f36-java17, /rpms/javassist.git:c4f144b2316f57ee40e25a55a0f502be99cf3a2a) failed
