Cloning into 'javapackages-bootstrap'...
[rawhide 2ae8639] Rebuilt for java-17-openjdk as system jdk
 1 file changed, 4 insertions(+), 1 deletion(-)
warning: Macro expanded in comment on line 27: %{version}/javapackages-bootstrap-%{version}.tar.xz


Building javapackages-bootstrap-1.5.0^20220105.git9f283b7-3.fc36 for f36-java17
Created task: 82428230
Task info: https://koji.fedoraproject.org/koji/taskinfo?taskID=82428230
Watching tasks (this may be safely interrupted)...
82428230 build (f36-java17, /rpms/javapackages-bootstrap.git:2ae8639fa6c5a9a70525140ccaad70f54b031087): free
82428230 build (f36-java17, /rpms/javapackages-bootstrap.git:2ae8639fa6c5a9a70525140ccaad70f54b031087): free -> open (buildvm-ppc64le-17.iad2.fedoraproject.org)
  82428244 buildSRPMFromSCM (/rpms/javapackages-bootstrap.git:2ae8639fa6c5a9a70525140ccaad70f54b031087): open (buildvm-ppc64le-17.iad2.fedoraproject.org)
  82428391 buildArch (javapackages-bootstrap-1.5.0^20220105.git9f283b7-3.fc36.src.rpm, noarch): free
  82428244 buildSRPMFromSCM (/rpms/javapackages-bootstrap.git:2ae8639fa6c5a9a70525140ccaad70f54b031087): open (buildvm-ppc64le-17.iad2.fedoraproject.org) -> closed
  1 free  1 open  1 done  0 failed
  82428391 buildArch (javapackages-bootstrap-1.5.0^20220105.git9f283b7-3.fc36.src.rpm, noarch): free -> open (buildvm-ppc64le-09.iad2.fedoraproject.org)
  82428391 buildArch (javapackages-bootstrap-1.5.0^20220105.git9f283b7-3.fc36.src.rpm, noarch): open (buildvm-ppc64le-09.iad2.fedoraproject.org) -> closed
  0 free  1 open  2 done  0 failed
  82428713 tagBuild (noarch): free
  82428713 tagBuild (noarch): free -> closed
  0 free  1 open  3 done  0 failed
82428230 build (f36-java17, /rpms/javapackages-bootstrap.git:2ae8639fa6c5a9a70525140ccaad70f54b031087): open (buildvm-ppc64le-17.iad2.fedoraproject.org) -> closed
  0 free  0 open  4 done  0 failed

82428230 build (f36-java17, /rpms/javapackages-bootstrap.git:2ae8639fa6c5a9a70525140ccaad70f54b031087) completed successfully
