Cloning into 'java-diff-utils'...
[rawhide d91a966] Rebuilt for java-17-openjdk as system jdk
 1 file changed, 4 insertions(+), 1 deletion(-)
Building java-diff-utils-4.11-3.fc36 for f36-java17
Created task: 82428050
Task info: https://koji.fedoraproject.org/koji/taskinfo?taskID=82428050
Watching tasks (this may be safely interrupted)...
82428050 build (f36-java17, /rpms/java-diff-utils.git:d91a966fecb8722682529c7b24c1dbff9518bf01): free
82428050 build (f36-java17, /rpms/java-diff-utils.git:d91a966fecb8722682529c7b24c1dbff9518bf01): free -> open (buildvm-s390x-10.s390.fedoraproject.org)
  82428085 buildSRPMFromSCM (/rpms/java-diff-utils.git:d91a966fecb8722682529c7b24c1dbff9518bf01): free
  82428085 buildSRPMFromSCM (/rpms/java-diff-utils.git:d91a966fecb8722682529c7b24c1dbff9518bf01): free -> open (buildvm-ppc64le-31.iad2.fedoraproject.org)
  82428085 buildSRPMFromSCM (/rpms/java-diff-utils.git:d91a966fecb8722682529c7b24c1dbff9518bf01): open (buildvm-ppc64le-31.iad2.fedoraproject.org) -> closed
  0 free  1 open  1 done  0 failed
  82428262 buildArch (java-diff-utils-4.11-3.fc36.src.rpm, noarch): free
  82428262 buildArch (java-diff-utils-4.11-3.fc36.src.rpm, noarch): free -> open (buildvm-ppc64le-29.iad2.fedoraproject.org)
  82428262 buildArch (java-diff-utils-4.11-3.fc36.src.rpm, noarch): open (buildvm-ppc64le-29.iad2.fedoraproject.org) -> closed
  0 free  1 open  2 done  0 failed
  82428487 tagBuild (noarch): closed
82428050 build (f36-java17, /rpms/java-diff-utils.git:d91a966fecb8722682529c7b24c1dbff9518bf01): open (buildvm-s390x-10.s390.fedoraproject.org) -> closed
  0 free  0 open  4 done  0 failed

82428050 build (f36-java17, /rpms/java-diff-utils.git:d91a966fecb8722682529c7b24c1dbff9518bf01) completed successfully
