Cloning into 'jaxb-dtd-parser'...
[rawhide 8c3ce5f] Rebuilt for java-17-openjdk as system jdk
 1 file changed, 4 insertions(+), 1 deletion(-)
Building jaxb-dtd-parser-1.4.5-3.fc36 for f36-java17
Created task: 82428615
Task info: https://koji.fedoraproject.org/koji/taskinfo?taskID=82428615
Watching tasks (this may be safely interrupted)...
82428615 build (f36-java17, /rpms/jaxb-dtd-parser.git:8c3ce5f4671832c337052fa6118b06b892356063): free
82428615 build (f36-java17, /rpms/jaxb-dtd-parser.git:8c3ce5f4671832c337052fa6118b06b892356063): free -> open (buildvm-s390x-12.s390.fedoraproject.org)
  82428640 buildSRPMFromSCM (/rpms/jaxb-dtd-parser.git:8c3ce5f4671832c337052fa6118b06b892356063): free
  82428640 buildSRPMFromSCM (/rpms/jaxb-dtd-parser.git:8c3ce5f4671832c337052fa6118b06b892356063): free -> open (buildvm-ppc64le-06.iad2.fedoraproject.org)
  82428640 buildSRPMFromSCM (/rpms/jaxb-dtd-parser.git:8c3ce5f4671832c337052fa6118b06b892356063): open (buildvm-ppc64le-06.iad2.fedoraproject.org) -> closed
  0 free  1 open  1 done  0 failed
  82428986 buildArch (jaxb-dtd-parser-1.4.5-3.fc36.src.rpm, noarch): open (buildvm-a32-08.iad2.fedoraproject.org)
  82429080 tagBuild (noarch): free
  82428986 buildArch (jaxb-dtd-parser-1.4.5-3.fc36.src.rpm, noarch): open (buildvm-a32-08.iad2.fedoraproject.org) -> closed
  1 free  1 open  2 done  0 failed
  82429080 tagBuild (noarch): free -> closed
  0 free  1 open  3 done  0 failed
82428615 build (f36-java17, /rpms/jaxb-dtd-parser.git:8c3ce5f4671832c337052fa6118b06b892356063): open (buildvm-s390x-12.s390.fedoraproject.org) -> closed
  0 free  0 open  4 done  0 failed

82428615 build (f36-java17, /rpms/jaxb-dtd-parser.git:8c3ce5f4671832c337052fa6118b06b892356063) completed successfully
