Cloning into 'jaxb-api'...
[rawhide 90d3f26] Rebuilt for java-17-openjdk as system jdk
 1 file changed, 4 insertions(+), 1 deletion(-)
Building jaxb-api-2.3.3-6.fc36 for f36-java17
Created task: 82428579
Task info: https://koji.fedoraproject.org/koji/taskinfo?taskID=82428579
Watching tasks (this may be safely interrupted)...
82428579 build (f36-java17, /rpms/jaxb-api.git:90d3f263cd5a7b6bfc5a1223a5d6b7464532a22e): free
82428579 build (f36-java17, /rpms/jaxb-api.git:90d3f263cd5a7b6bfc5a1223a5d6b7464532a22e): free -> open (buildvm-a32-21.iad2.fedoraproject.org)
  82428610 buildSRPMFromSCM (/rpms/jaxb-api.git:90d3f263cd5a7b6bfc5a1223a5d6b7464532a22e): free
  82428610 buildSRPMFromSCM (/rpms/jaxb-api.git:90d3f263cd5a7b6bfc5a1223a5d6b7464532a22e): free -> open (buildvm-ppc64le-28.iad2.fedoraproject.org)
  82428610 buildSRPMFromSCM (/rpms/jaxb-api.git:90d3f263cd5a7b6bfc5a1223a5d6b7464532a22e): open (buildvm-ppc64le-28.iad2.fedoraproject.org) -> closed
  0 free  1 open  1 done  0 failed
  82428975 buildArch (jaxb-api-2.3.3-6.fc36.src.rpm, noarch): free
  82428975 buildArch (jaxb-api-2.3.3-6.fc36.src.rpm, noarch): free -> open (buildvm-s390x-07.s390.fedoraproject.org)
  82428975 buildArch (jaxb-api-2.3.3-6.fc36.src.rpm, noarch): open (buildvm-s390x-07.s390.fedoraproject.org) -> closed
  0 free  1 open  2 done  0 failed
  82429014 tagBuild (noarch): free
  82429014 tagBuild (noarch): free -> closed
  0 free  1 open  3 done  0 failed
82428579 build (f36-java17, /rpms/jaxb-api.git:90d3f263cd5a7b6bfc5a1223a5d6b7464532a22e): open (buildvm-a32-21.iad2.fedoraproject.org) -> closed
  0 free  0 open  4 done  0 failed

82428579 build (f36-java17, /rpms/jaxb-api.git:90d3f263cd5a7b6bfc5a1223a5d6b7464532a22e) completed successfully
