Cloning into 'jaxb-stax-ex'...
[rawhide 0597065] Rebuilt for java-17-openjdk as system jdk
 1 file changed, 4 insertions(+), 1 deletion(-)
Building jaxb-stax-ex-1.8.3-8.fc36 for f36-java17
Created task: 82428735
Task info: https://koji.fedoraproject.org/koji/taskinfo?taskID=82428735
Watching tasks (this may be safely interrupted)...
82428735 build (f36-java17, /rpms/jaxb-stax-ex.git:0597065ede73e2b1a2615347e55eec28d60244f1): free
82428735 build (f36-java17, /rpms/jaxb-stax-ex.git:0597065ede73e2b1a2615347e55eec28d60244f1): free -> open (buildvm-a32-06.iad2.fedoraproject.org)
  82428805 buildSRPMFromSCM (/rpms/jaxb-stax-ex.git:0597065ede73e2b1a2615347e55eec28d60244f1): free
  82428805 buildSRPMFromSCM (/rpms/jaxb-stax-ex.git:0597065ede73e2b1a2615347e55eec28d60244f1): free -> open (buildvm-ppc64le-07.iad2.fedoraproject.org)
  82428805 buildSRPMFromSCM (/rpms/jaxb-stax-ex.git:0597065ede73e2b1a2615347e55eec28d60244f1): open (buildvm-ppc64le-07.iad2.fedoraproject.org) -> closed
  0 free  1 open  1 done  0 failed
  82429060 buildArch (jaxb-stax-ex-1.8.3-8.fc36.src.rpm, noarch): free
  82429060 buildArch (jaxb-stax-ex-1.8.3-8.fc36.src.rpm, noarch): free -> open (buildhw-x86-09.iad2.fedoraproject.org)
  82429114 tagBuild (noarch): free
  82429060 buildArch (jaxb-stax-ex-1.8.3-8.fc36.src.rpm, noarch): open (buildhw-x86-09.iad2.fedoraproject.org) -> closed
  1 free  1 open  2 done  0 failed
  82429114 tagBuild (noarch): free -> closed
  0 free  1 open  3 done  0 failed
82428735 build (f36-java17, /rpms/jaxb-stax-ex.git:0597065ede73e2b1a2615347e55eec28d60244f1): open (buildvm-a32-06.iad2.fedoraproject.org) -> closed
  0 free  0 open  4 done  0 failed

82428735 build (f36-java17, /rpms/jaxb-stax-ex.git:0597065ede73e2b1a2615347e55eec28d60244f1) completed successfully
