Cloning into 'jaxen'...
[rawhide e415a2e] Rebuilt for java-17-openjdk as system jdk
 1 file changed, 4 insertions(+), 1 deletion(-)
Building jaxen-1.2.0-10.fc36 for f36-java17
Created task: 82428843
Task info: https://koji.fedoraproject.org/koji/taskinfo?taskID=82428843
Watching tasks (this may be safely interrupted)...
82428843 build (f36-java17, /rpms/jaxen.git:e415a2efd887d7800c7333f3e597e8a8ea0d1d03): free
82428843 build (f36-java17, /rpms/jaxen.git:e415a2efd887d7800c7333f3e597e8a8ea0d1d03): free -> open (buildvm-s390x-04.s390.fedoraproject.org)
  82428945 buildSRPMFromSCM (/rpms/jaxen.git:e415a2efd887d7800c7333f3e597e8a8ea0d1d03): free
  82428945 buildSRPMFromSCM (/rpms/jaxen.git:e415a2efd887d7800c7333f3e597e8a8ea0d1d03): free -> open (buildvm-x86-20.iad2.fedoraproject.org)
  82428945 buildSRPMFromSCM (/rpms/jaxen.git:e415a2efd887d7800c7333f3e597e8a8ea0d1d03): open (buildvm-x86-20.iad2.fedoraproject.org) -> closed
  0 free  1 open  1 done  0 failed
  82429077 buildArch (jaxen-1.2.0-10.fc36.src.rpm, noarch): free
  82429077 buildArch (jaxen-1.2.0-10.fc36.src.rpm, noarch): free -> open (buildvm-x86-19.iad2.fedoraproject.org)
  82429077 buildArch (jaxen-1.2.0-10.fc36.src.rpm, noarch): open (buildvm-x86-19.iad2.fedoraproject.org) -> closed
  0 free  1 open  2 done  0 failed
  82429190 tagBuild (noarch): free
  82429190 tagBuild (noarch): free -> closed
  0 free  1 open  3 done  0 failed
82428843 build (f36-java17, /rpms/jaxen.git:e415a2efd887d7800c7333f3e597e8a8ea0d1d03): open (buildvm-s390x-04.s390.fedoraproject.org) -> closed
  0 free  0 open  4 done  0 failed

82428843 build (f36-java17, /rpms/jaxen.git:e415a2efd887d7800c7333f3e597e8a8ea0d1d03) completed successfully
