Cloning into 'jblas'...
[rawhide d8f9b4f] Rebuilt for java-17-openjdk as system jdk
 1 file changed, 4 insertions(+), 1 deletion(-)
Building jblas-1.2.5-6.fc36 for f36-java17
Created task: 82428947
Task info: https://koji.fedoraproject.org/koji/taskinfo?taskID=82428947
Watching tasks (this may be safely interrupted)...
82428947 build (f36-java17, /rpms/jblas.git:d8f9b4f6735ca8e06145035ac66ceb42b511b200): free
82428947 build (f36-java17, /rpms/jblas.git:d8f9b4f6735ca8e06145035ac66ceb42b511b200): free -> open (buildvm-s390x-35.s390.fedoraproject.org)
  82428972 buildSRPMFromSCM (/rpms/jblas.git:d8f9b4f6735ca8e06145035ac66ceb42b511b200): free
  82428972 buildSRPMFromSCM (/rpms/jblas.git:d8f9b4f6735ca8e06145035ac66ceb42b511b200): free -> open (buildvm-ppc64le-33.iad2.fedoraproject.org)
  82429102 buildArch (jblas-1.2.5-6.fc36.src.rpm, armv7hl): free
  82429106 buildArch (jblas-1.2.5-6.fc36.src.rpm, ppc64le): free
  82429103 buildArch (jblas-1.2.5-6.fc36.src.rpm, i686): free
  82429104 buildArch (jblas-1.2.5-6.fc36.src.rpm, x86_64): free
  82429105 buildArch (jblas-1.2.5-6.fc36.src.rpm, aarch64): free
  82429107 buildArch (jblas-1.2.5-6.fc36.src.rpm, s390x): open (buildvm-s390x-05.s390.fedoraproject.org)
  82428972 buildSRPMFromSCM (/rpms/jblas.git:d8f9b4f6735ca8e06145035ac66ceb42b511b200): open (buildvm-ppc64le-33.iad2.fedoraproject.org) -> closed
  5 free  2 open  1 done  0 failed
  82429102 buildArch (jblas-1.2.5-6.fc36.src.rpm, armv7hl): free -> open (buildvm-a32-04.iad2.fedoraproject.org)
  82429105 buildArch (jblas-1.2.5-6.fc36.src.rpm, aarch64): free -> open (buildvm-a64-04.iad2.fedoraproject.org)
  82429106 buildArch (jblas-1.2.5-6.fc36.src.rpm, ppc64le): free -> open (buildvm-ppc64le-06.iad2.fedoraproject.org)
  82429103 buildArch (jblas-1.2.5-6.fc36.src.rpm, i686): free -> open (buildvm-x86-04.iad2.fedoraproject.org)
  82429104 buildArch (jblas-1.2.5-6.fc36.src.rpm, x86_64): free -> open (buildhw-x86-13.iad2.fedoraproject.org)
  82429107 buildArch (jblas-1.2.5-6.fc36.src.rpm, s390x): open (buildvm-s390x-05.s390.fedoraproject.org) -> closed
  0 free  6 open  2 done  0 failed
  82429104 buildArch (jblas-1.2.5-6.fc36.src.rpm, x86_64): open (buildhw-x86-13.iad2.fedoraproject.org) -> closed
  0 free  5 open  3 done  0 failed
  82429106 buildArch (jblas-1.2.5-6.fc36.src.rpm, ppc64le): open (buildvm-ppc64le-06.iad2.fedoraproject.org) -> closed
  0 free  4 open  4 done  0 failed
  82429105 buildArch (jblas-1.2.5-6.fc36.src.rpm, aarch64): open (buildvm-a64-04.iad2.fedoraproject.org) -> closed
  0 free  3 open  5 done  0 failed
  82429103 buildArch (jblas-1.2.5-6.fc36.src.rpm, i686): open (buildvm-x86-04.iad2.fedoraproject.org) -> closed
  0 free  2 open  6 done  0 failed
  82429102 buildArch (jblas-1.2.5-6.fc36.src.rpm, armv7hl): open (buildvm-a32-04.iad2.fedoraproject.org) -> closed
  0 free  1 open  7 done  0 failed
  82429226 tagBuild (noarch): free
  82429226 tagBuild (noarch): free -> closed
  0 free  1 open  8 done  0 failed
82428947 build (f36-java17, /rpms/jblas.git:d8f9b4f6735ca8e06145035ac66ceb42b511b200): open (buildvm-s390x-35.s390.fedoraproject.org) -> closed
  0 free  0 open  9 done  0 failed

82428947 build (f36-java17, /rpms/jblas.git:d8f9b4f6735ca8e06145035ac66ceb42b511b200) completed successfully
