Cloning into 'jboss-jaxrs-2.0-api'...
[rawhide a7b8221] Rebuilt for java-17-openjdk as system jdk
 1 file changed, 4 insertions(+), 1 deletion(-)
Building jboss-jaxrs-2.0-api-1.0.0-18.fc36 for f36-java17
Created task: 82428976
Task info: https://koji.fedoraproject.org/koji/taskinfo?taskID=82428976
Watching tasks (this may be safely interrupted)...
82428976 build (f36-java17, /rpms/jboss-jaxrs-2.0-api.git:a7b822169d2e4c14f0573c322e229dfad1fe0d4a): free
82428976 build (f36-java17, /rpms/jboss-jaxrs-2.0-api.git:a7b822169d2e4c14f0573c322e229dfad1fe0d4a): free -> open (buildvm-s390x-12.s390.fedoraproject.org)
  82428989 buildSRPMFromSCM (/rpms/jboss-jaxrs-2.0-api.git:a7b822169d2e4c14f0573c322e229dfad1fe0d4a): free
  82428989 buildSRPMFromSCM (/rpms/jboss-jaxrs-2.0-api.git:a7b822169d2e4c14f0573c322e229dfad1fe0d4a): free -> open (buildvm-x86-25.iad2.fedoraproject.org)
  82428989 buildSRPMFromSCM (/rpms/jboss-jaxrs-2.0-api.git:a7b822169d2e4c14f0573c322e229dfad1fe0d4a): open (buildvm-x86-25.iad2.fedoraproject.org) -> closed
  0 free  1 open  1 done  0 failed
  82429075 buildArch (jboss-jaxrs-2.0-api-1.0.0-18.fc36.src.rpm, noarch): free
  82429075 buildArch (jboss-jaxrs-2.0-api-1.0.0-18.fc36.src.rpm, noarch): free -> open (buildvm-ppc64le-05.iad2.fedoraproject.org)
  82429075 buildArch (jboss-jaxrs-2.0-api-1.0.0-18.fc36.src.rpm, noarch): open (buildvm-ppc64le-05.iad2.fedoraproject.org) -> closed
  0 free  1 open  2 done  0 failed
  82429140 tagBuild (noarch): free
  82429140 tagBuild (noarch): free -> closed
  0 free  1 open  3 done  0 failed
82428976 build (f36-java17, /rpms/jboss-jaxrs-2.0-api.git:a7b822169d2e4c14f0573c322e229dfad1fe0d4a): open (buildvm-s390x-12.s390.fedoraproject.org) -> closed
  0 free  0 open  4 done  0 failed

82428976 build (f36-java17, /rpms/jboss-jaxrs-2.0-api.git:a7b822169d2e4c14f0573c322e229dfad1fe0d4a) completed successfully
