Cloning into 'jctools'...
[rawhide 3f87c72] Rebuilt for java-17-openjdk as system jdk
 1 file changed, 4 insertions(+), 1 deletion(-)
Building jctools-3.3.0-3.fc36 for f36-java17
Created task: 82429115
Task info: https://koji.fedoraproject.org/koji/taskinfo?taskID=82429115
Watching tasks (this may be safely interrupted)...
82429115 build (f36-java17, /rpms/jctools.git:3f87c72bccbe345c5c0d97488058686d87eb3bad): free
82429115 build (f36-java17, /rpms/jctools.git:3f87c72bccbe345c5c0d97488058686d87eb3bad): free -> open (buildvm-ppc64le-39.iad2.fedoraproject.org)
  82429122 buildSRPMFromSCM (/rpms/jctools.git:3f87c72bccbe345c5c0d97488058686d87eb3bad): open (buildvm-ppc64le-36.iad2.fedoraproject.org)
  82429176 buildArch (jctools-3.3.0-3.fc36.src.rpm, noarch): free
  82429122 buildSRPMFromSCM (/rpms/jctools.git:3f87c72bccbe345c5c0d97488058686d87eb3bad): open (buildvm-ppc64le-36.iad2.fedoraproject.org) -> closed
  1 free  1 open  1 done  0 failed
  82429176 buildArch (jctools-3.3.0-3.fc36.src.rpm, noarch): free -> open (buildvm-ppc64le-40.iad2.fedoraproject.org)
  82429176 buildArch (jctools-3.3.0-3.fc36.src.rpm, noarch): open (buildvm-ppc64le-40.iad2.fedoraproject.org) -> FAILED: BuildError: error building package (arch noarch), mock exited with status 1; see build.log or root.log for more information
  Relevant logs:
  https://kojipkgs.fedoraproject.org/work/tasks/9176/82429176/mock_output.log
  https://kojipkgs.fedoraproject.org/work/tasks/9176/82429176/hw_info.log
  https://kojipkgs.fedoraproject.org/work/tasks/9176/82429176/state.log
  https://kojipkgs.fedoraproject.org/work/tasks/9176/82429176/build.log
  https://kojipkgs.fedoraproject.org/work/tasks/9176/82429176/root.log
  0 free  1 open  1 done  1 failed
82429115 build (f36-java17, /rpms/jctools.git:3f87c72bccbe345c5c0d97488058686d87eb3bad): open (buildvm-ppc64le-39.iad2.fedoraproject.org) -> FAILED: BuildError: error building package (arch noarch), mock exited with status 1; see build.log or root.log for more information
  0 free  0 open  1 done  2 failed

82429115 build (f36-java17, /rpms/jctools.git:3f87c72bccbe345c5c0d97488058686d87eb3bad) failed
