Cloning into 'jdepend'...
[rawhide c2bf670] Rebuilt for java-17-openjdk as system jdk
 1 file changed, 4 insertions(+), 1 deletion(-)
Building jdepend-2.9.1-29.fc36 for f36-java17
Created task: 82429159
Task info: https://koji.fedoraproject.org/koji/taskinfo?taskID=82429159
Watching tasks (this may be safely interrupted)...
82429159 build (f36-java17, /rpms/jdepend.git:c2bf670405758e5ccd2591b3508b8ec834315883): free
82429159 build (f36-java17, /rpms/jdepend.git:c2bf670405758e5ccd2591b3508b8ec834315883): free -> open (buildvm-x86-04.iad2.fedoraproject.org)
  82429172 buildSRPMFromSCM (/rpms/jdepend.git:c2bf670405758e5ccd2591b3508b8ec834315883): free
  82429172 buildSRPMFromSCM (/rpms/jdepend.git:c2bf670405758e5ccd2591b3508b8ec834315883): free -> open (buildvm-ppc64le-07.iad2.fedoraproject.org)
  82429253 buildArch (jdepend-2.9.1-29.fc36.src.rpm, noarch): open (buildvm-x86-23.iad2.fedoraproject.org)
  82429172 buildSRPMFromSCM (/rpms/jdepend.git:c2bf670405758e5ccd2591b3508b8ec834315883): open (buildvm-ppc64le-07.iad2.fedoraproject.org) -> closed
  0 free  2 open  1 done  0 failed
  82429312 tagBuild (noarch): closed
  82429253 buildArch (jdepend-2.9.1-29.fc36.src.rpm, noarch): open (buildvm-x86-23.iad2.fedoraproject.org) -> closed
  0 free  1 open  3 done  0 failed
82429159 build (f36-java17, /rpms/jdepend.git:c2bf670405758e5ccd2591b3508b8ec834315883): open (buildvm-x86-04.iad2.fedoraproject.org) -> closed
  0 free  0 open  4 done  0 failed

82429159 build (f36-java17, /rpms/jdepend.git:c2bf670405758e5ccd2591b3508b8ec834315883) completed successfully
