Cloning into 'jdependency'...
[rawhide 280f6de] Rebuilt for java-17-openjdk as system jdk
 1 file changed, 4 insertions(+), 1 deletion(-)
Building jdependency-2.7.0-3.fc36 for f36-java17
Created task: 82429174
Task info: https://koji.fedoraproject.org/koji/taskinfo?taskID=82429174
Watching tasks (this may be safely interrupted)...
82429174 build (f36-java17, /rpms/jdependency.git:280f6de31c45a3dfa90a7fc397801dbbe0c7b4d7): free
82429174 build (f36-java17, /rpms/jdependency.git:280f6de31c45a3dfa90a7fc397801dbbe0c7b4d7): free -> open (buildvm-ppc64le-21.iad2.fedoraproject.org)
  82429177 buildSRPMFromSCM (/rpms/jdependency.git:280f6de31c45a3dfa90a7fc397801dbbe0c7b4d7): free
  82429177 buildSRPMFromSCM (/rpms/jdependency.git:280f6de31c45a3dfa90a7fc397801dbbe0c7b4d7): free -> open (buildvm-ppc64le-29.iad2.fedoraproject.org)
  82429177 buildSRPMFromSCM (/rpms/jdependency.git:280f6de31c45a3dfa90a7fc397801dbbe0c7b4d7): open (buildvm-ppc64le-29.iad2.fedoraproject.org) -> closed
  0 free  1 open  1 done  0 failed
  82429279 buildArch (jdependency-2.7.0-3.fc36.src.rpm, noarch): open (buildvm-x86-27.iad2.fedoraproject.org)
  82429279 buildArch (jdependency-2.7.0-3.fc36.src.rpm, noarch): open (buildvm-x86-27.iad2.fedoraproject.org) -> closed
  0 free  1 open  2 done  0 failed
  82429480 tagBuild (noarch): free
  82429480 tagBuild (noarch): free -> closed
  0 free  1 open  3 done  0 failed
82429174 build (f36-java17, /rpms/jdependency.git:280f6de31c45a3dfa90a7fc397801dbbe0c7b4d7): open (buildvm-ppc64le-21.iad2.fedoraproject.org) -> closed
  0 free  0 open  4 done  0 failed

82429174 build (f36-java17, /rpms/jdependency.git:280f6de31c45a3dfa90a7fc397801dbbe0c7b4d7) completed successfully
