Cloning into 'jdeparser'...
[rawhide 4519c8e] Rebuilt for java-17-openjdk as system jdk
 1 file changed, 4 insertions(+), 1 deletion(-)
Building jdeparser-2.0.3-10.fc36 for f36-java17
Created task: 82429138
Task info: https://koji.fedoraproject.org/koji/taskinfo?taskID=82429138
Watching tasks (this may be safely interrupted)...
82429138 build (f36-java17, /rpms/jdeparser.git:4519c8e385cb865c0fe34fe54b4a592a1e280f67): free
82429138 build (f36-java17, /rpms/jdeparser.git:4519c8e385cb865c0fe34fe54b4a592a1e280f67): free -> open (buildvm-ppc64le-22.iad2.fedoraproject.org)
  82429157 buildSRPMFromSCM (/rpms/jdeparser.git:4519c8e385cb865c0fe34fe54b4a592a1e280f67): free
  82429157 buildSRPMFromSCM (/rpms/jdeparser.git:4519c8e385cb865c0fe34fe54b4a592a1e280f67): free -> open (buildvm-ppc64le-17.iad2.fedoraproject.org)
  82429157 buildSRPMFromSCM (/rpms/jdeparser.git:4519c8e385cb865c0fe34fe54b4a592a1e280f67): open (buildvm-ppc64le-17.iad2.fedoraproject.org) -> closed
  0 free  1 open  1 done  0 failed
  82429255 buildArch (jdeparser-2.0.3-10.fc36.src.rpm, noarch): open (buildvm-ppc64le-22.iad2.fedoraproject.org)
  82429255 buildArch (jdeparser-2.0.3-10.fc36.src.rpm, noarch): open (buildvm-ppc64le-22.iad2.fedoraproject.org) -> closed
  0 free  1 open  2 done  0 failed
  82429389 tagBuild (noarch): closed
82429138 build (f36-java17, /rpms/jdeparser.git:4519c8e385cb865c0fe34fe54b4a592a1e280f67): open (buildvm-ppc64le-22.iad2.fedoraproject.org) -> closed
  0 free  0 open  4 done  0 failed

82429138 build (f36-java17, /rpms/jdeparser.git:4519c8e385cb865c0fe34fe54b4a592a1e280f67) completed successfully
