Cloning into 'jdom'...
[rawhide 1ede885] Rebuilt for java-17-openjdk as system jdk
 1 file changed, 4 insertions(+), 1 deletion(-)
Building jdom-1.1.3-30.fc36 for f36-java17
Created task: 82429188
Task info: https://koji.fedoraproject.org/koji/taskinfo?taskID=82429188
Watching tasks (this may be safely interrupted)...
82429188 build (f36-java17, /rpms/jdom.git:1ede88591a467df03a60593386409b4821d61759): free
82429188 build (f36-java17, /rpms/jdom.git:1ede88591a467df03a60593386409b4821d61759): free -> open (buildvm-ppc64le-17.iad2.fedoraproject.org)
  82429203 buildSRPMFromSCM (/rpms/jdom.git:1ede88591a467df03a60593386409b4821d61759): free
  82429203 buildSRPMFromSCM (/rpms/jdom.git:1ede88591a467df03a60593386409b4821d61759): free -> open (buildvm-ppc64le-21.iad2.fedoraproject.org)
  82429203 buildSRPMFromSCM (/rpms/jdom.git:1ede88591a467df03a60593386409b4821d61759): open (buildvm-ppc64le-21.iad2.fedoraproject.org) -> closed
  0 free  1 open  1 done  0 failed
  82429340 buildArch (jdom-1.1.3-30.fc36.src.rpm, noarch): open (buildvm-x86-25.iad2.fedoraproject.org)
  82429340 buildArch (jdom-1.1.3-30.fc36.src.rpm, noarch): open (buildvm-x86-25.iad2.fedoraproject.org) -> closed
  0 free  1 open  2 done  0 failed
  82429483 tagBuild (noarch): free
  82429483 tagBuild (noarch): free -> closed
  0 free  1 open  3 done  0 failed
82429188 build (f36-java17, /rpms/jdom.git:1ede88591a467df03a60593386409b4821d61759): open (buildvm-ppc64le-17.iad2.fedoraproject.org) -> closed
  0 free  0 open  4 done  0 failed

82429188 build (f36-java17, /rpms/jdom.git:1ede88591a467df03a60593386409b4821d61759) completed successfully
