Cloning into 'jdom2'...
[rawhide ddf6113] Rebuilt for java-17-openjdk as system jdk
 1 file changed, 4 insertions(+), 1 deletion(-)
Building jdom2-2.0.6-27.fc36 for f36-java17
Created task: 82429220
Task info: https://koji.fedoraproject.org/koji/taskinfo?taskID=82429220
Watching tasks (this may be safely interrupted)...
82429220 build (f36-java17, /rpms/jdom2.git:ddf611394fe11a1a114e0f2e243c6b5e1186a67a): free
82429220 build (f36-java17, /rpms/jdom2.git:ddf611394fe11a1a114e0f2e243c6b5e1186a67a): free -> open (buildvm-ppc64le-07.iad2.fedoraproject.org)
  82429238 buildSRPMFromSCM (/rpms/jdom2.git:ddf611394fe11a1a114e0f2e243c6b5e1186a67a): free
  82429238 buildSRPMFromSCM (/rpms/jdom2.git:ddf611394fe11a1a114e0f2e243c6b5e1186a67a): free -> open (buildvm-x86-07.iad2.fedoraproject.org)
  82429302 buildArch (jdom2-2.0.6-27.fc36.src.rpm, noarch): free
  82429238 buildSRPMFromSCM (/rpms/jdom2.git:ddf611394fe11a1a114e0f2e243c6b5e1186a67a): open (buildvm-x86-07.iad2.fedoraproject.org) -> closed
  1 free  1 open  1 done  0 failed
  82429302 buildArch (jdom2-2.0.6-27.fc36.src.rpm, noarch): free -> open (buildvm-ppc64le-33.iad2.fedoraproject.org)
  82429422 tagBuild (noarch): free
  82429302 buildArch (jdom2-2.0.6-27.fc36.src.rpm, noarch): open (buildvm-ppc64le-33.iad2.fedoraproject.org) -> closed
  1 free  1 open  2 done  0 failed
  82429422 tagBuild (noarch): free -> closed
  0 free  1 open  3 done  0 failed
82429220 build (f36-java17, /rpms/jdom2.git:ddf611394fe11a1a114e0f2e243c6b5e1186a67a): open (buildvm-ppc64le-07.iad2.fedoraproject.org) -> closed
  0 free  0 open  4 done  0 failed

82429220 build (f36-java17, /rpms/jdom2.git:ddf611394fe11a1a114e0f2e243c6b5e1186a67a) completed successfully
