Cloning into 'jericho-html'...
[rawhide 01500cd] Rebuilt for java-17-openjdk as system jdk
 1 file changed, 4 insertions(+), 1 deletion(-)
Building jericho-html-3.3-23.fc36 for f36-java17
Created task: 82429245
Task info: https://koji.fedoraproject.org/koji/taskinfo?taskID=82429245
Watching tasks (this may be safely interrupted)...
82429245 build (f36-java17, /rpms/jericho-html.git:01500cd49379c41661cf084fefa40a34584f1a84): free
82429245 build (f36-java17, /rpms/jericho-html.git:01500cd49379c41661cf084fefa40a34584f1a84): free -> open (buildvm-x86-25.iad2.fedoraproject.org)
  82429249 buildSRPMFromSCM (/rpms/jericho-html.git:01500cd49379c41661cf084fefa40a34584f1a84): free
  82429249 buildSRPMFromSCM (/rpms/jericho-html.git:01500cd49379c41661cf084fefa40a34584f1a84): free -> open (buildvm-x86-25.iad2.fedoraproject.org)
  82429249 buildSRPMFromSCM (/rpms/jericho-html.git:01500cd49379c41661cf084fefa40a34584f1a84): open (buildvm-x86-25.iad2.fedoraproject.org) -> closed
  0 free  1 open  1 done  0 failed
  82429327 buildArch (jericho-html-3.3-23.fc36.src.rpm, noarch): open (buildvm-ppc64le-05.iad2.fedoraproject.org)
  82429470 tagBuild (noarch): closed
  82429327 buildArch (jericho-html-3.3-23.fc36.src.rpm, noarch): open (buildvm-ppc64le-05.iad2.fedoraproject.org) -> closed
  0 free  1 open  3 done  0 failed
82429245 build (f36-java17, /rpms/jericho-html.git:01500cd49379c41661cf084fefa40a34584f1a84): open (buildvm-x86-25.iad2.fedoraproject.org) -> closed
  0 free  0 open  4 done  0 failed

82429245 build (f36-java17, /rpms/jericho-html.git:01500cd49379c41661cf084fefa40a34584f1a84) completed successfully
