Cloning into 'jffi'...
[rawhide 8849619] Rebuilt for java-17-openjdk as system jdk
 1 file changed, 4 insertions(+), 1 deletion(-)
Building jffi-1.3.4-3.fc36 for f36-java17
Created task: 82429309
Task info: https://koji.fedoraproject.org/koji/taskinfo?taskID=82429309
Watching tasks (this may be safely interrupted)...
82429309 build (f36-java17, /rpms/jffi.git:8849619274a503ab6971f3cc48c5c10eaa87ed14): free
82429309 build (f36-java17, /rpms/jffi.git:8849619274a503ab6971f3cc48c5c10eaa87ed14): free -> open (buildvm-ppc64le-38.iad2.fedoraproject.org)
  82429311 buildSRPMFromSCM (/rpms/jffi.git:8849619274a503ab6971f3cc48c5c10eaa87ed14): open (buildvm-ppc64le-04.iad2.fedoraproject.org)
  82429311 buildSRPMFromSCM (/rpms/jffi.git:8849619274a503ab6971f3cc48c5c10eaa87ed14): open (buildvm-ppc64le-04.iad2.fedoraproject.org) -> closed
  0 free  1 open  1 done  0 failed
  82429426 buildArch (jffi-1.3.4-3.fc36.src.rpm, i686): open (buildvm-x86-07.iad2.fedoraproject.org)
  82429429 buildArch (jffi-1.3.4-3.fc36.src.rpm, ppc64le): free
  82429427 buildArch (jffi-1.3.4-3.fc36.src.rpm, x86_64): free
  82429425 buildArch (jffi-1.3.4-3.fc36.src.rpm, armv7hl): open (buildvm-a32-16.iad2.fedoraproject.org)
  82429430 buildArch (jffi-1.3.4-3.fc36.src.rpm, s390x): open (buildvm-s390x-26.s390.fedoraproject.org)
  82429428 buildArch (jffi-1.3.4-3.fc36.src.rpm, aarch64): open (buildvm-a64-12.iad2.fedoraproject.org)
  82429429 buildArch (jffi-1.3.4-3.fc36.src.rpm, ppc64le): free -> open (buildvm-ppc64le-26.iad2.fedoraproject.org)
  82429427 buildArch (jffi-1.3.4-3.fc36.src.rpm, x86_64): free -> open (buildvm-x86-07.iad2.fedoraproject.org)
  82429430 buildArch (jffi-1.3.4-3.fc36.src.rpm, s390x): open (buildvm-s390x-26.s390.fedoraproject.org) -> FAILED: BuildError: error building package (arch s390x), mock exited with status 1; see build.log or root.log for more information
  Relevant logs:
  https://kojipkgs.fedoraproject.org/work/tasks/9430/82429430/mock_output.log
  https://kojipkgs.fedoraproject.org/work/tasks/9430/82429430/hw_info.log
  https://kojipkgs.fedoraproject.org/work/tasks/9430/82429430/state.log
  https://kojipkgs.fedoraproject.org/work/tasks/9430/82429430/build.log
  https://kojipkgs.fedoraproject.org/work/tasks/9430/82429430/root.log
  0 free  6 open  1 done  1 failed
82429309 build (f36-java17, /rpms/jffi.git:8849619274a503ab6971f3cc48c5c10eaa87ed14): open (buildvm-ppc64le-38.iad2.fedoraproject.org) -> FAILED: BuildError: error building package (arch s390x), mock exited with status 1; see build.log or root.log for more information
  0 free  5 open  1 done  2 failed
  82429426 buildArch (jffi-1.3.4-3.fc36.src.rpm, i686): open (buildvm-x86-07.iad2.fedoraproject.org) -> canceled
  0 free  4 open  2 done  2 failed
  82429429 buildArch (jffi-1.3.4-3.fc36.src.rpm, ppc64le): open (buildvm-ppc64le-26.iad2.fedoraproject.org) -> canceled
  0 free  3 open  3 done  2 failed
  82429427 buildArch (jffi-1.3.4-3.fc36.src.rpm, x86_64): open (buildvm-x86-07.iad2.fedoraproject.org) -> canceled
  0 free  2 open  4 done  2 failed
  82429425 buildArch (jffi-1.3.4-3.fc36.src.rpm, armv7hl): open (buildvm-a32-16.iad2.fedoraproject.org) -> canceled
  0 free  1 open  5 done  2 failed
  82429428 buildArch (jffi-1.3.4-3.fc36.src.rpm, aarch64): open (buildvm-a64-12.iad2.fedoraproject.org) -> canceled
  0 free  0 open  6 done  2 failed

82429309 build (f36-java17, /rpms/jffi.git:8849619274a503ab6971f3cc48c5c10eaa87ed14) failed
