Cloning into 'jFormatString'...
[rawhide cc0d0f4] Rebuilt for java-17-openjdk as system jdk
 1 file changed, 4 insertions(+), 1 deletion(-)
Building jFormatString-0-0.41.20131227gitf159b88.fc36 for f36-java17
Created task: 82429385
Task info: https://koji.fedoraproject.org/koji/taskinfo?taskID=82429385
Watching tasks (this may be safely interrupted)...
82429385 build (f36-java17, /rpms/jFormatString.git:cc0d0f498f09aa5ac3b2aa8cd5d5863b954257be): free
82429385 build (f36-java17, /rpms/jFormatString.git:cc0d0f498f09aa5ac3b2aa8cd5d5863b954257be): free -> open (buildvm-x86-10.iad2.fedoraproject.org)
  82429396 buildSRPMFromSCM (/rpms/jFormatString.git:cc0d0f498f09aa5ac3b2aa8cd5d5863b954257be): free
  82429396 buildSRPMFromSCM (/rpms/jFormatString.git:cc0d0f498f09aa5ac3b2aa8cd5d5863b954257be): free -> open (buildvm-x86-10.iad2.fedoraproject.org)
  82429396 buildSRPMFromSCM (/rpms/jFormatString.git:cc0d0f498f09aa5ac3b2aa8cd5d5863b954257be): open (buildvm-x86-10.iad2.fedoraproject.org) -> closed
  0 free  1 open  1 done  0 failed
  82429474 buildArch (jFormatString-0-0.41.20131227gitf159b88.fc36.src.rpm, noarch): free
  82429474 buildArch (jFormatString-0-0.41.20131227gitf159b88.fc36.src.rpm, noarch): free -> open (buildvm-a32-21.iad2.fedoraproject.org)
  82429474 buildArch (jFormatString-0-0.41.20131227gitf159b88.fc36.src.rpm, noarch): open (buildvm-a32-21.iad2.fedoraproject.org) -> closed
  0 free  1 open  2 done  0 failed
  82429582 tagBuild (noarch): free
  82429582 tagBuild (noarch): free -> closed
  0 free  1 open  3 done  0 failed
82429385 build (f36-java17, /rpms/jFormatString.git:cc0d0f498f09aa5ac3b2aa8cd5d5863b954257be): open (buildvm-x86-10.iad2.fedoraproject.org) -> closed
  0 free  0 open  4 done  0 failed

82429385 build (f36-java17, /rpms/jFormatString.git:cc0d0f498f09aa5ac3b2aa8cd5d5863b954257be) completed successfully
