Cloning into 'jfreechart'...
[rawhide dca1afb] Rebuilt for java-17-openjdk as system jdk
 1 file changed, 4 insertions(+), 1 deletion(-)
Building jfreechart-1.5.3-3.fc36 for f36-java17
Created task: 82429405
Task info: https://koji.fedoraproject.org/koji/taskinfo?taskID=82429405
Watching tasks (this may be safely interrupted)...
82429405 build (f36-java17, /rpms/jfreechart.git:dca1afbb74db18b1ba61698771e25d57e27ca666): free
82429405 build (f36-java17, /rpms/jfreechart.git:dca1afbb74db18b1ba61698771e25d57e27ca666): free -> open (buildvm-a32-16.iad2.fedoraproject.org)
  82429424 buildSRPMFromSCM (/rpms/jfreechart.git:dca1afbb74db18b1ba61698771e25d57e27ca666): free
  82429424 buildSRPMFromSCM (/rpms/jfreechart.git:dca1afbb74db18b1ba61698771e25d57e27ca666): free -> open (buildvm-x86-10.iad2.fedoraproject.org)
  82429424 buildSRPMFromSCM (/rpms/jfreechart.git:dca1afbb74db18b1ba61698771e25d57e27ca666): open (buildvm-x86-10.iad2.fedoraproject.org) -> closed
  0 free  1 open  1 done  0 failed
  82429505 buildArch (jfreechart-1.5.3-3.fc36.src.rpm, noarch): free
  82429505 buildArch (jfreechart-1.5.3-3.fc36.src.rpm, noarch): free -> open (buildvm-s390x-29.s390.fedoraproject.org)
  82429505 buildArch (jfreechart-1.5.3-3.fc36.src.rpm, noarch): open (buildvm-s390x-29.s390.fedoraproject.org) -> closed
  0 free  1 open  2 done  0 failed
  82429577 tagBuild (noarch): free
82429405 build (f36-java17, /rpms/jfreechart.git:dca1afbb74db18b1ba61698771e25d57e27ca666): open (buildvm-a32-16.iad2.fedoraproject.org) -> closed
  1 free  0 open  3 done  0 failed
  82429577 tagBuild (noarch): free -> closed
  0 free  0 open  4 done  0 failed

82429405 build (f36-java17, /rpms/jfreechart.git:dca1afbb74db18b1ba61698771e25d57e27ca666) completed successfully
