Cloning into 'jgit'...
[rawhide fe6633c] Rebuilt for java-17-openjdk as system jdk
 1 file changed, 4 insertions(+), 1 deletion(-)
Building jgit-5.11.0-4.fc36 for f36-java17
Created task: 82429451
Task info: https://koji.fedoraproject.org/koji/taskinfo?taskID=82429451
Watching tasks (this may be safely interrupted)...
82429451 build (f36-java17, /rpms/jgit.git:fe6633cb2b9d3b29a6dd585b736f0ccf21579572): free
82429451 build (f36-java17, /rpms/jgit.git:fe6633cb2b9d3b29a6dd585b736f0ccf21579572): free -> open (buildvm-s390x-13.s390.fedoraproject.org)
  82429464 buildSRPMFromSCM (/rpms/jgit.git:fe6633cb2b9d3b29a6dd585b736f0ccf21579572): free
  82429464 buildSRPMFromSCM (/rpms/jgit.git:fe6633cb2b9d3b29a6dd585b736f0ccf21579572): free -> open (buildvm-x86-10.iad2.fedoraproject.org)
  82429464 buildSRPMFromSCM (/rpms/jgit.git:fe6633cb2b9d3b29a6dd585b736f0ccf21579572): open (buildvm-x86-10.iad2.fedoraproject.org) -> closed
  0 free  1 open  1 done  0 failed
  82429572 buildArch (jgit-5.11.0-4.fc36.src.rpm, noarch): free
  82429572 buildArch (jgit-5.11.0-4.fc36.src.rpm, noarch): free -> open (buildvm-s390x-03.s390.fedoraproject.org)
  82429602 tagBuild (noarch): free
  82429572 buildArch (jgit-5.11.0-4.fc36.src.rpm, noarch): open (buildvm-s390x-03.s390.fedoraproject.org) -> closed
  1 free  1 open  2 done  0 failed
  82429602 tagBuild (noarch): free -> closed
  0 free  1 open  3 done  0 failed
82429451 build (f36-java17, /rpms/jgit.git:fe6633cb2b9d3b29a6dd585b736f0ccf21579572): open (buildvm-s390x-13.s390.fedoraproject.org) -> closed
  0 free  0 open  4 done  0 failed

82429451 build (f36-java17, /rpms/jgit.git:fe6633cb2b9d3b29a6dd585b736f0ccf21579572) completed successfully
