Cloning into 'jglobus'...
[rawhide abc2a73] Rebuilt for java-17-openjdk as system jdk
 1 file changed, 4 insertions(+), 1 deletion(-)
Building jglobus-2.1.0-27.fc36 for f36-java17
Created task: 82429484
Task info: https://koji.fedoraproject.org/koji/taskinfo?taskID=82429484
Watching tasks (this may be safely interrupted)...
82429484 build (f36-java17, /rpms/jglobus.git:abc2a736f6856b36dee6d8b57f8b561b99fb980e): free
82429484 build (f36-java17, /rpms/jglobus.git:abc2a736f6856b36dee6d8b57f8b561b99fb980e): free -> open (buildvm-a32-08.iad2.fedoraproject.org)
  82429489 buildSRPMFromSCM (/rpms/jglobus.git:abc2a736f6856b36dee6d8b57f8b561b99fb980e): free
  82429489 buildSRPMFromSCM (/rpms/jglobus.git:abc2a736f6856b36dee6d8b57f8b561b99fb980e): free -> open (buildvm-ppc64le-11.iad2.fedoraproject.org)
  82429489 buildSRPMFromSCM (/rpms/jglobus.git:abc2a736f6856b36dee6d8b57f8b561b99fb980e): open (buildvm-ppc64le-11.iad2.fedoraproject.org) -> closed
  0 free  1 open  1 done  0 failed
  82429581 buildArch (jglobus-2.1.0-27.fc36.src.rpm, noarch): free
  82429581 buildArch (jglobus-2.1.0-27.fc36.src.rpm, noarch): free -> open (buildvm-x86-08.iad2.fedoraproject.org)
  82429581 buildArch (jglobus-2.1.0-27.fc36.src.rpm, noarch): open (buildvm-x86-08.iad2.fedoraproject.org) -> closed
  0 free  1 open  2 done  0 failed
  82429654 tagBuild (noarch): free
  82429654 tagBuild (noarch): free -> closed
  0 free  1 open  3 done  0 failed
82429484 build (f36-java17, /rpms/jglobus.git:abc2a736f6856b36dee6d8b57f8b561b99fb980e): open (buildvm-a32-08.iad2.fedoraproject.org) -> closed
  0 free  0 open  4 done  0 failed

82429484 build (f36-java17, /rpms/jglobus.git:abc2a736f6856b36dee6d8b57f8b561b99fb980e) completed successfully
