Cloning into 'jgoodies-common'...
[rawhide 52dfb9f] Rebuilt for java-17-openjdk as system jdk
 1 file changed, 4 insertions(+), 1 deletion(-)
Building jgoodies-common-1.8.1-13.fc36 for f36-java17
Created task: 82429498
Task info: https://koji.fedoraproject.org/koji/taskinfo?taskID=82429498
Watching tasks (this may be safely interrupted)...
82429498 build (f36-java17, /rpms/jgoodies-common.git:52dfb9f2246aa937c343ce46bb64256bbcd5ea5d): free
82429498 build (f36-java17, /rpms/jgoodies-common.git:52dfb9f2246aa937c343ce46bb64256bbcd5ea5d): free -> open (buildvm-s390x-30.s390.fedoraproject.org)
  82429506 buildSRPMFromSCM (/rpms/jgoodies-common.git:52dfb9f2246aa937c343ce46bb64256bbcd5ea5d): free
  82429506 buildSRPMFromSCM (/rpms/jgoodies-common.git:52dfb9f2246aa937c343ce46bb64256bbcd5ea5d): free -> open (buildvm-x86-13.iad2.fedoraproject.org)
  82429576 buildArch (jgoodies-common-1.8.1-13.fc36.src.rpm, noarch): free
  82429506 buildSRPMFromSCM (/rpms/jgoodies-common.git:52dfb9f2246aa937c343ce46bb64256bbcd5ea5d): open (buildvm-x86-13.iad2.fedoraproject.org) -> closed
  1 free  1 open  1 done  0 failed
  82429576 buildArch (jgoodies-common-1.8.1-13.fc36.src.rpm, noarch): free -> open (buildvm-ppc64le-29.iad2.fedoraproject.org)
  82429576 buildArch (jgoodies-common-1.8.1-13.fc36.src.rpm, noarch): open (buildvm-ppc64le-29.iad2.fedoraproject.org) -> FAILED: BuildError: error building package (arch noarch), mock exited with status 1; see build.log or root.log for more information
  Relevant logs:
  https://kojipkgs.fedoraproject.org/work/tasks/9576/82429576/mock_output.log
  https://kojipkgs.fedoraproject.org/work/tasks/9576/82429576/hw_info.log
  https://kojipkgs.fedoraproject.org/work/tasks/9576/82429576/state.log
  https://kojipkgs.fedoraproject.org/work/tasks/9576/82429576/build.log
  https://kojipkgs.fedoraproject.org/work/tasks/9576/82429576/root.log
  0 free  1 open  1 done  1 failed
82429498 build (f36-java17, /rpms/jgoodies-common.git:52dfb9f2246aa937c343ce46bb64256bbcd5ea5d): open (buildvm-s390x-30.s390.fedoraproject.org) -> FAILED: BuildError: error building package (arch noarch), mock exited with status 1; see build.log or root.log for more information
  0 free  0 open  1 done  2 failed

82429498 build (f36-java17, /rpms/jgoodies-common.git:52dfb9f2246aa937c343ce46bb64256bbcd5ea5d) failed
