Cloning into 'jgoodies-looks'...
[rawhide 53f3ed2] Rebuilt for java-17-openjdk as system jdk
 1 file changed, 4 insertions(+), 1 deletion(-)
Building jgoodies-looks-2.7.0-3.fc36 for f36-java17
Created task: 82429559
Task info: https://koji.fedoraproject.org/koji/taskinfo?taskID=82429559
Watching tasks (this may be safely interrupted)...
82429559 build (f36-java17, /rpms/jgoodies-looks.git:53f3ed22fa5f5995d910172c029ba7e8ea7cc1d3): free
82429559 build (f36-java17, /rpms/jgoodies-looks.git:53f3ed22fa5f5995d910172c029ba7e8ea7cc1d3): free -> open (buildvm-s390x-30.s390.fedoraproject.org)
  82429569 buildSRPMFromSCM (/rpms/jgoodies-looks.git:53f3ed22fa5f5995d910172c029ba7e8ea7cc1d3): free
  82429569 buildSRPMFromSCM (/rpms/jgoodies-looks.git:53f3ed22fa5f5995d910172c029ba7e8ea7cc1d3): free -> open (buildvm-x86-28.iad2.fedoraproject.org)
  82429569 buildSRPMFromSCM (/rpms/jgoodies-looks.git:53f3ed22fa5f5995d910172c029ba7e8ea7cc1d3): open (buildvm-x86-28.iad2.fedoraproject.org) -> closed
  0 free  1 open  1 done  0 failed
  82429604 buildArch (jgoodies-looks-2.7.0-3.fc36.src.rpm, noarch): free
  82429604 buildArch (jgoodies-looks-2.7.0-3.fc36.src.rpm, noarch): free -> open (buildvm-x86-07.iad2.fedoraproject.org)
  82429604 buildArch (jgoodies-looks-2.7.0-3.fc36.src.rpm, noarch): open (buildvm-x86-07.iad2.fedoraproject.org) -> FAILED: BuildError: error building package (arch noarch), mock exited with status 1; see build.log or root.log for more information
  Relevant logs:
  https://kojipkgs.fedoraproject.org/work/tasks/9604/82429604/mock_output.log
  https://kojipkgs.fedoraproject.org/work/tasks/9604/82429604/hw_info.log
  https://kojipkgs.fedoraproject.org/work/tasks/9604/82429604/state.log
  https://kojipkgs.fedoraproject.org/work/tasks/9604/82429604/build.log
  https://kojipkgs.fedoraproject.org/work/tasks/9604/82429604/root.log
  0 free  1 open  1 done  1 failed
82429559 build (f36-java17, /rpms/jgoodies-looks.git:53f3ed22fa5f5995d910172c029ba7e8ea7cc1d3): open (buildvm-s390x-30.s390.fedoraproject.org) -> FAILED: BuildError: error building package (arch noarch), mock exited with status 1; see build.log or root.log for more information
  0 free  0 open  1 done  2 failed

82429559 build (f36-java17, /rpms/jgoodies-looks.git:53f3ed22fa5f5995d910172c029ba7e8ea7cc1d3) failed
