Cloning into 'jgrapht'...
[rawhide fd0d57d] Rebuilt for java-17-openjdk as system jdk
 1 file changed, 4 insertions(+), 1 deletion(-)
Building jgrapht-0.8.1-26.fc36 for f36-java17
Created task: 82429570
Task info: https://koji.fedoraproject.org/koji/taskinfo?taskID=82429570
Watching tasks (this may be safely interrupted)...
82429570 build (f36-java17, /rpms/jgrapht.git:fd0d57d7d2820ef59204c005fc8fe47c0d9a2918): free
82429570 build (f36-java17, /rpms/jgrapht.git:fd0d57d7d2820ef59204c005fc8fe47c0d9a2918): free -> open (buildhw-a64-19.iad2.fedoraproject.org)
  82429573 buildSRPMFromSCM (/rpms/jgrapht.git:fd0d57d7d2820ef59204c005fc8fe47c0d9a2918): free
  82429573 buildSRPMFromSCM (/rpms/jgrapht.git:fd0d57d7d2820ef59204c005fc8fe47c0d9a2918): free -> open (buildvm-x86-07.iad2.fedoraproject.org)
  82429601 buildArch (jgrapht-0.8.1-26.fc36.src.rpm, noarch): free
  82429573 buildSRPMFromSCM (/rpms/jgrapht.git:fd0d57d7d2820ef59204c005fc8fe47c0d9a2918): open (buildvm-x86-07.iad2.fedoraproject.org) -> closed
  1 free  1 open  1 done  0 failed
  82429601 buildArch (jgrapht-0.8.1-26.fc36.src.rpm, noarch): free -> open (buildvm-ppc64le-39.iad2.fedoraproject.org)
  82429601 buildArch (jgrapht-0.8.1-26.fc36.src.rpm, noarch): open (buildvm-ppc64le-39.iad2.fedoraproject.org) -> FAILED: BuildError: error building package (arch noarch), mock exited with status 1; see build.log or root.log for more information
  Relevant logs:
  https://kojipkgs.fedoraproject.org/work/tasks/9601/82429601/mock_output.log
  https://kojipkgs.fedoraproject.org/work/tasks/9601/82429601/hw_info.log
  https://kojipkgs.fedoraproject.org/work/tasks/9601/82429601/state.log
  https://kojipkgs.fedoraproject.org/work/tasks/9601/82429601/build.log
  https://kojipkgs.fedoraproject.org/work/tasks/9601/82429601/root.log
  0 free  1 open  1 done  1 failed
82429570 build (f36-java17, /rpms/jgrapht.git:fd0d57d7d2820ef59204c005fc8fe47c0d9a2918): open (buildhw-a64-19.iad2.fedoraproject.org) -> FAILED: BuildError: error building package (arch noarch), mock exited with status 1; see build.log or root.log for more information
  0 free  0 open  1 done  2 failed

82429570 build (f36-java17, /rpms/jgrapht.git:fd0d57d7d2820ef59204c005fc8fe47c0d9a2918) failed
