Cloning into 'jline2'...
[rawhide 1c739c7] Rebuilt for java-17-openjdk as system jdk
 1 file changed, 4 insertions(+), 1 deletion(-)
Building jline2-2.14.6-5.fc36 for f36-java17
Created task: 82429597
Task info: https://koji.fedoraproject.org/koji/taskinfo?taskID=82429597
Watching tasks (this may be safely interrupted)...
82429597 build (f36-java17, /rpms/jline2.git:1c739c7d5e47bbd13da9a47b3078048ffb98b45d): free
82429597 build (f36-java17, /rpms/jline2.git:1c739c7d5e47bbd13da9a47b3078048ffb98b45d): free -> open (buildvm-ppc64le-07.iad2.fedoraproject.org)
  82429598 buildSRPMFromSCM (/rpms/jline2.git:1c739c7d5e47bbd13da9a47b3078048ffb98b45d): free
  82429598 buildSRPMFromSCM (/rpms/jline2.git:1c739c7d5e47bbd13da9a47b3078048ffb98b45d): free -> open (buildvm-ppc64le-35.iad2.fedoraproject.org)
  82429598 buildSRPMFromSCM (/rpms/jline2.git:1c739c7d5e47bbd13da9a47b3078048ffb98b45d): open (buildvm-ppc64le-35.iad2.fedoraproject.org) -> closed
  0 free  1 open  1 done  0 failed
  82429700 buildArch (jline2-2.14.6-5.fc36.src.rpm, noarch): free
  82429700 buildArch (jline2-2.14.6-5.fc36.src.rpm, noarch): free -> open (buildvm-a32-06.iad2.fedoraproject.org)
  82429700 buildArch (jline2-2.14.6-5.fc36.src.rpm, noarch): open (buildvm-a32-06.iad2.fedoraproject.org) -> closed
  0 free  1 open  2 done  0 failed
  82429862 tagBuild (noarch): free
  82429862 tagBuild (noarch): free -> closed
  0 free  1 open  3 done  0 failed
82429597 build (f36-java17, /rpms/jline2.git:1c739c7d5e47bbd13da9a47b3078048ffb98b45d): open (buildvm-ppc64le-07.iad2.fedoraproject.org) -> closed
  0 free  0 open  4 done  0 failed

82429597 build (f36-java17, /rpms/jline2.git:1c739c7d5e47bbd13da9a47b3078048ffb98b45d) completed successfully
