Cloning into 'jmol'...
[rawhide 5cc1fba] Rebuilt for java-17-openjdk as system jdk
 1 file changed, 4 insertions(+), 1 deletion(-)
Building jmol-14.32.16-2.fc36 for f36-java17
Created task: 82429612
Task info: https://koji.fedoraproject.org/koji/taskinfo?taskID=82429612
Watching tasks (this may be safely interrupted)...
82429612 build (f36-java17, /rpms/jmol.git:5cc1fba992488801815449dc4f5a27e462b9b69f): free
82429612 build (f36-java17, /rpms/jmol.git:5cc1fba992488801815449dc4f5a27e462b9b69f): free -> open (buildvm-ppc64le-38.iad2.fedoraproject.org)
  82429620 buildSRPMFromSCM (/rpms/jmol.git:5cc1fba992488801815449dc4f5a27e462b9b69f): free
  82429620 buildSRPMFromSCM (/rpms/jmol.git:5cc1fba992488801815449dc4f5a27e462b9b69f): free -> open (buildvm-x86-19.iad2.fedoraproject.org)
  82429620 buildSRPMFromSCM (/rpms/jmol.git:5cc1fba992488801815449dc4f5a27e462b9b69f): open (buildvm-x86-19.iad2.fedoraproject.org) -> closed
  0 free  1 open  1 done  0 failed
  82429759 buildArch (jmol-14.32.16-2.fc36.src.rpm, noarch): free
  82429759 buildArch (jmol-14.32.16-2.fc36.src.rpm, noarch): free -> open (buildhw-a64-19.iad2.fedoraproject.org)
  82429759 buildArch (jmol-14.32.16-2.fc36.src.rpm, noarch): open (buildhw-a64-19.iad2.fedoraproject.org) -> closed
  0 free  1 open  2 done  0 failed
  82430016 tagBuild (noarch): free
  82430016 tagBuild (noarch): free -> closed
  0 free  1 open  3 done  0 failed
82429612 build (f36-java17, /rpms/jmol.git:5cc1fba992488801815449dc4f5a27e462b9b69f): open (buildvm-ppc64le-38.iad2.fedoraproject.org) -> closed
  0 free  0 open  4 done  0 failed

82429612 build (f36-java17, /rpms/jmol.git:5cc1fba992488801815449dc4f5a27e462b9b69f) completed successfully
