Cloning into 'jna'...
[rawhide c525459] Rebuilt for java-17-openjdk as system jdk
 1 file changed, 4 insertions(+), 1 deletion(-)
Building jna-5.10.0-3.fc36 for f36-java17
Created task: 82429655
Task info: https://koji.fedoraproject.org/koji/taskinfo?taskID=82429655
Watching tasks (this may be safely interrupted)...
82429655 build (f36-java17, /rpms/jna.git:c5254592335d09509d0fd27c63be0abe3320e253): free
82429655 build (f36-java17, /rpms/jna.git:c5254592335d09509d0fd27c63be0abe3320e253): free -> open (buildvm-x86-23.iad2.fedoraproject.org)
  82429698 buildSRPMFromSCM (/rpms/jna.git:c5254592335d09509d0fd27c63be0abe3320e253): free
  82429698 buildSRPMFromSCM (/rpms/jna.git:c5254592335d09509d0fd27c63be0abe3320e253): free -> open (buildvm-x86-20.iad2.fedoraproject.org)
  82429698 buildSRPMFromSCM (/rpms/jna.git:c5254592335d09509d0fd27c63be0abe3320e253): open (buildvm-x86-20.iad2.fedoraproject.org) -> closed
  0 free  1 open  1 done  0 failed
  82429792 buildArch (jna-5.10.0-3.fc36.src.rpm, x86_64): free
  82429793 buildArch (jna-5.10.0-3.fc36.src.rpm, aarch64): open (buildvm-a64-03.iad2.fedoraproject.org)
  82429795 buildArch (jna-5.10.0-3.fc36.src.rpm, s390x): open (buildvm-s390x-34.s390.fedoraproject.org)
  82429790 buildArch (jna-5.10.0-3.fc36.src.rpm, armv7hl): open (buildvm-a32-21.iad2.fedoraproject.org)
  82429794 buildArch (jna-5.10.0-3.fc36.src.rpm, ppc64le): free
  82429791 buildArch (jna-5.10.0-3.fc36.src.rpm, i686): free
  82429792 buildArch (jna-5.10.0-3.fc36.src.rpm, x86_64): free -> open (buildhw-x86-16.iad2.fedoraproject.org)
  82429791 buildArch (jna-5.10.0-3.fc36.src.rpm, i686): free -> open (buildhw-x86-08.iad2.fedoraproject.org)
  82429794 buildArch (jna-5.10.0-3.fc36.src.rpm, ppc64le): free -> open (buildvm-ppc64le-40.iad2.fedoraproject.org)
  82429795 buildArch (jna-5.10.0-3.fc36.src.rpm, s390x): open (buildvm-s390x-34.s390.fedoraproject.org) -> closed
  0 free  6 open  2 done  0 failed
  82429792 buildArch (jna-5.10.0-3.fc36.src.rpm, x86_64): open (buildhw-x86-16.iad2.fedoraproject.org) -> closed
  0 free  5 open  3 done  0 failed
  82429793 buildArch (jna-5.10.0-3.fc36.src.rpm, aarch64): open (buildvm-a64-03.iad2.fedoraproject.org) -> closed
  0 free  4 open  4 done  0 failed
  82429794 buildArch (jna-5.10.0-3.fc36.src.rpm, ppc64le): open (buildvm-ppc64le-40.iad2.fedoraproject.org) -> closed
  0 free  3 open  5 done  0 failed
  82429790 buildArch (jna-5.10.0-3.fc36.src.rpm, armv7hl): open (buildvm-a32-21.iad2.fedoraproject.org) -> closed
  0 free  2 open  6 done  0 failed
  82429791 buildArch (jna-5.10.0-3.fc36.src.rpm, i686): open (buildhw-x86-08.iad2.fedoraproject.org) -> closed
  0 free  1 open  7 done  0 failed
  82430358 tagBuild (noarch): closed
82429655 build (f36-java17, /rpms/jna.git:c5254592335d09509d0fd27c63be0abe3320e253): open (buildvm-x86-23.iad2.fedoraproject.org) -> closed
  0 free  0 open  9 done  0 failed

82429655 build (f36-java17, /rpms/jna.git:c5254592335d09509d0fd27c63be0abe3320e253) completed successfully
