Cloning into 'jneuroml-core'...
[rawhide f2ebdca] Rebuilt for java-17-openjdk as system jdk
 1 file changed, 4 insertions(+), 1 deletion(-)
Building jneuroml-core-1.6.1-7.fc36 for f36-java17
Created task: 82429699
Task info: https://koji.fedoraproject.org/koji/taskinfo?taskID=82429699
Watching tasks (this may be safely interrupted)...
82429699 build (f36-java17, /rpms/jneuroml-core.git:f2ebdcade2e5c228e75895db2eaa9c2f4f963294): free
82429699 build (f36-java17, /rpms/jneuroml-core.git:f2ebdcade2e5c228e75895db2eaa9c2f4f963294): free -> open (buildvm-s390x-05.s390.fedoraproject.org)
  82429712 buildSRPMFromSCM (/rpms/jneuroml-core.git:f2ebdcade2e5c228e75895db2eaa9c2f4f963294): free
  82429712 buildSRPMFromSCM (/rpms/jneuroml-core.git:f2ebdcade2e5c228e75895db2eaa9c2f4f963294): free -> open (buildvm-ppc64le-30.iad2.fedoraproject.org)
  82429712 buildSRPMFromSCM (/rpms/jneuroml-core.git:f2ebdcade2e5c228e75895db2eaa9c2f4f963294): open (buildvm-ppc64le-30.iad2.fedoraproject.org) -> closed
  0 free  1 open  1 done  0 failed
  82429831 buildArch (jneuroml-core-1.6.1-7.fc36.src.rpm, noarch): free
  82429831 buildArch (jneuroml-core-1.6.1-7.fc36.src.rpm, noarch): free -> open (buildvm-ppc64le-30.iad2.fedoraproject.org)
  82429831 buildArch (jneuroml-core-1.6.1-7.fc36.src.rpm, noarch): open (buildvm-ppc64le-30.iad2.fedoraproject.org) -> closed
  0 free  1 open  2 done  0 failed
  82429947 tagBuild (noarch): closed
82429699 build (f36-java17, /rpms/jneuroml-core.git:f2ebdcade2e5c228e75895db2eaa9c2f4f963294): open (buildvm-s390x-05.s390.fedoraproject.org) -> closed
  0 free  0 open  4 done  0 failed

82429699 build (f36-java17, /rpms/jneuroml-core.git:f2ebdcade2e5c228e75895db2eaa9c2f4f963294) completed successfully
