Cloning into 'jnr-netdb'...
[rawhide ac88018] Rebuilt for java-17-openjdk as system jdk
 1 file changed, 4 insertions(+), 1 deletion(-)
Building jnr-netdb-1.1.6-15.fc36 for f36-java17
Created task: 82429787
Task info: https://koji.fedoraproject.org/koji/taskinfo?taskID=82429787
Watching tasks (this may be safely interrupted)...
82429787 build (f36-java17, /rpms/jnr-netdb.git:ac880188f7e1cfcf2ecd1a745bb455bb97352c63): free
82429787 build (f36-java17, /rpms/jnr-netdb.git:ac880188f7e1cfcf2ecd1a745bb455bb97352c63): free -> open (buildvm-s390x-10.s390.fedoraproject.org)
  82429789 buildSRPMFromSCM (/rpms/jnr-netdb.git:ac880188f7e1cfcf2ecd1a745bb455bb97352c63): free
  82429789 buildSRPMFromSCM (/rpms/jnr-netdb.git:ac880188f7e1cfcf2ecd1a745bb455bb97352c63): free -> open (buildvm-ppc64le-37.iad2.fedoraproject.org)
  82429789 buildSRPMFromSCM (/rpms/jnr-netdb.git:ac880188f7e1cfcf2ecd1a745bb455bb97352c63): open (buildvm-ppc64le-37.iad2.fedoraproject.org) -> closed
  0 free  1 open  1 done  0 failed
  82429887 buildArch (jnr-netdb-1.1.6-15.fc36.src.rpm, noarch): free
  82429887 buildArch (jnr-netdb-1.1.6-15.fc36.src.rpm, noarch): free -> open (buildvm-ppc64le-22.iad2.fedoraproject.org)
  82429887 buildArch (jnr-netdb-1.1.6-15.fc36.src.rpm, noarch): open (buildvm-ppc64le-22.iad2.fedoraproject.org) -> FAILED: BuildError: error building package (arch noarch), mock exited with status 1; see build.log or root.log for more information
  Relevant logs:
  https://kojipkgs.fedoraproject.org/work/tasks/9887/82429887/mock_output.log
  https://kojipkgs.fedoraproject.org/work/tasks/9887/82429887/hw_info.log
  https://kojipkgs.fedoraproject.org/work/tasks/9887/82429887/state.log
  https://kojipkgs.fedoraproject.org/work/tasks/9887/82429887/build.log
  https://kojipkgs.fedoraproject.org/work/tasks/9887/82429887/root.log
  0 free  1 open  1 done  1 failed
82429787 build (f36-java17, /rpms/jnr-netdb.git:ac880188f7e1cfcf2ecd1a745bb455bb97352c63): open (buildvm-s390x-10.s390.fedoraproject.org) -> FAILED: BuildError: error building package (arch noarch), mock exited with status 1; see build.log or root.log for more information
  0 free  0 open  1 done  2 failed

82429787 build (f36-java17, /rpms/jnr-netdb.git:ac880188f7e1cfcf2ecd1a745bb455bb97352c63) failed
