Cloning into 'jnr-x86asm'...
[rawhide bdb4172] Rebuilt for java-17-openjdk as system jdk
 1 file changed, 4 insertions(+), 1 deletion(-)
Building jnr-x86asm-1.0.2-26.fc36 for f36-java17
Created task: 82429807
Task info: https://koji.fedoraproject.org/koji/taskinfo?taskID=82429807
Watching tasks (this may be safely interrupted)...
82429807 build (f36-java17, /rpms/jnr-x86asm.git:bdb4172d9e33c2d4e801b978811097f170ea3517): free
82429807 build (f36-java17, /rpms/jnr-x86asm.git:bdb4172d9e33c2d4e801b978811097f170ea3517): free -> open (buildvm-ppc64le-05.iad2.fedoraproject.org)
  82429821 buildSRPMFromSCM (/rpms/jnr-x86asm.git:bdb4172d9e33c2d4e801b978811097f170ea3517): free
  82429821 buildSRPMFromSCM (/rpms/jnr-x86asm.git:bdb4172d9e33c2d4e801b978811097f170ea3517): free -> open (buildvm-ppc64le-24.iad2.fedoraproject.org)
  82429821 buildSRPMFromSCM (/rpms/jnr-x86asm.git:bdb4172d9e33c2d4e801b978811097f170ea3517): open (buildvm-ppc64le-24.iad2.fedoraproject.org) -> closed
  0 free  1 open  1 done  0 failed
  82429920 buildArch (jnr-x86asm-1.0.2-26.fc36.src.rpm, noarch): free
  82429920 buildArch (jnr-x86asm-1.0.2-26.fc36.src.rpm, noarch): free -> open (buildvm-x86-30.iad2.fedoraproject.org)
  82429920 buildArch (jnr-x86asm-1.0.2-26.fc36.src.rpm, noarch): open (buildvm-x86-30.iad2.fedoraproject.org) -> FAILED: BuildError: error building package (arch noarch), mock exited with status 1; see build.log or root.log for more information
  Relevant logs:
  https://kojipkgs.fedoraproject.org/work/tasks/9920/82429920/mock_output.log
  https://kojipkgs.fedoraproject.org/work/tasks/9920/82429920/hw_info.log
  https://kojipkgs.fedoraproject.org/work/tasks/9920/82429920/state.log
  https://kojipkgs.fedoraproject.org/work/tasks/9920/82429920/build.log
  https://kojipkgs.fedoraproject.org/work/tasks/9920/82429920/root.log
  0 free  1 open  1 done  1 failed
82429807 build (f36-java17, /rpms/jnr-x86asm.git:bdb4172d9e33c2d4e801b978811097f170ea3517): open (buildvm-ppc64le-05.iad2.fedoraproject.org) -> FAILED: BuildError: error building package (arch noarch), mock exited with status 1; see build.log or root.log for more information
  0 free  0 open  1 done  2 failed

82429807 build (f36-java17, /rpms/jnr-x86asm.git:bdb4172d9e33c2d4e801b978811097f170ea3517) failed
