Cloning into 'jnr-constants'...
[rawhide 57e3cc5] Rebuilt for java-17-openjdk as system jdk
 1 file changed, 4 insertions(+), 1 deletion(-)
Building jnr-constants-0.9.12-11.fc36 for f36-java17
Created task: 82429717
Task info: https://koji.fedoraproject.org/koji/taskinfo?taskID=82429717
Watching tasks (this may be safely interrupted)...
82429717 build (f36-java17, /rpms/jnr-constants.git:57e3cc58dc78bbb7c47e4308645694035845914b): free
82429717 build (f36-java17, /rpms/jnr-constants.git:57e3cc58dc78bbb7c47e4308645694035845914b): free -> open (buildvm-a32-33.iad2.fedoraproject.org)
  82429733 buildSRPMFromSCM (/rpms/jnr-constants.git:57e3cc58dc78bbb7c47e4308645694035845914b): free
  82429733 buildSRPMFromSCM (/rpms/jnr-constants.git:57e3cc58dc78bbb7c47e4308645694035845914b): free -> open (buildvm-ppc64le-27.iad2.fedoraproject.org)
  82429733 buildSRPMFromSCM (/rpms/jnr-constants.git:57e3cc58dc78bbb7c47e4308645694035845914b): open (buildvm-ppc64le-27.iad2.fedoraproject.org) -> closed
  0 free  1 open  1 done  0 failed
  82429848 buildArch (jnr-constants-0.9.12-11.fc36.src.rpm, noarch): free
  82429848 buildArch (jnr-constants-0.9.12-11.fc36.src.rpm, noarch): free -> open (buildvm-ppc64le-17.iad2.fedoraproject.org)
  82429848 buildArch (jnr-constants-0.9.12-11.fc36.src.rpm, noarch): open (buildvm-ppc64le-17.iad2.fedoraproject.org) -> closed
  0 free  1 open  2 done  0 failed
  82430001 tagBuild (noarch): free
  82430001 tagBuild (noarch): free -> closed
  0 free  1 open  3 done  0 failed
82429717 build (f36-java17, /rpms/jnr-constants.git:57e3cc58dc78bbb7c47e4308645694035845914b): open (buildvm-a32-33.iad2.fedoraproject.org) -> closed
  0 free  0 open  4 done  0 failed

82429717 build (f36-java17, /rpms/jnr-constants.git:57e3cc58dc78bbb7c47e4308645694035845914b) completed successfully
