Cloning into 'jnr-ffi'...
[rawhide d43ca36] Rebuilt for java-17-openjdk as system jdk
 1 file changed, 4 insertions(+), 1 deletion(-)
Building jnr-ffi-2.1.8-14.fc36 for f36-java17
Created task: 82429752
Task info: https://koji.fedoraproject.org/koji/taskinfo?taskID=82429752
Watching tasks (this may be safely interrupted)...
82429752 build (f36-java17, /rpms/jnr-ffi.git:d43ca3653a7c57aa29aceb2009bec025c274d3a0): free
82429752 build (f36-java17, /rpms/jnr-ffi.git:d43ca3653a7c57aa29aceb2009bec025c274d3a0): free -> open (buildvm-a32-11.iad2.fedoraproject.org)
  82429785 buildSRPMFromSCM (/rpms/jnr-ffi.git:d43ca3653a7c57aa29aceb2009bec025c274d3a0): free
  82429785 buildSRPMFromSCM (/rpms/jnr-ffi.git:d43ca3653a7c57aa29aceb2009bec025c274d3a0): free -> open (buildvm-ppc64le-22.iad2.fedoraproject.org)
  82429883 buildArch (jnr-ffi-2.1.8-14.fc36.src.rpm, noarch): free
  82429785 buildSRPMFromSCM (/rpms/jnr-ffi.git:d43ca3653a7c57aa29aceb2009bec025c274d3a0): open (buildvm-ppc64le-22.iad2.fedoraproject.org) -> closed
  1 free  1 open  1 done  0 failed
  82429883 buildArch (jnr-ffi-2.1.8-14.fc36.src.rpm, noarch): free -> open (buildvm-ppc64le-10.iad2.fedoraproject.org)
82429752 build (f36-java17, /rpms/jnr-ffi.git:d43ca3653a7c57aa29aceb2009bec025c274d3a0): open (buildvm-a32-11.iad2.fedoraproject.org) -> FAILED: BuildError: error building package (arch noarch), mock exited with status 1; see build.log or root.log for more information
  0 free  1 open  1 done  1 failed
  82429883 buildArch (jnr-ffi-2.1.8-14.fc36.src.rpm, noarch): open (buildvm-ppc64le-10.iad2.fedoraproject.org) -> FAILED: BuildError: error building package (arch noarch), mock exited with status 1; see build.log or root.log for more information
  Relevant logs:
  https://kojipkgs.fedoraproject.org/work/tasks/9883/82429883/mock_output.log
  https://kojipkgs.fedoraproject.org/work/tasks/9883/82429883/hw_info.log
  https://kojipkgs.fedoraproject.org/work/tasks/9883/82429883/state.log
  https://kojipkgs.fedoraproject.org/work/tasks/9883/82429883/build.log
  https://kojipkgs.fedoraproject.org/work/tasks/9883/82429883/root.log
  0 free  0 open  1 done  2 failed

82429752 build (f36-java17, /rpms/jnr-ffi.git:d43ca3653a7c57aa29aceb2009bec025c274d3a0) failed
