Cloning into 'jol'...
[rawhide 9e2d6b9] Rebuilt for java-17-openjdk as system jdk
 1 file changed, 4 insertions(+), 1 deletion(-)
Building jol-0.16-4.fc36 for f36-java17
Created task: 82429829
Task info: https://koji.fedoraproject.org/koji/taskinfo?taskID=82429829
Watching tasks (this may be safely interrupted)...
82429829 build (f36-java17, /rpms/jol.git:9e2d6b91e39ff0c952c23408dad0dd6df568ff17): free
82429829 build (f36-java17, /rpms/jol.git:9e2d6b91e39ff0c952c23408dad0dd6df568ff17): free -> open (buildvm-s390x-26.s390.fedoraproject.org)
  82429833 buildSRPMFromSCM (/rpms/jol.git:9e2d6b91e39ff0c952c23408dad0dd6df568ff17): free
  82429833 buildSRPMFromSCM (/rpms/jol.git:9e2d6b91e39ff0c952c23408dad0dd6df568ff17): free -> open (buildvm-ppc64le-29.iad2.fedoraproject.org)
  82429918 buildArch (jol-0.16-4.fc36.src.rpm, noarch): free
  82429833 buildSRPMFromSCM (/rpms/jol.git:9e2d6b91e39ff0c952c23408dad0dd6df568ff17): open (buildvm-ppc64le-29.iad2.fedoraproject.org) -> closed
  1 free  1 open  1 done  0 failed
  82429918 buildArch (jol-0.16-4.fc36.src.rpm, noarch): free -> open (buildvm-ppc64le-35.iad2.fedoraproject.org)
  82430311 tagBuild (noarch): closed
  82429918 buildArch (jol-0.16-4.fc36.src.rpm, noarch): open (buildvm-ppc64le-35.iad2.fedoraproject.org) -> closed
  0 free  1 open  3 done  0 failed
82429829 build (f36-java17, /rpms/jol.git:9e2d6b91e39ff0c952c23408dad0dd6df568ff17): open (buildvm-s390x-26.s390.fedoraproject.org) -> closed
  0 free  0 open  4 done  0 failed

82429829 build (f36-java17, /rpms/jol.git:9e2d6b91e39ff0c952c23408dad0dd6df568ff17) completed successfully
