Cloning into 'jopt-simple'...
[rawhide 60eaaab] Rebuilt for java-17-openjdk as system jdk
 1 file changed, 4 insertions(+), 1 deletion(-)
Building jopt-simple-5.0.4-13.fc36 for f36-java17
Created task: 82429894
Task info: https://koji.fedoraproject.org/koji/taskinfo?taskID=82429894
Watching tasks (this may be safely interrupted)...
82429894 build (f36-java17, /rpms/jopt-simple.git:60eaaabe7cff40c98bf449c703a6f97f18b51844): free
82429894 build (f36-java17, /rpms/jopt-simple.git:60eaaabe7cff40c98bf449c703a6f97f18b51844): free -> open (buildvm-x86-11.iad2.fedoraproject.org)
  82429902 buildSRPMFromSCM (/rpms/jopt-simple.git:60eaaabe7cff40c98bf449c703a6f97f18b51844): open (buildvm-ppc64le-08.iad2.fedoraproject.org)
  82429902 buildSRPMFromSCM (/rpms/jopt-simple.git:60eaaabe7cff40c98bf449c703a6f97f18b51844): open (buildvm-ppc64le-08.iad2.fedoraproject.org) -> closed
  0 free  1 open  1 done  0 failed
  82430068 buildArch (jopt-simple-5.0.4-13.fc36.src.rpm, noarch): free
  82430068 buildArch (jopt-simple-5.0.4-13.fc36.src.rpm, noarch): free -> open (buildvm-x86-15.iad2.fedoraproject.org)
  82430153 tagBuild (noarch): closed
  82430068 buildArch (jopt-simple-5.0.4-13.fc36.src.rpm, noarch): open (buildvm-x86-15.iad2.fedoraproject.org) -> closed
  0 free  1 open  3 done  0 failed
82429894 build (f36-java17, /rpms/jopt-simple.git:60eaaabe7cff40c98bf449c703a6f97f18b51844): open (buildvm-x86-11.iad2.fedoraproject.org) -> closed
  0 free  0 open  4 done  0 failed

82429894 build (f36-java17, /rpms/jopt-simple.git:60eaaabe7cff40c98bf449c703a6f97f18b51844) completed successfully
