Cloning into 'jsr-305'...
[rawhide 4dace1a] Rebuilt for java-17-openjdk as system jdk
 1 file changed, 4 insertions(+), 1 deletion(-)
Building jsr-305-3.0.2-5.fc36 for f36-java17
Created task: 82430226
Task info: https://koji.fedoraproject.org/koji/taskinfo?taskID=82430226
Watching tasks (this may be safely interrupted)...
82430226 build (f36-java17, /rpms/jsr-305.git:4dace1a939ee2d82c00d4b456d5026622a3fb647): free
82430226 build (f36-java17, /rpms/jsr-305.git:4dace1a939ee2d82c00d4b456d5026622a3fb647): free -> open (buildvm-a32-31.iad2.fedoraproject.org)
  82430231 buildSRPMFromSCM (/rpms/jsr-305.git:4dace1a939ee2d82c00d4b456d5026622a3fb647): free
  82430231 buildSRPMFromSCM (/rpms/jsr-305.git:4dace1a939ee2d82c00d4b456d5026622a3fb647): free -> open (buildvm-x86-19.iad2.fedoraproject.org)
  82430231 buildSRPMFromSCM (/rpms/jsr-305.git:4dace1a939ee2d82c00d4b456d5026622a3fb647): open (buildvm-x86-19.iad2.fedoraproject.org) -> closed
  0 free  1 open  1 done  0 failed
  82430278 buildArch (jsr-305-3.0.2-5.fc36.src.rpm, noarch): open (buildvm-ppc64le-33.iad2.fedoraproject.org)
  82430278 buildArch (jsr-305-3.0.2-5.fc36.src.rpm, noarch): open (buildvm-ppc64le-33.iad2.fedoraproject.org) -> closed
  0 free  1 open  2 done  0 failed
  82430312 tagBuild (noarch): free
  82430312 tagBuild (noarch): free -> closed
  0 free  1 open  3 done  0 failed
82430226 build (f36-java17, /rpms/jsr-305.git:4dace1a939ee2d82c00d4b456d5026622a3fb647): open (buildvm-a32-31.iad2.fedoraproject.org) -> closed
  0 free  0 open  4 done  0 failed

82430226 build (f36-java17, /rpms/jsr-305.git:4dace1a939ee2d82c00d4b456d5026622a3fb647) completed successfully
