Cloning into 'jtidy'...
[rawhide ee7a18e] Rebuilt for java-17-openjdk as system jdk
 1 file changed, 4 insertions(+), 1 deletion(-)
Building jtidy-1.0-0.38.20100930svn1125.fc36 for f36-java17
Created task: 82430279
Task info: https://koji.fedoraproject.org/koji/taskinfo?taskID=82430279
Watching tasks (this may be safely interrupted)...
82430279 build (f36-java17, /rpms/jtidy.git:ee7a18e24fbfcddd5ee479deb36c6a2f22148119): free
82430279 build (f36-java17, /rpms/jtidy.git:ee7a18e24fbfcddd5ee479deb36c6a2f22148119): free -> open (buildvm-ppc64le-06.iad2.fedoraproject.org)
  82430280 buildSRPMFromSCM (/rpms/jtidy.git:ee7a18e24fbfcddd5ee479deb36c6a2f22148119): free
  82430280 buildSRPMFromSCM (/rpms/jtidy.git:ee7a18e24fbfcddd5ee479deb36c6a2f22148119): free -> open (buildvm-x86-16.iad2.fedoraproject.org)
  82430280 buildSRPMFromSCM (/rpms/jtidy.git:ee7a18e24fbfcddd5ee479deb36c6a2f22148119): open (buildvm-x86-16.iad2.fedoraproject.org) -> closed
  0 free  1 open  1 done  0 failed
  82430301 buildArch (jtidy-1.0-0.38.20100930svn1125.fc36.src.rpm, noarch): free
  82430301 buildArch (jtidy-1.0-0.38.20100930svn1125.fc36.src.rpm, noarch): free -> open (buildvm-x86-15.iad2.fedoraproject.org)
  82430301 buildArch (jtidy-1.0-0.38.20100930svn1125.fc36.src.rpm, noarch): open (buildvm-x86-15.iad2.fedoraproject.org) -> closed
  0 free  1 open  2 done  0 failed
  82430325 tagBuild (noarch): closed
82430279 build (f36-java17, /rpms/jtidy.git:ee7a18e24fbfcddd5ee479deb36c6a2f22148119): open (buildvm-ppc64le-06.iad2.fedoraproject.org) -> closed
  0 free  0 open  4 done  0 failed

82430279 build (f36-java17, /rpms/jtidy.git:ee7a18e24fbfcddd5ee479deb36c6a2f22148119) completed successfully
