Cloning into 'junit5'...
[rawhide ba0aea5] Rebuilt for java-17-openjdk as system jdk
 1 file changed, 4 insertions(+), 1 deletion(-)
Building junit5-5.7.1-5.fc36 for f36-java17
Created task: 82430297
Task info: https://koji.fedoraproject.org/koji/taskinfo?taskID=82430297
Watching tasks (this may be safely interrupted)...
82430297 build (f36-java17, /rpms/junit5.git:ba0aea5d5e5c7a2f166e5695c645f792c87d6b53): free
82430297 build (f36-java17, /rpms/junit5.git:ba0aea5d5e5c7a2f166e5695c645f792c87d6b53): free -> open (buildvm-x86-20.iad2.fedoraproject.org)
  82430300 buildSRPMFromSCM (/rpms/junit5.git:ba0aea5d5e5c7a2f166e5695c645f792c87d6b53): free
  82430300 buildSRPMFromSCM (/rpms/junit5.git:ba0aea5d5e5c7a2f166e5695c645f792c87d6b53): free -> open (buildvm-x86-20.iad2.fedoraproject.org)
  82430318 buildArch (junit5-5.7.1-5.fc36.src.rpm, noarch): free
  82430300 buildSRPMFromSCM (/rpms/junit5.git:ba0aea5d5e5c7a2f166e5695c645f792c87d6b53): open (buildvm-x86-20.iad2.fedoraproject.org) -> closed
  1 free  1 open  1 done  0 failed
  82430318 buildArch (junit5-5.7.1-5.fc36.src.rpm, noarch): free -> open (buildvm-ppc64le-27.iad2.fedoraproject.org)
  82430372 tagBuild (noarch): free
  82430318 buildArch (junit5-5.7.1-5.fc36.src.rpm, noarch): open (buildvm-ppc64le-27.iad2.fedoraproject.org) -> closed
  1 free  1 open  2 done  0 failed
  82430372 tagBuild (noarch): free -> closed
  0 free  1 open  3 done  0 failed
82430297 build (f36-java17, /rpms/junit5.git:ba0aea5d5e5c7a2f166e5695c645f792c87d6b53): open (buildvm-x86-20.iad2.fedoraproject.org) -> closed
  0 free  0 open  4 done  0 failed

82430297 build (f36-java17, /rpms/junit5.git:ba0aea5d5e5c7a2f166e5695c645f792c87d6b53) completed successfully
