Cloning into 'juniversalchardet'...
[rawhide 876788d] Rebuilt for java-17-openjdk as system jdk
 1 file changed, 4 insertions(+), 1 deletion(-)
Building juniversalchardet-2.4.0-5.fc36 for f36-java17
Created task: 82430308
Task info: https://koji.fedoraproject.org/koji/taskinfo?taskID=82430308
Watching tasks (this may be safely interrupted)...
82430308 build (f36-java17, /rpms/juniversalchardet.git:876788da031da62cc16a3f137c89648f16e34108): free
82430308 build (f36-java17, /rpms/juniversalchardet.git:876788da031da62cc16a3f137c89648f16e34108): free -> open (buildvm-ppc64le-37.iad2.fedoraproject.org)
  82430309 buildSRPMFromSCM (/rpms/juniversalchardet.git:876788da031da62cc16a3f137c89648f16e34108): free
  82430309 buildSRPMFromSCM (/rpms/juniversalchardet.git:876788da031da62cc16a3f137c89648f16e34108): free -> open (buildvm-ppc64le-31.iad2.fedoraproject.org)
  82430309 buildSRPMFromSCM (/rpms/juniversalchardet.git:876788da031da62cc16a3f137c89648f16e34108): open (buildvm-ppc64le-31.iad2.fedoraproject.org) -> closed
  0 free  1 open  1 done  0 failed
  82430337 buildArch (juniversalchardet-2.4.0-5.fc36.src.rpm, noarch): open (buildvm-ppc64le-10.iad2.fedoraproject.org)
  82430337 buildArch (juniversalchardet-2.4.0-5.fc36.src.rpm, noarch): open (buildvm-ppc64le-10.iad2.fedoraproject.org) -> closed
  0 free  1 open  2 done  0 failed
  82430371 tagBuild (noarch): closed
82430308 build (f36-java17, /rpms/juniversalchardet.git:876788da031da62cc16a3f137c89648f16e34108): open (buildvm-ppc64le-37.iad2.fedoraproject.org) -> closed
  0 free  0 open  4 done  0 failed

82430308 build (f36-java17, /rpms/juniversalchardet.git:876788da031da62cc16a3f137c89648f16e34108) completed successfully
