Cloning into 'jzlib'...
[rawhide 20dd475] Rebuilt for java-17-openjdk as system jdk
 1 file changed, 4 insertions(+), 1 deletion(-)
Building jzlib-1.1.3-21.fc36 for f36-java17
Created task: 82430315
Task info: https://koji.fedoraproject.org/koji/taskinfo?taskID=82430315
Watching tasks (this may be safely interrupted)...
82430315 build (f36-java17, /rpms/jzlib.git:20dd4755d874fd5cb59818201a44864983b31619): free
82430315 build (f36-java17, /rpms/jzlib.git:20dd4755d874fd5cb59818201a44864983b31619): free -> open (buildvm-ppc64le-37.iad2.fedoraproject.org)
  82430316 buildSRPMFromSCM (/rpms/jzlib.git:20dd4755d874fd5cb59818201a44864983b31619): free
  82430316 buildSRPMFromSCM (/rpms/jzlib.git:20dd4755d874fd5cb59818201a44864983b31619): free -> open (buildvm-x86-07.iad2.fedoraproject.org)
  82430316 buildSRPMFromSCM (/rpms/jzlib.git:20dd4755d874fd5cb59818201a44864983b31619): open (buildvm-x86-07.iad2.fedoraproject.org) -> closed
  0 free  1 open  1 done  0 failed
  82430336 buildArch (jzlib-1.1.3-21.fc36.src.rpm, noarch): open (buildvm-ppc64le-33.iad2.fedoraproject.org)
  82430336 buildArch (jzlib-1.1.3-21.fc36.src.rpm, noarch): open (buildvm-ppc64le-33.iad2.fedoraproject.org) -> closed
  0 free  1 open  2 done  0 failed
82430315 build (f36-java17, /rpms/jzlib.git:20dd4755d874fd5cb59818201a44864983b31619): open (buildvm-ppc64le-37.iad2.fedoraproject.org) -> closed
  0 free  0 open  3 done  0 failed
  82430370 tagBuild (noarch): closed

82430315 build (f36-java17, /rpms/jzlib.git:20dd4755d874fd5cb59818201a44864983b31619) completed successfully
