Cloning into 'kawa'...
[rawhide fd6056f] Rebuilt for java-17-openjdk as system jdk
 1 file changed, 4 insertions(+), 1 deletion(-)
Building kawa-3.1.1-12.fc36 for f36-java17
Created task: 82430327
Task info: https://koji.fedoraproject.org/koji/taskinfo?taskID=82430327
Watching tasks (this may be safely interrupted)...
82430327 build (f36-java17, /rpms/kawa.git:fd6056fa1eabda28c1db60844e3d06cb8e09e5bc): free
82430327 build (f36-java17, /rpms/kawa.git:fd6056fa1eabda28c1db60844e3d06cb8e09e5bc): free -> open (buildvm-x86-16.iad2.fedoraproject.org)
  82430329 buildSRPMFromSCM (/rpms/kawa.git:fd6056fa1eabda28c1db60844e3d06cb8e09e5bc): open (buildvm-x86-19.iad2.fedoraproject.org)
  82430329 buildSRPMFromSCM (/rpms/kawa.git:fd6056fa1eabda28c1db60844e3d06cb8e09e5bc): open (buildvm-x86-19.iad2.fedoraproject.org) -> closed
  0 free  1 open  1 done  0 failed
  82430352 buildArch (kawa-3.1.1-12.fc36.src.rpm, armv7hl): free
  82430354 buildArch (kawa-3.1.1-12.fc36.src.rpm, x86_64): free
  82430353 buildArch (kawa-3.1.1-12.fc36.src.rpm, i686): free
  82430355 buildArch (kawa-3.1.1-12.fc36.src.rpm, aarch64): free
  82430356 buildArch (kawa-3.1.1-12.fc36.src.rpm, ppc64le): free
  82430357 buildArch (kawa-3.1.1-12.fc36.src.rpm, s390x): open (buildvm-s390x-04.s390.fedoraproject.org)
  82430352 buildArch (kawa-3.1.1-12.fc36.src.rpm, armv7hl): free -> open (buildvm-a32-32.iad2.fedoraproject.org)
  82430354 buildArch (kawa-3.1.1-12.fc36.src.rpm, x86_64): free -> open (buildvm-x86-19.iad2.fedoraproject.org)
  82430353 buildArch (kawa-3.1.1-12.fc36.src.rpm, i686): free -> open (buildvm-x86-32.iad2.fedoraproject.org)
  82430356 buildArch (kawa-3.1.1-12.fc36.src.rpm, ppc64le): free -> open (buildvm-ppc64le-29.iad2.fedoraproject.org)
  82430355 buildArch (kawa-3.1.1-12.fc36.src.rpm, aarch64): free -> open (buildvm-a64-14.iad2.fedoraproject.org)
  82430357 buildArch (kawa-3.1.1-12.fc36.src.rpm, s390x): open (buildvm-s390x-04.s390.fedoraproject.org) -> closed
  0 free  6 open  2 done  0 failed
  82430354 buildArch (kawa-3.1.1-12.fc36.src.rpm, x86_64): open (buildvm-x86-19.iad2.fedoraproject.org) -> closed
  0 free  5 open  3 done  0 failed
  82430356 buildArch (kawa-3.1.1-12.fc36.src.rpm, ppc64le): open (buildvm-ppc64le-29.iad2.fedoraproject.org) -> closed
  0 free  4 open  4 done  0 failed
  82430355 buildArch (kawa-3.1.1-12.fc36.src.rpm, aarch64): open (buildvm-a64-14.iad2.fedoraproject.org) -> closed
  0 free  3 open  5 done  0 failed
  82430353 buildArch (kawa-3.1.1-12.fc36.src.rpm, i686): open (buildvm-x86-32.iad2.fedoraproject.org) -> closed
  0 free  2 open  6 done  0 failed
  82430352 buildArch (kawa-3.1.1-12.fc36.src.rpm, armv7hl): open (buildvm-a32-32.iad2.fedoraproject.org) -> closed
  0 free  1 open  7 done  0 failed
  82430547 tagBuild (noarch): free
  82430547 tagBuild (noarch): free -> closed
  0 free  1 open  8 done  0 failed
82430327 build (f36-java17, /rpms/kawa.git:fd6056fa1eabda28c1db60844e3d06cb8e09e5bc): open (buildvm-x86-16.iad2.fedoraproject.org) -> closed
  0 free  0 open  9 done  0 failed

82430327 build (f36-java17, /rpms/kawa.git:fd6056fa1eabda28c1db60844e3d06cb8e09e5bc) completed successfully
