Cloning into 'kernel-tools'...
[rawhide 02243a1] Rebuilt for java-17-openjdk as system jdk
 1 file changed, 4 insertions(+), 1 deletion(-)
warning: extra tokens at the end of %endif directive in line 264:  %endif #turbostat/x86_energy_perf_policy

warning: extra tokens at the end of %endif directive in line 354:  %endif #turbostat/x86_energy_perf_policy


Building kernel-tools-5.17.0-0.rc2.git0.2.fc36 for f36-java17
Created task: 82430333
Task info: https://koji.fedoraproject.org/koji/taskinfo?taskID=82430333
Watching tasks (this may be safely interrupted)...
82430333 build (f36-java17, /rpms/kernel-tools.git:02243a14e37943dba0553eca3684604f7fbca378): open (buildvm-x86-23.iad2.fedoraproject.org)
  82430334 buildSRPMFromSCM (/rpms/kernel-tools.git:02243a14e37943dba0553eca3684604f7fbca378): free
  82430334 buildSRPMFromSCM (/rpms/kernel-tools.git:02243a14e37943dba0553eca3684604f7fbca378): free -> open (buildvm-ppc64le-35.iad2.fedoraproject.org)
  82430365 buildArch (kernel-tools-5.17.0-0.rc2.git0.2.fc36.src.rpm, i686): free
  82430366 buildArch (kernel-tools-5.17.0-0.rc2.git0.2.fc36.src.rpm, x86_64): free
  82430369 buildArch (kernel-tools-5.17.0-0.rc2.git0.2.fc36.src.rpm, s390x): free
  82430367 buildArch (kernel-tools-5.17.0-0.rc2.git0.2.fc36.src.rpm, aarch64): open (buildhw-a64-19.iad2.fedoraproject.org)
  82430368 buildArch (kernel-tools-5.17.0-0.rc2.git0.2.fc36.src.rpm, ppc64le): open (buildvm-ppc64le-35.iad2.fedoraproject.org)
  82430364 buildArch (kernel-tools-5.17.0-0.rc2.git0.2.fc36.src.rpm, armv7hl): open (buildvm-a32-28.iad2.fedoraproject.org)
  82430334 buildSRPMFromSCM (/rpms/kernel-tools.git:02243a14e37943dba0553eca3684604f7fbca378): open (buildvm-ppc64le-35.iad2.fedoraproject.org) -> closed
  3 free  4 open  1 done  0 failed
  82430369 buildArch (kernel-tools-5.17.0-0.rc2.git0.2.fc36.src.rpm, s390x): free -> open (buildvm-s390x-22.s390.fedoraproject.org)
  82430365 buildArch (kernel-tools-5.17.0-0.rc2.git0.2.fc36.src.rpm, i686): free -> open (buildvm-x86-08.iad2.fedoraproject.org)
  82430366 buildArch (kernel-tools-5.17.0-0.rc2.git0.2.fc36.src.rpm, x86_64): free -> open (buildvm-x86-13.iad2.fedoraproject.org)
  82430366 buildArch (kernel-tools-5.17.0-0.rc2.git0.2.fc36.src.rpm, x86_64): open (buildvm-x86-13.iad2.fedoraproject.org) -> closed
  0 free  6 open  2 done  0 failed
  82430365 buildArch (kernel-tools-5.17.0-0.rc2.git0.2.fc36.src.rpm, i686): open (buildvm-x86-08.iad2.fedoraproject.org) -> closed
  0 free  5 open  3 done  0 failed
  82430368 buildArch (kernel-tools-5.17.0-0.rc2.git0.2.fc36.src.rpm, ppc64le): open (buildvm-ppc64le-35.iad2.fedoraproject.org) -> closed
  0 free  4 open  4 done  0 failed
  82430369 buildArch (kernel-tools-5.17.0-0.rc2.git0.2.fc36.src.rpm, s390x): open (buildvm-s390x-22.s390.fedoraproject.org) -> closed
  0 free  3 open  5 done  0 failed
  82430367 buildArch (kernel-tools-5.17.0-0.rc2.git0.2.fc36.src.rpm, aarch64): open (buildhw-a64-19.iad2.fedoraproject.org) -> closed
  0 free  2 open  6 done  0 failed
  82430364 buildArch (kernel-tools-5.17.0-0.rc2.git0.2.fc36.src.rpm, armv7hl): open (buildvm-a32-28.iad2.fedoraproject.org) -> closed
  0 free  1 open  7 done  0 failed
  82430662 tagBuild (noarch): free
  82430662 tagBuild (noarch): free -> open (buildvm-s390x-33.s390.fedoraproject.org)
  82430662 tagBuild (noarch): open (buildvm-s390x-33.s390.fedoraproject.org) -> closed
  0 free  1 open  8 done  0 failed
82430333 build (f36-java17, /rpms/kernel-tools.git:02243a14e37943dba0553eca3684604f7fbca378): open (buildvm-x86-23.iad2.fedoraproject.org) -> closed
  0 free  0 open  9 done  0 failed

82430333 build (f36-java17, /rpms/kernel-tools.git:02243a14e37943dba0553eca3684604f7fbca378) completed successfully
