Cloning into 'lancer'...
[rawhide 238d373] Rebuilt for java-17-openjdk as system jdk
 1 file changed, 4 insertions(+), 1 deletion(-)
Building lancer-0.0.2-17.fc36 for f36-java17
Created task: 82430359
Task info: https://koji.fedoraproject.org/koji/taskinfo?taskID=82430359
Watching tasks (this may be safely interrupted)...
82430359 build (f36-java17, /rpms/lancer.git:238d373a60d50e49d1e959948e7f69a31ca7f834): free
82430359 build (f36-java17, /rpms/lancer.git:238d373a60d50e49d1e959948e7f69a31ca7f834): free -> open (buildvm-x86-08.iad2.fedoraproject.org)
  82430360 buildSRPMFromSCM (/rpms/lancer.git:238d373a60d50e49d1e959948e7f69a31ca7f834): free
  82430360 buildSRPMFromSCM (/rpms/lancer.git:238d373a60d50e49d1e959948e7f69a31ca7f834): free -> open (buildvm-ppc64le-36.iad2.fedoraproject.org)
  82430360 buildSRPMFromSCM (/rpms/lancer.git:238d373a60d50e49d1e959948e7f69a31ca7f834): open (buildvm-ppc64le-36.iad2.fedoraproject.org) -> closed
  0 free  1 open  1 done  0 failed
  82430374 buildArch (lancer-0.0.2-17.fc36.src.rpm, noarch): open (buildvm-ppc64le-36.iad2.fedoraproject.org)
82430359 build (f36-java17, /rpms/lancer.git:238d373a60d50e49d1e959948e7f69a31ca7f834): open (buildvm-x86-08.iad2.fedoraproject.org) -> FAILED: BuildError: error building package (arch noarch), mock exited with status 1; see build.log or root.log for more information
  0 free  1 open  1 done  1 failed
  82430374 buildArch (lancer-0.0.2-17.fc36.src.rpm, noarch): open (buildvm-ppc64le-36.iad2.fedoraproject.org) -> FAILED: BuildError: error building package (arch noarch), mock exited with status 1; see build.log or root.log for more information
  Relevant logs:
  https://kojipkgs.fedoraproject.org/work/tasks/374/82430374/mock_output.log
  https://kojipkgs.fedoraproject.org/work/tasks/374/82430374/hw_info.log
  https://kojipkgs.fedoraproject.org/work/tasks/374/82430374/state.log
  https://kojipkgs.fedoraproject.org/work/tasks/374/82430374/build.log
  https://kojipkgs.fedoraproject.org/work/tasks/374/82430374/root.log
  0 free  0 open  1 done  2 failed

82430359 build (f36-java17, /rpms/lancer.git:238d373a60d50e49d1e959948e7f69a31ca7f834) failed
