Cloning into 'libbase'...
[rawhide cafe00c] Rebuilt for java-17-openjdk as system jdk
 1 file changed, 4 insertions(+), 1 deletion(-)
Building libbase-1.1.3-33.fc36 for f36-java17
Created task: 82430385
Task info: https://koji.fedoraproject.org/koji/taskinfo?taskID=82430385
Watching tasks (this may be safely interrupted)...
82430385 build (f36-java17, /rpms/libbase.git:cafe00cd1b46d0e68e8e83d60e5553242f43934b): free
82430385 build (f36-java17, /rpms/libbase.git:cafe00cd1b46d0e68e8e83d60e5553242f43934b): free -> open (buildvm-x86-19.iad2.fedoraproject.org)
  82430386 buildSRPMFromSCM (/rpms/libbase.git:cafe00cd1b46d0e68e8e83d60e5553242f43934b): open (buildvm-ppc64le-32.iad2.fedoraproject.org)
  82430442 buildArch (libbase-1.1.3-33.fc36.src.rpm, noarch): free
  82430386 buildSRPMFromSCM (/rpms/libbase.git:cafe00cd1b46d0e68e8e83d60e5553242f43934b): open (buildvm-ppc64le-32.iad2.fedoraproject.org) -> closed
  1 free  1 open  1 done  0 failed
  82430442 buildArch (libbase-1.1.3-33.fc36.src.rpm, noarch): free -> open (buildvm-ppc64le-27.iad2.fedoraproject.org)
  82430442 buildArch (libbase-1.1.3-33.fc36.src.rpm, noarch): open (buildvm-ppc64le-27.iad2.fedoraproject.org) -> closed
  0 free  1 open  2 done  0 failed
  82430592 tagBuild (noarch): free
  82430592 tagBuild (noarch): free -> open (buildvm-x86-19.iad2.fedoraproject.org)
82430385 build (f36-java17, /rpms/libbase.git:cafe00cd1b46d0e68e8e83d60e5553242f43934b): open (buildvm-x86-19.iad2.fedoraproject.org) -> closed
  0 free  1 open  3 done  0 failed
  82430592 tagBuild (noarch): open (buildvm-x86-19.iad2.fedoraproject.org) -> closed
  0 free  0 open  4 done  0 failed

82430385 build (f36-java17, /rpms/libbase.git:cafe00cd1b46d0e68e8e83d60e5553242f43934b) completed successfully
