Cloning into 'libfonts'...
[rawhide 7c7d7c8] Rebuilt for java-17-openjdk as system jdk
 1 file changed, 4 insertions(+), 1 deletion(-)
Building libfonts-1.1.3-37.fc36 for f36-java17
Created task: 82430397
Task info: https://koji.fedoraproject.org/koji/taskinfo?taskID=82430397
Watching tasks (this may be safely interrupted)...
82430397 build (f36-java17, /rpms/libfonts.git:7c7d7c8f2d5719bbd7600ccfdca6eede3676296b): free
82430397 build (f36-java17, /rpms/libfonts.git:7c7d7c8f2d5719bbd7600ccfdca6eede3676296b): free -> open (buildvm-x86-11.iad2.fedoraproject.org)
  82430398 buildSRPMFromSCM (/rpms/libfonts.git:7c7d7c8f2d5719bbd7600ccfdca6eede3676296b): open (buildvm-ppc64le-10.iad2.fedoraproject.org)
  82430495 buildArch (libfonts-1.1.3-37.fc36.src.rpm, noarch): free
  82430398 buildSRPMFromSCM (/rpms/libfonts.git:7c7d7c8f2d5719bbd7600ccfdca6eede3676296b): open (buildvm-ppc64le-10.iad2.fedoraproject.org) -> closed
  1 free  1 open  1 done  0 failed
  82430495 buildArch (libfonts-1.1.3-37.fc36.src.rpm, noarch): free -> open (buildvm-ppc64le-30.iad2.fedoraproject.org)
  82430495 buildArch (libfonts-1.1.3-37.fc36.src.rpm, noarch): open (buildvm-ppc64le-30.iad2.fedoraproject.org) -> closed
  0 free  1 open  2 done  0 failed
  82430677 tagBuild (noarch): free
82430397 build (f36-java17, /rpms/libfonts.git:7c7d7c8f2d5719bbd7600ccfdca6eede3676296b): open (buildvm-x86-11.iad2.fedoraproject.org) -> closed
  1 free  0 open  3 done  0 failed
  82430677 tagBuild (noarch): free -> closed
  0 free  0 open  4 done  0 failed

82430397 build (f36-java17, /rpms/libfonts.git:7c7d7c8f2d5719bbd7600ccfdca6eede3676296b) completed successfully
