Cloning into 'libformula'...
[rawhide 70a7c4d] Rebuilt for java-17-openjdk as system jdk
 1 file changed, 4 insertions(+), 1 deletion(-)
Building libformula-1.1.3-34.fc36 for f36-java17
Created task: 82430416
Task info: https://koji.fedoraproject.org/koji/taskinfo?taskID=82430416
Watching tasks (this may be safely interrupted)...
82430416 build (f36-java17, /rpms/libformula.git:70a7c4d92dacd1513d368c19248ddc72805fb821): open (buildvm-x86-18.iad2.fedoraproject.org)
  82430441 buildSRPMFromSCM (/rpms/libformula.git:70a7c4d92dacd1513d368c19248ddc72805fb821): free
  82430441 buildSRPMFromSCM (/rpms/libformula.git:70a7c4d92dacd1513d368c19248ddc72805fb821): free -> open (buildvm-ppc64le-40.iad2.fedoraproject.org)
  82430441 buildSRPMFromSCM (/rpms/libformula.git:70a7c4d92dacd1513d368c19248ddc72805fb821): open (buildvm-ppc64le-40.iad2.fedoraproject.org) -> closed
  0 free  1 open  1 done  0 failed
  82430641 buildArch (libformula-1.1.3-34.fc36.src.rpm, noarch): free
  82430641 buildArch (libformula-1.1.3-34.fc36.src.rpm, noarch): free -> open (buildvm-a32-28.iad2.fedoraproject.org)
  82430641 buildArch (libformula-1.1.3-34.fc36.src.rpm, noarch): open (buildvm-a32-28.iad2.fedoraproject.org) -> closed
  0 free  1 open  2 done  0 failed
  82430786 tagBuild (noarch): free
  82430786 tagBuild (noarch): free -> closed
  0 free  1 open  3 done  0 failed
82430416 build (f36-java17, /rpms/libformula.git:70a7c4d92dacd1513d368c19248ddc72805fb821): open (buildvm-x86-18.iad2.fedoraproject.org) -> closed
  0 free  0 open  4 done  0 failed

82430416 build (f36-java17, /rpms/libformula.git:70a7c4d92dacd1513d368c19248ddc72805fb821) completed successfully
