Cloning into 'libkml'...
[rawhide d226abd] Rebuilt for java-17-openjdk as system jdk
 1 file changed, 4 insertions(+), 1 deletion(-)
Building libkml-1.3.0-35.fc36 for f36-java17
Created task: 82430555
Task info: https://koji.fedoraproject.org/koji/taskinfo?taskID=82430555
Watching tasks (this may be safely interrupted)...
82430555 build (f36-java17, /rpms/libkml.git:d226abd0ce7bb261086ba2a6c1abbcadccb53fb5): free
82430555 build (f36-java17, /rpms/libkml.git:d226abd0ce7bb261086ba2a6c1abbcadccb53fb5): free -> open (buildvm-a32-08.iad2.fedoraproject.org)
  82430566 buildSRPMFromSCM (/rpms/libkml.git:d226abd0ce7bb261086ba2a6c1abbcadccb53fb5): free
  82430566 buildSRPMFromSCM (/rpms/libkml.git:d226abd0ce7bb261086ba2a6c1abbcadccb53fb5): free -> open (buildvm-x86-04.iad2.fedoraproject.org)
  82430566 buildSRPMFromSCM (/rpms/libkml.git:d226abd0ce7bb261086ba2a6c1abbcadccb53fb5): open (buildvm-x86-04.iad2.fedoraproject.org) -> closed
  0 free  1 open  1 done  0 failed
  82430692 buildArch (libkml-1.3.0-35.fc36.src.rpm, i686): free
  82430693 buildArch (libkml-1.3.0-35.fc36.src.rpm, x86_64): free
  82430694 buildArch (libkml-1.3.0-35.fc36.src.rpm, aarch64): free
  82430695 buildArch (libkml-1.3.0-35.fc36.src.rpm, ppc64le): free
  82430691 buildArch (libkml-1.3.0-35.fc36.src.rpm, armv7hl): open (buildvm-a32-08.iad2.fedoraproject.org)
  82430696 buildArch (libkml-1.3.0-35.fc36.src.rpm, s390x): open (buildvm-s390x-18.s390.fedoraproject.org)
  82430694 buildArch (libkml-1.3.0-35.fc36.src.rpm, aarch64): free -> open (buildhw-a64-24.iad2.fedoraproject.org)
  82430692 buildArch (libkml-1.3.0-35.fc36.src.rpm, i686): free -> open (buildhw-x86-03.iad2.fedoraproject.org)
  82430693 buildArch (libkml-1.3.0-35.fc36.src.rpm, x86_64): free -> open (buildhw-x86-05.iad2.fedoraproject.org)
  82430695 buildArch (libkml-1.3.0-35.fc36.src.rpm, ppc64le): free -> open (buildvm-ppc64le-35.iad2.fedoraproject.org)
  82430696 buildArch (libkml-1.3.0-35.fc36.src.rpm, s390x): open (buildvm-s390x-18.s390.fedoraproject.org) -> closed
  0 free  6 open  2 done  0 failed
  82430693 buildArch (libkml-1.3.0-35.fc36.src.rpm, x86_64): open (buildhw-x86-05.iad2.fedoraproject.org) -> closed
  0 free  5 open  3 done  0 failed
  82430692 buildArch (libkml-1.3.0-35.fc36.src.rpm, i686): open (buildhw-x86-03.iad2.fedoraproject.org) -> closed
  0 free  4 open  4 done  0 failed
  82430695 buildArch (libkml-1.3.0-35.fc36.src.rpm, ppc64le): open (buildvm-ppc64le-35.iad2.fedoraproject.org) -> closed
  0 free  3 open  5 done  0 failed
  82430694 buildArch (libkml-1.3.0-35.fc36.src.rpm, aarch64): open (buildhw-a64-24.iad2.fedoraproject.org) -> closed
  0 free  2 open  6 done  0 failed
  82430691 buildArch (libkml-1.3.0-35.fc36.src.rpm, armv7hl): open (buildvm-a32-08.iad2.fedoraproject.org) -> closed
  0 free  1 open  7 done  0 failed
  82432637 tagBuild (noarch): closed
82430555 build (f36-java17, /rpms/libkml.git:d226abd0ce7bb261086ba2a6c1abbcadccb53fb5): open (buildvm-a32-08.iad2.fedoraproject.org) -> closed
  0 free  0 open  9 done  0 failed

82430555 build (f36-java17, /rpms/libkml.git:d226abd0ce7bb261086ba2a6c1abbcadccb53fb5) completed successfully
