Cloning into 'liblayout'...
[rawhide f738ad8] Rebuilt for java-17-openjdk as system jdk
 1 file changed, 4 insertions(+), 1 deletion(-)
Building liblayout-0.2.10-27.fc36 for f36-java17
Created task: 82430569
Task info: https://koji.fedoraproject.org/koji/taskinfo?taskID=82430569
Watching tasks (this may be safely interrupted)...
82430569 build (f36-java17, /rpms/liblayout.git:f738ad823a6b7cd74d94d3c3ff61e43fd103ad28): free
82430569 build (f36-java17, /rpms/liblayout.git:f738ad823a6b7cd74d94d3c3ff61e43fd103ad28): free -> open (buildvm-s390x-18.s390.fedoraproject.org)
  82430583 buildSRPMFromSCM (/rpms/liblayout.git:f738ad823a6b7cd74d94d3c3ff61e43fd103ad28): free
  82430583 buildSRPMFromSCM (/rpms/liblayout.git:f738ad823a6b7cd74d94d3c3ff61e43fd103ad28): free -> open (buildvm-ppc64le-30.iad2.fedoraproject.org)
  82430583 buildSRPMFromSCM (/rpms/liblayout.git:f738ad823a6b7cd74d94d3c3ff61e43fd103ad28): open (buildvm-ppc64le-30.iad2.fedoraproject.org) -> closed
  0 free  1 open  1 done  0 failed
  82430757 buildArch (liblayout-0.2.10-27.fc36.src.rpm, noarch): open (buildvm-s390x-22.s390.fedoraproject.org)
  82430757 buildArch (liblayout-0.2.10-27.fc36.src.rpm, noarch): open (buildvm-s390x-22.s390.fedoraproject.org) -> closed
  0 free  1 open  2 done  0 failed
  82430797 tagBuild (noarch): free
  82430797 tagBuild (noarch): free -> closed
  0 free  1 open  3 done  0 failed
82430569 build (f36-java17, /rpms/liblayout.git:f738ad823a6b7cd74d94d3c3ff61e43fd103ad28): open (buildvm-s390x-18.s390.fedoraproject.org) -> closed
  0 free  0 open  4 done  0 failed

82430569 build (f36-java17, /rpms/liblayout.git:f738ad823a6b7cd74d94d3c3ff61e43fd103ad28) completed successfully
