Cloning into 'libloader'...
[rawhide c1c7648] Rebuilt for java-17-openjdk as system jdk
 1 file changed, 4 insertions(+), 1 deletion(-)
Building libloader-1.1.3-35.fc36 for f36-java17
Created task: 82430608
Task info: https://koji.fedoraproject.org/koji/taskinfo?taskID=82430608
Watching tasks (this may be safely interrupted)...
82430608 build (f36-java17, /rpms/libloader.git:c1c764835f3a964a0639ed9e3b581231dbad1167): free
82430608 build (f36-java17, /rpms/libloader.git:c1c764835f3a964a0639ed9e3b581231dbad1167): free -> open (buildvm-s390x-28.s390.fedoraproject.org)
  82430661 buildSRPMFromSCM (/rpms/libloader.git:c1c764835f3a964a0639ed9e3b581231dbad1167): free
  82430661 buildSRPMFromSCM (/rpms/libloader.git:c1c764835f3a964a0639ed9e3b581231dbad1167): free -> open (buildvm-ppc64le-20.iad2.fedoraproject.org)
  82430661 buildSRPMFromSCM (/rpms/libloader.git:c1c764835f3a964a0639ed9e3b581231dbad1167): open (buildvm-ppc64le-20.iad2.fedoraproject.org) -> closed
  0 free  1 open  1 done  0 failed
  82430761 buildArch (libloader-1.1.3-35.fc36.src.rpm, noarch): free
  82430761 buildArch (libloader-1.1.3-35.fc36.src.rpm, noarch): free -> open (buildvm-x86-25.iad2.fedoraproject.org)
  82430761 buildArch (libloader-1.1.3-35.fc36.src.rpm, noarch): open (buildvm-x86-25.iad2.fedoraproject.org) -> closed
  0 free  1 open  2 done  0 failed
  82430810 tagBuild (noarch): closed
82430608 build (f36-java17, /rpms/libloader.git:c1c764835f3a964a0639ed9e3b581231dbad1167): open (buildvm-s390x-28.s390.fedoraproject.org) -> closed
  0 free  0 open  4 done  0 failed

82430608 build (f36-java17, /rpms/libloader.git:c1c764835f3a964a0639ed9e3b581231dbad1167) completed successfully
