Cloning into 'libphidget'...
[rawhide ee3d67c] Rebuilt for java-17-openjdk as system jdk
 1 file changed, 4 insertions(+), 1 deletion(-)
Building libphidget-2.1.8.20140319-19.fc36 for f36-java17
Created task: 82430663
Task info: https://koji.fedoraproject.org/koji/taskinfo?taskID=82430663
Watching tasks (this may be safely interrupted)...
82430663 build (f36-java17, /rpms/libphidget.git:ee3d67c517f9385222c0a94b08b98d6589b1e684): free
82430663 build (f36-java17, /rpms/libphidget.git:ee3d67c517f9385222c0a94b08b98d6589b1e684): free -> open (buildvm-a32-06.iad2.fedoraproject.org)
  82430685 buildSRPMFromSCM (/rpms/libphidget.git:ee3d67c517f9385222c0a94b08b98d6589b1e684): free
  82430685 buildSRPMFromSCM (/rpms/libphidget.git:ee3d67c517f9385222c0a94b08b98d6589b1e684): free -> open (buildvm-ppc64le-11.iad2.fedoraproject.org)
  82430685 buildSRPMFromSCM (/rpms/libphidget.git:ee3d67c517f9385222c0a94b08b98d6589b1e684): open (buildvm-ppc64le-11.iad2.fedoraproject.org) -> closed
  0 free  1 open  1 done  0 failed
  82430762 buildArch (libphidget-2.1.8.20140319-19.fc36.src.rpm, armv7hl): free
  82430763 buildArch (libphidget-2.1.8.20140319-19.fc36.src.rpm, i686): free
  82430764 buildArch (libphidget-2.1.8.20140319-19.fc36.src.rpm, x86_64): free
  82430767 buildArch (libphidget-2.1.8.20140319-19.fc36.src.rpm, s390x): open (buildvm-s390x-33.s390.fedoraproject.org)
  82430766 buildArch (libphidget-2.1.8.20140319-19.fc36.src.rpm, ppc64le): free
  82430765 buildArch (libphidget-2.1.8.20140319-19.fc36.src.rpm, aarch64): open (buildhw-a64-19.iad2.fedoraproject.org)
  82430762 buildArch (libphidget-2.1.8.20140319-19.fc36.src.rpm, armv7hl): free -> open (buildvm-a32-17.iad2.fedoraproject.org)
  82430763 buildArch (libphidget-2.1.8.20140319-19.fc36.src.rpm, i686): free -> open (buildvm-x86-16.iad2.fedoraproject.org)
  82430764 buildArch (libphidget-2.1.8.20140319-19.fc36.src.rpm, x86_64): free -> open (buildvm-x86-11.iad2.fedoraproject.org)
  82430766 buildArch (libphidget-2.1.8.20140319-19.fc36.src.rpm, ppc64le): free -> open (buildvm-ppc64le-20.iad2.fedoraproject.org)
  82430764 buildArch (libphidget-2.1.8.20140319-19.fc36.src.rpm, x86_64): open (buildvm-x86-11.iad2.fedoraproject.org) -> closed
  0 free  6 open  2 done  0 failed
  82430763 buildArch (libphidget-2.1.8.20140319-19.fc36.src.rpm, i686): open (buildvm-x86-16.iad2.fedoraproject.org) -> closed
  0 free  5 open  3 done  0 failed
  82430767 buildArch (libphidget-2.1.8.20140319-19.fc36.src.rpm, s390x): open (buildvm-s390x-33.s390.fedoraproject.org) -> closed
  0 free  4 open  4 done  0 failed
  82430765 buildArch (libphidget-2.1.8.20140319-19.fc36.src.rpm, aarch64): open (buildhw-a64-19.iad2.fedoraproject.org) -> closed
  0 free  3 open  5 done  0 failed
  82430766 buildArch (libphidget-2.1.8.20140319-19.fc36.src.rpm, ppc64le): open (buildvm-ppc64le-20.iad2.fedoraproject.org) -> closed
  0 free  2 open  6 done  0 failed
  82430762 buildArch (libphidget-2.1.8.20140319-19.fc36.src.rpm, armv7hl): open (buildvm-a32-17.iad2.fedoraproject.org) -> closed
  0 free  1 open  7 done  0 failed
  82430861 tagBuild (noarch): closed
82430663 build (f36-java17, /rpms/libphidget.git:ee3d67c517f9385222c0a94b08b98d6589b1e684): open (buildvm-a32-06.iad2.fedoraproject.org) -> closed
  0 free  0 open  9 done  0 failed

82430663 build (f36-java17, /rpms/libphidget.git:ee3d67c517f9385222c0a94b08b98d6589b1e684) completed successfully
