Cloning into 'librepository'...
[rawhide 62cc94d] Rebuilt for java-17-openjdk as system jdk
 1 file changed, 4 insertions(+), 1 deletion(-)
Building librepository-1.1.3-34.fc36 for f36-java17
Created task: 82430689
Task info: https://koji.fedoraproject.org/koji/taskinfo?taskID=82430689
Watching tasks (this may be safely interrupted)...
82430689 build (f36-java17, /rpms/librepository.git:62cc94d83d8b450bcfbb801eb00d4a32f81c8fb4): free
82430689 build (f36-java17, /rpms/librepository.git:62cc94d83d8b450bcfbb801eb00d4a32f81c8fb4): free -> open (buildhw-x86-03.iad2.fedoraproject.org)
  82430718 buildSRPMFromSCM (/rpms/librepository.git:62cc94d83d8b450bcfbb801eb00d4a32f81c8fb4): free
  82430718 buildSRPMFromSCM (/rpms/librepository.git:62cc94d83d8b450bcfbb801eb00d4a32f81c8fb4): free -> open (buildvm-ppc64le-24.iad2.fedoraproject.org)
  82430770 buildArch (librepository-1.1.3-34.fc36.src.rpm, noarch): free
  82430718 buildSRPMFromSCM (/rpms/librepository.git:62cc94d83d8b450bcfbb801eb00d4a32f81c8fb4): open (buildvm-ppc64le-24.iad2.fedoraproject.org) -> closed
  1 free  1 open  1 done  0 failed
  82430770 buildArch (librepository-1.1.3-34.fc36.src.rpm, noarch): free -> open (buildvm-ppc64le-37.iad2.fedoraproject.org)
  82430770 buildArch (librepository-1.1.3-34.fc36.src.rpm, noarch): open (buildvm-ppc64le-37.iad2.fedoraproject.org) -> closed
  0 free  1 open  2 done  0 failed
  82430811 tagBuild (noarch): closed
82430689 build (f36-java17, /rpms/librepository.git:62cc94d83d8b450bcfbb801eb00d4a32f81c8fb4): open (buildhw-x86-03.iad2.fedoraproject.org) -> closed
  0 free  0 open  4 done  0 failed

82430689 build (f36-java17, /rpms/librepository.git:62cc94d83d8b450bcfbb801eb00d4a32f81c8fb4) completed successfully
