Cloning into 'libwebp'...
[rawhide 4bafe88] Rebuilt for java-17-openjdk as system jdk
 1 file changed, 4 insertions(+), 1 deletion(-)
Building libwebp-1.2.2-2.fc36 for f36-java17
Created task: 82430758
Task info: https://koji.fedoraproject.org/koji/taskinfo?taskID=82430758
Watching tasks (this may be safely interrupted)...
82430758 build (f36-java17, /rpms/libwebp.git:4bafe88b4de36b41f5e4c1cdf9d8e5762d3308fe): free
82430758 build (f36-java17, /rpms/libwebp.git:4bafe88b4de36b41f5e4c1cdf9d8e5762d3308fe): free -> open (buildvm-ppc64le-05.iad2.fedoraproject.org)
  82430759 buildSRPMFromSCM (/rpms/libwebp.git:4bafe88b4de36b41f5e4c1cdf9d8e5762d3308fe): free
  82430759 buildSRPMFromSCM (/rpms/libwebp.git:4bafe88b4de36b41f5e4c1cdf9d8e5762d3308fe): free -> open (buildvm-ppc64le-32.iad2.fedoraproject.org)
  82430759 buildSRPMFromSCM (/rpms/libwebp.git:4bafe88b4de36b41f5e4c1cdf9d8e5762d3308fe): open (buildvm-ppc64le-32.iad2.fedoraproject.org) -> closed
  0 free  1 open  1 done  0 failed
  82430804 buildArch (libwebp-1.2.2-2.fc36.src.rpm, armv7hl): free
  82430808 buildArch (libwebp-1.2.2-2.fc36.src.rpm, ppc64le): free
  82430809 buildArch (libwebp-1.2.2-2.fc36.src.rpm, s390x): free
  82430805 buildArch (libwebp-1.2.2-2.fc36.src.rpm, i686): free
  82430806 buildArch (libwebp-1.2.2-2.fc36.src.rpm, x86_64): free
  82430807 buildArch (libwebp-1.2.2-2.fc36.src.rpm, aarch64): free
  82430804 buildArch (libwebp-1.2.2-2.fc36.src.rpm, armv7hl): free -> open (buildvm-a32-27.iad2.fedoraproject.org)
  82430808 buildArch (libwebp-1.2.2-2.fc36.src.rpm, ppc64le): free -> open (buildvm-ppc64le-10.iad2.fedoraproject.org)
  82430805 buildArch (libwebp-1.2.2-2.fc36.src.rpm, i686): free -> open (buildvm-x86-16.iad2.fedoraproject.org)
  82430806 buildArch (libwebp-1.2.2-2.fc36.src.rpm, x86_64): free -> open (buildvm-x86-15.iad2.fedoraproject.org)
  82430807 buildArch (libwebp-1.2.2-2.fc36.src.rpm, aarch64): free -> open (buildvm-a64-06.iad2.fedoraproject.org)
  82430809 buildArch (libwebp-1.2.2-2.fc36.src.rpm, s390x): free -> open (buildvm-s390x-07.s390.fedoraproject.org)
  82430806 buildArch (libwebp-1.2.2-2.fc36.src.rpm, x86_64): open (buildvm-x86-15.iad2.fedoraproject.org) -> closed
  0 free  6 open  2 done  0 failed
  82430809 buildArch (libwebp-1.2.2-2.fc36.src.rpm, s390x): open (buildvm-s390x-07.s390.fedoraproject.org) -> closed
  0 free  5 open  3 done  0 failed
  82430805 buildArch (libwebp-1.2.2-2.fc36.src.rpm, i686): open (buildvm-x86-16.iad2.fedoraproject.org) -> closed
  0 free  4 open  4 done  0 failed
  82430808 buildArch (libwebp-1.2.2-2.fc36.src.rpm, ppc64le): open (buildvm-ppc64le-10.iad2.fedoraproject.org) -> closed
  0 free  3 open  5 done  0 failed
  82430807 buildArch (libwebp-1.2.2-2.fc36.src.rpm, aarch64): open (buildvm-a64-06.iad2.fedoraproject.org) -> closed
  0 free  2 open  6 done  0 failed
  82430804 buildArch (libwebp-1.2.2-2.fc36.src.rpm, armv7hl): open (buildvm-a32-27.iad2.fedoraproject.org) -> closed
  0 free  1 open  7 done  0 failed
  82430977 tagBuild (noarch): closed
82430758 build (f36-java17, /rpms/libwebp.git:4bafe88b4de36b41f5e4c1cdf9d8e5762d3308fe): open (buildvm-ppc64le-05.iad2.fedoraproject.org) -> closed
  0 free  0 open  9 done  0 failed

82430758 build (f36-java17, /rpms/libwebp.git:4bafe88b4de36b41f5e4c1cdf9d8e5762d3308fe) completed successfully
