Cloning into 'log4j'...
[rawhide a304f8d] Rebuilt for java-17-openjdk as system jdk
 1 file changed, 4 insertions(+), 1 deletion(-)
Building log4j-2.17.1-4.fc36 for f36-java17
Created task: 82430787
Task info: https://koji.fedoraproject.org/koji/taskinfo?taskID=82430787
Watching tasks (this may be safely interrupted)...
82430787 build (f36-java17, /rpms/log4j.git:a304f8ddfb820ed33beb93e0c934e09668dcd708): free
82430787 build (f36-java17, /rpms/log4j.git:a304f8ddfb820ed33beb93e0c934e09668dcd708): free -> open (buildvm-ppc64le-08.iad2.fedoraproject.org)
  82430788 buildSRPMFromSCM (/rpms/log4j.git:a304f8ddfb820ed33beb93e0c934e09668dcd708): open (buildvm-ppc64le-21.iad2.fedoraproject.org)
  82430788 buildSRPMFromSCM (/rpms/log4j.git:a304f8ddfb820ed33beb93e0c934e09668dcd708): open (buildvm-ppc64le-21.iad2.fedoraproject.org) -> closed
  0 free  1 open  1 done  0 failed
  82430815 buildArch (log4j-2.17.1-4.fc36.src.rpm, noarch): open (buildvm-ppc64le-14.iad2.fedoraproject.org)
  82430815 buildArch (log4j-2.17.1-4.fc36.src.rpm, noarch): open (buildvm-ppc64le-14.iad2.fedoraproject.org) -> closed
  0 free  1 open  2 done  0 failed
  82430937 tagBuild (noarch): free
  82430937 tagBuild (noarch): free -> closed
  0 free  1 open  3 done  0 failed
82430787 build (f36-java17, /rpms/log4j.git:a304f8ddfb820ed33beb93e0c934e09668dcd708): open (buildvm-ppc64le-08.iad2.fedoraproject.org) -> closed
  0 free  0 open  4 done  0 failed

82430787 build (f36-java17, /rpms/log4j.git:a304f8ddfb820ed33beb93e0c934e09668dcd708) completed successfully
