Cloning into 'mapserver'...
[rawhide bcede7d] Rebuilt for java-17-openjdk as system jdk
 1 file changed, 4 insertions(+), 1 deletion(-)
warning: line 91: Possible unexpanded macro in: Requires:       php(zend-abi) = %{php_zend_api}
warning: line 92: Possible unexpanded macro in: Requires:       php(api) = %{php_core_api}

Building mapserver-7.6.4-11.fc36 for f36-java17
Created task: 82430812
Task info: https://koji.fedoraproject.org/koji/taskinfo?taskID=82430812
Watching tasks (this may be safely interrupted)...
82430812 build (f36-java17, /rpms/mapserver.git:bcede7dd8dfc1398a09270da4b1e7fe6db714616): free
82430812 build (f36-java17, /rpms/mapserver.git:bcede7dd8dfc1398a09270da4b1e7fe6db714616): free -> open (buildvm-ppc64le-22.iad2.fedoraproject.org)
  82430813 buildSRPMFromSCM (/rpms/mapserver.git:bcede7dd8dfc1398a09270da4b1e7fe6db714616): open (buildvm-ppc64le-22.iad2.fedoraproject.org)
  82430813 buildSRPMFromSCM (/rpms/mapserver.git:bcede7dd8dfc1398a09270da4b1e7fe6db714616): open (buildvm-ppc64le-22.iad2.fedoraproject.org) -> closed
  0 free  1 open  1 done  0 failed
  82430878 buildArch (mapserver-7.6.4-11.fc36.src.rpm, armv7hl): open (buildvm-a32-18.iad2.fedoraproject.org)
  82430880 buildArch (mapserver-7.6.4-11.fc36.src.rpm, x86_64): open (buildvm-x86-15.iad2.fedoraproject.org)
  82430881 buildArch (mapserver-7.6.4-11.fc36.src.rpm, aarch64): free
  82430883 buildArch (mapserver-7.6.4-11.fc36.src.rpm, s390x): free
  82430882 buildArch (mapserver-7.6.4-11.fc36.src.rpm, ppc64le): open (buildvm-ppc64le-10.iad2.fedoraproject.org)
  82430879 buildArch (mapserver-7.6.4-11.fc36.src.rpm, i686): open (buildvm-x86-11.iad2.fedoraproject.org)
  82430881 buildArch (mapserver-7.6.4-11.fc36.src.rpm, aarch64): free -> open (buildvm-a64-30.iad2.fedoraproject.org)
  82430883 buildArch (mapserver-7.6.4-11.fc36.src.rpm, s390x): free -> open (buildvm-s390x-22.s390.fedoraproject.org)
  82430880 buildArch (mapserver-7.6.4-11.fc36.src.rpm, x86_64): open (buildvm-x86-15.iad2.fedoraproject.org) -> closed
  0 free  6 open  2 done  0 failed
  82430879 buildArch (mapserver-7.6.4-11.fc36.src.rpm, i686): open (buildvm-x86-11.iad2.fedoraproject.org) -> closed
  0 free  5 open  3 done  0 failed
  82430882 buildArch (mapserver-7.6.4-11.fc36.src.rpm, ppc64le): open (buildvm-ppc64le-10.iad2.fedoraproject.org) -> closed
  0 free  4 open  4 done  0 failed
  82430883 buildArch (mapserver-7.6.4-11.fc36.src.rpm, s390x): open (buildvm-s390x-22.s390.fedoraproject.org) -> closed
  0 free  3 open  5 done  0 failed
  82430881 buildArch (mapserver-7.6.4-11.fc36.src.rpm, aarch64): open (buildvm-a64-30.iad2.fedoraproject.org) -> closed
  0 free  2 open  6 done  0 failed
  82430878 buildArch (mapserver-7.6.4-11.fc36.src.rpm, armv7hl): open (buildvm-a32-18.iad2.fedoraproject.org) -> closed
  0 free  1 open  7 done  0 failed
  82431162 tagBuild (noarch): closed
82430812 build (f36-java17, /rpms/mapserver.git:bcede7dd8dfc1398a09270da4b1e7fe6db714616): open (buildvm-ppc64le-22.iad2.fedoraproject.org) -> closed
  0 free  0 open  9 done  0 failed

82430812 build (f36-java17, /rpms/mapserver.git:bcede7dd8dfc1398a09270da4b1e7fe6db714616) completed successfully
