Cloning into 'maven-resources-plugin'...
[rawhide bf23801] Rebuilt for java-17-openjdk as system jdk
 1 file changed, 4 insertions(+), 1 deletion(-)
Building maven-resources-plugin-3.2.0-6.fc36 for f36-java17
Created task: 82431745
Task info: https://koji.fedoraproject.org/koji/taskinfo?taskID=82431745
Watching tasks (this may be safely interrupted)...
82431745 build (f36-java17, /rpms/maven-resources-plugin.git:bf23801c544a06cf7c439505389e129cde204cc4): open (buildvm-ppc64le-06.iad2.fedoraproject.org)
  82431747 buildSRPMFromSCM (/rpms/maven-resources-plugin.git:bf23801c544a06cf7c439505389e129cde204cc4): free
  82431747 buildSRPMFromSCM (/rpms/maven-resources-plugin.git:bf23801c544a06cf7c439505389e129cde204cc4): free -> open (buildvm-ppc64le-06.iad2.fedoraproject.org)
  82431801 buildArch (maven-resources-plugin-3.2.0-6.fc36.src.rpm, noarch): free
  82431747 buildSRPMFromSCM (/rpms/maven-resources-plugin.git:bf23801c544a06cf7c439505389e129cde204cc4): open (buildvm-ppc64le-06.iad2.fedoraproject.org) -> closed
  1 free  1 open  1 done  0 failed
  82431801 buildArch (maven-resources-plugin-3.2.0-6.fc36.src.rpm, noarch): free -> open (buildvm-x86-18.iad2.fedoraproject.org)
  82431801 buildArch (maven-resources-plugin-3.2.0-6.fc36.src.rpm, noarch): open (buildvm-x86-18.iad2.fedoraproject.org) -> closed
  0 free  1 open  2 done  0 failed
  82431899 tagBuild (noarch): closed
82431745 build (f36-java17, /rpms/maven-resources-plugin.git:bf23801c544a06cf7c439505389e129cde204cc4): open (buildvm-ppc64le-06.iad2.fedoraproject.org) -> closed
  0 free  0 open  4 done  0 failed

82431745 build (f36-java17, /rpms/maven-resources-plugin.git:bf23801c544a06cf7c439505389e129cde204cc4) completed successfully
