Cloning into 'maven-dependency-analyzer'...
[rawhide 79528b9] Rebuilt for java-17-openjdk as system jdk
 1 file changed, 4 insertions(+), 1 deletion(-)
Building maven-dependency-analyzer-1.11.3-6.fc36 for f36-java17
Created task: 82431085
Task info: https://koji.fedoraproject.org/koji/taskinfo?taskID=82431085
Watching tasks (this may be safely interrupted)...
82431085 build (f36-java17, /rpms/maven-dependency-analyzer.git:79528b90bc54bbf1f4e6fb43d1b75fb889896574): free
82431085 build (f36-java17, /rpms/maven-dependency-analyzer.git:79528b90bc54bbf1f4e6fb43d1b75fb889896574): free -> open (buildvm-x86-19.iad2.fedoraproject.org)
  82431086 buildSRPMFromSCM (/rpms/maven-dependency-analyzer.git:79528b90bc54bbf1f4e6fb43d1b75fb889896574): open (buildvm-ppc64le-32.iad2.fedoraproject.org)
  82431086 buildSRPMFromSCM (/rpms/maven-dependency-analyzer.git:79528b90bc54bbf1f4e6fb43d1b75fb889896574): open (buildvm-ppc64le-32.iad2.fedoraproject.org) -> closed
  0 free  1 open  1 done  0 failed
  82431169 buildArch (maven-dependency-analyzer-1.11.3-6.fc36.src.rpm, noarch): free
  82431169 buildArch (maven-dependency-analyzer-1.11.3-6.fc36.src.rpm, noarch): free -> open (buildvm-ppc64le-36.iad2.fedoraproject.org)
  82431169 buildArch (maven-dependency-analyzer-1.11.3-6.fc36.src.rpm, noarch): open (buildvm-ppc64le-36.iad2.fedoraproject.org) -> closed
  0 free  1 open  2 done  0 failed
  82431363 tagBuild (noarch): free
  82431363 tagBuild (noarch): free -> closed
  0 free  1 open  3 done  0 failed
82431085 build (f36-java17, /rpms/maven-dependency-analyzer.git:79528b90bc54bbf1f4e6fb43d1b75fb889896574): open (buildvm-x86-19.iad2.fedoraproject.org) -> closed
  0 free  0 open  4 done  0 failed

82431085 build (f36-java17, /rpms/maven-dependency-analyzer.git:79528b90bc54bbf1f4e6fb43d1b75fb889896574) completed successfully
