Cloning into 'maven-invoker-plugin'...
[rawhide 3cedb0a] Rebuilt for java-17-openjdk as system jdk
 1 file changed, 4 insertions(+), 1 deletion(-)
Building maven-invoker-plugin-3.2.1-8.fc36 for f36-java17
Created task: 82431411
Task info: https://koji.fedoraproject.org/koji/taskinfo?taskID=82431411
Watching tasks (this may be safely interrupted)...
82431411 build (f36-java17, /rpms/maven-invoker-plugin.git:3cedb0ac140695ead00a867449fac74cc5a2d533): free
82431411 build (f36-java17, /rpms/maven-invoker-plugin.git:3cedb0ac140695ead00a867449fac74cc5a2d533): free -> open (buildhw-x86-12.iad2.fedoraproject.org)
  82431413 buildSRPMFromSCM (/rpms/maven-invoker-plugin.git:3cedb0ac140695ead00a867449fac74cc5a2d533): free
  82431413 buildSRPMFromSCM (/rpms/maven-invoker-plugin.git:3cedb0ac140695ead00a867449fac74cc5a2d533): free -> open (buildvm-ppc64le-08.iad2.fedoraproject.org)
  82431413 buildSRPMFromSCM (/rpms/maven-invoker-plugin.git:3cedb0ac140695ead00a867449fac74cc5a2d533): open (buildvm-ppc64le-08.iad2.fedoraproject.org) -> closed
  0 free  1 open  1 done  0 failed
  82431486 buildArch (maven-invoker-plugin-3.2.1-8.fc36.src.rpm, noarch): free
  82431486 buildArch (maven-invoker-plugin-3.2.1-8.fc36.src.rpm, noarch): free -> open (buildvm-ppc64le-06.iad2.fedoraproject.org)
  82431486 buildArch (maven-invoker-plugin-3.2.1-8.fc36.src.rpm, noarch): open (buildvm-ppc64le-06.iad2.fedoraproject.org) -> closed
  0 free  1 open  2 done  0 failed
  82431585 tagBuild (noarch): free
  82431585 tagBuild (noarch): free -> closed
  0 free  1 open  3 done  0 failed
82431411 build (f36-java17, /rpms/maven-invoker-plugin.git:3cedb0ac140695ead00a867449fac74cc5a2d533): open (buildhw-x86-12.iad2.fedoraproject.org) -> closed
  0 free  0 open  4 done  0 failed

82431411 build (f36-java17, /rpms/maven-invoker-plugin.git:3cedb0ac140695ead00a867449fac74cc5a2d533) completed successfully
