Cloning into 'maven-artifact-transfer'...
[rawhide 7053c7c] Rebuilt for java-17-openjdk as system jdk
 1 file changed, 4 insertions(+), 1 deletion(-)
Building maven-artifact-transfer-0.13.1-6.fc36 for f36-java17
Created task: 82430972
Task info: https://koji.fedoraproject.org/koji/taskinfo?taskID=82430972
Watching tasks (this may be safely interrupted)...
82430972 build (f36-java17, /rpms/maven-artifact-transfer.git:7053c7c93183b95d2ecae7bfa8198d44de2ebbe8): free
82430972 build (f36-java17, /rpms/maven-artifact-transfer.git:7053c7c93183b95d2ecae7bfa8198d44de2ebbe8): free -> open (buildvm-ppc64le-15.iad2.fedoraproject.org)
  82430973 buildSRPMFromSCM (/rpms/maven-artifact-transfer.git:7053c7c93183b95d2ecae7bfa8198d44de2ebbe8): open (buildvm-x86-07.iad2.fedoraproject.org)
  82430988 buildArch (maven-artifact-transfer-0.13.1-6.fc36.src.rpm, noarch): free
  82430973 buildSRPMFromSCM (/rpms/maven-artifact-transfer.git:7053c7c93183b95d2ecae7bfa8198d44de2ebbe8): open (buildvm-x86-07.iad2.fedoraproject.org) -> closed
  1 free  1 open  1 done  0 failed
  82430988 buildArch (maven-artifact-transfer-0.13.1-6.fc36.src.rpm, noarch): free -> open (buildvm-ppc64le-22.iad2.fedoraproject.org)
  82430988 buildArch (maven-artifact-transfer-0.13.1-6.fc36.src.rpm, noarch): open (buildvm-ppc64le-22.iad2.fedoraproject.org) -> closed
  0 free  1 open  2 done  0 failed
  82431149 tagBuild (noarch): free
82430972 build (f36-java17, /rpms/maven-artifact-transfer.git:7053c7c93183b95d2ecae7bfa8198d44de2ebbe8): open (buildvm-ppc64le-15.iad2.fedoraproject.org) -> closed
  1 free  0 open  3 done  0 failed
  82431149 tagBuild (noarch): free -> closed
  0 free  0 open  4 done  0 failed

82430972 build (f36-java17, /rpms/maven-artifact-transfer.git:7053c7c93183b95d2ecae7bfa8198d44de2ebbe8) completed successfully
