Cloning into 'maven-plugin-build-helper'...
[rawhide 7a1bd8c] Rebuilt for java-17-openjdk as system jdk
 1 file changed, 4 insertions(+), 1 deletion(-)
Building maven-plugin-build-helper-3.2.0-7.fc36 for f36-java17
Created task: 82431497
Task info: https://koji.fedoraproject.org/koji/taskinfo?taskID=82431497
Watching tasks (this may be safely interrupted)...
82431497 build (f36-java17, /rpms/maven-plugin-build-helper.git:7a1bd8ca782d3e9022f09bb0eabd6b9092001bbe): free
82431497 build (f36-java17, /rpms/maven-plugin-build-helper.git:7a1bd8ca782d3e9022f09bb0eabd6b9092001bbe): free -> open (buildvm-x86-19.iad2.fedoraproject.org)
  82431499 buildSRPMFromSCM (/rpms/maven-plugin-build-helper.git:7a1bd8ca782d3e9022f09bb0eabd6b9092001bbe): open (buildvm-x86-16.iad2.fedoraproject.org)
  82431499 buildSRPMFromSCM (/rpms/maven-plugin-build-helper.git:7a1bd8ca782d3e9022f09bb0eabd6b9092001bbe): open (buildvm-x86-16.iad2.fedoraproject.org) -> closed
  0 free  1 open  1 done  0 failed
  82431561 buildArch (maven-plugin-build-helper-3.2.0-7.fc36.src.rpm, noarch): free
  82431561 buildArch (maven-plugin-build-helper-3.2.0-7.fc36.src.rpm, noarch): free -> open (buildvm-ppc64le-39.iad2.fedoraproject.org)
  82431561 buildArch (maven-plugin-build-helper-3.2.0-7.fc36.src.rpm, noarch): open (buildvm-ppc64le-39.iad2.fedoraproject.org) -> closed
  0 free  1 open  2 done  0 failed
  82431714 tagBuild (noarch): open (buildvm-ppc64le-35.iad2.fedoraproject.org)
  82431714 tagBuild (noarch): open (buildvm-ppc64le-35.iad2.fedoraproject.org) -> closed
  0 free  1 open  3 done  0 failed
82431497 build (f36-java17, /rpms/maven-plugin-build-helper.git:7a1bd8ca782d3e9022f09bb0eabd6b9092001bbe): open (buildvm-x86-19.iad2.fedoraproject.org) -> closed
  0 free  0 open  4 done  0 failed

82431497 build (f36-java17, /rpms/maven-plugin-build-helper.git:7a1bd8ca782d3e9022f09bb0eabd6b9092001bbe) completed successfully
