Cloning into 'maven-clean-plugin'...
[rawhide 25c9221] Rebuilt for java-17-openjdk as system jdk
 1 file changed, 4 insertions(+), 1 deletion(-)
Building maven-clean-plugin-3.1.0-10.fc36 for f36-java17
Created task: 82430986
Task info: https://koji.fedoraproject.org/koji/taskinfo?taskID=82430986
Watching tasks (this may be safely interrupted)...
82430986 build (f36-java17, /rpms/maven-clean-plugin.git:25c922176a17e063a09010fc48be692556378ff4): free
82430986 build (f36-java17, /rpms/maven-clean-plugin.git:25c922176a17e063a09010fc48be692556378ff4): free -> open (buildvm-ppc64le-15.iad2.fedoraproject.org)
  82430989 buildSRPMFromSCM (/rpms/maven-clean-plugin.git:25c922176a17e063a09010fc48be692556378ff4): open (buildvm-ppc64le-36.iad2.fedoraproject.org)
  82430989 buildSRPMFromSCM (/rpms/maven-clean-plugin.git:25c922176a17e063a09010fc48be692556378ff4): open (buildvm-ppc64le-36.iad2.fedoraproject.org) -> closed
  0 free  1 open  1 done  0 failed
  82431098 buildArch (maven-clean-plugin-3.1.0-10.fc36.src.rpm, noarch): free
  82431098 buildArch (maven-clean-plugin-3.1.0-10.fc36.src.rpm, noarch): free -> open (buildvm-x86-16.iad2.fedoraproject.org)
  82431098 buildArch (maven-clean-plugin-3.1.0-10.fc36.src.rpm, noarch): open (buildvm-x86-16.iad2.fedoraproject.org) -> closed
  0 free  1 open  2 done  0 failed
  82431180 tagBuild (noarch): free
  82431180 tagBuild (noarch): free -> closed
  0 free  1 open  3 done  0 failed
82430986 build (f36-java17, /rpms/maven-clean-plugin.git:25c922176a17e063a09010fc48be692556378ff4): open (buildvm-ppc64le-15.iad2.fedoraproject.org) -> closed
  0 free  0 open  4 done  0 failed

82430986 build (f36-java17, /rpms/maven-clean-plugin.git:25c922176a17e063a09010fc48be692556378ff4) completed successfully
