Cloning into 'maven-patch-plugin'...
[rawhide e2e0f1b] Rebuilt for java-17-openjdk as system jdk
 1 file changed, 4 insertions(+), 1 deletion(-)
Building maven-patch-plugin-1.2-20.fc36 for f36-java17
Created task: 82431485
Task info: https://koji.fedoraproject.org/koji/taskinfo?taskID=82431485
Watching tasks (this may be safely interrupted)...
82431485 build (f36-java17, /rpms/maven-patch-plugin.git:e2e0f1b93ddec3c61110311b03ddb81e91f06d5d): free
82431485 build (f36-java17, /rpms/maven-patch-plugin.git:e2e0f1b93ddec3c61110311b03ddb81e91f06d5d): free -> open (buildvm-ppc64le-04.iad2.fedoraproject.org)
  82431488 buildSRPMFromSCM (/rpms/maven-patch-plugin.git:e2e0f1b93ddec3c61110311b03ddb81e91f06d5d): free
  82431488 buildSRPMFromSCM (/rpms/maven-patch-plugin.git:e2e0f1b93ddec3c61110311b03ddb81e91f06d5d): free -> open (buildvm-x86-29.iad2.fedoraproject.org)
  82431488 buildSRPMFromSCM (/rpms/maven-patch-plugin.git:e2e0f1b93ddec3c61110311b03ddb81e91f06d5d): open (buildvm-x86-29.iad2.fedoraproject.org) -> closed
  0 free  1 open  1 done  0 failed
  82431547 buildArch (maven-patch-plugin-1.2-20.fc36.src.rpm, noarch): free
  82431547 buildArch (maven-patch-plugin-1.2-20.fc36.src.rpm, noarch): free -> open (buildvm-ppc64le-37.iad2.fedoraproject.org)
  82431547 buildArch (maven-patch-plugin-1.2-20.fc36.src.rpm, noarch): open (buildvm-ppc64le-37.iad2.fedoraproject.org) -> closed
  0 free  1 open  2 done  0 failed
  82431698 tagBuild (noarch): free
  82431698 tagBuild (noarch): free -> closed
  0 free  1 open  3 done  0 failed
82431485 build (f36-java17, /rpms/maven-patch-plugin.git:e2e0f1b93ddec3c61110311b03ddb81e91f06d5d): open (buildvm-ppc64le-04.iad2.fedoraproject.org) -> closed
  0 free  0 open  4 done  0 failed

82431485 build (f36-java17, /rpms/maven-patch-plugin.git:e2e0f1b93ddec3c61110311b03ddb81e91f06d5d) completed successfully
