Cloning into 'maven-common-artifact-filters'...
[rawhide a162a8f] Rebuilt for java-17-openjdk as system jdk
 1 file changed, 4 insertions(+), 1 deletion(-)
Building maven-common-artifact-filters-3.2.0-3.fc36 for f36-java17
Created task: 82431007
Task info: https://koji.fedoraproject.org/koji/taskinfo?taskID=82431007
Watching tasks (this may be safely interrupted)...
82431007 build (f36-java17, /rpms/maven-common-artifact-filters.git:a162a8fa0c1fbf525399c9ad75224a64c0df59c2): free
82431007 build (f36-java17, /rpms/maven-common-artifact-filters.git:a162a8fa0c1fbf525399c9ad75224a64c0df59c2): free -> open (buildvm-x86-16.iad2.fedoraproject.org)
  82431010 buildSRPMFromSCM (/rpms/maven-common-artifact-filters.git:a162a8fa0c1fbf525399c9ad75224a64c0df59c2): open (buildvm-x86-04.iad2.fedoraproject.org)
  82431010 buildSRPMFromSCM (/rpms/maven-common-artifact-filters.git:a162a8fa0c1fbf525399c9ad75224a64c0df59c2): open (buildvm-x86-04.iad2.fedoraproject.org) -> closed
  0 free  1 open  1 done  0 failed
  82431088 buildArch (maven-common-artifact-filters-3.2.0-3.fc36.src.rpm, noarch): open (buildvm-x86-19.iad2.fedoraproject.org)
  82431166 tagBuild (noarch): free
  82431088 buildArch (maven-common-artifact-filters-3.2.0-3.fc36.src.rpm, noarch): open (buildvm-x86-19.iad2.fedoraproject.org) -> closed
  1 free  1 open  2 done  0 failed
  82431166 tagBuild (noarch): free -> closed
  0 free  1 open  3 done  0 failed
82431007 build (f36-java17, /rpms/maven-common-artifact-filters.git:a162a8fa0c1fbf525399c9ad75224a64c0df59c2): open (buildvm-x86-16.iad2.fedoraproject.org) -> closed
  0 free  0 open  4 done  0 failed

82431007 build (f36-java17, /rpms/maven-common-artifact-filters.git:a162a8fa0c1fbf525399c9ad75224a64c0df59c2) completed successfully
