Cloning into 'maven-mapping'...
[rawhide 8f876bd] Rebuilt for java-17-openjdk as system jdk
 1 file changed, 4 insertions(+), 1 deletion(-)
Building maven-mapping-3.0.0-16.fc36 for f36-java17
Created task: 82431461
Task info: https://koji.fedoraproject.org/koji/taskinfo?taskID=82431461
Watching tasks (this may be safely interrupted)...
82431461 build (f36-java17, /rpms/maven-mapping.git:8f876bdad317163fc3554e052dd1e0aa0de46b68): free
82431461 build (f36-java17, /rpms/maven-mapping.git:8f876bdad317163fc3554e052dd1e0aa0de46b68): free -> open (buildvm-a32-21.iad2.fedoraproject.org)
  82431470 buildSRPMFromSCM (/rpms/maven-mapping.git:8f876bdad317163fc3554e052dd1e0aa0de46b68): free
  82431470 buildSRPMFromSCM (/rpms/maven-mapping.git:8f876bdad317163fc3554e052dd1e0aa0de46b68): free -> open (buildvm-x86-07.iad2.fedoraproject.org)
  82431470 buildSRPMFromSCM (/rpms/maven-mapping.git:8f876bdad317163fc3554e052dd1e0aa0de46b68): open (buildvm-x86-07.iad2.fedoraproject.org) -> closed
  0 free  1 open  1 done  0 failed
  82431487 buildArch (maven-mapping-3.0.0-16.fc36.src.rpm, noarch): open (buildvm-ppc64le-04.iad2.fedoraproject.org)
  82431487 buildArch (maven-mapping-3.0.0-16.fc36.src.rpm, noarch): open (buildvm-ppc64le-04.iad2.fedoraproject.org) -> closed
  0 free  1 open  2 done  0 failed
  82431604 tagBuild (noarch): free
  82431604 tagBuild (noarch): free -> closed
  0 free  1 open  3 done  0 failed
82431461 build (f36-java17, /rpms/maven-mapping.git:8f876bdad317163fc3554e052dd1e0aa0de46b68): open (buildvm-a32-21.iad2.fedoraproject.org) -> closed
  0 free  0 open  4 done  0 failed

82431461 build (f36-java17, /rpms/maven-mapping.git:8f876bdad317163fc3554e052dd1e0aa0de46b68) completed successfully
