Cloning into 'maven-shared-io'...
[rawhide a4c3dcc] Rebuilt for java-17-openjdk as system jdk
 1 file changed, 4 insertions(+), 1 deletion(-)
Building maven-shared-io-3.0.0-17.fc36 for f36-java17
Created task: 82431825
Task info: https://koji.fedoraproject.org/koji/taskinfo?taskID=82431825
Watching tasks (this may be safely interrupted)...
82431825 build (f36-java17, /rpms/maven-shared-io.git:a4c3dcc8a9047708a65503473bb3345cd757f79b): free
82431825 build (f36-java17, /rpms/maven-shared-io.git:a4c3dcc8a9047708a65503473bb3345cd757f79b): free -> open (buildvm-ppc64le-21.iad2.fedoraproject.org)
  82431828 buildSRPMFromSCM (/rpms/maven-shared-io.git:a4c3dcc8a9047708a65503473bb3345cd757f79b): free
  82431828 buildSRPMFromSCM (/rpms/maven-shared-io.git:a4c3dcc8a9047708a65503473bb3345cd757f79b): free -> open (buildvm-ppc64le-25.iad2.fedoraproject.org)
  82431828 buildSRPMFromSCM (/rpms/maven-shared-io.git:a4c3dcc8a9047708a65503473bb3345cd757f79b): open (buildvm-ppc64le-25.iad2.fedoraproject.org) -> closed
  0 free  1 open  1 done  0 failed
  82431914 buildArch (maven-shared-io-3.0.0-17.fc36.src.rpm, noarch): free
  82431914 buildArch (maven-shared-io-3.0.0-17.fc36.src.rpm, noarch): free -> open (buildvm-ppc64le-24.iad2.fedoraproject.org)
  82431914 buildArch (maven-shared-io-3.0.0-17.fc36.src.rpm, noarch): open (buildvm-ppc64le-24.iad2.fedoraproject.org) -> closed
  0 free  1 open  2 done  0 failed
  82432105 tagBuild (noarch): free
  82432105 tagBuild (noarch): free -> closed
  0 free  1 open  3 done  0 failed
82431825 build (f36-java17, /rpms/maven-shared-io.git:a4c3dcc8a9047708a65503473bb3345cd757f79b): open (buildvm-ppc64le-21.iad2.fedoraproject.org) -> closed
  0 free  0 open  4 done  0 failed

82431825 build (f36-java17, /rpms/maven-shared-io.git:a4c3dcc8a9047708a65503473bb3345cd757f79b) completed successfully
