Cloning into 'maven-doxia-sitetools'...
[rawhide 9d4e4c1] Rebuilt for java-17-openjdk as system jdk
 1 file changed, 4 insertions(+), 1 deletion(-)
Building maven-doxia-sitetools-1.9.2-7.fc36 for f36-java17
Created task: 82431171
Task info: https://koji.fedoraproject.org/koji/taskinfo?taskID=82431171
Watching tasks (this may be safely interrupted)...
82431171 build (f36-java17, /rpms/maven-doxia-sitetools.git:9d4e4c1f370ed28915fb37e36085063337e9bd0a): free
82431171 build (f36-java17, /rpms/maven-doxia-sitetools.git:9d4e4c1f370ed28915fb37e36085063337e9bd0a): free -> open (buildvm-x86-29.iad2.fedoraproject.org)
  82431172 buildSRPMFromSCM (/rpms/maven-doxia-sitetools.git:9d4e4c1f370ed28915fb37e36085063337e9bd0a): open (buildvm-x86-29.iad2.fedoraproject.org)
  82431172 buildSRPMFromSCM (/rpms/maven-doxia-sitetools.git:9d4e4c1f370ed28915fb37e36085063337e9bd0a): open (buildvm-x86-29.iad2.fedoraproject.org) -> closed
  0 free  1 open  1 done  0 failed
  82431305 buildArch (maven-doxia-sitetools-1.9.2-7.fc36.src.rpm, noarch): free
  82431305 buildArch (maven-doxia-sitetools-1.9.2-7.fc36.src.rpm, noarch): free -> open (buildvm-ppc64le-26.iad2.fedoraproject.org)
  82431305 buildArch (maven-doxia-sitetools-1.9.2-7.fc36.src.rpm, noarch): open (buildvm-ppc64le-26.iad2.fedoraproject.org) -> closed
  0 free  1 open  2 done  0 failed
  82431482 tagBuild (noarch): closed
82431171 build (f36-java17, /rpms/maven-doxia-sitetools.git:9d4e4c1f370ed28915fb37e36085063337e9bd0a): open (buildvm-x86-29.iad2.fedoraproject.org) -> closed
  0 free  0 open  4 done  0 failed

82431171 build (f36-java17, /rpms/maven-doxia-sitetools.git:9d4e4c1f370ed28915fb37e36085063337e9bd0a) completed successfully
