Cloning into 'maven-reporting-impl'...
[rawhide d188aa5] Rebuilt for java-17-openjdk as system jdk
 1 file changed, 4 insertions(+), 1 deletion(-)
Building maven-reporting-impl-3.0.0-14.fc36 for f36-java17
Created task: 82431695
Task info: https://koji.fedoraproject.org/koji/taskinfo?taskID=82431695
Watching tasks (this may be safely interrupted)...
82431695 build (f36-java17, /rpms/maven-reporting-impl.git:d188aa5e8fa819b9f3020df5130e05c20cfea19a): free
82431695 build (f36-java17, /rpms/maven-reporting-impl.git:d188aa5e8fa819b9f3020df5130e05c20cfea19a): free -> open (buildvm-s390x-22.s390.fedoraproject.org)
  82431696 buildSRPMFromSCM (/rpms/maven-reporting-impl.git:d188aa5e8fa819b9f3020df5130e05c20cfea19a): open (buildvm-ppc64le-09.iad2.fedoraproject.org)
  82431696 buildSRPMFromSCM (/rpms/maven-reporting-impl.git:d188aa5e8fa819b9f3020df5130e05c20cfea19a): open (buildvm-ppc64le-09.iad2.fedoraproject.org) -> closed
  0 free  1 open  1 done  0 failed
  82431788 buildArch (maven-reporting-impl-3.0.0-14.fc36.src.rpm, noarch): open (buildvm-ppc64le-39.iad2.fedoraproject.org)
  82431788 buildArch (maven-reporting-impl-3.0.0-14.fc36.src.rpm, noarch): open (buildvm-ppc64le-39.iad2.fedoraproject.org) -> closed
  0 free  1 open  2 done  0 failed
  82431841 tagBuild (noarch): free
  82431841 tagBuild (noarch): free -> closed
  0 free  1 open  3 done  0 failed
82431695 build (f36-java17, /rpms/maven-reporting-impl.git:d188aa5e8fa819b9f3020df5130e05c20cfea19a): open (buildvm-s390x-22.s390.fedoraproject.org) -> closed
  0 free  0 open  4 done  0 failed

82431695 build (f36-java17, /rpms/maven-reporting-impl.git:d188aa5e8fa819b9f3020df5130e05c20cfea19a) completed successfully
