Cloning into 'maven-filtering'...
[rawhide bc1e6ab] Rebuilt for java-17-openjdk as system jdk
 1 file changed, 4 insertions(+), 1 deletion(-)
Building maven-filtering-3.2.0-5.fc36 for f36-java17
Created task: 82431315
Task info: https://koji.fedoraproject.org/koji/taskinfo?taskID=82431315
Watching tasks (this may be safely interrupted)...
82431315 build (f36-java17, /rpms/maven-filtering.git:bc1e6aba3f60569ba7dad67b4595f75d0b08c4fe): free
82431315 build (f36-java17, /rpms/maven-filtering.git:bc1e6aba3f60569ba7dad67b4595f75d0b08c4fe): free -> open (buildvm-x86-19.iad2.fedoraproject.org)
  82431366 buildSRPMFromSCM (/rpms/maven-filtering.git:bc1e6aba3f60569ba7dad67b4595f75d0b08c4fe): free
  82431366 buildSRPMFromSCM (/rpms/maven-filtering.git:bc1e6aba3f60569ba7dad67b4595f75d0b08c4fe): free -> open (buildvm-x86-32.iad2.fedoraproject.org)
  82431366 buildSRPMFromSCM (/rpms/maven-filtering.git:bc1e6aba3f60569ba7dad67b4595f75d0b08c4fe): open (buildvm-x86-32.iad2.fedoraproject.org) -> closed
  0 free  1 open  1 done  0 failed
  82431479 buildArch (maven-filtering-3.2.0-5.fc36.src.rpm, noarch): open (buildvm-s390x-22.s390.fedoraproject.org)
  82431495 tagBuild (noarch): closed
  82431479 buildArch (maven-filtering-3.2.0-5.fc36.src.rpm, noarch): open (buildvm-s390x-22.s390.fedoraproject.org) -> closed
  0 free  1 open  3 done  0 failed
82431315 build (f36-java17, /rpms/maven-filtering.git:bc1e6aba3f60569ba7dad67b4595f75d0b08c4fe): open (buildvm-x86-19.iad2.fedoraproject.org) -> closed
  0 free  0 open  4 done  0 failed

82431315 build (f36-java17, /rpms/maven-filtering.git:bc1e6aba3f60569ba7dad67b4595f75d0b08c4fe) completed successfully
