Cloning into 'maven-assembly-plugin'...
[rawhide 79ae741] Rebuilt for java-17-openjdk as system jdk
 1 file changed, 4 insertions(+), 1 deletion(-)
Building maven-assembly-plugin-3.3.0-8.fc36 for f36-java17
Created task: 82430975
Task info: https://koji.fedoraproject.org/koji/taskinfo?taskID=82430975
Watching tasks (this may be safely interrupted)...
82430975 build (f36-java17, /rpms/maven-assembly-plugin.git:79ae7410649bcfbad164fbb21e77ea39e8ebb652): open (buildvm-ppc64le-11.iad2.fedoraproject.org)
  82430976 buildSRPMFromSCM (/rpms/maven-assembly-plugin.git:79ae7410649bcfbad164fbb21e77ea39e8ebb652): free
  82430976 buildSRPMFromSCM (/rpms/maven-assembly-plugin.git:79ae7410649bcfbad164fbb21e77ea39e8ebb652): free -> open (buildvm-ppc64le-11.iad2.fedoraproject.org)
  82430976 buildSRPMFromSCM (/rpms/maven-assembly-plugin.git:79ae7410649bcfbad164fbb21e77ea39e8ebb652): open (buildvm-ppc64le-11.iad2.fedoraproject.org) -> closed
  0 free  1 open  1 done  0 failed
  82431060 buildArch (maven-assembly-plugin-3.3.0-8.fc36.src.rpm, noarch): open (buildvm-ppc64le-08.iad2.fedoraproject.org)
  82431060 buildArch (maven-assembly-plugin-3.3.0-8.fc36.src.rpm, noarch): open (buildvm-ppc64le-08.iad2.fedoraproject.org) -> closed
  0 free  1 open  2 done  0 failed
  82431168 tagBuild (noarch): free
  82431168 tagBuild (noarch): free -> closed
  0 free  1 open  3 done  0 failed
82430975 build (f36-java17, /rpms/maven-assembly-plugin.git:79ae7410649bcfbad164fbb21e77ea39e8ebb652): open (buildvm-ppc64le-11.iad2.fedoraproject.org) -> closed
  0 free  0 open  4 done  0 failed

82430975 build (f36-java17, /rpms/maven-assembly-plugin.git:79ae7410649bcfbad164fbb21e77ea39e8ebb652) completed successfully
