Cloning into 'maven-native'...
[rawhide 633e1c6] Rebuilt for java-17-openjdk as system jdk
 1 file changed, 4 insertions(+), 1 deletion(-)
Building maven-native-1.0-0.10.alpha.11.fc36 for f36-java17
Created task: 82431471
Task info: https://koji.fedoraproject.org/koji/taskinfo?taskID=82431471
Watching tasks (this may be safely interrupted)...
82431471 build (f36-java17, /rpms/maven-native.git:633e1c620581d03ce94068917193b81a8bce33a8): free
82431471 build (f36-java17, /rpms/maven-native.git:633e1c620581d03ce94068917193b81a8bce33a8): free -> open (buildvm-s390x-22.s390.fedoraproject.org)
  82431478 buildSRPMFromSCM (/rpms/maven-native.git:633e1c620581d03ce94068917193b81a8bce33a8): free
  82431478 buildSRPMFromSCM (/rpms/maven-native.git:633e1c620581d03ce94068917193b81a8bce33a8): free -> open (buildvm-x86-08.iad2.fedoraproject.org)
  82431478 buildSRPMFromSCM (/rpms/maven-native.git:633e1c620581d03ce94068917193b81a8bce33a8): open (buildvm-x86-08.iad2.fedoraproject.org) -> closed
  0 free  1 open  1 done  0 failed
  82431514 buildArch (maven-native-1.0-0.10.alpha.11.fc36.src.rpm, noarch): free
  82431514 buildArch (maven-native-1.0-0.10.alpha.11.fc36.src.rpm, noarch): free -> open (buildvm-x86-19.iad2.fedoraproject.org)
  82431514 buildArch (maven-native-1.0-0.10.alpha.11.fc36.src.rpm, noarch): open (buildvm-x86-19.iad2.fedoraproject.org) -> closed
  0 free  1 open  2 done  0 failed
  82431644 tagBuild (noarch): free
  82431644 tagBuild (noarch): free -> closed
  0 free  1 open  3 done  0 failed
82431471 build (f36-java17, /rpms/maven-native.git:633e1c620581d03ce94068917193b81a8bce33a8): open (buildvm-s390x-22.s390.fedoraproject.org) -> closed
  0 free  0 open  4 done  0 failed

82431471 build (f36-java17, /rpms/maven-native.git:633e1c620581d03ce94068917193b81a8bce33a8) completed successfully
