Cloning into 'maven-wagon'...
[rawhide 6b819d4] Rebuilt for java-17-openjdk as system jdk
 1 file changed, 4 insertions(+), 1 deletion(-)
Building maven-wagon-3.4.2-6.fc36 for f36-java17
Created task: 82431960
Task info: https://koji.fedoraproject.org/koji/taskinfo?taskID=82431960
Watching tasks (this may be safely interrupted)...
82431960 build (f36-java17, /rpms/maven-wagon.git:6b819d4ee52dc8aaeacc4f52e14c3ed2b0de043a): free
82431960 build (f36-java17, /rpms/maven-wagon.git:6b819d4ee52dc8aaeacc4f52e14c3ed2b0de043a): free -> open (buildvm-ppc64le-07.iad2.fedoraproject.org)
  82431970 buildSRPMFromSCM (/rpms/maven-wagon.git:6b819d4ee52dc8aaeacc4f52e14c3ed2b0de043a): free
  82431970 buildSRPMFromSCM (/rpms/maven-wagon.git:6b819d4ee52dc8aaeacc4f52e14c3ed2b0de043a): free -> open (buildvm-x86-19.iad2.fedoraproject.org)
  82431970 buildSRPMFromSCM (/rpms/maven-wagon.git:6b819d4ee52dc8aaeacc4f52e14c3ed2b0de043a): open (buildvm-x86-19.iad2.fedoraproject.org) -> closed
  0 free  1 open  1 done  0 failed
  82432096 buildArch (maven-wagon-3.4.2-6.fc36.src.rpm, noarch): free
  82432096 buildArch (maven-wagon-3.4.2-6.fc36.src.rpm, noarch): free -> open (buildvm-s390x-22.s390.fedoraproject.org)
  82432096 buildArch (maven-wagon-3.4.2-6.fc36.src.rpm, noarch): open (buildvm-s390x-22.s390.fedoraproject.org) -> closed
  0 free  1 open  2 done  0 failed
  82432184 tagBuild (noarch): free
  82432184 tagBuild (noarch): free -> closed
  0 free  1 open  3 done  0 failed
82431960 build (f36-java17, /rpms/maven-wagon.git:6b819d4ee52dc8aaeacc4f52e14c3ed2b0de043a): open (buildvm-ppc64le-07.iad2.fedoraproject.org) -> closed
  0 free  0 open  4 done  0 failed

82431960 build (f36-java17, /rpms/maven-wagon.git:6b819d4ee52dc8aaeacc4f52e14c3ed2b0de043a) completed successfully
