Cloning into 'maven-jar-plugin'...
[rawhide 115595a] Rebuilt for java-17-openjdk as system jdk
 1 file changed, 4 insertions(+), 1 deletion(-)
Building maven-jar-plugin-3.2.0-9.fc36 for f36-java17
Created task: 82431427
Task info: https://koji.fedoraproject.org/koji/taskinfo?taskID=82431427
Watching tasks (this may be safely interrupted)...
82431427 build (f36-java17, /rpms/maven-jar-plugin.git:115595a19671c3e327db42ca1c56a25be8d16013): free
82431427 build (f36-java17, /rpms/maven-jar-plugin.git:115595a19671c3e327db42ca1c56a25be8d16013): free -> open (buildvm-a32-33.iad2.fedoraproject.org)
  82431432 buildSRPMFromSCM (/rpms/maven-jar-plugin.git:115595a19671c3e327db42ca1c56a25be8d16013): free
  82431432 buildSRPMFromSCM (/rpms/maven-jar-plugin.git:115595a19671c3e327db42ca1c56a25be8d16013): free -> open (buildvm-ppc64le-08.iad2.fedoraproject.org)
  82431432 buildSRPMFromSCM (/rpms/maven-jar-plugin.git:115595a19671c3e327db42ca1c56a25be8d16013): open (buildvm-ppc64le-08.iad2.fedoraproject.org) -> closed
  0 free  1 open  1 done  0 failed
  82431489 buildArch (maven-jar-plugin-3.2.0-9.fc36.src.rpm, noarch): open (buildvm-x86-15.iad2.fedoraproject.org)
  82431489 buildArch (maven-jar-plugin-3.2.0-9.fc36.src.rpm, noarch): open (buildvm-x86-15.iad2.fedoraproject.org) -> closed
  0 free  1 open  2 done  0 failed
  82431623 tagBuild (noarch): free
  82431623 tagBuild (noarch): free -> closed
  0 free  1 open  3 done  0 failed
82431427 build (f36-java17, /rpms/maven-jar-plugin.git:115595a19671c3e327db42ca1c56a25be8d16013): open (buildvm-a32-33.iad2.fedoraproject.org) -> closed
  0 free  0 open  4 done  0 failed

82431427 build (f36-java17, /rpms/maven-jar-plugin.git:115595a19671c3e327db42ca1c56a25be8d16013) completed successfully
