Cloning into 'maven-doxia'...
[rawhide 6d38853] Rebuilt for java-17-openjdk as system jdk
 1 file changed, 4 insertions(+), 1 deletion(-)
Building maven-doxia-1.9.1-7.fc36 for f36-java17
Created task: 82431164
Task info: https://koji.fedoraproject.org/koji/taskinfo?taskID=82431164
Watching tasks (this may be safely interrupted)...
82431164 build (f36-java17, /rpms/maven-doxia.git:6d38853ffa3f1a192362bc17b7eea7e7b43e9f7b): free
82431164 build (f36-java17, /rpms/maven-doxia.git:6d38853ffa3f1a192362bc17b7eea7e7b43e9f7b): free -> open (buildvm-s390x-18.s390.fedoraproject.org)
  82431165 buildSRPMFromSCM (/rpms/maven-doxia.git:6d38853ffa3f1a192362bc17b7eea7e7b43e9f7b): free
  82431165 buildSRPMFromSCM (/rpms/maven-doxia.git:6d38853ffa3f1a192362bc17b7eea7e7b43e9f7b): free -> open (buildvm-ppc64le-08.iad2.fedoraproject.org)
  82431165 buildSRPMFromSCM (/rpms/maven-doxia.git:6d38853ffa3f1a192362bc17b7eea7e7b43e9f7b): open (buildvm-ppc64le-08.iad2.fedoraproject.org) -> closed
  0 free  1 open  1 done  0 failed
  82431228 buildArch (maven-doxia-1.9.1-7.fc36.src.rpm, noarch): open (buildvm-x86-11.iad2.fedoraproject.org)
  82431228 buildArch (maven-doxia-1.9.1-7.fc36.src.rpm, noarch): open (buildvm-x86-11.iad2.fedoraproject.org) -> closed
  0 free  1 open  2 done  0 failed
  82431697 tagBuild (noarch): free
  82431697 tagBuild (noarch): free -> closed
  0 free  1 open  3 done  0 failed
82431164 build (f36-java17, /rpms/maven-doxia.git:6d38853ffa3f1a192362bc17b7eea7e7b43e9f7b): open (buildvm-s390x-18.s390.fedoraproject.org) -> closed
  0 free  0 open  4 done  0 failed

82431164 build (f36-java17, /rpms/maven-doxia.git:6d38853ffa3f1a192362bc17b7eea7e7b43e9f7b) completed successfully
