Cloning into 'miglayout'...
[rawhide f438666] Rebuilt for java-17-openjdk as system jdk
 1 file changed, 4 insertions(+), 1 deletion(-)
Building miglayout-4.2-18.fc36 for f36-java17
Created task: 82432045
Task info: https://koji.fedoraproject.org/koji/taskinfo?taskID=82432045
Watching tasks (this may be safely interrupted)...
82432045 build (f36-java17, /rpms/miglayout.git:f438666fe40a714b4c2928bbf8efecb7444421ce): free
82432045 build (f36-java17, /rpms/miglayout.git:f438666fe40a714b4c2928bbf8efecb7444421ce): free -> open (buildvm-x86-25.iad2.fedoraproject.org)
  82432075 buildSRPMFromSCM (/rpms/miglayout.git:f438666fe40a714b4c2928bbf8efecb7444421ce): free
  82432075 buildSRPMFromSCM (/rpms/miglayout.git:f438666fe40a714b4c2928bbf8efecb7444421ce): free -> open (buildvm-ppc64le-18.iad2.fedoraproject.org)
  82432075 buildSRPMFromSCM (/rpms/miglayout.git:f438666fe40a714b4c2928bbf8efecb7444421ce): open (buildvm-ppc64le-18.iad2.fedoraproject.org) -> closed
  0 free  1 open  1 done  0 failed
  82432212 buildArch (miglayout-4.2-18.fc36.src.rpm, noarch): free
  82432212 buildArch (miglayout-4.2-18.fc36.src.rpm, noarch): free -> open (buildvm-x86-23.iad2.fedoraproject.org)
  82432212 buildArch (miglayout-4.2-18.fc36.src.rpm, noarch): open (buildvm-x86-23.iad2.fedoraproject.org) -> closed
  0 free  1 open  2 done  0 failed
  82432330 tagBuild (noarch): free
  82432330 tagBuild (noarch): free -> closed
  0 free  1 open  3 done  0 failed
82432045 build (f36-java17, /rpms/miglayout.git:f438666fe40a714b4c2928bbf8efecb7444421ce): open (buildvm-x86-25.iad2.fedoraproject.org) -> closed
  0 free  0 open  4 done  0 failed

82432045 build (f36-java17, /rpms/miglayout.git:f438666fe40a714b4c2928bbf8efecb7444421ce) completed successfully
