Cloning into 'mockito'...
[rawhide 2a8999f] Rebuilt for java-17-openjdk as system jdk
 1 file changed, 4 insertions(+), 1 deletion(-)
Building mockito-3.12.4-3.fc36 for f36-java17
Created task: 82432098
Task info: https://koji.fedoraproject.org/koji/taskinfo?taskID=82432098
Watching tasks (this may be safely interrupted)...
82432098 build (f36-java17, /rpms/mockito.git:2a8999f79015b05f6ffa970c9635e9f226d6704e): free
82432098 build (f36-java17, /rpms/mockito.git:2a8999f79015b05f6ffa970c9635e9f226d6704e): free -> open (buildvm-s390x-34.s390.fedoraproject.org)
  82432111 buildSRPMFromSCM (/rpms/mockito.git:2a8999f79015b05f6ffa970c9635e9f226d6704e): free
  82432111 buildSRPMFromSCM (/rpms/mockito.git:2a8999f79015b05f6ffa970c9635e9f226d6704e): free -> open (buildvm-ppc64le-22.iad2.fedoraproject.org)
  82432111 buildSRPMFromSCM (/rpms/mockito.git:2a8999f79015b05f6ffa970c9635e9f226d6704e): open (buildvm-ppc64le-22.iad2.fedoraproject.org) -> closed
  0 free  1 open  1 done  0 failed
  82432206 buildArch (mockito-3.12.4-3.fc36.src.rpm, noarch): free
  82432206 buildArch (mockito-3.12.4-3.fc36.src.rpm, noarch): free -> open (buildvm-ppc64le-36.iad2.fedoraproject.org)
  82432206 buildArch (mockito-3.12.4-3.fc36.src.rpm, noarch): open (buildvm-ppc64le-36.iad2.fedoraproject.org) -> closed
  0 free  1 open  2 done  0 failed
  82432335 tagBuild (noarch): closed
82432098 build (f36-java17, /rpms/mockito.git:2a8999f79015b05f6ffa970c9635e9f226d6704e): open (buildvm-s390x-34.s390.fedoraproject.org) -> closed
  0 free  0 open  4 done  0 failed

82432098 build (f36-java17, /rpms/mockito.git:2a8999f79015b05f6ffa970c9635e9f226d6704e) completed successfully
