Cloning into 'modello'...
[rawhide 931f64e] Rebuilt for java-17-openjdk as system jdk
 1 file changed, 4 insertions(+), 1 deletion(-)
Building modello-1.11-8.fc36 for f36-java17
Created task: 82432123
Task info: https://koji.fedoraproject.org/koji/taskinfo?taskID=82432123
Watching tasks (this may be safely interrupted)...
82432123 build (f36-java17, /rpms/modello.git:931f64e6ff6cb113cebd8b729588130b1081b2e9): free
82432123 build (f36-java17, /rpms/modello.git:931f64e6ff6cb113cebd8b729588130b1081b2e9): free -> open (buildvm-a32-23.iad2.fedoraproject.org)
  82432134 buildSRPMFromSCM (/rpms/modello.git:931f64e6ff6cb113cebd8b729588130b1081b2e9): free
  82432134 buildSRPMFromSCM (/rpms/modello.git:931f64e6ff6cb113cebd8b729588130b1081b2e9): free -> open (buildvm-x86-16.iad2.fedoraproject.org)
  82432134 buildSRPMFromSCM (/rpms/modello.git:931f64e6ff6cb113cebd8b729588130b1081b2e9): open (buildvm-x86-16.iad2.fedoraproject.org) -> closed
  0 free  1 open  1 done  0 failed
  82432202 buildArch (modello-1.11-8.fc36.src.rpm, noarch): free
  82432202 buildArch (modello-1.11-8.fc36.src.rpm, noarch): free -> open (buildvm-s390x-11.s390.fedoraproject.org)
  82432202 buildArch (modello-1.11-8.fc36.src.rpm, noarch): open (buildvm-s390x-11.s390.fedoraproject.org) -> closed
  0 free  1 open  2 done  0 failed
  82432226 tagBuild (noarch): free
  82432226 tagBuild (noarch): free -> closed
  0 free  1 open  3 done  0 failed
82432123 build (f36-java17, /rpms/modello.git:931f64e6ff6cb113cebd8b729588130b1081b2e9): open (buildvm-a32-23.iad2.fedoraproject.org) -> closed
  0 free  0 open  4 done  0 failed

82432123 build (f36-java17, /rpms/modello.git:931f64e6ff6cb113cebd8b729588130b1081b2e9) completed successfully
