Cloning into 'mojo-executor'...
[rawhide c1afe7e] Rebuilt for java-17-openjdk as system jdk
 1 file changed, 4 insertions(+), 1 deletion(-)
Building mojo-executor-2.3.2-3.fc36 for f36-java17
Created task: 82432143
Task info: https://koji.fedoraproject.org/koji/taskinfo?taskID=82432143
Watching tasks (this may be safely interrupted)...
82432143 build (f36-java17, /rpms/mojo-executor.git:c1afe7e40fbdc87f828823132fc50105be0c526c): open (buildvm-s390x-28.s390.fedoraproject.org)
  82432146 buildSRPMFromSCM (/rpms/mojo-executor.git:c1afe7e40fbdc87f828823132fc50105be0c526c): free
  82432146 buildSRPMFromSCM (/rpms/mojo-executor.git:c1afe7e40fbdc87f828823132fc50105be0c526c): free -> open (buildvm-ppc64le-15.iad2.fedoraproject.org)
  82432213 buildArch (mojo-executor-2.3.2-3.fc36.src.rpm, noarch): free
  82432146 buildSRPMFromSCM (/rpms/mojo-executor.git:c1afe7e40fbdc87f828823132fc50105be0c526c): open (buildvm-ppc64le-15.iad2.fedoraproject.org) -> closed
  1 free  1 open  1 done  0 failed
  82432213 buildArch (mojo-executor-2.3.2-3.fc36.src.rpm, noarch): free -> open (buildvm-x86-14.iad2.fedoraproject.org)
  82432278 tagBuild (noarch): closed
  82432213 buildArch (mojo-executor-2.3.2-3.fc36.src.rpm, noarch): open (buildvm-x86-14.iad2.fedoraproject.org) -> closed
  0 free  1 open  3 done  0 failed
82432143 build (f36-java17, /rpms/mojo-executor.git:c1afe7e40fbdc87f828823132fc50105be0c526c): open (buildvm-s390x-28.s390.fedoraproject.org) -> closed
  0 free  0 open  4 done  0 failed

82432143 build (f36-java17, /rpms/mojo-executor.git:c1afe7e40fbdc87f828823132fc50105be0c526c) completed successfully
