Cloning into 'mp'...
[rawhide f407212] Rebuilt for java-17-openjdk as system jdk
 1 file changed, 4 insertions(+), 1 deletion(-)
Building mp-3.1.0-37.20200303git7fd4828.fc36 for f36-java17
Created task: 82432192
Task info: https://koji.fedoraproject.org/koji/taskinfo?taskID=82432192
Watching tasks (this may be safely interrupted)...
82432192 build (f36-java17, /rpms/mp.git:f4072122ac3353cb54e40749ab503b0a894f1075): free
82432192 build (f36-java17, /rpms/mp.git:f4072122ac3353cb54e40749ab503b0a894f1075): free -> open (buildvm-s390x-33.s390.fedoraproject.org)
  82432195 buildSRPMFromSCM (/rpms/mp.git:f4072122ac3353cb54e40749ab503b0a894f1075): free
  82432195 buildSRPMFromSCM (/rpms/mp.git:f4072122ac3353cb54e40749ab503b0a894f1075): free -> open (buildvm-ppc64le-08.iad2.fedoraproject.org)
  82432195 buildSRPMFromSCM (/rpms/mp.git:f4072122ac3353cb54e40749ab503b0a894f1075): open (buildvm-ppc64le-08.iad2.fedoraproject.org) -> closed
  0 free  1 open  1 done  0 failed
  82432255 buildArch (mp-3.1.0-37.20200303git7fd4828.fc36.src.rpm, s390x): free
  82432251 buildArch (mp-3.1.0-37.20200303git7fd4828.fc36.src.rpm, i686): free
  82432250 buildArch (mp-3.1.0-37.20200303git7fd4828.fc36.src.rpm, armv7hl): open (buildvm-a32-30.iad2.fedoraproject.org)
  82432252 buildArch (mp-3.1.0-37.20200303git7fd4828.fc36.src.rpm, x86_64): free
  82432254 buildArch (mp-3.1.0-37.20200303git7fd4828.fc36.src.rpm, ppc64le): free
  82432253 buildArch (mp-3.1.0-37.20200303git7fd4828.fc36.src.rpm, aarch64): open (buildvm-a64-33.iad2.fedoraproject.org)
  82432254 buildArch (mp-3.1.0-37.20200303git7fd4828.fc36.src.rpm, ppc64le): free -> open (buildvm-ppc64le-39.iad2.fedoraproject.org)
  82432255 buildArch (mp-3.1.0-37.20200303git7fd4828.fc36.src.rpm, s390x): free -> open (buildvm-s390x-22.s390.fedoraproject.org)
  82432251 buildArch (mp-3.1.0-37.20200303git7fd4828.fc36.src.rpm, i686): free -> open (buildvm-x86-18.iad2.fedoraproject.org)
  82432252 buildArch (mp-3.1.0-37.20200303git7fd4828.fc36.src.rpm, x86_64): free -> open (buildvm-x86-19.iad2.fedoraproject.org)
  82432252 buildArch (mp-3.1.0-37.20200303git7fd4828.fc36.src.rpm, x86_64): open (buildvm-x86-19.iad2.fedoraproject.org) -> closed
  0 free  6 open  2 done  0 failed
  82432251 buildArch (mp-3.1.0-37.20200303git7fd4828.fc36.src.rpm, i686): open (buildvm-x86-18.iad2.fedoraproject.org) -> closed
  0 free  5 open  3 done  0 failed
  82432254 buildArch (mp-3.1.0-37.20200303git7fd4828.fc36.src.rpm, ppc64le): open (buildvm-ppc64le-39.iad2.fedoraproject.org) -> closed
  0 free  4 open  4 done  0 failed
  82432255 buildArch (mp-3.1.0-37.20200303git7fd4828.fc36.src.rpm, s390x): open (buildvm-s390x-22.s390.fedoraproject.org) -> closed
  0 free  3 open  5 done  0 failed
  82432250 buildArch (mp-3.1.0-37.20200303git7fd4828.fc36.src.rpm, armv7hl): open (buildvm-a32-30.iad2.fedoraproject.org) -> closed
  0 free  2 open  6 done  0 failed
  82432253 buildArch (mp-3.1.0-37.20200303git7fd4828.fc36.src.rpm, aarch64): open (buildvm-a64-33.iad2.fedoraproject.org) -> closed
  0 free  1 open  7 done  0 failed
  82433287 tagBuild (noarch): free
  82433287 tagBuild (noarch): free -> open (buildvm-s390x-18.s390.fedoraproject.org)
  82433287 tagBuild (noarch): open (buildvm-s390x-18.s390.fedoraproject.org) -> closed
  0 free  1 open  8 done  0 failed
82432192 build (f36-java17, /rpms/mp.git:f4072122ac3353cb54e40749ab503b0a894f1075): open (buildvm-s390x-33.s390.fedoraproject.org) -> closed
  0 free  0 open  9 done  0 failed

82432192 build (f36-java17, /rpms/mp.git:f4072122ac3353cb54e40749ab503b0a894f1075) completed successfully
