Cloning into 'mxparser'...
[rawhide 86e0e6b] Rebuilt for java-17-openjdk as system jdk
 1 file changed, 4 insertions(+), 1 deletion(-)
Building mxparser-1.2.2-3.fc36 for f36-java17
Created task: 82432203
Task info: https://koji.fedoraproject.org/koji/taskinfo?taskID=82432203
Watching tasks (this may be safely interrupted)...
82432203 build (f36-java17, /rpms/mxparser.git:86e0e6bb49e0c93b99a887ee2c3189ec1f6d098c): free
82432203 build (f36-java17, /rpms/mxparser.git:86e0e6bb49e0c93b99a887ee2c3189ec1f6d098c): free -> open (buildvm-ppc64le-36.iad2.fedoraproject.org)
  82432205 buildSRPMFromSCM (/rpms/mxparser.git:86e0e6bb49e0c93b99a887ee2c3189ec1f6d098c): open (buildvm-ppc64le-31.iad2.fedoraproject.org)
  82432205 buildSRPMFromSCM (/rpms/mxparser.git:86e0e6bb49e0c93b99a887ee2c3189ec1f6d098c): open (buildvm-ppc64le-31.iad2.fedoraproject.org) -> closed
  0 free  1 open  1 done  0 failed
  82432292 buildArch (mxparser-1.2.2-3.fc36.src.rpm, noarch): free
  82432292 buildArch (mxparser-1.2.2-3.fc36.src.rpm, noarch): free -> open (buildvm-ppc64le-22.iad2.fedoraproject.org)
  82432292 buildArch (mxparser-1.2.2-3.fc36.src.rpm, noarch): open (buildvm-ppc64le-22.iad2.fedoraproject.org) -> closed
  0 free  1 open  2 done  0 failed
  82432440 tagBuild (noarch): closed
82432203 build (f36-java17, /rpms/mxparser.git:86e0e6bb49e0c93b99a887ee2c3189ec1f6d098c): open (buildvm-ppc64le-36.iad2.fedoraproject.org) -> closed
  0 free  0 open  4 done  0 failed

82432203 build (f36-java17, /rpms/mxparser.git:86e0e6bb49e0c93b99a887ee2c3189ec1f6d098c) completed successfully
