Cloning into 'mysql-connector-java'...
[rawhide 4cf054d] Rebuilt for java-17-openjdk as system jdk
 1 file changed, 4 insertions(+), 1 deletion(-)
Building mysql-connector-java-8.0.28-3.fc36 for f36-java17
Created task: 82432208
Task info: https://koji.fedoraproject.org/koji/taskinfo?taskID=82432208
Watching tasks (this may be safely interrupted)...
82432208 build (f36-java17, /rpms/mysql-connector-java.git:4cf054d047c1cecb2929622cd87651231c83e243): free
82432208 build (f36-java17, /rpms/mysql-connector-java.git:4cf054d047c1cecb2929622cd87651231c83e243): free -> open (buildvm-ppc64le-10.iad2.fedoraproject.org)
  82432209 buildSRPMFromSCM (/rpms/mysql-connector-java.git:4cf054d047c1cecb2929622cd87651231c83e243): open (buildvm-ppc64le-10.iad2.fedoraproject.org)
  82432280 buildArch (mysql-connector-java-8.0.28-3.fc36.src.rpm, noarch): open (buildvm-x86-14.iad2.fedoraproject.org)
  82432209 buildSRPMFromSCM (/rpms/mysql-connector-java.git:4cf054d047c1cecb2929622cd87651231c83e243): open (buildvm-ppc64le-10.iad2.fedoraproject.org) -> closed
  0 free  2 open  1 done  0 failed
  82432280 buildArch (mysql-connector-java-8.0.28-3.fc36.src.rpm, noarch): open (buildvm-x86-14.iad2.fedoraproject.org) -> closed
  0 free  1 open  2 done  0 failed
  82433368 tagBuild (noarch): free
  82433368 tagBuild (noarch): free -> closed
  0 free  1 open  3 done  0 failed
82432208 build (f36-java17, /rpms/mysql-connector-java.git:4cf054d047c1cecb2929622cd87651231c83e243): open (buildvm-ppc64le-10.iad2.fedoraproject.org) -> closed
  0 free  0 open  4 done  0 failed

82432208 build (f36-java17, /rpms/mysql-connector-java.git:4cf054d047c1cecb2929622cd87651231c83e243) completed successfully
