Cloning into 'nailgun'...
[rawhide 12363b1] Rebuilt for java-17-openjdk as system jdk
 1 file changed, 4 insertions(+), 1 deletion(-)
Building nailgun-0.9.1-20.fc36 for f36-java17
Created task: 82432247
Task info: https://koji.fedoraproject.org/koji/taskinfo?taskID=82432247
Watching tasks (this may be safely interrupted)...
82432247 build (f36-java17, /rpms/nailgun.git:12363b152b60785e5ef59a898e6004ad2c99c579): free
82432247 build (f36-java17, /rpms/nailgun.git:12363b152b60785e5ef59a898e6004ad2c99c579): free -> open (buildvm-ppc64le-06.iad2.fedoraproject.org)
  82432262 buildSRPMFromSCM (/rpms/nailgun.git:12363b152b60785e5ef59a898e6004ad2c99c579): free
  82432262 buildSRPMFromSCM (/rpms/nailgun.git:12363b152b60785e5ef59a898e6004ad2c99c579): free -> open (buildvm-ppc64le-06.iad2.fedoraproject.org)
  82432262 buildSRPMFromSCM (/rpms/nailgun.git:12363b152b60785e5ef59a898e6004ad2c99c579): open (buildvm-ppc64le-06.iad2.fedoraproject.org) -> closed
  0 free  1 open  1 done  0 failed
  82432350 buildArch (nailgun-0.9.1-20.fc36.src.rpm, aarch64): open (buildvm-a64-09.iad2.fedoraproject.org)
  82432346 buildArch (nailgun-0.9.1-20.fc36.src.rpm, i686): free
  82432347 buildArch (nailgun-0.9.1-20.fc36.src.rpm, x86_64): free
  82432353 buildArch (nailgun-0.9.1-20.fc36.src.rpm, s390x): open (buildvm-s390x-28.s390.fedoraproject.org)
  82432351 buildArch (nailgun-0.9.1-20.fc36.src.rpm, ppc64le): free
  82432344 buildArch (nailgun-0.9.1-20.fc36.src.rpm, armv7hl): open (buildvm-a32-04.iad2.fedoraproject.org)
  82432346 buildArch (nailgun-0.9.1-20.fc36.src.rpm, i686): free -> open (buildvm-x86-25.iad2.fedoraproject.org)
  82432351 buildArch (nailgun-0.9.1-20.fc36.src.rpm, ppc64le): free -> open (buildvm-ppc64le-11.iad2.fedoraproject.org)
  82432347 buildArch (nailgun-0.9.1-20.fc36.src.rpm, x86_64): free -> open (buildvm-x86-11.iad2.fedoraproject.org)
  82432353 buildArch (nailgun-0.9.1-20.fc36.src.rpm, s390x): open (buildvm-s390x-28.s390.fedoraproject.org) -> closed
  0 free  6 open  2 done  0 failed
  82432347 buildArch (nailgun-0.9.1-20.fc36.src.rpm, x86_64): open (buildvm-x86-11.iad2.fedoraproject.org) -> closed
  0 free  5 open  3 done  0 failed
  82432350 buildArch (nailgun-0.9.1-20.fc36.src.rpm, aarch64): open (buildvm-a64-09.iad2.fedoraproject.org) -> closed
  0 free  4 open  4 done  0 failed
  82432351 buildArch (nailgun-0.9.1-20.fc36.src.rpm, ppc64le): open (buildvm-ppc64le-11.iad2.fedoraproject.org) -> closed
  0 free  3 open  5 done  0 failed
  82432346 buildArch (nailgun-0.9.1-20.fc36.src.rpm, i686): open (buildvm-x86-25.iad2.fedoraproject.org) -> closed
  0 free  2 open  6 done  0 failed
  82432344 buildArch (nailgun-0.9.1-20.fc36.src.rpm, armv7hl): open (buildvm-a32-04.iad2.fedoraproject.org) -> closed
  0 free  1 open  7 done  0 failed
  82432568 tagBuild (noarch): free
  82432568 tagBuild (noarch): free -> closed
  0 free  1 open  8 done  0 failed
82432247 build (f36-java17, /rpms/nailgun.git:12363b152b60785e5ef59a898e6004ad2c99c579): open (buildvm-ppc64le-06.iad2.fedoraproject.org) -> closed
  0 free  0 open  9 done  0 failed

82432247 build (f36-java17, /rpms/nailgun.git:12363b152b60785e5ef59a898e6004ad2c99c579) completed successfully
