Cloning into 'octave'...
[rawhide 2d9eb03] Rebuilt for java-17-openjdk as system jdk
 1 file changed, 4 insertions(+), 1 deletion(-)
warning: Macro expanded in comment on line 46: %{version}%{?rctag}.tar.lz

warning: line 152: Possible unexpanded macro in: Requires:       hdf5 = %{_hdf5_version}

Building octave-6.4.0-4.fc36 for f36-java17
Created task: 82432431
Task info: https://koji.fedoraproject.org/koji/taskinfo?taskID=82432431
Watching tasks (this may be safely interrupted)...
82432431 build (f36-java17, /rpms/octave.git:2d9eb03a84adff50f6028c7a020d098a696a02d3): free
82432431 build (f36-java17, /rpms/octave.git:2d9eb03a84adff50f6028c7a020d098a696a02d3): free -> open (buildvm-ppc64le-14.iad2.fedoraproject.org)
  82432432 buildSRPMFromSCM (/rpms/octave.git:2d9eb03a84adff50f6028c7a020d098a696a02d3): free
  82432432 buildSRPMFromSCM (/rpms/octave.git:2d9eb03a84adff50f6028c7a020d098a696a02d3): free -> open (buildvm-ppc64le-14.iad2.fedoraproject.org)
  82432432 buildSRPMFromSCM (/rpms/octave.git:2d9eb03a84adff50f6028c7a020d098a696a02d3): open (buildvm-ppc64le-14.iad2.fedoraproject.org) -> closed
  0 free  1 open  1 done  0 failed
  82432584 buildArch (octave-6.4.0-4.fc36.src.rpm, armv7hl): free
  82432585 buildArch (octave-6.4.0-4.fc36.src.rpm, i686): free
  82432589 buildArch (octave-6.4.0-4.fc36.src.rpm, aarch64): free
  82432591 buildArch (octave-6.4.0-4.fc36.src.rpm, s390x): free
  82432590 buildArch (octave-6.4.0-4.fc36.src.rpm, ppc64le): free
  82432587 buildArch (octave-6.4.0-4.fc36.src.rpm, x86_64): free
  82432584 buildArch (octave-6.4.0-4.fc36.src.rpm, armv7hl): free -> open (buildvm-a32-18.iad2.fedoraproject.org)
  82432589 buildArch (octave-6.4.0-4.fc36.src.rpm, aarch64): free -> open (buildvm-a64-28.iad2.fedoraproject.org)
  82432591 buildArch (octave-6.4.0-4.fc36.src.rpm, s390x): free -> open (buildvm-s390x-28.s390.fedoraproject.org)
  82432585 buildArch (octave-6.4.0-4.fc36.src.rpm, i686): free -> open (buildhw-x86-12.iad2.fedoraproject.org)
  82432587 buildArch (octave-6.4.0-4.fc36.src.rpm, x86_64): free -> open (buildhw-x86-08.iad2.fedoraproject.org)
  82432590 buildArch (octave-6.4.0-4.fc36.src.rpm, ppc64le): free -> open (buildvm-ppc64le-35.iad2.fedoraproject.org)
  82432590 buildArch (octave-6.4.0-4.fc36.src.rpm, ppc64le): open (buildvm-ppc64le-35.iad2.fedoraproject.org) -> FAILED: BuildError: error building package (arch ppc64le), mock exited with status 1; see build.log or root.log for more information
  Relevant logs:
  https://kojipkgs.fedoraproject.org/work/tasks/2590/82432590/mock_output.log
  https://kojipkgs.fedoraproject.org/work/tasks/2590/82432590/hw_info.log
  https://kojipkgs.fedoraproject.org/work/tasks/2590/82432590/state.log
  https://kojipkgs.fedoraproject.org/work/tasks/2590/82432590/build.log
  https://kojipkgs.fedoraproject.org/work/tasks/2590/82432590/root.log
  0 free  6 open  1 done  1 failed
82432431 build (f36-java17, /rpms/octave.git:2d9eb03a84adff50f6028c7a020d098a696a02d3): open (buildvm-ppc64le-14.iad2.fedoraproject.org) -> FAILED: BuildError: error building package (arch ppc64le), mock exited with status 1; see build.log or root.log for more information
  0 free  5 open  1 done  2 failed
  82432584 buildArch (octave-6.4.0-4.fc36.src.rpm, armv7hl): open (buildvm-a32-18.iad2.fedoraproject.org) -> canceled
  0 free  4 open  2 done  2 failed
  82432585 buildArch (octave-6.4.0-4.fc36.src.rpm, i686): open (buildhw-x86-12.iad2.fedoraproject.org) -> canceled
  0 free  3 open  3 done  2 failed
  82432589 buildArch (octave-6.4.0-4.fc36.src.rpm, aarch64): open (buildvm-a64-28.iad2.fedoraproject.org) -> canceled
  0 free  2 open  4 done  2 failed
  82432591 buildArch (octave-6.4.0-4.fc36.src.rpm, s390x): open (buildvm-s390x-28.s390.fedoraproject.org) -> canceled
  0 free  1 open  5 done  2 failed
  82432587 buildArch (octave-6.4.0-4.fc36.src.rpm, x86_64): open (buildhw-x86-08.iad2.fedoraproject.org) -> canceled
  0 free  0 open  6 done  2 failed

82432431 build (f36-java17, /rpms/octave.git:2d9eb03a84adff50f6028c7a020d098a696a02d3) failed
