Cloning into 'ongres-scram'...
[rawhide 2e6d690] Rebuilt for java-17-openjdk as system jdk
 1 file changed, 4 insertions(+), 1 deletion(-)
Building ongres-scram-2.1-5.fc36 for f36-java17
Created task: 82432448
Task info: https://koji.fedoraproject.org/koji/taskinfo?taskID=82432448
Watching tasks (this may be safely interrupted)...
82432448 build (f36-java17, /rpms/ongres-scram.git:2e6d6900a3ee70e37cf893e922e6287ad9ef8607): free
82432448 build (f36-java17, /rpms/ongres-scram.git:2e6d6900a3ee70e37cf893e922e6287ad9ef8607): free -> open (buildvm-ppc64le-40.iad2.fedoraproject.org)
  82432469 buildSRPMFromSCM (/rpms/ongres-scram.git:2e6d6900a3ee70e37cf893e922e6287ad9ef8607): free
  82432469 buildSRPMFromSCM (/rpms/ongres-scram.git:2e6d6900a3ee70e37cf893e922e6287ad9ef8607): free -> open (buildvm-x86-27.iad2.fedoraproject.org)
  82432469 buildSRPMFromSCM (/rpms/ongres-scram.git:2e6d6900a3ee70e37cf893e922e6287ad9ef8607): open (buildvm-x86-27.iad2.fedoraproject.org) -> closed
  0 free  1 open  1 done  0 failed
  82432604 buildArch (ongres-scram-2.1-5.fc36.src.rpm, noarch): free
  82432604 buildArch (ongres-scram-2.1-5.fc36.src.rpm, noarch): free -> open (buildvm-a32-23.iad2.fedoraproject.org)
  82432604 buildArch (ongres-scram-2.1-5.fc36.src.rpm, noarch): open (buildvm-a32-23.iad2.fedoraproject.org) -> closed
  0 free  1 open  2 done  0 failed
  82432691 tagBuild (noarch): free
  82432691 tagBuild (noarch): free -> closed
  0 free  1 open  3 done  0 failed
82432448 build (f36-java17, /rpms/ongres-scram.git:2e6d6900a3ee70e37cf893e922e6287ad9ef8607): open (buildvm-ppc64le-40.iad2.fedoraproject.org) -> closed
  0 free  0 open  4 done  0 failed

82432448 build (f36-java17, /rpms/ongres-scram.git:2e6d6900a3ee70e37cf893e922e6287ad9ef8607) completed successfully
