Cloning into 'openjdk-asmtools'...
[rawhide 773b927] Rebuilt for java-17-openjdk as system jdk
 1 file changed, 4 insertions(+), 1 deletion(-)
Building openjdk-asmtools-7.0.b10-0.6.20210610.gitf40a2c0.fc36 for f36-java17
Created task: 82432582
Task info: https://koji.fedoraproject.org/koji/taskinfo?taskID=82432582
Watching tasks (this may be safely interrupted)...
82432582 build (f36-java17, /rpms/openjdk-asmtools.git:773b927dd1bc156620fb046601a8fb9d768c7eca): free
82432582 build (f36-java17, /rpms/openjdk-asmtools.git:773b927dd1bc156620fb046601a8fb9d768c7eca): free -> open (buildvm-s390x-25.s390.fedoraproject.org)
  82432583 buildSRPMFromSCM (/rpms/openjdk-asmtools.git:773b927dd1bc156620fb046601a8fb9d768c7eca): free
  82432583 buildSRPMFromSCM (/rpms/openjdk-asmtools.git:773b927dd1bc156620fb046601a8fb9d768c7eca): free -> open (buildvm-ppc64le-11.iad2.fedoraproject.org)
  82432583 buildSRPMFromSCM (/rpms/openjdk-asmtools.git:773b927dd1bc156620fb046601a8fb9d768c7eca): open (buildvm-ppc64le-11.iad2.fedoraproject.org) -> closed
  0 free  1 open  1 done  0 failed
  82432693 buildArch (openjdk-asmtools-7.0.b10-0.6.20210610.gitf40a2c0.fc36.src.rpm, noarch): free
  82432693 buildArch (openjdk-asmtools-7.0.b10-0.6.20210610.gitf40a2c0.fc36.src.rpm, noarch): free -> open (buildvm-ppc64le-06.iad2.fedoraproject.org)
  82432693 buildArch (openjdk-asmtools-7.0.b10-0.6.20210610.gitf40a2c0.fc36.src.rpm, noarch): open (buildvm-ppc64le-06.iad2.fedoraproject.org) -> closed
  0 free  1 open  2 done  0 failed
  82432750 tagBuild (noarch): closed
82432582 build (f36-java17, /rpms/openjdk-asmtools.git:773b927dd1bc156620fb046601a8fb9d768c7eca): open (buildvm-s390x-25.s390.fedoraproject.org) -> closed
  0 free  0 open  4 done  0 failed

82432582 build (f36-java17, /rpms/openjdk-asmtools.git:773b927dd1bc156620fb046601a8fb9d768c7eca) completed successfully
