Cloning into 'openjfx'...
[rawhide 4feabdc] Rebuilt for java-17-openjdk as system jdk
 1 file changed, 4 insertions(+), 1 deletion(-)
Building openjfx-11.0.9.2-8.fc36 for f36-java17
Created task: 82432602
Task info: https://koji.fedoraproject.org/koji/taskinfo?taskID=82432602
Watching tasks (this may be safely interrupted)...
82432602 build (f36-java17, /rpms/openjfx.git:4feabdcf91a1c4b5216074db508a5e12b2f568ff): free
82432602 build (f36-java17, /rpms/openjfx.git:4feabdcf91a1c4b5216074db508a5e12b2f568ff): free -> open (buildvm-a32-33.iad2.fedoraproject.org)
  82432605 buildSRPMFromSCM (/rpms/openjfx.git:4feabdcf91a1c4b5216074db508a5e12b2f568ff): free
  82432605 buildSRPMFromSCM (/rpms/openjfx.git:4feabdcf91a1c4b5216074db508a5e12b2f568ff): free -> open (buildvm-x86-29.iad2.fedoraproject.org)
  82432605 buildSRPMFromSCM (/rpms/openjfx.git:4feabdcf91a1c4b5216074db508a5e12b2f568ff): open (buildvm-x86-29.iad2.fedoraproject.org) -> closed
  0 free  1 open  1 done  0 failed
  82432699 buildArch (openjfx-11.0.9.2-8.fc36.src.rpm, x86_64): free
  82432699 buildArch (openjfx-11.0.9.2-8.fc36.src.rpm, x86_64): free -> open (buildvm-x86-15.iad2.fedoraproject.org)
  82432699 buildArch (openjfx-11.0.9.2-8.fc36.src.rpm, x86_64): open (buildvm-x86-15.iad2.fedoraproject.org) -> FAILED: BuildError: error building package (arch x86_64), mock exited with status 1; see build.log or root.log for more information
  Relevant logs:
  https://kojipkgs.fedoraproject.org/work/tasks/2699/82432699/mock_output.log
  https://kojipkgs.fedoraproject.org/work/tasks/2699/82432699/hw_info.log
  https://kojipkgs.fedoraproject.org/work/tasks/2699/82432699/state.log
  https://kojipkgs.fedoraproject.org/work/tasks/2699/82432699/build.log
  https://kojipkgs.fedoraproject.org/work/tasks/2699/82432699/root.log
  0 free  1 open  1 done  1 failed
82432602 build (f36-java17, /rpms/openjfx.git:4feabdcf91a1c4b5216074db508a5e12b2f568ff): open (buildvm-a32-33.iad2.fedoraproject.org) -> FAILED: BuildError: error building package (arch x86_64), mock exited with status 1; see build.log or root.log for more information
  0 free  0 open  1 done  2 failed

82432602 build (f36-java17, /rpms/openjfx.git:4feabdcf91a1c4b5216074db508a5e12b2f568ff) failed
