Cloning into 'openstack-java-sdk'...
[rawhide 9324821] Rebuilt for java-17-openjdk as system jdk
 1 file changed, 4 insertions(+), 1 deletion(-)
Building openstack-java-sdk-3.2.9-11.fc36 for f36-java17
Created task: 82432651
Task info: https://koji.fedoraproject.org/koji/taskinfo?taskID=82432651
Watching tasks (this may be safely interrupted)...
82432651 build (f36-java17, /rpms/openstack-java-sdk.git:9324821e6761812573a9426e0cf36abc09c1f42d): free
82432651 build (f36-java17, /rpms/openstack-java-sdk.git:9324821e6761812573a9426e0cf36abc09c1f42d): free -> open (buildvm-s390x-26.s390.fedoraproject.org)
  82432652 buildSRPMFromSCM (/rpms/openstack-java-sdk.git:9324821e6761812573a9426e0cf36abc09c1f42d): free
  82432652 buildSRPMFromSCM (/rpms/openstack-java-sdk.git:9324821e6761812573a9426e0cf36abc09c1f42d): free -> open (buildvm-ppc64le-20.iad2.fedoraproject.org)
  82432652 buildSRPMFromSCM (/rpms/openstack-java-sdk.git:9324821e6761812573a9426e0cf36abc09c1f42d): open (buildvm-ppc64le-20.iad2.fedoraproject.org) -> closed
  0 free  1 open  1 done  0 failed
  82432710 buildArch (openstack-java-sdk-3.2.9-11.fc36.src.rpm, noarch): free
  82432710 buildArch (openstack-java-sdk-3.2.9-11.fc36.src.rpm, noarch): free -> open (buildvm-ppc64le-18.iad2.fedoraproject.org)
  82432806 tagBuild (noarch): free
  82432710 buildArch (openstack-java-sdk-3.2.9-11.fc36.src.rpm, noarch): open (buildvm-ppc64le-18.iad2.fedoraproject.org) -> closed
  1 free  1 open  2 done  0 failed
  82432806 tagBuild (noarch): free -> closed
  0 free  1 open  3 done  0 failed
82432651 build (f36-java17, /rpms/openstack-java-sdk.git:9324821e6761812573a9426e0cf36abc09c1f42d): open (buildvm-s390x-26.s390.fedoraproject.org) -> closed
  0 free  0 open  4 done  0 failed

82432651 build (f36-java17, /rpms/openstack-java-sdk.git:9324821e6761812573a9426e0cf36abc09c1f42d) completed successfully
