Cloning into 'opencv'...
[rawhide 9211c6b] Rebuilt for java-17-openjdk as system jdk
 1 file changed, 4 insertions(+), 1 deletion(-)
Building opencv-4.5.5-3.fc36 for f36-java17
Created task: 82432549
Task info: https://koji.fedoraproject.org/koji/taskinfo?taskID=82432549
Watching tasks (this may be safely interrupted)...
82432549 build (f36-java17, /rpms/opencv.git:9211c6b53473c785a80a9a2d52ad0a5fec6ecac8): free
82432549 build (f36-java17, /rpms/opencv.git:9211c6b53473c785a80a9a2d52ad0a5fec6ecac8): free -> open (buildvm-s390x-04.s390.fedoraproject.org)
  82432569 buildSRPMFromSCM (/rpms/opencv.git:9211c6b53473c785a80a9a2d52ad0a5fec6ecac8): free
  82432569 buildSRPMFromSCM (/rpms/opencv.git:9211c6b53473c785a80a9a2d52ad0a5fec6ecac8): free -> open (buildvm-ppc64le-40.iad2.fedoraproject.org)
  82432569 buildSRPMFromSCM (/rpms/opencv.git:9211c6b53473c785a80a9a2d52ad0a5fec6ecac8): open (buildvm-ppc64le-40.iad2.fedoraproject.org) -> closed
  0 free  1 open  1 done  0 failed
  82432731 buildArch (opencv-4.5.5-3.fc36.src.rpm, aarch64): open (buildvm-a64-18.iad2.fedoraproject.org)
  82432727 buildArch (opencv-4.5.5-3.fc36.src.rpm, armv7hl): open (buildvm-a32-28.iad2.fedoraproject.org)
  82432730 buildArch (opencv-4.5.5-3.fc36.src.rpm, x86_64): free
  82432729 buildArch (opencv-4.5.5-3.fc36.src.rpm, i686): open (buildvm-x86-11.iad2.fedoraproject.org)
  82432732 buildArch (opencv-4.5.5-3.fc36.src.rpm, ppc64le): free
  82432733 buildArch (opencv-4.5.5-3.fc36.src.rpm, s390x): free
  82432730 buildArch (opencv-4.5.5-3.fc36.src.rpm, x86_64): free -> open (buildvm-x86-11.iad2.fedoraproject.org)
  82432733 buildArch (opencv-4.5.5-3.fc36.src.rpm, s390x): free -> open (buildvm-s390x-06.s390.fedoraproject.org)
  82432732 buildArch (opencv-4.5.5-3.fc36.src.rpm, ppc64le): free -> open (buildvm-ppc64le-17.iad2.fedoraproject.org)
  82432732 buildArch (opencv-4.5.5-3.fc36.src.rpm, ppc64le): open (buildvm-ppc64le-17.iad2.fedoraproject.org) -> FAILED: BuildError: error building package (arch ppc64le), mock exited with status 1; see build.log or root.log for more information
  Relevant logs:
  https://kojipkgs.fedoraproject.org/work/tasks/2732/82432732/mock_output.log
  https://kojipkgs.fedoraproject.org/work/tasks/2732/82432732/hw_info.log
  https://kojipkgs.fedoraproject.org/work/tasks/2732/82432732/state.log
  https://kojipkgs.fedoraproject.org/work/tasks/2732/82432732/build.log
  https://kojipkgs.fedoraproject.org/work/tasks/2732/82432732/root.log
  0 free  6 open  1 done  1 failed
  82432731 buildArch (opencv-4.5.5-3.fc36.src.rpm, aarch64): open (buildvm-a64-18.iad2.fedoraproject.org) -> canceled
  0 free  5 open  2 done  1 failed
  82432727 buildArch (opencv-4.5.5-3.fc36.src.rpm, armv7hl): open (buildvm-a32-28.iad2.fedoraproject.org) -> canceled
  0 free  4 open  3 done  1 failed
  82432730 buildArch (opencv-4.5.5-3.fc36.src.rpm, x86_64): open (buildvm-x86-11.iad2.fedoraproject.org) -> canceled
  0 free  3 open  4 done  1 failed
  82432729 buildArch (opencv-4.5.5-3.fc36.src.rpm, i686): open (buildvm-x86-11.iad2.fedoraproject.org) -> canceled
  0 free  2 open  5 done  1 failed
  82432733 buildArch (opencv-4.5.5-3.fc36.src.rpm, s390x): open (buildvm-s390x-06.s390.fedoraproject.org) -> canceled
  0 free  1 open  6 done  1 failed
82432549 build (f36-java17, /rpms/opencv.git:9211c6b53473c785a80a9a2d52ad0a5fec6ecac8): open (buildvm-s390x-04.s390.fedoraproject.org) -> FAILED: BuildError: error building package (arch ppc64le), mock exited with status 1; see build.log or root.log for more information
  0 free  0 open  6 done  2 failed

82432549 build (f36-java17, /rpms/opencv.git:9211c6b53473c785a80a9a2d52ad0a5fec6ecac8) failed
