Cloning into 'openmpi'...
[rawhide ec99e91] Rebuilt for java-17-openjdk as system jdk
 1 file changed, 4 insertions(+), 1 deletion(-)
warning: line 124: Possible unexpanded macro in: Requires:	(python(abi) = %{python3_version} if python3)
warning: line 164: Possible unexpanded macro in: Requires:       python(abi) = %{python3_version}

Building openmpi-4.1.2-3.fc36 for f36-java17
Created task: 82432616
Task info: https://koji.fedoraproject.org/koji/taskinfo?taskID=82432616
Watching tasks (this may be safely interrupted)...
82432616 build (f36-java17, /rpms/openmpi.git:ec99e913a1d3e9729990c0bd78850fe2224e31de): open (buildvm-s390x-04.s390.fedoraproject.org)
  82432618 buildSRPMFromSCM (/rpms/openmpi.git:ec99e913a1d3e9729990c0bd78850fe2224e31de): free
  82432618 buildSRPMFromSCM (/rpms/openmpi.git:ec99e913a1d3e9729990c0bd78850fe2224e31de): free -> open (buildvm-ppc64le-37.iad2.fedoraproject.org)
  82432618 buildSRPMFromSCM (/rpms/openmpi.git:ec99e913a1d3e9729990c0bd78850fe2224e31de): open (buildvm-ppc64le-37.iad2.fedoraproject.org) -> closed
  0 free  1 open  1 done  0 failed
  82432709 buildArch (openmpi-4.1.2-3.fc36.src.rpm, i686): open (buildvm-x86-29.iad2.fedoraproject.org)
  82432711 buildArch (openmpi-4.1.2-3.fc36.src.rpm, x86_64): open (buildhw-x86-05.iad2.fedoraproject.org)
  82432714 buildArch (openmpi-4.1.2-3.fc36.src.rpm, s390x): open (buildvm-s390x-25.s390.fedoraproject.org)
  82432713 buildArch (openmpi-4.1.2-3.fc36.src.rpm, ppc64le): free
  82432708 buildArch (openmpi-4.1.2-3.fc36.src.rpm, armv7hl): open (buildvm-a32-19.iad2.fedoraproject.org)
  82432712 buildArch (openmpi-4.1.2-3.fc36.src.rpm, aarch64): open (buildvm-a64-21.iad2.fedoraproject.org)
  82432713 buildArch (openmpi-4.1.2-3.fc36.src.rpm, ppc64le): free -> open (buildvm-ppc64le-15.iad2.fedoraproject.org)
  82432711 buildArch (openmpi-4.1.2-3.fc36.src.rpm, x86_64): open (buildhw-x86-05.iad2.fedoraproject.org) -> closed
  0 free  6 open  2 done  0 failed
  82432714 buildArch (openmpi-4.1.2-3.fc36.src.rpm, s390x): open (buildvm-s390x-25.s390.fedoraproject.org) -> closed
  0 free  5 open  3 done  0 failed
  82432713 buildArch (openmpi-4.1.2-3.fc36.src.rpm, ppc64le): open (buildvm-ppc64le-15.iad2.fedoraproject.org) -> closed
  0 free  4 open  4 done  0 failed
  82432709 buildArch (openmpi-4.1.2-3.fc36.src.rpm, i686): open (buildvm-x86-29.iad2.fedoraproject.org) -> closed
  0 free  3 open  5 done  0 failed
  82432708 buildArch (openmpi-4.1.2-3.fc36.src.rpm, armv7hl): open (buildvm-a32-19.iad2.fedoraproject.org) -> closed
  0 free  2 open  6 done  0 failed
  82432712 buildArch (openmpi-4.1.2-3.fc36.src.rpm, aarch64): open (buildvm-a64-21.iad2.fedoraproject.org) -> closed
  0 free  1 open  7 done  0 failed
  82433835 tagBuild (noarch): closed
82432616 build (f36-java17, /rpms/openmpi.git:ec99e913a1d3e9729990c0bd78850fe2224e31de): open (buildvm-s390x-04.s390.fedoraproject.org) -> closed
  0 free  0 open  9 done  0 failed

82432616 build (f36-java17, /rpms/openmpi.git:ec99e913a1d3e9729990c0bd78850fe2224e31de) completed successfully
