Cloning into 'openjfx8'...
[rawhide 4e71361] Rebuilt for java-17-openjdk as system jdk
 1 file changed, 4 insertions(+), 1 deletion(-)
Building openjfx8-8.0.202-31.b07.fc36 for f36-java17
Created task: 82432607
Task info: https://koji.fedoraproject.org/koji/taskinfo?taskID=82432607
Watching tasks (this may be safely interrupted)...
82432607 build (f36-java17, /rpms/openjfx8.git:4e713619aeaa923d74a9e43930d37be21c5789c3): free
82432607 build (f36-java17, /rpms/openjfx8.git:4e713619aeaa923d74a9e43930d37be21c5789c3): free -> open (buildvm-a32-19.iad2.fedoraproject.org)
  82432608 buildSRPMFromSCM (/rpms/openjfx8.git:4e713619aeaa923d74a9e43930d37be21c5789c3): free
  82432608 buildSRPMFromSCM (/rpms/openjfx8.git:4e713619aeaa923d74a9e43930d37be21c5789c3): free -> open (buildvm-ppc64le-14.iad2.fedoraproject.org)
  82432608 buildSRPMFromSCM (/rpms/openjfx8.git:4e713619aeaa923d74a9e43930d37be21c5789c3): open (buildvm-ppc64le-14.iad2.fedoraproject.org) -> closed
  0 free  1 open  1 done  0 failed
  82432715 buildArch (openjfx8-8.0.202-31.b07.fc36.src.rpm, x86_64): free
  82432715 buildArch (openjfx8-8.0.202-31.b07.fc36.src.rpm, x86_64): free -> open (buildvm-x86-16.iad2.fedoraproject.org)
  82432715 buildArch (openjfx8-8.0.202-31.b07.fc36.src.rpm, x86_64): open (buildvm-x86-16.iad2.fedoraproject.org) -> FAILED: BuildError: error building package (arch x86_64), mock exited with status 1; see build.log or root.log for more information
  Relevant logs:
  https://kojipkgs.fedoraproject.org/work/tasks/2715/82432715/mock_output.log
  https://kojipkgs.fedoraproject.org/work/tasks/2715/82432715/hw_info.log
  https://kojipkgs.fedoraproject.org/work/tasks/2715/82432715/state.log
  https://kojipkgs.fedoraproject.org/work/tasks/2715/82432715/build.log
  https://kojipkgs.fedoraproject.org/work/tasks/2715/82432715/root.log
  0 free  1 open  1 done  1 failed
82432607 build (f36-java17, /rpms/openjfx8.git:4e713619aeaa923d74a9e43930d37be21c5789c3): open (buildvm-a32-19.iad2.fedoraproject.org) -> FAILED: BuildError: error building package (arch x86_64), mock exited with status 1; see build.log or root.log for more information
  0 free  0 open  1 done  2 failed

82432607 build (f36-java17, /rpms/openjfx8.git:4e713619aeaa923d74a9e43930d37be21c5789c3) failed
