Cloning into 'OpenStego'...
[rawhide e1db748] Rebuilt for java-17-openjdk as system jdk
 1 file changed, 4 insertions(+), 1 deletion(-)
Building OpenStego-0.7.4-5.fc36 for f36-java17
Created task: 82432654
Task info: https://koji.fedoraproject.org/koji/taskinfo?taskID=82432654
Watching tasks (this may be safely interrupted)...
82432654 build (f36-java17, /rpms/OpenStego.git:e1db748fd16752280a9c6fcd74e715cfb6a9cab6): free
82432654 build (f36-java17, /rpms/OpenStego.git:e1db748fd16752280a9c6fcd74e715cfb6a9cab6): free -> open (buildvm-ppc64le-33.iad2.fedoraproject.org)
  82432655 buildSRPMFromSCM (/rpms/OpenStego.git:e1db748fd16752280a9c6fcd74e715cfb6a9cab6): free
  82432655 buildSRPMFromSCM (/rpms/OpenStego.git:e1db748fd16752280a9c6fcd74e715cfb6a9cab6): free -> open (buildvm-x86-10.iad2.fedoraproject.org)
  82432655 buildSRPMFromSCM (/rpms/OpenStego.git:e1db748fd16752280a9c6fcd74e715cfb6a9cab6): open (buildvm-x86-10.iad2.fedoraproject.org) -> closed
  0 free  1 open  1 done  0 failed
  82432726 buildArch (OpenStego-0.7.4-5.fc36.src.rpm, noarch): free
  82432726 buildArch (OpenStego-0.7.4-5.fc36.src.rpm, noarch): free -> open (buildvm-x86-27.iad2.fedoraproject.org)
  82432726 buildArch (OpenStego-0.7.4-5.fc36.src.rpm, noarch): open (buildvm-x86-27.iad2.fedoraproject.org) -> closed
  0 free  1 open  2 done  0 failed
  82432867 tagBuild (noarch): free
  82432867 tagBuild (noarch): free -> closed
  0 free  1 open  3 done  0 failed
82432654 build (f36-java17, /rpms/OpenStego.git:e1db748fd16752280a9c6fcd74e715cfb6a9cab6): open (buildvm-ppc64le-33.iad2.fedoraproject.org) -> closed
  0 free  0 open  4 done  0 failed

82432654 build (f36-java17, /rpms/OpenStego.git:e1db748fd16752280a9c6fcd74e715cfb6a9cab6) completed successfully
