Cloning into 'options'...
[rawhide 470cf36] Rebuilt for java-17-openjdk as system jdk
 1 file changed, 4 insertions(+), 1 deletion(-)
Building options-1.7-3.fc36 for f36-java17
Created task: 82432690
Task info: https://koji.fedoraproject.org/koji/taskinfo?taskID=82432690
Watching tasks (this may be safely interrupted)...
82432690 build (f36-java17, /rpms/options.git:470cf361d44ed3077c82b887abd2eda124ef03ea): free
82432690 build (f36-java17, /rpms/options.git:470cf361d44ed3077c82b887abd2eda124ef03ea): free -> open (buildvm-s390x-34.s390.fedoraproject.org)
  82432694 buildSRPMFromSCM (/rpms/options.git:470cf361d44ed3077c82b887abd2eda124ef03ea): free
  82432694 buildSRPMFromSCM (/rpms/options.git:470cf361d44ed3077c82b887abd2eda124ef03ea): free -> open (buildvm-ppc64le-14.iad2.fedoraproject.org)
  82432694 buildSRPMFromSCM (/rpms/options.git:470cf361d44ed3077c82b887abd2eda124ef03ea): open (buildvm-ppc64le-14.iad2.fedoraproject.org) -> closed
  0 free  1 open  1 done  0 failed
  82432746 buildArch (options-1.7-3.fc36.src.rpm, noarch): open (buildvm-ppc64le-04.iad2.fedoraproject.org)
  82432865 tagBuild (noarch): free
  82432746 buildArch (options-1.7-3.fc36.src.rpm, noarch): open (buildvm-ppc64le-04.iad2.fedoraproject.org) -> closed
  1 free  1 open  2 done  0 failed
  82432865 tagBuild (noarch): free -> closed
  0 free  1 open  3 done  0 failed
82432690 build (f36-java17, /rpms/options.git:470cf361d44ed3077c82b887abd2eda124ef03ea): open (buildvm-s390x-34.s390.fedoraproject.org) -> closed
  0 free  0 open  4 done  0 failed

82432690 build (f36-java17, /rpms/options.git:470cf361d44ed3077c82b887abd2eda124ef03ea) completed successfully
