Cloning into 'osgi-core'...
[rawhide 4b7b54b] Rebuilt for java-17-openjdk as system jdk
 1 file changed, 4 insertions(+), 1 deletion(-)
Building osgi-core-8.0.0-5.fc36 for f36-java17
Created task: 82432723
Task info: https://koji.fedoraproject.org/koji/taskinfo?taskID=82432723
Watching tasks (this may be safely interrupted)...
82432723 build (f36-java17, /rpms/osgi-core.git:4b7b54b27861052ecdaa558baf902fb65d7817b0): free
82432723 build (f36-java17, /rpms/osgi-core.git:4b7b54b27861052ecdaa558baf902fb65d7817b0): free -> open (buildvm-x86-11.iad2.fedoraproject.org)
  82432725 buildSRPMFromSCM (/rpms/osgi-core.git:4b7b54b27861052ecdaa558baf902fb65d7817b0): open (buildvm-ppc64le-05.iad2.fedoraproject.org)
  82432725 buildSRPMFromSCM (/rpms/osgi-core.git:4b7b54b27861052ecdaa558baf902fb65d7817b0): open (buildvm-ppc64le-05.iad2.fedoraproject.org) -> closed
  0 free  1 open  1 done  0 failed
  82432789 buildArch (osgi-core-8.0.0-5.fc36.src.rpm, noarch): free
  82432789 buildArch (osgi-core-8.0.0-5.fc36.src.rpm, noarch): free -> open (buildvm-ppc64le-39.iad2.fedoraproject.org)
  82432789 buildArch (osgi-core-8.0.0-5.fc36.src.rpm, noarch): open (buildvm-ppc64le-39.iad2.fedoraproject.org) -> closed
  0 free  1 open  2 done  0 failed
  82432956 tagBuild (noarch): free
  82432956 tagBuild (noarch): free -> closed
  0 free  1 open  3 done  0 failed
82432723 build (f36-java17, /rpms/osgi-core.git:4b7b54b27861052ecdaa558baf902fb65d7817b0): open (buildvm-x86-11.iad2.fedoraproject.org) -> closed
  0 free  0 open  4 done  0 failed

82432723 build (f36-java17, /rpms/osgi-core.git:4b7b54b27861052ecdaa558baf902fb65d7817b0) completed successfully
