Cloning into 'osmpbf'...
[rawhide 730f538] Rebuilt for java-17-openjdk as system jdk
 1 file changed, 4 insertions(+), 1 deletion(-)
Building osmpbf-1.5.0-11.fc36 for f36-java17
Created task: 82432740
Task info: https://koji.fedoraproject.org/koji/taskinfo?taskID=82432740
Watching tasks (this may be safely interrupted)...
82432740 build (f36-java17, /rpms/osmpbf.git:730f538e69283a791e630cef6e636e1fdb63ca29): free
82432740 build (f36-java17, /rpms/osmpbf.git:730f538e69283a791e630cef6e636e1fdb63ca29): free -> open (buildvm-ppc64le-07.iad2.fedoraproject.org)
  82432741 buildSRPMFromSCM (/rpms/osmpbf.git:730f538e69283a791e630cef6e636e1fdb63ca29): free
  82432741 buildSRPMFromSCM (/rpms/osmpbf.git:730f538e69283a791e630cef6e636e1fdb63ca29): free -> open (buildvm-ppc64le-07.iad2.fedoraproject.org)
  82432741 buildSRPMFromSCM (/rpms/osmpbf.git:730f538e69283a791e630cef6e636e1fdb63ca29): open (buildvm-ppc64le-07.iad2.fedoraproject.org) -> closed
  0 free  1 open  1 done  0 failed
  82432819 buildArch (osmpbf-1.5.0-11.fc36.src.rpm, aarch64): open (buildvm-a64-10.iad2.fedoraproject.org)
  82432821 buildArch (osmpbf-1.5.0-11.fc36.src.rpm, s390x): open (buildvm-s390x-32.s390.fedoraproject.org)
  82432815 buildArch (osmpbf-1.5.0-11.fc36.src.rpm, armv7hl): open (buildvm-a32-27.iad2.fedoraproject.org)
  82432820 buildArch (osmpbf-1.5.0-11.fc36.src.rpm, ppc64le): open (buildvm-ppc64le-07.iad2.fedoraproject.org)
  82432818 buildArch (osmpbf-1.5.0-11.fc36.src.rpm, x86_64): free
  82432817 buildArch (osmpbf-1.5.0-11.fc36.src.rpm, i686): open (buildvm-x86-18.iad2.fedoraproject.org)
  82432818 buildArch (osmpbf-1.5.0-11.fc36.src.rpm, x86_64): free -> open (buildvm-x86-15.iad2.fedoraproject.org)
  82432821 buildArch (osmpbf-1.5.0-11.fc36.src.rpm, s390x): open (buildvm-s390x-32.s390.fedoraproject.org) -> closed
  0 free  6 open  2 done  0 failed
  82432818 buildArch (osmpbf-1.5.0-11.fc36.src.rpm, x86_64): open (buildvm-x86-15.iad2.fedoraproject.org) -> closed
  0 free  5 open  3 done  0 failed
  82432817 buildArch (osmpbf-1.5.0-11.fc36.src.rpm, i686): open (buildvm-x86-18.iad2.fedoraproject.org) -> closed
  0 free  4 open  4 done  0 failed
  82432820 buildArch (osmpbf-1.5.0-11.fc36.src.rpm, ppc64le): open (buildvm-ppc64le-07.iad2.fedoraproject.org) -> closed
  0 free  3 open  5 done  0 failed
  82432819 buildArch (osmpbf-1.5.0-11.fc36.src.rpm, aarch64): open (buildvm-a64-10.iad2.fedoraproject.org) -> closed
  0 free  2 open  6 done  0 failed
  82432996 tagBuild (noarch): free
  82432815 buildArch (osmpbf-1.5.0-11.fc36.src.rpm, armv7hl): open (buildvm-a32-27.iad2.fedoraproject.org) -> closed
  1 free  1 open  7 done  0 failed
  82432996 tagBuild (noarch): free -> closed
  0 free  1 open  8 done  0 failed
82432740 build (f36-java17, /rpms/osmpbf.git:730f538e69283a791e630cef6e636e1fdb63ca29): open (buildvm-ppc64le-07.iad2.fedoraproject.org) -> closed
  0 free  0 open  9 done  0 failed

82432740 build (f36-java17, /rpms/osmpbf.git:730f538e69283a791e630cef6e636e1fdb63ca29) completed successfully
