Cloning into 'pdfbox'...
[rawhide e042e59] Rebuilt for java-17-openjdk as system jdk
 1 file changed, 4 insertions(+), 1 deletion(-)
Building pdfbox-2.0.25-3.fc36 for f36-java17
Created task: 82432801
Task info: https://koji.fedoraproject.org/koji/taskinfo?taskID=82432801
Watching tasks (this may be safely interrupted)...
82432801 build (f36-java17, /rpms/pdfbox.git:e042e5901a0e92caccf9d71191c1486e81efbe73): open (buildvm-ppc64le-06.iad2.fedoraproject.org)
  82432802 buildSRPMFromSCM (/rpms/pdfbox.git:e042e5901a0e92caccf9d71191c1486e81efbe73): open (buildvm-ppc64le-06.iad2.fedoraproject.org)
  82432802 buildSRPMFromSCM (/rpms/pdfbox.git:e042e5901a0e92caccf9d71191c1486e81efbe73): open (buildvm-ppc64le-06.iad2.fedoraproject.org) -> closed
  0 free  1 open  1 done  0 failed
  82432926 buildArch (pdfbox-2.0.25-3.fc36.src.rpm, noarch): open (buildvm-x86-15.iad2.fedoraproject.org)
  82432926 buildArch (pdfbox-2.0.25-3.fc36.src.rpm, noarch): open (buildvm-x86-15.iad2.fedoraproject.org) -> closed
  0 free  1 open  2 done  0 failed
  82434975 tagBuild (noarch): free
  82434975 tagBuild (noarch): free -> closed
  0 free  1 open  3 done  0 failed
82432801 build (f36-java17, /rpms/pdfbox.git:e042e5901a0e92caccf9d71191c1486e81efbe73): open (buildvm-ppc64le-06.iad2.fedoraproject.org) -> closed
  0 free  0 open  4 done  0 failed

82432801 build (f36-java17, /rpms/pdfbox.git:e042e5901a0e92caccf9d71191c1486e81efbe73) completed successfully
