Cloning into 'pl'...
[rawhide a90af6b] Rebuilt for java-17-openjdk as system jdk
 1 file changed, 4 insertions(+), 1 deletion(-)
Building pl-8.4.1-3.fc36 for f36-java17
Created task: 82432964
Task info: https://koji.fedoraproject.org/koji/taskinfo?taskID=82432964
Watching tasks (this may be safely interrupted)...
82432964 build (f36-java17, /rpms/pl.git:a90af6be5126dba4839180c81288d8124d647412): free
82432964 build (f36-java17, /rpms/pl.git:a90af6be5126dba4839180c81288d8124d647412): free -> open (buildvm-ppc64le-04.iad2.fedoraproject.org)
  82432969 buildSRPMFromSCM (/rpms/pl.git:a90af6be5126dba4839180c81288d8124d647412): open (buildvm-x86-23.iad2.fedoraproject.org)
  82432969 buildSRPMFromSCM (/rpms/pl.git:a90af6be5126dba4839180c81288d8124d647412): open (buildvm-x86-23.iad2.fedoraproject.org) -> closed
  0 free  1 open  1 done  0 failed
  82433016 buildArch (pl-8.4.1-3.fc36.src.rpm, armv7hl): free
  82433018 buildArch (pl-8.4.1-3.fc36.src.rpm, x86_64): free
  82433017 buildArch (pl-8.4.1-3.fc36.src.rpm, i686): free
  82433019 buildArch (pl-8.4.1-3.fc36.src.rpm, aarch64): free
  82433020 buildArch (pl-8.4.1-3.fc36.src.rpm, ppc64le): free
  82433021 buildArch (pl-8.4.1-3.fc36.src.rpm, s390x): open (buildvm-s390x-03.s390.fedoraproject.org)
  82433016 buildArch (pl-8.4.1-3.fc36.src.rpm, armv7hl): free -> open (buildvm-a32-09.iad2.fedoraproject.org)
  82433019 buildArch (pl-8.4.1-3.fc36.src.rpm, aarch64): free -> open (buildvm-a64-18.iad2.fedoraproject.org)
  82433017 buildArch (pl-8.4.1-3.fc36.src.rpm, i686): free -> open (buildvm-x86-19.iad2.fedoraproject.org)
  82433018 buildArch (pl-8.4.1-3.fc36.src.rpm, x86_64): free -> open (buildvm-x86-19.iad2.fedoraproject.org)
  82433020 buildArch (pl-8.4.1-3.fc36.src.rpm, ppc64le): free -> open (buildvm-ppc64le-40.iad2.fedoraproject.org)
  82433021 buildArch (pl-8.4.1-3.fc36.src.rpm, s390x): open (buildvm-s390x-03.s390.fedoraproject.org) -> closed
  0 free  6 open  2 done  0 failed
  82433018 buildArch (pl-8.4.1-3.fc36.src.rpm, x86_64): open (buildvm-x86-19.iad2.fedoraproject.org) -> closed
  0 free  5 open  3 done  0 failed
  82433020 buildArch (pl-8.4.1-3.fc36.src.rpm, ppc64le): open (buildvm-ppc64le-40.iad2.fedoraproject.org) -> closed
  0 free  4 open  4 done  0 failed
  82433017 buildArch (pl-8.4.1-3.fc36.src.rpm, i686): open (buildvm-x86-19.iad2.fedoraproject.org) -> closed
  0 free  3 open  5 done  0 failed
  82433019 buildArch (pl-8.4.1-3.fc36.src.rpm, aarch64): open (buildvm-a64-18.iad2.fedoraproject.org) -> closed
  0 free  2 open  6 done  0 failed
  82433016 buildArch (pl-8.4.1-3.fc36.src.rpm, armv7hl): open (buildvm-a32-09.iad2.fedoraproject.org) -> closed
  0 free  1 open  7 done  0 failed
  82433646 tagBuild (noarch): free
  82433646 tagBuild (noarch): free -> closed
  0 free  1 open  8 done  0 failed
82432964 build (f36-java17, /rpms/pl.git:a90af6be5126dba4839180c81288d8124d647412): open (buildvm-ppc64le-04.iad2.fedoraproject.org) -> closed
  0 free  0 open  9 done  0 failed

82432964 build (f36-java17, /rpms/pl.git:a90af6be5126dba4839180c81288d8124d647412) completed successfully
