Cloning into 'plantuml'...
[rawhide 97b6cc9] Rebuilt for java-17-openjdk as system jdk
 1 file changed, 4 insertions(+), 1 deletion(-)
Building plantuml-1.2021.16-3.fc36 for f36-java17
Created task: 82432981
Task info: https://koji.fedoraproject.org/koji/taskinfo?taskID=82432981
Watching tasks (this may be safely interrupted)...
82432981 build (f36-java17, /rpms/plantuml.git:97b6cc966107841de471d521787228e42917218c): free
82432981 build (f36-java17, /rpms/plantuml.git:97b6cc966107841de471d521787228e42917218c): free -> open (buildvm-a32-21.iad2.fedoraproject.org)
  82432982 buildSRPMFromSCM (/rpms/plantuml.git:97b6cc966107841de471d521787228e42917218c): free
  82432982 buildSRPMFromSCM (/rpms/plantuml.git:97b6cc966107841de471d521787228e42917218c): free -> open (buildvm-ppc64le-27.iad2.fedoraproject.org)
  82432982 buildSRPMFromSCM (/rpms/plantuml.git:97b6cc966107841de471d521787228e42917218c): open (buildvm-ppc64le-27.iad2.fedoraproject.org) -> closed
  0 free  1 open  1 done  0 failed
  82433041 buildArch (plantuml-1.2021.16-3.fc36.src.rpm, noarch): open (buildvm-s390x-22.s390.fedoraproject.org)
  82433041 buildArch (plantuml-1.2021.16-3.fc36.src.rpm, noarch): open (buildvm-s390x-22.s390.fedoraproject.org) -> closed
  0 free  1 open  2 done  0 failed
  82433073 tagBuild (noarch): open (buildvm-ppc64le-36.iad2.fedoraproject.org)
  82433073 tagBuild (noarch): open (buildvm-ppc64le-36.iad2.fedoraproject.org) -> closed
  0 free  1 open  3 done  0 failed
82432981 build (f36-java17, /rpms/plantuml.git:97b6cc966107841de471d521787228e42917218c): open (buildvm-a32-21.iad2.fedoraproject.org) -> closed
  0 free  0 open  4 done  0 failed

82432981 build (f36-java17, /rpms/plantuml.git:97b6cc966107841de471d521787228e42917218c) completed successfully
