Cloning into 'plexus-languages'...
[rawhide 598112c] Rebuilt for java-17-openjdk as system jdk
 1 file changed, 4 insertions(+), 1 deletion(-)
Building plexus-languages-1.0.6-6.fc36 for f36-java17
Created task: 82433137
Task info: https://koji.fedoraproject.org/koji/taskinfo?taskID=82433137
Watching tasks (this may be safely interrupted)...
82433137 build (f36-java17, /rpms/plexus-languages.git:598112c62baaa0a025079f1633578ce91a57e067): free
82433137 build (f36-java17, /rpms/plexus-languages.git:598112c62baaa0a025079f1633578ce91a57e067): free -> open (buildvm-x86-27.iad2.fedoraproject.org)
  82433143 buildSRPMFromSCM (/rpms/plexus-languages.git:598112c62baaa0a025079f1633578ce91a57e067): open (buildvm-ppc64le-34.iad2.fedoraproject.org)
  82433143 buildSRPMFromSCM (/rpms/plexus-languages.git:598112c62baaa0a025079f1633578ce91a57e067): open (buildvm-ppc64le-34.iad2.fedoraproject.org) -> closed
  0 free  1 open  1 done  0 failed
  82433348 buildArch (plexus-languages-1.0.6-6.fc36.src.rpm, noarch): free
  82433348 buildArch (plexus-languages-1.0.6-6.fc36.src.rpm, noarch): free -> open (buildvm-s390x-22.s390.fedoraproject.org)
  82433348 buildArch (plexus-languages-1.0.6-6.fc36.src.rpm, noarch): open (buildvm-s390x-22.s390.fedoraproject.org) -> closed
  0 free  1 open  2 done  0 failed
  82433394 tagBuild (noarch): open (buildvm-s390x-18.s390.fedoraproject.org)
  82433394 tagBuild (noarch): open (buildvm-s390x-18.s390.fedoraproject.org) -> closed
  0 free  1 open  3 done  0 failed
82433137 build (f36-java17, /rpms/plexus-languages.git:598112c62baaa0a025079f1633578ce91a57e067): open (buildvm-x86-27.iad2.fedoraproject.org) -> closed
  0 free  0 open  4 done  0 failed

82433137 build (f36-java17, /rpms/plexus-languages.git:598112c62baaa0a025079f1633578ce91a57e067) completed successfully
