Cloning into 'plexus-build-api'...
[rawhide 088fdbf] Rebuilt for java-17-openjdk as system jdk
 1 file changed, 4 insertions(+), 1 deletion(-)
Building plexus-build-api-0.0.7-36.fc36 for f36-java17
Created task: 82433026
Task info: https://koji.fedoraproject.org/koji/taskinfo?taskID=82433026
Watching tasks (this may be safely interrupted)...
82433026 build (f36-java17, /rpms/plexus-build-api.git:088fdbf50531ee89422a417d605910e8a5ec1a54): free
82433026 build (f36-java17, /rpms/plexus-build-api.git:088fdbf50531ee89422a417d605910e8a5ec1a54): free -> open (buildvm-ppc64le-39.iad2.fedoraproject.org)
  82433027 buildSRPMFromSCM (/rpms/plexus-build-api.git:088fdbf50531ee89422a417d605910e8a5ec1a54): open (buildvm-x86-18.iad2.fedoraproject.org)
  82433042 buildArch (plexus-build-api-0.0.7-36.fc36.src.rpm, noarch): free
  82433027 buildSRPMFromSCM (/rpms/plexus-build-api.git:088fdbf50531ee89422a417d605910e8a5ec1a54): open (buildvm-x86-18.iad2.fedoraproject.org) -> closed
  1 free  1 open  1 done  0 failed
  82433042 buildArch (plexus-build-api-0.0.7-36.fc36.src.rpm, noarch): free -> open (buildvm-x86-07.iad2.fedoraproject.org)
  82433042 buildArch (plexus-build-api-0.0.7-36.fc36.src.rpm, noarch): open (buildvm-x86-07.iad2.fedoraproject.org) -> closed
  0 free  1 open  2 done  0 failed
  82433065 tagBuild (noarch): open (buildvm-ppc64le-39.iad2.fedoraproject.org)
82433026 build (f36-java17, /rpms/plexus-build-api.git:088fdbf50531ee89422a417d605910e8a5ec1a54): open (buildvm-ppc64le-39.iad2.fedoraproject.org) -> closed
  0 free  1 open  3 done  0 failed
  82433065 tagBuild (noarch): open (buildvm-ppc64le-39.iad2.fedoraproject.org) -> closed
  0 free  0 open  4 done  0 failed

82433026 build (f36-java17, /rpms/plexus-build-api.git:088fdbf50531ee89422a417d605910e8a5ec1a54) completed successfully
