Cloning into 'plexus-resources'...
[rawhide 833ee37] Rebuilt for java-17-openjdk as system jdk
 1 file changed, 4 insertions(+), 1 deletion(-)
Building plexus-resources-1.1.0-9.fc36 for f36-java17
Created task: 82433244
Task info: https://koji.fedoraproject.org/koji/taskinfo?taskID=82433244
Watching tasks (this may be safely interrupted)...
82433244 build (f36-java17, /rpms/plexus-resources.git:833ee37cdca921e023671c1eb2a699b4a0a012f4): free
82433244 build (f36-java17, /rpms/plexus-resources.git:833ee37cdca921e023671c1eb2a699b4a0a012f4): free -> open (buildvm-ppc64le-35.iad2.fedoraproject.org)
  82433314 buildSRPMFromSCM (/rpms/plexus-resources.git:833ee37cdca921e023671c1eb2a699b4a0a012f4): free
  82433314 buildSRPMFromSCM (/rpms/plexus-resources.git:833ee37cdca921e023671c1eb2a699b4a0a012f4): free -> open (buildvm-ppc64le-08.iad2.fedoraproject.org)
  82433314 buildSRPMFromSCM (/rpms/plexus-resources.git:833ee37cdca921e023671c1eb2a699b4a0a012f4): open (buildvm-ppc64le-08.iad2.fedoraproject.org) -> closed
  0 free  1 open  1 done  0 failed
  82433511 buildArch (plexus-resources-1.1.0-9.fc36.src.rpm, noarch): free
  82433511 buildArch (plexus-resources-1.1.0-9.fc36.src.rpm, noarch): free -> open (buildvm-s390x-21.s390.fedoraproject.org)
  82433511 buildArch (plexus-resources-1.1.0-9.fc36.src.rpm, noarch): open (buildvm-s390x-21.s390.fedoraproject.org) -> closed
  0 free  1 open  2 done  0 failed
  82433535 tagBuild (noarch): free
  82433535 tagBuild (noarch): free -> closed
  0 free  1 open  3 done  0 failed
82433244 build (f36-java17, /rpms/plexus-resources.git:833ee37cdca921e023671c1eb2a699b4a0a012f4): open (buildvm-ppc64le-35.iad2.fedoraproject.org) -> closed
  0 free  0 open  4 done  0 failed

82433244 build (f36-java17, /rpms/plexus-resources.git:833ee37cdca921e023671c1eb2a699b4a0a012f4) completed successfully
