Cloning into 'plexus-archiver'...
[rawhide c558ec0] Rebuilt for java-17-openjdk as system jdk
 1 file changed, 4 insertions(+), 1 deletion(-)
Building plexus-archiver-4.2.4-5.fc36 for f36-java17
Created task: 82433012
Task info: https://koji.fedoraproject.org/koji/taskinfo?taskID=82433012
Watching tasks (this may be safely interrupted)...
82433012 build (f36-java17, /rpms/plexus-archiver.git:c558ec0c3f9985e980d601904295bfcf9c89228f): free
82433012 build (f36-java17, /rpms/plexus-archiver.git:c558ec0c3f9985e980d601904295bfcf9c89228f): free -> open (buildvm-ppc64le-39.iad2.fedoraproject.org)
  82433023 buildSRPMFromSCM (/rpms/plexus-archiver.git:c558ec0c3f9985e980d601904295bfcf9c89228f): free
  82433023 buildSRPMFromSCM (/rpms/plexus-archiver.git:c558ec0c3f9985e980d601904295bfcf9c89228f): free -> open (buildvm-ppc64le-17.iad2.fedoraproject.org)
  82433023 buildSRPMFromSCM (/rpms/plexus-archiver.git:c558ec0c3f9985e980d601904295bfcf9c89228f): open (buildvm-ppc64le-17.iad2.fedoraproject.org) -> closed
  0 free  1 open  1 done  0 failed
  82433046 buildArch (plexus-archiver-4.2.4-5.fc36.src.rpm, noarch): open (buildvm-ppc64le-14.iad2.fedoraproject.org)
  82433091 tagBuild (noarch): closed
  82433046 buildArch (plexus-archiver-4.2.4-5.fc36.src.rpm, noarch): open (buildvm-ppc64le-14.iad2.fedoraproject.org) -> closed
  0 free  1 open  3 done  0 failed
82433012 build (f36-java17, /rpms/plexus-archiver.git:c558ec0c3f9985e980d601904295bfcf9c89228f): open (buildvm-ppc64le-39.iad2.fedoraproject.org) -> closed
  0 free  0 open  4 done  0 failed

82433012 build (f36-java17, /rpms/plexus-archiver.git:c558ec0c3f9985e980d601904295bfcf9c89228f) completed successfully
