Cloning into 'plexus-sec-dispatcher'...
[rawhide 496b551] Rebuilt for java-17-openjdk as system jdk
 1 file changed, 4 insertions(+), 1 deletion(-)
Building plexus-sec-dispatcher-2.0-3.fc36 for f36-java17
Created task: 82433306
Task info: https://koji.fedoraproject.org/koji/taskinfo?taskID=82433306
Watching tasks (this may be safely interrupted)...
82433306 build (f36-java17, /rpms/plexus-sec-dispatcher.git:496b5510b36db4e6e1572ad7703236eb9901366b): free
82433306 build (f36-java17, /rpms/plexus-sec-dispatcher.git:496b5510b36db4e6e1572ad7703236eb9901366b): free -> open (buildvm-a32-24.iad2.fedoraproject.org)
  82433347 buildSRPMFromSCM (/rpms/plexus-sec-dispatcher.git:496b5510b36db4e6e1572ad7703236eb9901366b): free
  82433347 buildSRPMFromSCM (/rpms/plexus-sec-dispatcher.git:496b5510b36db4e6e1572ad7703236eb9901366b): free -> open (buildvm-ppc64le-35.iad2.fedoraproject.org)
  82433347 buildSRPMFromSCM (/rpms/plexus-sec-dispatcher.git:496b5510b36db4e6e1572ad7703236eb9901366b): open (buildvm-ppc64le-35.iad2.fedoraproject.org) -> closed
  0 free  1 open  1 done  0 failed
  82433528 buildArch (plexus-sec-dispatcher-2.0-3.fc36.src.rpm, noarch): free
  82433528 buildArch (plexus-sec-dispatcher-2.0-3.fc36.src.rpm, noarch): free -> open (buildvm-a32-32.iad2.fedoraproject.org)
  82433528 buildArch (plexus-sec-dispatcher-2.0-3.fc36.src.rpm, noarch): open (buildvm-a32-32.iad2.fedoraproject.org) -> closed
  0 free  1 open  2 done  0 failed
  82433647 tagBuild (noarch): free
  82433647 tagBuild (noarch): free -> open (buildvm-s390x-18.s390.fedoraproject.org)
  82433647 tagBuild (noarch): open (buildvm-s390x-18.s390.fedoraproject.org) -> closed
  0 free  1 open  3 done  0 failed
82433306 build (f36-java17, /rpms/plexus-sec-dispatcher.git:496b5510b36db4e6e1572ad7703236eb9901366b): open (buildvm-a32-24.iad2.fedoraproject.org) -> closed
  0 free  0 open  4 done  0 failed

82433306 build (f36-java17, /rpms/plexus-sec-dispatcher.git:496b5510b36db4e6e1572ad7703236eb9901366b) completed successfully
