Cloning into 'plexus-containers'...
[rawhide f3af403] Rebuilt for java-17-openjdk as system jdk
 1 file changed, 4 insertions(+), 1 deletion(-)
Building plexus-containers-2.1.0-9.fc36 for f36-java17
Created task: 82433062
Task info: https://koji.fedoraproject.org/koji/taskinfo?taskID=82433062
Watching tasks (this may be safely interrupted)...
82433062 build (f36-java17, /rpms/plexus-containers.git:f3af403817393e75b40505711511c028731f32cc): free
82433062 build (f36-java17, /rpms/plexus-containers.git:f3af403817393e75b40505711511c028731f32cc): free -> open (buildvm-ppc64le-25.iad2.fedoraproject.org)
  82433064 buildSRPMFromSCM (/rpms/plexus-containers.git:f3af403817393e75b40505711511c028731f32cc): open (buildvm-ppc64le-19.iad2.fedoraproject.org)
  82433123 buildArch (plexus-containers-2.1.0-9.fc36.src.rpm, noarch): free
  82433064 buildSRPMFromSCM (/rpms/plexus-containers.git:f3af403817393e75b40505711511c028731f32cc): open (buildvm-ppc64le-19.iad2.fedoraproject.org) -> closed
  1 free  1 open  1 done  0 failed
  82433123 buildArch (plexus-containers-2.1.0-9.fc36.src.rpm, noarch): free -> open (buildvm-ppc64le-21.iad2.fedoraproject.org)
  82433123 buildArch (plexus-containers-2.1.0-9.fc36.src.rpm, noarch): open (buildvm-ppc64le-21.iad2.fedoraproject.org) -> closed
  0 free  1 open  2 done  0 failed
  82433387 tagBuild (noarch): free
  82433387 tagBuild (noarch): free -> closed
  0 free  1 open  3 done  0 failed
82433062 build (f36-java17, /rpms/plexus-containers.git:f3af403817393e75b40505711511c028731f32cc): open (buildvm-ppc64le-25.iad2.fedoraproject.org) -> closed
  0 free  0 open  4 done  0 failed

82433062 build (f36-java17, /rpms/plexus-containers.git:f3af403817393e75b40505711511c028731f32cc) completed successfully
