Cloning into 'plexus-component-api'...
[rawhide d885961] Rebuilt for java-17-openjdk as system jdk
 1 file changed, 4 insertions(+), 1 deletion(-)
Building plexus-component-api-1.0-0.34.alpha15.fc36 for f36-java17
Created task: 82433052
Task info: https://koji.fedoraproject.org/koji/taskinfo?taskID=82433052
Watching tasks (this may be safely interrupted)...
82433052 build (f36-java17, /rpms/plexus-component-api.git:d88596115eb43ab3c20ace71627dd0014a09241e): free
82433052 build (f36-java17, /rpms/plexus-component-api.git:d88596115eb43ab3c20ace71627dd0014a09241e): free -> open (buildvm-ppc64le-08.iad2.fedoraproject.org)
  82433054 buildSRPMFromSCM (/rpms/plexus-component-api.git:d88596115eb43ab3c20ace71627dd0014a09241e): open (buildvm-x86-27.iad2.fedoraproject.org)
  82433054 buildSRPMFromSCM (/rpms/plexus-component-api.git:d88596115eb43ab3c20ace71627dd0014a09241e): open (buildvm-x86-27.iad2.fedoraproject.org) -> closed
  0 free  1 open  1 done  0 failed
  82433077 buildArch (plexus-component-api-1.0-0.34.alpha15.fc36.src.rpm, noarch): open (buildvm-ppc64le-39.iad2.fedoraproject.org)
  82433077 buildArch (plexus-component-api-1.0-0.34.alpha15.fc36.src.rpm, noarch): open (buildvm-ppc64le-39.iad2.fedoraproject.org) -> FAILED: BuildError: error building package (arch noarch), mock exited with status 1; see build.log or root.log for more information
  Relevant logs:
  https://kojipkgs.fedoraproject.org/work/tasks/3077/82433077/mock_output.log
  https://kojipkgs.fedoraproject.org/work/tasks/3077/82433077/hw_info.log
  https://kojipkgs.fedoraproject.org/work/tasks/3077/82433077/state.log
  https://kojipkgs.fedoraproject.org/work/tasks/3077/82433077/build.log
  https://kojipkgs.fedoraproject.org/work/tasks/3077/82433077/root.log
  0 free  1 open  1 done  1 failed
82433052 build (f36-java17, /rpms/plexus-component-api.git:d88596115eb43ab3c20ace71627dd0014a09241e): open (buildvm-ppc64le-08.iad2.fedoraproject.org) -> FAILED: BuildError: error building package (arch noarch), mock exited with status 1; see build.log or root.log for more information
  0 free  0 open  1 done  2 failed

82433052 build (f36-java17, /rpms/plexus-component-api.git:d88596115eb43ab3c20ace71627dd0014a09241e) failed
