Cloning into 'plexus-io'...
[rawhide bdd6a2b] Rebuilt for java-17-openjdk as system jdk
 1 file changed, 4 insertions(+), 1 deletion(-)
Building plexus-io-3.2.0-9.fc36 for f36-java17
Created task: 82433116
Task info: https://koji.fedoraproject.org/koji/taskinfo?taskID=82433116
Watching tasks (this may be safely interrupted)...
82433116 build (f36-java17, /rpms/plexus-io.git:bdd6a2b03ae2370ae0c95e26eae363c9c446c1b4): free
82433116 build (f36-java17, /rpms/plexus-io.git:bdd6a2b03ae2370ae0c95e26eae363c9c446c1b4): free -> open (buildvm-ppc64le-13.iad2.fedoraproject.org)
  82433118 buildSRPMFromSCM (/rpms/plexus-io.git:bdd6a2b03ae2370ae0c95e26eae363c9c446c1b4): free
  82433118 buildSRPMFromSCM (/rpms/plexus-io.git:bdd6a2b03ae2370ae0c95e26eae363c9c446c1b4): free -> open (buildvm-ppc64le-11.iad2.fedoraproject.org)
  82433118 buildSRPMFromSCM (/rpms/plexus-io.git:bdd6a2b03ae2370ae0c95e26eae363c9c446c1b4): open (buildvm-ppc64le-11.iad2.fedoraproject.org) -> closed
  0 free  1 open  1 done  0 failed
  82433375 buildArch (plexus-io-3.2.0-9.fc36.src.rpm, noarch): free
  82433375 buildArch (plexus-io-3.2.0-9.fc36.src.rpm, noarch): free -> open (buildvm-s390x-03.s390.fedoraproject.org)
  82433375 buildArch (plexus-io-3.2.0-9.fc36.src.rpm, noarch): open (buildvm-s390x-03.s390.fedoraproject.org) -> closed
  0 free  1 open  2 done  0 failed
  82433499 tagBuild (noarch): free
  82433499 tagBuild (noarch): free -> closed
  0 free  1 open  3 done  0 failed
82433116 build (f36-java17, /rpms/plexus-io.git:bdd6a2b03ae2370ae0c95e26eae363c9c446c1b4): open (buildvm-ppc64le-13.iad2.fedoraproject.org) -> closed
  0 free  0 open  4 done  0 failed

82433116 build (f36-java17, /rpms/plexus-io.git:bdd6a2b03ae2370ae0c95e26eae363c9c446c1b4) completed successfully
