Cloning into 'portmidi'...
[rawhide 61ab759] Rebuilt for java-17-openjdk as system jdk
 1 file changed, 4 insertions(+), 1 deletion(-)
Building portmidi-217-43.fc36 for f36-java17
Created task: 82433751
Task info: https://koji.fedoraproject.org/koji/taskinfo?taskID=82433751
Watching tasks (this may be safely interrupted)...
82433751 build (f36-java17, /rpms/portmidi.git:61ab7592e69346772d0b31a1f8f4d0bad299d324): free
82433751 build (f36-java17, /rpms/portmidi.git:61ab7592e69346772d0b31a1f8f4d0bad299d324): free -> open (buildvm-ppc64le-16.iad2.fedoraproject.org)
  82433757 buildSRPMFromSCM (/rpms/portmidi.git:61ab7592e69346772d0b31a1f8f4d0bad299d324): open (buildvm-ppc64le-36.iad2.fedoraproject.org)
  82433757 buildSRPMFromSCM (/rpms/portmidi.git:61ab7592e69346772d0b31a1f8f4d0bad299d324): open (buildvm-ppc64le-36.iad2.fedoraproject.org) -> closed
  0 free  1 open  1 done  0 failed
  82433866 buildArch (portmidi-217-43.fc36.src.rpm, armv7hl): open (buildvm-a32-28.iad2.fedoraproject.org)
  82433867 buildArch (portmidi-217-43.fc36.src.rpm, i686): free
  82433871 buildArch (portmidi-217-43.fc36.src.rpm, s390x): open (buildvm-s390x-03.s390.fedoraproject.org)
  82433870 buildArch (portmidi-217-43.fc36.src.rpm, ppc64le): open (buildvm-ppc64le-36.iad2.fedoraproject.org)
  82433868 buildArch (portmidi-217-43.fc36.src.rpm, x86_64): free
  82433869 buildArch (portmidi-217-43.fc36.src.rpm, aarch64): free
  82433867 buildArch (portmidi-217-43.fc36.src.rpm, i686): free -> open (buildvm-x86-19.iad2.fedoraproject.org)
  82433868 buildArch (portmidi-217-43.fc36.src.rpm, x86_64): free -> open (buildvm-x86-27.iad2.fedoraproject.org)
  82433869 buildArch (portmidi-217-43.fc36.src.rpm, aarch64): free -> open (buildvm-a64-05.iad2.fedoraproject.org)
  82433871 buildArch (portmidi-217-43.fc36.src.rpm, s390x): open (buildvm-s390x-03.s390.fedoraproject.org) -> closed
  0 free  6 open  2 done  0 failed
  82433868 buildArch (portmidi-217-43.fc36.src.rpm, x86_64): open (buildvm-x86-27.iad2.fedoraproject.org) -> closed
  0 free  5 open  3 done  0 failed
  82433867 buildArch (portmidi-217-43.fc36.src.rpm, i686): open (buildvm-x86-19.iad2.fedoraproject.org) -> closed
  0 free  4 open  4 done  0 failed
  82433869 buildArch (portmidi-217-43.fc36.src.rpm, aarch64): open (buildvm-a64-05.iad2.fedoraproject.org) -> closed
  0 free  3 open  5 done  0 failed
  82433870 buildArch (portmidi-217-43.fc36.src.rpm, ppc64le): open (buildvm-ppc64le-36.iad2.fedoraproject.org) -> closed
  0 free  2 open  6 done  0 failed
  82433866 buildArch (portmidi-217-43.fc36.src.rpm, armv7hl): open (buildvm-a32-28.iad2.fedoraproject.org) -> closed
  0 free  1 open  7 done  0 failed
  82434067 tagBuild (noarch): closed
82433751 build (f36-java17, /rpms/portmidi.git:61ab7592e69346772d0b31a1f8f4d0bad299d324): open (buildvm-ppc64le-16.iad2.fedoraproject.org) -> closed
  0 free  0 open  9 done  0 failed

82433751 build (f36-java17, /rpms/portmidi.git:61ab7592e69346772d0b31a1f8f4d0bad299d324) completed successfully
