Cloning into 'ppl'...
[rawhide d9a096e] Rebuilt for java-17-openjdk as system jdk
 1 file changed, 4 insertions(+), 1 deletion(-)
Building ppl-1.2-23.fc36 for f36-java17
Created task: 82433817
Task info: https://koji.fedoraproject.org/koji/taskinfo?taskID=82433817
Watching tasks (this may be safely interrupted)...
82433817 build (f36-java17, /rpms/ppl.git:d9a096e9c723aa353240cb690fdcea95ad27c8e6): free
82433817 build (f36-java17, /rpms/ppl.git:d9a096e9c723aa353240cb690fdcea95ad27c8e6): free -> open (buildvm-x86-29.iad2.fedoraproject.org)
  82433822 buildSRPMFromSCM (/rpms/ppl.git:d9a096e9c723aa353240cb690fdcea95ad27c8e6): open (buildvm-x86-29.iad2.fedoraproject.org)
  82433822 buildSRPMFromSCM (/rpms/ppl.git:d9a096e9c723aa353240cb690fdcea95ad27c8e6): open (buildvm-x86-29.iad2.fedoraproject.org) -> closed
  0 free  1 open  1 done  0 failed
  82433893 buildArch (ppl-1.2-23.fc36.src.rpm, armv7hl): open (buildvm-a32-16.iad2.fedoraproject.org)
  82433894 buildArch (ppl-1.2-23.fc36.src.rpm, i686): open (buildvm-x86-29.iad2.fedoraproject.org)
  82433895 buildArch (ppl-1.2-23.fc36.src.rpm, x86_64): open (buildvm-x86-29.iad2.fedoraproject.org)
  82433896 buildArch (ppl-1.2-23.fc36.src.rpm, aarch64): open (buildvm-a64-10.iad2.fedoraproject.org)
  82433898 buildArch (ppl-1.2-23.fc36.src.rpm, s390x): open (buildvm-s390x-11.s390.fedoraproject.org)
  82433897 buildArch (ppl-1.2-23.fc36.src.rpm, ppc64le): open (buildvm-ppc64le-29.iad2.fedoraproject.org)
  82433895 buildArch (ppl-1.2-23.fc36.src.rpm, x86_64): open (buildvm-x86-29.iad2.fedoraproject.org) -> FAILED: BuildError: error building package (arch x86_64), mock exited with status 1; see build.log or root.log for more information
  Relevant logs:
  https://kojipkgs.fedoraproject.org/work/tasks/3895/82433895/mock_output.log
  https://kojipkgs.fedoraproject.org/work/tasks/3895/82433895/hw_info.log
  https://kojipkgs.fedoraproject.org/work/tasks/3895/82433895/state.log
  https://kojipkgs.fedoraproject.org/work/tasks/3895/82433895/build.log
  https://kojipkgs.fedoraproject.org/work/tasks/3895/82433895/root.log
  0 free  6 open  1 done  1 failed
82433817 build (f36-java17, /rpms/ppl.git:d9a096e9c723aa353240cb690fdcea95ad27c8e6): open (buildvm-x86-29.iad2.fedoraproject.org) -> FAILED: BuildError: error building package (arch x86_64), mock exited with status 1; see build.log or root.log for more information
  0 free  5 open  1 done  2 failed
  82433893 buildArch (ppl-1.2-23.fc36.src.rpm, armv7hl): open (buildvm-a32-16.iad2.fedoraproject.org) -> canceled
  0 free  4 open  2 done  2 failed
  82433894 buildArch (ppl-1.2-23.fc36.src.rpm, i686): open (buildvm-x86-29.iad2.fedoraproject.org) -> canceled
  0 free  3 open  3 done  2 failed
  82433896 buildArch (ppl-1.2-23.fc36.src.rpm, aarch64): open (buildvm-a64-10.iad2.fedoraproject.org) -> canceled
  0 free  2 open  4 done  2 failed
  82433898 buildArch (ppl-1.2-23.fc36.src.rpm, s390x): open (buildvm-s390x-11.s390.fedoraproject.org) -> canceled
  0 free  1 open  5 done  2 failed
  82433897 buildArch (ppl-1.2-23.fc36.src.rpm, ppc64le): open (buildvm-ppc64le-29.iad2.fedoraproject.org) -> canceled
  0 free  0 open  6 done  2 failed

82433817 build (f36-java17, /rpms/ppl.git:d9a096e9c723aa353240cb690fdcea95ad27c8e6) failed
