Cloning into 'procyon'...
[rawhide dfe48a0] Rebuilt for java-17-openjdk as system jdk
 1 file changed, 4 insertions(+), 1 deletion(-)
warning: bogus date in %changelog: Thu Jun 03 2020 Jiri Vanek <jvanek@redhat.com> - 0.5.36-0.6-92ba3f4
error: %changelog not in descending chronological order

Building procyon-0.5.36-0.9.20210619.git92ba3f4.fc36 for f36-java17
Created task: 82433842
Task info: https://koji.fedoraproject.org/koji/taskinfo?taskID=82433842
Watching tasks (this may be safely interrupted)...
82433842 build (f36-java17, /rpms/procyon.git:dfe48a0a23ce8eb1ac8912a759d2f6ec180898f9): free
82433842 build (f36-java17, /rpms/procyon.git:dfe48a0a23ce8eb1ac8912a759d2f6ec180898f9): free -> open (buildvm-x86-12.iad2.fedoraproject.org)
  82433846 buildSRPMFromSCM (/rpms/procyon.git:dfe48a0a23ce8eb1ac8912a759d2f6ec180898f9): free
  82433846 buildSRPMFromSCM (/rpms/procyon.git:dfe48a0a23ce8eb1ac8912a759d2f6ec180898f9): free -> open (buildvm-ppc64le-33.iad2.fedoraproject.org)
  82433846 buildSRPMFromSCM (/rpms/procyon.git:dfe48a0a23ce8eb1ac8912a759d2f6ec180898f9): open (buildvm-ppc64le-33.iad2.fedoraproject.org) -> closed
  0 free  1 open  1 done  0 failed
  82434019 buildArch (procyon-0.5.36-0.9.20210619.git92ba3f4.fc36.src.rpm, noarch): free
  82434019 buildArch (procyon-0.5.36-0.9.20210619.git92ba3f4.fc36.src.rpm, noarch): free -> open (buildvm-s390x-29.s390.fedoraproject.org)
  82434019 buildArch (procyon-0.5.36-0.9.20210619.git92ba3f4.fc36.src.rpm, noarch): open (buildvm-s390x-29.s390.fedoraproject.org) -> closed
  0 free  1 open  2 done  0 failed
  82434029 tagBuild (noarch): free
  82434029 tagBuild (noarch): free -> closed
  0 free  1 open  3 done  0 failed
82433842 build (f36-java17, /rpms/procyon.git:dfe48a0a23ce8eb1ac8912a759d2f6ec180898f9): open (buildvm-x86-12.iad2.fedoraproject.org) -> closed
  0 free  0 open  4 done  0 failed

82433842 build (f36-java17, /rpms/procyon.git:dfe48a0a23ce8eb1ac8912a759d2f6ec180898f9) completed successfully
