Cloning into 'prometheus-jmx-exporter'...
[rawhide 4e1f530] Rebuilt for java-17-openjdk as system jdk
 1 file changed, 4 insertions(+), 1 deletion(-)
Building prometheus-jmx-exporter-0.16.1-4.fc36 for f36-java17
Created task: 82433899
Task info: https://koji.fedoraproject.org/koji/taskinfo?taskID=82433899
Watching tasks (this may be safely interrupted)...
82433899 build (f36-java17, /rpms/prometheus-jmx-exporter.git:4e1f5302c2f24ecabb1fb0975b7f7db273cf2eb5): free
82433899 build (f36-java17, /rpms/prometheus-jmx-exporter.git:4e1f5302c2f24ecabb1fb0975b7f7db273cf2eb5): free -> open (buildvm-ppc64le-39.iad2.fedoraproject.org)
  82433906 buildSRPMFromSCM (/rpms/prometheus-jmx-exporter.git:4e1f5302c2f24ecabb1fb0975b7f7db273cf2eb5): free
  82433906 buildSRPMFromSCM (/rpms/prometheus-jmx-exporter.git:4e1f5302c2f24ecabb1fb0975b7f7db273cf2eb5): free -> open (buildvm-ppc64le-39.iad2.fedoraproject.org)
  82433906 buildSRPMFromSCM (/rpms/prometheus-jmx-exporter.git:4e1f5302c2f24ecabb1fb0975b7f7db273cf2eb5): open (buildvm-ppc64le-39.iad2.fedoraproject.org) -> closed
  0 free  1 open  1 done  0 failed
  82434026 buildArch (prometheus-jmx-exporter-0.16.1-4.fc36.src.rpm, noarch): open (buildvm-s390x-18.s390.fedoraproject.org)
  82434026 buildArch (prometheus-jmx-exporter-0.16.1-4.fc36.src.rpm, noarch): open (buildvm-s390x-18.s390.fedoraproject.org) -> closed
  0 free  1 open  2 done  0 failed
  82434048 tagBuild (noarch): free
  82434048 tagBuild (noarch): free -> closed
  0 free  1 open  3 done  0 failed
82433899 build (f36-java17, /rpms/prometheus-jmx-exporter.git:4e1f5302c2f24ecabb1fb0975b7f7db273cf2eb5): open (buildvm-ppc64le-39.iad2.fedoraproject.org) -> closed
  0 free  0 open  4 done  0 failed

82433899 build (f36-java17, /rpms/prometheus-jmx-exporter.git:4e1f5302c2f24ecabb1fb0975b7f7db273cf2eb5) completed successfully
