Cloning into 'protobuf'...
[rawhide d4af42c] Rebuilt for java-17-openjdk as system jdk
 1 file changed, 4 insertions(+), 1 deletion(-)
warning: line 198: Possible unexpanded macro in: Requires:       emacs-filesystem >= %{_emacs_version}

Building protobuf-3.19.0-4.fc36 for f36-java17
Created task: 82434010
Task info: https://koji.fedoraproject.org/koji/taskinfo?taskID=82434010
Watching tasks (this may be safely interrupted)...
82434010 build (f36-java17, /rpms/protobuf.git:d4af42c14412423dea6d434a519d736efdf2ca12): free
82434010 build (f36-java17, /rpms/protobuf.git:d4af42c14412423dea6d434a519d736efdf2ca12): free -> open (buildvm-s390x-29.s390.fedoraproject.org)
  82434020 buildSRPMFromSCM (/rpms/protobuf.git:d4af42c14412423dea6d434a519d736efdf2ca12): free
  82434020 buildSRPMFromSCM (/rpms/protobuf.git:d4af42c14412423dea6d434a519d736efdf2ca12): free -> open (buildvm-ppc64le-08.iad2.fedoraproject.org)
  82434020 buildSRPMFromSCM (/rpms/protobuf.git:d4af42c14412423dea6d434a519d736efdf2ca12): open (buildvm-ppc64le-08.iad2.fedoraproject.org) -> closed
  0 free  1 open  1 done  0 failed
  82434055 buildArch (protobuf-3.19.0-4.fc36.src.rpm, armv7hl): open (buildvm-a32-06.iad2.fedoraproject.org)
  82434056 buildArch (protobuf-3.19.0-4.fc36.src.rpm, i686): free
  82434057 buildArch (protobuf-3.19.0-4.fc36.src.rpm, x86_64): free
  82434058 buildArch (protobuf-3.19.0-4.fc36.src.rpm, aarch64): free
  82434059 buildArch (protobuf-3.19.0-4.fc36.src.rpm, ppc64le): free
  82434060 buildArch (protobuf-3.19.0-4.fc36.src.rpm, s390x): free
  82434058 buildArch (protobuf-3.19.0-4.fc36.src.rpm, aarch64): free -> open (buildhw-a64-24.iad2.fedoraproject.org)
  82434059 buildArch (protobuf-3.19.0-4.fc36.src.rpm, ppc64le): free -> open (buildvm-ppc64le-18.iad2.fedoraproject.org)
  82434060 buildArch (protobuf-3.19.0-4.fc36.src.rpm, s390x): free -> open (buildvm-s390x-22.s390.fedoraproject.org)
  82434056 buildArch (protobuf-3.19.0-4.fc36.src.rpm, i686): free -> open (buildvm-x86-32.iad2.fedoraproject.org)
  82434057 buildArch (protobuf-3.19.0-4.fc36.src.rpm, x86_64): free -> open (buildvm-x86-10.iad2.fedoraproject.org)
  82434060 buildArch (protobuf-3.19.0-4.fc36.src.rpm, s390x): open (buildvm-s390x-22.s390.fedoraproject.org) -> FAILED: BuildError: error building package (arch s390x), mock exited with status 1; see build.log or root.log for more information
  Relevant logs:
  https://kojipkgs.fedoraproject.org/work/tasks/4060/82434060/mock_output.log
  https://kojipkgs.fedoraproject.org/work/tasks/4060/82434060/hw_info.log
  https://kojipkgs.fedoraproject.org/work/tasks/4060/82434060/state.log
  https://kojipkgs.fedoraproject.org/work/tasks/4060/82434060/build.log
  https://kojipkgs.fedoraproject.org/work/tasks/4060/82434060/root.log
  0 free  6 open  1 done  1 failed
82434010 build (f36-java17, /rpms/protobuf.git:d4af42c14412423dea6d434a519d736efdf2ca12): open (buildvm-s390x-29.s390.fedoraproject.org) -> FAILED: BuildError: error building package (arch s390x), mock exited with status 1; see build.log or root.log for more information
  0 free  5 open  1 done  2 failed
  82434055 buildArch (protobuf-3.19.0-4.fc36.src.rpm, armv7hl): open (buildvm-a32-06.iad2.fedoraproject.org) -> canceled
  0 free  4 open  2 done  2 failed
  82434056 buildArch (protobuf-3.19.0-4.fc36.src.rpm, i686): open (buildvm-x86-32.iad2.fedoraproject.org) -> canceled
  0 free  3 open  3 done  2 failed
  82434057 buildArch (protobuf-3.19.0-4.fc36.src.rpm, x86_64): open (buildvm-x86-10.iad2.fedoraproject.org) -> canceled
  0 free  2 open  4 done  2 failed
  82434058 buildArch (protobuf-3.19.0-4.fc36.src.rpm, aarch64): open (buildhw-a64-24.iad2.fedoraproject.org) -> canceled
  0 free  1 open  5 done  2 failed
  82434059 buildArch (protobuf-3.19.0-4.fc36.src.rpm, ppc64le): open (buildvm-ppc64le-18.iad2.fedoraproject.org) -> canceled
  0 free  0 open  6 done  2 failed

82434010 build (f36-java17, /rpms/protobuf.git:d4af42c14412423dea6d434a519d736efdf2ca12) failed
