Cloning into 'python-jnius'...
[rawhide 70f2dd0] Rebuilt for java-17-openjdk as system jdk
 1 file changed, 4 insertions(+), 1 deletion(-)
Building python-jnius-1.3.0-10.fc36 for f36-java17
Created task: 82434038
Task info: https://koji.fedoraproject.org/koji/taskinfo?taskID=82434038
Watching tasks (this may be safely interrupted)...
82434038 build (f36-java17, /rpms/python-jnius.git:70f2dd0fabe22d9f62ba9eb2815ae6e05c55792d): free
82434038 build (f36-java17, /rpms/python-jnius.git:70f2dd0fabe22d9f62ba9eb2815ae6e05c55792d): free -> open (buildvm-s390x-22.s390.fedoraproject.org)
  82434039 buildSRPMFromSCM (/rpms/python-jnius.git:70f2dd0fabe22d9f62ba9eb2815ae6e05c55792d): free
  82434039 buildSRPMFromSCM (/rpms/python-jnius.git:70f2dd0fabe22d9f62ba9eb2815ae6e05c55792d): free -> open (buildvm-ppc64le-15.iad2.fedoraproject.org)
  82434097 buildArch (python-jnius-1.3.0-10.fc36.src.rpm, x86_64): open (buildvm-x86-19.iad2.fedoraproject.org)
  82434039 buildSRPMFromSCM (/rpms/python-jnius.git:70f2dd0fabe22d9f62ba9eb2815ae6e05c55792d): open (buildvm-ppc64le-15.iad2.fedoraproject.org) -> closed
  0 free  2 open  1 done  0 failed
  82434097 buildArch (python-jnius-1.3.0-10.fc36.src.rpm, x86_64): open (buildvm-x86-19.iad2.fedoraproject.org) -> closed
  0 free  1 open  2 done  0 failed
  82434227 tagBuild (noarch): free
82434038 build (f36-java17, /rpms/python-jnius.git:70f2dd0fabe22d9f62ba9eb2815ae6e05c55792d): open (buildvm-s390x-22.s390.fedoraproject.org) -> closed
  1 free  0 open  3 done  0 failed
  82434227 tagBuild (noarch): free -> closed
  0 free  0 open  4 done  0 failed

82434038 build (f36-java17, /rpms/python-jnius.git:70f2dd0fabe22d9f62ba9eb2815ae6e05c55792d) completed successfully
