Cloning into 'python-javaobj'...
[rawhide ba0a13f] Rebuilt for java-17-openjdk as system jdk
 1 file changed, 4 insertions(+), 1 deletion(-)
Building python-javaobj-0.4.3-3.fc36 for f36-java17
Created task: 82434023
Task info: https://koji.fedoraproject.org/koji/taskinfo?taskID=82434023
Watching tasks (this may be safely interrupted)...
82434023 build (f36-java17, /rpms/python-javaobj.git:ba0a13f5047887d0383f9623ea2b86e09f71b326): free
82434023 build (f36-java17, /rpms/python-javaobj.git:ba0a13f5047887d0383f9623ea2b86e09f71b326): free -> open (buildvm-s390x-22.s390.fedoraproject.org)
  82434024 buildSRPMFromSCM (/rpms/python-javaobj.git:ba0a13f5047887d0383f9623ea2b86e09f71b326): free
  82434024 buildSRPMFromSCM (/rpms/python-javaobj.git:ba0a13f5047887d0383f9623ea2b86e09f71b326): free -> open (buildvm-ppc64le-14.iad2.fedoraproject.org)
  82434024 buildSRPMFromSCM (/rpms/python-javaobj.git:ba0a13f5047887d0383f9623ea2b86e09f71b326): open (buildvm-ppc64le-14.iad2.fedoraproject.org) -> closed
  0 free  1 open  1 done  0 failed
  82434082 buildArch (python-javaobj-0.4.3-3.fc36.src.rpm, noarch): open (buildvm-ppc64le-07.iad2.fedoraproject.org)
  82434082 buildArch (python-javaobj-0.4.3-3.fc36.src.rpm, noarch): open (buildvm-ppc64le-07.iad2.fedoraproject.org) -> closed
  0 free  1 open  2 done  0 failed
  82434209 tagBuild (noarch): free
  82434209 tagBuild (noarch): free -> closed
  0 free  1 open  3 done  0 failed
82434023 build (f36-java17, /rpms/python-javaobj.git:ba0a13f5047887d0383f9623ea2b86e09f71b326): open (buildvm-s390x-22.s390.fedoraproject.org) -> closed
  0 free  0 open  4 done  0 failed

82434023 build (f36-java17, /rpms/python-javaobj.git:ba0a13f5047887d0383f9623ea2b86e09f71b326) completed successfully
