Cloning into 'qdbm'...
[rawhide bf1425d] Rebuilt for java-17-openjdk as system jdk
 1 file changed, 4 insertions(+), 1 deletion(-)
Building qdbm-1.8.78-50.fc36 for f36-java17
Created task: 82434046
Task info: https://koji.fedoraproject.org/koji/taskinfo?taskID=82434046
Watching tasks (this may be safely interrupted)...
82434046 build (f36-java17, /rpms/qdbm.git:bf1425df1cb386b3ab3ae064c737097b6549014e): free
82434046 build (f36-java17, /rpms/qdbm.git:bf1425df1cb386b3ab3ae064c737097b6549014e): free -> open (buildvm-s390x-22.s390.fedoraproject.org)
  82434047 buildSRPMFromSCM (/rpms/qdbm.git:bf1425df1cb386b3ab3ae064c737097b6549014e): open (buildvm-x86-19.iad2.fedoraproject.org)
  82434047 buildSRPMFromSCM (/rpms/qdbm.git:bf1425df1cb386b3ab3ae064c737097b6549014e): open (buildvm-x86-19.iad2.fedoraproject.org) -> closed
  0 free  1 open  1 done  0 failed
  82434083 buildArch (qdbm-1.8.78-50.fc36.src.rpm, armv7hl): open (buildvm-a32-12.iad2.fedoraproject.org)
  82434084 buildArch (qdbm-1.8.78-50.fc36.src.rpm, i686): open (buildvm-x86-12.iad2.fedoraproject.org)
  82434086 buildArch (qdbm-1.8.78-50.fc36.src.rpm, aarch64): open (buildhw-a64-21.iad2.fedoraproject.org)
  82434087 buildArch (qdbm-1.8.78-50.fc36.src.rpm, ppc64le): free
  82434088 buildArch (qdbm-1.8.78-50.fc36.src.rpm, s390x): open (buildvm-s390x-18.s390.fedoraproject.org)
  82434085 buildArch (qdbm-1.8.78-50.fc36.src.rpm, x86_64): open (buildvm-x86-06.iad2.fedoraproject.org)
  82434087 buildArch (qdbm-1.8.78-50.fc36.src.rpm, ppc64le): free -> open (buildvm-ppc64le-14.iad2.fedoraproject.org)
  82434088 buildArch (qdbm-1.8.78-50.fc36.src.rpm, s390x): open (buildvm-s390x-18.s390.fedoraproject.org) -> closed
  0 free  6 open  2 done  0 failed
  82434085 buildArch (qdbm-1.8.78-50.fc36.src.rpm, x86_64): open (buildvm-x86-06.iad2.fedoraproject.org) -> closed
  0 free  5 open  3 done  0 failed
  82434084 buildArch (qdbm-1.8.78-50.fc36.src.rpm, i686): open (buildvm-x86-12.iad2.fedoraproject.org) -> closed
  0 free  4 open  4 done  0 failed
  82434086 buildArch (qdbm-1.8.78-50.fc36.src.rpm, aarch64): open (buildhw-a64-21.iad2.fedoraproject.org) -> closed
  0 free  3 open  5 done  0 failed
  82434087 buildArch (qdbm-1.8.78-50.fc36.src.rpm, ppc64le): open (buildvm-ppc64le-14.iad2.fedoraproject.org) -> closed
  0 free  2 open  6 done  0 failed
  82434083 buildArch (qdbm-1.8.78-50.fc36.src.rpm, armv7hl): open (buildvm-a32-12.iad2.fedoraproject.org) -> closed
  0 free  1 open  7 done  0 failed
  82434352 tagBuild (noarch): free
  82434352 tagBuild (noarch): free -> closed
  0 free  1 open  8 done  0 failed
82434046 build (f36-java17, /rpms/qdbm.git:bf1425df1cb386b3ab3ae064c737097b6549014e): open (buildvm-s390x-22.s390.fedoraproject.org) -> closed
  0 free  0 open  9 done  0 failed

82434046 build (f36-java17, /rpms/qdbm.git:bf1425df1cb386b3ab3ae064c737097b6549014e) completed successfully
