Cloning into 'replacer'...
[rawhide f0e4d84] Rebuilt for java-17-openjdk as system jdk
 1 file changed, 4 insertions(+), 1 deletion(-)
Building replacer-1.6-22.fc36 for f36-java17
Created task: 82434193
Task info: https://koji.fedoraproject.org/koji/taskinfo?taskID=82434193
Watching tasks (this may be safely interrupted)...
82434193 build (f36-java17, /rpms/replacer.git:f0e4d849e0afa2e02aff283254ad53299d85a7dc): free
82434193 build (f36-java17, /rpms/replacer.git:f0e4d849e0afa2e02aff283254ad53299d85a7dc): free -> open (buildvm-ppc64le-27.iad2.fedoraproject.org)
  82434206 buildSRPMFromSCM (/rpms/replacer.git:f0e4d849e0afa2e02aff283254ad53299d85a7dc): free
  82434206 buildSRPMFromSCM (/rpms/replacer.git:f0e4d849e0afa2e02aff283254ad53299d85a7dc): free -> open (buildvm-ppc64le-35.iad2.fedoraproject.org)
  82434335 buildArch (replacer-1.6-22.fc36.src.rpm, noarch): free
  82434206 buildSRPMFromSCM (/rpms/replacer.git:f0e4d849e0afa2e02aff283254ad53299d85a7dc): open (buildvm-ppc64le-35.iad2.fedoraproject.org) -> closed
  1 free  1 open  1 done  0 failed
  82434335 buildArch (replacer-1.6-22.fc36.src.rpm, noarch): free -> open (buildvm-s390x-23.s390.fedoraproject.org)
  82434335 buildArch (replacer-1.6-22.fc36.src.rpm, noarch): open (buildvm-s390x-23.s390.fedoraproject.org) -> closed
  0 free  1 open  2 done  0 failed
  82434430 tagBuild (noarch): free
  82434430 tagBuild (noarch): free -> closed
  0 free  1 open  3 done  0 failed
82434193 build (f36-java17, /rpms/replacer.git:f0e4d849e0afa2e02aff283254ad53299d85a7dc): open (buildvm-ppc64le-27.iad2.fedoraproject.org) -> closed
  0 free  0 open  4 done  0 failed

82434193 build (f36-java17, /rpms/replacer.git:f0e4d849e0afa2e02aff283254ad53299d85a7dc) completed successfully
