Cloning into 'resteasy'...
[rawhide 8c34256] Rebuilt for java-17-openjdk as system jdk
 1 file changed, 4 insertions(+), 1 deletion(-)
Building resteasy-3.0.26-15.fc36 for f36-java17
Created task: 82434233
Task info: https://koji.fedoraproject.org/koji/taskinfo?taskID=82434233
Watching tasks (this may be safely interrupted)...
82434233 build (f36-java17, /rpms/resteasy.git:8c342567867538216628ba46396d70babaa068f2): free
82434233 build (f36-java17, /rpms/resteasy.git:8c342567867538216628ba46396d70babaa068f2): free -> open (buildvm-s390x-10.s390.fedoraproject.org)
  82434249 buildSRPMFromSCM (/rpms/resteasy.git:8c342567867538216628ba46396d70babaa068f2): free
  82434249 buildSRPMFromSCM (/rpms/resteasy.git:8c342567867538216628ba46396d70babaa068f2): free -> open (buildvm-ppc64le-08.iad2.fedoraproject.org)
  82434249 buildSRPMFromSCM (/rpms/resteasy.git:8c342567867538216628ba46396d70babaa068f2): open (buildvm-ppc64le-08.iad2.fedoraproject.org) -> closed
  0 free  1 open  1 done  0 failed
  82434347 buildArch (resteasy-3.0.26-15.fc36.src.rpm, noarch): free
  82434347 buildArch (resteasy-3.0.26-15.fc36.src.rpm, noarch): free -> open (buildvm-s390x-18.s390.fedoraproject.org)
  82434347 buildArch (resteasy-3.0.26-15.fc36.src.rpm, noarch): open (buildvm-s390x-18.s390.fedoraproject.org) -> closed
  0 free  1 open  2 done  0 failed
  82434427 tagBuild (noarch): free
  82434427 tagBuild (noarch): free -> closed
  0 free  1 open  3 done  0 failed
82434233 build (f36-java17, /rpms/resteasy.git:8c342567867538216628ba46396d70babaa068f2): open (buildvm-s390x-10.s390.fedoraproject.org) -> closed
  0 free  0 open  4 done  0 failed

82434233 build (f36-java17, /rpms/resteasy.git:8c342567867538216628ba46396d70babaa068f2) completed successfully
