Cloning into 'rhino'...
[rawhide 8637e67] Rebuilt for java-17-openjdk as system jdk
 1 file changed, 4 insertions(+), 1 deletion(-)
Building rhino-1.7.14-3.fc36 for f36-java17
Created task: 82434259
Task info: https://koji.fedoraproject.org/koji/taskinfo?taskID=82434259
Watching tasks (this may be safely interrupted)...
82434259 build (f36-java17, /rpms/rhino.git:8637e672cd5bcdd5822db642ae992ca36f539ba7): open (buildvm-ppc64le-07.iad2.fedoraproject.org)
  82434260 buildSRPMFromSCM (/rpms/rhino.git:8637e672cd5bcdd5822db642ae992ca36f539ba7): free
  82434260 buildSRPMFromSCM (/rpms/rhino.git:8637e672cd5bcdd5822db642ae992ca36f539ba7): free -> open (buildvm-x86-06.iad2.fedoraproject.org)
  82434260 buildSRPMFromSCM (/rpms/rhino.git:8637e672cd5bcdd5822db642ae992ca36f539ba7): open (buildvm-x86-06.iad2.fedoraproject.org) -> closed
  0 free  1 open  1 done  0 failed
  82434353 buildArch (rhino-1.7.14-3.fc36.src.rpm, noarch): free
  82434353 buildArch (rhino-1.7.14-3.fc36.src.rpm, noarch): free -> open (buildvm-a64-32.iad2.fedoraproject.org)
  82434353 buildArch (rhino-1.7.14-3.fc36.src.rpm, noarch): open (buildvm-a64-32.iad2.fedoraproject.org) -> closed
  0 free  1 open  2 done  0 failed
  82434484 tagBuild (noarch): free
  82434484 tagBuild (noarch): free -> closed
  0 free  1 open  3 done  0 failed
82434259 build (f36-java17, /rpms/rhino.git:8637e672cd5bcdd5822db642ae992ca36f539ba7): open (buildvm-ppc64le-07.iad2.fedoraproject.org) -> closed
  0 free  0 open  4 done  0 failed

82434259 build (f36-java17, /rpms/rhino.git:8637e672cd5bcdd5822db642ae992ca36f539ba7) completed successfully
