Cloning into 'rstudio'...
[rawhide be0afdc] Rebuilt for java-17-openjdk as system jdk
 1 file changed, 4 insertions(+), 1 deletion(-)
Building rstudio-2021.09.2+382-4.fc36 for f36-java17
Created task: 82428616
Task info: https://koji.fedoraproject.org/koji/taskinfo?taskID=82428616
Watching tasks (this may be safely interrupted)...
82428616 build (f36-java17, /rpms/rstudio.git:be0afdc0f8de3414b4cbcbab0fbcdf0b8459830a): free
82428616 build (f36-java17, /rpms/rstudio.git:be0afdc0f8de3414b4cbcbab0fbcdf0b8459830a): free -> open (buildvm-a32-04.iad2.fedoraproject.org)
  82428642 buildSRPMFromSCM (/rpms/rstudio.git:be0afdc0f8de3414b4cbcbab0fbcdf0b8459830a): free
  82428642 buildSRPMFromSCM (/rpms/rstudio.git:be0afdc0f8de3414b4cbcbab0fbcdf0b8459830a): free -> open (buildvm-ppc64le-24.iad2.fedoraproject.org)
  82428642 buildSRPMFromSCM (/rpms/rstudio.git:be0afdc0f8de3414b4cbcbab0fbcdf0b8459830a): open (buildvm-ppc64le-24.iad2.fedoraproject.org) -> closed
  0 free  1 open  1 done  0 failed
  82429064 buildArch (rstudio-2021.09.2+382-4.fc36.src.rpm, x86_64): free
  82429065 buildArch (rstudio-2021.09.2+382-4.fc36.src.rpm, aarch64): open (buildhw-a64-23.iad2.fedoraproject.org)
  82429062 buildArch (rstudio-2021.09.2+382-4.fc36.src.rpm, armv7hl): open (buildvm-a32-07.iad2.fedoraproject.org)
  82429067 buildArch (rstudio-2021.09.2+382-4.fc36.src.rpm, s390x): open (buildvm-s390x-06.s390.fedoraproject.org)
  82429063 buildArch (rstudio-2021.09.2+382-4.fc36.src.rpm, i686): open (buildhw-x86-04.iad2.fedoraproject.org)
  82429066 buildArch (rstudio-2021.09.2+382-4.fc36.src.rpm, ppc64le): free
  82429064 buildArch (rstudio-2021.09.2+382-4.fc36.src.rpm, x86_64): free -> open (buildhw-x86-03.iad2.fedoraproject.org)
  82429066 buildArch (rstudio-2021.09.2+382-4.fc36.src.rpm, ppc64le): free -> open (buildvm-ppc64le-15.iad2.fedoraproject.org)
  82429064 buildArch (rstudio-2021.09.2+382-4.fc36.src.rpm, x86_64): open (buildhw-x86-03.iad2.fedoraproject.org) -> closed
  0 free  6 open  2 done  0 failed
  82429065 buildArch (rstudio-2021.09.2+382-4.fc36.src.rpm, aarch64): open (buildhw-a64-23.iad2.fedoraproject.org) -> closed
  0 free  5 open  3 done  0 failed
  82429067 buildArch (rstudio-2021.09.2+382-4.fc36.src.rpm, s390x): open (buildvm-s390x-06.s390.fedoraproject.org) -> closed
  0 free  4 open  4 done  0 failed
  82429066 buildArch (rstudio-2021.09.2+382-4.fc36.src.rpm, ppc64le): open (buildvm-ppc64le-15.iad2.fedoraproject.org) -> closed
  0 free  3 open  5 done  0 failed
  82429062 buildArch (rstudio-2021.09.2+382-4.fc36.src.rpm, armv7hl): open (buildvm-a32-07.iad2.fedoraproject.org) -> closed
  0 free  2 open  6 done  0 failed
  82429063 buildArch (rstudio-2021.09.2+382-4.fc36.src.rpm, i686): open (buildhw-x86-04.iad2.fedoraproject.org) -> FAILED: BuildError: error building package (arch i686), mock exited with status 1; see build.log or root.log for more information
  Relevant logs:
  https://kojipkgs.fedoraproject.org/work/tasks/9063/82429063/mock_output.log
  https://kojipkgs.fedoraproject.org/work/tasks/9063/82429063/hw_info.log
  https://kojipkgs.fedoraproject.org/work/tasks/9063/82429063/state.log
  https://kojipkgs.fedoraproject.org/work/tasks/9063/82429063/build.log
  https://kojipkgs.fedoraproject.org/work/tasks/9063/82429063/root.log
  0 free  1 open  6 done  1 failed
82428616 build (f36-java17, /rpms/rstudio.git:be0afdc0f8de3414b4cbcbab0fbcdf0b8459830a): open (buildvm-a32-04.iad2.fedoraproject.org) -> FAILED: BuildError: error building package (arch i686), mock exited with status 1; see build.log or root.log for more information
  0 free  0 open  6 done  2 failed

82428616 build (f36-java17, /rpms/rstudio.git:be0afdc0f8de3414b4cbcbab0fbcdf0b8459830a) failed
