Cloning into 'rsyntaxtextarea'...
[rawhide 5f0e03c] Rebuilt for java-17-openjdk as system jdk
 1 file changed, 4 insertions(+), 1 deletion(-)
Building rsyntaxtextarea-3.1.3-4.fc36 for f36-java17
Created task: 82434275
Task info: https://koji.fedoraproject.org/koji/taskinfo?taskID=82434275
Watching tasks (this may be safely interrupted)...
82434275 build (f36-java17, /rpms/rsyntaxtextarea.git:5f0e03c79f64de8cced3b20ede36e2bda12a51b3): free
82434275 build (f36-java17, /rpms/rsyntaxtextarea.git:5f0e03c79f64de8cced3b20ede36e2bda12a51b3): free -> open (buildvm-x86-16.iad2.fedoraproject.org)
  82434281 buildSRPMFromSCM (/rpms/rsyntaxtextarea.git:5f0e03c79f64de8cced3b20ede36e2bda12a51b3): free
  82434281 buildSRPMFromSCM (/rpms/rsyntaxtextarea.git:5f0e03c79f64de8cced3b20ede36e2bda12a51b3): free -> open (buildvm-ppc64le-35.iad2.fedoraproject.org)
  82434281 buildSRPMFromSCM (/rpms/rsyntaxtextarea.git:5f0e03c79f64de8cced3b20ede36e2bda12a51b3): open (buildvm-ppc64le-35.iad2.fedoraproject.org) -> closed
  0 free  1 open  1 done  0 failed
  82434451 buildArch (rsyntaxtextarea-3.1.3-4.fc36.src.rpm, noarch): free
  82434451 buildArch (rsyntaxtextarea-3.1.3-4.fc36.src.rpm, noarch): free -> open (buildvm-s390x-13.s390.fedoraproject.org)
  82434451 buildArch (rsyntaxtextarea-3.1.3-4.fc36.src.rpm, noarch): open (buildvm-s390x-13.s390.fedoraproject.org) -> closed
  0 free  1 open  2 done  0 failed
82434275 build (f36-java17, /rpms/rsyntaxtextarea.git:5f0e03c79f64de8cced3b20ede36e2bda12a51b3): open (buildvm-x86-16.iad2.fedoraproject.org) -> closed
  0 free  0 open  3 done  0 failed
  82434468 tagBuild (noarch): closed

82434275 build (f36-java17, /rpms/rsyntaxtextarea.git:5f0e03c79f64de8cced3b20ede36e2bda12a51b3) completed successfully
