Cloning into 'rundoc'...
[rawhide 7293881] Rebuilt for java-17-openjdk as system jdk
 1 file changed, 4 insertions(+), 1 deletion(-)
Building rundoc-0.11-19.fc36 for f36-java17
Created task: 82434312
Task info: https://koji.fedoraproject.org/koji/taskinfo?taskID=82434312
Watching tasks (this may be safely interrupted)...
82434312 build (f36-java17, /rpms/rundoc.git:7293881c19443955fedc2abbc91c1abeb84fb78f): free
82434312 build (f36-java17, /rpms/rundoc.git:7293881c19443955fedc2abbc91c1abeb84fb78f): free -> open (buildvm-x86-27.iad2.fedoraproject.org)
  82434345 buildSRPMFromSCM (/rpms/rundoc.git:7293881c19443955fedc2abbc91c1abeb84fb78f): free
  82434345 buildSRPMFromSCM (/rpms/rundoc.git:7293881c19443955fedc2abbc91c1abeb84fb78f): free -> open (buildvm-x86-07.iad2.fedoraproject.org)
  82434345 buildSRPMFromSCM (/rpms/rundoc.git:7293881c19443955fedc2abbc91c1abeb84fb78f): open (buildvm-x86-07.iad2.fedoraproject.org) -> closed
  0 free  1 open  1 done  0 failed
  82434439 buildArch (rundoc-0.11-19.fc36.src.rpm, noarch): open (buildvm-x86-06.iad2.fedoraproject.org)
  82434439 buildArch (rundoc-0.11-19.fc36.src.rpm, noarch): open (buildvm-x86-06.iad2.fedoraproject.org) -> closed
  0 free  1 open  2 done  0 failed
  82434476 tagBuild (noarch): closed
82434312 build (f36-java17, /rpms/rundoc.git:7293881c19443955fedc2abbc91c1abeb84fb78f): open (buildvm-x86-27.iad2.fedoraproject.org) -> closed
  0 free  0 open  4 done  0 failed

82434312 build (f36-java17, /rpms/rundoc.git:7293881c19443955fedc2abbc91c1abeb84fb78f) completed successfully
