Cloning into 'sac'...
[rawhide df84e53] Rebuilt for java-17-openjdk as system jdk
 1 file changed, 4 insertions(+), 1 deletion(-)
warning: Macro expanded in comment on line 6: %{name}java-%{version}.zip

warning: Macro expanded in comment on line 6: %{name}java-%{version}.zip


Building sac-1.3-38.fc36 for f36-java17
Created task: 82434346
Task info: https://koji.fedoraproject.org/koji/taskinfo?taskID=82434346
Watching tasks (this may be safely interrupted)...
82434346 build (f36-java17, /rpms/sac.git:df84e53975682d0ed9c32f4fa30bca451f95d1ca): free
82434346 build (f36-java17, /rpms/sac.git:df84e53975682d0ed9c32f4fa30bca451f95d1ca): free -> open (buildhw-a64-20.iad2.fedoraproject.org)
  82434363 buildSRPMFromSCM (/rpms/sac.git:df84e53975682d0ed9c32f4fa30bca451f95d1ca): free
  82434363 buildSRPMFromSCM (/rpms/sac.git:df84e53975682d0ed9c32f4fa30bca451f95d1ca): free -> open (buildvm-x86-31.iad2.fedoraproject.org)
  82434455 buildArch (sac-1.3-38.fc36.src.rpm, noarch): free
  82434363 buildSRPMFromSCM (/rpms/sac.git:df84e53975682d0ed9c32f4fa30bca451f95d1ca): open (buildvm-x86-31.iad2.fedoraproject.org) -> closed
  1 free  1 open  1 done  0 failed
  82434455 buildArch (sac-1.3-38.fc36.src.rpm, noarch): free -> open (buildvm-s390x-06.s390.fedoraproject.org)
  82434466 tagBuild (noarch): free
  82434455 buildArch (sac-1.3-38.fc36.src.rpm, noarch): open (buildvm-s390x-06.s390.fedoraproject.org) -> closed
  1 free  1 open  2 done  0 failed
  82434466 tagBuild (noarch): free -> closed
  0 free  1 open  3 done  0 failed
82434346 build (f36-java17, /rpms/sac.git:df84e53975682d0ed9c32f4fa30bca451f95d1ca): open (buildhw-a64-20.iad2.fedoraproject.org) -> closed
  0 free  0 open  4 done  0 failed

82434346 build (f36-java17, /rpms/sac.git:df84e53975682d0ed9c32f4fa30bca451f95d1ca) completed successfully
