Cloning into 'sblim-cim-client2'...
[rawhide 6975ba2] Rebuilt for java-17-openjdk as system jdk
 1 file changed, 4 insertions(+), 1 deletion(-)
Building sblim-cim-client2-2.2.5-20.fc36 for f36-java17
Created task: 82434433
Task info: https://koji.fedoraproject.org/koji/taskinfo?taskID=82434433
Watching tasks (this may be safely interrupted)...
82434433 build (f36-java17, /rpms/sblim-cim-client2.git:6975ba209e73d6f22d941afa9c6f6a198c66d720): free
82434433 build (f36-java17, /rpms/sblim-cim-client2.git:6975ba209e73d6f22d941afa9c6f6a198c66d720): free -> open (buildvm-s390x-23.s390.fedoraproject.org)
  82434438 buildSRPMFromSCM (/rpms/sblim-cim-client2.git:6975ba209e73d6f22d941afa9c6f6a198c66d720): free
  82434438 buildSRPMFromSCM (/rpms/sblim-cim-client2.git:6975ba209e73d6f22d941afa9c6f6a198c66d720): free -> open (buildvm-ppc64le-14.iad2.fedoraproject.org)
  82434438 buildSRPMFromSCM (/rpms/sblim-cim-client2.git:6975ba209e73d6f22d941afa9c6f6a198c66d720): open (buildvm-ppc64le-14.iad2.fedoraproject.org) -> closed
  0 free  1 open  1 done  0 failed
  82434485 buildArch (sblim-cim-client2-2.2.5-20.fc36.src.rpm, noarch): free
  82434485 buildArch (sblim-cim-client2-2.2.5-20.fc36.src.rpm, noarch): free -> open (buildvm-x86-23.iad2.fedoraproject.org)
82434433 build (f36-java17, /rpms/sblim-cim-client2.git:6975ba209e73d6f22d941afa9c6f6a198c66d720): open (buildvm-s390x-23.s390.fedoraproject.org) -> FAILED: BuildError: error building package (arch noarch), mock exited with status 1; see build.log or root.log for more information
  0 free  1 open  1 done  1 failed
  82434485 buildArch (sblim-cim-client2-2.2.5-20.fc36.src.rpm, noarch): open (buildvm-x86-23.iad2.fedoraproject.org) -> FAILED: BuildError: error building package (arch noarch), mock exited with status 1; see build.log or root.log for more information
  Relevant logs:
  https://kojipkgs.fedoraproject.org/work/tasks/4485/82434485/mock_output.log
  https://kojipkgs.fedoraproject.org/work/tasks/4485/82434485/hw_info.log
  https://kojipkgs.fedoraproject.org/work/tasks/4485/82434485/state.log
  https://kojipkgs.fedoraproject.org/work/tasks/4485/82434485/build.log
  https://kojipkgs.fedoraproject.org/work/tasks/4485/82434485/root.log
  0 free  0 open  1 done  2 failed

82434433 build (f36-java17, /rpms/sblim-cim-client2.git:6975ba209e73d6f22d941afa9c6f6a198c66d720) failed
