Cloning into 'sblim-cim-client'...
[rawhide 14085b1] Rebuilt for java-17-openjdk as system jdk
 1 file changed, 4 insertions(+), 1 deletion(-)
Building sblim-cim-client-1.3.9.3-24.fc36 for f36-java17
Created task: 82434414
Task info: https://koji.fedoraproject.org/koji/taskinfo?taskID=82434414
Watching tasks (this may be safely interrupted)...
82434414 build (f36-java17, /rpms/sblim-cim-client.git:14085b13cbca19a433f6fc7458495d9b4be7df6b): free
82434414 build (f36-java17, /rpms/sblim-cim-client.git:14085b13cbca19a433f6fc7458495d9b4be7df6b): free -> open (buildvm-a32-08.iad2.fedoraproject.org)
  82434424 buildSRPMFromSCM (/rpms/sblim-cim-client.git:14085b13cbca19a433f6fc7458495d9b4be7df6b): free
  82434424 buildSRPMFromSCM (/rpms/sblim-cim-client.git:14085b13cbca19a433f6fc7458495d9b4be7df6b): free -> open (buildvm-ppc64le-11.iad2.fedoraproject.org)
  82434424 buildSRPMFromSCM (/rpms/sblim-cim-client.git:14085b13cbca19a433f6fc7458495d9b4be7df6b): open (buildvm-ppc64le-11.iad2.fedoraproject.org) -> closed
  0 free  1 open  1 done  0 failed
  82434486 buildArch (sblim-cim-client-1.3.9.3-24.fc36.src.rpm, noarch): free
  82434486 buildArch (sblim-cim-client-1.3.9.3-24.fc36.src.rpm, noarch): free -> open (buildvm-x86-11.iad2.fedoraproject.org)
  82434486 buildArch (sblim-cim-client-1.3.9.3-24.fc36.src.rpm, noarch): open (buildvm-x86-11.iad2.fedoraproject.org) -> FAILED: BuildError: error building package (arch noarch), mock exited with status 1; see build.log or root.log for more information
  Relevant logs:
  https://kojipkgs.fedoraproject.org/work/tasks/4486/82434486/mock_output.log
  https://kojipkgs.fedoraproject.org/work/tasks/4486/82434486/hw_info.log
  https://kojipkgs.fedoraproject.org/work/tasks/4486/82434486/state.log
  https://kojipkgs.fedoraproject.org/work/tasks/4486/82434486/build.log
  https://kojipkgs.fedoraproject.org/work/tasks/4486/82434486/root.log
  0 free  1 open  1 done  1 failed
82434414 build (f36-java17, /rpms/sblim-cim-client.git:14085b13cbca19a433f6fc7458495d9b4be7df6b): open (buildvm-a32-08.iad2.fedoraproject.org) -> FAILED: BuildError: error building package (arch noarch), mock exited with status 1; see build.log or root.log for more information
  0 free  0 open  1 done  2 failed

82434414 build (f36-java17, /rpms/sblim-cim-client.git:14085b13cbca19a433f6fc7458495d9b4be7df6b) failed
