Cloning into 'scalacheck'...
[rawhide 69dafc9] Rebuilt for java-17-openjdk as system jdk
 1 file changed, 4 insertions(+), 1 deletion(-)
Building scalacheck-1.15.4-4.fc36 for f36-java17
Created task: 82434456
Task info: https://koji.fedoraproject.org/koji/taskinfo?taskID=82434456
Watching tasks (this may be safely interrupted)...
82434456 build (f36-java17, /rpms/scalacheck.git:69dafc9ae48ebb61c1484ca3ba825e01075d2c9b): free
82434456 build (f36-java17, /rpms/scalacheck.git:69dafc9ae48ebb61c1484ca3ba825e01075d2c9b): free -> open (buildvm-x86-28.iad2.fedoraproject.org)
  82434457 buildSRPMFromSCM (/rpms/scalacheck.git:69dafc9ae48ebb61c1484ca3ba825e01075d2c9b): free
  82434457 buildSRPMFromSCM (/rpms/scalacheck.git:69dafc9ae48ebb61c1484ca3ba825e01075d2c9b): free -> open (buildvm-x86-23.iad2.fedoraproject.org)
  82434457 buildSRPMFromSCM (/rpms/scalacheck.git:69dafc9ae48ebb61c1484ca3ba825e01075d2c9b): open (buildvm-x86-23.iad2.fedoraproject.org) -> closed
  0 free  1 open  1 done  0 failed
  82434493 buildArch (scalacheck-1.15.4-4.fc36.src.rpm, noarch): open (buildvm-x86-28.iad2.fedoraproject.org)
  82434668 tagBuild (noarch): free
  82434493 buildArch (scalacheck-1.15.4-4.fc36.src.rpm, noarch): open (buildvm-x86-28.iad2.fedoraproject.org) -> closed
  1 free  1 open  2 done  0 failed
  82434668 tagBuild (noarch): free -> closed
  0 free  1 open  3 done  0 failed
82434456 build (f36-java17, /rpms/scalacheck.git:69dafc9ae48ebb61c1484ca3ba825e01075d2c9b): open (buildvm-x86-28.iad2.fedoraproject.org) -> closed
  0 free  0 open  4 done  0 failed

82434456 build (f36-java17, /rpms/scalacheck.git:69dafc9ae48ebb61c1484ca3ba825e01075d2c9b) completed successfully
