Cloning into 'scannotation'...
[rawhide 12f7138] Rebuilt for java-17-openjdk as system jdk
 1 file changed, 4 insertions(+), 1 deletion(-)
Building scannotation-1.0.3-0.27.r12.fc36 for f36-java17
Created task: 82434472
Task info: https://koji.fedoraproject.org/koji/taskinfo?taskID=82434472
Watching tasks (this may be safely interrupted)...
82434472 build (f36-java17, /rpms/scannotation.git:12f7138c53710f6aa32a08b543d3b54d0224d20e): open (buildvm-ppc64le-17.iad2.fedoraproject.org)
  82434474 buildSRPMFromSCM (/rpms/scannotation.git:12f7138c53710f6aa32a08b543d3b54d0224d20e): free
  82434474 buildSRPMFromSCM (/rpms/scannotation.git:12f7138c53710f6aa32a08b543d3b54d0224d20e): free -> open (buildvm-ppc64le-20.iad2.fedoraproject.org)
  82434474 buildSRPMFromSCM (/rpms/scannotation.git:12f7138c53710f6aa32a08b543d3b54d0224d20e): open (buildvm-ppc64le-20.iad2.fedoraproject.org) -> closed
  0 free  1 open  1 done  0 failed
  82434656 buildArch (scannotation-1.0.3-0.27.r12.fc36.src.rpm, noarch): free
  82434656 buildArch (scannotation-1.0.3-0.27.r12.fc36.src.rpm, noarch): free -> open (buildhw-x86-03.iad2.fedoraproject.org)
  82434656 buildArch (scannotation-1.0.3-0.27.r12.fc36.src.rpm, noarch): open (buildhw-x86-03.iad2.fedoraproject.org) -> closed
  0 free  1 open  2 done  0 failed
  82434760 tagBuild (noarch): closed
82434472 build (f36-java17, /rpms/scannotation.git:12f7138c53710f6aa32a08b543d3b54d0224d20e): open (buildvm-ppc64le-17.iad2.fedoraproject.org) -> closed
  0 free  0 open  4 done  0 failed

82434472 build (f36-java17, /rpms/scannotation.git:12f7138c53710f6aa32a08b543d3b54d0224d20e) completed successfully
