Cloning into 'seqan'...
[rawhide eedf7fd] Rebuilt for java-17-openjdk as system jdk
 1 file changed, 4 insertions(+), 1 deletion(-)
Building seqan-1.4.2-48.fc36 for f36-java17
Created task: 82434564
Task info: https://koji.fedoraproject.org/koji/taskinfo?taskID=82434564
Watching tasks (this may be safely interrupted)...
82434564 build (f36-java17, /rpms/seqan.git:eedf7fdee151ae242681d161aa8c9a6ac1a3c980): free
82434564 build (f36-java17, /rpms/seqan.git:eedf7fdee151ae242681d161aa8c9a6ac1a3c980): free -> open (buildvm-s390x-18.s390.fedoraproject.org)
  82434589 buildSRPMFromSCM (/rpms/seqan.git:eedf7fdee151ae242681d161aa8c9a6ac1a3c980): free
  82434589 buildSRPMFromSCM (/rpms/seqan.git:eedf7fdee151ae242681d161aa8c9a6ac1a3c980): free -> open (buildvm-ppc64le-05.iad2.fedoraproject.org)
  82434589 buildSRPMFromSCM (/rpms/seqan.git:eedf7fdee151ae242681d161aa8c9a6ac1a3c980): open (buildvm-ppc64le-05.iad2.fedoraproject.org) -> closed
  0 free  1 open  1 done  0 failed
  82434775 buildArch (seqan-1.4.2-48.fc36.src.rpm, i686): free
  82434776 buildArch (seqan-1.4.2-48.fc36.src.rpm, x86_64): free
  82434779 buildArch (seqan-1.4.2-48.fc36.src.rpm, s390x): open (buildvm-s390x-05.s390.fedoraproject.org)
  82434778 buildArch (seqan-1.4.2-48.fc36.src.rpm, ppc64le): open (buildvm-ppc64le-25.iad2.fedoraproject.org)
  82434777 buildArch (seqan-1.4.2-48.fc36.src.rpm, aarch64): free
  82434774 buildArch (seqan-1.4.2-48.fc36.src.rpm, armv7hl): open (buildvm-a32-24.iad2.fedoraproject.org)
  82434777 buildArch (seqan-1.4.2-48.fc36.src.rpm, aarch64): free -> open (buildvm-a64-27.iad2.fedoraproject.org)
  82434775 buildArch (seqan-1.4.2-48.fc36.src.rpm, i686): free -> open (buildvm-x86-27.iad2.fedoraproject.org)
  82434776 buildArch (seqan-1.4.2-48.fc36.src.rpm, x86_64): free -> open (buildvm-x86-17.iad2.fedoraproject.org)
  82434779 buildArch (seqan-1.4.2-48.fc36.src.rpm, s390x): open (buildvm-s390x-05.s390.fedoraproject.org) -> closed
  0 free  6 open  2 done  0 failed
  82434776 buildArch (seqan-1.4.2-48.fc36.src.rpm, x86_64): open (buildvm-x86-17.iad2.fedoraproject.org) -> closed
  0 free  5 open  3 done  0 failed
  82434775 buildArch (seqan-1.4.2-48.fc36.src.rpm, i686): open (buildvm-x86-27.iad2.fedoraproject.org) -> closed
  0 free  4 open  4 done  0 failed
  82434774 buildArch (seqan-1.4.2-48.fc36.src.rpm, armv7hl): open (buildvm-a32-24.iad2.fedoraproject.org) -> closed
  0 free  3 open  5 done  0 failed
  82434778 buildArch (seqan-1.4.2-48.fc36.src.rpm, ppc64le): open (buildvm-ppc64le-25.iad2.fedoraproject.org) -> closed
  0 free  2 open  6 done  0 failed
  82434777 buildArch (seqan-1.4.2-48.fc36.src.rpm, aarch64): open (buildvm-a64-27.iad2.fedoraproject.org) -> closed
  0 free  1 open  7 done  0 failed
  82438115 tagBuild (noarch): free
  82438115 tagBuild (noarch): free -> open (buildvm-a32-28.iad2.fedoraproject.org)
  82438115 tagBuild (noarch): open (buildvm-a32-28.iad2.fedoraproject.org) -> closed
  0 free  1 open  8 done  0 failed
82434564 build (f36-java17, /rpms/seqan.git:eedf7fdee151ae242681d161aa8c9a6ac1a3c980): open (buildvm-s390x-18.s390.fedoraproject.org) -> closed
  0 free  0 open  9 done  0 failed

82434564 build (f36-java17, /rpms/seqan.git:eedf7fdee151ae242681d161aa8c9a6ac1a3c980) completed successfully
