Cloning into 'seqan2'...
[rawhide 17112d1] Rebuilt for java-17-openjdk as system jdk
 1 file changed, 4 insertions(+), 1 deletion(-)
Building seqan2-2.4.0-16.fc36 for f36-java17
Created task: 82434623
Task info: https://koji.fedoraproject.org/koji/taskinfo?taskID=82434623
Watching tasks (this may be safely interrupted)...
82434623 build (f36-java17, /rpms/seqan2.git:17112d177ef2bfe7ee1b741dd6ca87b6839b98e6): free
82434623 build (f36-java17, /rpms/seqan2.git:17112d177ef2bfe7ee1b741dd6ca87b6839b98e6): free -> open (buildvm-x86-28.iad2.fedoraproject.org)
  82434663 buildSRPMFromSCM (/rpms/seqan2.git:17112d177ef2bfe7ee1b741dd6ca87b6839b98e6): free
  82434663 buildSRPMFromSCM (/rpms/seqan2.git:17112d177ef2bfe7ee1b741dd6ca87b6839b98e6): free -> open (buildvm-ppc64le-19.iad2.fedoraproject.org)
  82434663 buildSRPMFromSCM (/rpms/seqan2.git:17112d177ef2bfe7ee1b741dd6ca87b6839b98e6): open (buildvm-ppc64le-19.iad2.fedoraproject.org) -> closed
  0 free  1 open  1 done  0 failed
  82434794 buildArch (seqan2-2.4.0-16.fc36.src.rpm, armv7hl): free
  82434795 buildArch (seqan2-2.4.0-16.fc36.src.rpm, i686): free
  82434799 buildArch (seqan2-2.4.0-16.fc36.src.rpm, s390x): free
  82434796 buildArch (seqan2-2.4.0-16.fc36.src.rpm, x86_64): free
  82434797 buildArch (seqan2-2.4.0-16.fc36.src.rpm, aarch64): free
  82434798 buildArch (seqan2-2.4.0-16.fc36.src.rpm, ppc64le): free
  82434794 buildArch (seqan2-2.4.0-16.fc36.src.rpm, armv7hl): free -> open (buildvm-a32-09.iad2.fedoraproject.org)
  82434795 buildArch (seqan2-2.4.0-16.fc36.src.rpm, i686): free -> open (buildvm-x86-12.iad2.fedoraproject.org)
  82434799 buildArch (seqan2-2.4.0-16.fc36.src.rpm, s390x): free -> open (buildvm-s390x-23.s390.fedoraproject.org)
  82434796 buildArch (seqan2-2.4.0-16.fc36.src.rpm, x86_64): free -> open (buildvm-x86-29.iad2.fedoraproject.org)
  82434797 buildArch (seqan2-2.4.0-16.fc36.src.rpm, aarch64): free -> open (buildvm-a64-17.iad2.fedoraproject.org)
  82434798 buildArch (seqan2-2.4.0-16.fc36.src.rpm, ppc64le): free -> open (buildvm-ppc64le-18.iad2.fedoraproject.org)
  82434795 buildArch (seqan2-2.4.0-16.fc36.src.rpm, i686): open (buildvm-x86-12.iad2.fedoraproject.org) -> closed
  0 free  6 open  2 done  0 failed
  82434799 buildArch (seqan2-2.4.0-16.fc36.src.rpm, s390x): open (buildvm-s390x-23.s390.fedoraproject.org) -> closed
  0 free  5 open  3 done  0 failed
  82434796 buildArch (seqan2-2.4.0-16.fc36.src.rpm, x86_64): open (buildvm-x86-29.iad2.fedoraproject.org) -> closed
  0 free  4 open  4 done  0 failed
  82434798 buildArch (seqan2-2.4.0-16.fc36.src.rpm, ppc64le): open (buildvm-ppc64le-18.iad2.fedoraproject.org) -> closed
  0 free  3 open  5 done  0 failed
  82434797 buildArch (seqan2-2.4.0-16.fc36.src.rpm, aarch64): open (buildvm-a64-17.iad2.fedoraproject.org) -> closed
  0 free  2 open  6 done  0 failed
  82441145 tagBuild (noarch): free
  82434794 buildArch (seqan2-2.4.0-16.fc36.src.rpm, armv7hl): open (buildvm-a32-09.iad2.fedoraproject.org) -> closed
  1 free  1 open  7 done  0 failed
  82441145 tagBuild (noarch): free -> closed
  0 free  1 open  8 done  0 failed
82434623 build (f36-java17, /rpms/seqan2.git:17112d177ef2bfe7ee1b741dd6ca87b6839b98e6): open (buildvm-x86-28.iad2.fedoraproject.org) -> closed
  0 free  0 open  9 done  0 failed

82434623 build (f36-java17, /rpms/seqan2.git:17112d177ef2bfe7ee1b741dd6ca87b6839b98e6) completed successfully
