Cloning into 'sequence-library'...
[rawhide b6ab0c8] Rebuilt for java-17-openjdk as system jdk
 1 file changed, 4 insertions(+), 1 deletion(-)
Building sequence-library-1.0.3-12.fc36 for f36-java17
Created task: 82434669
Task info: https://koji.fedoraproject.org/koji/taskinfo?taskID=82434669
Watching tasks (this may be safely interrupted)...
82434669 build (f36-java17, /rpms/sequence-library.git:b6ab0c8ab1a676204d77b78138b2b149ec7a717f): free
82434669 build (f36-java17, /rpms/sequence-library.git:b6ab0c8ab1a676204d77b78138b2b149ec7a717f): free -> open (buildvm-a32-24.iad2.fedoraproject.org)
  82434685 buildSRPMFromSCM (/rpms/sequence-library.git:b6ab0c8ab1a676204d77b78138b2b149ec7a717f): free
  82434685 buildSRPMFromSCM (/rpms/sequence-library.git:b6ab0c8ab1a676204d77b78138b2b149ec7a717f): free -> open (buildvm-x86-16.iad2.fedoraproject.org)
  82434685 buildSRPMFromSCM (/rpms/sequence-library.git:b6ab0c8ab1a676204d77b78138b2b149ec7a717f): open (buildvm-x86-16.iad2.fedoraproject.org) -> closed
  0 free  1 open  1 done  0 failed
  82434764 buildArch (sequence-library-1.0.3-12.fc36.src.rpm, noarch): free
  82434764 buildArch (sequence-library-1.0.3-12.fc36.src.rpm, noarch): free -> open (buildvm-s390x-22.s390.fedoraproject.org)
  82434764 buildArch (sequence-library-1.0.3-12.fc36.src.rpm, noarch): open (buildvm-s390x-22.s390.fedoraproject.org) -> closed
  0 free  1 open  2 done  0 failed
  82434810 tagBuild (noarch): free
  82434810 tagBuild (noarch): free -> closed
  0 free  1 open  3 done  0 failed
82434669 build (f36-java17, /rpms/sequence-library.git:b6ab0c8ab1a676204d77b78138b2b149ec7a717f): open (buildvm-a32-24.iad2.fedoraproject.org) -> closed
  0 free  0 open  4 done  0 failed

82434669 build (f36-java17, /rpms/sequence-library.git:b6ab0c8ab1a676204d77b78138b2b149ec7a717f) completed successfully
