Cloning into 'shaman'...
[rawhide f7dbc56] Rebuilt for java-17-openjdk as system jdk
 1 file changed, 4 insertions(+), 1 deletion(-)
Building shaman-1.1-14.fc36 for f36-java17
Created task: 82434739
Task info: https://koji.fedoraproject.org/koji/taskinfo?taskID=82434739
Watching tasks (this may be safely interrupted)...
82434739 build (f36-java17, /rpms/shaman.git:f7dbc5678b2e08955eefbd043841dee1454e5504): free
82434739 build (f36-java17, /rpms/shaman.git:f7dbc5678b2e08955eefbd043841dee1454e5504): free -> open (buildvm-s390x-18.s390.fedoraproject.org)
  82434743 buildSRPMFromSCM (/rpms/shaman.git:f7dbc5678b2e08955eefbd043841dee1454e5504): free
  82434743 buildSRPMFromSCM (/rpms/shaman.git:f7dbc5678b2e08955eefbd043841dee1454e5504): free -> open (buildvm-ppc64le-30.iad2.fedoraproject.org)
  82434743 buildSRPMFromSCM (/rpms/shaman.git:f7dbc5678b2e08955eefbd043841dee1454e5504): open (buildvm-ppc64le-30.iad2.fedoraproject.org) -> closed
  0 free  1 open  1 done  0 failed
  82434835 buildArch (shaman-1.1-14.fc36.src.rpm, noarch): open (buildvm-ppc64le-05.iad2.fedoraproject.org)
  82434835 buildArch (shaman-1.1-14.fc36.src.rpm, noarch): open (buildvm-ppc64le-05.iad2.fedoraproject.org) -> closed
  0 free  1 open  2 done  0 failed
  82434882 tagBuild (noarch): free
  82434882 tagBuild (noarch): free -> closed
  0 free  1 open  3 done  0 failed
82434739 build (f36-java17, /rpms/shaman.git:f7dbc5678b2e08955eefbd043841dee1454e5504): open (buildvm-s390x-18.s390.fedoraproject.org) -> closed
  0 free  0 open  4 done  0 failed

82434739 build (f36-java17, /rpms/shaman.git:f7dbc5678b2e08955eefbd043841dee1454e5504) completed successfully
