Cloning into 'Singular'...
[rawhide 724dc78] Rebuilt for java-17-openjdk as system jdk
 1 file changed, 4 insertions(+), 1 deletion(-)
Building Singular-4.2.0p3-3.fc36 for f36-java17
Created task: 82434761
Task info: https://koji.fedoraproject.org/koji/taskinfo?taskID=82434761
Watching tasks (this may be safely interrupted)...
82434761 build (f36-java17, /rpms/Singular.git:724dc78c8c744516521f495bb97a548bd6a42395): free
82434761 build (f36-java17, /rpms/Singular.git:724dc78c8c744516521f495bb97a548bd6a42395): free -> open (buildvm-a32-16.iad2.fedoraproject.org)
  82434765 buildSRPMFromSCM (/rpms/Singular.git:724dc78c8c744516521f495bb97a548bd6a42395): free
  82434765 buildSRPMFromSCM (/rpms/Singular.git:724dc78c8c744516521f495bb97a548bd6a42395): free -> open (buildvm-x86-14.iad2.fedoraproject.org)
  82434765 buildSRPMFromSCM (/rpms/Singular.git:724dc78c8c744516521f495bb97a548bd6a42395): open (buildvm-x86-14.iad2.fedoraproject.org) -> closed
  0 free  1 open  1 done  0 failed
  82434825 buildArch (Singular-4.2.0p3-3.fc36.src.rpm, i686): free
  82434828 buildArch (Singular-4.2.0p3-3.fc36.src.rpm, ppc64le): free
  82434829 buildArch (Singular-4.2.0p3-3.fc36.src.rpm, s390x): free
  82434827 buildArch (Singular-4.2.0p3-3.fc36.src.rpm, aarch64): free
  82434826 buildArch (Singular-4.2.0p3-3.fc36.src.rpm, x86_64): free
  82434824 buildArch (Singular-4.2.0p3-3.fc36.src.rpm, armv7hl): open (buildvm-a32-28.iad2.fedoraproject.org)
  82434829 buildArch (Singular-4.2.0p3-3.fc36.src.rpm, s390x): free -> open (buildvm-s390x-22.s390.fedoraproject.org)
  82434827 buildArch (Singular-4.2.0p3-3.fc36.src.rpm, aarch64): free -> open (buildhw-a64-20.iad2.fedoraproject.org)
  82434825 buildArch (Singular-4.2.0p3-3.fc36.src.rpm, i686): free -> open (buildvm-x86-23.iad2.fedoraproject.org)
  82434828 buildArch (Singular-4.2.0p3-3.fc36.src.rpm, ppc64le): free -> open (buildvm-ppc64le-10.iad2.fedoraproject.org)
  82434826 buildArch (Singular-4.2.0p3-3.fc36.src.rpm, x86_64): free -> open (buildvm-x86-18.iad2.fedoraproject.org)
  82434826 buildArch (Singular-4.2.0p3-3.fc36.src.rpm, x86_64): open (buildvm-x86-18.iad2.fedoraproject.org) -> closed
  0 free  6 open  2 done  0 failed
  82434828 buildArch (Singular-4.2.0p3-3.fc36.src.rpm, ppc64le): open (buildvm-ppc64le-10.iad2.fedoraproject.org) -> closed
  0 free  5 open  3 done  0 failed
  82434825 buildArch (Singular-4.2.0p3-3.fc36.src.rpm, i686): open (buildvm-x86-23.iad2.fedoraproject.org) -> closed
  0 free  4 open  4 done  0 failed
  82434827 buildArch (Singular-4.2.0p3-3.fc36.src.rpm, aarch64): open (buildhw-a64-20.iad2.fedoraproject.org) -> closed
  0 free  3 open  5 done  0 failed
  82434829 buildArch (Singular-4.2.0p3-3.fc36.src.rpm, s390x): open (buildvm-s390x-22.s390.fedoraproject.org) -> closed
  0 free  2 open  6 done  0 failed
  82434824 buildArch (Singular-4.2.0p3-3.fc36.src.rpm, armv7hl): open (buildvm-a32-28.iad2.fedoraproject.org) -> closed
  0 free  1 open  7 done  0 failed
  82435740 tagBuild (noarch): free
  82435740 tagBuild (noarch): free -> closed
  0 free  1 open  8 done  0 failed
82434761 build (f36-java17, /rpms/Singular.git:724dc78c8c744516521f495bb97a548bd6a42395): open (buildvm-a32-16.iad2.fedoraproject.org) -> closed
  0 free  0 open  9 done  0 failed

82434761 build (f36-java17, /rpms/Singular.git:724dc78c8c744516521f495bb97a548bd6a42395) completed successfully
