Cloning into 'sphinx'...
[rawhide 66ea114] Rebuilt for java-17-openjdk as system jdk
 1 file changed, 4 insertions(+), 1 deletion(-)
Building sphinx-2.2.11-22.fc36 for f36-java17
Created task: 82434848
Task info: https://koji.fedoraproject.org/koji/taskinfo?taskID=82434848
Watching tasks (this may be safely interrupted)...
82434848 build (f36-java17, /rpms/sphinx.git:66ea1146467fc3410f6baed9c4e41191122ffca5): free
82434848 build (f36-java17, /rpms/sphinx.git:66ea1146467fc3410f6baed9c4e41191122ffca5): free -> open (buildvm-ppc64le-17.iad2.fedoraproject.org)
  82434850 buildSRPMFromSCM (/rpms/sphinx.git:66ea1146467fc3410f6baed9c4e41191122ffca5): open (buildvm-x86-16.iad2.fedoraproject.org)
  82434850 buildSRPMFromSCM (/rpms/sphinx.git:66ea1146467fc3410f6baed9c4e41191122ffca5): open (buildvm-x86-16.iad2.fedoraproject.org) -> closed
  0 free  1 open  1 done  0 failed
  82434875 buildArch (sphinx-2.2.11-22.fc36.src.rpm, aarch64): open (buildvm-a64-24.iad2.fedoraproject.org)
  82434877 buildArch (sphinx-2.2.11-22.fc36.src.rpm, s390x): open (buildvm-s390x-27.s390.fedoraproject.org)
  82434876 buildArch (sphinx-2.2.11-22.fc36.src.rpm, ppc64le): open (buildvm-ppc64le-05.iad2.fedoraproject.org)
  82434871 buildArch (sphinx-2.2.11-22.fc36.src.rpm, armv7hl): open (buildvm-a32-23.iad2.fedoraproject.org)
  82434873 buildArch (sphinx-2.2.11-22.fc36.src.rpm, i686): open (buildvm-x86-16.iad2.fedoraproject.org)
  82434874 buildArch (sphinx-2.2.11-22.fc36.src.rpm, x86_64): open (buildvm-x86-26.iad2.fedoraproject.org)
  82434874 buildArch (sphinx-2.2.11-22.fc36.src.rpm, x86_64): open (buildvm-x86-26.iad2.fedoraproject.org) -> closed
  0 free  6 open  2 done  0 failed
  82434873 buildArch (sphinx-2.2.11-22.fc36.src.rpm, i686): open (buildvm-x86-16.iad2.fedoraproject.org) -> closed
  0 free  5 open  3 done  0 failed
  82434876 buildArch (sphinx-2.2.11-22.fc36.src.rpm, ppc64le): open (buildvm-ppc64le-05.iad2.fedoraproject.org) -> closed
  0 free  4 open  4 done  0 failed
  82434877 buildArch (sphinx-2.2.11-22.fc36.src.rpm, s390x): open (buildvm-s390x-27.s390.fedoraproject.org) -> closed
  0 free  3 open  5 done  0 failed
  82434875 buildArch (sphinx-2.2.11-22.fc36.src.rpm, aarch64): open (buildvm-a64-24.iad2.fedoraproject.org) -> closed
  0 free  2 open  6 done  0 failed
  82434871 buildArch (sphinx-2.2.11-22.fc36.src.rpm, armv7hl): open (buildvm-a32-23.iad2.fedoraproject.org) -> closed
  0 free  1 open  7 done  0 failed
  82435177 tagBuild (noarch): free
  82435177 tagBuild (noarch): free -> closed
  0 free  1 open  8 done  0 failed
82434848 build (f36-java17, /rpms/sphinx.git:66ea1146467fc3410f6baed9c4e41191122ffca5): open (buildvm-ppc64le-17.iad2.fedoraproject.org) -> closed
  0 free  0 open  9 done  0 failed

82434848 build (f36-java17, /rpms/sphinx.git:66ea1146467fc3410f6baed9c4e41191122ffca5) completed successfully
