Cloning into 'spice-parent'...
[rawhide c767ad4] Rebuilt for java-17-openjdk as system jdk
 1 file changed, 4 insertions(+), 1 deletion(-)
Building spice-parent-26-18.fc36 for f36-java17
Created task: 82434853
Task info: https://koji.fedoraproject.org/koji/taskinfo?taskID=82434853
Watching tasks (this may be safely interrupted)...
82434853 build (f36-java17, /rpms/spice-parent.git:c767ad4a48f66fb539dd1e0cd9ff28ce92399f15): free
82434853 build (f36-java17, /rpms/spice-parent.git:c767ad4a48f66fb539dd1e0cd9ff28ce92399f15): free -> open (buildvm-ppc64le-20.iad2.fedoraproject.org)
  82434855 buildSRPMFromSCM (/rpms/spice-parent.git:c767ad4a48f66fb539dd1e0cd9ff28ce92399f15): free
  82434855 buildSRPMFromSCM (/rpms/spice-parent.git:c767ad4a48f66fb539dd1e0cd9ff28ce92399f15): free -> open (buildvm-ppc64le-39.iad2.fedoraproject.org)
  82434855 buildSRPMFromSCM (/rpms/spice-parent.git:c767ad4a48f66fb539dd1e0cd9ff28ce92399f15): open (buildvm-ppc64le-39.iad2.fedoraproject.org) -> closed
  0 free  1 open  1 done  0 failed
  82434963 buildArch (spice-parent-26-18.fc36.src.rpm, noarch): free
  82434963 buildArch (spice-parent-26-18.fc36.src.rpm, noarch): free -> open (buildvm-a32-30.iad2.fedoraproject.org)
  82435145 tagBuild (noarch): free
  82434963 buildArch (spice-parent-26-18.fc36.src.rpm, noarch): open (buildvm-a32-30.iad2.fedoraproject.org) -> closed
  1 free  1 open  2 done  0 failed
  82435145 tagBuild (noarch): free -> closed
  0 free  1 open  3 done  0 failed
82434853 build (f36-java17, /rpms/spice-parent.git:c767ad4a48f66fb539dd1e0cd9ff28ce92399f15): open (buildvm-ppc64le-20.iad2.fedoraproject.org) -> closed
  0 free  0 open  4 done  0 failed

82434853 build (f36-java17, /rpms/spice-parent.git:c767ad4a48f66fb539dd1e0cd9ff28ce92399f15) completed successfully
