Cloning into 'sqljet'...
[rawhide a6c1023] Rebuilt for java-17-openjdk as system jdk
 1 file changed, 4 insertions(+), 1 deletion(-)
Building sqljet-1.1.10-22.fc36 for f36-java17
Created task: 82434867
Task info: https://koji.fedoraproject.org/koji/taskinfo?taskID=82434867
Watching tasks (this may be safely interrupted)...
82434867 build (f36-java17, /rpms/sqljet.git:a6c10238f6e22772fccd12fa915a09f9be51be95): open (buildvm-ppc64le-13.iad2.fedoraproject.org)
  82434869 buildSRPMFromSCM (/rpms/sqljet.git:a6c10238f6e22772fccd12fa915a09f9be51be95): open (buildvm-ppc64le-34.iad2.fedoraproject.org)
  82434869 buildSRPMFromSCM (/rpms/sqljet.git:a6c10238f6e22772fccd12fa915a09f9be51be95): open (buildvm-ppc64le-34.iad2.fedoraproject.org) -> closed
  0 free  1 open  1 done  0 failed
  82435012 buildArch (sqljet-1.1.10-22.fc36.src.rpm, noarch): free
  82435012 buildArch (sqljet-1.1.10-22.fc36.src.rpm, noarch): free -> open (buildvm-ppc64le-20.iad2.fedoraproject.org)
  82435012 buildArch (sqljet-1.1.10-22.fc36.src.rpm, noarch): open (buildvm-ppc64le-20.iad2.fedoraproject.org) -> closed
  0 free  1 open  2 done  0 failed
  82435110 tagBuild (noarch): free
  82435110 tagBuild (noarch): free -> closed
  0 free  1 open  3 done  0 failed
82434867 build (f36-java17, /rpms/sqljet.git:a6c10238f6e22772fccd12fa915a09f9be51be95): open (buildvm-ppc64le-13.iad2.fedoraproject.org) -> closed
  0 free  0 open  4 done  0 failed

82434867 build (f36-java17, /rpms/sqljet.git:a6c10238f6e22772fccd12fa915a09f9be51be95) completed successfully
