Cloning into 'stringtemplate'...
[rawhide 5fe9af9] Rebuilt for java-17-openjdk as system jdk
 1 file changed, 4 insertions(+), 1 deletion(-)
Building stringtemplate-3.2.1-28.fc36 for f36-java17
Created task: 82434897
Task info: https://koji.fedoraproject.org/koji/taskinfo?taskID=82434897
Watching tasks (this may be safely interrupted)...
82434897 build (f36-java17, /rpms/stringtemplate.git:5fe9af90c57007a20cb8604206f2ed476683775b): free
82434897 build (f36-java17, /rpms/stringtemplate.git:5fe9af90c57007a20cb8604206f2ed476683775b): free -> open (buildvm-s390x-18.s390.fedoraproject.org)
  82434898 buildSRPMFromSCM (/rpms/stringtemplate.git:5fe9af90c57007a20cb8604206f2ed476683775b): open (buildvm-ppc64le-30.iad2.fedoraproject.org)
  82434898 buildSRPMFromSCM (/rpms/stringtemplate.git:5fe9af90c57007a20cb8604206f2ed476683775b): open (buildvm-ppc64le-30.iad2.fedoraproject.org) -> closed
  0 free  1 open  1 done  0 failed
  82435040 buildArch (stringtemplate-3.2.1-28.fc36.src.rpm, noarch): free
  82435040 buildArch (stringtemplate-3.2.1-28.fc36.src.rpm, noarch): free -> open (buildvm-x86-19.iad2.fedoraproject.org)
  82435040 buildArch (stringtemplate-3.2.1-28.fc36.src.rpm, noarch): open (buildvm-x86-19.iad2.fedoraproject.org) -> closed
  0 free  1 open  2 done  0 failed
  82435130 tagBuild (noarch): free
  82435130 tagBuild (noarch): free -> closed
  0 free  1 open  3 done  0 failed
82434897 build (f36-java17, /rpms/stringtemplate.git:5fe9af90c57007a20cb8604206f2ed476683775b): open (buildvm-s390x-18.s390.fedoraproject.org) -> closed
  0 free  0 open  4 done  0 failed

82434897 build (f36-java17, /rpms/stringtemplate.git:5fe9af90c57007a20cb8604206f2ed476683775b) completed successfully
