Cloning into 'svnkit'...
[rawhide 0e2e34a] Rebuilt for java-17-openjdk as system jdk
 1 file changed, 4 insertions(+), 1 deletion(-)
Building svnkit-1.8.12-13.fc36 for f36-java17
Created task: 82435068
Task info: https://koji.fedoraproject.org/koji/taskinfo?taskID=82435068
Watching tasks (this may be safely interrupted)...
82435068 build (f36-java17, /rpms/svnkit.git:0e2e34ac2889abcea84d6b317a04a10ff8c37f09): free
82435068 build (f36-java17, /rpms/svnkit.git:0e2e34ac2889abcea84d6b317a04a10ff8c37f09): free -> open (buildvm-s390x-34.s390.fedoraproject.org)
  82435069 buildSRPMFromSCM (/rpms/svnkit.git:0e2e34ac2889abcea84d6b317a04a10ff8c37f09): free
  82435069 buildSRPMFromSCM (/rpms/svnkit.git:0e2e34ac2889abcea84d6b317a04a10ff8c37f09): free -> open (buildvm-ppc64le-39.iad2.fedoraproject.org)
  82435069 buildSRPMFromSCM (/rpms/svnkit.git:0e2e34ac2889abcea84d6b317a04a10ff8c37f09): open (buildvm-ppc64le-39.iad2.fedoraproject.org) -> closed
  0 free  1 open  1 done  0 failed
  82435122 buildArch (svnkit-1.8.12-13.fc36.src.rpm, noarch): free
  82435122 buildArch (svnkit-1.8.12-13.fc36.src.rpm, noarch): free -> open (buildvm-ppc64le-31.iad2.fedoraproject.org)
  82435122 buildArch (svnkit-1.8.12-13.fc36.src.rpm, noarch): open (buildvm-ppc64le-31.iad2.fedoraproject.org) -> closed
  0 free  1 open  2 done  0 failed
  82435192 tagBuild (noarch): closed
82435068 build (f36-java17, /rpms/svnkit.git:0e2e34ac2889abcea84d6b317a04a10ff8c37f09): open (buildvm-s390x-34.s390.fedoraproject.org) -> closed
  0 free  0 open  4 done  0 failed

82435068 build (f36-java17, /rpms/svnkit.git:0e2e34ac2889abcea84d6b317a04a10ff8c37f09) completed successfully
