Cloning into 'systemtap'...
[rawhide 9a38272] Rebuilt for java-17-openjdk as system jdk
 1 file changed, 4 insertions(+), 1 deletion(-)
Found a gating.yaml file in the repo and it is properly configured
Building systemtap-4.7~pre16433134g7d871ab5-2.fc36 for f36-java17
Created task: 82435094
Task info: https://koji.fedoraproject.org/koji/taskinfo?taskID=82435094
Watching tasks (this may be safely interrupted)...
82435094 build (f36-java17, /rpms/systemtap.git:9a382728b3e780971e54b44163e9a055392b6e43): free
82435094 build (f36-java17, /rpms/systemtap.git:9a382728b3e780971e54b44163e9a055392b6e43): free -> open (buildvm-x86-24.iad2.fedoraproject.org)
  82435096 buildSRPMFromSCM (/rpms/systemtap.git:9a382728b3e780971e54b44163e9a055392b6e43): free
  82435096 buildSRPMFromSCM (/rpms/systemtap.git:9a382728b3e780971e54b44163e9a055392b6e43): free -> open (buildvm-ppc64le-05.iad2.fedoraproject.org)
  82435096 buildSRPMFromSCM (/rpms/systemtap.git:9a382728b3e780971e54b44163e9a055392b6e43): open (buildvm-ppc64le-05.iad2.fedoraproject.org) -> closed
  0 free  1 open  1 done  0 failed
  82435133 buildArch (systemtap-4.7~pre16433134g7d871ab5-2.fc36.src.rpm, armv7hl): open (buildvm-a32-08.iad2.fedoraproject.org)
  82435137 buildArch (systemtap-4.7~pre16433134g7d871ab5-2.fc36.src.rpm, ppc64le): free
  82435138 buildArch (systemtap-4.7~pre16433134g7d871ab5-2.fc36.src.rpm, s390x): free
  82435134 buildArch (systemtap-4.7~pre16433134g7d871ab5-2.fc36.src.rpm, i686): free
  82435135 buildArch (systemtap-4.7~pre16433134g7d871ab5-2.fc36.src.rpm, x86_64): free
  82435136 buildArch (systemtap-4.7~pre16433134g7d871ab5-2.fc36.src.rpm, aarch64): open (buildvm-a64-11.iad2.fedoraproject.org)
  82435137 buildArch (systemtap-4.7~pre16433134g7d871ab5-2.fc36.src.rpm, ppc64le): free -> open (buildvm-ppc64le-04.iad2.fedoraproject.org)
  82435138 buildArch (systemtap-4.7~pre16433134g7d871ab5-2.fc36.src.rpm, s390x): free -> open (buildvm-s390x-21.s390.fedoraproject.org)
  82435134 buildArch (systemtap-4.7~pre16433134g7d871ab5-2.fc36.src.rpm, i686): free -> open (buildvm-x86-07.iad2.fedoraproject.org)
  82435135 buildArch (systemtap-4.7~pre16433134g7d871ab5-2.fc36.src.rpm, x86_64): free -> open (buildvm-x86-10.iad2.fedoraproject.org)
  82435135 buildArch (systemtap-4.7~pre16433134g7d871ab5-2.fc36.src.rpm, x86_64): open (buildvm-x86-10.iad2.fedoraproject.org) -> closed
  0 free  6 open  2 done  0 failed
  82435134 buildArch (systemtap-4.7~pre16433134g7d871ab5-2.fc36.src.rpm, i686): open (buildvm-x86-07.iad2.fedoraproject.org) -> closed
  0 free  5 open  3 done  0 failed
  82435137 buildArch (systemtap-4.7~pre16433134g7d871ab5-2.fc36.src.rpm, ppc64le): open (buildvm-ppc64le-04.iad2.fedoraproject.org) -> closed
  0 free  4 open  4 done  0 failed
  82435138 buildArch (systemtap-4.7~pre16433134g7d871ab5-2.fc36.src.rpm, s390x): open (buildvm-s390x-21.s390.fedoraproject.org) -> closed
  0 free  3 open  5 done  0 failed
  82435136 buildArch (systemtap-4.7~pre16433134g7d871ab5-2.fc36.src.rpm, aarch64): open (buildvm-a64-11.iad2.fedoraproject.org) -> closed
  0 free  2 open  6 done  0 failed
  82435133 buildArch (systemtap-4.7~pre16433134g7d871ab5-2.fc36.src.rpm, armv7hl): open (buildvm-a32-08.iad2.fedoraproject.org) -> closed
  0 free  1 open  7 done  0 failed
  82435463 tagBuild (noarch): free
  82435463 tagBuild (noarch): free -> closed
  0 free  1 open  8 done  0 failed
82435094 build (f36-java17, /rpms/systemtap.git:9a382728b3e780971e54b44163e9a055392b6e43): open (buildvm-x86-24.iad2.fedoraproject.org) -> closed
  0 free  0 open  9 done  0 failed

82435094 build (f36-java17, /rpms/systemtap.git:9a382728b3e780971e54b44163e9a055392b6e43) completed successfully
