Cloning into 't-digest'...
[rawhide 5f429b4] Rebuilt for java-17-openjdk as system jdk
 1 file changed, 4 insertions(+), 1 deletion(-)
Building t-digest-3.2-2.fc36 for f36-java17
Created task: 82435121
Task info: https://koji.fedoraproject.org/koji/taskinfo?taskID=82435121
Watching tasks (this may be safely interrupted)...
82435121 build (f36-java17, /rpms/t-digest.git:5f429b4027fd6e5d3314320b7c992a712d72e7a2): free
82435121 build (f36-java17, /rpms/t-digest.git:5f429b4027fd6e5d3314320b7c992a712d72e7a2): free -> open (buildvm-ppc64le-21.iad2.fedoraproject.org)
  82435131 buildSRPMFromSCM (/rpms/t-digest.git:5f429b4027fd6e5d3314320b7c992a712d72e7a2): free
  82435131 buildSRPMFromSCM (/rpms/t-digest.git:5f429b4027fd6e5d3314320b7c992a712d72e7a2): free -> open (buildvm-x86-11.iad2.fedoraproject.org)
  82435131 buildSRPMFromSCM (/rpms/t-digest.git:5f429b4027fd6e5d3314320b7c992a712d72e7a2): open (buildvm-x86-11.iad2.fedoraproject.org) -> closed
  0 free  1 open  1 done  0 failed
  82435163 buildArch (t-digest-3.2-2.fc36.src.rpm, noarch): free
  82435163 buildArch (t-digest-3.2-2.fc36.src.rpm, noarch): free -> open (buildvm-ppc64le-40.iad2.fedoraproject.org)
  82435190 tagBuild (noarch): free
  82435163 buildArch (t-digest-3.2-2.fc36.src.rpm, noarch): open (buildvm-ppc64le-40.iad2.fedoraproject.org) -> closed
  1 free  1 open  2 done  0 failed
  82435190 tagBuild (noarch): free -> closed
  0 free  1 open  3 done  0 failed
82435121 build (f36-java17, /rpms/t-digest.git:5f429b4027fd6e5d3314320b7c992a712d72e7a2): open (buildvm-ppc64le-21.iad2.fedoraproject.org) -> closed
  0 free  0 open  4 done  0 failed

82435121 build (f36-java17, /rpms/t-digest.git:5f429b4027fd6e5d3314320b7c992a712d72e7a2) completed successfully
