Cloning into 'tagsoup'...
[rawhide 1cea166] Rebuilt for java-17-openjdk as system jdk
 1 file changed, 4 insertions(+), 1 deletion(-)
Building tagsoup-1.2.1-26.fc36 for f36-java17
Created task: 82435117
Task info: https://koji.fedoraproject.org/koji/taskinfo?taskID=82435117
Watching tasks (this may be safely interrupted)...
82435117 build (f36-java17, /rpms/tagsoup.git:1cea1660a46de2b1c7866960ad9de4e92a170b20): free
82435117 build (f36-java17, /rpms/tagsoup.git:1cea1660a46de2b1c7866960ad9de4e92a170b20): free -> open (buildvm-x86-26.iad2.fedoraproject.org)
  82435119 buildSRPMFromSCM (/rpms/tagsoup.git:1cea1660a46de2b1c7866960ad9de4e92a170b20): open (buildvm-x86-26.iad2.fedoraproject.org)
  82435119 buildSRPMFromSCM (/rpms/tagsoup.git:1cea1660a46de2b1c7866960ad9de4e92a170b20): open (buildvm-x86-26.iad2.fedoraproject.org) -> closed
  0 free  1 open  1 done  0 failed
  82435147 buildArch (tagsoup-1.2.1-26.fc36.src.rpm, noarch): open (buildvm-x86-28.iad2.fedoraproject.org)
  82435147 buildArch (tagsoup-1.2.1-26.fc36.src.rpm, noarch): open (buildvm-x86-28.iad2.fedoraproject.org) -> closed
  0 free  1 open  2 done  0 failed
  82435180 tagBuild (noarch): free
  82435180 tagBuild (noarch): free -> closed
  0 free  1 open  3 done  0 failed
82435117 build (f36-java17, /rpms/tagsoup.git:1cea1660a46de2b1c7866960ad9de4e92a170b20): open (buildvm-x86-26.iad2.fedoraproject.org) -> closed
  0 free  0 open  4 done  0 failed

82435117 build (f36-java17, /rpms/tagsoup.git:1cea1660a46de2b1c7866960ad9de4e92a170b20) completed successfully
