Cloning into 'tomcat-native'...
[rawhide 028989f] Rebuilt for java-17-openjdk as system jdk
 1 file changed, 4 insertions(+), 1 deletion(-)
Building tomcat-native-1.2.23-8.fc36 for f36-java17
Created task: 82435176
Task info: https://koji.fedoraproject.org/koji/taskinfo?taskID=82435176
Watching tasks (this may be safely interrupted)...
82435176 build (f36-java17, /rpms/tomcat-native.git:028989f31d765aab333e54a3a5f23ad35d1896d4): free
82435176 build (f36-java17, /rpms/tomcat-native.git:028989f31d765aab333e54a3a5f23ad35d1896d4): free -> open (buildvm-ppc64le-32.iad2.fedoraproject.org)
  82435179 buildSRPMFromSCM (/rpms/tomcat-native.git:028989f31d765aab333e54a3a5f23ad35d1896d4): free
  82435179 buildSRPMFromSCM (/rpms/tomcat-native.git:028989f31d765aab333e54a3a5f23ad35d1896d4): free -> open (buildvm-x86-28.iad2.fedoraproject.org)
  82435179 buildSRPMFromSCM (/rpms/tomcat-native.git:028989f31d765aab333e54a3a5f23ad35d1896d4): open (buildvm-x86-28.iad2.fedoraproject.org) -> closed
  0 free  1 open  1 done  0 failed
  82435193 buildArch (tomcat-native-1.2.23-8.fc36.src.rpm, armv7hl): free
  82435194 buildArch (tomcat-native-1.2.23-8.fc36.src.rpm, i686): free
  82435195 buildArch (tomcat-native-1.2.23-8.fc36.src.rpm, x86_64): free
  82435196 buildArch (tomcat-native-1.2.23-8.fc36.src.rpm, aarch64): open (buildvm-a64-24.iad2.fedoraproject.org)
  82435198 buildArch (tomcat-native-1.2.23-8.fc36.src.rpm, s390x): open (buildvm-s390x-14.s390.fedoraproject.org)
  82435197 buildArch (tomcat-native-1.2.23-8.fc36.src.rpm, ppc64le): free
  82435193 buildArch (tomcat-native-1.2.23-8.fc36.src.rpm, armv7hl): free -> open (buildvm-a32-21.iad2.fedoraproject.org)
  82435197 buildArch (tomcat-native-1.2.23-8.fc36.src.rpm, ppc64le): free -> open (buildvm-ppc64le-22.iad2.fedoraproject.org)
  82435194 buildArch (tomcat-native-1.2.23-8.fc36.src.rpm, i686): free -> open (buildvm-x86-19.iad2.fedoraproject.org)
  82435195 buildArch (tomcat-native-1.2.23-8.fc36.src.rpm, x86_64): free -> open (buildvm-x86-15.iad2.fedoraproject.org)
  82435198 buildArch (tomcat-native-1.2.23-8.fc36.src.rpm, s390x): open (buildvm-s390x-14.s390.fedoraproject.org) -> closed
  0 free  6 open  2 done  0 failed
  82435195 buildArch (tomcat-native-1.2.23-8.fc36.src.rpm, x86_64): open (buildvm-x86-15.iad2.fedoraproject.org) -> closed
  0 free  5 open  3 done  0 failed
  82435194 buildArch (tomcat-native-1.2.23-8.fc36.src.rpm, i686): open (buildvm-x86-19.iad2.fedoraproject.org) -> closed
  0 free  4 open  4 done  0 failed
  82435197 buildArch (tomcat-native-1.2.23-8.fc36.src.rpm, ppc64le): open (buildvm-ppc64le-22.iad2.fedoraproject.org) -> closed
  0 free  3 open  5 done  0 failed
  82435196 buildArch (tomcat-native-1.2.23-8.fc36.src.rpm, aarch64): open (buildvm-a64-24.iad2.fedoraproject.org) -> closed
  0 free  2 open  6 done  0 failed
  82435193 buildArch (tomcat-native-1.2.23-8.fc36.src.rpm, armv7hl): open (buildvm-a32-21.iad2.fedoraproject.org) -> closed
  0 free  1 open  7 done  0 failed
  82435261 tagBuild (noarch): closed
82435176 build (f36-java17, /rpms/tomcat-native.git:028989f31d765aab333e54a3a5f23ad35d1896d4): open (buildvm-ppc64le-32.iad2.fedoraproject.org) -> closed
  0 free  0 open  9 done  0 failed

82435176 build (f36-java17, /rpms/tomcat-native.git:028989f31d765aab333e54a3a5f23ad35d1896d4) completed successfully
