Cloning into 'tomcatjss'...
[rawhide a4e2fbb] Rebuilt for java-17-openjdk as system jdk
 1 file changed, 4 insertions(+), 1 deletion(-)
Building tomcatjss-8.0.0-3.fc36 for f36-java17
Created task: 82435165
Task info: https://koji.fedoraproject.org/koji/taskinfo?taskID=82435165
Watching tasks (this may be safely interrupted)...
82435165 build (f36-java17, /rpms/tomcatjss.git:a4e2fbbb2ad755d49776604f58ca7e62d5bda2a8): free
82435165 build (f36-java17, /rpms/tomcatjss.git:a4e2fbbb2ad755d49776604f58ca7e62d5bda2a8): free -> open (buildvm-ppc64le-11.iad2.fedoraproject.org)
  82435167 buildSRPMFromSCM (/rpms/tomcatjss.git:a4e2fbbb2ad755d49776604f58ca7e62d5bda2a8): free
  82435167 buildSRPMFromSCM (/rpms/tomcatjss.git:a4e2fbbb2ad755d49776604f58ca7e62d5bda2a8): free -> open (buildvm-ppc64le-33.iad2.fedoraproject.org)
  82435191 buildArch (tomcatjss-8.0.0-3.fc36.src.rpm, noarch): free
  82435167 buildSRPMFromSCM (/rpms/tomcatjss.git:a4e2fbbb2ad755d49776604f58ca7e62d5bda2a8): open (buildvm-ppc64le-33.iad2.fedoraproject.org) -> closed
  1 free  1 open  1 done  0 failed
  82435191 buildArch (tomcatjss-8.0.0-3.fc36.src.rpm, noarch): free -> open (buildvm-x86-18.iad2.fedoraproject.org)
  82435191 buildArch (tomcatjss-8.0.0-3.fc36.src.rpm, noarch): open (buildvm-x86-18.iad2.fedoraproject.org) -> closed
  0 free  1 open  2 done  0 failed
  82435215 tagBuild (noarch): free
  82435215 tagBuild (noarch): free -> closed
  0 free  1 open  3 done  0 failed
82435165 build (f36-java17, /rpms/tomcatjss.git:a4e2fbbb2ad755d49776604f58ca7e62d5bda2a8): open (buildvm-ppc64le-11.iad2.fedoraproject.org) -> closed
  0 free  0 open  4 done  0 failed

82435165 build (f36-java17, /rpms/tomcatjss.git:a4e2fbbb2ad755d49776604f58ca7e62d5bda2a8) completed successfully
