Cloning into 'tuxguitar'...
[rawhide 244e2a3] Rebuilt for java-17-openjdk as system jdk
 1 file changed, 4 insertions(+), 1 deletion(-)
Building tuxguitar-1.5.4-3.fc36 for f36-java17
Created task: 82435199
Task info: https://koji.fedoraproject.org/koji/taskinfo?taskID=82435199
Watching tasks (this may be safely interrupted)...
82435199 build (f36-java17, /rpms/tuxguitar.git:244e2a3c5309c6a18aba40b31328b28d736a92cf): free
82435199 build (f36-java17, /rpms/tuxguitar.git:244e2a3c5309c6a18aba40b31328b28d736a92cf): free -> open (buildvm-ppc64le-30.iad2.fedoraproject.org)
  82435200 buildSRPMFromSCM (/rpms/tuxguitar.git:244e2a3c5309c6a18aba40b31328b28d736a92cf): open (buildvm-ppc64le-30.iad2.fedoraproject.org)
  82435200 buildSRPMFromSCM (/rpms/tuxguitar.git:244e2a3c5309c6a18aba40b31328b28d736a92cf): open (buildvm-ppc64le-30.iad2.fedoraproject.org) -> closed
  0 free  1 open  1 done  0 failed
  82435224 buildArch (tuxguitar-1.5.4-3.fc36.src.rpm, s390x): open (buildvm-s390x-25.s390.fedoraproject.org)
  82435223 buildArch (tuxguitar-1.5.4-3.fc36.src.rpm, ppc64le): open (buildvm-ppc64le-30.iad2.fedoraproject.org)
  82435221 buildArch (tuxguitar-1.5.4-3.fc36.src.rpm, x86_64): open (buildvm-x86-16.iad2.fedoraproject.org)
  82435222 buildArch (tuxguitar-1.5.4-3.fc36.src.rpm, aarch64): open (buildvm-a64-04.iad2.fedoraproject.org)
  82435224 buildArch (tuxguitar-1.5.4-3.fc36.src.rpm, s390x): open (buildvm-s390x-25.s390.fedoraproject.org) -> FAILED: BuildError: error building package (arch s390x), mock exited with status 1; see build.log or root.log for more information
  Relevant logs:
  https://kojipkgs.fedoraproject.org/work/tasks/5224/82435224/mock_output.log
  https://kojipkgs.fedoraproject.org/work/tasks/5224/82435224/hw_info.log
  https://kojipkgs.fedoraproject.org/work/tasks/5224/82435224/state.log
  https://kojipkgs.fedoraproject.org/work/tasks/5224/82435224/build.log
  https://kojipkgs.fedoraproject.org/work/tasks/5224/82435224/root.log
  0 free  4 open  1 done  1 failed
  82435221 buildArch (tuxguitar-1.5.4-3.fc36.src.rpm, x86_64): open (buildvm-x86-16.iad2.fedoraproject.org) -> FAILED: BuildError: error building package (arch x86_64), mock exited with status 1; see build.log or root.log for more information
  Relevant logs:
  https://kojipkgs.fedoraproject.org/work/tasks/5221/82435221/mock_output.log
  https://kojipkgs.fedoraproject.org/work/tasks/5221/82435221/hw_info.log
  https://kojipkgs.fedoraproject.org/work/tasks/5221/82435221/state.log
  https://kojipkgs.fedoraproject.org/work/tasks/5221/82435221/build.log
  https://kojipkgs.fedoraproject.org/work/tasks/5221/82435221/root.log
  0 free  3 open  1 done  2 failed
  82435222 buildArch (tuxguitar-1.5.4-3.fc36.src.rpm, aarch64): open (buildvm-a64-04.iad2.fedoraproject.org) -> canceled
  0 free  2 open  2 done  2 failed
82435199 build (f36-java17, /rpms/tuxguitar.git:244e2a3c5309c6a18aba40b31328b28d736a92cf): open (buildvm-ppc64le-30.iad2.fedoraproject.org) -> FAILED: BuildError: error building package (arch s390x), mock exited with status 1; see build.log or root.log for more information
  0 free  1 open  2 done  3 failed
  82435223 buildArch (tuxguitar-1.5.4-3.fc36.src.rpm, ppc64le): open (buildvm-ppc64le-30.iad2.fedoraproject.org) -> canceled
  0 free  0 open  3 done  3 failed

82435199 build (f36-java17, /rpms/tuxguitar.git:244e2a3c5309c6a18aba40b31328b28d736a92cf) failed
