Cloning into 'tzdata'...
[rawhide 3372eff] Rebuilt for java-17-openjdk as system jdk
 1 file changed, 4 insertions(+), 1 deletion(-)
Found a gating.yaml file in the repo and it is properly configured
Building tzdata-2021e-3.fc36 for f36-java17
Created task: 82435206
Task info: https://koji.fedoraproject.org/koji/taskinfo?taskID=82435206
Watching tasks (this may be safely interrupted)...
82435206 build (f36-java17, /rpms/tzdata.git:3372efffde398b3e665011ae4cb1007fe7e7ea00): free
82435206 build (f36-java17, /rpms/tzdata.git:3372efffde398b3e665011ae4cb1007fe7e7ea00): free -> open (buildvm-x86-16.iad2.fedoraproject.org)
  82435208 buildSRPMFromSCM (/rpms/tzdata.git:3372efffde398b3e665011ae4cb1007fe7e7ea00): open (buildvm-ppc64le-31.iad2.fedoraproject.org)
  82435208 buildSRPMFromSCM (/rpms/tzdata.git:3372efffde398b3e665011ae4cb1007fe7e7ea00): open (buildvm-ppc64le-31.iad2.fedoraproject.org) -> closed
  0 free  1 open  1 done  0 failed
  82435250 buildArch (tzdata-2021e-3.fc36.src.rpm, noarch): open (buildvm-ppc64le-31.iad2.fedoraproject.org)
  82435250 buildArch (tzdata-2021e-3.fc36.src.rpm, noarch): open (buildvm-ppc64le-31.iad2.fedoraproject.org) -> FAILED: BuildError: error building package (arch noarch), mock exited with status 1; see build.log or root.log for more information
  Relevant logs:
  https://kojipkgs.fedoraproject.org/work/tasks/5250/82435250/mock_output.log
  https://kojipkgs.fedoraproject.org/work/tasks/5250/82435250/hw_info.log
  https://kojipkgs.fedoraproject.org/work/tasks/5250/82435250/state.log
  https://kojipkgs.fedoraproject.org/work/tasks/5250/82435250/build.log
  https://kojipkgs.fedoraproject.org/work/tasks/5250/82435250/root.log
  0 free  1 open  1 done  1 failed
82435206 build (f36-java17, /rpms/tzdata.git:3372efffde398b3e665011ae4cb1007fe7e7ea00): open (buildvm-x86-16.iad2.fedoraproject.org) -> FAILED: BuildError: error building package (arch noarch), mock exited with status 1; see build.log or root.log for more information
  0 free  0 open  1 done  2 failed

82435206 build (f36-java17, /rpms/tzdata.git:3372efffde398b3e665011ae4cb1007fe7e7ea00) failed
