Cloning into 'univocity-parsers'...
[rawhide dbe1b34] Rebuilt for java-17-openjdk as system jdk
 1 file changed, 4 insertions(+), 1 deletion(-)
Building univocity-parsers-2.9.1-6.fc36 for f36-java17
Created task: 82435218
Task info: https://koji.fedoraproject.org/koji/taskinfo?taskID=82435218
Watching tasks (this may be safely interrupted)...
82435218 build (f36-java17, /rpms/univocity-parsers.git:dbe1b344efbe163c88db8b26db9ee699123cde0f): free
82435218 build (f36-java17, /rpms/univocity-parsers.git:dbe1b344efbe163c88db8b26db9ee699123cde0f): free -> open (buildvm-ppc64le-17.iad2.fedoraproject.org)
  82435219 buildSRPMFromSCM (/rpms/univocity-parsers.git:dbe1b344efbe163c88db8b26db9ee699123cde0f): open (buildvm-ppc64le-39.iad2.fedoraproject.org)
  82435219 buildSRPMFromSCM (/rpms/univocity-parsers.git:dbe1b344efbe163c88db8b26db9ee699123cde0f): open (buildvm-ppc64le-39.iad2.fedoraproject.org) -> closed
  0 free  1 open  1 done  0 failed
  82435297 buildArch (univocity-parsers-2.9.1-6.fc36.src.rpm, noarch): open (buildvm-x86-08.iad2.fedoraproject.org)
  82435297 buildArch (univocity-parsers-2.9.1-6.fc36.src.rpm, noarch): open (buildvm-x86-08.iad2.fedoraproject.org) -> closed
  0 free  1 open  2 done  0 failed
  82435466 tagBuild (noarch): free
  82435466 tagBuild (noarch): free -> closed
  0 free  1 open  3 done  0 failed
82435218 build (f36-java17, /rpms/univocity-parsers.git:dbe1b344efbe163c88db8b26db9ee699123cde0f): open (buildvm-ppc64le-17.iad2.fedoraproject.org) -> closed
  0 free  0 open  4 done  0 failed

82435218 build (f36-java17, /rpms/univocity-parsers.git:dbe1b344efbe163c88db8b26db9ee699123cde0f) completed successfully
