Cloning into 'velocity'...
[rawhide ce4ad2b] Rebuilt for java-17-openjdk as system jdk
 1 file changed, 4 insertions(+), 1 deletion(-)
Building velocity-1.7-38.fc36 for f36-java17
Created task: 82435277
Task info: https://koji.fedoraproject.org/koji/taskinfo?taskID=82435277
Watching tasks (this may be safely interrupted)...
82435277 build (f36-java17, /rpms/velocity.git:ce4ad2b7435dc7e864a68c7b62470a4f49c3a312): open (buildvm-ppc64le-04.iad2.fedoraproject.org)
  82435278 buildSRPMFromSCM (/rpms/velocity.git:ce4ad2b7435dc7e864a68c7b62470a4f49c3a312): free
  82435278 buildSRPMFromSCM (/rpms/velocity.git:ce4ad2b7435dc7e864a68c7b62470a4f49c3a312): free -> open (buildvm-ppc64le-07.iad2.fedoraproject.org)
  82435278 buildSRPMFromSCM (/rpms/velocity.git:ce4ad2b7435dc7e864a68c7b62470a4f49c3a312): open (buildvm-ppc64le-07.iad2.fedoraproject.org) -> closed
  0 free  1 open  1 done  0 failed
  82435374 buildArch (velocity-1.7-38.fc36.src.rpm, noarch): free
  82435374 buildArch (velocity-1.7-38.fc36.src.rpm, noarch): free -> open (buildvm-ppc64le-14.iad2.fedoraproject.org)
  82435374 buildArch (velocity-1.7-38.fc36.src.rpm, noarch): open (buildvm-ppc64le-14.iad2.fedoraproject.org) -> closed
  0 free  1 open  2 done  0 failed
  82435497 tagBuild (noarch): free
  82435497 tagBuild (noarch): free -> closed
  0 free  1 open  3 done  0 failed
82435277 build (f36-java17, /rpms/velocity.git:ce4ad2b7435dc7e864a68c7b62470a4f49c3a312): open (buildvm-ppc64le-04.iad2.fedoraproject.org) -> closed
  0 free  0 open  4 done  0 failed

82435277 build (f36-java17, /rpms/velocity.git:ce4ad2b7435dc7e864a68c7b62470a4f49c3a312) completed successfully
