Cloning into 'voms-clients-java'...
[rawhide 3eb67ee] Rebuilt for java-17-openjdk as system jdk
 1 file changed, 4 insertions(+), 1 deletion(-)
Building voms-clients-java-3.3.2-7.fc36 for f36-java17
Created task: 82435330
Task info: https://koji.fedoraproject.org/koji/taskinfo?taskID=82435330
Watching tasks (this may be safely interrupted)...
82435330 build (f36-java17, /rpms/voms-clients-java.git:3eb67ee25feee8b4065dc49951477b770e0dd4e6): free
82435330 build (f36-java17, /rpms/voms-clients-java.git:3eb67ee25feee8b4065dc49951477b770e0dd4e6): free -> open (buildvm-ppc64le-08.iad2.fedoraproject.org)
  82435339 buildSRPMFromSCM (/rpms/voms-clients-java.git:3eb67ee25feee8b4065dc49951477b770e0dd4e6): open (buildvm-ppc64le-19.iad2.fedoraproject.org)
  82435339 buildSRPMFromSCM (/rpms/voms-clients-java.git:3eb67ee25feee8b4065dc49951477b770e0dd4e6): open (buildvm-ppc64le-19.iad2.fedoraproject.org) -> closed
  0 free  1 open  1 done  0 failed
  82435438 buildArch (voms-clients-java-3.3.2-7.fc36.src.rpm, noarch): open (buildvm-ppc64le-08.iad2.fedoraproject.org)
  82435438 buildArch (voms-clients-java-3.3.2-7.fc36.src.rpm, noarch): open (buildvm-ppc64le-08.iad2.fedoraproject.org) -> closed
  0 free  1 open  2 done  0 failed
  82435544 tagBuild (noarch): free
  82435544 tagBuild (noarch): free -> closed
  0 free  1 open  3 done  0 failed
82435330 build (f36-java17, /rpms/voms-clients-java.git:3eb67ee25feee8b4065dc49951477b770e0dd4e6): open (buildvm-ppc64le-08.iad2.fedoraproject.org) -> closed
  0 free  0 open  4 done  0 failed

82435330 build (f36-java17, /rpms/voms-clients-java.git:3eb67ee25feee8b4065dc49951477b770e0dd4e6) completed successfully
