Cloning into 'vtk'...
[rawhide 1a9236c] Rebuilt for java-17-openjdk as system jdk
 1 file changed, 4 insertions(+), 1 deletion(-)
warning: line 139: Possible unexpanded macro in: Requires: hdf5 = %{_hdf5_version}

Building vtk-9.1.0-5.fc36 for f36-java17
Created task: 82435364
Task info: https://koji.fedoraproject.org/koji/taskinfo?taskID=82435364
Watching tasks (this may be safely interrupted)...
82435364 build (f36-java17, /rpms/vtk.git:1a9236c17f06625800b1835f789f97bfbe84d264): free
82435364 build (f36-java17, /rpms/vtk.git:1a9236c17f06625800b1835f789f97bfbe84d264): free -> open (buildvm-ppc64le-19.iad2.fedoraproject.org)
  82435404 buildSRPMFromSCM (/rpms/vtk.git:1a9236c17f06625800b1835f789f97bfbe84d264): free
  82435404 buildSRPMFromSCM (/rpms/vtk.git:1a9236c17f06625800b1835f789f97bfbe84d264): free -> open (buildvm-ppc64le-30.iad2.fedoraproject.org)
  82435404 buildSRPMFromSCM (/rpms/vtk.git:1a9236c17f06625800b1835f789f97bfbe84d264): open (buildvm-ppc64le-30.iad2.fedoraproject.org) -> closed
  0 free  1 open  1 done  0 failed
  82435597 buildArch (vtk-9.1.0-5.fc36.src.rpm, aarch64): open (buildhw-a64-20.iad2.fedoraproject.org)
  82435594 buildArch (vtk-9.1.0-5.fc36.src.rpm, armv7hl): open (buildvm-a32-08.iad2.fedoraproject.org)
  82435599 buildArch (vtk-9.1.0-5.fc36.src.rpm, s390x): open (buildvm-s390x-10.s390.fedoraproject.org)
  82435598 buildArch (vtk-9.1.0-5.fc36.src.rpm, ppc64le): free
  82435595 buildArch (vtk-9.1.0-5.fc36.src.rpm, i686): open (buildvm-x86-08.iad2.fedoraproject.org)
  82435596 buildArch (vtk-9.1.0-5.fc36.src.rpm, x86_64): open (buildvm-x86-19.iad2.fedoraproject.org)
  82435598 buildArch (vtk-9.1.0-5.fc36.src.rpm, ppc64le): free -> open (buildvm-ppc64le-11.iad2.fedoraproject.org)
  82435597 buildArch (vtk-9.1.0-5.fc36.src.rpm, aarch64): open (buildhw-a64-20.iad2.fedoraproject.org) -> closed
  0 free  6 open  2 done  0 failed
  82435596 buildArch (vtk-9.1.0-5.fc36.src.rpm, x86_64): open (buildvm-x86-19.iad2.fedoraproject.org) -> closed
  0 free  5 open  3 done  0 failed
  82435598 buildArch (vtk-9.1.0-5.fc36.src.rpm, ppc64le): open (buildvm-ppc64le-11.iad2.fedoraproject.org) -> closed
  0 free  4 open  4 done  0 failed
  82435599 buildArch (vtk-9.1.0-5.fc36.src.rpm, s390x): open (buildvm-s390x-10.s390.fedoraproject.org) -> closed
  0 free  3 open  5 done  0 failed
  82435595 buildArch (vtk-9.1.0-5.fc36.src.rpm, i686): open (buildvm-x86-08.iad2.fedoraproject.org) -> closed
  0 free  2 open  6 done  0 failed
