Cloning into 'weld-parent'...
[rawhide e25c4c0] Rebuilt for java-17-openjdk as system jdk
 1 file changed, 4 insertions(+), 1 deletion(-)
Building weld-parent-45-3.fc36 for f36-java17
Created task: 82435408
Task info: https://koji.fedoraproject.org/koji/taskinfo?taskID=82435408
Watching tasks (this may be safely interrupted)...
82435408 build (f36-java17, /rpms/weld-parent.git:e25c4c07df9c82e6410afd703e95cc206c4975ab): free
82435408 build (f36-java17, /rpms/weld-parent.git:e25c4c07df9c82e6410afd703e95cc206c4975ab): free -> open (buildvm-ppc64le-40.iad2.fedoraproject.org)
  82435421 buildSRPMFromSCM (/rpms/weld-parent.git:e25c4c07df9c82e6410afd703e95cc206c4975ab): free
  82435421 buildSRPMFromSCM (/rpms/weld-parent.git:e25c4c07df9c82e6410afd703e95cc206c4975ab): free -> open (buildvm-x86-16.iad2.fedoraproject.org)
  82435421 buildSRPMFromSCM (/rpms/weld-parent.git:e25c4c07df9c82e6410afd703e95cc206c4975ab): open (buildvm-x86-16.iad2.fedoraproject.org) -> closed
  0 free  1 open  1 done  0 failed
  82435486 buildArch (weld-parent-45-3.fc36.src.rpm, noarch): open (buildvm-x86-08.iad2.fedoraproject.org)
  82435486 buildArch (weld-parent-45-3.fc36.src.rpm, noarch): open (buildvm-x86-08.iad2.fedoraproject.org) -> closed
  0 free  1 open  2 done  0 failed
  82435564 tagBuild (noarch): free
  82435564 tagBuild (noarch): free -> closed
  0 free  1 open  3 done  0 failed
82435408 build (f36-java17, /rpms/weld-parent.git:e25c4c07df9c82e6410afd703e95cc206c4975ab): open (buildvm-ppc64le-40.iad2.fedoraproject.org) -> closed
  0 free  0 open  4 done  0 failed

82435408 build (f36-java17, /rpms/weld-parent.git:e25c4c07df9c82e6410afd703e95cc206c4975ab) completed successfully
