Cloning into 'ws-commons-util'...
[rawhide a1d01b0] Rebuilt for java-17-openjdk as system jdk
 1 file changed, 4 insertions(+), 1 deletion(-)
Building ws-commons-util-1.0.2-18.fc36 for f36-java17
Created task: 82435474
Task info: https://koji.fedoraproject.org/koji/taskinfo?taskID=82435474
Watching tasks (this may be safely interrupted)...
82435474 build (f36-java17, /rpms/ws-commons-util.git:a1d01b08fa6dce72f18ca7407ab567764878d650): free
82435474 build (f36-java17, /rpms/ws-commons-util.git:a1d01b08fa6dce72f18ca7407ab567764878d650): free -> open (buildvm-ppc64le-12.iad2.fedoraproject.org)
  82435489 buildSRPMFromSCM (/rpms/ws-commons-util.git:a1d01b08fa6dce72f18ca7407ab567764878d650): free
  82435489 buildSRPMFromSCM (/rpms/ws-commons-util.git:a1d01b08fa6dce72f18ca7407ab567764878d650): free -> open (buildvm-ppc64le-12.iad2.fedoraproject.org)
  82435489 buildSRPMFromSCM (/rpms/ws-commons-util.git:a1d01b08fa6dce72f18ca7407ab567764878d650): open (buildvm-ppc64le-12.iad2.fedoraproject.org) -> closed
  0 free  1 open  1 done  0 failed
  82435593 buildArch (ws-commons-util-1.0.2-18.fc36.src.rpm, noarch): open (buildvm-ppc64le-36.iad2.fedoraproject.org)
  82435593 buildArch (ws-commons-util-1.0.2-18.fc36.src.rpm, noarch): open (buildvm-ppc64le-36.iad2.fedoraproject.org) -> closed
  0 free  1 open  2 done  0 failed
  82435715 tagBuild (noarch): free
  82435715 tagBuild (noarch): free -> open (buildvm-s390x-22.s390.fedoraproject.org)
82435474 build (f36-java17, /rpms/ws-commons-util.git:a1d01b08fa6dce72f18ca7407ab567764878d650): open (buildvm-ppc64le-12.iad2.fedoraproject.org) -> closed
  0 free  1 open  3 done  0 failed
  82435715 tagBuild (noarch): open (buildvm-s390x-22.s390.fedoraproject.org) -> closed
  0 free  0 open  4 done  0 failed

82435474 build (f36-java17, /rpms/ws-commons-util.git:a1d01b08fa6dce72f18ca7407ab567764878d650) completed successfully
