Cloning into 'wsdl4j'...
[rawhide ba8b765] Rebuilt for java-17-openjdk as system jdk
 1 file changed, 4 insertions(+), 1 deletion(-)
Building wsdl4j-1.6.3-23.fc36 for f36-java17
Created task: 82435498
Task info: https://koji.fedoraproject.org/koji/taskinfo?taskID=82435498
Watching tasks (this may be safely interrupted)...
82435498 build (f36-java17, /rpms/wsdl4j.git:ba8b765fed3ee805018dccd0289227b4985caed6): free
82435498 build (f36-java17, /rpms/wsdl4j.git:ba8b765fed3ee805018dccd0289227b4985caed6): free -> open (buildvm-x86-26.iad2.fedoraproject.org)
  82435501 buildSRPMFromSCM (/rpms/wsdl4j.git:ba8b765fed3ee805018dccd0289227b4985caed6): open (buildvm-x86-16.iad2.fedoraproject.org)
  82435501 buildSRPMFromSCM (/rpms/wsdl4j.git:ba8b765fed3ee805018dccd0289227b4985caed6): open (buildvm-x86-16.iad2.fedoraproject.org) -> closed
  0 free  1 open  1 done  0 failed
  82435581 buildArch (wsdl4j-1.6.3-23.fc36.src.rpm, noarch): open (buildvm-ppc64le-06.iad2.fedoraproject.org)
  82435581 buildArch (wsdl4j-1.6.3-23.fc36.src.rpm, noarch): open (buildvm-ppc64le-06.iad2.fedoraproject.org) -> FAILED: BuildError: error building package (arch noarch), mock exited with status 1; see build.log or root.log for more information
  Relevant logs:
  https://kojipkgs.fedoraproject.org/work/tasks/5581/82435581/mock_output.log
  https://kojipkgs.fedoraproject.org/work/tasks/5581/82435581/hw_info.log
  https://kojipkgs.fedoraproject.org/work/tasks/5581/82435581/state.log
  https://kojipkgs.fedoraproject.org/work/tasks/5581/82435581/build.log
  https://kojipkgs.fedoraproject.org/work/tasks/5581/82435581/root.log
  0 free  1 open  1 done  1 failed
82435498 build (f36-java17, /rpms/wsdl4j.git:ba8b765fed3ee805018dccd0289227b4985caed6): open (buildvm-x86-26.iad2.fedoraproject.org) -> FAILED: BuildError: error building package (arch noarch), mock exited with status 1; see build.log or root.log for more information
  0 free  0 open  1 done  2 failed

82435498 build (f36-java17, /rpms/wsdl4j.git:ba8b765fed3ee805018dccd0289227b4985caed6) failed
