Cloning into 'xalan-j2'...
[rawhide 5489d56] Rebuilt for java-17-openjdk as system jdk
 1 file changed, 4 insertions(+), 1 deletion(-)
Building xalan-j2-2.7.2-12.fc36 for f36-java17
Created task: 82435558
Task info: https://koji.fedoraproject.org/koji/taskinfo?taskID=82435558
Watching tasks (this may be safely interrupted)...
82435558 build (f36-java17, /rpms/xalan-j2.git:5489d568176057ae37e6cb1adbb1593752b014a2): free
82435558 build (f36-java17, /rpms/xalan-j2.git:5489d568176057ae37e6cb1adbb1593752b014a2): free -> open (buildvm-ppc64le-04.iad2.fedoraproject.org)
  82435563 buildSRPMFromSCM (/rpms/xalan-j2.git:5489d568176057ae37e6cb1adbb1593752b014a2): open (buildvm-ppc64le-07.iad2.fedoraproject.org)
  82435563 buildSRPMFromSCM (/rpms/xalan-j2.git:5489d568176057ae37e6cb1adbb1593752b014a2): open (buildvm-ppc64le-07.iad2.fedoraproject.org) -> closed
  0 free  1 open  1 done  0 failed
  82435677 buildArch (xalan-j2-2.7.2-12.fc36.src.rpm, noarch): free
  82435677 buildArch (xalan-j2-2.7.2-12.fc36.src.rpm, noarch): free -> open (buildvm-s390x-18.s390.fedoraproject.org)
  82435677 buildArch (xalan-j2-2.7.2-12.fc36.src.rpm, noarch): open (buildvm-s390x-18.s390.fedoraproject.org) -> closed
  0 free  1 open  2 done  0 failed
  82435722 tagBuild (noarch): open (buildvm-ppc64le-20.iad2.fedoraproject.org)
  82435722 tagBuild (noarch): open (buildvm-ppc64le-20.iad2.fedoraproject.org) -> closed
  0 free  1 open  3 done  0 failed
82435558 build (f36-java17, /rpms/xalan-j2.git:5489d568176057ae37e6cb1adbb1593752b014a2): open (buildvm-ppc64le-04.iad2.fedoraproject.org) -> closed
  0 free  0 open  4 done  0 failed

82435558 build (f36-java17, /rpms/xalan-j2.git:5489d568176057ae37e6cb1adbb1593752b014a2) completed successfully
