Cloning into 'xerces-j2'...
[rawhide 6c46a74] Rebuilt for java-17-openjdk as system jdk
 1 file changed, 4 insertions(+), 1 deletion(-)
Building xerces-j2-2.12.1-7.fc36 for f36-java17
Created task: 82435652
Task info: https://koji.fedoraproject.org/koji/taskinfo?taskID=82435652
Watching tasks (this may be safely interrupted)...
82435652 build (f36-java17, /rpms/xerces-j2.git:6c46a748fc215c08b358ee13605cab442101ac94): free
82435652 build (f36-java17, /rpms/xerces-j2.git:6c46a748fc215c08b358ee13605cab442101ac94): free -> open (buildvm-ppc64le-27.iad2.fedoraproject.org)
  82435680 buildSRPMFromSCM (/rpms/xerces-j2.git:6c46a748fc215c08b358ee13605cab442101ac94): free
  82435680 buildSRPMFromSCM (/rpms/xerces-j2.git:6c46a748fc215c08b358ee13605cab442101ac94): free -> open (buildvm-ppc64le-06.iad2.fedoraproject.org)
  82435680 buildSRPMFromSCM (/rpms/xerces-j2.git:6c46a748fc215c08b358ee13605cab442101ac94): open (buildvm-ppc64le-06.iad2.fedoraproject.org) -> closed
  0 free  1 open  1 done  0 failed
  82435723 buildArch (xerces-j2-2.12.1-7.fc36.src.rpm, noarch): free
  82435723 buildArch (xerces-j2-2.12.1-7.fc36.src.rpm, noarch): free -> open (buildvm-ppc64le-20.iad2.fedoraproject.org)
  82435723 buildArch (xerces-j2-2.12.1-7.fc36.src.rpm, noarch): open (buildvm-ppc64le-20.iad2.fedoraproject.org) -> closed
  0 free  1 open  2 done  0 failed
  82435779 tagBuild (noarch): closed
82435652 build (f36-java17, /rpms/xerces-j2.git:6c46a748fc215c08b358ee13605cab442101ac94): open (buildvm-ppc64le-27.iad2.fedoraproject.org) -> closed
  0 free  0 open  4 done  0 failed

82435652 build (f36-java17, /rpms/xerces-j2.git:6c46a748fc215c08b358ee13605cab442101ac94) completed successfully
