Cloning into 'xml-commons-resolver'...
[rawhide e0d140b] Rebuilt for java-17-openjdk as system jdk
 1 file changed, 4 insertions(+), 1 deletion(-)
Building xml-commons-resolver-1.2-37.fc36 for f36-java17
Created task: 82435704
Task info: https://koji.fedoraproject.org/koji/taskinfo?taskID=82435704
Watching tasks (this may be safely interrupted)...
82435704 build (f36-java17, /rpms/xml-commons-resolver.git:e0d140b51d4d17ced27317821a096008909ae74c): free
82435704 build (f36-java17, /rpms/xml-commons-resolver.git:e0d140b51d4d17ced27317821a096008909ae74c): free -> open (buildvm-ppc64le-17.iad2.fedoraproject.org)
  82435705 buildSRPMFromSCM (/rpms/xml-commons-resolver.git:e0d140b51d4d17ced27317821a096008909ae74c): free
  82435705 buildSRPMFromSCM (/rpms/xml-commons-resolver.git:e0d140b51d4d17ced27317821a096008909ae74c): free -> open (buildvm-x86-07.iad2.fedoraproject.org)
  82435705 buildSRPMFromSCM (/rpms/xml-commons-resolver.git:e0d140b51d4d17ced27317821a096008909ae74c): open (buildvm-x86-07.iad2.fedoraproject.org) -> closed
  0 free  1 open  1 done  0 failed
  82435750 buildArch (xml-commons-resolver-1.2-37.fc36.src.rpm, noarch): free
  82435750 buildArch (xml-commons-resolver-1.2-37.fc36.src.rpm, noarch): free -> open (buildvm-x86-06.iad2.fedoraproject.org)
  82435750 buildArch (xml-commons-resolver-1.2-37.fc36.src.rpm, noarch): open (buildvm-x86-06.iad2.fedoraproject.org) -> closed
  0 free  1 open  2 done  0 failed
  82435774 tagBuild (noarch): free
  82435774 tagBuild (noarch): free -> closed
  0 free  1 open  3 done  0 failed
82435704 build (f36-java17, /rpms/xml-commons-resolver.git:e0d140b51d4d17ced27317821a096008909ae74c): open (buildvm-ppc64le-17.iad2.fedoraproject.org) -> closed
  0 free  0 open  4 done  0 failed

82435704 build (f36-java17, /rpms/xml-commons-resolver.git:e0d140b51d4d17ced27317821a096008909ae74c) completed successfully
