Cloning into 'xmlpull'...
[rawhide 5059a58] Rebuilt for java-17-openjdk as system jdk
 1 file changed, 4 insertions(+), 1 deletion(-)
Building xmlpull-1.2.0-3.fc36 for f36-java17
Created task: 82435751
Task info: https://koji.fedoraproject.org/koji/taskinfo?taskID=82435751
Watching tasks (this may be safely interrupted)...
82435751 build (f36-java17, /rpms/xmlpull.git:5059a5883da0d7f0bf4a94376bc8365533a8ccbd): free
82435751 build (f36-java17, /rpms/xmlpull.git:5059a5883da0d7f0bf4a94376bc8365533a8ccbd): free -> open (buildvm-s390x-18.s390.fedoraproject.org)
  82435754 buildSRPMFromSCM (/rpms/xmlpull.git:5059a5883da0d7f0bf4a94376bc8365533a8ccbd): free
  82435754 buildSRPMFromSCM (/rpms/xmlpull.git:5059a5883da0d7f0bf4a94376bc8365533a8ccbd): free -> open (buildvm-x86-31.iad2.fedoraproject.org)
  82435754 buildSRPMFromSCM (/rpms/xmlpull.git:5059a5883da0d7f0bf4a94376bc8365533a8ccbd): open (buildvm-x86-31.iad2.fedoraproject.org) -> closed
  0 free  1 open  1 done  0 failed
  82435796 buildArch (xmlpull-1.2.0-3.fc36.src.rpm, noarch): free
  82435796 buildArch (xmlpull-1.2.0-3.fc36.src.rpm, noarch): free -> open (buildvm-x86-26.iad2.fedoraproject.org)
  82435796 buildArch (xmlpull-1.2.0-3.fc36.src.rpm, noarch): open (buildvm-x86-26.iad2.fedoraproject.org) -> closed
  0 free  1 open  2 done  0 failed
  82435863 tagBuild (noarch): closed
82435751 build (f36-java17, /rpms/xmlpull.git:5059a5883da0d7f0bf4a94376bc8365533a8ccbd): open (buildvm-s390x-18.s390.fedoraproject.org) -> closed
  0 free  0 open  4 done  0 failed

82435751 build (f36-java17, /rpms/xmlpull.git:5059a5883da0d7f0bf4a94376bc8365533a8ccbd) completed successfully
