Cloning into 'xmlunit'...
[rawhide f011790] Rebuilt for java-17-openjdk as system jdk
 1 file changed, 4 insertions(+), 1 deletion(-)
Building xmlunit-2.8.2-6.fc36 for f36-java17
Created task: 82435780
Task info: https://koji.fedoraproject.org/koji/taskinfo?taskID=82435780
Watching tasks (this may be safely interrupted)...
82435780 build (f36-java17, /rpms/xmlunit.git:f011790fc2aca7f124e130d3a04a33be055a3d58): free
82435780 build (f36-java17, /rpms/xmlunit.git:f011790fc2aca7f124e130d3a04a33be055a3d58): free -> open (buildvm-ppc64le-21.iad2.fedoraproject.org)
  82435781 buildSRPMFromSCM (/rpms/xmlunit.git:f011790fc2aca7f124e130d3a04a33be055a3d58): open (buildvm-ppc64le-15.iad2.fedoraproject.org)
  82435781 buildSRPMFromSCM (/rpms/xmlunit.git:f011790fc2aca7f124e130d3a04a33be055a3d58): open (buildvm-ppc64le-15.iad2.fedoraproject.org) -> closed
  0 free  1 open  1 done  0 failed
  82435853 buildArch (xmlunit-2.8.2-6.fc36.src.rpm, noarch): free
  82435853 buildArch (xmlunit-2.8.2-6.fc36.src.rpm, noarch): free -> open (buildvm-ppc64le-07.iad2.fedoraproject.org)
  82435853 buildArch (xmlunit-2.8.2-6.fc36.src.rpm, noarch): open (buildvm-ppc64le-07.iad2.fedoraproject.org) -> closed
  0 free  1 open  2 done  0 failed
  82436015 tagBuild (noarch): closed
82435780 build (f36-java17, /rpms/xmlunit.git:f011790fc2aca7f124e130d3a04a33be055a3d58): open (buildvm-ppc64le-21.iad2.fedoraproject.org) -> closed
  0 free  0 open  4 done  0 failed

82435780 build (f36-java17, /rpms/xmlunit.git:f011790fc2aca7f124e130d3a04a33be055a3d58) completed successfully
