Cloning into 'xmpcore'...
[rawhide 3c5c9a3] Rebuilt for java-17-openjdk as system jdk
 1 file changed, 4 insertions(+), 1 deletion(-)
Building xmpcore-5.1.2-19.fc36 for f36-java17
Created task: 82435800
Task info: https://koji.fedoraproject.org/koji/taskinfo?taskID=82435800
Watching tasks (this may be safely interrupted)...
82435800 build (f36-java17, /rpms/xmpcore.git:3c5c9a3bb0e92ff5aa817da26918513fc7ba2650): open (buildvm-ppc64le-10.iad2.fedoraproject.org)
  82435801 buildSRPMFromSCM (/rpms/xmpcore.git:3c5c9a3bb0e92ff5aa817da26918513fc7ba2650): free
  82435801 buildSRPMFromSCM (/rpms/xmpcore.git:3c5c9a3bb0e92ff5aa817da26918513fc7ba2650): free -> open (buildvm-ppc64le-10.iad2.fedoraproject.org)
  82435801 buildSRPMFromSCM (/rpms/xmpcore.git:3c5c9a3bb0e92ff5aa817da26918513fc7ba2650): open (buildvm-ppc64le-10.iad2.fedoraproject.org) -> closed
  0 free  1 open  1 done  0 failed
  82435866 buildArch (xmpcore-5.1.2-19.fc36.src.rpm, noarch): free
  82435866 buildArch (xmpcore-5.1.2-19.fc36.src.rpm, noarch): free -> open (buildvm-ppc64le-37.iad2.fedoraproject.org)
82435800 build (f36-java17, /rpms/xmpcore.git:3c5c9a3bb0e92ff5aa817da26918513fc7ba2650): open (buildvm-ppc64le-10.iad2.fedoraproject.org) -> FAILED: BuildError: error building package (arch noarch), mock exited with status 1; see build.log or root.log for more information
  0 free  1 open  1 done  1 failed
  82435866 buildArch (xmpcore-5.1.2-19.fc36.src.rpm, noarch): open (buildvm-ppc64le-37.iad2.fedoraproject.org) -> FAILED: BuildError: error building package (arch noarch), mock exited with status 1; see build.log or root.log for more information
  Relevant logs:
  https://kojipkgs.fedoraproject.org/work/tasks/5866/82435866/mock_output.log
  https://kojipkgs.fedoraproject.org/work/tasks/5866/82435866/hw_info.log
  https://kojipkgs.fedoraproject.org/work/tasks/5866/82435866/state.log
  https://kojipkgs.fedoraproject.org/work/tasks/5866/82435866/build.log
  https://kojipkgs.fedoraproject.org/work/tasks/5866/82435866/root.log
  0 free  0 open  1 done  2 failed

82435800 build (f36-java17, /rpms/xmpcore.git:3c5c9a3bb0e92ff5aa817da26918513fc7ba2650) failed
