Cloning into 'yecht'...
[rawhide 4b94071] Rebuilt for java-17-openjdk as system jdk
 1 file changed, 4 insertions(+), 1 deletion(-)
Building yecht-1.0-19.fc36 for f36-java17
Created task: 82435936
Task info: https://koji.fedoraproject.org/koji/taskinfo?taskID=82435936
Watching tasks (this may be safely interrupted)...
82435936 build (f36-java17, /rpms/yecht.git:4b94071d8b90f4c105210929804acfbf766250a8): free
82435936 build (f36-java17, /rpms/yecht.git:4b94071d8b90f4c105210929804acfbf766250a8): free -> open (buildvm-ppc64le-07.iad2.fedoraproject.org)
  82435951 buildSRPMFromSCM (/rpms/yecht.git:4b94071d8b90f4c105210929804acfbf766250a8): free
  82435951 buildSRPMFromSCM (/rpms/yecht.git:4b94071d8b90f4c105210929804acfbf766250a8): free -> open (buildvm-ppc64le-07.iad2.fedoraproject.org)
  82435951 buildSRPMFromSCM (/rpms/yecht.git:4b94071d8b90f4c105210929804acfbf766250a8): open (buildvm-ppc64le-07.iad2.fedoraproject.org) -> closed
  0 free  1 open  1 done  0 failed
  82436055 buildArch (yecht-1.0-19.fc36.src.rpm, noarch): free
  82436055 buildArch (yecht-1.0-19.fc36.src.rpm, noarch): free -> open (buildvm-s390x-34.s390.fedoraproject.org)
  82436055 buildArch (yecht-1.0-19.fc36.src.rpm, noarch): open (buildvm-s390x-34.s390.fedoraproject.org) -> FAILED: BuildError: error building package (arch noarch), mock exited with status 1; see build.log or root.log for more information
  Relevant logs:
  https://kojipkgs.fedoraproject.org/work/tasks/6055/82436055/mock_output.log
  https://kojipkgs.fedoraproject.org/work/tasks/6055/82436055/hw_info.log
  https://kojipkgs.fedoraproject.org/work/tasks/6055/82436055/state.log
  https://kojipkgs.fedoraproject.org/work/tasks/6055/82436055/build.log
  https://kojipkgs.fedoraproject.org/work/tasks/6055/82436055/root.log
  0 free  1 open  1 done  1 failed
82435936 build (f36-java17, /rpms/yecht.git:4b94071d8b90f4c105210929804acfbf766250a8): open (buildvm-ppc64le-07.iad2.fedoraproject.org) -> FAILED: BuildError: error building package (arch noarch), mock exited with status 1; see build.log or root.log for more information
  0 free  0 open  1 done  2 failed

82435936 build (f36-java17, /rpms/yecht.git:4b94071d8b90f4c105210929804acfbf766250a8) failed
