Cloning into 'yuicompressor'...
[rawhide dc7f9ca] Rebuilt for java-17-openjdk as system jdk
 1 file changed, 4 insertions(+), 1 deletion(-)
Building yuicompressor-2.4.8-14.fc36 for f36-java17
Created task: 82435965
Task info: https://koji.fedoraproject.org/koji/taskinfo?taskID=82435965
Watching tasks (this may be safely interrupted)...
82435965 build (f36-java17, /rpms/yuicompressor.git:dc7f9ca4b72d30cf57a413173724f68592db07d0): free
82435965 build (f36-java17, /rpms/yuicompressor.git:dc7f9ca4b72d30cf57a413173724f68592db07d0): free -> open (buildvm-s390x-13.s390.fedoraproject.org)
  82435981 buildSRPMFromSCM (/rpms/yuicompressor.git:dc7f9ca4b72d30cf57a413173724f68592db07d0): free
  82435981 buildSRPMFromSCM (/rpms/yuicompressor.git:dc7f9ca4b72d30cf57a413173724f68592db07d0): free -> open (buildvm-x86-11.iad2.fedoraproject.org)
  82435981 buildSRPMFromSCM (/rpms/yuicompressor.git:dc7f9ca4b72d30cf57a413173724f68592db07d0): open (buildvm-x86-11.iad2.fedoraproject.org) -> closed
  0 free  1 open  1 done  0 failed
  82436041 buildArch (yuicompressor-2.4.8-14.fc36.src.rpm, noarch): free
  82436041 buildArch (yuicompressor-2.4.8-14.fc36.src.rpm, noarch): free -> open (buildvm-s390x-21.s390.fedoraproject.org)
  82436041 buildArch (yuicompressor-2.4.8-14.fc36.src.rpm, noarch): open (buildvm-s390x-21.s390.fedoraproject.org) -> FAILED: BuildError: error building package (arch noarch), mock exited with status 1; see build.log or root.log for more information
  Relevant logs:
  https://kojipkgs.fedoraproject.org/work/tasks/6041/82436041/mock_output.log
  https://kojipkgs.fedoraproject.org/work/tasks/6041/82436041/hw_info.log
  https://kojipkgs.fedoraproject.org/work/tasks/6041/82436041/state.log
  https://kojipkgs.fedoraproject.org/work/tasks/6041/82436041/build.log
  https://kojipkgs.fedoraproject.org/work/tasks/6041/82436041/root.log
  0 free  1 open  1 done  1 failed
82435965 build (f36-java17, /rpms/yuicompressor.git:dc7f9ca4b72d30cf57a413173724f68592db07d0): open (buildvm-s390x-13.s390.fedoraproject.org) -> FAILED: BuildError: error building package (arch noarch), mock exited with status 1; see build.log or root.log for more information
  0 free  0 open  1 done  2 failed

82435965 build (f36-java17, /rpms/yuicompressor.git:dc7f9ca4b72d30cf57a413173724f68592db07d0) failed
