Cloning into 'z3'...
[rawhide d4a35ac] Rebuilt for java-17-openjdk as system jdk
 1 file changed, 4 insertions(+), 1 deletion(-)
Building z3-4.8.14-4.fc36 for f36-java17
Created task: 82436008
Task info: https://koji.fedoraproject.org/koji/taskinfo?taskID=82436008
Watching tasks (this may be safely interrupted)...
82436008 build (f36-java17, /rpms/z3.git:d4a35ac7196a3e22d0e4b3ac62ff2bb912da1e5e): free
82436008 build (f36-java17, /rpms/z3.git:d4a35ac7196a3e22d0e4b3ac62ff2bb912da1e5e): free -> open (buildvm-ppc64le-07.iad2.fedoraproject.org)
  82436022 buildSRPMFromSCM (/rpms/z3.git:d4a35ac7196a3e22d0e4b3ac62ff2bb912da1e5e): free
  82436022 buildSRPMFromSCM (/rpms/z3.git:d4a35ac7196a3e22d0e4b3ac62ff2bb912da1e5e): free -> open (buildvm-ppc64le-33.iad2.fedoraproject.org)
  82436022 buildSRPMFromSCM (/rpms/z3.git:d4a35ac7196a3e22d0e4b3ac62ff2bb912da1e5e): open (buildvm-ppc64le-33.iad2.fedoraproject.org) -> closed
  0 free  1 open  1 done  0 failed
  82436068 buildArch (z3-4.8.14-4.fc36.src.rpm, i686): free
  82436070 buildArch (z3-4.8.14-4.fc36.src.rpm, aarch64): free
  82436067 buildArch (z3-4.8.14-4.fc36.src.rpm, armv7hl): open (buildvm-a32-10.iad2.fedoraproject.org)
  82436069 buildArch (z3-4.8.14-4.fc36.src.rpm, x86_64): free
  82436071 buildArch (z3-4.8.14-4.fc36.src.rpm, ppc64le): open (buildvm-ppc64le-07.iad2.fedoraproject.org)
  82436072 buildArch (z3-4.8.14-4.fc36.src.rpm, s390x): open (buildvm-s390x-21.s390.fedoraproject.org)
  82436070 buildArch (z3-4.8.14-4.fc36.src.rpm, aarch64): free -> open (buildhw-a64-21.iad2.fedoraproject.org)
  82436068 buildArch (z3-4.8.14-4.fc36.src.rpm, i686): free -> open (buildvm-x86-31.iad2.fedoraproject.org)
  82436069 buildArch (z3-4.8.14-4.fc36.src.rpm, x86_64): free -> open (buildvm-x86-06.iad2.fedoraproject.org)
  82436070 buildArch (z3-4.8.14-4.fc36.src.rpm, aarch64): open (buildhw-a64-21.iad2.fedoraproject.org) -> closed
  0 free  6 open  2 done  0 failed
  82436069 buildArch (z3-4.8.14-4.fc36.src.rpm, x86_64): open (buildvm-x86-06.iad2.fedoraproject.org) -> closed
  0 free  5 open  3 done  0 failed
  82436071 buildArch (z3-4.8.14-4.fc36.src.rpm, ppc64le): open (buildvm-ppc64le-07.iad2.fedoraproject.org) -> closed
  0 free  4 open  4 done  0 failed
  82436068 buildArch (z3-4.8.14-4.fc36.src.rpm, i686): open (buildvm-x86-31.iad2.fedoraproject.org) -> closed
  0 free  3 open  5 done  0 failed
  82436072 buildArch (z3-4.8.14-4.fc36.src.rpm, s390x): open (buildvm-s390x-21.s390.fedoraproject.org) -> closed
  0 free  2 open  6 done  0 failed
  82436067 buildArch (z3-4.8.14-4.fc36.src.rpm, armv7hl): open (buildvm-a32-10.iad2.fedoraproject.org) -> closed
  0 free  1 open  7 done  0 failed
  82438106 tagBuild (noarch): free
  82438106 tagBuild (noarch): free -> open (buildvm-s390x-35.s390.fedoraproject.org)
  82438106 tagBuild (noarch): open (buildvm-s390x-35.s390.fedoraproject.org) -> closed
  0 free  1 open  8 done  0 failed
82436008 build (f36-java17, /rpms/z3.git:d4a35ac7196a3e22d0e4b3ac62ff2bb912da1e5e): open (buildvm-ppc64le-07.iad2.fedoraproject.org) -> closed
  0 free  0 open  9 done  0 failed

82436008 build (f36-java17, /rpms/z3.git:d4a35ac7196a3e22d0e4b3ac62ff2bb912da1e5e) completed successfully
