Cloning into 'ant-antunit'...
[rawhide 582ccfa] Rebuilt for java-21-openjdk as system jdk
 1 file changed, 4 insertions(+), 1 deletion(-)
Building ant-antunit-1.4.1-11.fc41 for f41-build-side-84507
Created task: 114130886
Task info: https://koji.fedoraproject.org/koji/taskinfo?taskID=114130886
Watching tasks (this may be safely interrupted)...
114130886 build (f41-build-side-84507, /rpms/ant-antunit.git:582ccfae7723d8d95dc8297623cb082c46d9aecb): free
114130886 build (f41-build-side-84507, /rpms/ant-antunit.git:582ccfae7723d8d95dc8297623cb082c46d9aecb): free -> assigned
114130886 build (f41-build-side-84507, /rpms/ant-antunit.git:582ccfae7723d8d95dc8297623cb082c46d9aecb): assigned -> open (buildvm-ppc64le-08.iad2.fedoraproject.org)
  114130935 buildSRPMFromSCM (/rpms/ant-antunit.git:582ccfae7723d8d95dc8297623cb082c46d9aecb): free
  114130935 buildSRPMFromSCM (/rpms/ant-antunit.git:582ccfae7723d8d95dc8297623cb082c46d9aecb): free -> assigned
  114130935 buildSRPMFromSCM (/rpms/ant-antunit.git:582ccfae7723d8d95dc8297623cb082c46d9aecb): assigned -> open (buildvm-a64-35.iad2.fedoraproject.org)
  114130935 buildSRPMFromSCM (/rpms/ant-antunit.git:582ccfae7723d8d95dc8297623cb082c46d9aecb): open (buildvm-a64-35.iad2.fedoraproject.org) -> closed
  0 free  1 open  1 done  0 failed
  114131030 buildArch (ant-antunit-1.4.1-11.fc41.src.rpm, noarch): free
  114131030 buildArch (ant-antunit-1.4.1-11.fc41.src.rpm, noarch): free -> assigned
  114131030 buildArch (ant-antunit-1.4.1-11.fc41.src.rpm, noarch): assigned -> open (buildvm-ppc64le-04.iad2.fedoraproject.org)
  114131030 buildArch (ant-antunit-1.4.1-11.fc41.src.rpm, noarch): open (buildvm-ppc64le-04.iad2.fedoraproject.org) -> closed
  0 free  1 open  2 done  0 failed
  114131234 tagBuild (noarch): free
  114131234 tagBuild (noarch): free -> assigned
  114131234 tagBuild (noarch): assigned -> closed
  0 free  1 open  3 done  0 failed
114130886 build (f41-build-side-84507, /rpms/ant-antunit.git:582ccfae7723d8d95dc8297623cb082c46d9aecb): open (buildvm-ppc64le-08.iad2.fedoraproject.org) -> closed
  0 free  0 open  4 done  0 failed

114130886 build (f41-build-side-84507, /rpms/ant-antunit.git:582ccfae7723d8d95dc8297623cb082c46d9aecb) completed successfully
