Cloning into 'ant'...
[rawhide 452c0da] Rebuilt for java-21-openjdk as system jdk
 1 file changed, 4 insertions(+), 1 deletion(-)
Found a gating.yaml file in the repo and it is properly configured
Building ant-1.10.14-10.fc41 for f41-build-side-84507
Created task: 114130881
Task info: https://koji.fedoraproject.org/koji/taskinfo?taskID=114130881
Watching tasks (this may be safely interrupted)...
114130881 build (f41-build-side-84507, /rpms/ant.git:452c0da53ae3160cc800acb6eb941171c715cc3d): free
114130881 build (f41-build-side-84507, /rpms/ant.git:452c0da53ae3160cc800acb6eb941171c715cc3d): free -> assigned
114130881 build (f41-build-side-84507, /rpms/ant.git:452c0da53ae3160cc800acb6eb941171c715cc3d): assigned -> open (buildvm-ppc64le-22.iad2.fedoraproject.org)
  114130887 buildSRPMFromSCM (/rpms/ant.git:452c0da53ae3160cc800acb6eb941171c715cc3d): free
  114130887 buildSRPMFromSCM (/rpms/ant.git:452c0da53ae3160cc800acb6eb941171c715cc3d): free -> assigned
  114130887 buildSRPMFromSCM (/rpms/ant.git:452c0da53ae3160cc800acb6eb941171c715cc3d): assigned -> open (buildvm-a64-23.iad2.fedoraproject.org)
  114130887 buildSRPMFromSCM (/rpms/ant.git:452c0da53ae3160cc800acb6eb941171c715cc3d): open (buildvm-a64-23.iad2.fedoraproject.org) -> closed
  0 free  1 open  1 done  0 failed
  114130999 buildArch (ant-1.10.14-10.fc41.src.rpm, noarch): free
  114130999 buildArch (ant-1.10.14-10.fc41.src.rpm, noarch): free -> assigned
  114130999 buildArch (ant-1.10.14-10.fc41.src.rpm, noarch): assigned -> open (buildvm-a64-23.iad2.fedoraproject.org)
  114130999 buildArch (ant-1.10.14-10.fc41.src.rpm, noarch): open (buildvm-a64-23.iad2.fedoraproject.org) -> closed
  0 free  1 open  2 done  0 failed
  114131482 tagBuild (noarch): free
  114131482 tagBuild (noarch): free -> assigned
  114131482 tagBuild (noarch): assigned -> closed
  0 free  1 open  3 done  0 failed
114130881 build (f41-build-side-84507, /rpms/ant.git:452c0da53ae3160cc800acb6eb941171c715cc3d): open (buildvm-ppc64le-22.iad2.fedoraproject.org) -> closed
  0 free  0 open  4 done  0 failed

114130881 build (f41-build-side-84507, /rpms/ant.git:452c0da53ae3160cc800acb6eb941171c715cc3d) completed successfully
