Cloning into 'antlr4-project'...
@@@@@@@@@@@@@@@@@@@@@@@@@@@@@@@@@@@@@@@@@@@@@@@@@@@@@@@@@@@
@    WARNING: REMOTE HOST IDENTIFICATION HAS CHANGED!     @
@@@@@@@@@@@@@@@@@@@@@@@@@@@@@@@@@@@@@@@@@@@@@@@@@@@@@@@@@@@
IT IS POSSIBLE THAT SOMEONE IS DOING SOMETHING NASTY!
Someone could be eavesdropping on you right now (man-in-the-middle attack)!
It is also possible that a host key has just been changed.
The fingerprint for the RSA key sent by the remote host is
SHA256:dJN0nFWBcWK7SFs2k0nnsO+XNA9+aEDY4FWO7uhxTN8.
Please contact your system administrator.
Add correct host key in /home/jvanek/.ssh/known_hosts to get rid of this message.
Offending RSA key in /home/jvanek/.ssh/known_hosts:2
Password authentication is disabled to avoid man-in-the-middle attacks.
Keyboard-interactive authentication is disabled to avoid man-in-the-middle attacks.
UpdateHostkeys is disabled because the host key is not trusted.
RPMAutoSpec usage detected, not changing the spec file.
[rawhide 9192a1f] Rebuilt for java-25-openjdk as preffered jdk
 1 file changed, 2 insertions(+), 2 deletions(-)
Building antlr4-project-4.13.2-7.fc43 for rawhide
Created task: 135445709
Task info: https://koji.fedoraproject.org/koji/taskinfo?taskID=135445709
Watching tasks (this may be safely interrupted)...
135445709 build (rawhide, /rpms/antlr4-project.git:9192a1f21cc4302ec443082bdf32fcd782777f20): free
135445709 build (rawhide, /rpms/antlr4-project.git:9192a1f21cc4302ec443082bdf32fcd782777f20): free -> assigned (buildvm-x86-27.rdu3.fedoraproject.org)
135445709 build (rawhide, /rpms/antlr4-project.git:9192a1f21cc4302ec443082bdf32fcd782777f20): assigned (buildvm-x86-27.rdu3.fedoraproject.org) -> open (buildvm-x86-27.rdu3.fedoraproject.org)
  135448749 buildSRPMFromSCM (/rpms/antlr4-project.git:9192a1f21cc4302ec443082bdf32fcd782777f20): free
  135448749 buildSRPMFromSCM (/rpms/antlr4-project.git:9192a1f21cc4302ec443082bdf32fcd782777f20): free -> assigned (buildvm-a64-22.rdu3.fedoraproject.org)
  135448749 buildSRPMFromSCM (/rpms/antlr4-project.git:9192a1f21cc4302ec443082bdf32fcd782777f20): assigned (buildvm-a64-22.rdu3.fedoraproject.org) -> open (buildvm-a64-22.rdu3.fedoraproject.org)
  135448749 buildSRPMFromSCM (/rpms/antlr4-project.git:9192a1f21cc4302ec443082bdf32fcd782777f20): open (buildvm-a64-22.rdu3.fedoraproject.org) -> closed
  0 free  1 open  1 done  0 failed
  135448872 buildArch (antlr4-project-4.13.2-7.fc43.src.rpm, x86_64): free
  135448875 buildArch (antlr4-project-4.13.2-7.fc43.src.rpm, s390x): free
  135448873 buildArch (antlr4-project-4.13.2-7.fc43.src.rpm, aarch64): free
  135448874 buildArch (antlr4-project-4.13.2-7.fc43.src.rpm, ppc64le): free
  135448872 buildArch (antlr4-project-4.13.2-7.fc43.src.rpm, x86_64): free -> open (buildvm-x86-24.rdu3.fedoraproject.org)
  135448873 buildArch (antlr4-project-4.13.2-7.fc43.src.rpm, aarch64): free -> assigned (buildvm-a64-41.rdu3.fedoraproject.org)
  135448873 buildArch (antlr4-project-4.13.2-7.fc43.src.rpm, aarch64): assigned (buildvm-a64-41.rdu3.fedoraproject.org) -> open (buildvm-a64-41.rdu3.fedoraproject.org)
  135448872 buildArch (antlr4-project-4.13.2-7.fc43.src.rpm, x86_64): open (buildvm-x86-24.rdu3.fedoraproject.org) -> closed
  2 free  2 open  2 done  0 failed
  135448873 buildArch (antlr4-project-4.13.2-7.fc43.src.rpm, aarch64): open (buildvm-a64-41.rdu3.fedoraproject.org) -> closed
  2 free  1 open  3 done  0 failed
  135448874 buildArch (antlr4-project-4.13.2-7.fc43.src.rpm, ppc64le): free -> assigned (buildvm-ppc64le-09.rdu3.fedoraproject.org)
  135448874 buildArch (antlr4-project-4.13.2-7.fc43.src.rpm, ppc64le): assigned (buildvm-ppc64le-09.rdu3.fedoraproject.org) -> open (buildvm-ppc64le-09.rdu3.fedoraproject.org)
  135448874 buildArch (antlr4-project-4.13.2-7.fc43.src.rpm, ppc64le): open (buildvm-ppc64le-09.rdu3.fedoraproject.org) -> closed
  1 free  1 open  4 done  0 failed

build (rawhide, /rpms/) completed successfully
