Cloning into 'antlr'...
[rawhide d834f21] Rebuilt for java-21-openjdk as system jdk
 1 file changed, 4 insertions(+), 1 deletion(-)
Found a gating.yaml file in the repo and it is properly configured
warning: %patchN is deprecated (2 usages found), use %patch N (or %patch -P N)

Building antlr-2.7.7-76.fc41 for f41-build-side-84507
Created task: 114130899
Task info: https://koji.fedoraproject.org/koji/taskinfo?taskID=114130899
Watching tasks (this may be safely interrupted)...
114130899 build (f41-build-side-84507, /rpms/antlr.git:d834f215d43d840fc18ee1dd1a536814bac7e55c): free
114130899 build (f41-build-side-84507, /rpms/antlr.git:d834f215d43d840fc18ee1dd1a536814bac7e55c): free -> assigned
  114130934 buildSRPMFromSCM (/rpms/antlr.git:d834f215d43d840fc18ee1dd1a536814bac7e55c): free
114130899 build (f41-build-side-84507, /rpms/antlr.git:d834f215d43d840fc18ee1dd1a536814bac7e55c): assigned -> open (buildvm-ppc64le-12.iad2.fedoraproject.org)
  114130934 buildSRPMFromSCM (/rpms/antlr.git:d834f215d43d840fc18ee1dd1a536814bac7e55c): free -> assigned
  114130934 buildSRPMFromSCM (/rpms/antlr.git:d834f215d43d840fc18ee1dd1a536814bac7e55c): assigned -> open (buildvm-a64-33.iad2.fedoraproject.org)
  114130934 buildSRPMFromSCM (/rpms/antlr.git:d834f215d43d840fc18ee1dd1a536814bac7e55c): open (buildvm-a64-33.iad2.fedoraproject.org) -> closed
  0 free  1 open  1 done  0 failed
  114131088 buildArch (antlr-2.7.7-76.fc41.src.rpm, aarch64): free
  114131089 buildArch (antlr-2.7.7-76.fc41.src.rpm, ppc64le): free
  114131090 buildArch (antlr-2.7.7-76.fc41.src.rpm, s390x): free
  114131087 buildArch (antlr-2.7.7-76.fc41.src.rpm, x86_64): free
  114131088 buildArch (antlr-2.7.7-76.fc41.src.rpm, aarch64): free -> assigned
  114131089 buildArch (antlr-2.7.7-76.fc41.src.rpm, ppc64le): free -> assigned
  114131090 buildArch (antlr-2.7.7-76.fc41.src.rpm, s390x): free -> open (buildvm-s390x-09.s390.fedoraproject.org)
  114131087 buildArch (antlr-2.7.7-76.fc41.src.rpm, x86_64): free -> assigned
  114131088 buildArch (antlr-2.7.7-76.fc41.src.rpm, aarch64): assigned -> open (buildvm-a64-06.iad2.fedoraproject.org)
  114131089 buildArch (antlr-2.7.7-76.fc41.src.rpm, ppc64le): assigned -> open (buildvm-ppc64le-29.iad2.fedoraproject.org)
  114131087 buildArch (antlr-2.7.7-76.fc41.src.rpm, x86_64): assigned -> open (buildvm-x86-22.iad2.fedoraproject.org)
  114131090 buildArch (antlr-2.7.7-76.fc41.src.rpm, s390x): open (buildvm-s390x-09.s390.fedoraproject.org) -> closed
  0 free  4 open  2 done  0 failed
  114131088 buildArch (antlr-2.7.7-76.fc41.src.rpm, aarch64): open (buildvm-a64-06.iad2.fedoraproject.org) -> closed
  0 free  3 open  3 done  0 failed
  114131087 buildArch (antlr-2.7.7-76.fc41.src.rpm, x86_64): open (buildvm-x86-22.iad2.fedoraproject.org) -> closed
  0 free  2 open  4 done  0 failed
  114131089 buildArch (antlr-2.7.7-76.fc41.src.rpm, ppc64le): open (buildvm-ppc64le-29.iad2.fedoraproject.org) -> closed
  0 free  1 open  5 done  0 failed
  114131483 tagBuild (noarch): free
  114131483 tagBuild (noarch): free -> closed
  0 free  1 open  6 done  0 failed
114130899 build (f41-build-side-84507, /rpms/antlr.git:d834f215d43d840fc18ee1dd1a536814bac7e55c): open (buildvm-ppc64le-12.iad2.fedoraproject.org) -> closed
  0 free  0 open  7 done  0 failed

114130899 build (f41-build-side-84507, /rpms/antlr.git:d834f215d43d840fc18ee1dd1a536814bac7e55c) completed successfully
