Cloning into 'antlr-maven-plugin'...
[rawhide fc5df05] Rebuilt for java-17-openjdk as system jdk
 1 file changed, 4 insertions(+), 1 deletion(-)
Building antlr-maven-plugin-2.2-32.fc36 for f36-java17
Created task: 82423216
Task info: https://koji.fedoraproject.org/koji/taskinfo?taskID=82423216
Watching tasks (this may be safely interrupted)...
82423216 build (f36-java17, /rpms/antlr-maven-plugin.git:fc5df05b5b04d3d515d34ca0374014e4f7782c6b): free
82423216 build (f36-java17, /rpms/antlr-maven-plugin.git:fc5df05b5b04d3d515d34ca0374014e4f7782c6b): free -> open (buildvm-ppc64le-21.iad2.fedoraproject.org)
  82423220 buildSRPMFromSCM (/rpms/antlr-maven-plugin.git:fc5df05b5b04d3d515d34ca0374014e4f7782c6b): free
  82423220 buildSRPMFromSCM (/rpms/antlr-maven-plugin.git:fc5df05b5b04d3d515d34ca0374014e4f7782c6b): free -> open (buildvm-ppc64le-21.iad2.fedoraproject.org)
  82423220 buildSRPMFromSCM (/rpms/antlr-maven-plugin.git:fc5df05b5b04d3d515d34ca0374014e4f7782c6b): open (buildvm-ppc64le-21.iad2.fedoraproject.org) -> closed
  0 free  1 open  1 done  0 failed
  82423268 buildArch (antlr-maven-plugin-2.2-32.fc36.src.rpm, noarch): open (buildvm-ppc64le-33.iad2.fedoraproject.org)
  82423268 buildArch (antlr-maven-plugin-2.2-32.fc36.src.rpm, noarch): open (buildvm-ppc64le-33.iad2.fedoraproject.org) -> closed
  0 free  1 open  2 done  0 failed
  82423286 tagBuild (noarch): closed
82423216 build (f36-java17, /rpms/antlr-maven-plugin.git:fc5df05b5b04d3d515d34ca0374014e4f7782c6b): open (buildvm-ppc64le-21.iad2.fedoraproject.org) -> closed
  0 free  0 open  4 done  0 failed

82423216 build (f36-java17, /rpms/antlr-maven-plugin.git:fc5df05b5b04d3d515d34ca0374014e4f7782c6b) completed successfully
