Cloning into 'antlr3'...
@@@@@@@@@@@@@@@@@@@@@@@@@@@@@@@@@@@@@@@@@@@@@@@@@@@@@@@@@@@
@    WARNING: REMOTE HOST IDENTIFICATION HAS CHANGED!     @
@@@@@@@@@@@@@@@@@@@@@@@@@@@@@@@@@@@@@@@@@@@@@@@@@@@@@@@@@@@
IT IS POSSIBLE THAT SOMEONE IS DOING SOMETHING NASTY!
Someone could be eavesdropping on you right now (man-in-the-middle attack)!
It is also possible that a host key has just been changed.
The fingerprint for the RSA key sent by the remote host is
SHA256:dJN0nFWBcWK7SFs2k0nnsO+XNA9+aEDY4FWO7uhxTN8.
Please contact your system administrator.
Add correct host key in /home/jvanek/.ssh/known_hosts to get rid of this message.
Offending RSA key in /home/jvanek/.ssh/known_hosts:2
Password authentication is disabled to avoid man-in-the-middle attacks.
Keyboard-interactive authentication is disabled to avoid man-in-the-middle attacks.
UpdateHostkeys is disabled because the host key is not trusted.
[rawhide 68f3f86] Rebuilt for java-25-openjdk as preffered jdk
 1 file changed, 6 insertions(+), 3 deletions(-)
Building antlr3-3.5.3-14.fc43 for rawhide
Created task: 135445694
Task info: https://koji.fedoraproject.org/koji/taskinfo?taskID=135445694
Watching tasks (this may be safely interrupted)...
135445694 build (rawhide, /rpms/antlr3.git:68f3f86693f431425e32331be9616100a5adb416): free
135445694 build (rawhide, /rpms/antlr3.git:68f3f86693f431425e32331be9616100a5adb416): free -> assigned (buildvm-a64-42.rdu3.fedoraproject.org)
135445694 build (rawhide, /rpms/antlr3.git:68f3f86693f431425e32331be9616100a5adb416): assigned (buildvm-a64-42.rdu3.fedoraproject.org) -> open (buildvm-a64-42.rdu3.fedoraproject.org)
  135448760 buildSRPMFromSCM (/rpms/antlr3.git:68f3f86693f431425e32331be9616100a5adb416): free
  135448760 buildSRPMFromSCM (/rpms/antlr3.git:68f3f86693f431425e32331be9616100a5adb416): free -> assigned (buildvm-ppc64le-09.rdu3.fedoraproject.org)
  135448760 buildSRPMFromSCM (/rpms/antlr3.git:68f3f86693f431425e32331be9616100a5adb416): assigned (buildvm-ppc64le-09.rdu3.fedoraproject.org) -> open (buildvm-ppc64le-09.rdu3.fedoraproject.org)
  135448760 buildSRPMFromSCM (/rpms/antlr3.git:68f3f86693f431425e32331be9616100a5adb416): open (buildvm-ppc64le-09.rdu3.fedoraproject.org) -> closed
  0 free  1 open  1 done  0 failed
  135450663 buildArch (antlr3-3.5.3-14.fc43.src.rpm, x86_64): free
  135450664 buildArch (antlr3-3.5.3-14.fc43.src.rpm, aarch64): free
  135450666 buildArch (antlr3-3.5.3-14.fc43.src.rpm, s390x): free
  135450665 buildArch (antlr3-3.5.3-14.fc43.src.rpm, ppc64le): free
  135450663 buildArch (antlr3-3.5.3-14.fc43.src.rpm, x86_64): free -> assigned (buildvm-x86-26.rdu3.fedoraproject.org)
  135450664 buildArch (antlr3-3.5.3-14.fc43.src.rpm, aarch64): free -> assigned (buildvm-a64-47.rdu3.fedoraproject.org)
  135450663 buildArch (antlr3-3.5.3-14.fc43.src.rpm, x86_64): assigned (buildvm-x86-26.rdu3.fedoraproject.org) -> open (buildvm-x86-26.rdu3.fedoraproject.org)
  135450664 buildArch (antlr3-3.5.3-14.fc43.src.rpm, aarch64): assigned (buildvm-a64-47.rdu3.fedoraproject.org) -> open (buildvm-a64-47.rdu3.fedoraproject.org)
  135450663 buildArch (antlr3-3.5.3-14.fc43.src.rpm, x86_64): open (buildvm-x86-26.rdu3.fedoraproject.org) -> closed
  2 free  2 open  2 done  0 failed
  135450664 buildArch (antlr3-3.5.3-14.fc43.src.rpm, aarch64): open (buildvm-a64-47.rdu3.fedoraproject.org) -> closed
  2 free  1 open  3 done  0 failed
  135450665 buildArch (antlr3-3.5.3-14.fc43.src.rpm, ppc64le): free -> open (buildvm-ppc64le-28.rdu3.fedoraproject.org)
  135450665 buildArch (antlr3-3.5.3-14.fc43.src.rpm, ppc64le): open (buildvm-ppc64le-28.rdu3.fedoraproject.org) -> closed
  1 free  1 open  4 done  0 failed
  135450666 buildArch (antlr3-3.5.3-14.fc43.src.rpm, s390x): free -> open (buildvm-s390x-03.s390.fedoraproject.org)
  135450666 buildArch (antlr3-3.5.3-14.fc43.src.rpm, s390x): open (buildvm-s390x-03.s390.fedoraproject.org) -> closed
  0 free  1 open  5 done  0 failed
  135454364 tagBuild (noarch): free
  135454364 tagBuild (noarch): free -> assigned (buildvm-ppc64le-18.rdu3.fedoraproject.org)
  135454364 tagBuild (noarch): assigned (buildvm-ppc64le-18.rdu3.fedoraproject.org) -> closed
  0 free  1 open  6 done  0 failed
135445694 build (rawhide, /rpms/antlr3.git:68f3f86693f431425e32331be9616100a5adb416): open (buildvm-a64-42.rdu3.fedoraproject.org) -> closed
  0 free  0 open  7 done  0 failed

135445694 build (rawhide, /rpms/antlr3.git:68f3f86693f431425e32331be9616100a5adb416) completed successfully
