[rawhide 0fd1cf8] Rebuilt for java-25-openjdk as preffered jdk
 1 file changed, 6 insertions(+), 3 deletions(-)
Building antlrworks-1.5.2-34.fc43 for rawhide
Created task: 135397695
Task info: https://koji.fedoraproject.org/koji/taskinfo?taskID=135397695
Watching tasks (this may be safely interrupted)...
135397695 build (rawhide, /rpms/antlrworks.git:0fd1cf82b20408303efe1bbf36424e332b794530): free
135397695 build (rawhide, /rpms/antlrworks.git:0fd1cf82b20408303efe1bbf36424e332b794530): free -> assigned (buildvm-s390x-19.s390.fedoraproject.org)
135397695 build (rawhide, /rpms/antlrworks.git:0fd1cf82b20408303efe1bbf36424e332b794530): assigned (buildvm-s390x-19.s390.fedoraproject.org) -> open (buildvm-s390x-19.s390.fedoraproject.org)
  135397697 buildSRPMFromSCM (/rpms/antlrworks.git:0fd1cf82b20408303efe1bbf36424e332b794530): free
  135397697 buildSRPMFromSCM (/rpms/antlrworks.git:0fd1cf82b20408303efe1bbf36424e332b794530): free -> assigned (buildvm-ppc64le-27.rdu3.fedoraproject.org)
  135397697 buildSRPMFromSCM (/rpms/antlrworks.git:0fd1cf82b20408303efe1bbf36424e332b794530): assigned (buildvm-ppc64le-27.rdu3.fedoraproject.org) -> open (buildvm-ppc64le-27.rdu3.fedoraproject.org)
  135397697 buildSRPMFromSCM (/rpms/antlrworks.git:0fd1cf82b20408303efe1bbf36424e332b794530): open (buildvm-ppc64le-27.rdu3.fedoraproject.org) -> closed
  0 free  1 open  1 done  0 failed
  135397718 buildArch (antlrworks-1.5.2-34.fc43.src.rpm, noarch): assigned (buildvm-ppc64le-14.rdu3.fedoraproject.org)
  135397718 buildArch (antlrworks-1.5.2-34.fc43.src.rpm, noarch): assigned (buildvm-ppc64le-14.rdu3.fedoraproject.org) -> open (buildvm-ppc64le-14.rdu3.fedoraproject.org)
  135397718 buildArch (antlrworks-1.5.2-34.fc43.src.rpm, noarch): open (buildvm-ppc64le-14.rdu3.fedoraproject.org) -> closed
  0 free  1 open  2 done  0 failed
  135397766 tagBuild (noarch): free
  135397766 tagBuild (noarch): free -> assigned (buildvm-x86-24.rdu3.fedoraproject.org)
  135397766 tagBuild (noarch): assigned (buildvm-x86-24.rdu3.fedoraproject.org) -> closed
  0 free  1 open  3 done  0 failed
135397695 build (rawhide, /rpms/antlrworks.git:0fd1cf82b20408303efe1bbf36424e332b794530): open (buildvm-s390x-19.s390.fedoraproject.org) -> closed
  0 free  0 open  4 done  0 failed

135397695 build (rawhide, /rpms/antlrworks.git:0fd1cf82b20408303efe1bbf36424e332b794530) completed successfully
