Cloning into 'aopalliance'...
[rawhide b0c992c] Rebuilt for java-21-openjdk as system jdk
 1 file changed, 4 insertions(+), 1 deletion(-)
Found a gating.yaml file in the repo and it is properly configured
Building aopalliance-1.0-39.fc41 for f41-build-side-84507
Created task: 114131040
Task info: https://koji.fedoraproject.org/koji/taskinfo?taskID=114131040
Watching tasks (this may be safely interrupted)...
114131040 build (f41-build-side-84507, /rpms/aopalliance.git:b0c992cd229e18a2a1044b033d805cd08aa2a857): free
114131040 build (f41-build-side-84507, /rpms/aopalliance.git:b0c992cd229e18a2a1044b033d805cd08aa2a857): free -> open (buildvm-x86-25.iad2.fedoraproject.org)
  114131100 buildSRPMFromSCM (/rpms/aopalliance.git:b0c992cd229e18a2a1044b033d805cd08aa2a857): free
  114131100 buildSRPMFromSCM (/rpms/aopalliance.git:b0c992cd229e18a2a1044b033d805cd08aa2a857): free -> assigned
  114131100 buildSRPMFromSCM (/rpms/aopalliance.git:b0c992cd229e18a2a1044b033d805cd08aa2a857): assigned -> open (buildvm-a64-09.iad2.fedoraproject.org)
  114131100 buildSRPMFromSCM (/rpms/aopalliance.git:b0c992cd229e18a2a1044b033d805cd08aa2a857): open (buildvm-a64-09.iad2.fedoraproject.org) -> closed
  0 free  1 open  1 done  0 failed
  114131261 buildArch (aopalliance-1.0-39.fc41.src.rpm, noarch): free
  114131261 buildArch (aopalliance-1.0-39.fc41.src.rpm, noarch): free -> assigned
  114131261 buildArch (aopalliance-1.0-39.fc41.src.rpm, noarch): assigned -> open (buildvm-x86-21.iad2.fedoraproject.org)
  114131261 buildArch (aopalliance-1.0-39.fc41.src.rpm, noarch): open (buildvm-x86-21.iad2.fedoraproject.org) -> closed
  0 free  1 open  2 done  0 failed
  114131491 tagBuild (noarch): free
  114131491 tagBuild (noarch): free -> assigned
  114131491 tagBuild (noarch): assigned -> closed
  0 free  1 open  3 done  0 failed
114131040 build (f41-build-side-84507, /rpms/aopalliance.git:b0c992cd229e18a2a1044b033d805cd08aa2a857): open (buildvm-x86-25.iad2.fedoraproject.org) -> closed
  0 free  0 open  4 done  0 failed

114131040 build (f41-build-side-84507, /rpms/aopalliance.git:b0c992cd229e18a2a1044b033d805cd08aa2a857) completed successfully
