Cloning into 'apache-commons-lang3'...
[rawhide 32446f3] Rebuilt for java-21-openjdk as system jdk
 1 file changed, 4 insertions(+), 1 deletion(-)
Found a gating.yaml file in the repo and it is properly configured
Building apache-commons-lang3-3.14.0-5.fc41 for f41-build-side-84507
Created task: 114131522
Task info: https://koji.fedoraproject.org/koji/taskinfo?taskID=114131522
Watching tasks (this may be safely interrupted)...
114131522 build (f41-build-side-84507, /rpms/apache-commons-lang3.git:32446f39087bcd708cd0ae75b2b3658c58bcff87): free
114131522 build (f41-build-side-84507, /rpms/apache-commons-lang3.git:32446f39087bcd708cd0ae75b2b3658c58bcff87): free -> assigned
114131522 build (f41-build-side-84507, /rpms/apache-commons-lang3.git:32446f39087bcd708cd0ae75b2b3658c58bcff87): assigned -> open (buildhw-x86-04.iad2.fedoraproject.org)
  114131535 buildSRPMFromSCM (/rpms/apache-commons-lang3.git:32446f39087bcd708cd0ae75b2b3658c58bcff87): free
  114131535 buildSRPMFromSCM (/rpms/apache-commons-lang3.git:32446f39087bcd708cd0ae75b2b3658c58bcff87): free -> assigned
  114131535 buildSRPMFromSCM (/rpms/apache-commons-lang3.git:32446f39087bcd708cd0ae75b2b3658c58bcff87): assigned -> open (buildvm-a64-24.iad2.fedoraproject.org)
  114131614 buildArch (apache-commons-lang3-3.14.0-5.fc41.src.rpm, noarch): free
  114131535 buildSRPMFromSCM (/rpms/apache-commons-lang3.git:32446f39087bcd708cd0ae75b2b3658c58bcff87): open (buildvm-a64-24.iad2.fedoraproject.org) -> closed
  1 free  1 open  1 done  0 failed
  114131614 buildArch (apache-commons-lang3-3.14.0-5.fc41.src.rpm, noarch): free -> assigned
  114131614 buildArch (apache-commons-lang3-3.14.0-5.fc41.src.rpm, noarch): assigned -> open (buildhw-x86-06.iad2.fedoraproject.org)
  114131614 buildArch (apache-commons-lang3-3.14.0-5.fc41.src.rpm, noarch): open (buildhw-x86-06.iad2.fedoraproject.org) -> closed
  0 free  1 open  2 done  0 failed
  114131698 tagBuild (noarch): free
  114131698 tagBuild (noarch): free -> assigned
  114131698 tagBuild (noarch): assigned -> closed
  0 free  1 open  3 done  0 failed
114131522 build (f41-build-side-84507, /rpms/apache-commons-lang3.git:32446f39087bcd708cd0ae75b2b3658c58bcff87): open (buildhw-x86-04.iad2.fedoraproject.org) -> closed
  0 free  0 open  4 done  0 failed

114131522 build (f41-build-side-84507, /rpms/apache-commons-lang3.git:32446f39087bcd708cd0ae75b2b3658c58bcff87) completed successfully
