Cloning into 'apache-commons-digester'...
[rawhide 3c7a2dd] Rebuilt for java-21-openjdk as system jdk
 1 file changed, 4 insertions(+), 1 deletion(-)
Building apache-commons-digester-2.1-30.fc41 for f41-build-side-84507
Created task: 114131447
Task info: https://koji.fedoraproject.org/koji/taskinfo?taskID=114131447
Watching tasks (this may be safely interrupted)...
114131447 build (f41-build-side-84507, /rpms/apache-commons-digester.git:3c7a2ddcd49aff1ae819b930cf79e7c958237938): free
114131447 build (f41-build-side-84507, /rpms/apache-commons-digester.git:3c7a2ddcd49aff1ae819b930cf79e7c958237938): free -> open (buildhw-x86-04.iad2.fedoraproject.org)
  114131489 buildSRPMFromSCM (/rpms/apache-commons-digester.git:3c7a2ddcd49aff1ae819b930cf79e7c958237938): free
  114131489 buildSRPMFromSCM (/rpms/apache-commons-digester.git:3c7a2ddcd49aff1ae819b930cf79e7c958237938): free -> assigned
  114131489 buildSRPMFromSCM (/rpms/apache-commons-digester.git:3c7a2ddcd49aff1ae819b930cf79e7c958237938): assigned -> open (buildvm-a64-18.iad2.fedoraproject.org)
  114131489 buildSRPMFromSCM (/rpms/apache-commons-digester.git:3c7a2ddcd49aff1ae819b930cf79e7c958237938): open (buildvm-a64-18.iad2.fedoraproject.org) -> closed
  0 free  1 open  1 done  0 failed
  114131536 buildArch (apache-commons-digester-2.1-30.fc41.src.rpm, noarch): free
  114131536 buildArch (apache-commons-digester-2.1-30.fc41.src.rpm, noarch): free -> assigned
  114131536 buildArch (apache-commons-digester-2.1-30.fc41.src.rpm, noarch): assigned -> open (buildvm-s390x-09.s390.fedoraproject.org)
  114131626 tagBuild (noarch): free
  114131536 buildArch (apache-commons-digester-2.1-30.fc41.src.rpm, noarch): open (buildvm-s390x-09.s390.fedoraproject.org) -> closed
  1 free  1 open  2 done  0 failed
  114131626 tagBuild (noarch): free -> closed
  0 free  1 open  3 done  0 failed
114131447 build (f41-build-side-84507, /rpms/apache-commons-digester.git:3c7a2ddcd49aff1ae819b930cf79e7c958237938): open (buildhw-x86-04.iad2.fedoraproject.org) -> closed
  0 free  0 open  4 done  0 failed

114131447 build (f41-build-side-84507, /rpms/apache-commons-digester.git:3c7a2ddcd49aff1ae819b930cf79e7c958237938) completed successfully
