Cloning into 'apache-commons-math'...
@@@@@@@@@@@@@@@@@@@@@@@@@@@@@@@@@@@@@@@@@@@@@@@@@@@@@@@@@@@
@    WARNING: REMOTE HOST IDENTIFICATION HAS CHANGED!     @
@@@@@@@@@@@@@@@@@@@@@@@@@@@@@@@@@@@@@@@@@@@@@@@@@@@@@@@@@@@
IT IS POSSIBLE THAT SOMEONE IS DOING SOMETHING NASTY!
Someone could be eavesdropping on you right now (man-in-the-middle attack)!
It is also possible that a host key has just been changed.
The fingerprint for the RSA key sent by the remote host is
SHA256:dJN0nFWBcWK7SFs2k0nnsO+XNA9+aEDY4FWO7uhxTN8.
Please contact your system administrator.
Add correct host key in /home/jvanek/.ssh/known_hosts to get rid of this message.
Offending RSA key in /home/jvanek/.ssh/known_hosts:2
Password authentication is disabled to avoid man-in-the-middle attacks.
Keyboard-interactive authentication is disabled to avoid man-in-the-middle attacks.
UpdateHostkeys is disabled because the host key is not trusted.
[rawhide 1dfd56b] Rebuilt for java-25-openjdk as preffered jdk
 1 file changed, 5 insertions(+), 2 deletions(-)
Building apache-commons-math-3.6.1-23.fc43 for rawhide
Created task: 135446321
Task info: https://koji.fedoraproject.org/koji/taskinfo?taskID=135446321
Watching tasks (this may be safely interrupted)...
135446321 build (rawhide, /rpms/apache-commons-math.git:1dfd56be37db9026f8a0d3068c773ddb1dca96ff): free
135446321 build (rawhide, /rpms/apache-commons-math.git:1dfd56be37db9026f8a0d3068c773ddb1dca96ff): free -> assigned (buildvm-a64-17.rdu3.fedoraproject.org)
135446321 build (rawhide, /rpms/apache-commons-math.git:1dfd56be37db9026f8a0d3068c773ddb1dca96ff): assigned (buildvm-a64-17.rdu3.fedoraproject.org) -> open (buildvm-a64-17.rdu3.fedoraproject.org)
  135448803 buildSRPMFromSCM (/rpms/apache-commons-math.git:1dfd56be37db9026f8a0d3068c773ddb1dca96ff): free
  135448803 buildSRPMFromSCM (/rpms/apache-commons-math.git:1dfd56be37db9026f8a0d3068c773ddb1dca96ff): free -> assigned (buildvm-s390x-08.s390.fedoraproject.org)
  135448803 buildSRPMFromSCM (/rpms/apache-commons-math.git:1dfd56be37db9026f8a0d3068c773ddb1dca96ff): assigned (buildvm-s390x-08.s390.fedoraproject.org) -> open (buildvm-s390x-08.s390.fedoraproject.org)
  135448803 buildSRPMFromSCM (/rpms/apache-commons-math.git:1dfd56be37db9026f8a0d3068c773ddb1dca96ff): open (buildvm-s390x-08.s390.fedoraproject.org) -> closed
  0 free  1 open  1 done  0 failed
  135453334 buildArch (apache-commons-math-3.6.1-23.fc43.src.rpm, noarch): free
  135453334 buildArch (apache-commons-math-3.6.1-23.fc43.src.rpm, noarch): free -> assigned (buildvm-a64-43.rdu3.fedoraproject.org)
  135453334 buildArch (apache-commons-math-3.6.1-23.fc43.src.rpm, noarch): assigned (buildvm-a64-43.rdu3.fedoraproject.org) -> open (buildvm-a64-43.rdu3.fedoraproject.org)
  135453334 buildArch (apache-commons-math-3.6.1-23.fc43.src.rpm, noarch): open (buildvm-a64-43.rdu3.fedoraproject.org) -> closed
  0 free  1 open  2 done  0 failed
  135453529 tagBuild (noarch): free
  135453529 tagBuild (noarch): free -> closed
  0 free  1 open  3 done  0 failed
135446321 build (rawhide, /rpms/apache-commons-math.git:1dfd56be37db9026f8a0d3068c773ddb1dca96ff): open (buildvm-a64-17.rdu3.fedoraproject.org) -> closed
  0 free  0 open  4 done  0 failed

135446321 build (rawhide, /rpms/apache-commons-math.git:1dfd56be37db9026f8a0d3068c773ddb1dca96ff) completed successfully
