Cloning into 'apache-commons-codec'...
[rawhide 4fd47bc] Rebuilt for java-21-openjdk as system jdk
 1 file changed, 4 insertions(+), 1 deletion(-)
Found a gating.yaml file in the repo and it is properly configured
Building apache-commons-codec-1.16.0-7.fc41 for f41-build-side-84507
Created task: 114131209
Task info: https://koji.fedoraproject.org/koji/taskinfo?taskID=114131209
Watching tasks (this may be safely interrupted)...
114131209 build (f41-build-side-84507, /rpms/apache-commons-codec.git:4fd47bcbee0039af5440c07b1a91212bcceb10d0): free
114131209 build (f41-build-side-84507, /rpms/apache-commons-codec.git:4fd47bcbee0039af5440c07b1a91212bcceb10d0): free -> open (buildvm-ppc64le-21.iad2.fedoraproject.org)
  114131225 buildSRPMFromSCM (/rpms/apache-commons-codec.git:4fd47bcbee0039af5440c07b1a91212bcceb10d0): free
  114131225 buildSRPMFromSCM (/rpms/apache-commons-codec.git:4fd47bcbee0039af5440c07b1a91212bcceb10d0): free -> assigned
  114131225 buildSRPMFromSCM (/rpms/apache-commons-codec.git:4fd47bcbee0039af5440c07b1a91212bcceb10d0): assigned -> open (buildvm-a64-29.iad2.fedoraproject.org)
  114131326 buildArch (apache-commons-codec-1.16.0-7.fc41.src.rpm, noarch): free
  114131225 buildSRPMFromSCM (/rpms/apache-commons-codec.git:4fd47bcbee0039af5440c07b1a91212bcceb10d0): open (buildvm-a64-29.iad2.fedoraproject.org) -> closed
  1 free  1 open  1 done  0 failed
  114131326 buildArch (apache-commons-codec-1.16.0-7.fc41.src.rpm, noarch): free -> assigned
  114131326 buildArch (apache-commons-codec-1.16.0-7.fc41.src.rpm, noarch): assigned -> open (buildvm-ppc64le-29.iad2.fedoraproject.org)
  114131326 buildArch (apache-commons-codec-1.16.0-7.fc41.src.rpm, noarch): open (buildvm-ppc64le-29.iad2.fedoraproject.org) -> closed
  0 free  1 open  2 done  0 failed
  114131681 tagBuild (noarch): free
  114131681 tagBuild (noarch): free -> assigned
  114131681 tagBuild (noarch): assigned -> closed
  0 free  1 open  3 done  0 failed
114131209 build (f41-build-side-84507, /rpms/apache-commons-codec.git:4fd47bcbee0039af5440c07b1a91212bcceb10d0): open (buildvm-ppc64le-21.iad2.fedoraproject.org) -> closed
  0 free  0 open  4 done  0 failed

114131209 build (f41-build-side-84507, /rpms/apache-commons-codec.git:4fd47bcbee0039af5440c07b1a91212bcceb10d0) completed successfully
