Cloning into 'apache-parent'...
[f40 3f7c0fb] Rebuilt for java-21-openjdk as system jdk
 1 file changed, 4 insertions(+), 1 deletion(-)
Found a gating.yaml file in the repo and it is properly configured
Building apache-parent-31-5.fc40 for f40-build-side-84857
Created task: 114347129
Task info: https://koji.fedoraproject.org/koji/taskinfo?taskID=114347129
Watching tasks (this may be safely interrupted)...
114347129 build (f40-build-side-84857, /rpms/apache-parent.git:3f7c0fbb6bc704eb66d84e957b790ee9411dfbe7): free
114347129 build (f40-build-side-84857, /rpms/apache-parent.git:3f7c0fbb6bc704eb66d84e957b790ee9411dfbe7): free -> open (buildvm-a64-20.iad2.fedoraproject.org)
  114347135 buildSRPMFromSCM (/rpms/apache-parent.git:3f7c0fbb6bc704eb66d84e957b790ee9411dfbe7): free
  114347135 buildSRPMFromSCM (/rpms/apache-parent.git:3f7c0fbb6bc704eb66d84e957b790ee9411dfbe7): free -> assigned
  114347135 buildSRPMFromSCM (/rpms/apache-parent.git:3f7c0fbb6bc704eb66d84e957b790ee9411dfbe7): assigned -> open (buildvm-a64-07.iad2.fedoraproject.org)
  114347135 buildSRPMFromSCM (/rpms/apache-parent.git:3f7c0fbb6bc704eb66d84e957b790ee9411dfbe7): open (buildvm-a64-07.iad2.fedoraproject.org) -> closed
  0 free  1 open  1 done  0 failed
  114347198 buildArch (apache-parent-31-5.fc40.src.rpm, noarch): free
  114347198 buildArch (apache-parent-31-5.fc40.src.rpm, noarch): free -> open (buildvm-x86-16.iad2.fedoraproject.org)
  114347198 buildArch (apache-parent-31-5.fc40.src.rpm, noarch): open (buildvm-x86-16.iad2.fedoraproject.org) -> closed
  0 free  1 open  2 done  0 failed
  114347294 tagBuild (noarch): free
  114347294 tagBuild (noarch): free -> assigned
114347129 build (f40-build-side-84857, /rpms/apache-parent.git:3f7c0fbb6bc704eb66d84e957b790ee9411dfbe7): open (buildvm-a64-20.iad2.fedoraproject.org) -> closed
  0 free  1 open  3 done  0 failed
  114347294 tagBuild (noarch): assigned -> closed
  0 free  0 open  4 done  0 failed

114347129 build (f40-build-side-84857, /rpms/apache-parent.git:3f7c0fbb6bc704eb66d84e957b790ee9411dfbe7) completed successfully
