Cloning into 'apache-commons-pool'...
[rawhide 7d89484] Rebuilt for java-21-openjdk as system jdk
 1 file changed, 4 insertions(+), 1 deletion(-)
Building apache-commons-pool-1.6-37.fc41 for f41-build-side-84507
Created task: 114131691
Task info: https://koji.fedoraproject.org/koji/taskinfo?taskID=114131691
Watching tasks (this may be safely interrupted)...
114131691 build (f41-build-side-84507, /rpms/apache-commons-pool.git:7d89484f50e4277cdc014b976a3afe8232ab205a): free
114131691 build (f41-build-side-84507, /rpms/apache-commons-pool.git:7d89484f50e4277cdc014b976a3afe8232ab205a): free -> open (buildvm-x86-07.iad2.fedoraproject.org)
  114131708 buildSRPMFromSCM (/rpms/apache-commons-pool.git:7d89484f50e4277cdc014b976a3afe8232ab205a): free
  114131708 buildSRPMFromSCM (/rpms/apache-commons-pool.git:7d89484f50e4277cdc014b976a3afe8232ab205a): free -> assigned
  114131708 buildSRPMFromSCM (/rpms/apache-commons-pool.git:7d89484f50e4277cdc014b976a3afe8232ab205a): assigned -> open (buildvm-x86-14.iad2.fedoraproject.org)
  114131708 buildSRPMFromSCM (/rpms/apache-commons-pool.git:7d89484f50e4277cdc014b976a3afe8232ab205a): open (buildvm-x86-14.iad2.fedoraproject.org) -> closed
  0 free  1 open  1 done  0 failed
  114131855 buildArch (apache-commons-pool-1.6-37.fc41.src.rpm, noarch): free
  114131855 buildArch (apache-commons-pool-1.6-37.fc41.src.rpm, noarch): free -> assigned
  114131855 buildArch (apache-commons-pool-1.6-37.fc41.src.rpm, noarch): assigned -> open (buildvm-s390x-09.s390.fedoraproject.org)
  114131855 buildArch (apache-commons-pool-1.6-37.fc41.src.rpm, noarch): open (buildvm-s390x-09.s390.fedoraproject.org) -> closed
  0 free  1 open  2 done  0 failed
  114132063 tagBuild (noarch): free
  114132063 tagBuild (noarch): free -> assigned
  114132063 tagBuild (noarch): assigned -> closed
  0 free  1 open  3 done  0 failed
114131691 build (f41-build-side-84507, /rpms/apache-commons-pool.git:7d89484f50e4277cdc014b976a3afe8232ab205a): open (buildvm-x86-07.iad2.fedoraproject.org) -> closed
  0 free  0 open  4 done  0 failed

114131691 build (f41-build-side-84507, /rpms/apache-commons-pool.git:7d89484f50e4277cdc014b976a3afe8232ab205a) completed successfully
