Cloning into 'apache-commons-parent'...
[rawhide c42fcf1] Rebuilt for java-21-openjdk as system jdk
 1 file changed, 4 insertions(+), 1 deletion(-)
Found a gating.yaml file in the repo and it is properly configured
Building apache-commons-parent-66-3.fc41 for f41-build-side-84507
Created task: 114131650
Task info: https://koji.fedoraproject.org/koji/taskinfo?taskID=114131650
Watching tasks (this may be safely interrupted)...
114131650 build (f41-build-side-84507, /rpms/apache-commons-parent.git:c42fcf1ae94929813bafecbeee625f2c17655154): free
114131650 build (f41-build-side-84507, /rpms/apache-commons-parent.git:c42fcf1ae94929813bafecbeee625f2c17655154): free -> assigned
114131650 build (f41-build-side-84507, /rpms/apache-commons-parent.git:c42fcf1ae94929813bafecbeee625f2c17655154): assigned -> open (buildhw-a64-19.iad2.fedoraproject.org)
  114131666 buildSRPMFromSCM (/rpms/apache-commons-parent.git:c42fcf1ae94929813bafecbeee625f2c17655154): free
  114131666 buildSRPMFromSCM (/rpms/apache-commons-parent.git:c42fcf1ae94929813bafecbeee625f2c17655154): free -> assigned
  114131666 buildSRPMFromSCM (/rpms/apache-commons-parent.git:c42fcf1ae94929813bafecbeee625f2c17655154): assigned -> open (buildvm-a64-33.iad2.fedoraproject.org)
  114131666 buildSRPMFromSCM (/rpms/apache-commons-parent.git:c42fcf1ae94929813bafecbeee625f2c17655154): open (buildvm-a64-33.iad2.fedoraproject.org) -> closed
  0 free  1 open  1 done  0 failed
  114131767 buildArch (apache-commons-parent-66-3.fc41.src.rpm, noarch): free
  114131767 buildArch (apache-commons-parent-66-3.fc41.src.rpm, noarch): free -> assigned
  114131767 buildArch (apache-commons-parent-66-3.fc41.src.rpm, noarch): assigned -> open (buildvm-s390x-08.s390.fedoraproject.org)
  114131767 buildArch (apache-commons-parent-66-3.fc41.src.rpm, noarch): open (buildvm-s390x-08.s390.fedoraproject.org) -> closed
  0 free  1 open  2 done  0 failed
  114131917 tagBuild (noarch): free
  114131917 tagBuild (noarch): free -> assigned
  114131917 tagBuild (noarch): assigned -> closed
  0 free  1 open  3 done  0 failed
114131650 build (f41-build-side-84507, /rpms/apache-commons-parent.git:c42fcf1ae94929813bafecbeee625f2c17655154): open (buildhw-a64-19.iad2.fedoraproject.org) -> closed
  0 free  0 open  4 done  0 failed

114131650 build (f41-build-side-84507, /rpms/apache-commons-parent.git:c42fcf1ae94929813bafecbeee625f2c17655154) completed successfully
