Cloning into 'apache-logging-parent'...
@@@@@@@@@@@@@@@@@@@@@@@@@@@@@@@@@@@@@@@@@@@@@@@@@@@@@@@@@@@
@    WARNING: REMOTE HOST IDENTIFICATION HAS CHANGED!     @
@@@@@@@@@@@@@@@@@@@@@@@@@@@@@@@@@@@@@@@@@@@@@@@@@@@@@@@@@@@
IT IS POSSIBLE THAT SOMEONE IS DOING SOMETHING NASTY!
Someone could be eavesdropping on you right now (man-in-the-middle attack)!
It is also possible that a host key has just been changed.
The fingerprint for the RSA key sent by the remote host is
SHA256:dJN0nFWBcWK7SFs2k0nnsO+XNA9+aEDY4FWO7uhxTN8.
Please contact your system administrator.
Add correct host key in /home/jvanek/.ssh/known_hosts to get rid of this message.
Offending RSA key in /home/jvanek/.ssh/known_hosts:2
Password authentication is disabled to avoid man-in-the-middle attacks.
Keyboard-interactive authentication is disabled to avoid man-in-the-middle attacks.
UpdateHostkeys is disabled because the host key is not trusted.
[rawhide b757e9d] Rebuilt for java-25-openjdk as preffered jdk
 1 file changed, 5 insertions(+), 2 deletions(-)
Building apache-logging-parent-9-10.fc43 for rawhide
Created task: 135448544
Task info: https://koji.fedoraproject.org/koji/taskinfo?taskID=135448544
Watching tasks (this may be safely interrupted)...
135448544 build (rawhide, /rpms/apache-logging-parent.git:b757e9d39a2574931678599f65750093a54f2e74): free
135448544 build (rawhide, /rpms/apache-logging-parent.git:b757e9d39a2574931678599f65750093a54f2e74): free -> open (buildvm-a64-42.rdu3.fedoraproject.org)
  135448783 buildSRPMFromSCM (/rpms/apache-logging-parent.git:b757e9d39a2574931678599f65750093a54f2e74): free
  135448783 buildSRPMFromSCM (/rpms/apache-logging-parent.git:b757e9d39a2574931678599f65750093a54f2e74): free -> open (buildvm-ppc64le-28.rdu3.fedoraproject.org)
  135448783 buildSRPMFromSCM (/rpms/apache-logging-parent.git:b757e9d39a2574931678599f65750093a54f2e74): open (buildvm-ppc64le-28.rdu3.fedoraproject.org) -> closed
  0 free  1 open  1 done  0 failed
  135450674 buildArch (apache-logging-parent-9-10.fc43.src.rpm, noarch): free
  135450674 buildArch (apache-logging-parent-9-10.fc43.src.rpm, noarch): free -> assigned (buildvm-ppc64le-11.rdu3.fedoraproject.org)
  135450674 buildArch (apache-logging-parent-9-10.fc43.src.rpm, noarch): assigned (buildvm-ppc64le-11.rdu3.fedoraproject.org) -> open (buildvm-ppc64le-11.rdu3.fedoraproject.org)
  135450674 buildArch (apache-logging-parent-9-10.fc43.src.rpm, noarch): open (buildvm-ppc64le-11.rdu3.fedoraproject.org) -> closed
  0 free  1 open  2 done  0 failed
  135450952 tagBuild (noarch): free
  135450952 tagBuild (noarch): free -> assigned (buildvm-a64-47.rdu3.fedoraproject.org)
  135450952 tagBuild (noarch): assigned (buildvm-a64-47.rdu3.fedoraproject.org) -> closed
  0 free  1 open  3 done  0 failed
135448544 build (rawhide, /rpms/apache-logging-parent.git:b757e9d39a2574931678599f65750093a54f2e74): open (buildvm-a64-42.rdu3.fedoraproject.org) -> closed
  0 free  0 open  4 done  0 failed

135448544 build (rawhide, /rpms/apache-logging-parent.git:b757e9d39a2574931678599f65750093a54f2e74) completed successfully
