Cloning into 'apache-commons-cli'...
@@@@@@@@@@@@@@@@@@@@@@@@@@@@@@@@@@@@@@@@@@@@@@@@@@@@@@@@@@@
@    WARNING: REMOTE HOST IDENTIFICATION HAS CHANGED!     @
@@@@@@@@@@@@@@@@@@@@@@@@@@@@@@@@@@@@@@@@@@@@@@@@@@@@@@@@@@@
IT IS POSSIBLE THAT SOMEONE IS DOING SOMETHING NASTY!
Someone could be eavesdropping on you right now (man-in-the-middle attack)!
It is also possible that a host key has just been changed.
The fingerprint for the RSA key sent by the remote host is
SHA256:dJN0nFWBcWK7SFs2k0nnsO+XNA9+aEDY4FWO7uhxTN8.
Please contact your system administrator.
Add correct host key in /home/jvanek/.ssh/known_hosts to get rid of this message.
Offending RSA key in /home/jvanek/.ssh/known_hosts:2
Password authentication is disabled to avoid man-in-the-middle attacks.
Keyboard-interactive authentication is disabled to avoid man-in-the-middle attacks.
UpdateHostkeys is disabled because the host key is not trusted.
RPMAutoSpec usage detected, not changing the spec file.
[rawhide 45da626] Rebuilt for java-25-openjdk as preffered jdk
Found a gating.yaml file in the repo and it is properly configured
Building apache-commons-cli-1.9.0-11.fc43 for rawhide
Created task: 135445976
Task info: https://koji.fedoraproject.org/koji/taskinfo?taskID=135445976
Watching tasks (this may be safely interrupted)...
135445976 build (rawhide, /rpms/apache-commons-cli.git:45da626305dcb02e6f31b9d62e405f6c3ac1cc53): free
135445976 build (rawhide, /rpms/apache-commons-cli.git:45da626305dcb02e6f31b9d62e405f6c3ac1cc53): free -> assigned (buildvm-x86-13.rdu3.fedoraproject.org)
135445976 build (rawhide, /rpms/apache-commons-cli.git:45da626305dcb02e6f31b9d62e405f6c3ac1cc53): assigned (buildvm-x86-13.rdu3.fedoraproject.org) -> open (buildvm-x86-13.rdu3.fedoraproject.org)
  135448732 buildSRPMFromSCM (/rpms/apache-commons-cli.git:45da626305dcb02e6f31b9d62e405f6c3ac1cc53): free
  135448732 buildSRPMFromSCM (/rpms/apache-commons-cli.git:45da626305dcb02e6f31b9d62e405f6c3ac1cc53): free -> assigned (buildvm-s390x-18.s390.fedoraproject.org)
  135448732 buildSRPMFromSCM (/rpms/apache-commons-cli.git:45da626305dcb02e6f31b9d62e405f6c3ac1cc53): assigned (buildvm-s390x-18.s390.fedoraproject.org) -> open (buildvm-s390x-18.s390.fedoraproject.org)
  135448732 buildSRPMFromSCM (/rpms/apache-commons-cli.git:45da626305dcb02e6f31b9d62e405f6c3ac1cc53): open (buildvm-s390x-18.s390.fedoraproject.org) -> closed
  0 free  1 open  1 done  0 failed
  135453290 buildArch (apache-commons-cli-1.9.0-11.fc43.src.rpm, noarch): free
  135453290 buildArch (apache-commons-cli-1.9.0-11.fc43.src.rpm, noarch): free -> assigned (buildvm-ppc64le-21.rdu3.fedoraproject.org)
  135453290 buildArch (apache-commons-cli-1.9.0-11.fc43.src.rpm, noarch): assigned (buildvm-ppc64le-21.rdu3.fedoraproject.org) -> open (buildvm-ppc64le-21.rdu3.fedoraproject.org)
  135453290 buildArch (apache-commons-cli-1.9.0-11.fc43.src.rpm, noarch): open (buildvm-ppc64le-21.rdu3.fedoraproject.org) -> closed
  0 free  1 open  2 done  0 failed
  135453332 tagBuild (noarch): free
  135453332 tagBuild (noarch): free -> assigned (buildvm-x86-18.rdu3.fedoraproject.org)
  135453332 tagBuild (noarch): assigned (buildvm-x86-18.rdu3.fedoraproject.org) -> closed
  0 free  1 open  3 done  0 failed
135445976 build (rawhide, /rpms/apache-commons-cli.git:45da626305dcb02e6f31b9d62e405f6c3ac1cc53): open (buildvm-x86-13.rdu3.fedoraproject.org) -> closed
  0 free  0 open  4 done  0 failed

135445976 build (rawhide, /rpms/apache-commons-cli.git:45da626305dcb02e6f31b9d62e405f6c3ac1cc53) completed successfully
