Cloning into 'apache-commons-net'...
@@@@@@@@@@@@@@@@@@@@@@@@@@@@@@@@@@@@@@@@@@@@@@@@@@@@@@@@@@@
@    WARNING: REMOTE HOST IDENTIFICATION HAS CHANGED!     @
@@@@@@@@@@@@@@@@@@@@@@@@@@@@@@@@@@@@@@@@@@@@@@@@@@@@@@@@@@@
IT IS POSSIBLE THAT SOMEONE IS DOING SOMETHING NASTY!
Someone could be eavesdropping on you right now (man-in-the-middle attack)!
It is also possible that a host key has just been changed.
The fingerprint for the RSA key sent by the remote host is
SHA256:dJN0nFWBcWK7SFs2k0nnsO+XNA9+aEDY4FWO7uhxTN8.
Please contact your system administrator.
Add correct host key in /home/jvanek/.ssh/known_hosts to get rid of this message.
Offending RSA key in /home/jvanek/.ssh/known_hosts:2
Password authentication is disabled to avoid man-in-the-middle attacks.
Keyboard-interactive authentication is disabled to avoid man-in-the-middle attacks.
UpdateHostkeys is disabled because the host key is not trusted.
RPMAutoSpec usage detected, not changing the spec file.
[rawhide a3ecbae] Rebuilt for java-25-openjdk as preffered jdk
Found a gating.yaml file in the repo and it is properly configured
Building apache-commons-net-3.11.1-15.fc43 for rawhide
Created task: 135446391
Task info: https://koji.fedoraproject.org/koji/taskinfo?taskID=135446391
Watching tasks (this may be safely interrupted)...
135446391 build (rawhide, /rpms/apache-commons-net.git:a3ecbae4a4dc4dc6cd817a5fc34cfa2e28717734): free
135446391 build (rawhide, /rpms/apache-commons-net.git:a3ecbae4a4dc4dc6cd817a5fc34cfa2e28717734): free -> assigned (buildvm-a64-40.rdu3.fedoraproject.org)
135446391 build (rawhide, /rpms/apache-commons-net.git:a3ecbae4a4dc4dc6cd817a5fc34cfa2e28717734): assigned (buildvm-a64-40.rdu3.fedoraproject.org) -> open (buildvm-a64-40.rdu3.fedoraproject.org)
  135448800 buildSRPMFromSCM (/rpms/apache-commons-net.git:a3ecbae4a4dc4dc6cd817a5fc34cfa2e28717734): free

build (rawhide, /rpms/) completed successfully
