Cloning into 'apache-ivy'...
[rawhide cd84718] Rebuilt for java-21-openjdk as system jdk
 1 file changed, 4 insertions(+), 1 deletion(-)
Building apache-ivy-2.5.2-4.fc41 for f41-build-side-84507
Created task: 114131790
Task info: https://koji.fedoraproject.org/koji/taskinfo?taskID=114131790
Watching tasks (this may be safely interrupted)...
114131790 build (f41-build-side-84507, /rpms/apache-ivy.git:cd8471851d0fce6475a76a58bc0d370739e3e662): free
114131790 build (f41-build-side-84507, /rpms/apache-ivy.git:cd8471851d0fce6475a76a58bc0d370739e3e662): free -> assigned
114131790 build (f41-build-side-84507, /rpms/apache-ivy.git:cd8471851d0fce6475a76a58bc0d370739e3e662): assigned -> open (buildvm-a64-10.iad2.fedoraproject.org)
  114131867 buildSRPMFromSCM (/rpms/apache-ivy.git:cd8471851d0fce6475a76a58bc0d370739e3e662): free
  114131867 buildSRPMFromSCM (/rpms/apache-ivy.git:cd8471851d0fce6475a76a58bc0d370739e3e662): free -> open (buildvm-a64-38.iad2.fedoraproject.org)
  114131981 buildArch (apache-ivy-2.5.2-4.fc41.src.rpm, noarch): free
  114131867 buildSRPMFromSCM (/rpms/apache-ivy.git:cd8471851d0fce6475a76a58bc0d370739e3e662): open (buildvm-a64-38.iad2.fedoraproject.org) -> closed
  1 free  1 open  1 done  0 failed
  114131981 buildArch (apache-ivy-2.5.2-4.fc41.src.rpm, noarch): free -> assigned
  114131981 buildArch (apache-ivy-2.5.2-4.fc41.src.rpm, noarch): assigned -> open (buildvm-ppc64le-26.iad2.fedoraproject.org)
  114131981 buildArch (apache-ivy-2.5.2-4.fc41.src.rpm, noarch): open (buildvm-ppc64le-26.iad2.fedoraproject.org) -> closed
  0 free  1 open  2 done  0 failed
  114132054 tagBuild (noarch): free
  114132054 tagBuild (noarch): free -> assigned
  114132054 tagBuild (noarch): assigned -> open (buildvm-a64-22.iad2.fedoraproject.org)
114131790 build (f41-build-side-84507, /rpms/apache-ivy.git:cd8471851d0fce6475a76a58bc0d370739e3e662): open (buildvm-a64-10.iad2.fedoraproject.org) -> closed
  0 free  1 open  3 done  0 failed
  114132054 tagBuild (noarch): open (buildvm-a64-22.iad2.fedoraproject.org) -> closed
  0 free  0 open  4 done  0 failed

114131790 build (f41-build-side-84507, /rpms/apache-ivy.git:cd8471851d0fce6475a76a58bc0d370739e3e662) completed successfully
