Cloning into 'apache-commons-vfs'...
@@@@@@@@@@@@@@@@@@@@@@@@@@@@@@@@@@@@@@@@@@@@@@@@@@@@@@@@@@@
@    WARNING: REMOTE HOST IDENTIFICATION HAS CHANGED!     @
@@@@@@@@@@@@@@@@@@@@@@@@@@@@@@@@@@@@@@@@@@@@@@@@@@@@@@@@@@@
IT IS POSSIBLE THAT SOMEONE IS DOING SOMETHING NASTY!
Someone could be eavesdropping on you right now (man-in-the-middle attack)!
It is also possible that a host key has just been changed.
The fingerprint for the RSA key sent by the remote host is
SHA256:dJN0nFWBcWK7SFs2k0nnsO+XNA9+aEDY4FWO7uhxTN8.
Please contact your system administrator.
Add correct host key in /home/jvanek/.ssh/known_hosts to get rid of this message.
Offending RSA key in /home/jvanek/.ssh/known_hosts:2
Password authentication is disabled to avoid man-in-the-middle attacks.
Keyboard-interactive authentication is disabled to avoid man-in-the-middle attacks.
UpdateHostkeys is disabled because the host key is not trusted.
RPMAutoSpec usage detected, not changing the spec file.
[rawhide 8401bda] Rebuilt for java-25-openjdk as preffered jdk
 1 file changed, 2 insertions(+), 2 deletions(-)
Building apache-commons-vfs-2.9.0-12.fc43 for rawhide
Created task: 135448458
Task info: https://koji.fedoraproject.org/koji/taskinfo?taskID=135448458
Watching tasks (this may be safely interrupted)...
135448458 build (rawhide, /rpms/apache-commons-vfs.git:8401bdae1ca5d73db2e2fe194f4e496d3bbeb90b): free
135448458 build (rawhide, /rpms/apache-commons-vfs.git:8401bdae1ca5d73db2e2fe194f4e496d3bbeb90b): free -> assigned (buildvm-a64-41.rdu3.fedoraproject.org)
135448458 build (rawhide, /rpms/apache-commons-vfs.git:8401bdae1ca5d73db2e2fe194f4e496d3bbeb90b): assigned (buildvm-a64-41.rdu3.fedoraproject.org) -> open (buildvm-a64-41.rdu3.fedoraproject.org)
  135448816 buildSRPMFromSCM (/rpms/apache-commons-vfs.git:8401bdae1ca5d73db2e2fe194f4e496d3bbeb90b): free
  135448816 buildSRPMFromSCM (/rpms/apache-commons-vfs.git:8401bdae1ca5d73db2e2fe194f4e496d3bbeb90b): free -> assigned (buildvm-x86-19.rdu3.fedoraproject.org)
  135448816 buildSRPMFromSCM (/rpms/apache-commons-vfs.git:8401bdae1ca5d73db2e2fe194f4e496d3bbeb90b): assigned (buildvm-x86-19.rdu3.fedoraproject.org) -> open (buildvm-x86-19.rdu3.fedoraproject.org)
  135448816 buildSRPMFromSCM (/rpms/apache-commons-vfs.git:8401bdae1ca5d73db2e2fe194f4e496d3bbeb90b): open (buildvm-x86-19.rdu3.fedoraproject.org) -> closed
  0 free  1 open  1 done  0 failed
  135448927 buildArch (apache-commons-vfs-2.9.0-12.fc43.src.rpm, noarch): free
  135448927 buildArch (apache-commons-vfs-2.9.0-12.fc43.src.rpm, noarch): free -> open (buildvm-s390x-15.s390.fedoraproject.org)
  135448927 buildArch (apache-commons-vfs-2.9.0-12.fc43.src.rpm, noarch): open (buildvm-s390x-15.s390.fedoraproject.org) -> closed
  0 free  1 open  2 done  0 failed
  135453470 tagBuild (noarch): free
  135453470 tagBuild (noarch): free -> closed
  0 free  1 open  3 done  0 failed
135448458 build (rawhide, /rpms/apache-commons-vfs.git:8401bdae1ca5d73db2e2fe194f4e496d3bbeb90b): open (buildvm-a64-41.rdu3.fedoraproject.org) -> closed
  0 free  0 open  4 done  0 failed

135448458 build (rawhide, /rpms/apache-commons-vfs.git:8401bdae1ca5d73db2e2fe194f4e496d3bbeb90b) completed successfully
