Cloning into 'apache-sshd'...
@@@@@@@@@@@@@@@@@@@@@@@@@@@@@@@@@@@@@@@@@@@@@@@@@@@@@@@@@@@
@    WARNING: REMOTE HOST IDENTIFICATION HAS CHANGED!     @
@@@@@@@@@@@@@@@@@@@@@@@@@@@@@@@@@@@@@@@@@@@@@@@@@@@@@@@@@@@
IT IS POSSIBLE THAT SOMEONE IS DOING SOMETHING NASTY!
Someone could be eavesdropping on you right now (man-in-the-middle attack)!
It is also possible that a host key has just been changed.
The fingerprint for the RSA key sent by the remote host is
SHA256:dJN0nFWBcWK7SFs2k0nnsO+XNA9+aEDY4FWO7uhxTN8.
Please contact your system administrator.
Add correct host key in /home/jvanek/.ssh/known_hosts to get rid of this message.
Offending RSA key in /home/jvanek/.ssh/known_hosts:2
Password authentication is disabled to avoid man-in-the-middle attacks.
Keyboard-interactive authentication is disabled to avoid man-in-the-middle attacks.
UpdateHostkeys is disabled because the host key is not trusted.
[rawhide 7d331bb] Rrevert to jdk21
 1 file changed, 5 insertions(+), 2 deletions(-)
Building apache-sshd-2.11.0-7.fc43 for rawhide
Created task: 135483159
Task info: https://koji.fedoraproject.org/koji/taskinfo?taskID=135483159
Watching tasks (this may be safely interrupted)...
135483159 build (rawhide, /rpms/apache-sshd.git:7d331bbfc695a430f36ed29a212394444e515a0a): free
135483159 build (rawhide, /rpms/apache-sshd.git:7d331bbfc695a430f36ed29a212394444e515a0a): free -> open (buildvm-a64-04.rdu3.fedoraproject.org)
  135483171 buildSRPMFromSCM (/rpms/apache-sshd.git:7d331bbfc695a430f36ed29a212394444e515a0a): free
  135483171 buildSRPMFromSCM (/rpms/apache-sshd.git:7d331bbfc695a430f36ed29a212394444e515a0a): free -> assigned (buildvm-a64-44.rdu3.fedoraproject.org)
  135483171 buildSRPMFromSCM (/rpms/apache-sshd.git:7d331bbfc695a430f36ed29a212394444e515a0a): assigned (buildvm-a64-44.rdu3.fedoraproject.org) -> open (buildvm-a64-44.rdu3.fedoraproject.org)
  135483171 buildSRPMFromSCM (/rpms/apache-sshd.git:7d331bbfc695a430f36ed29a212394444e515a0a): open (buildvm-a64-44.rdu3.fedoraproject.org) -> closed
  0 free  1 open  1 done  0 failed
  135483275 buildArch (apache-sshd-2.11.0-7.fc43.src.rpm, noarch): free
  135483275 buildArch (apache-sshd-2.11.0-7.fc43.src.rpm, noarch): free -> assigned (buildhw-x86-02.rdu3.fedoraproject.org)
  135483275 buildArch (apache-sshd-2.11.0-7.fc43.src.rpm, noarch): assigned (buildhw-x86-02.rdu3.fedoraproject.org) -> open (buildhw-x86-02.rdu3.fedoraproject.org)
135483159 build (rawhide, /rpms/apache-sshd.git:7d331bbfc695a430f36ed29a212394444e515a0a): open (buildvm-a64-04.rdu3.fedoraproject.org) -> FAILED: BuildError: error building package (arch noarch), mock exited with status 1; see build.log or root.log for more information
  0 free  1 open  1 done  1 failed
  135483275 buildArch (apache-sshd-2.11.0-7.fc43.src.rpm, noarch): open (buildhw-x86-02.rdu3.fedoraproject.org) -> FAILED: BuildError: error building package (arch noarch), mock exited with status 1; see build.log or root.log for more information
  Relevant logs:
  https://kojipkgs.fedoraproject.org/work/tasks/3275/135483275/mock_config.log
  https://kojipkgs.fedoraproject.org/work/tasks/3275/135483275/state.log
  https://kojipkgs.fedoraproject.org/work/tasks/3275/135483275/build.log
  https://kojipkgs.fedoraproject.org/work/tasks/3275/135483275/root.log
  https://kojipkgs.fedoraproject.org/work/tasks/3275/135483275/mock_output.log
  https://kojipkgs.fedoraproject.org/work/tasks/3275/135483275/hw_info.log
  https://kojipkgs.fedoraproject.org/work/tasks/3275/135483275/dnf5.log
  0 free  0 open  1 done  2 failed

135483159 build (rawhide, /rpms/apache-sshd.git:7d331bbfc695a430f36ed29a212394444e515a0a) failed
