Cloning into 'apache-commons-jxpath'...
[rawhide b94f06f] Rebuilt for java-21-openjdk as system jdk
 1 file changed, 4 insertions(+), 1 deletion(-)
Found a gating.yaml file in the repo and it is properly configured
warning: %patchN is deprecated (1 usages found), use %patch N (or %patch -P N)

Building apache-commons-jxpath-1.3-52.fc41 for f41-build-side-84507
Created task: 114131519
Task info: https://koji.fedoraproject.org/koji/taskinfo?taskID=114131519
Watching tasks (this may be safely interrupted)...
114131519 build (f41-build-side-84507, /rpms/apache-commons-jxpath.git:b94f06f60b36157343c219ac1677c1574109abac): free
114131519 build (f41-build-side-84507, /rpms/apache-commons-jxpath.git:b94f06f60b36157343c219ac1677c1574109abac): free -> assigned
114131519 build (f41-build-side-84507, /rpms/apache-commons-jxpath.git:b94f06f60b36157343c219ac1677c1574109abac): assigned -> open (buildvm-s390x-09.s390.fedoraproject.org)
  114131533 buildSRPMFromSCM (/rpms/apache-commons-jxpath.git:b94f06f60b36157343c219ac1677c1574109abac): free
  114131533 buildSRPMFromSCM (/rpms/apache-commons-jxpath.git:b94f06f60b36157343c219ac1677c1574109abac): free -> assigned
  114131533 buildSRPMFromSCM (/rpms/apache-commons-jxpath.git:b94f06f60b36157343c219ac1677c1574109abac): assigned -> open (buildvm-a64-21.iad2.fedoraproject.org)
  114131616 buildArch (apache-commons-jxpath-1.3-52.fc41.src.rpm, noarch): free
  114131533 buildSRPMFromSCM (/rpms/apache-commons-jxpath.git:b94f06f60b36157343c219ac1677c1574109abac): open (buildvm-a64-21.iad2.fedoraproject.org) -> closed
  1 free  1 open  1 done  0 failed
  114131616 buildArch (apache-commons-jxpath-1.3-52.fc41.src.rpm, noarch): free -> assigned
  114131616 buildArch (apache-commons-jxpath-1.3-52.fc41.src.rpm, noarch): assigned -> open (buildhw-x86-01.iad2.fedoraproject.org)
  114131616 buildArch (apache-commons-jxpath-1.3-52.fc41.src.rpm, noarch): open (buildhw-x86-01.iad2.fedoraproject.org) -> closed
  0 free  1 open  2 done  0 failed
  114131746 tagBuild (noarch): free
  114131746 tagBuild (noarch): free -> closed
  0 free  1 open  3 done  0 failed
114131519 build (f41-build-side-84507, /rpms/apache-commons-jxpath.git:b94f06f60b36157343c219ac1677c1574109abac): open (buildvm-s390x-09.s390.fedoraproject.org) -> closed
  0 free  0 open  4 done  0 failed

114131519 build (f41-build-side-84507, /rpms/apache-commons-jxpath.git:b94f06f60b36157343c219ac1677c1574109abac) completed successfully
