Cloning into 'apache-commons-fileupload'...
[rawhide d315655] Rebuilt for java-17-openjdk as system jdk
 1 file changed, 4 insertions(+), 1 deletion(-)
Building apache-commons-fileupload-1.4-9.fc36 for f36-java17
Created task: 82423307
Task info: https://koji.fedoraproject.org/koji/taskinfo?taskID=82423307
Watching tasks (this may be safely interrupted)...
82423307 build (f36-java17, /rpms/apache-commons-fileupload.git:d31565585c5a6cec7a47dd13ad189564389cb667): free
82423307 build (f36-java17, /rpms/apache-commons-fileupload.git:d31565585c5a6cec7a47dd13ad189564389cb667): free -> open (buildvm-ppc64le-35.iad2.fedoraproject.org)
  82423308 buildSRPMFromSCM (/rpms/apache-commons-fileupload.git:d31565585c5a6cec7a47dd13ad189564389cb667): open (buildvm-ppc64le-15.iad2.fedoraproject.org)
  82423308 buildSRPMFromSCM (/rpms/apache-commons-fileupload.git:d31565585c5a6cec7a47dd13ad189564389cb667): open (buildvm-ppc64le-15.iad2.fedoraproject.org) -> closed
  0 free  1 open  1 done  0 failed
  82423359 buildArch (apache-commons-fileupload-1.4-9.fc36.src.rpm, noarch): open (buildvm-x86-18.iad2.fedoraproject.org)
  82423359 buildArch (apache-commons-fileupload-1.4-9.fc36.src.rpm, noarch): open (buildvm-x86-18.iad2.fedoraproject.org) -> FAILED: BuildError: error building package (arch noarch), mock exited with status 1; see build.log or root.log for more information
  Relevant logs:
  https://kojipkgs.fedoraproject.org/work/tasks/3359/82423359/mock_output.log
  https://kojipkgs.fedoraproject.org/work/tasks/3359/82423359/hw_info.log
  https://kojipkgs.fedoraproject.org/work/tasks/3359/82423359/state.log
  https://kojipkgs.fedoraproject.org/work/tasks/3359/82423359/build.log
  https://kojipkgs.fedoraproject.org/work/tasks/3359/82423359/root.log
  0 free  1 open  1 done  1 failed
82423307 build (f36-java17, /rpms/apache-commons-fileupload.git:d31565585c5a6cec7a47dd13ad189564389cb667): open (buildvm-ppc64le-35.iad2.fedoraproject.org) -> FAILED: BuildError: error building package (arch noarch), mock exited with status 1; see build.log or root.log for more information
  0 free  0 open  1 done  2 failed

82423307 build (f36-java17, /rpms/apache-commons-fileupload.git:d31565585c5a6cec7a47dd13ad189564389cb667) failed
