Cloning into 'apache-commons-exec'...
@@@@@@@@@@@@@@@@@@@@@@@@@@@@@@@@@@@@@@@@@@@@@@@@@@@@@@@@@@@
@    WARNING: REMOTE HOST IDENTIFICATION HAS CHANGED!     @
@@@@@@@@@@@@@@@@@@@@@@@@@@@@@@@@@@@@@@@@@@@@@@@@@@@@@@@@@@@
IT IS POSSIBLE THAT SOMEONE IS DOING SOMETHING NASTY!
Someone could be eavesdropping on you right now (man-in-the-middle attack)!
It is also possible that a host key has just been changed.
The fingerprint for the RSA key sent by the remote host is
SHA256:dJN0nFWBcWK7SFs2k0nnsO+XNA9+aEDY4FWO7uhxTN8.
Please contact your system administrator.
Add correct host key in /home/jvanek/.ssh/known_hosts to get rid of this message.
Offending RSA key in /home/jvanek/.ssh/known_hosts:2
Password authentication is disabled to avoid man-in-the-middle attacks.
Keyboard-interactive authentication is disabled to avoid man-in-the-middle attacks.
UpdateHostkeys is disabled because the host key is not trusted.
[rawhide f59af93] Rebuilt for java-25-openjdk as preffered jdk
 1 file changed, 5 insertions(+), 2 deletions(-)
Building apache-commons-exec-1.5.0-3.fc43 for rawhide
Created task: 135446216
Task info: https://koji.fedoraproject.org/koji/taskinfo?taskID=135446216
Watching tasks (this may be safely interrupted)...
135446216 build (rawhide, /rpms/apache-commons-exec.git:f59af93e5f1d091536f4c76ec268fa14a3b369df): free
135446216 build (rawhide, /rpms/apache-commons-exec.git:f59af93e5f1d091536f4c76ec268fa14a3b369df): free -> open (buildvm-x86-07.rdu3.fedoraproject.org)
  135448723 buildSRPMFromSCM (/rpms/apache-commons-exec.git:f59af93e5f1d091536f4c76ec268fa14a3b369df): free
  135448723 buildSRPMFromSCM (/rpms/apache-commons-exec.git:f59af93e5f1d091536f4c76ec268fa14a3b369df): free -> assigned (buildhw-x86-03.rdu3.fedoraproject.org)
  135448723 buildSRPMFromSCM (/rpms/apache-commons-exec.git:f59af93e5f1d091536f4c76ec268fa14a3b369df): assigned (buildhw-x86-03.rdu3.fedoraproject.org) -> open (buildhw-x86-03.rdu3.fedoraproject.org)
  135448723 buildSRPMFromSCM (/rpms/apache-commons-exec.git:f59af93e5f1d091536f4c76ec268fa14a3b369df): open (buildhw-x86-03.rdu3.fedoraproject.org) -> closed
  0 free  1 open  1 done  0 failed
  135448835 buildArch (apache-commons-exec-1.5.0-3.fc43.src.rpm, noarch): free
  135448835 buildArch (apache-commons-exec-1.5.0-3.fc43.src.rpm, noarch): free -> assigned (buildvm-a64-22.rdu3.fedoraproject.org)
  135448835 buildArch (apache-commons-exec-1.5.0-3.fc43.src.rpm, noarch): assigned (buildvm-a64-22.rdu3.fedoraproject.org) -> open (buildvm-a64-22.rdu3.fedoraproject.org)
  135449038 tagBuild (noarch): free
  135448835 buildArch (apache-commons-exec-1.5.0-3.fc43.src.rpm, noarch): open (buildvm-a64-22.rdu3.fedoraproject.org) -> closed
  1 free  1 open  2 done  0 failed
  135449038 tagBuild (noarch): free -> assigned (buildvm-a64-47.rdu3.fedoraproject.org)
135446216 build (rawhide, /rpms/apache-commons-exec.git:f59af93e5f1d091536f4c76ec268fa14a3b369df): open (buildvm-x86-07.rdu3.fedoraproject.org) -> closed
  0 free  1 open  3 done  0 failed
  135449038 tagBuild (noarch): assigned (buildvm-a64-47.rdu3.fedoraproject.org) -> closed
  0 free  0 open  4 done  0 failed

135446216 build (rawhide, /rpms/apache-commons-exec.git:f59af93e5f1d091536f4c76ec268fa14a3b369df) completed successfully
