Cloning into 'apache-commons-io'...
@@@@@@@@@@@@@@@@@@@@@@@@@@@@@@@@@@@@@@@@@@@@@@@@@@@@@@@@@@@
@    WARNING: REMOTE HOST IDENTIFICATION HAS CHANGED!     @
@@@@@@@@@@@@@@@@@@@@@@@@@@@@@@@@@@@@@@@@@@@@@@@@@@@@@@@@@@@
IT IS POSSIBLE THAT SOMEONE IS DOING SOMETHING NASTY!
Someone could be eavesdropping on you right now (man-in-the-middle attack)!
It is also possible that a host key has just been changed.
The fingerprint for the RSA key sent by the remote host is
SHA256:dJN0nFWBcWK7SFs2k0nnsO+XNA9+aEDY4FWO7uhxTN8.
Please contact your system administrator.
Add correct host key in /home/jvanek/.ssh/known_hosts to get rid of this message.
Offending RSA key in /home/jvanek/.ssh/known_hosts:2
Password authentication is disabled to avoid man-in-the-middle attacks.
Keyboard-interactive authentication is disabled to avoid man-in-the-middle attacks.
UpdateHostkeys is disabled because the host key is not trusted.
RPMAutoSpec usage detected, not changing the spec file.
[rawhide 7359d76] Rebuilt for java-25-openjdk as preffered jdk
Found a gating.yaml file in the repo and it is properly configured
Building apache-commons-io-2.19.0-3.fc43 for rawhide
Created task: 135446228
Task info: https://koji.fedoraproject.org/koji/taskinfo?taskID=135446228
Watching tasks (this may be safely interrupted)...
135446228 build (rawhide, /rpms/apache-commons-io.git:7359d76c9c56c09cf645c467e4b0eaef5c470081): free
135446228 build (rawhide, /rpms/apache-commons-io.git:7359d76c9c56c09cf645c467e4b0eaef5c470081): free -> assigned (buildvm-x86-24.rdu3.fedoraproject.org)
135446228 build (rawhide, /rpms/apache-commons-io.git:7359d76c9c56c09cf645c467e4b0eaef5c470081): assigned (buildvm-x86-24.rdu3.fedoraproject.org) -> open (buildvm-x86-24.rdu3.fedoraproject.org)
  135448758 buildSRPMFromSCM (/rpms/apache-commons-io.git:7359d76c9c56c09cf645c467e4b0eaef5c470081): free
  135448758 buildSRPMFromSCM (/rpms/apache-commons-io.git:7359d76c9c56c09cf645c467e4b0eaef5c470081): free -> assigned (buildvm-ppc64le-08.rdu3.fedoraproject.org)
  135448758 buildSRPMFromSCM (/rpms/apache-commons-io.git:7359d76c9c56c09cf645c467e4b0eaef5c470081): assigned (buildvm-ppc64le-08.rdu3.fedoraproject.org) -> open (buildvm-ppc64le-08.rdu3.fedoraproject.org)
  135448758 buildSRPMFromSCM (/rpms/apache-commons-io.git:7359d76c9c56c09cf645c467e4b0eaef5c470081): open (buildvm-ppc64le-08.rdu3.fedoraproject.org) -> closed
  0 free  1 open  1 done  0 failed
  135450676 buildArch (apache-commons-io-2.19.0-3.fc43.src.rpm, noarch): free
  135450676 buildArch (apache-commons-io-2.19.0-3.fc43.src.rpm, noarch): free -> assigned (buildvm-s390x-15.s390.fedoraproject.org)
  135450676 buildArch (apache-commons-io-2.19.0-3.fc43.src.rpm, noarch): assigned (buildvm-s390x-15.s390.fedoraproject.org) -> open (buildvm-s390x-15.s390.fedoraproject.org)
  135450676 buildArch (apache-commons-io-2.19.0-3.fc43.src.rpm, noarch): open (buildvm-s390x-15.s390.fedoraproject.org) -> closed
  0 free  1 open  2 done  0 failed
  135454362 tagBuild (noarch): free
  135454362 tagBuild (noarch): free -> assigned (buildvm-ppc64le-09.rdu3.fedoraproject.org)
  135454362 tagBuild (noarch): assigned (buildvm-ppc64le-09.rdu3.fedoraproject.org) -> closed
  0 free  1 open  3 done  0 failed
135446228 build (rawhide, /rpms/apache-commons-io.git:7359d76c9c56c09cf645c467e4b0eaef5c470081): open (buildvm-x86-24.rdu3.fedoraproject.org) -> closed
  0 free  0 open  4 done  0 failed

135446228 build (rawhide, /rpms/apache-commons-io.git:7359d76c9c56c09cf645c467e4b0eaef5c470081) completed successfully
