Cloning into 'apache-commons-collections'...
[rawhide 2f8d5d5] Rebuilt for java-21-openjdk as system jdk
 1 file changed, 4 insertions(+), 1 deletion(-)
Found a gating.yaml file in the repo and it is properly configured
Building apache-commons-collections-3.2.2-36.fc41 for f41-build-side-84507
Created task: 114131239
Task info: https://koji.fedoraproject.org/koji/taskinfo?taskID=114131239
Watching tasks (this may be safely interrupted)...
114131239 build (f41-build-side-84507, /rpms/apache-commons-collections.git:2f8d5d52bea7942b81f2c233d04d5982146a7a3c): free
114131239 build (f41-build-side-84507, /rpms/apache-commons-collections.git:2f8d5d52bea7942b81f2c233d04d5982146a7a3c): free -> assigned
114131239 build (f41-build-side-84507, /rpms/apache-commons-collections.git:2f8d5d52bea7942b81f2c233d04d5982146a7a3c): assigned -> open (buildvm-a64-38.iad2.fedoraproject.org)
  114131264 buildSRPMFromSCM (/rpms/apache-commons-collections.git:2f8d5d52bea7942b81f2c233d04d5982146a7a3c): free
  114131264 buildSRPMFromSCM (/rpms/apache-commons-collections.git:2f8d5d52bea7942b81f2c233d04d5982146a7a3c): free -> assigned
  114131264 buildSRPMFromSCM (/rpms/apache-commons-collections.git:2f8d5d52bea7942b81f2c233d04d5982146a7a3c): assigned -> open (buildvm-x86-23.iad2.fedoraproject.org)
  114131264 buildSRPMFromSCM (/rpms/apache-commons-collections.git:2f8d5d52bea7942b81f2c233d04d5982146a7a3c): open (buildvm-x86-23.iad2.fedoraproject.org) -> closed
  0 free  1 open  1 done  0 failed
  114131497 buildArch (apache-commons-collections-3.2.2-36.fc41.src.rpm, noarch): free
  114131497 buildArch (apache-commons-collections-3.2.2-36.fc41.src.rpm, noarch): free -> assigned
  114131497 buildArch (apache-commons-collections-3.2.2-36.fc41.src.rpm, noarch): assigned -> open (buildhw-a64-19.iad2.fedoraproject.org)
  114131497 buildArch (apache-commons-collections-3.2.2-36.fc41.src.rpm, noarch): open (buildhw-a64-19.iad2.fedoraproject.org) -> closed
  0 free  1 open  2 done  0 failed
  114131608 tagBuild (noarch): free
  114131608 tagBuild (noarch): free -> assigned
  114131608 tagBuild (noarch): assigned -> closed
  0 free  1 open  3 done  0 failed
114131239 build (f41-build-side-84507, /rpms/apache-commons-collections.git:2f8d5d52bea7942b81f2c233d04d5982146a7a3c): open (buildvm-a64-38.iad2.fedoraproject.org) -> closed
  0 free  0 open  4 done  0 failed

114131239 build (f41-build-side-84507, /rpms/apache-commons-collections.git:2f8d5d52bea7942b81f2c233d04d5982146a7a3c) completed successfully
