Cloning into 'apache-resource-bundles'...
@@@@@@@@@@@@@@@@@@@@@@@@@@@@@@@@@@@@@@@@@@@@@@@@@@@@@@@@@@@
@    WARNING: REMOTE HOST IDENTIFICATION HAS CHANGED!     @
@@@@@@@@@@@@@@@@@@@@@@@@@@@@@@@@@@@@@@@@@@@@@@@@@@@@@@@@@@@
IT IS POSSIBLE THAT SOMEONE IS DOING SOMETHING NASTY!
Someone could be eavesdropping on you right now (man-in-the-middle attack)!
It is also possible that a host key has just been changed.
The fingerprint for the RSA key sent by the remote host is
SHA256:dJN0nFWBcWK7SFs2k0nnsO+XNA9+aEDY4FWO7uhxTN8.
Please contact your system administrator.
Add correct host key in /home/jvanek/.ssh/known_hosts to get rid of this message.
Offending RSA key in /home/jvanek/.ssh/known_hosts:2
Password authentication is disabled to avoid man-in-the-middle attacks.
Keyboard-interactive authentication is disabled to avoid man-in-the-middle attacks.
UpdateHostkeys is disabled because the host key is not trusted.
RPMAutoSpec usage detected, not changing the spec file.
[rawhide 461fc31] Rebuilt for java-25-openjdk as preffered jdk
Found a gating.yaml file in the repo and it is properly configured
Building apache-resource-bundles-1.5-26.fc43 for rawhide
Created task: 135448692
Task info: https://koji.fedoraproject.org/koji/taskinfo?taskID=135448692
Watching tasks (this may be safely interrupted)...
135448692 build (rawhide, /rpms/apache-resource-bundles.git:461fc3109869601ab916b69cb31657516d02a9a3): free
135448692 build (rawhide, /rpms/apache-resource-bundles.git:461fc3109869601ab916b69cb31657516d02a9a3): free -> open (buildvm-x86-27.rdu3.fedoraproject.org)
  135448786 buildSRPMFromSCM (/rpms/apache-resource-bundles.git:461fc3109869601ab916b69cb31657516d02a9a3): free

build (rawhide, /rpms/) completed successfully
