Cloning into 'apache-commons-text'...
[rawhide 77fe040] Rebuilt for java-21-openjdk as system jdk
 1 file changed, 4 insertions(+), 1 deletion(-)
Building apache-commons-text-1.10.0-6.fc41 for f41-build-side-84507
Created task: 114131718
Task info: https://koji.fedoraproject.org/koji/taskinfo?taskID=114131718
Watching tasks (this may be safely interrupted)...
114131718 build (f41-build-side-84507, /rpms/apache-commons-text.git:77fe04070daabbaf866886c111c27c56617972e0): free
114131718 build (f41-build-side-84507, /rpms/apache-commons-text.git:77fe04070daabbaf866886c111c27c56617972e0): free -> assigned
114131718 build (f41-build-side-84507, /rpms/apache-commons-text.git:77fe04070daabbaf866886c111c27c56617972e0): assigned -> open (buildvm-x86-23.iad2.fedoraproject.org)
  114131769 buildSRPMFromSCM (/rpms/apache-commons-text.git:77fe04070daabbaf866886c111c27c56617972e0): free
  114131769 buildSRPMFromSCM (/rpms/apache-commons-text.git:77fe04070daabbaf866886c111c27c56617972e0): free -> assigned
  114131769 buildSRPMFromSCM (/rpms/apache-commons-text.git:77fe04070daabbaf866886c111c27c56617972e0): assigned -> open (buildvm-x86-24.iad2.fedoraproject.org)
  114131885 buildArch (apache-commons-text-1.10.0-6.fc41.src.rpm, noarch): free
  114131769 buildSRPMFromSCM (/rpms/apache-commons-text.git:77fe04070daabbaf866886c111c27c56617972e0): open (buildvm-x86-24.iad2.fedoraproject.org) -> closed
  1 free  1 open  1 done  0 failed
  114131885 buildArch (apache-commons-text-1.10.0-6.fc41.src.rpm, noarch): free -> open (buildvm-a64-06.iad2.fedoraproject.org)
  114131998 tagBuild (noarch): free
  114131885 buildArch (apache-commons-text-1.10.0-6.fc41.src.rpm, noarch): open (buildvm-a64-06.iad2.fedoraproject.org) -> closed
  1 free  1 open  2 done  0 failed
  114131998 tagBuild (noarch): free -> assigned
  114131998 tagBuild (noarch): assigned -> closed
  0 free  1 open  3 done  0 failed
114131718 build (f41-build-side-84507, /rpms/apache-commons-text.git:77fe04070daabbaf866886c111c27c56617972e0): open (buildvm-x86-23.iad2.fedoraproject.org) -> closed
  0 free  0 open  4 done  0 failed

114131718 build (f41-build-side-84507, /rpms/apache-commons-text.git:77fe04070daabbaf866886c111c27c56617972e0) completed successfully
