Cloning into 'apache-commons-modeler'...
[rawhide a75c26d] Rebuilt for java-21-openjdk as system jdk
 1 file changed, 4 insertions(+), 1 deletion(-)
Building apache-commons-modeler-2.0.1-40.fc41 for f41-build-side-84507
Created task: 114131611
Task info: https://koji.fedoraproject.org/koji/taskinfo?taskID=114131611
Watching tasks (this may be safely interrupted)...
114131611 build (f41-build-side-84507, /rpms/apache-commons-modeler.git:a75c26dfb89e1965669b073e0e7d4796b7cba7b5): free
114131611 build (f41-build-side-84507, /rpms/apache-commons-modeler.git:a75c26dfb89e1965669b073e0e7d4796b7cba7b5): free -> open (buildhw-a64-20.iad2.fedoraproject.org)
  114131618 buildSRPMFromSCM (/rpms/apache-commons-modeler.git:a75c26dfb89e1965669b073e0e7d4796b7cba7b5): free
  114131618 buildSRPMFromSCM (/rpms/apache-commons-modeler.git:a75c26dfb89e1965669b073e0e7d4796b7cba7b5): free -> assigned
  114131618 buildSRPMFromSCM (/rpms/apache-commons-modeler.git:a75c26dfb89e1965669b073e0e7d4796b7cba7b5): assigned -> open (buildvm-a64-38.iad2.fedoraproject.org)
  114131618 buildSRPMFromSCM (/rpms/apache-commons-modeler.git:a75c26dfb89e1965669b073e0e7d4796b7cba7b5): open (buildvm-a64-38.iad2.fedoraproject.org) -> closed
  0 free  1 open  1 done  0 failed
  114131710 buildArch (apache-commons-modeler-2.0.1-40.fc41.src.rpm, noarch): free
  114131710 buildArch (apache-commons-modeler-2.0.1-40.fc41.src.rpm, noarch): free -> assigned
  114131710 buildArch (apache-commons-modeler-2.0.1-40.fc41.src.rpm, noarch): assigned -> open (buildvm-x86-16.iad2.fedoraproject.org)
  114131710 buildArch (apache-commons-modeler-2.0.1-40.fc41.src.rpm, noarch): open (buildvm-x86-16.iad2.fedoraproject.org) -> closed
  0 free  1 open  2 done  0 failed
  114131872 tagBuild (noarch): free
  114131872 tagBuild (noarch): free -> closed
  0 free  1 open  3 done  0 failed
114131611 build (f41-build-side-84507, /rpms/apache-commons-modeler.git:a75c26dfb89e1965669b073e0e7d4796b7cba7b5): open (buildhw-a64-20.iad2.fedoraproject.org) -> closed
  0 free  0 open  4 done  0 failed

114131611 build (f41-build-side-84507, /rpms/apache-commons-modeler.git:a75c26dfb89e1965669b073e0e7d4796b7cba7b5) completed successfully
