Cloning into 'apache-commons-compress'...
[rawhide a00edf1] Rebuilt for java-21-openjdk as system jdk
 1 file changed, 4 insertions(+), 1 deletion(-)
Found a gating.yaml file in the repo and it is properly configured
Building apache-commons-compress-1.25.0-5.fc41 for f41-build-side-84507
Created task: 114131308
Task info: https://koji.fedoraproject.org/koji/taskinfo?taskID=114131308
Watching tasks (this may be safely interrupted)...
114131308 build (f41-build-side-84507, /rpms/apache-commons-compress.git:a00edf10bc7080270f15f943cbd26afda39eb33a): free
114131308 build (f41-build-side-84507, /rpms/apache-commons-compress.git:a00edf10bc7080270f15f943cbd26afda39eb33a): free -> assigned
114131308 build (f41-build-side-84507, /rpms/apache-commons-compress.git:a00edf10bc7080270f15f943cbd26afda39eb33a): assigned -> open (buildvm-x86-28.iad2.fedoraproject.org)
  114131329 buildSRPMFromSCM (/rpms/apache-commons-compress.git:a00edf10bc7080270f15f943cbd26afda39eb33a): free
  114131329 buildSRPMFromSCM (/rpms/apache-commons-compress.git:a00edf10bc7080270f15f943cbd26afda39eb33a): free -> assigned
  114131329 buildSRPMFromSCM (/rpms/apache-commons-compress.git:a00edf10bc7080270f15f943cbd26afda39eb33a): assigned -> open (buildvm-x86-17.iad2.fedoraproject.org)
  114131329 buildSRPMFromSCM (/rpms/apache-commons-compress.git:a00edf10bc7080270f15f943cbd26afda39eb33a): open (buildvm-x86-17.iad2.fedoraproject.org) -> closed
  0 free  1 open  1 done  0 failed
  114131520 buildArch (apache-commons-compress-1.25.0-5.fc41.src.rpm, noarch): free
  114131520 buildArch (apache-commons-compress-1.25.0-5.fc41.src.rpm, noarch): free -> assigned
  114131520 buildArch (apache-commons-compress-1.25.0-5.fc41.src.rpm, noarch): assigned -> open (buildvm-s390x-08.s390.fedoraproject.org)
  114131520 buildArch (apache-commons-compress-1.25.0-5.fc41.src.rpm, noarch): open (buildvm-s390x-08.s390.fedoraproject.org) -> closed
  0 free  1 open  2 done  0 failed
  114131607 tagBuild (noarch): free
114131308 build (f41-build-side-84507, /rpms/apache-commons-compress.git:a00edf10bc7080270f15f943cbd26afda39eb33a): open (buildvm-x86-28.iad2.fedoraproject.org) -> closed
  1 free  0 open  3 done  0 failed
  114131607 tagBuild (noarch): free -> closed
  0 free  0 open  4 done  0 failed

114131308 build (f41-build-side-84507, /rpms/apache-commons-compress.git:a00edf10bc7080270f15f943cbd26afda39eb33a) completed successfully
