Cloning into 'apache-commons-logging'...
[rawhide 48fadbe] Rebuilt for java-21-openjdk as system jdk
 1 file changed, 4 insertions(+), 1 deletion(-)
Found a gating.yaml file in the repo and it is properly configured
Building apache-commons-logging-1.3.0-5.fc41 for f41-build-side-84507
Created task: 114131539
Task info: https://koji.fedoraproject.org/koji/taskinfo?taskID=114131539
Watching tasks (this may be safely interrupted)...
114131539 build (f41-build-side-84507, /rpms/apache-commons-logging.git:48fadbee1bbd2c507570bd09107906fb9893ff8d): free
114131539 build (f41-build-side-84507, /rpms/apache-commons-logging.git:48fadbee1bbd2c507570bd09107906fb9893ff8d): free -> assigned
114131539 build (f41-build-side-84507, /rpms/apache-commons-logging.git:48fadbee1bbd2c507570bd09107906fb9893ff8d): assigned -> open (buildhw-x86-16.iad2.fedoraproject.org)
  114131559 buildSRPMFromSCM (/rpms/apache-commons-logging.git:48fadbee1bbd2c507570bd09107906fb9893ff8d): free
  114131559 buildSRPMFromSCM (/rpms/apache-commons-logging.git:48fadbee1bbd2c507570bd09107906fb9893ff8d): free -> assigned
  114131559 buildSRPMFromSCM (/rpms/apache-commons-logging.git:48fadbee1bbd2c507570bd09107906fb9893ff8d): assigned -> open (buildvm-a64-10.iad2.fedoraproject.org)
  114131559 buildSRPMFromSCM (/rpms/apache-commons-logging.git:48fadbee1bbd2c507570bd09107906fb9893ff8d): open (buildvm-a64-10.iad2.fedoraproject.org) -> closed
  0 free  1 open  1 done  0 failed
  114131652 buildArch (apache-commons-logging-1.3.0-5.fc41.src.rpm, noarch): assigned
  114131652 buildArch (apache-commons-logging-1.3.0-5.fc41.src.rpm, noarch): assigned -> open (buildvm-s390x-10.s390.fedoraproject.org)
  114131652 buildArch (apache-commons-logging-1.3.0-5.fc41.src.rpm, noarch): open (buildvm-s390x-10.s390.fedoraproject.org) -> closed
  0 free  1 open  2 done  0 failed
  114131714 tagBuild (noarch): free
  114131714 tagBuild (noarch): free -> assigned
114131539 build (f41-build-side-84507, /rpms/apache-commons-logging.git:48fadbee1bbd2c507570bd09107906fb9893ff8d): open (buildhw-x86-16.iad2.fedoraproject.org) -> closed
  0 free  1 open  3 done  0 failed
  114131714 tagBuild (noarch): assigned -> closed
  0 free  0 open  4 done  0 failed

114131539 build (f41-build-side-84507, /rpms/apache-commons-logging.git:48fadbee1bbd2c507570bd09107906fb9893ff8d) completed successfully
