Cloning into 'apache-commons-collections4'...
[rawhide 23740d2] Rebuilt for java-17-openjdk as system jdk
 1 file changed, 4 insertions(+), 1 deletion(-)
Building apache-commons-collections4-4.4-8.fc36 for f36-java17
Created task: 82423275
Task info: https://koji.fedoraproject.org/koji/taskinfo?taskID=82423275
Watching tasks (this may be safely interrupted)...
82423275 build (f36-java17, /rpms/apache-commons-collections4.git:23740d258a3065c4ef82bc53c45545b0bfe8e50c): free
82423275 build (f36-java17, /rpms/apache-commons-collections4.git:23740d258a3065c4ef82bc53c45545b0bfe8e50c): free -> open (buildvm-ppc64le-21.iad2.fedoraproject.org)
  82423276 buildSRPMFromSCM (/rpms/apache-commons-collections4.git:23740d258a3065c4ef82bc53c45545b0bfe8e50c): open (buildvm-ppc64le-35.iad2.fedoraproject.org)
  82423303 buildArch (apache-commons-collections4-4.4-8.fc36.src.rpm, noarch): free
  82423276 buildSRPMFromSCM (/rpms/apache-commons-collections4.git:23740d258a3065c4ef82bc53c45545b0bfe8e50c): open (buildvm-ppc64le-35.iad2.fedoraproject.org) -> closed
  1 free  1 open  1 done  0 failed
  82423303 buildArch (apache-commons-collections4-4.4-8.fc36.src.rpm, noarch): free -> open (buildvm-x86-15.iad2.fedoraproject.org)
  82423303 buildArch (apache-commons-collections4-4.4-8.fc36.src.rpm, noarch): open (buildvm-x86-15.iad2.fedoraproject.org) -> closed
  0 free  1 open  2 done  0 failed
  82423352 tagBuild (noarch): closed
82423275 build (f36-java17, /rpms/apache-commons-collections4.git:23740d258a3065c4ef82bc53c45545b0bfe8e50c): open (buildvm-ppc64le-21.iad2.fedoraproject.org) -> closed
  0 free  0 open  4 done  0 failed

82423275 build (f36-java17, /rpms/apache-commons-collections4.git:23740d258a3065c4ef82bc53c45545b0bfe8e50c) completed successfully
