Cloning into 'apron'...
@@@@@@@@@@@@@@@@@@@@@@@@@@@@@@@@@@@@@@@@@@@@@@@@@@@@@@@@@@@
@    WARNING: REMOTE HOST IDENTIFICATION HAS CHANGED!     @
@@@@@@@@@@@@@@@@@@@@@@@@@@@@@@@@@@@@@@@@@@@@@@@@@@@@@@@@@@@
IT IS POSSIBLE THAT SOMEONE IS DOING SOMETHING NASTY!
Someone could be eavesdropping on you right now (man-in-the-middle attack)!
It is also possible that a host key has just been changed.
The fingerprint for the RSA key sent by the remote host is
SHA256:dJN0nFWBcWK7SFs2k0nnsO+XNA9+aEDY4FWO7uhxTN8.
Please contact your system administrator.
Add correct host key in /home/jvanek/.ssh/known_hosts to get rid of this message.
Offending RSA key in /home/jvanek/.ssh/known_hosts:2
Password authentication is disabled to avoid man-in-the-middle attacks.
Keyboard-interactive authentication is disabled to avoid man-in-the-middle attacks.
UpdateHostkeys is disabled because the host key is not trusted.
RPMAutoSpec usage detected, not changing the spec file.
[rawhide baff2f4] Rebuilt for java-25-openjdk as preffered jdk
 1 file changed, 2 insertions(+), 2 deletions(-)
Building apron-0.9.15-10.fc43 for rawhide
Created task: 135448811
Task info: https://koji.fedoraproject.org/koji/taskinfo?taskID=135448811
Watching tasks (this may be safely interrupted)...
135448811 build (rawhide, /rpms/apron.git:baff2f428398540cd6c4f89b4ed33ffa705de0a5): free
135448811 build (rawhide, /rpms/apron.git:baff2f428398540cd6c4f89b4ed33ffa705de0a5): free -> assigned (buildvm-a64-13.rdu3.fedoraproject.org)
135448811 build (rawhide, /rpms/apron.git:baff2f428398540cd6c4f89b4ed33ffa705de0a5): assigned (buildvm-a64-13.rdu3.fedoraproject.org) -> open (buildvm-a64-13.rdu3.fedoraproject.org)
  135448838 buildSRPMFromSCM (/rpms/apron.git:baff2f428398540cd6c4f89b4ed33ffa705de0a5): free
  135448838 buildSRPMFromSCM (/rpms/apron.git:baff2f428398540cd6c4f89b4ed33ffa705de0a5): free -> assigned (buildvm-s390x-15.s390.fedoraproject.org)
  135448838 buildSRPMFromSCM (/rpms/apron.git:baff2f428398540cd6c4f89b4ed33ffa705de0a5): assigned (buildvm-s390x-15.s390.fedoraproject.org) -> open (buildvm-s390x-15.s390.fedoraproject.org)
  135453381 buildArch (apron-0.9.15-10.fc43.src.rpm, aarch64): free
  135453383 buildArch (apron-0.9.15-10.fc43.src.rpm, s390x): free
  135453380 buildArch (apron-0.9.15-10.fc43.src.rpm, x86_64): free
  135453382 buildArch (apron-0.9.15-10.fc43.src.rpm, ppc64le): free
  135448838 buildSRPMFromSCM (/rpms/apron.git:baff2f428398540cd6c4f89b4ed33ffa705de0a5): open (buildvm-s390x-15.s390.fedoraproject.org) -> closed
  4 free  1 open  1 done  0 failed
  135453381 buildArch (apron-0.9.15-10.fc43.src.rpm, aarch64): free -> open (buildvm-a64-04.rdu3.fedoraproject.org)
  135453380 buildArch (apron-0.9.15-10.fc43.src.rpm, x86_64): free -> assigned (buildvm-x86-30.rdu3.fedoraproject.org)
  135453382 buildArch (apron-0.9.15-10.fc43.src.rpm, ppc64le): free -> assigned (buildvm-ppc64le-08.rdu3.fedoraproject.org)
  135453380 buildArch (apron-0.9.15-10.fc43.src.rpm, x86_64): assigned (buildvm-x86-30.rdu3.fedoraproject.org) -> open (buildvm-x86-30.rdu3.fedoraproject.org)
  135453382 buildArch (apron-0.9.15-10.fc43.src.rpm, ppc64le): assigned (buildvm-ppc64le-08.rdu3.fedoraproject.org) -> open (buildvm-ppc64le-08.rdu3.fedoraproject.org)
  135453380 buildArch (apron-0.9.15-10.fc43.src.rpm, x86_64): open (buildvm-x86-30.rdu3.fedoraproject.org) -> closed
  1 free  3 open  2 done  0 failed
  135453381 buildArch (apron-0.9.15-10.fc43.src.rpm, aarch64): open (buildvm-a64-04.rdu3.fedoraproject.org) -> closed
  1 free  2 open  3 done  0 failed
  135453382 buildArch (apron-0.9.15-10.fc43.src.rpm, ppc64le): open (buildvm-ppc64le-08.rdu3.fedoraproject.org) -> closed
  1 free  1 open  4 done  0 failed
  135453383 buildArch (apron-0.9.15-10.fc43.src.rpm, s390x): free -> open (buildvm-s390x-05.s390.fedoraproject.org)
  135453383 buildArch (apron-0.9.15-10.fc43.src.rpm, s390x): open (buildvm-s390x-05.s390.fedoraproject.org) -> closed
  0 free  1 open  5 done  0 failed
  135456074 tagBuild (noarch): free
  135456074 tagBuild (noarch): free -> closed
  0 free  1 open  6 done  0 failed
135448811 build (rawhide, /rpms/apron.git:baff2f428398540cd6c4f89b4ed33ffa705de0a5): open (buildvm-a64-13.rdu3.fedoraproject.org) -> closed
  0 free  0 open  7 done  0 failed

135448811 build (rawhide, /rpms/apron.git:baff2f428398540cd6c4f89b4ed33ffa705de0a5) completed successfully
