Cloning into 'arduino-listSerialPortsC'...
[rawhide 86c7fbb] Rebuilt for java-17-openjdk as system jdk
 1 file changed, 4 insertions(+), 1 deletion(-)
Building arduino-listSerialPortsC-1.4.0-12.fc36 for f36-java17
Created task: 82423538
Task info: https://koji.fedoraproject.org/koji/taskinfo?taskID=82423538
Watching tasks (this may be safely interrupted)...
82423538 build (f36-java17, /rpms/arduino-listSerialPortsC.git:86c7fbb0882daee24ec410838f356fd7bdd6db92): open (buildvm-ppc64le-32.iad2.fedoraproject.org)
  82423539 buildSRPMFromSCM (/rpms/arduino-listSerialPortsC.git:86c7fbb0882daee24ec410838f356fd7bdd6db92): open (buildvm-ppc64le-08.iad2.fedoraproject.org)
  82423539 buildSRPMFromSCM (/rpms/arduino-listSerialPortsC.git:86c7fbb0882daee24ec410838f356fd7bdd6db92): open (buildvm-ppc64le-08.iad2.fedoraproject.org) -> closed
  0 free  1 open  1 done  0 failed
  82423570 buildArch (arduino-listSerialPortsC-1.4.0-12.fc36.src.rpm, aarch64): open (buildhw-a64-20.iad2.fedoraproject.org)
  82423567 buildArch (arduino-listSerialPortsC-1.4.0-12.fc36.src.rpm, armv7hl): open (buildvm-a32-32.iad2.fedoraproject.org)
  82423572 buildArch (arduino-listSerialPortsC-1.4.0-12.fc36.src.rpm, s390x): open (buildvm-s390x-30.s390.fedoraproject.org)
  82423569 buildArch (arduino-listSerialPortsC-1.4.0-12.fc36.src.rpm, x86_64): open (buildvm-x86-25.iad2.fedoraproject.org)
  82423568 buildArch (arduino-listSerialPortsC-1.4.0-12.fc36.src.rpm, i686): open (buildvm-x86-23.iad2.fedoraproject.org)
  82423571 buildArch (arduino-listSerialPortsC-1.4.0-12.fc36.src.rpm, ppc64le): open (buildvm-ppc64le-06.iad2.fedoraproject.org)
  82423572 buildArch (arduino-listSerialPortsC-1.4.0-12.fc36.src.rpm, s390x): open (buildvm-s390x-30.s390.fedoraproject.org) -> closed
  0 free  6 open  2 done  0 failed
  82423569 buildArch (arduino-listSerialPortsC-1.4.0-12.fc36.src.rpm, x86_64): open (buildvm-x86-25.iad2.fedoraproject.org) -> closed
  0 free  5 open  3 done  0 failed
  82423568 buildArch (arduino-listSerialPortsC-1.4.0-12.fc36.src.rpm, i686): open (buildvm-x86-23.iad2.fedoraproject.org) -> closed
  0 free  4 open  4 done  0 failed
  82423570 buildArch (arduino-listSerialPortsC-1.4.0-12.fc36.src.rpm, aarch64): open (buildhw-a64-20.iad2.fedoraproject.org) -> closed
  0 free  3 open  5 done  0 failed
  82423571 buildArch (arduino-listSerialPortsC-1.4.0-12.fc36.src.rpm, ppc64le): open (buildvm-ppc64le-06.iad2.fedoraproject.org) -> closed
  0 free  2 open  6 done  0 failed
  82423567 buildArch (arduino-listSerialPortsC-1.4.0-12.fc36.src.rpm, armv7hl): open (buildvm-a32-32.iad2.fedoraproject.org) -> closed
  0 free  1 open  7 done  0 failed
  82423968 tagBuild (noarch): open (buildvm-a32-14.iad2.fedoraproject.org)
  82423968 tagBuild (noarch): open (buildvm-a32-14.iad2.fedoraproject.org) -> closed
  0 free  1 open  8 done  0 failed
82423538 build (f36-java17, /rpms/arduino-listSerialPortsC.git:86c7fbb0882daee24ec410838f356fd7bdd6db92): open (buildvm-ppc64le-32.iad2.fedoraproject.org) -> closed
  0 free  0 open  9 done  0 failed

82423538 build (f36-java17, /rpms/arduino-listSerialPortsC.git:86c7fbb0882daee24ec410838f356fd7bdd6db92) completed successfully
