Cloning into 'args4j'...
@@@@@@@@@@@@@@@@@@@@@@@@@@@@@@@@@@@@@@@@@@@@@@@@@@@@@@@@@@@
@    WARNING: REMOTE HOST IDENTIFICATION HAS CHANGED!     @
@@@@@@@@@@@@@@@@@@@@@@@@@@@@@@@@@@@@@@@@@@@@@@@@@@@@@@@@@@@
IT IS POSSIBLE THAT SOMEONE IS DOING SOMETHING NASTY!
Someone could be eavesdropping on you right now (man-in-the-middle attack)!
It is also possible that a host key has just been changed.
The fingerprint for the RSA key sent by the remote host is
SHA256:dJN0nFWBcWK7SFs2k0nnsO+XNA9+aEDY4FWO7uhxTN8.
Please contact your system administrator.
Add correct host key in /home/jvanek/.ssh/known_hosts to get rid of this message.
Offending RSA key in /home/jvanek/.ssh/known_hosts:2
Password authentication is disabled to avoid man-in-the-middle attacks.
Keyboard-interactive authentication is disabled to avoid man-in-the-middle attacks.
UpdateHostkeys is disabled because the host key is not trusted.
[rawhide a5da2b4] Rebuilt for java-25-openjdk as preffered jdk
 1 file changed, 5 insertions(+), 2 deletions(-)
Building args4j-2.33-30.fc43 for rawhide
Created task: 135448882
Task info: https://koji.fedoraproject.org/koji/taskinfo?taskID=135448882
Watching tasks (this may be safely interrupted)...
135448882 build (rawhide, /rpms/args4j.git:a5da2b4796ff6e77cd0bfaeceeac43173569b0f9): free
135448882 build (rawhide, /rpms/args4j.git:a5da2b4796ff6e77cd0bfaeceeac43173569b0f9): free -> assigned (buildvm-a64-30.rdu3.fedoraproject.org)
135448882 build (rawhide, /rpms/args4j.git:a5da2b4796ff6e77cd0bfaeceeac43173569b0f9): assigned (buildvm-a64-30.rdu3.fedoraproject.org) -> open (buildvm-a64-30.rdu3.fedoraproject.org)
  135448922 buildSRPMFromSCM (/rpms/args4j.git:a5da2b4796ff6e77cd0bfaeceeac43173569b0f9): free
  135448922 buildSRPMFromSCM (/rpms/args4j.git:a5da2b4796ff6e77cd0bfaeceeac43173569b0f9): free -> assigned (buildvm-a64-23.rdu3.fedoraproject.org)
  135448922 buildSRPMFromSCM (/rpms/args4j.git:a5da2b4796ff6e77cd0bfaeceeac43173569b0f9): assigned (buildvm-a64-23.rdu3.fedoraproject.org) -> open (buildvm-a64-23.rdu3.fedoraproject.org)
  135448922 buildSRPMFromSCM (/rpms/args4j.git:a5da2b4796ff6e77cd0bfaeceeac43173569b0f9): open (buildvm-a64-23.rdu3.fedoraproject.org) -> closed
  0 free  1 open  1 done  0 failed
  135449035 buildArch (args4j-2.33-30.fc43.src.rpm, noarch): free
  135449035 buildArch (args4j-2.33-30.fc43.src.rpm, noarch): free -> open (buildvm-s390x-15.s390.fedoraproject.org)
  135449035 buildArch (args4j-2.33-30.fc43.src.rpm, noarch): open (buildvm-s390x-15.s390.fedoraproject.org) -> closed
  0 free  1 open  2 done  0 failed
  135453832 tagBuild (noarch): free
  135453832 tagBuild (noarch): free -> assigned (buildvm-x86-27.rdu3.fedoraproject.org)
  135453832 tagBuild (noarch): assigned (buildvm-x86-27.rdu3.fedoraproject.org) -> closed
  0 free  1 open  3 done  0 failed
135448882 build (rawhide, /rpms/args4j.git:a5da2b4796ff6e77cd0bfaeceeac43173569b0f9): open (buildvm-a64-30.rdu3.fedoraproject.org) -> closed
  0 free  0 open  4 done  0 failed

135448882 build (rawhide, /rpms/args4j.git:a5da2b4796ff6e77cd0bfaeceeac43173569b0f9) completed successfully
