Cloning into 'astyle'...
[rawhide 720fdb1] Rebuilt for java-17-openjdk as system jdk
 1 file changed, 4 insertions(+), 1 deletion(-)
Building astyle-3.1-15.fc36 for f36-java17
Created task: 82423564
Task info: https://koji.fedoraproject.org/koji/taskinfo?taskID=82423564
Watching tasks (this may be safely interrupted)...
82423564 build (f36-java17, /rpms/astyle.git:720fdb11cad57185d7f9a305350fffe8c3d0bb6c): open (buildvm-x86-32.iad2.fedoraproject.org)
  82423565 buildSRPMFromSCM (/rpms/astyle.git:720fdb11cad57185d7f9a305350fffe8c3d0bb6c): open (buildvm-ppc64le-09.iad2.fedoraproject.org)
  82423565 buildSRPMFromSCM (/rpms/astyle.git:720fdb11cad57185d7f9a305350fffe8c3d0bb6c): open (buildvm-ppc64le-09.iad2.fedoraproject.org) -> closed
  0 free  1 open  1 done  0 failed
  82423703 buildArch (astyle-3.1-15.fc36.src.rpm, x86_64): free
  82423701 buildArch (astyle-3.1-15.fc36.src.rpm, armv7hl): open (buildvm-a32-12.iad2.fedoraproject.org)
  82423704 buildArch (astyle-3.1-15.fc36.src.rpm, aarch64): open (buildvm-a64-23.iad2.fedoraproject.org)
  82423702 buildArch (astyle-3.1-15.fc36.src.rpm, i686): free
  82423705 buildArch (astyle-3.1-15.fc36.src.rpm, ppc64le): free
  82423706 buildArch (astyle-3.1-15.fc36.src.rpm, s390x): open (buildvm-s390x-29.s390.fedoraproject.org)
  82423703 buildArch (astyle-3.1-15.fc36.src.rpm, x86_64): free -> open (buildhw-x86-14.iad2.fedoraproject.org)
  82423702 buildArch (astyle-3.1-15.fc36.src.rpm, i686): free -> open (buildhw-x86-01.iad2.fedoraproject.org)
  82423705 buildArch (astyle-3.1-15.fc36.src.rpm, ppc64le): free -> open (buildvm-ppc64le-30.iad2.fedoraproject.org)
  82423706 buildArch (astyle-3.1-15.fc36.src.rpm, s390x): open (buildvm-s390x-29.s390.fedoraproject.org) -> closed
  0 free  6 open  2 done  0 failed
  82423703 buildArch (astyle-3.1-15.fc36.src.rpm, x86_64): open (buildhw-x86-14.iad2.fedoraproject.org) -> closed
  0 free  5 open  3 done  0 failed
  82423702 buildArch (astyle-3.1-15.fc36.src.rpm, i686): open (buildhw-x86-01.iad2.fedoraproject.org) -> closed
  0 free  4 open  4 done  0 failed
  82423704 buildArch (astyle-3.1-15.fc36.src.rpm, aarch64): open (buildvm-a64-23.iad2.fedoraproject.org) -> closed
  0 free  3 open  5 done  0 failed
  82423701 buildArch (astyle-3.1-15.fc36.src.rpm, armv7hl): open (buildvm-a32-12.iad2.fedoraproject.org) -> closed
  0 free  2 open  6 done  0 failed
  82423705 buildArch (astyle-3.1-15.fc36.src.rpm, ppc64le): open (buildvm-ppc64le-30.iad2.fedoraproject.org) -> closed
  0 free  1 open  7 done  0 failed
  82423985 tagBuild (noarch): free
  82423985 tagBuild (noarch): free -> closed
  0 free  1 open  8 done  0 failed
82423564 build (f36-java17, /rpms/astyle.git:720fdb11cad57185d7f9a305350fffe8c3d0bb6c): open (buildvm-x86-32.iad2.fedoraproject.org) -> closed
  0 free  0 open  9 done  0 failed

82423564 build (f36-java17, /rpms/astyle.git:720fdb11cad57185d7f9a305350fffe8c3d0bb6c) completed successfully
