Cloning into 'atinject'...
[rawhide 4f78eaf] Rebuilt for java-21-openjdk as system jdk
 1 file changed, 4 insertions(+), 1 deletion(-)
Found a gating.yaml file in the repo and it is properly configured
Building atinject-1.0.5-12.fc41 for f41-build-side-84507
Created task: 114132043
Task info: https://koji.fedoraproject.org/koji/taskinfo?taskID=114132043
Watching tasks (this may be safely interrupted)...
114132043 build (f41-build-side-84507, /rpms/atinject.git:4f78eafa1e14d36e9946df54200c3598d2a35a53): free
114132043 build (f41-build-side-84507, /rpms/atinject.git:4f78eafa1e14d36e9946df54200c3598d2a35a53): free -> open (buildvm-x86-30.iad2.fedoraproject.org)
  114132048 buildSRPMFromSCM (/rpms/atinject.git:4f78eafa1e14d36e9946df54200c3598d2a35a53): free
  114132048 buildSRPMFromSCM (/rpms/atinject.git:4f78eafa1e14d36e9946df54200c3598d2a35a53): free -> assigned
  114132048 buildSRPMFromSCM (/rpms/atinject.git:4f78eafa1e14d36e9946df54200c3598d2a35a53): assigned -> open (buildvm-a64-15.iad2.fedoraproject.org)
  114132048 buildSRPMFromSCM (/rpms/atinject.git:4f78eafa1e14d36e9946df54200c3598d2a35a53): open (buildvm-a64-15.iad2.fedoraproject.org) -> closed
  0 free  1 open  1 done  0 failed
  114132085 buildArch (atinject-1.0.5-12.fc41.src.rpm, noarch): free
  114132085 buildArch (atinject-1.0.5-12.fc41.src.rpm, noarch): free -> assigned
  114132085 buildArch (atinject-1.0.5-12.fc41.src.rpm, noarch): assigned -> open (buildvm-s390x-08.s390.fedoraproject.org)
  114132085 buildArch (atinject-1.0.5-12.fc41.src.rpm, noarch): open (buildvm-s390x-08.s390.fedoraproject.org) -> closed
  0 free  1 open  2 done  0 failed
  114132140 tagBuild (noarch): free
  114132140 tagBuild (noarch): free -> assigned
  114132140 tagBuild (noarch): assigned -> closed
  0 free  1 open  3 done  0 failed
114132043 build (f41-build-side-84507, /rpms/atinject.git:4f78eafa1e14d36e9946df54200c3598d2a35a53): open (buildvm-x86-30.iad2.fedoraproject.org) -> closed
  0 free  0 open  4 done  0 failed

114132043 build (f41-build-side-84507, /rpms/atinject.git:4f78eafa1e14d36e9946df54200c3598d2a35a53) completed successfully
