Cloning into 'auto'...
@@@@@@@@@@@@@@@@@@@@@@@@@@@@@@@@@@@@@@@@@@@@@@@@@@@@@@@@@@@
@    WARNING: REMOTE HOST IDENTIFICATION HAS CHANGED!     @
@@@@@@@@@@@@@@@@@@@@@@@@@@@@@@@@@@@@@@@@@@@@@@@@@@@@@@@@@@@
IT IS POSSIBLE THAT SOMEONE IS DOING SOMETHING NASTY!
Someone could be eavesdropping on you right now (man-in-the-middle attack)!
It is also possible that a host key has just been changed.
The fingerprint for the RSA key sent by the remote host is
SHA256:dJN0nFWBcWK7SFs2k0nnsO+XNA9+aEDY4FWO7uhxTN8.
Please contact your system administrator.
Add correct host key in /home/jvanek/.ssh/known_hosts to get rid of this message.
Offending RSA key in /home/jvanek/.ssh/known_hosts:2
Password authentication is disabled to avoid man-in-the-middle attacks.
Keyboard-interactive authentication is disabled to avoid man-in-the-middle attacks.
UpdateHostkeys is disabled because the host key is not trusted.
[rawhide 16a52ce] Rebuilt for java-25-openjdk as preffered jdk
 1 file changed, 5 insertions(+), 2 deletions(-)
Building auto-1.6.1-15.fc43 for rawhide
Created task: 135448938
Task info: https://koji.fedoraproject.org/koji/taskinfo?taskID=135448938
Watching tasks (this may be safely interrupted)...
135448938 build (rawhide, /rpms/auto.git:16a52ce53763a47c3587655f9a1d77cfb19f6696): free
135448938 build (rawhide, /rpms/auto.git:16a52ce53763a47c3587655f9a1d77cfb19f6696): free -> assigned (buildvm-a64-26.rdu3.fedoraproject.org)
135448938 build (rawhide, /rpms/auto.git:16a52ce53763a47c3587655f9a1d77cfb19f6696): assigned (buildvm-a64-26.rdu3.fedoraproject.org) -> open (buildvm-a64-26.rdu3.fedoraproject.org)
  135448973 buildSRPMFromSCM (/rpms/auto.git:16a52ce53763a47c3587655f9a1d77cfb19f6696): free
  135448973 buildSRPMFromSCM (/rpms/auto.git:16a52ce53763a47c3587655f9a1d77cfb19f6696): free -> assigned (buildhw-x86-03.rdu3.fedoraproject.org)
  135448973 buildSRPMFromSCM (/rpms/auto.git:16a52ce53763a47c3587655f9a1d77cfb19f6696): assigned (buildhw-x86-03.rdu3.fedoraproject.org) -> open (buildhw-x86-03.rdu3.fedoraproject.org)
  135448973 buildSRPMFromSCM (/rpms/auto.git:16a52ce53763a47c3587655f9a1d77cfb19f6696): open (buildhw-x86-03.rdu3.fedoraproject.org) -> closed
  0 free  1 open  1 done  0 failed
  135449092 buildArch (auto-1.6.1-15.fc43.src.rpm, noarch): free
  135449092 buildArch (auto-1.6.1-15.fc43.src.rpm, noarch): free -> open (buildvm-a64-11.rdu3.fedoraproject.org)
  135449158 tagBuild (noarch): free
  135449092 buildArch (auto-1.6.1-15.fc43.src.rpm, noarch): open (buildvm-a64-11.rdu3.fedoraproject.org) -> closed
  1 free  1 open  2 done  0 failed
  135449158 tagBuild (noarch): free -> assigned (buildvm-x86-21.rdu3.fedoraproject.org)
  135449158 tagBuild (noarch): assigned (buildvm-x86-21.rdu3.fedoraproject.org) -> closed
  0 free  1 open  3 done  0 failed
135448938 build (rawhide, /rpms/auto.git:16a52ce53763a47c3587655f9a1d77cfb19f6696): open (buildvm-a64-26.rdu3.fedoraproject.org) -> closed
  0 free  0 open  4 done  0 failed

135448938 build (rawhide, /rpms/auto.git:16a52ce53763a47c3587655f9a1d77cfb19f6696) completed successfully
