Cloning into 'autolink-java'...
@@@@@@@@@@@@@@@@@@@@@@@@@@@@@@@@@@@@@@@@@@@@@@@@@@@@@@@@@@@
@    WARNING: REMOTE HOST IDENTIFICATION HAS CHANGED!     @
@@@@@@@@@@@@@@@@@@@@@@@@@@@@@@@@@@@@@@@@@@@@@@@@@@@@@@@@@@@
IT IS POSSIBLE THAT SOMEONE IS DOING SOMETHING NASTY!
Someone could be eavesdropping on you right now (man-in-the-middle attack)!
It is also possible that a host key has just been changed.
The fingerprint for the RSA key sent by the remote host is
SHA256:dJN0nFWBcWK7SFs2k0nnsO+XNA9+aEDY4FWO7uhxTN8.
Please contact your system administrator.
Add correct host key in /home/jvanek/.ssh/known_hosts to get rid of this message.
Offending RSA key in /home/jvanek/.ssh/known_hosts:2
Password authentication is disabled to avoid man-in-the-middle attacks.
Keyboard-interactive authentication is disabled to avoid man-in-the-middle attacks.
UpdateHostkeys is disabled because the host key is not trusted.
RPMAutoSpec usage detected, not changing the spec file.
[rawhide aeb4573] Rebuilt for java-25-openjdk as preffered jdk
 1 file changed, 1 insertion(+), 1 deletion(-)
Building autolink-java-0.12.0-3.fc43 for rawhide
Created task: 135448975
Task info: https://koji.fedoraproject.org/koji/taskinfo?taskID=135448975
Watching tasks (this may be safely interrupted)...
135448975 build (rawhide, /rpms/autolink-java.git:aeb4573cbe76020c9c15fc9807b621cd440ecb07): free
135448975 build (rawhide, /rpms/autolink-java.git:aeb4573cbe76020c9c15fc9807b621cd440ecb07): free -> assigned (buildvm-a64-15.rdu3.fedoraproject.org)
135448975 build (rawhide, /rpms/autolink-java.git:aeb4573cbe76020c9c15fc9807b621cd440ecb07): assigned (buildvm-a64-15.rdu3.fedoraproject.org) -> open (buildvm-a64-15.rdu3.fedoraproject.org)
  135449026 buildSRPMFromSCM (/rpms/autolink-java.git:aeb4573cbe76020c9c15fc9807b621cd440ecb07): free
  135449026 buildSRPMFromSCM (/rpms/autolink-java.git:aeb4573cbe76020c9c15fc9807b621cd440ecb07): free -> open (buildhw-a64-02.rdu3.fedoraproject.org)
  135449026 buildSRPMFromSCM (/rpms/autolink-java.git:aeb4573cbe76020c9c15fc9807b621cd440ecb07): open (buildhw-a64-02.rdu3.fedoraproject.org) -> closed
  0 free  1 open  1 done  0 failed
  135449136 buildArch (autolink-java-0.12.0-3.fc43.src.rpm, noarch): free
  135449136 buildArch (autolink-java-0.12.0-3.fc43.src.rpm, noarch): free -> assigned (buildvm-x86-19.rdu3.fedoraproject.org)
  135449136 buildArch (autolink-java-0.12.0-3.fc43.src.rpm, noarch): assigned (buildvm-x86-19.rdu3.fedoraproject.org) -> open (buildvm-x86-19.rdu3.fedoraproject.org)
  135449136 buildArch (autolink-java-0.12.0-3.fc43.src.rpm, noarch): open (buildvm-x86-19.rdu3.fedoraproject.org) -> closed
  0 free  1 open  2 done  0 failed
  135449198 tagBuild (noarch): free
  135449198 tagBuild (noarch): free -> assigned (buildvm-a64-26.rdu3.fedoraproject.org)
135448975 build (rawhide, /rpms/autolink-java.git:aeb4573cbe76020c9c15fc9807b621cd440ecb07): open (buildvm-a64-15.rdu3.fedoraproject.org) -> closed
  0 free  1 open  3 done  0 failed
  135449198 tagBuild (noarch): assigned (buildvm-a64-26.rdu3.fedoraproject.org) -> closed
  0 free  0 open  4 done  0 failed

135448975 build (rawhide, /rpms/autolink-java.git:aeb4573cbe76020c9c15fc9807b621cd440ecb07) completed successfully
