Cloning into 'BareBonesBrowserLaunch'...
@@@@@@@@@@@@@@@@@@@@@@@@@@@@@@@@@@@@@@@@@@@@@@@@@@@@@@@@@@@
@    WARNING: REMOTE HOST IDENTIFICATION HAS CHANGED!     @
@@@@@@@@@@@@@@@@@@@@@@@@@@@@@@@@@@@@@@@@@@@@@@@@@@@@@@@@@@@
IT IS POSSIBLE THAT SOMEONE IS DOING SOMETHING NASTY!
Someone could be eavesdropping on you right now (man-in-the-middle attack)!
It is also possible that a host key has just been changed.
The fingerprint for the RSA key sent by the remote host is
SHA256:dJN0nFWBcWK7SFs2k0nnsO+XNA9+aEDY4FWO7uhxTN8.
Please contact your system administrator.
Add correct host key in /home/jvanek/.ssh/known_hosts to get rid of this message.
Offending RSA key in /home/jvanek/.ssh/known_hosts:2
Password authentication is disabled to avoid man-in-the-middle attacks.
Keyboard-interactive authentication is disabled to avoid man-in-the-middle attacks.
UpdateHostkeys is disabled because the host key is not trusted.
[rawhide 558d8f4] Rebuilt for java-25-openjdk as preffered jdk
 1 file changed, 6 insertions(+), 3 deletions(-)
Building BareBonesBrowserLaunch-3.1-38.fc43 for rawhide
Created task: 135449008
Task info: https://koji.fedoraproject.org/koji/taskinfo?taskID=135449008
Watching tasks (this may be safely interrupted)...
135449008 build (rawhide, /rpms/BareBonesBrowserLaunch.git:558d8f4c58e9be871afcb1e59a7e19e5f4512b74): free
135449008 build (rawhide, /rpms/BareBonesBrowserLaunch.git:558d8f4c58e9be871afcb1e59a7e19e5f4512b74): free -> assigned (buildhw-a64-02.rdu3.fedoraproject.org)
135449008 build (rawhide, /rpms/BareBonesBrowserLaunch.git:558d8f4c58e9be871afcb1e59a7e19e5f4512b74): assigned (buildhw-a64-02.rdu3.fedoraproject.org) -> open (buildhw-a64-02.rdu3.fedoraproject.org)
  135449016 buildSRPMFromSCM (/rpms/BareBonesBrowserLaunch.git:558d8f4c58e9be871afcb1e59a7e19e5f4512b74): free
  135449016 buildSRPMFromSCM (/rpms/BareBonesBrowserLaunch.git:558d8f4c58e9be871afcb1e59a7e19e5f4512b74): free -> assigned (buildvm-a64-22.rdu3.fedoraproject.org)
  135449016 buildSRPMFromSCM (/rpms/BareBonesBrowserLaunch.git:558d8f4c58e9be871afcb1e59a7e19e5f4512b74): assigned (buildvm-a64-22.rdu3.fedoraproject.org) -> open (buildvm-a64-22.rdu3.fedoraproject.org)
  135449016 buildSRPMFromSCM (/rpms/BareBonesBrowserLaunch.git:558d8f4c58e9be871afcb1e59a7e19e5f4512b74): open (buildvm-a64-22.rdu3.fedoraproject.org) -> closed
  0 free  1 open  1 done  0 failed
  135449126 buildArch (BareBonesBrowserLaunch-3.1-38.fc43.src.rpm, noarch): free
  135449126 buildArch (BareBonesBrowserLaunch-3.1-38.fc43.src.rpm, noarch): free -> assigned (buildvm-ppc64le-19.rdu3.fedoraproject.org)
  135449126 buildArch (BareBonesBrowserLaunch-3.1-38.fc43.src.rpm, noarch): assigned (buildvm-ppc64le-19.rdu3.fedoraproject.org) -> open (buildvm-ppc64le-19.rdu3.fedoraproject.org)
  135449126 buildArch (BareBonesBrowserLaunch-3.1-38.fc43.src.rpm, noarch): open (buildvm-ppc64le-19.rdu3.fedoraproject.org) -> closed
  0 free  1 open  2 done  0 failed
  135450757 tagBuild (noarch): free
  135450757 tagBuild (noarch): free -> assigned (buildvm-a64-33.rdu3.fedoraproject.org)
  135450757 tagBuild (noarch): assigned (buildvm-a64-33.rdu3.fedoraproject.org) -> closed
  0 free  1 open  3 done  0 failed
135449008 build (rawhide, /rpms/BareBonesBrowserLaunch.git:558d8f4c58e9be871afcb1e59a7e19e5f4512b74): open (buildhw-a64-02.rdu3.fedoraproject.org) -> closed
  0 free  0 open  4 done  0 failed

135449008 build (rawhide, /rpms/BareBonesBrowserLaunch.git:558d8f4c58e9be871afcb1e59a7e19e5f4512b74) completed successfully
