Cloning into 'batik'...
[rawhide b2f9260] Rebuilt for java-21-openjdk as system jdk
 1 file changed, 4 insertions(+), 1 deletion(-)
warning: %patchN is deprecated (1 usages found), use %patch N (or %patch -P N)

Building batik-1.14-12.fc41 for f41-build-side-84507
Created task: 114132059
Task info: https://koji.fedoraproject.org/koji/taskinfo?taskID=114132059
Watching tasks (this may be safely interrupted)...
114132059 build (f41-build-side-84507, /rpms/batik.git:b2f926063fc6d76e5e3f708eec3d6897c2ead7c9): free
114132059 build (f41-build-side-84507, /rpms/batik.git:b2f926063fc6d76e5e3f708eec3d6897c2ead7c9): free -> open (buildvm-x86-20.iad2.fedoraproject.org)
  114132090 buildSRPMFromSCM (/rpms/batik.git:b2f926063fc6d76e5e3f708eec3d6897c2ead7c9): free
  114132090 buildSRPMFromSCM (/rpms/batik.git:b2f926063fc6d76e5e3f708eec3d6897c2ead7c9): free -> assigned
  114132090 buildSRPMFromSCM (/rpms/batik.git:b2f926063fc6d76e5e3f708eec3d6897c2ead7c9): assigned -> open (buildvm-a64-09.iad2.fedoraproject.org)
  114132090 buildSRPMFromSCM (/rpms/batik.git:b2f926063fc6d76e5e3f708eec3d6897c2ead7c9): open (buildvm-a64-09.iad2.fedoraproject.org) -> closed
  0 free  1 open  1 done  0 failed
  114132191 buildArch (batik-1.14-12.fc41.src.rpm, noarch): free
  114132191 buildArch (batik-1.14-12.fc41.src.rpm, noarch): free -> assigned
  114132191 buildArch (batik-1.14-12.fc41.src.rpm, noarch): assigned -> open (buildvm-a64-11.iad2.fedoraproject.org)
  114132191 buildArch (batik-1.14-12.fc41.src.rpm, noarch): open (buildvm-a64-11.iad2.fedoraproject.org) -> FAILED: BuildError: error building package (arch noarch), mock exited with status 1; see build.log or root.log for more information
  Relevant logs:
  https://kojipkgs.fedoraproject.org/work/tasks/2191/114132191/state.log
  https://kojipkgs.fedoraproject.org/work/tasks/2191/114132191/build.log
  https://kojipkgs.fedoraproject.org/work/tasks/2191/114132191/root.log
  https://kojipkgs.fedoraproject.org/work/tasks/2191/114132191/mock_output.log
  https://kojipkgs.fedoraproject.org/work/tasks/2191/114132191/hw_info.log
  0 free  1 open  1 done  1 failed
114132059 build (f41-build-side-84507, /rpms/batik.git:b2f926063fc6d76e5e3f708eec3d6897c2ead7c9): open (buildvm-x86-20.iad2.fedoraproject.org) -> FAILED: BuildError: error building package (arch noarch), mock exited with status 1; see build.log or root.log for more information
  0 free  0 open  1 done  2 failed

114132059 build (f41-build-side-84507, /rpms/batik.git:b2f926063fc6d76e5e3f708eec3d6897c2ead7c9) failed
