Cloning into 'bcel'...
[f40 91682df] Rebuilt for java-21-openjdk as system jdk
 1 file changed, 4 insertions(+), 1 deletion(-)
Found a gating.yaml file in the repo and it is properly configured
Building bcel-6.8.1-3.fc40 for f40-build-side-84857
Created task: 114347454
Task info: https://koji.fedoraproject.org/koji/taskinfo?taskID=114347454
Watching tasks (this may be safely interrupted)...
114347454 build (f40-build-side-84857, /rpms/bcel.git:91682df9d98efcf17f4f7557320cdf49179657dd): free
114347454 build (f40-build-side-84857, /rpms/bcel.git:91682df9d98efcf17f4f7557320cdf49179657dd): free -> assigned
114347454 build (f40-build-side-84857, /rpms/bcel.git:91682df9d98efcf17f4f7557320cdf49179657dd): assigned -> open (buildvm-ppc64le-06.iad2.fedoraproject.org)
  114347461 buildSRPMFromSCM (/rpms/bcel.git:91682df9d98efcf17f4f7557320cdf49179657dd): free
  114347461 buildSRPMFromSCM (/rpms/bcel.git:91682df9d98efcf17f4f7557320cdf49179657dd): free -> assigned
  114347461 buildSRPMFromSCM (/rpms/bcel.git:91682df9d98efcf17f4f7557320cdf49179657dd): assigned -> open (buildvm-a64-09.iad2.fedoraproject.org)
  114347461 buildSRPMFromSCM (/rpms/bcel.git:91682df9d98efcf17f4f7557320cdf49179657dd): open (buildvm-a64-09.iad2.fedoraproject.org) -> closed
  0 free  1 open  1 done  0 failed
  114347488 buildArch (bcel-6.8.1-3.fc40.src.rpm, noarch): free
  114347488 buildArch (bcel-6.8.1-3.fc40.src.rpm, noarch): free -> assigned
  114347488 buildArch (bcel-6.8.1-3.fc40.src.rpm, noarch): assigned -> open (buildvm-s390x-01.s390.fedoraproject.org)
  114347488 buildArch (bcel-6.8.1-3.fc40.src.rpm, noarch): open (buildvm-s390x-01.s390.fedoraproject.org) -> closed
  0 free  1 open  2 done  0 failed
  114347732 tagBuild (noarch): free
  114347732 tagBuild (noarch): free -> assigned
  114347732 tagBuild (noarch): assigned -> closed
  0 free  1 open  3 done  0 failed
114347454 build (f40-build-side-84857, /rpms/bcel.git:91682df9d98efcf17f4f7557320cdf49179657dd): open (buildvm-ppc64le-06.iad2.fedoraproject.org) -> closed
  0 free  0 open  4 done  0 failed

114347454 build (f40-build-side-84857, /rpms/bcel.git:91682df9d98efcf17f4f7557320cdf49179657dd) completed successfully
