Cloning into 'beust-jcommander'...
[rawhide d4d5b5b] Rebuilt for java-21-openjdk as system jdk
 1 file changed, 4 insertions(+), 1 deletion(-)
Found a gating.yaml file in the repo and it is properly configured
warning: %patchN is deprecated (1 usages found), use %patch N (or %patch -P N)

Building beust-jcommander-1.82-9.fc41 for f41-build-side-84507
Created task: 114132126
Task info: https://koji.fedoraproject.org/koji/taskinfo?taskID=114132126
Watching tasks (this may be safely interrupted)...
114132126 build (f41-build-side-84507, /rpms/beust-jcommander.git:d4d5b5bb8d71e429661ce76231a7ad5d2f85cc7d): free
114132126 build (f41-build-side-84507, /rpms/beust-jcommander.git:d4d5b5bb8d71e429661ce76231a7ad5d2f85cc7d): free -> assigned
114132126 build (f41-build-side-84507, /rpms/beust-jcommander.git:d4d5b5bb8d71e429661ce76231a7ad5d2f85cc7d): assigned -> open (buildvm-a64-10.iad2.fedoraproject.org)
  114132197 buildSRPMFromSCM (/rpms/beust-jcommander.git:d4d5b5bb8d71e429661ce76231a7ad5d2f85cc7d): free
  114132197 buildSRPMFromSCM (/rpms/beust-jcommander.git:d4d5b5bb8d71e429661ce76231a7ad5d2f85cc7d): free -> assigned
  114132197 buildSRPMFromSCM (/rpms/beust-jcommander.git:d4d5b5bb8d71e429661ce76231a7ad5d2f85cc7d): assigned -> open (buildvm-a64-14.iad2.fedoraproject.org)
  114132197 buildSRPMFromSCM (/rpms/beust-jcommander.git:d4d5b5bb8d71e429661ce76231a7ad5d2f85cc7d): open (buildvm-a64-14.iad2.fedoraproject.org) -> closed
  0 free  1 open  1 done  0 failed
  114132324 buildArch (beust-jcommander-1.82-9.fc41.src.rpm, noarch): free
  114132324 buildArch (beust-jcommander-1.82-9.fc41.src.rpm, noarch): free -> assigned
  114132324 buildArch (beust-jcommander-1.82-9.fc41.src.rpm, noarch): assigned -> open (buildvm-a64-23.iad2.fedoraproject.org)
  114132597 tagBuild (noarch): free
  114132324 buildArch (beust-jcommander-1.82-9.fc41.src.rpm, noarch): open (buildvm-a64-23.iad2.fedoraproject.org) -> closed
  1 free  1 open  2 done  0 failed
114132126 build (f41-build-side-84507, /rpms/beust-jcommander.git:d4d5b5bb8d71e429661ce76231a7ad5d2f85cc7d): open (buildvm-a64-10.iad2.fedoraproject.org) -> closed
  1 free  0 open  3 done  0 failed
  114132597 tagBuild (noarch): free -> closed
  0 free  0 open  4 done  0 failed

114132126 build (f41-build-side-84507, /rpms/beust-jcommander.git:d4d5b5bb8d71e429661ce76231a7ad5d2f85cc7d) completed successfully
