Cloning into 'bouncycastle'...
[rawhide 1244721] Rebuilt for java-21-openjdk as system jdk
 1 file changed, 4 insertions(+), 1 deletion(-)
Building bouncycastle-1.70-13.fc41 for f41-build-side-84507
Created task: 114132205
Task info: https://koji.fedoraproject.org/koji/taskinfo?taskID=114132205
Watching tasks (this may be safely interrupted)...
114132205 build (f41-build-side-84507, /rpms/bouncycastle.git:12447214de1ac83da052add712168831b4174a35): free
114132205 build (f41-build-side-84507, /rpms/bouncycastle.git:12447214de1ac83da052add712168831b4174a35): free -> assigned
114132205 build (f41-build-side-84507, /rpms/bouncycastle.git:12447214de1ac83da052add712168831b4174a35): assigned -> open (buildvm-a64-21.iad2.fedoraproject.org)
  114132256 buildSRPMFromSCM (/rpms/bouncycastle.git:12447214de1ac83da052add712168831b4174a35): free
  114132256 buildSRPMFromSCM (/rpms/bouncycastle.git:12447214de1ac83da052add712168831b4174a35): free -> assigned
  114132256 buildSRPMFromSCM (/rpms/bouncycastle.git:12447214de1ac83da052add712168831b4174a35): assigned -> open (buildvm-x86-20.iad2.fedoraproject.org)
  114132256 buildSRPMFromSCM (/rpms/bouncycastle.git:12447214de1ac83da052add712168831b4174a35): open (buildvm-x86-20.iad2.fedoraproject.org) -> closed
  0 free  1 open  1 done  0 failed
  114132570 buildArch (bouncycastle-1.70-13.fc41.src.rpm, noarch): free
  114132570 buildArch (bouncycastle-1.70-13.fc41.src.rpm, noarch): free -> assigned
  114132570 buildArch (bouncycastle-1.70-13.fc41.src.rpm, noarch): assigned -> open (buildvm-s390x-08.s390.fedoraproject.org)
  114132745 tagBuild (noarch): free
  114132570 buildArch (bouncycastle-1.70-13.fc41.src.rpm, noarch): open (buildvm-s390x-08.s390.fedoraproject.org) -> closed
  1 free  1 open  2 done  0 failed
  114132745 tagBuild (noarch): free -> assigned
  114132745 tagBuild (noarch): assigned -> closed
  0 free  1 open  3 done  0 failed
114132205 build (f41-build-side-84507, /rpms/bouncycastle.git:12447214de1ac83da052add712168831b4174a35): open (buildvm-a64-21.iad2.fedoraproject.org) -> closed
  0 free  0 open  4 done  0 failed

114132205 build (f41-build-side-84507, /rpms/bouncycastle.git:12447214de1ac83da052add712168831b4174a35) completed successfully
