Cloning into 'bsf'...
@@@@@@@@@@@@@@@@@@@@@@@@@@@@@@@@@@@@@@@@@@@@@@@@@@@@@@@@@@@
@    WARNING: REMOTE HOST IDENTIFICATION HAS CHANGED!     @
@@@@@@@@@@@@@@@@@@@@@@@@@@@@@@@@@@@@@@@@@@@@@@@@@@@@@@@@@@@
IT IS POSSIBLE THAT SOMEONE IS DOING SOMETHING NASTY!
Someone could be eavesdropping on you right now (man-in-the-middle attack)!
It is also possible that a host key has just been changed.
The fingerprint for the RSA key sent by the remote host is
SHA256:dJN0nFWBcWK7SFs2k0nnsO+XNA9+aEDY4FWO7uhxTN8.
Please contact your system administrator.
Add correct host key in /home/jvanek/.ssh/known_hosts to get rid of this message.
Offending RSA key in /home/jvanek/.ssh/known_hosts:2
Password authentication is disabled to avoid man-in-the-middle attacks.
Keyboard-interactive authentication is disabled to avoid man-in-the-middle attacks.
UpdateHostkeys is disabled because the host key is not trusted.
RPMAutoSpec usage detected, not changing the spec file.
[rawhide 4729edf] Rebuilt for java-25-openjdk as preffered jdk
 1 file changed, 1 insertion(+), 1 deletion(-)
Found a gating.yaml file in the repo and it is properly configured
Building bsf-2.4.0-67.fc43 for rawhide
Created task: 135449152
Task info: https://koji.fedoraproject.org/koji/taskinfo?taskID=135449152
Watching tasks (this may be safely interrupted)...
135449152 build (rawhide, /rpms/bsf.git:4729edf62280516336a17b25efb06f14351dccf7): free
135449152 build (rawhide, /rpms/bsf.git:4729edf62280516336a17b25efb06f14351dccf7): free -> assigned (buildvm-x86-04.rdu3.fedoraproject.org)
135449152 build (rawhide, /rpms/bsf.git:4729edf62280516336a17b25efb06f14351dccf7): assigned (buildvm-x86-04.rdu3.fedoraproject.org) -> open (buildvm-x86-04.rdu3.fedoraproject.org)
  135449193 buildSRPMFromSCM (/rpms/bsf.git:4729edf62280516336a17b25efb06f14351dccf7): free
  135449193 buildSRPMFromSCM (/rpms/bsf.git:4729edf62280516336a17b25efb06f14351dccf7): free -> open (buildvm-a64-14.rdu3.fedoraproject.org)
  135449193 buildSRPMFromSCM (/rpms/bsf.git:4729edf62280516336a17b25efb06f14351dccf7): open (buildvm-a64-14.rdu3.fedoraproject.org) -> closed
  0 free  1 open  1 done  0 failed
  135449254 buildArch (bsf-2.4.0-67.fc43.src.rpm, noarch): free
  135449254 buildArch (bsf-2.4.0-67.fc43.src.rpm, noarch): free -> assigned (buildvm-x86-31.rdu3.fedoraproject.org)
  135449254 buildArch (bsf-2.4.0-67.fc43.src.rpm, noarch): assigned (buildvm-x86-31.rdu3.fedoraproject.org) -> open (buildvm-x86-31.rdu3.fedoraproject.org)
  135449324 tagBuild (noarch): free
  135449254 buildArch (bsf-2.4.0-67.fc43.src.rpm, noarch): open (buildvm-x86-31.rdu3.fedoraproject.org) -> closed
  1 free  1 open  2 done  0 failed
  135449324 tagBuild (noarch): free -> assigned (buildhw-a64-02.rdu3.fedoraproject.org)
  135449324 tagBuild (noarch): assigned (buildhw-a64-02.rdu3.fedoraproject.org) -> closed
  0 free  1 open  3 done  0 failed
135449152 build (rawhide, /rpms/bsf.git:4729edf62280516336a17b25efb06f14351dccf7): open (buildvm-x86-04.rdu3.fedoraproject.org) -> closed
  0 free  0 open  4 done  0 failed

135449152 build (rawhide, /rpms/bsf.git:4729edf62280516336a17b25efb06f14351dccf7) completed successfully
