Cloning into 'build-helper-maven-plugin'...
@@@@@@@@@@@@@@@@@@@@@@@@@@@@@@@@@@@@@@@@@@@@@@@@@@@@@@@@@@@
@    WARNING: REMOTE HOST IDENTIFICATION HAS CHANGED!     @
@@@@@@@@@@@@@@@@@@@@@@@@@@@@@@@@@@@@@@@@@@@@@@@@@@@@@@@@@@@
IT IS POSSIBLE THAT SOMEONE IS DOING SOMETHING NASTY!
Someone could be eavesdropping on you right now (man-in-the-middle attack)!
It is also possible that a host key has just been changed.
The fingerprint for the RSA key sent by the remote host is
SHA256:dJN0nFWBcWK7SFs2k0nnsO+XNA9+aEDY4FWO7uhxTN8.
Please contact your system administrator.
Add correct host key in /home/jvanek/.ssh/known_hosts to get rid of this message.
Offending RSA key in /home/jvanek/.ssh/known_hosts:2
Password authentication is disabled to avoid man-in-the-middle attacks.
Keyboard-interactive authentication is disabled to avoid man-in-the-middle attacks.
UpdateHostkeys is disabled because the host key is not trusted.
RPMAutoSpec usage detected, not changing the spec file.
[rawhide f701490] Rebuilt for java-25-openjdk as preffered jdk
Found a gating.yaml file in the repo and it is properly configured
Building build-helper-maven-plugin-3.6.1-4.fc43 for rawhide
Created task: 135449177
Task info: https://koji.fedoraproject.org/koji/taskinfo?taskID=135449177
Watching tasks (this may be safely interrupted)...
135449177 build (rawhide, /rpms/build-helper-maven-plugin.git:f701490a8305325f6ddc94296fa1b1bc80c2608c): free
135449177 build (rawhide, /rpms/build-helper-maven-plugin.git:f701490a8305325f6ddc94296fa1b1bc80c2608c): free -> open (buildvm-a64-16.rdu3.fedoraproject.org)
  135449183 buildSRPMFromSCM (/rpms/build-helper-maven-plugin.git:f701490a8305325f6ddc94296fa1b1bc80c2608c): free
  135449183 buildSRPMFromSCM (/rpms/build-helper-maven-plugin.git:f701490a8305325f6ddc94296fa1b1bc80c2608c): free -> assigned (buildvm-a64-21.rdu3.fedoraproject.org)
  135449183 buildSRPMFromSCM (/rpms/build-helper-maven-plugin.git:f701490a8305325f6ddc94296fa1b1bc80c2608c): assigned (buildvm-a64-21.rdu3.fedoraproject.org) -> open (buildvm-a64-21.rdu3.fedoraproject.org)
  135449256 buildArch (build-helper-maven-plugin-3.6.1-4.fc43.src.rpm, noarch): free
  135449183 buildSRPMFromSCM (/rpms/build-helper-maven-plugin.git:f701490a8305325f6ddc94296fa1b1bc80c2608c): open (buildvm-a64-21.rdu3.fedoraproject.org) -> closed
  1 free  1 open  1 done  0 failed
  135449256 buildArch (build-helper-maven-plugin-3.6.1-4.fc43.src.rpm, noarch): free -> open (buildvm-ppc64le-25.rdu3.fedoraproject.org)
  135450785 tagBuild (noarch): free
  135449256 buildArch (build-helper-maven-plugin-3.6.1-4.fc43.src.rpm, noarch): open (buildvm-ppc64le-25.rdu3.fedoraproject.org) -> closed
  1 free  1 open  2 done  0 failed
135449177 build (rawhide, /rpms/build-helper-maven-plugin.git:f701490a8305325f6ddc94296fa1b1bc80c2608c): open (buildvm-a64-16.rdu3.fedoraproject.org) -> closed
  1 free  0 open  3 done  0 failed
  135450785 tagBuild (noarch): free -> closed
  0 free  0 open  4 done  0 failed

135449177 build (rawhide, /rpms/build-helper-maven-plugin.git:f701490a8305325f6ddc94296fa1b1bc80c2608c) completed successfully
