Cloning into 'byte-buddy'...
[f40 d992848] Rebuilt for java-21-openjdk as system jdk
 1 file changed, 4 insertions(+), 1 deletion(-)
Found a gating.yaml file in the repo and it is properly configured
Building byte-buddy-1.14.2-8.fc40 for f40-build-side-84857
Created task: 114347733
Task info: https://koji.fedoraproject.org/koji/taskinfo?taskID=114347733
Watching tasks (this may be safely interrupted)...
114347733 build (f40-build-side-84857, /rpms/byte-buddy.git:d992848b6cac93f01b85c2af063e2ebf03d9f7c9): free
114347733 build (f40-build-side-84857, /rpms/byte-buddy.git:d992848b6cac93f01b85c2af063e2ebf03d9f7c9): free -> open (buildvm-s390x-08.s390.fedoraproject.org)
  114347740 buildSRPMFromSCM (/rpms/byte-buddy.git:d992848b6cac93f01b85c2af063e2ebf03d9f7c9): free
  114347740 buildSRPMFromSCM (/rpms/byte-buddy.git:d992848b6cac93f01b85c2af063e2ebf03d9f7c9): free -> open (buildvm-a64-09.iad2.fedoraproject.org)
  114347740 buildSRPMFromSCM (/rpms/byte-buddy.git:d992848b6cac93f01b85c2af063e2ebf03d9f7c9): open (buildvm-a64-09.iad2.fedoraproject.org) -> closed
  0 free  1 open  1 done  0 failed
  114347801 buildArch (byte-buddy-1.14.2-8.fc40.src.rpm, noarch): free
  114347801 buildArch (byte-buddy-1.14.2-8.fc40.src.rpm, noarch): free -> assigned
  114347801 buildArch (byte-buddy-1.14.2-8.fc40.src.rpm, noarch): assigned -> open (buildvm-x86-04.iad2.fedoraproject.org)
  114347801 buildArch (byte-buddy-1.14.2-8.fc40.src.rpm, noarch): open (buildvm-x86-04.iad2.fedoraproject.org) -> closed
  0 free  1 open  2 done  0 failed
  114347875 tagBuild (noarch): assigned
  114347875 tagBuild (noarch): assigned -> closed
  0 free  1 open  3 done  0 failed
114347733 build (f40-build-side-84857, /rpms/byte-buddy.git:d992848b6cac93f01b85c2af063e2ebf03d9f7c9): open (buildvm-s390x-08.s390.fedoraproject.org) -> closed
  0 free  0 open  4 done  0 failed

114347733 build (f40-build-side-84857, /rpms/byte-buddy.git:d992848b6cac93f01b85c2af063e2ebf03d9f7c9) completed successfully
