Cloning into 'caffeine'...
[rawhide be012d8] Rebuilt for java-17-openjdk as system jdk
 1 file changed, 4 insertions(+), 1 deletion(-)
Building caffeine-2.3.5-14.fc36 for f36-java17
Created task: 82424259
Task info: https://koji.fedoraproject.org/koji/taskinfo?taskID=82424259
Watching tasks (this may be safely interrupted)...
82424259 build (f36-java17, /rpms/caffeine.git:be012d8bbd21890fcdb2c4913fdeb79824f551a4): free
82424259 build (f36-java17, /rpms/caffeine.git:be012d8bbd21890fcdb2c4913fdeb79824f551a4): free -> open (buildvm-s390x-11.s390.fedoraproject.org)
  82424272 buildSRPMFromSCM (/rpms/caffeine.git:be012d8bbd21890fcdb2c4913fdeb79824f551a4): free
  82424272 buildSRPMFromSCM (/rpms/caffeine.git:be012d8bbd21890fcdb2c4913fdeb79824f551a4): free -> open (buildvm-ppc64le-12.iad2.fedoraproject.org)
  82424272 buildSRPMFromSCM (/rpms/caffeine.git:be012d8bbd21890fcdb2c4913fdeb79824f551a4): open (buildvm-ppc64le-12.iad2.fedoraproject.org) -> closed
  0 free  1 open  1 done  0 failed
  82424359 buildArch (caffeine-2.3.5-14.fc36.src.rpm, noarch): open (buildvm-ppc64le-12.iad2.fedoraproject.org)
  82424359 buildArch (caffeine-2.3.5-14.fc36.src.rpm, noarch): open (buildvm-ppc64le-12.iad2.fedoraproject.org) -> closed
  0 free  1 open  2 done  0 failed
  82424521 tagBuild (noarch): free
  82424521 tagBuild (noarch): free -> closed
  0 free  1 open  3 done  0 failed
82424259 build (f36-java17, /rpms/caffeine.git:be012d8bbd21890fcdb2c4913fdeb79824f551a4): open (buildvm-s390x-11.s390.fedoraproject.org) -> closed
  0 free  0 open  4 done  0 failed

82424259 build (f36-java17, /rpms/caffeine.git:be012d8bbd21890fcdb2c4913fdeb79824f551a4) completed successfully
