Cloning into 'cambozola'...
[rawhide fdbfc9d] Rebuilt for java-17-openjdk as system jdk
 1 file changed, 4 insertions(+), 1 deletion(-)
Building cambozola-0.936-17.fc36 for f36-java17
Created task: 82424274
Task info: https://koji.fedoraproject.org/koji/taskinfo?taskID=82424274
Watching tasks (this may be safely interrupted)...
82424274 build (f36-java17, /rpms/cambozola.git:fdbfc9dba64abb5be9a220bd27f69aedd1bfde61): free
82424274 build (f36-java17, /rpms/cambozola.git:fdbfc9dba64abb5be9a220bd27f69aedd1bfde61): free -> open (buildvm-s390x-12.s390.fedoraproject.org)
  82424281 buildSRPMFromSCM (/rpms/cambozola.git:fdbfc9dba64abb5be9a220bd27f69aedd1bfde61): free
  82424281 buildSRPMFromSCM (/rpms/cambozola.git:fdbfc9dba64abb5be9a220bd27f69aedd1bfde61): free -> open (buildvm-x86-27.iad2.fedoraproject.org)
  82424281 buildSRPMFromSCM (/rpms/cambozola.git:fdbfc9dba64abb5be9a220bd27f69aedd1bfde61): open (buildvm-x86-27.iad2.fedoraproject.org) -> closed
  0 free  1 open  1 done  0 failed
  82424352 buildArch (cambozola-0.936-17.fc36.src.rpm, noarch): free
  82424352 buildArch (cambozola-0.936-17.fc36.src.rpm, noarch): free -> open (buildvm-x86-32.iad2.fedoraproject.org)
  82424352 buildArch (cambozola-0.936-17.fc36.src.rpm, noarch): open (buildvm-x86-32.iad2.fedoraproject.org) -> closed
  0 free  1 open  2 done  0 failed
  82424369 tagBuild (noarch): closed
82424274 build (f36-java17, /rpms/cambozola.git:fdbfc9dba64abb5be9a220bd27f69aedd1bfde61): open (buildvm-s390x-12.s390.fedoraproject.org) -> closed
  0 free  0 open  4 done  0 failed

82424274 build (f36-java17, /rpms/cambozola.git:fdbfc9dba64abb5be9a220bd27f69aedd1bfde61) completed successfully
