Cloning into 'canl-java'...
@@@@@@@@@@@@@@@@@@@@@@@@@@@@@@@@@@@@@@@@@@@@@@@@@@@@@@@@@@@
@    WARNING: REMOTE HOST IDENTIFICATION HAS CHANGED!     @
@@@@@@@@@@@@@@@@@@@@@@@@@@@@@@@@@@@@@@@@@@@@@@@@@@@@@@@@@@@
IT IS POSSIBLE THAT SOMEONE IS DOING SOMETHING NASTY!
Someone could be eavesdropping on you right now (man-in-the-middle attack)!
It is also possible that a host key has just been changed.
The fingerprint for the RSA key sent by the remote host is
SHA256:dJN0nFWBcWK7SFs2k0nnsO+XNA9+aEDY4FWO7uhxTN8.
Please contact your system administrator.
Add correct host key in /home/jvanek/.ssh/known_hosts to get rid of this message.
Offending RSA key in /home/jvanek/.ssh/known_hosts:2
Password authentication is disabled to avoid man-in-the-middle attacks.
Keyboard-interactive authentication is disabled to avoid man-in-the-middle attacks.
UpdateHostkeys is disabled because the host key is not trusted.
[rawhide 83ae886] Rebuilt for java-25-openjdk as preffered jdk
 1 file changed, 5 insertions(+), 2 deletions(-)
Building canl-java-2.8.3-10.fc43 for rawhide
Created task: 135449206
Task info: https://koji.fedoraproject.org/koji/taskinfo?taskID=135449206
Watching tasks (this may be safely interrupted)...
135449206 build (rawhide, /rpms/canl-java.git:83ae886b40f65e3dfe9a9f4fb92be87a020d32f4): free
135449206 build (rawhide, /rpms/canl-java.git:83ae886b40f65e3dfe9a9f4fb92be87a020d32f4): free -> assigned (buildhw-x86-03.rdu3.fedoraproject.org)
135449206 build (rawhide, /rpms/canl-java.git:83ae886b40f65e3dfe9a9f4fb92be87a020d32f4): assigned (buildhw-x86-03.rdu3.fedoraproject.org) -> open (buildhw-x86-03.rdu3.fedoraproject.org)
  135449220 buildSRPMFromSCM (/rpms/canl-java.git:83ae886b40f65e3dfe9a9f4fb92be87a020d32f4): free

build (rawhide, /rpms/) completed successfully
