Cloning into 'CardManager'...
[rawhide de76113] Rebuilt for java-21-openjdk as system jdk
 1 file changed, 4 insertions(+), 1 deletion(-)
warning: %patchN is deprecated (3 usages found), use %patch N (or %patch -P N)

Building CardManager-3-30.fc41 for f41-build-side-84507
Created task: 114132613
Task info: https://koji.fedoraproject.org/koji/taskinfo?taskID=114132613
Watching tasks (this may be safely interrupted)...
114132613 build (f41-build-side-84507, /rpms/CardManager.git:de761133355b75771c3e9760a6c21dc7e59a6375): free
114132613 build (f41-build-side-84507, /rpms/CardManager.git:de761133355b75771c3e9760a6c21dc7e59a6375): free -> assigned
114132613 build (f41-build-side-84507, /rpms/CardManager.git:de761133355b75771c3e9760a6c21dc7e59a6375): assigned -> open (buildhw-x86-11.iad2.fedoraproject.org)
  114132643 buildSRPMFromSCM (/rpms/CardManager.git:de761133355b75771c3e9760a6c21dc7e59a6375): free
  114132643 buildSRPMFromSCM (/rpms/CardManager.git:de761133355b75771c3e9760a6c21dc7e59a6375): free -> assigned
  114132643 buildSRPMFromSCM (/rpms/CardManager.git:de761133355b75771c3e9760a6c21dc7e59a6375): assigned -> open (buildvm-x86-15.iad2.fedoraproject.org)
  114132740 buildArch (CardManager-3-30.fc41.src.rpm, noarch): free
  114132643 buildSRPMFromSCM (/rpms/CardManager.git:de761133355b75771c3e9760a6c21dc7e59a6375): open (buildvm-x86-15.iad2.fedoraproject.org) -> closed
  1 free  1 open  1 done  0 failed
  114132740 buildArch (CardManager-3-30.fc41.src.rpm, noarch): free -> open (buildvm-s390x-08.s390.fedoraproject.org)
  114132740 buildArch (CardManager-3-30.fc41.src.rpm, noarch): open (buildvm-s390x-08.s390.fedoraproject.org) -> closed
  0 free  1 open  2 done  0 failed
  114132922 tagBuild (noarch): free
  114132922 tagBuild (noarch): free -> assigned
114132613 build (f41-build-side-84507, /rpms/CardManager.git:de761133355b75771c3e9760a6c21dc7e59a6375): open (buildhw-x86-11.iad2.fedoraproject.org) -> closed
  0 free  1 open  3 done  0 failed
  114132922 tagBuild (noarch): assigned -> closed
  0 free  0 open  4 done  0 failed

114132613 build (f41-build-side-84507, /rpms/CardManager.git:de761133355b75771c3e9760a6c21dc7e59a6375) completed successfully
