Cloning into 'ceph'...
[rawhide 977cf2d] Rebuilt for java-21-openjdk as system jdk
 1 file changed, 4 insertions(+), 1 deletion(-)
warning: Macro expanded in comment on line 287: %{?fedora} || 0%{?rhel} >= 10 )


Building ceph-18.2.1-10.fc41 for f41-build-side-84507
Created task: 114131704
Task info: https://koji.fedoraproject.org/koji/taskinfo?taskID=114131704
Watching tasks (this may be safely interrupted)...
114131704 build (f41-build-side-84507, /rpms/ceph.git:977cf2d5865bb698183efad15e072697b7fe26e3): free
114131704 build (f41-build-side-84507, /rpms/ceph.git:977cf2d5865bb698183efad15e072697b7fe26e3): free -> assigned
114131704 build (f41-build-side-84507, /rpms/ceph.git:977cf2d5865bb698183efad15e072697b7fe26e3): assigned -> open (buildvm-x86-22.iad2.fedoraproject.org)
  114131777 buildSRPMFromSCM (/rpms/ceph.git:977cf2d5865bb698183efad15e072697b7fe26e3): free
  114131777 buildSRPMFromSCM (/rpms/ceph.git:977cf2d5865bb698183efad15e072697b7fe26e3): free -> assigned
  114131777 buildSRPMFromSCM (/rpms/ceph.git:977cf2d5865bb698183efad15e072697b7fe26e3): assigned -> open (buildvm-a64-13.iad2.fedoraproject.org)
  114131777 buildSRPMFromSCM (/rpms/ceph.git:977cf2d5865bb698183efad15e072697b7fe26e3): open (buildvm-a64-13.iad2.fedoraproject.org) -> closed
  0 free  1 open  1 done  0 failed
  114131972 buildArch (ceph-18.2.1-10.fc41.src.rpm, aarch64): free
  114131974 buildArch (ceph-18.2.1-10.fc41.src.rpm, s390x): free
  114131973 buildArch (ceph-18.2.1-10.fc41.src.rpm, ppc64le): free
  114131971 buildArch (ceph-18.2.1-10.fc41.src.rpm, x86_64): free
  114131972 buildArch (ceph-18.2.1-10.fc41.src.rpm, aarch64): free -> assigned
  114131974 buildArch (ceph-18.2.1-10.fc41.src.rpm, s390x): free -> open (buildvm-s390x-05.s390.fedoraproject.org)
  114131973 buildArch (ceph-18.2.1-10.fc41.src.rpm, ppc64le): free -> assigned
  114131971 buildArch (ceph-18.2.1-10.fc41.src.rpm, x86_64): free -> assigned
  114131972 buildArch (ceph-18.2.1-10.fc41.src.rpm, aarch64): assigned -> open (buildhw-a64-23.iad2.fedoraproject.org)
  114131973 buildArch (ceph-18.2.1-10.fc41.src.rpm, ppc64le): assigned -> open (buildvm-ppc64le-11.iad2.fedoraproject.org)
  114131971 buildArch (ceph-18.2.1-10.fc41.src.rpm, x86_64): assigned -> open (buildhw-x86-03.iad2.fedoraproject.org)
  114131972 buildArch (ceph-18.2.1-10.fc41.src.rpm, aarch64): open (buildhw-a64-23.iad2.fedoraproject.org) -> free
  114131972 buildArch (ceph-18.2.1-10.fc41.src.rpm, aarch64): free -> assigned
  114131972 buildArch (ceph-18.2.1-10.fc41.src.rpm, aarch64): assigned -> open (buildhw-a64-22.iad2.fedoraproject.org)
  114131971 buildArch (ceph-18.2.1-10.fc41.src.rpm, x86_64): open (buildhw-x86-03.iad2.fedoraproject.org) -> closed
  0 free  4 open  2 done  0 failed
  114131972 buildArch (ceph-18.2.1-10.fc41.src.rpm, aarch64): open (buildhw-a64-22.iad2.fedoraproject.org) -> closed
  0 free  3 open  3 done  0 failed
  114131973 buildArch (ceph-18.2.1-10.fc41.src.rpm, ppc64le): open (buildvm-ppc64le-11.iad2.fedoraproject.org) -> closed
  0 free  2 open  4 done  0 failed
  114131974 buildArch (ceph-18.2.1-10.fc41.src.rpm, s390x): open (buildvm-s390x-05.s390.fedoraproject.org) -> closed
  0 free  1 open  5 done  0 failed
  114151560 tagBuild (noarch): free
  114151560 tagBuild (noarch): free -> closed
  0 free  1 open  6 done  0 failed
114131704 build (f41-build-side-84507, /rpms/ceph.git:977cf2d5865bb698183efad15e072697b7fe26e3): open (buildvm-x86-22.iad2.fedoraproject.org) -> closed
  0 free  0 open  7 done  0 failed

114131704 build (f41-build-side-84507, /rpms/ceph.git:977cf2d5865bb698183efad15e072697b7fe26e3) completed successfully
