Cloning into 'CFR'...
[f40 8819723] Rebuilt for java-21-openjdk as system jdk
 1 file changed, 4 insertions(+), 1 deletion(-)
Building CFR-0.151-16.fc40 for f40-build-side-84857
Created task: 114347842
Task info: https://koji.fedoraproject.org/koji/taskinfo?taskID=114347842
Watching tasks (this may be safely interrupted)...
114347842 build (f40-build-side-84857, /rpms/CFR.git:88197237e12233312b5193cf7d4b5e21696778c4): free
114347842 build (f40-build-side-84857, /rpms/CFR.git:88197237e12233312b5193cf7d4b5e21696778c4): free -> assigned
114347842 build (f40-build-side-84857, /rpms/CFR.git:88197237e12233312b5193cf7d4b5e21696778c4): assigned -> open (buildvm-a64-14.iad2.fedoraproject.org)
  114347849 buildSRPMFromSCM (/rpms/CFR.git:88197237e12233312b5193cf7d4b5e21696778c4): free
  114347849 buildSRPMFromSCM (/rpms/CFR.git:88197237e12233312b5193cf7d4b5e21696778c4): free -> assigned
  114347849 buildSRPMFromSCM (/rpms/CFR.git:88197237e12233312b5193cf7d4b5e21696778c4): assigned -> open (buildvm-x86-16.iad2.fedoraproject.org)
  114347921 buildArch (CFR-0.151-16.fc40.src.rpm, noarch): free
  114347849 buildSRPMFromSCM (/rpms/CFR.git:88197237e12233312b5193cf7d4b5e21696778c4): open (buildvm-x86-16.iad2.fedoraproject.org) -> closed
  1 free  1 open  1 done  0 failed
  114347921 buildArch (CFR-0.151-16.fc40.src.rpm, noarch): free -> assigned
  114347921 buildArch (CFR-0.151-16.fc40.src.rpm, noarch): assigned -> open (buildhw-x86-16.iad2.fedoraproject.org)
  114347921 buildArch (CFR-0.151-16.fc40.src.rpm, noarch): open (buildhw-x86-16.iad2.fedoraproject.org) -> closed
  0 free  1 open  2 done  0 failed
  114348077 tagBuild (noarch): free
  114348077 tagBuild (noarch): free -> closed
  0 free  1 open  3 done  0 failed
114347842 build (f40-build-side-84857, /rpms/CFR.git:88197237e12233312b5193cf7d4b5e21696778c4): open (buildvm-a64-14.iad2.fedoraproject.org) -> closed
  0 free  0 open  4 done  0 failed

114347842 build (f40-build-side-84857, /rpms/CFR.git:88197237e12233312b5193cf7d4b5e21696778c4) completed successfully
