Cloning into 'cglib'...
[f40 b9286d2] Rebuilt for java-21-openjdk as system jdk
 1 file changed, 4 insertions(+), 1 deletion(-)
Found a gating.yaml file in the repo and it is properly configured
Building cglib-3.3.0-15.fc40 for f40-build-side-84857
Created task: 114347844
Task info: https://koji.fedoraproject.org/koji/taskinfo?taskID=114347844
Watching tasks (this may be safely interrupted)...
114347844 build (f40-build-side-84857, /rpms/cglib.git:b9286d27f9ad54b03c5155b4947371987a87938f): free
114347844 build (f40-build-side-84857, /rpms/cglib.git:b9286d27f9ad54b03c5155b4947371987a87938f): free -> assigned
114347844 build (f40-build-side-84857, /rpms/cglib.git:b9286d27f9ad54b03c5155b4947371987a87938f): assigned -> open (buildvm-a64-22.iad2.fedoraproject.org)
  114347852 buildSRPMFromSCM (/rpms/cglib.git:b9286d27f9ad54b03c5155b4947371987a87938f): free
  114347852 buildSRPMFromSCM (/rpms/cglib.git:b9286d27f9ad54b03c5155b4947371987a87938f): free -> assigned
  114347852 buildSRPMFromSCM (/rpms/cglib.git:b9286d27f9ad54b03c5155b4947371987a87938f): assigned -> open (buildvm-x86-17.iad2.fedoraproject.org)
  114347852 buildSRPMFromSCM (/rpms/cglib.git:b9286d27f9ad54b03c5155b4947371987a87938f): open (buildvm-x86-17.iad2.fedoraproject.org) -> closed
  0 free  1 open  1 done  0 failed
  114347924 buildArch (cglib-3.3.0-15.fc40.src.rpm, noarch): free
  114347924 buildArch (cglib-3.3.0-15.fc40.src.rpm, noarch): free -> assigned
  114347924 buildArch (cglib-3.3.0-15.fc40.src.rpm, noarch): assigned -> open (buildvm-s390x-04.s390.fedoraproject.org)
  114347924 buildArch (cglib-3.3.0-15.fc40.src.rpm, noarch): open (buildvm-s390x-04.s390.fedoraproject.org) -> closed
  0 free  1 open  2 done  0 failed
  114348047 tagBuild (noarch): free
  114348047 tagBuild (noarch): free -> assigned
  114348047 tagBuild (noarch): assigned -> closed
  0 free  1 open  3 done  0 failed
114347844 build (f40-build-side-84857, /rpms/cglib.git:b9286d27f9ad54b03c5155b4947371987a87938f): open (buildvm-a64-22.iad2.fedoraproject.org) -> closed
  0 free  0 open  4 done  0 failed

114347844 build (f40-build-side-84857, /rpms/cglib.git:b9286d27f9ad54b03c5155b4947371987a87938f) completed successfully
