Cloning into 'chromium'...
[rawhide bb18323] Rebuilt for java-21-openjdk as system jdk
 1 file changed, 4 insertions(+), 1 deletion(-)
Building chromium-122.0.6261.69-2.fc41 for f41-build-side-84507
Created task: 114131878
Task info: https://koji.fedoraproject.org/koji/taskinfo?taskID=114131878
Watching tasks (this may be safely interrupted)...
114131878 build (f41-build-side-84507, /rpms/chromium.git:bb183235c938b2c9efe272187979c623e73c30bb): free
114131878 build (f41-build-side-84507, /rpms/chromium.git:bb183235c938b2c9efe272187979c623e73c30bb): free -> assigned
114131878 build (f41-build-side-84507, /rpms/chromium.git:bb183235c938b2c9efe272187979c623e73c30bb): assigned -> open (buildhw-x86-15.iad2.fedoraproject.org)
  114131905 buildSRPMFromSCM (/rpms/chromium.git:bb183235c938b2c9efe272187979c623e73c30bb): free
  114131905 buildSRPMFromSCM (/rpms/chromium.git:bb183235c938b2c9efe272187979c623e73c30bb): free -> open (buildvm-x86-07.iad2.fedoraproject.org)
  114131905 buildSRPMFromSCM (/rpms/chromium.git:bb183235c938b2c9efe272187979c623e73c30bb): open (buildvm-x86-07.iad2.fedoraproject.org) -> closed
  0 free  1 open  1 done  0 failed
  114132118 buildArch (chromium-122.0.6261.69-2.fc41.src.rpm, x86_64): free
  114132119 buildArch (chromium-122.0.6261.69-2.fc41.src.rpm, aarch64): free
  114132118 buildArch (chromium-122.0.6261.69-2.fc41.src.rpm, x86_64): free -> open (buildhw-x86-14.iad2.fedoraproject.org)
  114132119 buildArch (chromium-122.0.6261.69-2.fc41.src.rpm, aarch64): free -> assigned
  114132119 buildArch (chromium-122.0.6261.69-2.fc41.src.rpm, aarch64): assigned -> open (buildhw-a64-20.iad2.fedoraproject.org)
  114132119 buildArch (chromium-122.0.6261.69-2.fc41.src.rpm, aarch64): open (buildhw-a64-20.iad2.fedoraproject.org) -> closed
  0 free  2 open  2 done  0 failed
  114144621 tagBuild (noarch): free
  114132118 buildArch (chromium-122.0.6261.69-2.fc41.src.rpm, x86_64): open (buildhw-x86-14.iad2.fedoraproject.org) -> closed
  1 free  1 open  3 done  0 failed
114131878 build (f41-build-side-84507, /rpms/chromium.git:bb183235c938b2c9efe272187979c623e73c30bb): open (buildhw-x86-15.iad2.fedoraproject.org) -> closed
  1 free  0 open  4 done  0 failed
  114144621 tagBuild (noarch): free -> closed
  0 free  0 open  5 done  0 failed

114131878 build (f41-build-side-84507, /rpms/chromium.git:bb183235c938b2c9efe272187979c623e73c30bb) completed successfully
