Cloning into 'clojure-spec-alpha'...
@@@@@@@@@@@@@@@@@@@@@@@@@@@@@@@@@@@@@@@@@@@@@@@@@@@@@@@@@@@
@    WARNING: REMOTE HOST IDENTIFICATION HAS CHANGED!     @
@@@@@@@@@@@@@@@@@@@@@@@@@@@@@@@@@@@@@@@@@@@@@@@@@@@@@@@@@@@
IT IS POSSIBLE THAT SOMEONE IS DOING SOMETHING NASTY!
Someone could be eavesdropping on you right now (man-in-the-middle attack)!
It is also possible that a host key has just been changed.
The fingerprint for the RSA key sent by the remote host is
SHA256:dJN0nFWBcWK7SFs2k0nnsO+XNA9+aEDY4FWO7uhxTN8.
Please contact your system administrator.
Add correct host key in /home/jvanek/.ssh/known_hosts to get rid of this message.
Offending RSA key in /home/jvanek/.ssh/known_hosts:2
Password authentication is disabled to avoid man-in-the-middle attacks.
Keyboard-interactive authentication is disabled to avoid man-in-the-middle attacks.
UpdateHostkeys is disabled because the host key is not trusted.
[rawhide 937966f] Rebuilt for java-25-openjdk as preffered jdk
 1 file changed, 5 insertions(+), 2 deletions(-)
Building clojure-spec-alpha-0.5.238-4.fc43 for rawhide
Created task: 135449406
Task info: https://koji.fedoraproject.org/koji/taskinfo?taskID=135449406
Watching tasks (this may be safely interrupted)...
135449406 build (rawhide, /rpms/clojure-spec-alpha.git:937966f78ce40f5f3771be5d2a70ab8f4135242e): free
135449406 build (rawhide, /rpms/clojure-spec-alpha.git:937966f78ce40f5f3771be5d2a70ab8f4135242e): free -> assigned (buildvm-a64-40.rdu3.fedoraproject.org)
135449406 build (rawhide, /rpms/clojure-spec-alpha.git:937966f78ce40f5f3771be5d2a70ab8f4135242e): assigned (buildvm-a64-40.rdu3.fedoraproject.org) -> open (buildvm-a64-40.rdu3.fedoraproject.org)
  135449427 buildSRPMFromSCM (/rpms/clojure-spec-alpha.git:937966f78ce40f5f3771be5d2a70ab8f4135242e): free
  135449427 buildSRPMFromSCM (/rpms/clojure-spec-alpha.git:937966f78ce40f5f3771be5d2a70ab8f4135242e): free -> assigned (buildvm-a64-39.rdu3.fedoraproject.org)
  135449427 buildSRPMFromSCM (/rpms/clojure-spec-alpha.git:937966f78ce40f5f3771be5d2a70ab8f4135242e): assigned (buildvm-a64-39.rdu3.fedoraproject.org) -> open (buildvm-a64-39.rdu3.fedoraproject.org)
  135449427 buildSRPMFromSCM (/rpms/clojure-spec-alpha.git:937966f78ce40f5f3771be5d2a70ab8f4135242e): open (buildvm-a64-39.rdu3.fedoraproject.org) -> closed
  0 free  1 open  1 done  0 failed
  135449518 buildArch (clojure-spec-alpha-0.5.238-4.fc43.src.rpm, noarch): free

build (rawhide, /rpms/) completed successfully
