Cloning into 'clojure'...
@@@@@@@@@@@@@@@@@@@@@@@@@@@@@@@@@@@@@@@@@@@@@@@@@@@@@@@@@@@
@    WARNING: REMOTE HOST IDENTIFICATION HAS CHANGED!     @
@@@@@@@@@@@@@@@@@@@@@@@@@@@@@@@@@@@@@@@@@@@@@@@@@@@@@@@@@@@
IT IS POSSIBLE THAT SOMEONE IS DOING SOMETHING NASTY!
Someone could be eavesdropping on you right now (man-in-the-middle attack)!
It is also possible that a host key has just been changed.
The fingerprint for the RSA key sent by the remote host is
SHA256:dJN0nFWBcWK7SFs2k0nnsO+XNA9+aEDY4FWO7uhxTN8.
Please contact your system administrator.
Add correct host key in /home/jvanek/.ssh/known_hosts to get rid of this message.
Offending RSA key in /home/jvanek/.ssh/known_hosts:2
Password authentication is disabled to avoid man-in-the-middle attacks.
Keyboard-interactive authentication is disabled to avoid man-in-the-middle attacks.
UpdateHostkeys is disabled because the host key is not trusted.
[rawhide f8569c2] Rebuilt for java-25-openjdk as preffered jdk
 1 file changed, 5 insertions(+), 2 deletions(-)
Building clojure-1.12.0-4.fc43 for rawhide
Created task: 135449306
Task info: https://koji.fedoraproject.org/koji/taskinfo?taskID=135449306
Watching tasks (this may be safely interrupted)...
135449306 build (rawhide, /rpms/clojure.git:f8569c26e60b0086f9465d0277f1519d849c0c53): free
135449306 build (rawhide, /rpms/clojure.git:f8569c26e60b0086f9465d0277f1519d849c0c53): free -> open (buildvm-a64-21.rdu3.fedoraproject.org)
  135449322 buildSRPMFromSCM (/rpms/clojure.git:f8569c26e60b0086f9465d0277f1519d849c0c53): free
  135449322 buildSRPMFromSCM (/rpms/clojure.git:f8569c26e60b0086f9465d0277f1519d849c0c53): free -> assigned (buildvm-s390x-09.s390.fedoraproject.org)
  135449322 buildSRPMFromSCM (/rpms/clojure.git:f8569c26e60b0086f9465d0277f1519d849c0c53): assigned (buildvm-s390x-09.s390.fedoraproject.org) -> open (buildvm-s390x-09.s390.fedoraproject.org)
  135449322 buildSRPMFromSCM (/rpms/clojure.git:f8569c26e60b0086f9465d0277f1519d849c0c53): open (buildvm-s390x-09.s390.fedoraproject.org) -> closed
  0 free  1 open  1 done  0 failed
  135453924 buildArch (clojure-1.12.0-4.fc43.src.rpm, noarch): free
  135453924 buildArch (clojure-1.12.0-4.fc43.src.rpm, noarch): free -> assigned (buildhw-x86-02.rdu3.fedoraproject.org)
  135453924 buildArch (clojure-1.12.0-4.fc43.src.rpm, noarch): assigned (buildhw-x86-02.rdu3.fedoraproject.org) -> open (buildhw-x86-02.rdu3.fedoraproject.org)
  135453924 buildArch (clojure-1.12.0-4.fc43.src.rpm, noarch): open (buildhw-x86-02.rdu3.fedoraproject.org) -> closed
  0 free  1 open  2 done  0 failed
  135454016 tagBuild (noarch): free
  135454016 tagBuild (noarch): free -> assigned (buildvm-a64-43.rdu3.fedoraproject.org)
  135454016 tagBuild (noarch): assigned (buildvm-a64-43.rdu3.fedoraproject.org) -> closed
  0 free  1 open  3 done  0 failed
135449306 build (rawhide, /rpms/clojure.git:f8569c26e60b0086f9465d0277f1519d849c0c53): open (buildvm-a64-21.rdu3.fedoraproject.org) -> closed
  0 free  0 open  4 done  0 failed

135449306 build (rawhide, /rpms/clojure.git:f8569c26e60b0086f9465d0277f1519d849c0c53) completed successfully
