Cloning into 'clojure-maven-plugin'...
@@@@@@@@@@@@@@@@@@@@@@@@@@@@@@@@@@@@@@@@@@@@@@@@@@@@@@@@@@@
@    WARNING: REMOTE HOST IDENTIFICATION HAS CHANGED!     @
@@@@@@@@@@@@@@@@@@@@@@@@@@@@@@@@@@@@@@@@@@@@@@@@@@@@@@@@@@@
IT IS POSSIBLE THAT SOMEONE IS DOING SOMETHING NASTY!
Someone could be eavesdropping on you right now (man-in-the-middle attack)!
It is also possible that a host key has just been changed.
The fingerprint for the RSA key sent by the remote host is
SHA256:dJN0nFWBcWK7SFs2k0nnsO+XNA9+aEDY4FWO7uhxTN8.
Please contact your system administrator.
Add correct host key in /home/jvanek/.ssh/known_hosts to get rid of this message.
Offending RSA key in /home/jvanek/.ssh/known_hosts:2
Password authentication is disabled to avoid man-in-the-middle attacks.
Keyboard-interactive authentication is disabled to avoid man-in-the-middle attacks.
UpdateHostkeys is disabled because the host key is not trusted.
[rawhide 21a2a0a] Rebuilt for java-25-openjdk as preffered jdk
 1 file changed, 5 insertions(+), 2 deletions(-)
Building clojure-maven-plugin-1.9.3-4.fc43 for rawhide
Created task: 135449352
Task info: https://koji.fedoraproject.org/koji/taskinfo?taskID=135449352
Watching tasks (this may be safely interrupted)...
135449352 build (rawhide, /rpms/clojure-maven-plugin.git:21a2a0a2b0db4765cdd0fd4c099c1feca9f8482b): free
135449352 build (rawhide, /rpms/clojure-maven-plugin.git:21a2a0a2b0db4765cdd0fd4c099c1feca9f8482b): free -> assigned (buildvm-a64-45.rdu3.fedoraproject.org)
135449352 build (rawhide, /rpms/clojure-maven-plugin.git:21a2a0a2b0db4765cdd0fd4c099c1feca9f8482b): assigned (buildvm-a64-45.rdu3.fedoraproject.org) -> open (buildvm-a64-45.rdu3.fedoraproject.org)
  135449367 buildSRPMFromSCM (/rpms/clojure-maven-plugin.git:21a2a0a2b0db4765cdd0fd4c099c1feca9f8482b): free

build (rawhide, /rpms/) completed successfully
