Cloning into 'codehaus-parent'...
[rawhide 8c7462d] Rebuilt for java-21-openjdk as system jdk
 1 file changed, 4 insertions(+), 1 deletion(-)
warning: %patchN is deprecated (1 usages found), use %patch N (or %patch -P N)

Building codehaus-parent-4-30.fc41 for f41-build-side-84507
Created task: 114132948
Task info: https://koji.fedoraproject.org/koji/taskinfo?taskID=114132948
Watching tasks (this may be safely interrupted)...
114132948 build (f41-build-side-84507, /rpms/codehaus-parent.git:8c7462d69d8e12ec1ef001a5c0568975867a4f76): free
114132948 build (f41-build-side-84507, /rpms/codehaus-parent.git:8c7462d69d8e12ec1ef001a5c0568975867a4f76): free -> assigned
114132948 build (f41-build-side-84507, /rpms/codehaus-parent.git:8c7462d69d8e12ec1ef001a5c0568975867a4f76): assigned -> open (buildvm-ppc64le-15.iad2.fedoraproject.org)
  114132960 buildSRPMFromSCM (/rpms/codehaus-parent.git:8c7462d69d8e12ec1ef001a5c0568975867a4f76): free
  114132960 buildSRPMFromSCM (/rpms/codehaus-parent.git:8c7462d69d8e12ec1ef001a5c0568975867a4f76): free -> assigned
  114132960 buildSRPMFromSCM (/rpms/codehaus-parent.git:8c7462d69d8e12ec1ef001a5c0568975867a4f76): assigned -> open (buildvm-a64-13.iad2.fedoraproject.org)
  114132960 buildSRPMFromSCM (/rpms/codehaus-parent.git:8c7462d69d8e12ec1ef001a5c0568975867a4f76): open (buildvm-a64-13.iad2.fedoraproject.org) -> closed
  0 free  1 open  1 done  0 failed
  114133021 buildArch (codehaus-parent-4-30.fc41.src.rpm, noarch): free
  114133021 buildArch (codehaus-parent-4-30.fc41.src.rpm, noarch): free -> open (buildvm-x86-20.iad2.fedoraproject.org)
  114133021 buildArch (codehaus-parent-4-30.fc41.src.rpm, noarch): open (buildvm-x86-20.iad2.fedoraproject.org) -> closed
  0 free  1 open  2 done  0 failed
  114133129 tagBuild (noarch): free
  114133129 tagBuild (noarch): free -> assigned
  114133129 tagBuild (noarch): assigned -> closed
  0 free  1 open  3 done  0 failed
114132948 build (f41-build-side-84507, /rpms/codehaus-parent.git:8c7462d69d8e12ec1ef001a5c0568975867a4f76): open (buildvm-ppc64le-15.iad2.fedoraproject.org) -> closed
  0 free  0 open  4 done  0 failed

114132948 build (f41-build-side-84507, /rpms/codehaus-parent.git:8c7462d69d8e12ec1ef001a5c0568975867a4f76) completed successfully
