Cloning into 'compile-command-annotations'...
[rawhide 00baa7c] Rebuilt for java-17-openjdk as system jdk
 1 file changed, 4 insertions(+), 1 deletion(-)
Building compile-command-annotations-1.2.1-13.fc36 for f36-java17
Created task: 82424744
Task info: https://koji.fedoraproject.org/koji/taskinfo?taskID=82424744
Watching tasks (this may be safely interrupted)...
82424744 build (f36-java17, /rpms/compile-command-annotations.git:00baa7cce8b783e34a069c75856f4940ae422a2b): free
82424744 build (f36-java17, /rpms/compile-command-annotations.git:00baa7cce8b783e34a069c75856f4940ae422a2b): free -> open (buildvm-s390x-11.s390.fedoraproject.org)
  82424752 buildSRPMFromSCM (/rpms/compile-command-annotations.git:00baa7cce8b783e34a069c75856f4940ae422a2b): free
  82424752 buildSRPMFromSCM (/rpms/compile-command-annotations.git:00baa7cce8b783e34a069c75856f4940ae422a2b): free -> open (buildvm-ppc64le-08.iad2.fedoraproject.org)
  82424752 buildSRPMFromSCM (/rpms/compile-command-annotations.git:00baa7cce8b783e34a069c75856f4940ae422a2b): open (buildvm-ppc64le-08.iad2.fedoraproject.org) -> closed
  0 free  1 open  1 done  0 failed
  82424979 buildArch (compile-command-annotations-1.2.1-13.fc36.src.rpm, noarch): free
  82424979 buildArch (compile-command-annotations-1.2.1-13.fc36.src.rpm, noarch): free -> open (buildvm-s390x-11.s390.fedoraproject.org)
82424744 build (f36-java17, /rpms/compile-command-annotations.git:00baa7cce8b783e34a069c75856f4940ae422a2b): open (buildvm-s390x-11.s390.fedoraproject.org) -> FAILED: BuildError: error building package (arch noarch), mock exited with status 1; see build.log or root.log for more information
  0 free  1 open  1 done  1 failed
  82424979 buildArch (compile-command-annotations-1.2.1-13.fc36.src.rpm, noarch): open (buildvm-s390x-11.s390.fedoraproject.org) -> FAILED: BuildError: error building package (arch noarch), mock exited with status 1; see build.log or root.log for more information
  Relevant logs:
  https://kojipkgs.fedoraproject.org/work/tasks/4979/82424979/mock_output.log
  https://kojipkgs.fedoraproject.org/work/tasks/4979/82424979/hw_info.log
  https://kojipkgs.fedoraproject.org/work/tasks/4979/82424979/state.log
  https://kojipkgs.fedoraproject.org/work/tasks/4979/82424979/build.log
  https://kojipkgs.fedoraproject.org/work/tasks/4979/82424979/root.log
  0 free  0 open  1 done  2 failed

82424744 build (f36-java17, /rpms/compile-command-annotations.git:00baa7cce8b783e34a069c75856f4940ae422a2b) failed
