Cloning into 'console-image-viewer'...
[rawhide 2bb3037] Rebuilt for java-21-openjdk as system jdk
 1 file changed, 4 insertions(+), 1 deletion(-)
Building console-image-viewer-1.2-22.fc41 for f41-build-side-84507
Created task: 114132964
Task info: https://koji.fedoraproject.org/koji/taskinfo?taskID=114132964
Watching tasks (this may be safely interrupted)...
114132964 build (f41-build-side-84507, /rpms/console-image-viewer.git:2bb3037482b060bd844f35038efb0b1a84b959b2): free
114132964 build (f41-build-side-84507, /rpms/console-image-viewer.git:2bb3037482b060bd844f35038efb0b1a84b959b2): free -> assigned
114132964 build (f41-build-side-84507, /rpms/console-image-viewer.git:2bb3037482b060bd844f35038efb0b1a84b959b2): assigned -> open (buildhw-a64-21.iad2.fedoraproject.org)
  114132966 buildSRPMFromSCM (/rpms/console-image-viewer.git:2bb3037482b060bd844f35038efb0b1a84b959b2): free
  114132966 buildSRPMFromSCM (/rpms/console-image-viewer.git:2bb3037482b060bd844f35038efb0b1a84b959b2): free -> open (buildvm-a64-33.iad2.fedoraproject.org)
  114133060 buildArch (console-image-viewer-1.2-22.fc41.src.rpm, noarch): free
  114132966 buildSRPMFromSCM (/rpms/console-image-viewer.git:2bb3037482b060bd844f35038efb0b1a84b959b2): open (buildvm-a64-33.iad2.fedoraproject.org) -> closed
  1 free  1 open  1 done  0 failed
  114133060 buildArch (console-image-viewer-1.2-22.fc41.src.rpm, noarch): free -> open (buildvm-s390x-10.s390.fedoraproject.org)
  114133060 buildArch (console-image-viewer-1.2-22.fc41.src.rpm, noarch): open (buildvm-s390x-10.s390.fedoraproject.org) -> closed
  0 free  1 open  2 done  0 failed
  114133162 tagBuild (noarch): free
  114133162 tagBuild (noarch): free -> assigned
  114133162 tagBuild (noarch): assigned -> closed
  0 free  1 open  3 done  0 failed
114132964 build (f41-build-side-84507, /rpms/console-image-viewer.git:2bb3037482b060bd844f35038efb0b1a84b959b2): open (buildhw-a64-21.iad2.fedoraproject.org) -> closed
  0 free  0 open  4 done  0 failed

114132964 build (f41-build-side-84507, /rpms/console-image-viewer.git:2bb3037482b060bd844f35038efb0b1a84b959b2) completed successfully
