Cloning into 'crypto-policies'...
@@@@@@@@@@@@@@@@@@@@@@@@@@@@@@@@@@@@@@@@@@@@@@@@@@@@@@@@@@@
@    WARNING: REMOTE HOST IDENTIFICATION HAS CHANGED!     @
@@@@@@@@@@@@@@@@@@@@@@@@@@@@@@@@@@@@@@@@@@@@@@@@@@@@@@@@@@@
IT IS POSSIBLE THAT SOMEONE IS DOING SOMETHING NASTY!
Someone could be eavesdropping on you right now (man-in-the-middle attack)!
It is also possible that a host key has just been changed.
The fingerprint for the RSA key sent by the remote host is
SHA256:dJN0nFWBcWK7SFs2k0nnsO+XNA9+aEDY4FWO7uhxTN8.
Please contact your system administrator.
Add correct host key in /home/jvanek/.ssh/known_hosts to get rid of this message.
Offending RSA key in /home/jvanek/.ssh/known_hosts:2
Password authentication is disabled to avoid man-in-the-middle attacks.
Keyboard-interactive authentication is disabled to avoid man-in-the-middle attacks.
UpdateHostkeys is disabled because the host key is not trusted.
[rawhide 6d1d3ac] Rebuilt for java-25-openjdk as preffered jdk
 1 file changed, 5 insertions(+), 2 deletions(-)
warning: /home/jvanek/git/FedoraSystemJdkBump/scritps/massRebuild/work/crypto-policies/crypto-policies.spec line 64: autopatch: no matching patches in range

Building crypto-policies-20250714-3.gitcd6043a.fc43 for rawhide
Created task: 135449493
Task info: https://koji.fedoraproject.org/koji/taskinfo?taskID=135449493
Watching tasks (this may be safely interrupted)...
135449493 build (rawhide, /rpms/crypto-policies.git:6d1d3acde29408cb9faead04f76f67fd5b922112): free
135449493 build (rawhide, /rpms/crypto-policies.git:6d1d3acde29408cb9faead04f76f67fd5b922112): free -> assigned (buildvm-a64-15.rdu3.fedoraproject.org)
135449493 build (rawhide, /rpms/crypto-policies.git:6d1d3acde29408cb9faead04f76f67fd5b922112): assigned (buildvm-a64-15.rdu3.fedoraproject.org) -> open (buildvm-a64-15.rdu3.fedoraproject.org)
  135449513 buildSRPMFromSCM (/rpms/crypto-policies.git:6d1d3acde29408cb9faead04f76f67fd5b922112): free
  135449513 buildSRPMFromSCM (/rpms/crypto-policies.git:6d1d3acde29408cb9faead04f76f67fd5b922112): free -> assigned (buildvm-ppc64le-28.rdu3.fedoraproject.org)
  135449513 buildSRPMFromSCM (/rpms/crypto-policies.git:6d1d3acde29408cb9faead04f76f67fd5b922112): assigned (buildvm-ppc64le-28.rdu3.fedoraproject.org) -> open (buildvm-ppc64le-28.rdu3.fedoraproject.org)
  135450781 buildArch (crypto-policies-20250714-3.gitcd6043a.fc43.src.rpm, noarch): free
  135449513 buildSRPMFromSCM (/rpms/crypto-policies.git:6d1d3acde29408cb9faead04f76f67fd5b922112): open (buildvm-ppc64le-28.rdu3.fedoraproject.org) -> closed
  1 free  1 open  1 done  0 failed
  135450781 buildArch (crypto-policies-20250714-3.gitcd6043a.fc43.src.rpm, noarch): free -> assigned (buildvm-ppc64le-26.rdu3.fedoraproject.org)
  135450781 buildArch (crypto-policies-20250714-3.gitcd6043a.fc43.src.rpm, noarch): assigned (buildvm-ppc64le-26.rdu3.fedoraproject.org) -> open (buildvm-ppc64le-26.rdu3.fedoraproject.org)
  135450781 buildArch (crypto-policies-20250714-3.gitcd6043a.fc43.src.rpm, noarch): open (buildvm-ppc64le-26.rdu3.fedoraproject.org) -> closed
  0 free  1 open  2 done  0 failed
  135450992 tagBuild (noarch): free
  135450992 tagBuild (noarch): free -> assigned (buildvm-a64-23.rdu3.fedoraproject.org)
135449493 build (rawhide, /rpms/crypto-policies.git:6d1d3acde29408cb9faead04f76f67fd5b922112): open (buildvm-a64-15.rdu3.fedoraproject.org) -> closed
  0 free  1 open  3 done  0 failed
  135450992 tagBuild (noarch): assigned (buildvm-a64-23.rdu3.fedoraproject.org) -> closed
  0 free  0 open  4 done  0 failed

135449493 build (rawhide, /rpms/crypto-policies.git:6d1d3acde29408cb9faead04f76f67fd5b922112) completed successfully
