Cloning into 'csound'...
[rawhide b8306c0] Rebuilt for java-17-openjdk as system jdk
 1 file changed, 4 insertions(+), 1 deletion(-)
warning: Macro expanded in comment on line 315: %{_libdir}/%{name}/plugins-6.0/libpy.so


Building csound-6.16.2-3.fc36 for f36-java17
Created task: 82425617
Task info: https://koji.fedoraproject.org/koji/taskinfo?taskID=82425617
Watching tasks (this may be safely interrupted)...
82425617 build (f36-java17, /rpms/csound.git:b8306c0e7b5cf5f561b5dfeb99d18ae2321429b1): free
82425617 build (f36-java17, /rpms/csound.git:b8306c0e7b5cf5f561b5dfeb99d18ae2321429b1): free -> open (buildvm-ppc64le-11.iad2.fedoraproject.org)
  82425618 buildSRPMFromSCM (/rpms/csound.git:b8306c0e7b5cf5f561b5dfeb99d18ae2321429b1): open (buildvm-ppc64le-11.iad2.fedoraproject.org)
  82425618 buildSRPMFromSCM (/rpms/csound.git:b8306c0e7b5cf5f561b5dfeb99d18ae2321429b1): open (buildvm-ppc64le-11.iad2.fedoraproject.org) -> closed
  0 free  1 open  1 done  0 failed
  82425654 buildArch (csound-6.16.2-3.fc36.src.rpm, i686): free
  82425655 buildArch (csound-6.16.2-3.fc36.src.rpm, x86_64): free
  82425653 buildArch (csound-6.16.2-3.fc36.src.rpm, armv7hl): free
  82425656 buildArch (csound-6.16.2-3.fc36.src.rpm, aarch64): open (buildvm-a64-09.iad2.fedoraproject.org)
  82425657 buildArch (csound-6.16.2-3.fc36.src.rpm, ppc64le): free
  82425658 buildArch (csound-6.16.2-3.fc36.src.rpm, s390x): open (buildvm-s390x-34.s390.fedoraproject.org)
  82425653 buildArch (csound-6.16.2-3.fc36.src.rpm, armv7hl): free -> open (buildvm-a32-12.iad2.fedoraproject.org)
  82425654 buildArch (csound-6.16.2-3.fc36.src.rpm, i686): free -> open (buildvm-x86-08.iad2.fedoraproject.org)
  82425657 buildArch (csound-6.16.2-3.fc36.src.rpm, ppc64le): free -> open (buildvm-ppc64le-15.iad2.fedoraproject.org)
  82425655 buildArch (csound-6.16.2-3.fc36.src.rpm, x86_64): free -> open (buildvm-x86-11.iad2.fedoraproject.org)
  82425655 buildArch (csound-6.16.2-3.fc36.src.rpm, x86_64): open (buildvm-x86-11.iad2.fedoraproject.org) -> closed
  0 free  6 open  2 done  0 failed
  82425654 buildArch (csound-6.16.2-3.fc36.src.rpm, i686): open (buildvm-x86-08.iad2.fedoraproject.org) -> closed
  0 free  5 open  3 done  0 failed
  82425657 buildArch (csound-6.16.2-3.fc36.src.rpm, ppc64le): open (buildvm-ppc64le-15.iad2.fedoraproject.org) -> closed
  0 free  4 open  4 done  0 failed
  82425658 buildArch (csound-6.16.2-3.fc36.src.rpm, s390x): open (buildvm-s390x-34.s390.fedoraproject.org) -> closed
  0 free  3 open  5 done  0 failed
  82425656 buildArch (csound-6.16.2-3.fc36.src.rpm, aarch64): open (buildvm-a64-09.iad2.fedoraproject.org) -> closed
  0 free  2 open  6 done  0 failed
  82425653 buildArch (csound-6.16.2-3.fc36.src.rpm, armv7hl): open (buildvm-a32-12.iad2.fedoraproject.org) -> closed
  0 free  1 open  7 done  0 failed
  82425813 tagBuild (noarch): closed
82425617 build (f36-java17, /rpms/csound.git:b8306c0e7b5cf5f561b5dfeb99d18ae2321429b1): open (buildvm-ppc64le-11.iad2.fedoraproject.org) -> closed
  0 free  0 open  9 done  0 failed

82425617 build (f36-java17, /rpms/csound.git:b8306c0e7b5cf5f561b5dfeb99d18ae2321429b1) completed successfully
