Cloning into 'cvc4'...
[rawhide 32c7ee2] Rebuilt for java-17-openjdk as system jdk
 1 file changed, 4 insertions(+), 1 deletion(-)
Building cvc4-1.8-9.fc36 for f36-java17
Created task: 82425628
Task info: https://koji.fedoraproject.org/koji/taskinfo?taskID=82425628
Watching tasks (this may be safely interrupted)...
82425628 build (f36-java17, /rpms/cvc4.git:32c7ee2a19498122dcc424ea41134b5ad0b775c2): free
82425628 build (f36-java17, /rpms/cvc4.git:32c7ee2a19498122dcc424ea41134b5ad0b775c2): free -> open (buildvm-x86-06.iad2.fedoraproject.org)
  82425632 buildSRPMFromSCM (/rpms/cvc4.git:32c7ee2a19498122dcc424ea41134b5ad0b775c2): open (buildvm-ppc64le-15.iad2.fedoraproject.org)
  82425660 buildArch (cvc4-1.8-9.fc36.src.rpm, armv7hl): free
  82425662 buildArch (cvc4-1.8-9.fc36.src.rpm, x86_64): free
  82425664 buildArch (cvc4-1.8-9.fc36.src.rpm, ppc64le): free
  82425661 buildArch (cvc4-1.8-9.fc36.src.rpm, i686): free
  82425663 buildArch (cvc4-1.8-9.fc36.src.rpm, aarch64): free
  82425665 buildArch (cvc4-1.8-9.fc36.src.rpm, s390x): open (buildvm-s390x-33.s390.fedoraproject.org)
  82425632 buildSRPMFromSCM (/rpms/cvc4.git:32c7ee2a19498122dcc424ea41134b5ad0b775c2): open (buildvm-ppc64le-15.iad2.fedoraproject.org) -> closed
  5 free  2 open  1 done  0 failed
  82425660 buildArch (cvc4-1.8-9.fc36.src.rpm, armv7hl): free -> open (buildvm-a32-27.iad2.fedoraproject.org)
  82425664 buildArch (cvc4-1.8-9.fc36.src.rpm, ppc64le): free -> open (buildvm-ppc64le-14.iad2.fedoraproject.org)
  82425661 buildArch (cvc4-1.8-9.fc36.src.rpm, i686): free -> open (buildvm-x86-04.iad2.fedoraproject.org)
  82425663 buildArch (cvc4-1.8-9.fc36.src.rpm, aarch64): free -> open (buildvm-a64-14.iad2.fedoraproject.org)
  82425662 buildArch (cvc4-1.8-9.fc36.src.rpm, x86_64): free -> open (buildvm-x86-20.iad2.fedoraproject.org)
  82425661 buildArch (cvc4-1.8-9.fc36.src.rpm, i686): open (buildvm-x86-04.iad2.fedoraproject.org) -> closed
  0 free  6 open  2 done  0 failed
  82425662 buildArch (cvc4-1.8-9.fc36.src.rpm, x86_64): open (buildvm-x86-20.iad2.fedoraproject.org) -> closed
  0 free  5 open  3 done  0 failed
  82425664 buildArch (cvc4-1.8-9.fc36.src.rpm, ppc64le): open (buildvm-ppc64le-14.iad2.fedoraproject.org) -> closed
  0 free  4 open  4 done  0 failed
  82425665 buildArch (cvc4-1.8-9.fc36.src.rpm, s390x): open (buildvm-s390x-33.s390.fedoraproject.org) -> closed
  0 free  3 open  5 done  0 failed
  82425663 buildArch (cvc4-1.8-9.fc36.src.rpm, aarch64): open (buildvm-a64-14.iad2.fedoraproject.org) -> closed
  0 free  2 open  6 done  0 failed
  82425660 buildArch (cvc4-1.8-9.fc36.src.rpm, armv7hl): open (buildvm-a32-27.iad2.fedoraproject.org) -> closed
  0 free  1 open  7 done  0 failed
  82428094 tagBuild (noarch): closed
82425628 build (f36-java17, /rpms/cvc4.git:32c7ee2a19498122dcc424ea41134b5ad0b775c2): open (buildvm-x86-06.iad2.fedoraproject.org) -> closed
  0 free  0 open  9 done  0 failed

82425628 build (f36-java17, /rpms/cvc4.git:32c7ee2a19498122dcc424ea41134b5ad0b775c2) completed successfully
