Cloning into 'cvc5'...
@@@@@@@@@@@@@@@@@@@@@@@@@@@@@@@@@@@@@@@@@@@@@@@@@@@@@@@@@@@
@    WARNING: REMOTE HOST IDENTIFICATION HAS CHANGED!     @
@@@@@@@@@@@@@@@@@@@@@@@@@@@@@@@@@@@@@@@@@@@@@@@@@@@@@@@@@@@
IT IS POSSIBLE THAT SOMEONE IS DOING SOMETHING NASTY!
Someone could be eavesdropping on you right now (man-in-the-middle attack)!
It is also possible that a host key has just been changed.
The fingerprint for the RSA key sent by the remote host is
SHA256:dJN0nFWBcWK7SFs2k0nnsO+XNA9+aEDY4FWO7uhxTN8.
Please contact your system administrator.
Add correct host key in /home/jvanek/.ssh/known_hosts to get rid of this message.
Offending RSA key in /home/jvanek/.ssh/known_hosts:2
Password authentication is disabled to avoid man-in-the-middle attacks.
Keyboard-interactive authentication is disabled to avoid man-in-the-middle attacks.
UpdateHostkeys is disabled because the host key is not trusted.
RPMAutoSpec usage detected, not changing the spec file.
[rawhide 71f0759] Rebuilt for java-25-openjdk as preffered jdk
 1 file changed, 2 insertions(+), 2 deletions(-)
Building cvc5-1.3.0-3.fc43 for rawhide
Created task: 135449532
Task info: https://koji.fedoraproject.org/koji/taskinfo?taskID=135449532
Watching tasks (this may be safely interrupted)...
135449532 build (rawhide, /rpms/cvc5.git:71f075947c3e28b901182ea0a7b35b59595dedfc): free
135449532 build (rawhide, /rpms/cvc5.git:71f075947c3e28b901182ea0a7b35b59595dedfc): free -> assigned (buildvm-a64-35.rdu3.fedoraproject.org)
135449532 build (rawhide, /rpms/cvc5.git:71f075947c3e28b901182ea0a7b35b59595dedfc): assigned (buildvm-a64-35.rdu3.fedoraproject.org) -> open (buildvm-a64-35.rdu3.fedoraproject.org)
  135449568 buildSRPMFromSCM (/rpms/cvc5.git:71f075947c3e28b901182ea0a7b35b59595dedfc): free
  135449568 buildSRPMFromSCM (/rpms/cvc5.git:71f075947c3e28b901182ea0a7b35b59595dedfc): free -> assigned (buildvm-ppc64le-28.rdu3.fedoraproject.org)
  135449568 buildSRPMFromSCM (/rpms/cvc5.git:71f075947c3e28b901182ea0a7b35b59595dedfc): assigned (buildvm-ppc64le-28.rdu3.fedoraproject.org) -> open (buildvm-ppc64le-28.rdu3.fedoraproject.org)
  135449568 buildSRPMFromSCM (/rpms/cvc5.git:71f075947c3e28b901182ea0a7b35b59595dedfc): open (buildvm-ppc64le-28.rdu3.fedoraproject.org) -> closed
  0 free  1 open  1 done  0 failed
  135450815 buildArch (cvc5-1.3.0-3.fc43.src.rpm, x86_64): free
  135450816 buildArch (cvc5-1.3.0-3.fc43.src.rpm, aarch64): free
  135450817 buildArch (cvc5-1.3.0-3.fc43.src.rpm, ppc64le): free
  135450818 buildArch (cvc5-1.3.0-3.fc43.src.rpm, s390x): free
  135450815 buildArch (cvc5-1.3.0-3.fc43.src.rpm, x86_64): free -> assigned (buildvm-x86-06.rdu3.fedoraproject.org)
  135450816 buildArch (cvc5-1.3.0-3.fc43.src.rpm, aarch64): free -> assigned (buildhw-a64-01.rdu3.fedoraproject.org)
  135450815 buildArch (cvc5-1.3.0-3.fc43.src.rpm, x86_64): assigned (buildvm-x86-06.rdu3.fedoraproject.org) -> open (buildvm-x86-06.rdu3.fedoraproject.org)
  135450816 buildArch (cvc5-1.3.0-3.fc43.src.rpm, aarch64): assigned (buildhw-a64-01.rdu3.fedoraproject.org) -> open (buildhw-a64-01.rdu3.fedoraproject.org)
  135450817 buildArch (cvc5-1.3.0-3.fc43.src.rpm, ppc64le): free -> assigned (buildvm-ppc64le-09.rdu3.fedoraproject.org)
  135450817 buildArch (cvc5-1.3.0-3.fc43.src.rpm, ppc64le): assigned (buildvm-ppc64le-09.rdu3.fedoraproject.org) -> open (buildvm-ppc64le-09.rdu3.fedoraproject.org)
  135450816 buildArch (cvc5-1.3.0-3.fc43.src.rpm, aarch64): open (buildhw-a64-01.rdu3.fedoraproject.org) -> closed
  1 free  3 open  2 done  0 failed
  135450815 buildArch (cvc5-1.3.0-3.fc43.src.rpm, x86_64): open (buildvm-x86-06.rdu3.fedoraproject.org) -> closed
  1 free  2 open  3 done  0 failed
  135450817 buildArch (cvc5-1.3.0-3.fc43.src.rpm, ppc64le): open (buildvm-ppc64le-09.rdu3.fedoraproject.org) -> closed
  1 free  1 open  4 done  0 failed

build (rawhide, /rpms/) completed successfully
