Cloning into 'decentxml'...
@@@@@@@@@@@@@@@@@@@@@@@@@@@@@@@@@@@@@@@@@@@@@@@@@@@@@@@@@@@
@    WARNING: REMOTE HOST IDENTIFICATION HAS CHANGED!     @
@@@@@@@@@@@@@@@@@@@@@@@@@@@@@@@@@@@@@@@@@@@@@@@@@@@@@@@@@@@
IT IS POSSIBLE THAT SOMEONE IS DOING SOMETHING NASTY!
Someone could be eavesdropping on you right now (man-in-the-middle attack)!
It is also possible that a host key has just been changed.
The fingerprint for the RSA key sent by the remote host is
SHA256:dJN0nFWBcWK7SFs2k0nnsO+XNA9+aEDY4FWO7uhxTN8.
Please contact your system administrator.
Add correct host key in /home/jvanek/.ssh/known_hosts to get rid of this message.
Offending RSA key in /home/jvanek/.ssh/known_hosts:2
Password authentication is disabled to avoid man-in-the-middle attacks.
Keyboard-interactive authentication is disabled to avoid man-in-the-middle attacks.
UpdateHostkeys is disabled because the host key is not trusted.
[rawhide ed56171] Rrevert to jdk21
 1 file changed, 5 insertions(+), 2 deletions(-)
Building decentxml-1.4-41.fc43 for rawhide
Created task: 135483166
Task info: https://koji.fedoraproject.org/koji/taskinfo?taskID=135483166
Watching tasks (this may be safely interrupted)...
135483166 build (rawhide, /rpms/decentxml.git:ed561718ef0635ed09109cf9c1222589e05c0c90): free
135483166 build (rawhide, /rpms/decentxml.git:ed561718ef0635ed09109cf9c1222589e05c0c90): free -> assigned (buildvm-a64-07.rdu3.fedoraproject.org)
135483166 build (rawhide, /rpms/decentxml.git:ed561718ef0635ed09109cf9c1222589e05c0c90): assigned (buildvm-a64-07.rdu3.fedoraproject.org) -> open (buildvm-a64-07.rdu3.fedoraproject.org)
  135483179 buildSRPMFromSCM (/rpms/decentxml.git:ed561718ef0635ed09109cf9c1222589e05c0c90): free
  135483179 buildSRPMFromSCM (/rpms/decentxml.git:ed561718ef0635ed09109cf9c1222589e05c0c90): free -> assigned (buildvm-a64-45.rdu3.fedoraproject.org)
  135483179 buildSRPMFromSCM (/rpms/decentxml.git:ed561718ef0635ed09109cf9c1222589e05c0c90): assigned (buildvm-a64-45.rdu3.fedoraproject.org) -> open (buildvm-a64-45.rdu3.fedoraproject.org)
  135483179 buildSRPMFromSCM (/rpms/decentxml.git:ed561718ef0635ed09109cf9c1222589e05c0c90): open (buildvm-a64-45.rdu3.fedoraproject.org) -> closed
  0 free  1 open  1 done  0 failed
  135483258 buildArch (decentxml-1.4-41.fc43.src.rpm, noarch): free
  135483258 buildArch (decentxml-1.4-41.fc43.src.rpm, noarch): free -> open (buildvm-ppc64le-14.rdu3.fedoraproject.org)
  135483258 buildArch (decentxml-1.4-41.fc43.src.rpm, noarch): open (buildvm-ppc64le-14.rdu3.fedoraproject.org) -> FAILED: BuildError: error building package (arch noarch), mock exited with status 1; see build.log or root.log for more information
  Relevant logs:
  https://kojipkgs.fedoraproject.org/work/tasks/3258/135483258/mock_config.log
  https://kojipkgs.fedoraproject.org/work/tasks/3258/135483258/state.log
  https://kojipkgs.fedoraproject.org/work/tasks/3258/135483258/build.log
  https://kojipkgs.fedoraproject.org/work/tasks/3258/135483258/root.log
  https://kojipkgs.fedoraproject.org/work/tasks/3258/135483258/mock_output.log
  https://kojipkgs.fedoraproject.org/work/tasks/3258/135483258/hw_info.log
  https://kojipkgs.fedoraproject.org/work/tasks/3258/135483258/dnf5.log
  0 free  1 open  1 done  1 failed
135483166 build (rawhide, /rpms/decentxml.git:ed561718ef0635ed09109cf9c1222589e05c0c90): open (buildvm-a64-07.rdu3.fedoraproject.org) -> FAILED: BuildError: error building package (arch noarch), mock exited with status 1; see build.log or root.log for more information
  0 free  0 open  1 done  2 failed

135483166 build (rawhide, /rpms/decentxml.git:ed561718ef0635ed09109cf9c1222589e05c0c90) failed
