Cloning into 'DecodeIR'...
[rawhide da732f5] Rebuilt for java-17-openjdk as system jdk
 1 file changed, 4 insertions(+), 1 deletion(-)
Building DecodeIR-2.45-20.fc36 for f36-java17
Created task: 82425649
Task info: https://koji.fedoraproject.org/koji/taskinfo?taskID=82425649
Watching tasks (this may be safely interrupted)...
82425649 build (f36-java17, /rpms/DecodeIR.git:da732f5d5f9ab735f1216c1bf3819e5e4fbd2444): free
82425649 build (f36-java17, /rpms/DecodeIR.git:da732f5d5f9ab735f1216c1bf3819e5e4fbd2444): free -> open (buildvm-x86-08.iad2.fedoraproject.org)
  82425652 buildSRPMFromSCM (/rpms/DecodeIR.git:da732f5d5f9ab735f1216c1bf3819e5e4fbd2444): open (buildvm-x86-08.iad2.fedoraproject.org)
  82425652 buildSRPMFromSCM (/rpms/DecodeIR.git:da732f5d5f9ab735f1216c1bf3819e5e4fbd2444): open (buildvm-x86-08.iad2.fedoraproject.org) -> closed
  0 free  1 open  1 done  0 failed
  82425692 buildArch (DecodeIR-2.45-20.fc36.src.rpm, i686): free
  82425693 buildArch (DecodeIR-2.45-20.fc36.src.rpm, x86_64): free
  82425695 buildArch (DecodeIR-2.45-20.fc36.src.rpm, ppc64le): free
  82425696 buildArch (DecodeIR-2.45-20.fc36.src.rpm, s390x): open (buildvm-s390x-28.s390.fedoraproject.org)
  82425691 buildArch (DecodeIR-2.45-20.fc36.src.rpm, armv7hl): open (buildvm-a32-11.iad2.fedoraproject.org)
  82425694 buildArch (DecodeIR-2.45-20.fc36.src.rpm, aarch64): open (buildvm-a64-05.iad2.fedoraproject.org)
  82425692 buildArch (DecodeIR-2.45-20.fc36.src.rpm, i686): free -> open (buildvm-x86-19.iad2.fedoraproject.org)
  82425693 buildArch (DecodeIR-2.45-20.fc36.src.rpm, x86_64): free -> open (buildvm-x86-13.iad2.fedoraproject.org)
  82425695 buildArch (DecodeIR-2.45-20.fc36.src.rpm, ppc64le): free -> open (buildvm-ppc64le-31.iad2.fedoraproject.org)
  82425696 buildArch (DecodeIR-2.45-20.fc36.src.rpm, s390x): open (buildvm-s390x-28.s390.fedoraproject.org) -> FAILED: BuildError: error building package (arch s390x), mock exited with status 1; see build.log or root.log for more information
  Relevant logs:
  https://kojipkgs.fedoraproject.org/work/tasks/5696/82425696/mock_output.log
  https://kojipkgs.fedoraproject.org/work/tasks/5696/82425696/hw_info.log
  https://kojipkgs.fedoraproject.org/work/tasks/5696/82425696/state.log
  https://kojipkgs.fedoraproject.org/work/tasks/5696/82425696/build.log
  https://kojipkgs.fedoraproject.org/work/tasks/5696/82425696/root.log
  0 free  6 open  1 done  1 failed
82425649 build (f36-java17, /rpms/DecodeIR.git:da732f5d5f9ab735f1216c1bf3819e5e4fbd2444): open (buildvm-x86-08.iad2.fedoraproject.org) -> FAILED: BuildError: error building package (arch s390x), mock exited with status 1; see build.log or root.log for more information
  0 free  5 open  1 done  2 failed
  82425692 buildArch (DecodeIR-2.45-20.fc36.src.rpm, i686): open (buildvm-x86-19.iad2.fedoraproject.org) -> canceled
  0 free  4 open  2 done  2 failed
  82425693 buildArch (DecodeIR-2.45-20.fc36.src.rpm, x86_64): open (buildvm-x86-13.iad2.fedoraproject.org) -> canceled
  0 free  3 open  3 done  2 failed
  82425695 buildArch (DecodeIR-2.45-20.fc36.src.rpm, ppc64le): open (buildvm-ppc64le-31.iad2.fedoraproject.org) -> canceled
  0 free  2 open  4 done  2 failed
  82425691 buildArch (DecodeIR-2.45-20.fc36.src.rpm, armv7hl): open (buildvm-a32-11.iad2.fedoraproject.org) -> canceled
  0 free  1 open  5 done  2 failed
  82425694 buildArch (DecodeIR-2.45-20.fc36.src.rpm, aarch64): open (buildvm-a64-05.iad2.fedoraproject.org) -> canceled
  0 free  0 open  6 done  2 failed

82425649 build (f36-java17, /rpms/DecodeIR.git:da732f5d5f9ab735f1216c1bf3819e5e4fbd2444) failed
