Cloning into 'directory-maven-plugin'...
[rawhide e14056e] Rebuilt for java-21-openjdk as system jdk
 1 file changed, 4 insertions(+), 1 deletion(-)
Building directory-maven-plugin-0.3.1-13.fc41 for f41-build-side-84507
Created task: 114133132
Task info: https://koji.fedoraproject.org/koji/taskinfo?taskID=114133132
Watching tasks (this may be safely interrupted)...
114133132 build (f41-build-side-84507, /rpms/directory-maven-plugin.git:e14056e55d5990c6d6ada9f9fbc6183d5469000b): free
114133132 build (f41-build-side-84507, /rpms/directory-maven-plugin.git:e14056e55d5990c6d6ada9f9fbc6183d5469000b): free -> assigned
114133132 build (f41-build-side-84507, /rpms/directory-maven-plugin.git:e14056e55d5990c6d6ada9f9fbc6183d5469000b): assigned -> open (buildvm-a64-08.iad2.fedoraproject.org)
  114133158 buildSRPMFromSCM (/rpms/directory-maven-plugin.git:e14056e55d5990c6d6ada9f9fbc6183d5469000b): free
  114133158 buildSRPMFromSCM (/rpms/directory-maven-plugin.git:e14056e55d5990c6d6ada9f9fbc6183d5469000b): free -> assigned
  114133158 buildSRPMFromSCM (/rpms/directory-maven-plugin.git:e14056e55d5990c6d6ada9f9fbc6183d5469000b): assigned -> open (buildvm-a64-29.iad2.fedoraproject.org)
  114133158 buildSRPMFromSCM (/rpms/directory-maven-plugin.git:e14056e55d5990c6d6ada9f9fbc6183d5469000b): open (buildvm-a64-29.iad2.fedoraproject.org) -> closed
  0 free  1 open  1 done  0 failed
  114133261 buildArch (directory-maven-plugin-0.3.1-13.fc41.src.rpm, noarch): free
  114133261 buildArch (directory-maven-plugin-0.3.1-13.fc41.src.rpm, noarch): free -> open (buildhw-x86-12.iad2.fedoraproject.org)
  114133261 buildArch (directory-maven-plugin-0.3.1-13.fc41.src.rpm, noarch): open (buildhw-x86-12.iad2.fedoraproject.org) -> FAILED: BuildError: error building package (arch noarch), mock exited with status 1; see build.log or root.log for more information
  Relevant logs:
  https://kojipkgs.fedoraproject.org/work/tasks/3261/114133261/state.log
  https://kojipkgs.fedoraproject.org/work/tasks/3261/114133261/build.log
  https://kojipkgs.fedoraproject.org/work/tasks/3261/114133261/root.log
  https://kojipkgs.fedoraproject.org/work/tasks/3261/114133261/mock_output.log
  https://kojipkgs.fedoraproject.org/work/tasks/3261/114133261/hw_info.log
  0 free  1 open  1 done  1 failed
114133132 build (f41-build-side-84507, /rpms/directory-maven-plugin.git:e14056e55d5990c6d6ada9f9fbc6183d5469000b): open (buildvm-a64-08.iad2.fedoraproject.org) -> FAILED: BuildError: error building package (arch noarch), mock exited with status 1; see build.log or root.log for more information
  0 free  0 open  1 done  2 failed

114133132 build (f41-build-side-84507, /rpms/directory-maven-plugin.git:e14056e55d5990c6d6ada9f9fbc6183d5469000b) failed
