Cloning into 'dirgra'...
RPMAutoSpec usage detected, not changing the spec file.
[rawhide 86e7bb3] Rebuilt for java-17-openjdk as system jdk
Building dirgra-0.4-5.fc36 for f36-java17
Created task: 82425689
Task info: https://koji.fedoraproject.org/koji/taskinfo?taskID=82425689
Watching tasks (this may be safely interrupted)...
82425689 build (f36-java17, /rpms/dirgra.git:86e7bb3599915f9ca213fc5de2769dae99a31611): free
82425689 build (f36-java17, /rpms/dirgra.git:86e7bb3599915f9ca213fc5de2769dae99a31611): free -> open (buildvm-ppc64le-27.iad2.fedoraproject.org)
  82425700 buildSRPMFromSCM (/rpms/dirgra.git:86e7bb3599915f9ca213fc5de2769dae99a31611): free
  82425700 buildSRPMFromSCM (/rpms/dirgra.git:86e7bb3599915f9ca213fc5de2769dae99a31611): free -> open (buildvm-ppc64le-39.iad2.fedoraproject.org)
  82425700 buildSRPMFromSCM (/rpms/dirgra.git:86e7bb3599915f9ca213fc5de2769dae99a31611): open (buildvm-ppc64le-39.iad2.fedoraproject.org) -> closed
  0 free  1 open  1 done  0 failed
  82425734 buildArch (dirgra-0.4-5.fc36.src.rpm, noarch): free
  82425734 buildArch (dirgra-0.4-5.fc36.src.rpm, noarch): free -> open (buildvm-ppc64le-22.iad2.fedoraproject.org)
  82425734 buildArch (dirgra-0.4-5.fc36.src.rpm, noarch): open (buildvm-ppc64le-22.iad2.fedoraproject.org) -> closed
  0 free  1 open  2 done  0 failed
  82425776 tagBuild (noarch): closed
82425689 build (f36-java17, /rpms/dirgra.git:86e7bb3599915f9ca213fc5de2769dae99a31611): open (buildvm-ppc64le-27.iad2.fedoraproject.org) -> closed
  0 free  0 open  4 done  0 failed

82425689 build (f36-java17, /rpms/dirgra.git:86e7bb3599915f9ca213fc5de2769dae99a31611) completed successfully
