Cloning into 'ditaa'...
[rawhide 0300776] Rebuilt for java-17-openjdk as system jdk
 1 file changed, 4 insertions(+), 1 deletion(-)
Building ditaa-0.10-16.fc36 for f36-java17
Created task: 82425709
Task info: https://koji.fedoraproject.org/koji/taskinfo?taskID=82425709
Watching tasks (this may be safely interrupted)...
82425709 build (f36-java17, /rpms/ditaa.git:0300776174b834c1e162b57a85d58dcacccc842c): free
82425709 build (f36-java17, /rpms/ditaa.git:0300776174b834c1e162b57a85d58dcacccc842c): free -> open (buildvm-x86-19.iad2.fedoraproject.org)
  82425716 buildSRPMFromSCM (/rpms/ditaa.git:0300776174b834c1e162b57a85d58dcacccc842c): free
  82425716 buildSRPMFromSCM (/rpms/ditaa.git:0300776174b834c1e162b57a85d58dcacccc842c): free -> open (buildvm-ppc64le-31.iad2.fedoraproject.org)
  82425716 buildSRPMFromSCM (/rpms/ditaa.git:0300776174b834c1e162b57a85d58dcacccc842c): open (buildvm-ppc64le-31.iad2.fedoraproject.org) -> closed
  0 free  1 open  1 done  0 failed
  82425747 buildArch (ditaa-0.10-16.fc36.src.rpm, noarch): open (buildvm-x86-19.iad2.fedoraproject.org)
  82425747 buildArch (ditaa-0.10-16.fc36.src.rpm, noarch): open (buildvm-x86-19.iad2.fedoraproject.org) -> FAILED: BuildError: error building package (arch noarch), mock exited with status 1; see build.log or root.log for more information
  Relevant logs:
  https://kojipkgs.fedoraproject.org/work/tasks/5747/82425747/mock_output.log
  https://kojipkgs.fedoraproject.org/work/tasks/5747/82425747/hw_info.log
  https://kojipkgs.fedoraproject.org/work/tasks/5747/82425747/state.log
  https://kojipkgs.fedoraproject.org/work/tasks/5747/82425747/build.log
  https://kojipkgs.fedoraproject.org/work/tasks/5747/82425747/root.log
  0 free  1 open  1 done  1 failed
82425709 build (f36-java17, /rpms/ditaa.git:0300776174b834c1e162b57a85d58dcacccc842c): open (buildvm-x86-19.iad2.fedoraproject.org) -> FAILED: BuildError: error building package (arch noarch), mock exited with status 1; see build.log or root.log for more information
  0 free  0 open  1 done  2 failed

82425709 build (f36-java17, /rpms/ditaa.git:0300776174b834c1e162b57a85d58dcacccc842c) failed
