Cloning into 'dogtag-pki'...
@@@@@@@@@@@@@@@@@@@@@@@@@@@@@@@@@@@@@@@@@@@@@@@@@@@@@@@@@@@
@    WARNING: REMOTE HOST IDENTIFICATION HAS CHANGED!     @
@@@@@@@@@@@@@@@@@@@@@@@@@@@@@@@@@@@@@@@@@@@@@@@@@@@@@@@@@@@
IT IS POSSIBLE THAT SOMEONE IS DOING SOMETHING NASTY!
Someone could be eavesdropping on you right now (man-in-the-middle attack)!
It is also possible that a host key has just been changed.
The fingerprint for the RSA key sent by the remote host is
SHA256:dJN0nFWBcWK7SFs2k0nnsO+XNA9+aEDY4FWO7uhxTN8.
Please contact your system administrator.
Add correct host key in /home/jvanek/.ssh/known_hosts to get rid of this message.
Offending RSA key in /home/jvanek/.ssh/known_hosts:2
Password authentication is disabled to avoid man-in-the-middle attacks.
Keyboard-interactive authentication is disabled to avoid man-in-the-middle attacks.
UpdateHostkeys is disabled because the host key is not trusted.
[rawhide cce2685] Rebuilt for java-25-openjdk as preffered jdk
 1 file changed, 4 insertions(+), 1 deletion(-)
Building dogtag-pki-11.8.0-0.2.beta2.fc43.2 for rawhide
Created task: 135449649
Task info: https://koji.fedoraproject.org/koji/taskinfo?taskID=135449649
Watching tasks (this may be safely interrupted)...
135449649 build (rawhide, /rpms/dogtag-pki.git:cce2685a3c29f931c453b8538ab657b2564a4a8b): free
135449649 build (rawhide, /rpms/dogtag-pki.git:cce2685a3c29f931c453b8538ab657b2564a4a8b): free -> open (buildvm-a64-39.rdu3.fedoraproject.org)
  135449654 buildSRPMFromSCM (/rpms/dogtag-pki.git:cce2685a3c29f931c453b8538ab657b2564a4a8b): free

 2 failed

build (rawhide, /rpms/) failed
