Cloning into 'dom4j'...
[rawhide 8a3028e] Rebuilt for java-21-openjdk as system jdk
 1 file changed, 4 insertions(+), 1 deletion(-)
Building dom4j-2.0.3-11.fc41 for f41-build-side-84507
Created task: 114133401
Task info: https://koji.fedoraproject.org/koji/taskinfo?taskID=114133401
Watching tasks (this may be safely interrupted)...
114133401 build (f41-build-side-84507, /rpms/dom4j.git:8a3028eb95fc446ada4a01917a4f453be8941e4d): free
114133401 build (f41-build-side-84507, /rpms/dom4j.git:8a3028eb95fc446ada4a01917a4f453be8941e4d): free -> assigned
114133401 build (f41-build-side-84507, /rpms/dom4j.git:8a3028eb95fc446ada4a01917a4f453be8941e4d): assigned -> open (buildvm-s390x-08.s390.fedoraproject.org)
  114133406 buildSRPMFromSCM (/rpms/dom4j.git:8a3028eb95fc446ada4a01917a4f453be8941e4d): free
  114133406 buildSRPMFromSCM (/rpms/dom4j.git:8a3028eb95fc446ada4a01917a4f453be8941e4d): free -> assigned
  114133406 buildSRPMFromSCM (/rpms/dom4j.git:8a3028eb95fc446ada4a01917a4f453be8941e4d): assigned -> open (buildvm-a64-23.iad2.fedoraproject.org)
  114133406 buildSRPMFromSCM (/rpms/dom4j.git:8a3028eb95fc446ada4a01917a4f453be8941e4d): open (buildvm-a64-23.iad2.fedoraproject.org) -> closed
  0 free  1 open  1 done  0 failed
  114133432 buildArch (dom4j-2.0.3-11.fc41.src.rpm, noarch): free
  114133432 buildArch (dom4j-2.0.3-11.fc41.src.rpm, noarch): free -> assigned
  114133432 buildArch (dom4j-2.0.3-11.fc41.src.rpm, noarch): assigned -> open (buildhw-x86-08.iad2.fedoraproject.org)
  114133432 buildArch (dom4j-2.0.3-11.fc41.src.rpm, noarch): open (buildhw-x86-08.iad2.fedoraproject.org) -> FAILED: BuildError: error building package (arch noarch), mock exited with status 1; see build.log or root.log for more information
  Relevant logs:
  https://kojipkgs.fedoraproject.org/work/tasks/3432/114133432/state.log
  https://kojipkgs.fedoraproject.org/work/tasks/3432/114133432/build.log
  https://kojipkgs.fedoraproject.org/work/tasks/3432/114133432/root.log
  https://kojipkgs.fedoraproject.org/work/tasks/3432/114133432/mock_output.log
  https://kojipkgs.fedoraproject.org/work/tasks/3432/114133432/hw_info.log
  0 free  1 open  1 done  1 failed
114133401 build (f41-build-side-84507, /rpms/dom4j.git:8a3028eb95fc446ada4a01917a4f453be8941e4d): open (buildvm-s390x-08.s390.fedoraproject.org) -> FAILED: BuildError: error building package (arch noarch), mock exited with status 1; see build.log or root.log for more information
  0 free  0 open  1 done  2 failed

114133401 build (f41-build-side-84507, /rpms/dom4j.git:8a3028eb95fc446ada4a01917a4f453be8941e4d) failed
