Cloning into 'ecj'...
[rawhide 254bbc8] Rebuilt for java-21-openjdk as system jdk
 1 file changed, 4 insertions(+), 1 deletion(-)
Building ecj-4.23-9.fc41 for f41-build-side-84507
Created task: 114133410
Task info: https://koji.fedoraproject.org/koji/taskinfo?taskID=114133410
Watching tasks (this may be safely interrupted)...
114133410 build (f41-build-side-84507, /rpms/ecj.git:254bbc84616372099fed18458c2ae5a6b1fca892): free
114133410 build (f41-build-side-84507, /rpms/ecj.git:254bbc84616372099fed18458c2ae5a6b1fca892): free -> assigned
114133410 build (f41-build-side-84507, /rpms/ecj.git:254bbc84616372099fed18458c2ae5a6b1fca892): assigned -> open (buildhw-x86-06.iad2.fedoraproject.org)
  114133433 buildSRPMFromSCM (/rpms/ecj.git:254bbc84616372099fed18458c2ae5a6b1fca892): free
  114133433 buildSRPMFromSCM (/rpms/ecj.git:254bbc84616372099fed18458c2ae5a6b1fca892): free -> assigned
  114133433 buildSRPMFromSCM (/rpms/ecj.git:254bbc84616372099fed18458c2ae5a6b1fca892): assigned -> open (buildvm-a64-25.iad2.fedoraproject.org)
  114133433 buildSRPMFromSCM (/rpms/ecj.git:254bbc84616372099fed18458c2ae5a6b1fca892): open (buildvm-a64-25.iad2.fedoraproject.org) -> closed
  0 free  1 open  1 done  0 failed
  114133481 buildArch (ecj-4.23-9.fc41.src.rpm, noarch): free
  114133481 buildArch (ecj-4.23-9.fc41.src.rpm, noarch): free -> assigned
  114133481 buildArch (ecj-4.23-9.fc41.src.rpm, noarch): assigned -> open (buildhw-x86-07.iad2.fedoraproject.org)
  114133481 buildArch (ecj-4.23-9.fc41.src.rpm, noarch): open (buildhw-x86-07.iad2.fedoraproject.org) -> closed
  0 free  1 open  2 done  0 failed
  114133669 tagBuild (noarch): free
  114133669 tagBuild (noarch): free -> assigned
114133410 build (f41-build-side-84507, /rpms/ecj.git:254bbc84616372099fed18458c2ae5a6b1fca892): open (buildhw-x86-06.iad2.fedoraproject.org) -> closed
  0 free  1 open  3 done  0 failed
  114133669 tagBuild (noarch): assigned -> closed
  0 free  0 open  4 done  0 failed

114133410 build (f41-build-side-84507, /rpms/ecj.git:254bbc84616372099fed18458c2ae5a6b1fca892) completed successfully
