[rawhide bfb7152] Rebuilt for java-25-openjdk as preffered jdk
 1 file changed, 8 insertions(+), 5 deletions(-)
Building eclipse-swt-4.29-10.fc43 for rawhide
Created task: 135397873
Task info: https://koji.fedoraproject.org/koji/taskinfo?taskID=135397873
Watching tasks (this may be safely interrupted)...
135397873 build (rawhide, /rpms/eclipse-swt.git:bfb7152cbed55eeb0bd19925ddce6df5d545c809): free
135397873 build (rawhide, /rpms/eclipse-swt.git:bfb7152cbed55eeb0bd19925ddce6df5d545c809): free -> assigned (buildvm-s390x-18.s390.fedoraproject.org)
135397873 build (rawhide, /rpms/eclipse-swt.git:bfb7152cbed55eeb0bd19925ddce6df5d545c809): assigned (buildvm-s390x-18.s390.fedoraproject.org) -> open (buildvm-s390x-18.s390.fedoraproject.org)
  135397910 buildSRPMFromSCM (/rpms/eclipse-swt.git:bfb7152cbed55eeb0bd19925ddce6df5d545c809): free
  135397910 buildSRPMFromSCM (/rpms/eclipse-swt.git:bfb7152cbed55eeb0bd19925ddce6df5d545c809): free -> assigned (buildvm-x86-22.rdu3.fedoraproject.org)
  135397910 buildSRPMFromSCM (/rpms/eclipse-swt.git:bfb7152cbed55eeb0bd19925ddce6df5d545c809): assigned (buildvm-x86-22.rdu3.fedoraproject.org) -> open (buildvm-x86-22.rdu3.fedoraproject.org)
  135397910 buildSRPMFromSCM (/rpms/eclipse-swt.git:bfb7152cbed55eeb0bd19925ddce6df5d545c809): open (buildvm-x86-22.rdu3.fedoraproject.org) -> closed
  0 free  1 open  1 done  0 failed
  135397949 buildArch (eclipse-swt-4.29-10.fc43.src.rpm, ppc64le): free
  135397950 buildArch (eclipse-swt-4.29-10.fc43.src.rpm, s390x): free
  135397947 buildArch (eclipse-swt-4.29-10.fc43.src.rpm, x86_64): free
  135397948 buildArch (eclipse-swt-4.29-10.fc43.src.rpm, aarch64): free
  135397949 buildArch (eclipse-swt-4.29-10.fc43.src.rpm, ppc64le): free -> assigned (buildvm-ppc64le-30.rdu3.fedoraproject.org)
  135397950 buildArch (eclipse-swt-4.29-10.fc43.src.rpm, s390x): free -> assigned (buildvm-s390x-07.s390.fedoraproject.org)
  135397947 buildArch (eclipse-swt-4.29-10.fc43.src.rpm, x86_64): free -> open (buildvm-x86-28.rdu3.fedoraproject.org)
  135397948 buildArch (eclipse-swt-4.29-10.fc43.src.rpm, aarch64): free -> assigned (buildvm-a64-23.rdu3.fedoraproject.org)
  135397949 buildArch (eclipse-swt-4.29-10.fc43.src.rpm, ppc64le): assigned (buildvm-ppc64le-30.rdu3.fedoraproject.org) -> open (buildvm-ppc64le-30.rdu3.fedoraproject.org)
  135397948 buildArch (eclipse-swt-4.29-10.fc43.src.rpm, aarch64): assigned (buildvm-a64-23.rdu3.fedoraproject.org) -> open (buildvm-a64-23.rdu3.fedoraproject.org)
  135397950 buildArch (eclipse-swt-4.29-10.fc43.src.rpm, s390x): assigned (buildvm-s390x-07.s390.fedoraproject.org) -> open (buildvm-s390x-07.s390.fedoraproject.org)
  135397947 buildArch (eclipse-swt-4.29-10.fc43.src.rpm, x86_64): open (buildvm-x86-28.rdu3.fedoraproject.org) -> closed
  0 free  4 open  2 done  0 failed
  135397950 buildArch (eclipse-swt-4.29-10.fc43.src.rpm, s390x): open (buildvm-s390x-07.s390.fedoraproject.org) -> closed
  0 free  3 open  3 done  0 failed
  135397948 buildArch (eclipse-swt-4.29-10.fc43.src.rpm, aarch64): open (buildvm-a64-23.rdu3.fedoraproject.org) -> closed
  0 free  2 open  4 done  0 failed
  135398051 tagBuild (noarch): free
  135397949 buildArch (eclipse-swt-4.29-10.fc43.src.rpm, ppc64le): open (buildvm-ppc64le-30.rdu3.fedoraproject.org) -> closed
  1 free  1 open  5 done  0 failed
  135398051 tagBuild (noarch): free -> open (buildvm-ppc64le-29.rdu3.fedoraproject.org)
  135398051 tagBuild (noarch): open (buildvm-ppc64le-29.rdu3.fedoraproject.org) -> closed
  0 free  1 open  6 done  0 failed
135397873 build (rawhide, /rpms/eclipse-swt.git:bfb7152cbed55eeb0bd19925ddce6df5d545c809): open (buildvm-s390x-18.s390.fedoraproject.org) -> closed
  0 free  0 open  7 done  0 failed

135397873 build (rawhide, /rpms/eclipse-swt.git:bfb7152cbed55eeb0bd19925ddce6df5d545c809) completed successfully
