Cloning into 'ed25519-java'...
[rawhide 881a7d8] Rebuilt for java-21-openjdk as system jdk
 1 file changed, 4 insertions(+), 1 deletion(-)
warning: %patchN is deprecated (2 usages found), use %patch N (or %patch -P N)

Building ed25519-java-0.3.0-21.fc41 for f41-build-side-84507
Created task: 114133436
Task info: https://koji.fedoraproject.org/koji/taskinfo?taskID=114133436
Watching tasks (this may be safely interrupted)...
114133436 build (f41-build-side-84507, /rpms/ed25519-java.git:881a7d880bd390b7c84aab28739dd112636996ca): free
114133436 build (f41-build-side-84507, /rpms/ed25519-java.git:881a7d880bd390b7c84aab28739dd112636996ca): free -> assigned
114133436 build (f41-build-side-84507, /rpms/ed25519-java.git:881a7d880bd390b7c84aab28739dd112636996ca): assigned -> open (buildvm-x86-18.iad2.fedoraproject.org)
  114133446 buildSRPMFromSCM (/rpms/ed25519-java.git:881a7d880bd390b7c84aab28739dd112636996ca): free
  114133446 buildSRPMFromSCM (/rpms/ed25519-java.git:881a7d880bd390b7c84aab28739dd112636996ca): free -> open (buildvm-a64-14.iad2.fedoraproject.org)
  114133446 buildSRPMFromSCM (/rpms/ed25519-java.git:881a7d880bd390b7c84aab28739dd112636996ca): open (buildvm-a64-14.iad2.fedoraproject.org) -> closed
  0 free  1 open  1 done  0 failed
  114133535 buildArch (ed25519-java-0.3.0-21.fc41.src.rpm, noarch): free
  114133535 buildArch (ed25519-java-0.3.0-21.fc41.src.rpm, noarch): free -> assigned
  114133535 buildArch (ed25519-java-0.3.0-21.fc41.src.rpm, noarch): assigned -> open (buildvm-s390x-08.s390.fedoraproject.org)
  114133535 buildArch (ed25519-java-0.3.0-21.fc41.src.rpm, noarch): open (buildvm-s390x-08.s390.fedoraproject.org) -> closed
  0 free  1 open  2 done  0 failed
  114133716 tagBuild (noarch): free
  114133716 tagBuild (noarch): free -> assigned
114133436 build (f41-build-side-84507, /rpms/ed25519-java.git:881a7d880bd390b7c84aab28739dd112636996ca): open (buildvm-x86-18.iad2.fedoraproject.org) -> closed
  0 free  1 open  3 done  0 failed
  114133716 tagBuild (noarch): assigned -> closed
  0 free  0 open  4 done  0 failed

114133436 build (f41-build-side-84507, /rpms/ed25519-java.git:881a7d880bd390b7c84aab28739dd112636996ca) completed successfully
