Cloning into 'enjarify'...
RPMAutoSpec usage detected, not changing the spec file.
[rawhide 66efe60] Rebuilt for java-21-openjdk as system jdk
Building enjarify-1.0.3-35.fc41 for f41-build-side-84507
Created task: 114133442
Task info: https://koji.fedoraproject.org/koji/taskinfo?taskID=114133442
Watching tasks (this may be safely interrupted)...
114133442 build (f41-build-side-84507, /rpms/enjarify.git:66efe60b273a22d65064f18cf9c248f8691d6ec5): free
114133442 build (f41-build-side-84507, /rpms/enjarify.git:66efe60b273a22d65064f18cf9c248f8691d6ec5): free -> open (buildvm-ppc64le-26.iad2.fedoraproject.org)
  114133443 buildSRPMFromSCM (/rpms/enjarify.git:66efe60b273a22d65064f18cf9c248f8691d6ec5): free
  114133443 buildSRPMFromSCM (/rpms/enjarify.git:66efe60b273a22d65064f18cf9c248f8691d6ec5): free -> assigned
  114133443 buildSRPMFromSCM (/rpms/enjarify.git:66efe60b273a22d65064f18cf9c248f8691d6ec5): assigned -> open (buildvm-a64-11.iad2.fedoraproject.org)
  114133531 buildArch (enjarify-1.0.3-35.fc41.src.rpm, noarch): free
  114133443 buildSRPMFromSCM (/rpms/enjarify.git:66efe60b273a22d65064f18cf9c248f8691d6ec5): open (buildvm-a64-11.iad2.fedoraproject.org) -> closed
  1 free  1 open  1 done  0 failed
  114133531 buildArch (enjarify-1.0.3-35.fc41.src.rpm, noarch): free -> assigned
  114133531 buildArch (enjarify-1.0.3-35.fc41.src.rpm, noarch): assigned -> open (buildvm-s390x-10.s390.fedoraproject.org)
  114133531 buildArch (enjarify-1.0.3-35.fc41.src.rpm, noarch): open (buildvm-s390x-10.s390.fedoraproject.org) -> closed
  0 free  1 open  2 done  0 failed
  114133648 tagBuild (noarch): free
114133442 build (f41-build-side-84507, /rpms/enjarify.git:66efe60b273a22d65064f18cf9c248f8691d6ec5): open (buildvm-ppc64le-26.iad2.fedoraproject.org) -> closed
  1 free  0 open  3 done  0 failed
  114133648 tagBuild (noarch): free -> closed
  0 free  0 open  4 done  0 failed

114133442 build (f41-build-side-84507, /rpms/enjarify.git:66efe60b273a22d65064f18cf9c248f8691d6ec5) completed successfully
