Cloning into 'erlang-corba'...
@@@@@@@@@@@@@@@@@@@@@@@@@@@@@@@@@@@@@@@@@@@@@@@@@@@@@@@@@@@
@    WARNING: REMOTE HOST IDENTIFICATION HAS CHANGED!     @
@@@@@@@@@@@@@@@@@@@@@@@@@@@@@@@@@@@@@@@@@@@@@@@@@@@@@@@@@@@
IT IS POSSIBLE THAT SOMEONE IS DOING SOMETHING NASTY!
Someone could be eavesdropping on you right now (man-in-the-middle attack)!
It is also possible that a host key has just been changed.
The fingerprint for the RSA key sent by the remote host is
SHA256:dJN0nFWBcWK7SFs2k0nnsO+XNA9+aEDY4FWO7uhxTN8.
Please contact your system administrator.
Add correct host key in /home/jvanek/.ssh/known_hosts to get rid of this message.
Offending RSA key in /home/jvanek/.ssh/known_hosts:2
Password authentication is disabled to avoid man-in-the-middle attacks.
Keyboard-interactive authentication is disabled to avoid man-in-the-middle attacks.
UpdateHostkeys is disabled because the host key is not trusted.
RPMAutoSpec usage detected, not changing the spec file.
[rawhide a06982a] Rebuilt for java-25-openjdk as preffered jdk
 1 file changed, 1 insertion(+), 1 deletion(-)
Building erlang-corba-5.2.1-6.fc43 for rawhide
Created task: 135449668
Task info: https://koji.fedoraproject.org/koji/taskinfo?taskID=135449668
Watching tasks (this may be safely interrupted)...
135449668 build (rawhide, /rpms/erlang-corba.git:a06982a945f1aed8b6c43ebb47567a9b83d044a1): free
135449668 build (rawhide, /rpms/erlang-corba.git:a06982a945f1aed8b6c43ebb47567a9b83d044a1): free -> assigned (buildhw-x86-13.rdu3.fedoraproject.org)
135449668 build (rawhide, /rpms/erlang-corba.git:a06982a945f1aed8b6c43ebb47567a9b83d044a1): assigned (buildhw-x86-13.rdu3.fedoraproject.org) -> open (buildhw-x86-13.rdu3.fedoraproject.org)
  135449675 buildSRPMFromSCM (/rpms/erlang-corba.git:a06982a945f1aed8b6c43ebb47567a9b83d044a1): free
  135449675 buildSRPMFromSCM (/rpms/erlang-corba.git:a06982a945f1aed8b6c43ebb47567a9b83d044a1): free -> assigned (buildvm-x86-21.rdu3.fedoraproject.org)
  135449675 buildSRPMFromSCM (/rpms/erlang-corba.git:a06982a945f1aed8b6c43ebb47567a9b83d044a1): assigned (buildvm-x86-21.rdu3.fedoraproject.org) -> open (buildvm-x86-21.rdu3.fedoraproject.org)
  135449675 buildSRPMFromSCM (/rpms/erlang-corba.git:a06982a945f1aed8b6c43ebb47567a9b83d044a1): open (buildvm-x86-21.rdu3.fedoraproject.org) -> closed
  0 free  1 open  1 done  0 failed
  135449694 buildArch (erlang-corba-5.2.1-6.fc43.src.rpm, x86_64): free
  135449695 buildArch (erlang-corba-5.2.1-6.fc43.src.rpm, aarch64): free
  135449696 buildArch (erlang-corba-5.2.1-6.fc43.src.rpm, ppc64le): free
  135449697 buildArch (erlang-corba-5.2.1-6.fc43.src.rpm, s390x): free
  135449694 buildArch (erlang-corba-5.2.1-6.fc43.src.rpm, x86_64): free -> assigned (buildhw-x86-13.rdu3.fedoraproject.org)
  135449695 buildArch (erlang-corba-5.2.1-6.fc43.src.rpm, aarch64): free -> assigned (buildvm-a64-23.rdu3.fedoraproject.org)
  135449694 buildArch (erlang-corba-5.2.1-6.fc43.src.rpm, x86_64): assigned (buildhw-x86-13.rdu3.fedoraproject.org) -> open (buildhw-x86-13.rdu3.fedoraproject.org)
  135449695 buildArch (erlang-corba-5.2.1-6.fc43.src.rpm, aarch64): assigned (buildvm-a64-23.rdu3.fedoraproject.org) -> open (buildvm-a64-23.rdu3.fedoraproject.org)
  135449695 buildArch (erlang-corba-5.2.1-6.fc43.src.rpm, aarch64): open (buildvm-a64-23.rdu3.fedoraproject.org) -> closed
  2 free  2 open  2 done  0 failed
  135449694 buildArch (erlang-corba-5.2.1-6.fc43.src.rpm, x86_64): open (buildhw-x86-13.rdu3.fedoraproject.org) -> closed
  2 free  1 open  3 done  0 failed
  135449696 buildArch (erlang-corba-5.2.1-6.fc43.src.rpm, ppc64le): free -> assigned (buildvm-ppc64le-19.rdu3.fedoraproject.org)
  135449696 buildArch (erlang-corba-5.2.1-6.fc43.src.rpm, ppc64le): assigned (buildvm-ppc64le-19.rdu3.fedoraproject.org) -> open (buildvm-ppc64le-19.rdu3.fedoraproject.org)
  135449696 buildArch (erlang-corba-5.2.1-6.fc43.src.rpm, ppc64le): open (buildvm-ppc64le-19.rdu3.fedoraproject.org) -> closed
  1 free  1 open  4 done  0 failed
  135449697 buildArch (erlang-corba-5.2.1-6.fc43.src.rpm, s390x): free -> assigned (buildvm-s390x-18.s390.fedoraproject.org)
  135449697 buildArch (erlang-corba-5.2.1-6.fc43.src.rpm, s390x): assigned (buildvm-s390x-18.s390.fedoraproject.org) -> open (buildvm-s390x-18.s390.fedoraproject.org)
  135449697 buildArch (erlang-corba-5.2.1-6.fc43.src.rpm, s390x): open (buildvm-s390x-18.s390.fedoraproject.org) -> closed
  0 free  1 open  5 done  0 failed
  135454593 tagBuild (noarch): assigned (buildvm-x86-20.rdu3.fedoraproject.org)
135449668 build (rawhide, /rpms/erlang-corba.git:a06982a945f1aed8b6c43ebb47567a9b83d044a1): open (buildhw-x86-13.rdu3.fedoraproject.org) -> closed
  0 free  1 open  6 done  0 failed
  135454593 tagBuild (noarch): assigned (buildvm-x86-20.rdu3.fedoraproject.org) -> closed
  0 free  0 open  7 done  0 failed

135449668 build (rawhide, /rpms/erlang-corba.git:a06982a945f1aed8b6c43ebb47567a9b83d044a1) completed successfully
