Cloning into 'exec-maven-plugin'...
@@@@@@@@@@@@@@@@@@@@@@@@@@@@@@@@@@@@@@@@@@@@@@@@@@@@@@@@@@@
@    WARNING: REMOTE HOST IDENTIFICATION HAS CHANGED!     @
@@@@@@@@@@@@@@@@@@@@@@@@@@@@@@@@@@@@@@@@@@@@@@@@@@@@@@@@@@@
IT IS POSSIBLE THAT SOMEONE IS DOING SOMETHING NASTY!
Someone could be eavesdropping on you right now (man-in-the-middle attack)!
It is also possible that a host key has just been changed.
The fingerprint for the RSA key sent by the remote host is
SHA256:dJN0nFWBcWK7SFs2k0nnsO+XNA9+aEDY4FWO7uhxTN8.
Please contact your system administrator.
Add correct host key in /home/jvanek/.ssh/known_hosts to get rid of this message.
Offending RSA key in /home/jvanek/.ssh/known_hosts:2
Password authentication is disabled to avoid man-in-the-middle attacks.
Keyboard-interactive authentication is disabled to avoid man-in-the-middle attacks.
UpdateHostkeys is disabled because the host key is not trusted.
RPMAutoSpec usage detected, not changing the spec file.
[rawhide 2407778] Rebuilt for java-25-openjdk as preffered jdk
 1 file changed, 1 insertion(+), 1 deletion(-)
Found a gating.yaml file in the repo and it is properly configured
Building exec-maven-plugin-3.5.1-4.fc43 for rawhide
Created task: 135449671
Task info: https://koji.fedoraproject.org/koji/taskinfo?taskID=135449671
Watching tasks (this may be safely interrupted)...
135449671 build (rawhide, /rpms/exec-maven-plugin.git:240777868ef4e6b8e75ecf3ed87e641a6545a692): free
135449671 build (rawhide, /rpms/exec-maven-plugin.git:240777868ef4e6b8e75ecf3ed87e641a6545a692): free -> open (buildvm-a64-12.rdu3.fedoraproject.org)
  135449673 buildSRPMFromSCM (/rpms/exec-maven-plugin.git:240777868ef4e6b8e75ecf3ed87e641a6545a692): free

build (rawhide, /rpms/) completed successfully
