Cloning into 'extra-enforcer-rules'...
[rawhide 5593b84] Rebuilt for java-21-openjdk as system jdk
 1 file changed, 4 insertions(+), 1 deletion(-)
Found a gating.yaml file in the repo and it is properly configured
Building extra-enforcer-rules-1.7.0-6.fc41 for f41-build-side-84507
Created task: 114133514
Task info: https://koji.fedoraproject.org/koji/taskinfo?taskID=114133514
Watching tasks (this may be safely interrupted)...
114133514 build (f41-build-side-84507, /rpms/extra-enforcer-rules.git:5593b84f29b7c55e7b7d276ed645ec12240315ce): free
114133514 build (f41-build-side-84507, /rpms/extra-enforcer-rules.git:5593b84f29b7c55e7b7d276ed645ec12240315ce): free -> assigned
114133514 build (f41-build-side-84507, /rpms/extra-enforcer-rules.git:5593b84f29b7c55e7b7d276ed645ec12240315ce): assigned -> open (buildvm-ppc64le-05.iad2.fedoraproject.org)
  114133551 buildSRPMFromSCM (/rpms/extra-enforcer-rules.git:5593b84f29b7c55e7b7d276ed645ec12240315ce): free
  114133551 buildSRPMFromSCM (/rpms/extra-enforcer-rules.git:5593b84f29b7c55e7b7d276ed645ec12240315ce): free -> assigned
  114133551 buildSRPMFromSCM (/rpms/extra-enforcer-rules.git:5593b84f29b7c55e7b7d276ed645ec12240315ce): assigned -> open (buildvm-x86-07.iad2.fedoraproject.org)
  114133551 buildSRPMFromSCM (/rpms/extra-enforcer-rules.git:5593b84f29b7c55e7b7d276ed645ec12240315ce): open (buildvm-x86-07.iad2.fedoraproject.org) -> closed
  0 free  1 open  1 done  0 failed
  114133717 buildArch (extra-enforcer-rules-1.7.0-6.fc41.src.rpm, noarch): free
  114133717 buildArch (extra-enforcer-rules-1.7.0-6.fc41.src.rpm, noarch): free -> assigned
  114133717 buildArch (extra-enforcer-rules-1.7.0-6.fc41.src.rpm, noarch): assigned -> open (buildhw-x86-04.iad2.fedoraproject.org)
  114133833 tagBuild (noarch): free
  114133717 buildArch (extra-enforcer-rules-1.7.0-6.fc41.src.rpm, noarch): open (buildhw-x86-04.iad2.fedoraproject.org) -> closed
  1 free  1 open  2 done  0 failed
  114133833 tagBuild (noarch): free -> assigned
114133514 build (f41-build-side-84507, /rpms/extra-enforcer-rules.git:5593b84f29b7c55e7b7d276ed645ec12240315ce): open (buildvm-ppc64le-05.iad2.fedoraproject.org) -> closed
  0 free  1 open  3 done  0 failed
  114133833 tagBuild (noarch): assigned -> closed
  0 free  0 open  4 done  0 failed

114133514 build (f41-build-side-84507, /rpms/extra-enforcer-rules.git:5593b84f29b7c55e7b7d276ed645ec12240315ce) completed successfully
