Cloning into 'f3d'...
@@@@@@@@@@@@@@@@@@@@@@@@@@@@@@@@@@@@@@@@@@@@@@@@@@@@@@@@@@@
@    WARNING: REMOTE HOST IDENTIFICATION HAS CHANGED!     @
@@@@@@@@@@@@@@@@@@@@@@@@@@@@@@@@@@@@@@@@@@@@@@@@@@@@@@@@@@@
IT IS POSSIBLE THAT SOMEONE IS DOING SOMETHING NASTY!
Someone could be eavesdropping on you right now (man-in-the-middle attack)!
It is also possible that a host key has just been changed.
The fingerprint for the RSA key sent by the remote host is
SHA256:dJN0nFWBcWK7SFs2k0nnsO+XNA9+aEDY4FWO7uhxTN8.
Please contact your system administrator.
Add correct host key in /home/jvanek/.ssh/known_hosts to get rid of this message.
Offending RSA key in /home/jvanek/.ssh/known_hosts:2
Password authentication is disabled to avoid man-in-the-middle attacks.
Keyboard-interactive authentication is disabled to avoid man-in-the-middle attacks.
UpdateHostkeys is disabled because the host key is not trusted.
RPMAutoSpec usage detected, not changing the spec file.
[rawhide 8f5b02d] Rebuilt for java-25-openjdk as preffered jdk
 1 file changed, 1 insertion(+), 1 deletion(-)
Building f3d-3.0.0-6.fc43 for rawhide
Created task: 135450288
Task info: https://koji.fedoraproject.org/koji/taskinfo?taskID=135450288
Watching tasks (this may be safely interrupted)...
135450288 build (rawhide, /rpms/f3d.git:8f5b02de65db3c4f3fe39cd3fa4196d24fa6bfe7): free
135450288 build (rawhide, /rpms/f3d.git:8f5b02de65db3c4f3fe39cd3fa4196d24fa6bfe7): free -> assigned (buildvm-a64-04.rdu3.fedoraproject.org)
135450288 build (rawhide, /rpms/f3d.git:8f5b02de65db3c4f3fe39cd3fa4196d24fa6bfe7): assigned (buildvm-a64-04.rdu3.fedoraproject.org) -> open (buildvm-a64-04.rdu3.fedoraproject.org)
  135450308 buildSRPMFromSCM (/rpms/f3d.git:8f5b02de65db3c4f3fe39cd3fa4196d24fa6bfe7): free
  135450308 buildSRPMFromSCM (/rpms/f3d.git:8f5b02de65db3c4f3fe39cd3fa4196d24fa6bfe7): free -> assigned (buildvm-s390x-15.s390.fedoraproject.org)
  135450308 buildSRPMFromSCM (/rpms/f3d.git:8f5b02de65db3c4f3fe39cd3fa4196d24fa6bfe7): assigned (buildvm-s390x-15.s390.fedoraproject.org) -> open (buildvm-s390x-15.s390.fedoraproject.org)
  135450308 buildSRPMFromSCM (/rpms/f3d.git:8f5b02de65db3c4f3fe39cd3fa4196d24fa6bfe7): open (buildvm-s390x-15.s390.fedoraproject.org) -> closed
  0 free  1 open  1 done  0 failed
  135454129 buildArch (f3d-3.0.0-6.fc43.src.rpm, aarch64): free
  135454131 buildArch (f3d-3.0.0-6.fc43.src.rpm, s390x): free
  135454128 buildArch (f3d-3.0.0-6.fc43.src.rpm, x86_64): free
  135454130 buildArch (f3d-3.0.0-6.fc43.src.rpm, ppc64le): free
  135454129 buildArch (f3d-3.0.0-6.fc43.src.rpm, aarch64): free -> assigned (buildvm-a64-41.rdu3.fedoraproject.org)
  135454128 buildArch (f3d-3.0.0-6.fc43.src.rpm, x86_64): free -> assigned (buildvm-x86-21.rdu3.fedoraproject.org)
  135454130 buildArch (f3d-3.0.0-6.fc43.src.rpm, ppc64le): free -> assigned (buildvm-ppc64le-30.rdu3.fedoraproject.org)
  135454128 buildArch (f3d-3.0.0-6.fc43.src.rpm, x86_64): assigned (buildvm-x86-21.rdu3.fedoraproject.org) -> open (buildvm-x86-21.rdu3.fedoraproject.org)
  135454129 buildArch (f3d-3.0.0-6.fc43.src.rpm, aarch64): assigned (buildvm-a64-41.rdu3.fedoraproject.org) -> open (buildvm-a64-41.rdu3.fedoraproject.org)
  135454130 buildArch (f3d-3.0.0-6.fc43.src.rpm, ppc64le): assigned (buildvm-ppc64le-30.rdu3.fedoraproject.org) -> open (buildvm-ppc64le-30.rdu3.fedoraproject.org)
  135454128 buildArch (f3d-3.0.0-6.fc43.src.rpm, x86_64): open (buildvm-x86-21.rdu3.fedoraproject.org) -> closed
  1 free  3 open  2 done  0 failed
  135454129 buildArch (f3d-3.0.0-6.fc43.src.rpm, aarch64): open (buildvm-a64-41.rdu3.fedoraproject.org) -> closed
  1 free  2 open  3 done  0 failed
  135454130 buildArch (f3d-3.0.0-6.fc43.src.rpm, ppc64le): open (buildvm-ppc64le-30.rdu3.fedoraproject.org) -> closed
  1 free  1 open  4 done  0 failed
  135454131 buildArch (f3d-3.0.0-6.fc43.src.rpm, s390x): free -> open (buildvm-s390x-18.s390.fedoraproject.org)
  135454131 buildArch (f3d-3.0.0-6.fc43.src.rpm, s390x): open (buildvm-s390x-18.s390.fedoraproject.org) -> closed
  0 free  1 open  5 done  0 failed
  135456145 tagBuild (noarch): free
  135456145 tagBuild (noarch): free -> closed
  0 free  1 open  6 done  0 failed
135450288 build (rawhide, /rpms/f3d.git:8f5b02de65db3c4f3fe39cd3fa4196d24fa6bfe7): open (buildvm-a64-04.rdu3.fedoraproject.org) -> closed
  0 free  0 open  7 done  0 failed

135450288 build (rawhide, /rpms/f3d.git:8f5b02de65db3c4f3fe39cd3fa4196d24fa6bfe7) completed successfully
