Cloning into 'fasterxml-oss-parent'...
[rawhide ac3ed45] Rebuilt for java-21-openjdk as system jdk
 1 file changed, 4 insertions(+), 1 deletion(-)
Building fasterxml-oss-parent-58-2.fc41 for f41-build-side-84507
Created task: 114133580
Task info: https://koji.fedoraproject.org/koji/taskinfo?taskID=114133580
Watching tasks (this may be safely interrupted)...
114133580 build (f41-build-side-84507, /rpms/fasterxml-oss-parent.git:ac3ed45c3e7718baeea5ee5926df180f35dccf3d): free
114133580 build (f41-build-side-84507, /rpms/fasterxml-oss-parent.git:ac3ed45c3e7718baeea5ee5926df180f35dccf3d): free -> assigned
114133580 build (f41-build-side-84507, /rpms/fasterxml-oss-parent.git:ac3ed45c3e7718baeea5ee5926df180f35dccf3d): assigned -> open (buildvm-x86-19.iad2.fedoraproject.org)
  114133623 buildSRPMFromSCM (/rpms/fasterxml-oss-parent.git:ac3ed45c3e7718baeea5ee5926df180f35dccf3d): free
  114133623 buildSRPMFromSCM (/rpms/fasterxml-oss-parent.git:ac3ed45c3e7718baeea5ee5926df180f35dccf3d): free -> open (buildvm-x86-19.iad2.fedoraproject.org)
  114133623 buildSRPMFromSCM (/rpms/fasterxml-oss-parent.git:ac3ed45c3e7718baeea5ee5926df180f35dccf3d): open (buildvm-x86-19.iad2.fedoraproject.org) -> closed
  0 free  1 open  1 done  0 failed
  114133760 buildArch (fasterxml-oss-parent-58-2.fc41.src.rpm, noarch): free
  114133760 buildArch (fasterxml-oss-parent-58-2.fc41.src.rpm, noarch): free -> assigned
  114133760 buildArch (fasterxml-oss-parent-58-2.fc41.src.rpm, noarch): assigned -> open (buildvm-ppc64le-21.iad2.fedoraproject.org)
  114133760 buildArch (fasterxml-oss-parent-58-2.fc41.src.rpm, noarch): open (buildvm-ppc64le-21.iad2.fedoraproject.org) -> closed
  0 free  1 open  2 done  0 failed
  114134040 tagBuild (noarch): free
  114134040 tagBuild (noarch): free -> assigned
114133580 build (f41-build-side-84507, /rpms/fasterxml-oss-parent.git:ac3ed45c3e7718baeea5ee5926df180f35dccf3d): open (buildvm-x86-19.iad2.fedoraproject.org) -> closed
  0 free  1 open  3 done  0 failed
  114134040 tagBuild (noarch): assigned -> closed
  0 free  0 open  4 done  0 failed

114133580 build (f41-build-side-84507, /rpms/fasterxml-oss-parent.git:ac3ed45c3e7718baeea5ee5926df180f35dccf3d) completed successfully
