Cloning into 'felix-parent'...
@@@@@@@@@@@@@@@@@@@@@@@@@@@@@@@@@@@@@@@@@@@@@@@@@@@@@@@@@@@
@    WARNING: REMOTE HOST IDENTIFICATION HAS CHANGED!     @
@@@@@@@@@@@@@@@@@@@@@@@@@@@@@@@@@@@@@@@@@@@@@@@@@@@@@@@@@@@
IT IS POSSIBLE THAT SOMEONE IS DOING SOMETHING NASTY!
Someone could be eavesdropping on you right now (man-in-the-middle attack)!
It is also possible that a host key has just been changed.
The fingerprint for the RSA key sent by the remote host is
SHA256:dJN0nFWBcWK7SFs2k0nnsO+XNA9+aEDY4FWO7uhxTN8.
Please contact your system administrator.
Add correct host key in /home/jvanek/.ssh/known_hosts to get rid of this message.
Offending RSA key in /home/jvanek/.ssh/known_hosts:2
Password authentication is disabled to avoid man-in-the-middle attacks.
Keyboard-interactive authentication is disabled to avoid man-in-the-middle attacks.
UpdateHostkeys is disabled because the host key is not trusted.
RPMAutoSpec usage detected, not changing the spec file.
[rawhide 28c8c06] Rebuilt for java-25-openjdk as preffered jdk
Found a gating.yaml file in the repo and it is properly configured
Building felix-parent-9-15.fc43 for rawhide
Created task: 135450313
Task info: https://koji.fedoraproject.org/koji/taskinfo?taskID=135450313
Watching tasks (this may be safely interrupted)...
135450313 build (rawhide, /rpms/felix-parent.git:28c8c06688fdd447fb2e5219b9c799d868c34562): free
135450313 build (rawhide, /rpms/felix-parent.git:28c8c06688fdd447fb2e5219b9c799d868c34562): free -> assigned (buildvm-a64-37.rdu3.fedoraproject.org)
135450313 build (rawhide, /rpms/felix-parent.git:28c8c06688fdd447fb2e5219b9c799d868c34562): assigned (buildvm-a64-37.rdu3.fedoraproject.org) -> open (buildvm-a64-37.rdu3.fedoraproject.org)
  135450328 buildSRPMFromSCM (/rpms/felix-parent.git:28c8c06688fdd447fb2e5219b9c799d868c34562): free
  135450328 buildSRPMFromSCM (/rpms/felix-parent.git:28c8c06688fdd447fb2e5219b9c799d868c34562): free -> assigned (buildvm-s390x-09.s390.fedoraproject.org)
  135450328 buildSRPMFromSCM (/rpms/felix-parent.git:28c8c06688fdd447fb2e5219b9c799d868c34562): assigned (buildvm-s390x-09.s390.fedoraproject.org) -> open (buildvm-s390x-09.s390.fedoraproject.org)
  135450328 buildSRPMFromSCM (/rpms/felix-parent.git:28c8c06688fdd447fb2e5219b9c799d868c34562): open (buildvm-s390x-09.s390.fedoraproject.org) -> closed
  0 free  1 open  1 done  0 failed
  135454150 buildArch (felix-parent-9-15.fc43.src.rpm, noarch): free
  135454150 buildArch (felix-parent-9-15.fc43.src.rpm, noarch): free -> assigned (buildhw-x86-02.rdu3.fedoraproject.org)
  135454150 buildArch (felix-parent-9-15.fc43.src.rpm, noarch): assigned (buildhw-x86-02.rdu3.fedoraproject.org) -> open (buildhw-x86-02.rdu3.fedoraproject.org)
  135454150 buildArch (felix-parent-9-15.fc43.src.rpm, noarch): open (buildhw-x86-02.rdu3.fedoraproject.org) -> closed
  0 free  1 open  2 done  0 failed
  135454224 tagBuild (noarch): free
  135454224 tagBuild (noarch): free -> assigned (buildvm-ppc64le-22.rdu3.fedoraproject.org)
  135454224 tagBuild (noarch): assigned (buildvm-ppc64le-22.rdu3.fedoraproject.org) -> closed
  0 free  1 open  3 done  0 failed
135450313 build (rawhide, /rpms/felix-parent.git:28c8c06688fdd447fb2e5219b9c799d868c34562): open (buildvm-a64-37.rdu3.fedoraproject.org) -> closed
  0 free  0 open  4 done  0 failed

135450313 build (rawhide, /rpms/felix-parent.git:28c8c06688fdd447fb2e5219b9c799d868c34562) completed successfully
