Cloning into 'fernflower'...
[rawhide da3903d] Rebuilt for java-21-openjdk as system jdk
 1 file changed, 4 insertions(+), 1 deletion(-)
warning: %patchN is deprecated (2 usages found), use %patch N (or %patch -P N)

Building fernflower-211.7442.40-11.fc41 for f41-build-side-84507
Created task: 114133711
Task info: https://koji.fedoraproject.org/koji/taskinfo?taskID=114133711
Watching tasks (this may be safely interrupted)...
114133711 build (f41-build-side-84507, /rpms/fernflower.git:da3903dd341b01fa00cf32370fcb66f09273841a): free
114133711 build (f41-build-side-84507, /rpms/fernflower.git:da3903dd341b01fa00cf32370fcb66f09273841a): free -> assigned
114133711 build (f41-build-side-84507, /rpms/fernflower.git:da3903dd341b01fa00cf32370fcb66f09273841a): assigned -> open (buildvm-a64-08.iad2.fedoraproject.org)
  114133757 buildSRPMFromSCM (/rpms/fernflower.git:da3903dd341b01fa00cf32370fcb66f09273841a): free
  114133757 buildSRPMFromSCM (/rpms/fernflower.git:da3903dd341b01fa00cf32370fcb66f09273841a): free -> assigned
  114133757 buildSRPMFromSCM (/rpms/fernflower.git:da3903dd341b01fa00cf32370fcb66f09273841a): assigned -> open (buildvm-x86-15.iad2.fedoraproject.org)
  114133757 buildSRPMFromSCM (/rpms/fernflower.git:da3903dd341b01fa00cf32370fcb66f09273841a): open (buildvm-x86-15.iad2.fedoraproject.org) -> closed
  0 free  1 open  1 done  0 failed
  114133877 buildArch (fernflower-211.7442.40-11.fc41.src.rpm, noarch): free
  114133877 buildArch (fernflower-211.7442.40-11.fc41.src.rpm, noarch): free -> assigned
  114133877 buildArch (fernflower-211.7442.40-11.fc41.src.rpm, noarch): assigned -> open (buildvm-ppc64le-05.iad2.fedoraproject.org)
  114133877 buildArch (fernflower-211.7442.40-11.fc41.src.rpm, noarch): open (buildvm-ppc64le-05.iad2.fedoraproject.org) -> closed
  0 free  1 open  2 done  0 failed
  114133969 tagBuild (noarch): free
  114133969 tagBuild (noarch): free -> assigned
  114133969 tagBuild (noarch): assigned -> closed
  0 free  1 open  3 done  0 failed
114133711 build (f41-build-side-84507, /rpms/fernflower.git:da3903dd341b01fa00cf32370fcb66f09273841a): open (buildvm-a64-08.iad2.fedoraproject.org) -> closed
  0 free  0 open  4 done  0 failed

114133711 build (f41-build-side-84507, /rpms/fernflower.git:da3903dd341b01fa00cf32370fcb66f09273841a) completed successfully
