Cloning into 'fop'...
RPMAutoSpec usage detected, not changing the spec file.
[f40 885cb65] Rebuilt for java-21-openjdk as system jdk
Building fop-2.9-6.fc40 for f40-build-side-84857
Created task: 114349194
Task info: https://koji.fedoraproject.org/koji/taskinfo?taskID=114349194
Watching tasks (this may be safely interrupted)...
114349194 build (f40-build-side-84857, /rpms/fop.git:885cb655f8eefa5a064e60370cc368e695146f68): free
114349194 build (f40-build-side-84857, /rpms/fop.git:885cb655f8eefa5a064e60370cc368e695146f68): free -> assigned
114349194 build (f40-build-side-84857, /rpms/fop.git:885cb655f8eefa5a064e60370cc368e695146f68): assigned -> open (buildvm-s390x-06.s390.fedoraproject.org)
  114349296 buildSRPMFromSCM (/rpms/fop.git:885cb655f8eefa5a064e60370cc368e695146f68): free
  114349296 buildSRPMFromSCM (/rpms/fop.git:885cb655f8eefa5a064e60370cc368e695146f68): free -> assigned
  114349296 buildSRPMFromSCM (/rpms/fop.git:885cb655f8eefa5a064e60370cc368e695146f68): assigned -> open (buildvm-a64-26.iad2.fedoraproject.org)
  114349296 buildSRPMFromSCM (/rpms/fop.git:885cb655f8eefa5a064e60370cc368e695146f68): open (buildvm-a64-26.iad2.fedoraproject.org) -> closed
  0 free  1 open  1 done  0 failed
  114349607 buildArch (fop-2.9-6.fc40.src.rpm, noarch): free
  114349607 buildArch (fop-2.9-6.fc40.src.rpm, noarch): free -> assigned
  114349607 buildArch (fop-2.9-6.fc40.src.rpm, noarch): assigned -> open (buildvm-x86-11.iad2.fedoraproject.org)
  114349607 buildArch (fop-2.9-6.fc40.src.rpm, noarch): open (buildvm-x86-11.iad2.fedoraproject.org) -> closed
  0 free  1 open  2 done  0 failed
  114349863 tagBuild (noarch): free
  114349863 tagBuild (noarch): free -> closed
  0 free  1 open  3 done  0 failed
114349194 build (f40-build-side-84857, /rpms/fop.git:885cb655f8eefa5a064e60370cc368e695146f68): open (buildvm-s390x-06.s390.fedoraproject.org) -> closed
  0 free  0 open  4 done  0 failed

114349194 build (f40-build-side-84857, /rpms/fop.git:885cb655f8eefa5a064e60370cc368e695146f68) completed successfully
