Cloning into 'forge-parent'...
[rawhide b17c8e5] Rebuilt for java-21-openjdk as system jdk
 1 file changed, 4 insertions(+), 1 deletion(-)
Building forge-parent-38-28.fc41 for f41-build-side-84507
Created task: 114133852
Task info: https://koji.fedoraproject.org/koji/taskinfo?taskID=114133852
Watching tasks (this may be safely interrupted)...
114133852 build (f41-build-side-84507, /rpms/forge-parent.git:b17c8e5328dfad9264bbf06ff1ff6a0164958d93): free
114133852 build (f41-build-side-84507, /rpms/forge-parent.git:b17c8e5328dfad9264bbf06ff1ff6a0164958d93): free -> assigned
114133852 build (f41-build-side-84507, /rpms/forge-parent.git:b17c8e5328dfad9264bbf06ff1ff6a0164958d93): assigned -> open (buildvm-x86-11.iad2.fedoraproject.org)
  114133876 buildSRPMFromSCM (/rpms/forge-parent.git:b17c8e5328dfad9264bbf06ff1ff6a0164958d93): free
  114133876 buildSRPMFromSCM (/rpms/forge-parent.git:b17c8e5328dfad9264bbf06ff1ff6a0164958d93): free -> assigned
  114133876 buildSRPMFromSCM (/rpms/forge-parent.git:b17c8e5328dfad9264bbf06ff1ff6a0164958d93): assigned -> open (buildvm-a64-31.iad2.fedoraproject.org)
  114133876 buildSRPMFromSCM (/rpms/forge-parent.git:b17c8e5328dfad9264bbf06ff1ff6a0164958d93): open (buildvm-a64-31.iad2.fedoraproject.org) -> closed
  0 free  1 open  1 done  0 failed
  114133915 buildArch (forge-parent-38-28.fc41.src.rpm, noarch): free
  114133915 buildArch (forge-parent-38-28.fc41.src.rpm, noarch): free -> open (buildvm-x86-16.iad2.fedoraproject.org)
  114133956 tagBuild (noarch): free
  114133915 buildArch (forge-parent-38-28.fc41.src.rpm, noarch): open (buildvm-x86-16.iad2.fedoraproject.org) -> closed
  1 free  1 open  2 done  0 failed
  114133956 tagBuild (noarch): free -> assigned
  114133956 tagBuild (noarch): assigned -> open (buildhw-x86-04.iad2.fedoraproject.org)
  114133956 tagBuild (noarch): open (buildhw-x86-04.iad2.fedoraproject.org) -> closed
  0 free  1 open  3 done  0 failed
114133852 build (f41-build-side-84507, /rpms/forge-parent.git:b17c8e5328dfad9264bbf06ff1ff6a0164958d93): open (buildvm-x86-11.iad2.fedoraproject.org) -> closed
  0 free  0 open  4 done  0 failed

114133852 build (f41-build-side-84507, /rpms/forge-parent.git:b17c8e5328dfad9264bbf06ff1ff6a0164958d93) completed successfully
