Cloning into 'freecol'...
[rawhide 6fc17db] Rebuilt for java-21-openjdk as system jdk
 1 file changed, 4 insertions(+), 1 deletion(-)
Building freecol-1.1.0-4.fc41 for f41-build-side-84507
Created task: 114133878
Task info: https://koji.fedoraproject.org/koji/taskinfo?taskID=114133878
Watching tasks (this may be safely interrupted)...
114133878 build (f41-build-side-84507, /rpms/freecol.git:6fc17dbdd27d04965885ced6ba9e1ca4eeac1c7d): free
114133878 build (f41-build-side-84507, /rpms/freecol.git:6fc17dbdd27d04965885ced6ba9e1ca4eeac1c7d): free -> assigned
  114133885 buildSRPMFromSCM (/rpms/freecol.git:6fc17dbdd27d04965885ced6ba9e1ca4eeac1c7d): free
114133878 build (f41-build-side-84507, /rpms/freecol.git:6fc17dbdd27d04965885ced6ba9e1ca4eeac1c7d): assigned -> open (buildhw-x86-07.iad2.fedoraproject.org)
  114133885 buildSRPMFromSCM (/rpms/freecol.git:6fc17dbdd27d04965885ced6ba9e1ca4eeac1c7d): free -> assigned
  114133885 buildSRPMFromSCM (/rpms/freecol.git:6fc17dbdd27d04965885ced6ba9e1ca4eeac1c7d): assigned -> open (buildvm-x86-14.iad2.fedoraproject.org)
  114133937 buildArch (freecol-1.1.0-4.fc41.src.rpm, noarch): free
  114133885 buildSRPMFromSCM (/rpms/freecol.git:6fc17dbdd27d04965885ced6ba9e1ca4eeac1c7d): open (buildvm-x86-14.iad2.fedoraproject.org) -> closed
  1 free  1 open  1 done  0 failed
  114133937 buildArch (freecol-1.1.0-4.fc41.src.rpm, noarch): free -> assigned
  114133937 buildArch (freecol-1.1.0-4.fc41.src.rpm, noarch): assigned -> open (buildvm-s390x-02.s390.fedoraproject.org)
  114133937 buildArch (freecol-1.1.0-4.fc41.src.rpm, noarch): open (buildvm-s390x-02.s390.fedoraproject.org) -> closed
  0 free  1 open  2 done  0 failed
  114133994 tagBuild (noarch): free
  114133994 tagBuild (noarch): free -> assigned
114133878 build (f41-build-side-84507, /rpms/freecol.git:6fc17dbdd27d04965885ced6ba9e1ca4eeac1c7d): open (buildhw-x86-07.iad2.fedoraproject.org) -> closed
  0 free  1 open  3 done  0 failed
  114133994 tagBuild (noarch): assigned -> closed
  0 free  0 open  4 done  0 failed

114133878 build (f41-build-side-84507, /rpms/freecol.git:6fc17dbdd27d04965885ced6ba9e1ca4eeac1c7d) completed successfully
