Cloning into 'freewrl'...
[rawhide 176f3ae] Rebuilt for java-17-openjdk as system jdk
 1 file changed, 4 insertions(+), 1 deletion(-)
Building freewrl-4.3.0-11.20200221gite99ab4a.fc36 for f36-java17
Created task: 82426122
Task info: https://koji.fedoraproject.org/koji/taskinfo?taskID=82426122
Watching tasks (this may be safely interrupted)...
82426122 build (f36-java17, /rpms/freewrl.git:176f3ae2c90bfb69a453718563c332f77cf21d02): free
82426122 build (f36-java17, /rpms/freewrl.git:176f3ae2c90bfb69a453718563c332f77cf21d02): free -> open (buildvm-ppc64le-35.iad2.fedoraproject.org)
  82426138 buildSRPMFromSCM (/rpms/freewrl.git:176f3ae2c90bfb69a453718563c332f77cf21d02): free
  82426138 buildSRPMFromSCM (/rpms/freewrl.git:176f3ae2c90bfb69a453718563c332f77cf21d02): free -> open (buildvm-x86-28.iad2.fedoraproject.org)
  82426138 buildSRPMFromSCM (/rpms/freewrl.git:176f3ae2c90bfb69a453718563c332f77cf21d02): open (buildvm-x86-28.iad2.fedoraproject.org) -> closed
  0 free  1 open  1 done  0 failed
  82426261 buildArch (freewrl-4.3.0-11.20200221gite99ab4a.fc36.src.rpm, aarch64): open (buildvm-a64-26.iad2.fedoraproject.org)
  82426263 buildArch (freewrl-4.3.0-11.20200221gite99ab4a.fc36.src.rpm, s390x): open (buildvm-s390x-03.s390.fedoraproject.org)
  82426258 buildArch (freewrl-4.3.0-11.20200221gite99ab4a.fc36.src.rpm, i686): free
  82426257 buildArch (freewrl-4.3.0-11.20200221gite99ab4a.fc36.src.rpm, armv7hl): open (buildvm-a32-14.iad2.fedoraproject.org)
  82426260 buildArch (freewrl-4.3.0-11.20200221gite99ab4a.fc36.src.rpm, x86_64): free
  82426262 buildArch (freewrl-4.3.0-11.20200221gite99ab4a.fc36.src.rpm, ppc64le): free
  82426258 buildArch (freewrl-4.3.0-11.20200221gite99ab4a.fc36.src.rpm, i686): free -> open (buildhw-x86-04.iad2.fedoraproject.org)
  82426260 buildArch (freewrl-4.3.0-11.20200221gite99ab4a.fc36.src.rpm, x86_64): free -> open (buildhw-x86-14.iad2.fedoraproject.org)
  82426262 buildArch (freewrl-4.3.0-11.20200221gite99ab4a.fc36.src.rpm, ppc64le): free -> open (buildvm-ppc64le-35.iad2.fedoraproject.org)
  82426263 buildArch (freewrl-4.3.0-11.20200221gite99ab4a.fc36.src.rpm, s390x): open (buildvm-s390x-03.s390.fedoraproject.org) -> closed
  0 free  6 open  2 done  0 failed
  82426260 buildArch (freewrl-4.3.0-11.20200221gite99ab4a.fc36.src.rpm, x86_64): open (buildhw-x86-14.iad2.fedoraproject.org) -> closed
  0 free  5 open  3 done  0 failed
  82426258 buildArch (freewrl-4.3.0-11.20200221gite99ab4a.fc36.src.rpm, i686): open (buildhw-x86-04.iad2.fedoraproject.org) -> closed
  0 free  4 open  4 done  0 failed
  82426262 buildArch (freewrl-4.3.0-11.20200221gite99ab4a.fc36.src.rpm, ppc64le): open (buildvm-ppc64le-35.iad2.fedoraproject.org) -> closed
  0 free  3 open  5 done  0 failed
  82426261 buildArch (freewrl-4.3.0-11.20200221gite99ab4a.fc36.src.rpm, aarch64): open (buildvm-a64-26.iad2.fedoraproject.org) -> closed
  0 free  2 open  6 done  0 failed
  82426257 buildArch (freewrl-4.3.0-11.20200221gite99ab4a.fc36.src.rpm, armv7hl): open (buildvm-a32-14.iad2.fedoraproject.org) -> closed
  0 free  1 open  7 done  0 failed
  82426823 tagBuild (noarch): free
  82426823 tagBuild (noarch): free -> closed
  0 free  1 open  8 done  0 failed
82426122 build (f36-java17, /rpms/freewrl.git:176f3ae2c90bfb69a453718563c332f77cf21d02): open (buildvm-ppc64le-35.iad2.fedoraproject.org) -> closed
  0 free  0 open  9 done  0 failed

82426122 build (f36-java17, /rpms/freewrl.git:176f3ae2c90bfb69a453718563c332f77cf21d02) completed successfully
