Cloning into 'frysk'...
@@@@@@@@@@@@@@@@@@@@@@@@@@@@@@@@@@@@@@@@@@@@@@@@@@@@@@@@@@@
@    WARNING: REMOTE HOST IDENTIFICATION HAS CHANGED!     @
@@@@@@@@@@@@@@@@@@@@@@@@@@@@@@@@@@@@@@@@@@@@@@@@@@@@@@@@@@@
IT IS POSSIBLE THAT SOMEONE IS DOING SOMETHING NASTY!
Someone could be eavesdropping on you right now (man-in-the-middle attack)!
It is also possible that a host key has just been changed.
The fingerprint for the RSA key sent by the remote host is
SHA256:dJN0nFWBcWK7SFs2k0nnsO+XNA9+aEDY4FWO7uhxTN8.
Please contact your system administrator.
Add correct host key in /home/jvanek/.ssh/known_hosts to get rid of this message.
Offending RSA key in /home/jvanek/.ssh/known_hosts:2
Password authentication is disabled to avoid man-in-the-middle attacks.
Keyboard-interactive authentication is disabled to avoid man-in-the-middle attacks.
UpdateHostkeys is disabled because the host key is not trusted.
[rawhide b1e8523] Rebuilt for java-25-openjdk as preffered jdk
 1 file changed, 5 insertions(+), 2 deletions(-)
Building frysk-0.4-99.fc43 for rawhide
Created task: 135450422
Task info: https://koji.fedoraproject.org/koji/taskinfo?taskID=135450422
Watching tasks (this may be safely interrupted)...
135450422 build (rawhide, /rpms/frysk.git:b1e8523956648e7a961d9d7967a89bff6554a64e): free
135450422 build (rawhide, /rpms/frysk.git:b1e8523956648e7a961d9d7967a89bff6554a64e): free -> open (buildvm-a64-36.rdu3.fedoraproject.org)
  135450432 buildSRPMFromSCM (/rpms/frysk.git:b1e8523956648e7a961d9d7967a89bff6554a64e): free
  135450432 buildSRPMFromSCM (/rpms/frysk.git:b1e8523956648e7a961d9d7967a89bff6554a64e): free -> assigned (buildvm-ppc64le-21.rdu3.fedoraproject.org)
  135450432 buildSRPMFromSCM (/rpms/frysk.git:b1e8523956648e7a961d9d7967a89bff6554a64e): assigned (buildvm-ppc64le-21.rdu3.fedoraproject.org) -> open (buildvm-ppc64le-21.rdu3.fedoraproject.org)
  135450840 buildArch (frysk-0.4-99.fc43.src.rpm, x86_64): free
  135450432 buildSRPMFromSCM (/rpms/frysk.git:b1e8523956648e7a961d9d7967a89bff6554a64e): open (buildvm-ppc64le-21.rdu3.fedoraproject.org) -> closed
  1 free  1 open  1 done  0 failed
  135450840 buildArch (frysk-0.4-99.fc43.src.rpm, x86_64): free -> assigned (buildhw-x86-02.rdu3.fedoraproject.org)
  135450840 buildArch (frysk-0.4-99.fc43.src.rpm, x86_64): assigned (buildhw-x86-02.rdu3.fedoraproject.org) -> open (buildhw-x86-02.rdu3.fedoraproject.org)
  135450945 tagBuild (noarch): free
  135450840 buildArch (frysk-0.4-99.fc43.src.rpm, x86_64): open (buildhw-x86-02.rdu3.fedoraproject.org) -> closed
  1 free  1 open  2 done  0 failed
  135450945 tagBuild (noarch): free -> assigned (buildvm-a64-28.rdu3.fedoraproject.org)
135450422 build (rawhide, /rpms/frysk.git:b1e8523956648e7a961d9d7967a89bff6554a64e): open (buildvm-a64-36.rdu3.fedoraproject.org) -> closed
  0 free  1 open  3 done  0 failed
  135450945 tagBuild (noarch): assigned (buildvm-a64-28.rdu3.fedoraproject.org) -> closed
  0 free  0 open  4 done  0 failed

135450422 build (rawhide, /rpms/frysk.git:b1e8523956648e7a961d9d7967a89bff6554a64e) completed successfully
build (rawhide, /rpms/) completed successfully
