Cloning into 'fusesource-pom'...
[rawhide a1ec9d7] Rebuilt for java-17-openjdk as system jdk
 1 file changed, 4 insertions(+), 1 deletion(-)
Building fusesource-pom-1.12-10.fc36 for f36-java17
Created task: 82426184
Task info: https://koji.fedoraproject.org/koji/taskinfo?taskID=82426184
Watching tasks (this may be safely interrupted)...
82426184 build (f36-java17, /rpms/fusesource-pom.git:a1ec9d750961db1496523dcf1412039f9f1b8a2e): free
82426184 build (f36-java17, /rpms/fusesource-pom.git:a1ec9d750961db1496523dcf1412039f9f1b8a2e): free -> open (buildvm-x86-30.iad2.fedoraproject.org)
  82426219 buildSRPMFromSCM (/rpms/fusesource-pom.git:a1ec9d750961db1496523dcf1412039f9f1b8a2e): free
  82426219 buildSRPMFromSCM (/rpms/fusesource-pom.git:a1ec9d750961db1496523dcf1412039f9f1b8a2e): free -> open (buildvm-ppc64le-40.iad2.fedoraproject.org)
  82426219 buildSRPMFromSCM (/rpms/fusesource-pom.git:a1ec9d750961db1496523dcf1412039f9f1b8a2e): open (buildvm-ppc64le-40.iad2.fedoraproject.org) -> closed
  0 free  1 open  1 done  0 failed
  82426398 buildArch (fusesource-pom-1.12-10.fc36.src.rpm, noarch): free
  82426398 buildArch (fusesource-pom-1.12-10.fc36.src.rpm, noarch): free -> open (buildvm-ppc64le-17.iad2.fedoraproject.org)
  82426398 buildArch (fusesource-pom-1.12-10.fc36.src.rpm, noarch): open (buildvm-ppc64le-17.iad2.fedoraproject.org) -> closed
  0 free  1 open  2 done  0 failed
  82426550 tagBuild (noarch): free
  82426550 tagBuild (noarch): free -> closed
  0 free  1 open  3 done  0 failed
82426184 build (f36-java17, /rpms/fusesource-pom.git:a1ec9d750961db1496523dcf1412039f9f1b8a2e): open (buildvm-x86-30.iad2.fedoraproject.org) -> closed
  0 free  0 open  4 done  0 failed

82426184 build (f36-java17, /rpms/fusesource-pom.git:a1ec9d750961db1496523dcf1412039f9f1b8a2e) completed successfully
