Cloning into 'gdl'...
@@@@@@@@@@@@@@@@@@@@@@@@@@@@@@@@@@@@@@@@@@@@@@@@@@@@@@@@@@@
@    WARNING: REMOTE HOST IDENTIFICATION HAS CHANGED!     @
@@@@@@@@@@@@@@@@@@@@@@@@@@@@@@@@@@@@@@@@@@@@@@@@@@@@@@@@@@@
IT IS POSSIBLE THAT SOMEONE IS DOING SOMETHING NASTY!
Someone could be eavesdropping on you right now (man-in-the-middle attack)!
It is also possible that a host key has just been changed.
The fingerprint for the RSA key sent by the remote host is
SHA256:dJN0nFWBcWK7SFs2k0nnsO+XNA9+aEDY4FWO7uhxTN8.
Please contact your system administrator.
Add correct host key in /home/jvanek/.ssh/known_hosts to get rid of this message.
Offending RSA key in /home/jvanek/.ssh/known_hosts:2
Password authentication is disabled to avoid man-in-the-middle attacks.
Keyboard-interactive authentication is disabled to avoid man-in-the-middle attacks.
UpdateHostkeys is disabled because the host key is not trusted.
RPMAutoSpec usage detected, not changing the spec file.
[rawhide 9061081] Rebuilt for java-25-openjdk as preffered jdk
 1 file changed, 1 insertion(+), 1 deletion(-)
warning: line 104: Possible unexpanded macro in: Requires:       hdf5 = %{_hdf5_version}

Building gdl-1.1.1-5.fc43 for rawhide
Created task: 135450471
Task info: https://koji.fedoraproject.org/koji/taskinfo?taskID=135450471
Watching tasks (this may be safely interrupted)...
135450471 build (rawhide, /rpms/gdl.git:90610812b1b9b0815791ac87386177644a516da7): free
135450471 build (rawhide, /rpms/gdl.git:90610812b1b9b0815791ac87386177644a516da7): free -> open (buildvm-a64-13.rdu3.fedoraproject.org)
  135450483 buildSRPMFromSCM (/rpms/gdl.git:90610812b1b9b0815791ac87386177644a516da7): free
  135450483 buildSRPMFromSCM (/rpms/gdl.git:90610812b1b9b0815791ac87386177644a516da7): free -> assigned (buildvm-s390x-04.s390.fedoraproject.org)
  135450483 buildSRPMFromSCM (/rpms/gdl.git:90610812b1b9b0815791ac87386177644a516da7): assigned (buildvm-s390x-04.s390.fedoraproject.org) -> open (buildvm-s390x-04.s390.fedoraproject.org)
  135450483 buildSRPMFromSCM (/rpms/gdl.git:90610812b1b9b0815791ac87386177644a516da7): open (buildvm-s390x-04.s390.fedoraproject.org) -> closed
  0 free  1 open  1 done  0 failed
  135454290 buildArch (gdl-1.1.1-5.fc43.src.rpm, aarch64): free
  135454292 buildArch (gdl-1.1.1-5.fc43.src.rpm, s390x): free
  135454289 buildArch (gdl-1.1.1-5.fc43.src.rpm, x86_64): free
  135454291 buildArch (gdl-1.1.1-5.fc43.src.rpm, ppc64le): free
  135454290 buildArch (gdl-1.1.1-5.fc43.src.rpm, aarch64): free -> assigned (buildvm-a64-16.rdu3.fedoraproject.org)
  135454289 buildArch (gdl-1.1.1-5.fc43.src.rpm, x86_64): free -> assigned (buildvm-x86-22.rdu3.fedoraproject.org)
  135454291 buildArch (gdl-1.1.1-5.fc43.src.rpm, ppc64le): free -> open (buildvm-ppc64le-11.rdu3.fedoraproject.org)
  135454290 buildArch (gdl-1.1.1-5.fc43.src.rpm, aarch64): assigned (buildvm-a64-16.rdu3.fedoraproject.org) -> open (buildvm-a64-16.rdu3.fedoraproject.org)
  135454289 buildArch (gdl-1.1.1-5.fc43.src.rpm, x86_64): assigned (buildvm-x86-22.rdu3.fedoraproject.org) -> open (buildvm-x86-22.rdu3.fedoraproject.org)
  135454292 buildArch (gdl-1.1.1-5.fc43.src.rpm, s390x): free -> assigned (buildvm-s390x-16.s390.fedoraproject.org)
  135454292 buildArch (gdl-1.1.1-5.fc43.src.rpm, s390x): assigned (buildvm-s390x-16.s390.fedoraproject.org) -> open (buildvm-s390x-16.s390.fedoraproject.org)
  135454289 buildArch (gdl-1.1.1-5.fc43.src.rpm, x86_64): open (buildvm-x86-22.rdu3.fedoraproject.org) -> closed
  0 free  4 open  2 done  0 failed
  135454290 buildArch (gdl-1.1.1-5.fc43.src.rpm, aarch64): open (buildvm-a64-16.rdu3.fedoraproject.org) -> closed
  0 free  3 open  3 done  0 failed
  135454291 buildArch (gdl-1.1.1-5.fc43.src.rpm, ppc64le): open (buildvm-ppc64le-11.rdu3.fedoraproject.org) -> closed
  0 free  2 open  4 done  0 failed
  135454292 buildArch (gdl-1.1.1-5.fc43.src.rpm, s390x): open (buildvm-s390x-16.s390.fedoraproject.org) -> closed
  0 free  1 open  5 done  0 failed
  135459461 tagBuild (noarch): free
  135459461 tagBuild (noarch): free -> assigned (buildvm-x86-16.rdu3.fedoraproject.org)
  135459461 tagBuild (noarch): assigned (buildvm-x86-16.rdu3.fedoraproject.org) -> open (buildvm-x86-16.rdu3.fedoraproject.org)
  135459461 tagBuild (noarch): open (buildvm-x86-16.rdu3.fedoraproject.org) -> closed
  0 free  1 open  6 done  0 failed
135450471 build (rawhide, /rpms/gdl.git:90610812b1b9b0815791ac87386177644a516da7): open (buildvm-a64-13.rdu3.fedoraproject.org) -> closed
  0 free  0 open  7 done  0 failed

135450471 build (rawhide, /rpms/gdl.git:90610812b1b9b0815791ac87386177644a516da7) completed successfully
