Cloning into 'genders'...
[rawhide 4d6dbe8] Rebuilt for java-17-openjdk as system jdk
 1 file changed, 4 insertions(+), 1 deletion(-)
Building genders-1.27.2-10.fc36 for f36-java17
Created task: 82426390
Task info: https://koji.fedoraproject.org/koji/taskinfo?taskID=82426390
Watching tasks (this may be safely interrupted)...
82426390 build (f36-java17, /rpms/genders.git:4d6dbe85575fb454b664425adec0119936b74132): free
82426390 build (f36-java17, /rpms/genders.git:4d6dbe85575fb454b664425adec0119936b74132): free -> open (buildvm-a64-33.iad2.fedoraproject.org)
  82426406 buildSRPMFromSCM (/rpms/genders.git:4d6dbe85575fb454b664425adec0119936b74132): free
  82426406 buildSRPMFromSCM (/rpms/genders.git:4d6dbe85575fb454b664425adec0119936b74132): free -> open (buildvm-ppc64le-29.iad2.fedoraproject.org)
  82426406 buildSRPMFromSCM (/rpms/genders.git:4d6dbe85575fb454b664425adec0119936b74132): open (buildvm-ppc64le-29.iad2.fedoraproject.org) -> closed
  0 free  1 open  1 done  0 failed
  82426589 buildArch (genders-1.27.2-10.fc36.src.rpm, i686): free
  82426591 buildArch (genders-1.27.2-10.fc36.src.rpm, aarch64): free
  82426592 buildArch (genders-1.27.2-10.fc36.src.rpm, ppc64le): free
  82426593 buildArch (genders-1.27.2-10.fc36.src.rpm, s390x): open (buildvm-s390x-28.s390.fedoraproject.org)
  82426588 buildArch (genders-1.27.2-10.fc36.src.rpm, armv7hl): open (buildvm-a32-07.iad2.fedoraproject.org)
  82426590 buildArch (genders-1.27.2-10.fc36.src.rpm, x86_64): free
  82426591 buildArch (genders-1.27.2-10.fc36.src.rpm, aarch64): free -> open (buildvm-a64-13.iad2.fedoraproject.org)
  82426589 buildArch (genders-1.27.2-10.fc36.src.rpm, i686): free -> open (buildhw-x86-05.iad2.fedoraproject.org)
  82426592 buildArch (genders-1.27.2-10.fc36.src.rpm, ppc64le): free -> open (buildvm-ppc64le-30.iad2.fedoraproject.org)
  82426590 buildArch (genders-1.27.2-10.fc36.src.rpm, x86_64): free -> open (buildvm-x86-25.iad2.fedoraproject.org)
  82426593 buildArch (genders-1.27.2-10.fc36.src.rpm, s390x): open (buildvm-s390x-28.s390.fedoraproject.org) -> closed
  0 free  6 open  2 done  0 failed
  82426590 buildArch (genders-1.27.2-10.fc36.src.rpm, x86_64): open (buildvm-x86-25.iad2.fedoraproject.org) -> closed
  0 free  5 open  3 done  0 failed
  82426589 buildArch (genders-1.27.2-10.fc36.src.rpm, i686): open (buildhw-x86-05.iad2.fedoraproject.org) -> closed
  0 free  4 open  4 done  0 failed
  82426591 buildArch (genders-1.27.2-10.fc36.src.rpm, aarch64): open (buildvm-a64-13.iad2.fedoraproject.org) -> closed
  0 free  3 open  5 done  0 failed
  82426592 buildArch (genders-1.27.2-10.fc36.src.rpm, ppc64le): open (buildvm-ppc64le-30.iad2.fedoraproject.org) -> closed
  0 free  2 open  6 done  0 failed
  82426588 buildArch (genders-1.27.2-10.fc36.src.rpm, armv7hl): open (buildvm-a32-07.iad2.fedoraproject.org) -> closed
  0 free  1 open  7 done  0 failed
  82426852 tagBuild (noarch): free
  82426852 tagBuild (noarch): free -> closed
  0 free  1 open  8 done  0 failed
82426390 build (f36-java17, /rpms/genders.git:4d6dbe85575fb454b664425adec0119936b74132): open (buildvm-a64-33.iad2.fedoraproject.org) -> closed
  0 free  0 open  9 done  0 failed

82426390 build (f36-java17, /rpms/genders.git:4d6dbe85575fb454b664425adec0119936b74132) completed successfully
