Cloning into 'google-guice'...
[f40 9c86466] Rebuilt for java-21-openjdk as system jdk
 1 file changed, 4 insertions(+), 1 deletion(-)
Found a gating.yaml file in the repo and it is properly configured
Building google-guice-5.1.0-11.fc40 for f40-build-side-84857
Created task: 114349744
Task info: https://koji.fedoraproject.org/koji/taskinfo?taskID=114349744
Watching tasks (this may be safely interrupted)...
114349744 build (f40-build-side-84857, /rpms/google-guice.git:9c86466f1f16998a1c942d61a5a29c5ea03d7f5a): free
114349744 build (f40-build-side-84857, /rpms/google-guice.git:9c86466f1f16998a1c942d61a5a29c5ea03d7f5a): free -> assigned
114349744 build (f40-build-side-84857, /rpms/google-guice.git:9c86466f1f16998a1c942d61a5a29c5ea03d7f5a): assigned -> open (buildvm-ppc64le-17.iad2.fedoraproject.org)
  114349760 buildSRPMFromSCM (/rpms/google-guice.git:9c86466f1f16998a1c942d61a5a29c5ea03d7f5a): free
  114349760 buildSRPMFromSCM (/rpms/google-guice.git:9c86466f1f16998a1c942d61a5a29c5ea03d7f5a): free -> assigned
  114349760 buildSRPMFromSCM (/rpms/google-guice.git:9c86466f1f16998a1c942d61a5a29c5ea03d7f5a): assigned -> open (buildvm-a64-33.iad2.fedoraproject.org)
  114349760 buildSRPMFromSCM (/rpms/google-guice.git:9c86466f1f16998a1c942d61a5a29c5ea03d7f5a): open (buildvm-a64-33.iad2.fedoraproject.org) -> closed
  0 free  1 open  1 done  0 failed
  114349925 buildArch (google-guice-5.1.0-11.fc40.src.rpm, noarch): free
  114349925 buildArch (google-guice-5.1.0-11.fc40.src.rpm, noarch): free -> assigned
  114349925 buildArch (google-guice-5.1.0-11.fc40.src.rpm, noarch): assigned -> open (buildhw-a64-21.iad2.fedoraproject.org)
  114349925 buildArch (google-guice-5.1.0-11.fc40.src.rpm, noarch): open (buildhw-a64-21.iad2.fedoraproject.org) -> closed
  0 free  1 open  2 done  0 failed
  114350376 tagBuild (noarch): free
  114350376 tagBuild (noarch): free -> assigned
  114350376 tagBuild (noarch): assigned -> closed
  0 free  1 open  3 done  0 failed
114349744 build (f40-build-side-84857, /rpms/google-guice.git:9c86466f1f16998a1c942d61a5a29c5ea03d7f5a): open (buildvm-ppc64le-17.iad2.fedoraproject.org) -> closed
  0 free  0 open  4 done  0 failed

114349744 build (f40-build-side-84857, /rpms/google-guice.git:9c86466f1f16998a1c942d61a5a29c5ea03d7f5a) completed successfully
