Cloning into 'google-gson'...
@@@@@@@@@@@@@@@@@@@@@@@@@@@@@@@@@@@@@@@@@@@@@@@@@@@@@@@@@@@
@    WARNING: REMOTE HOST IDENTIFICATION HAS CHANGED!     @
@@@@@@@@@@@@@@@@@@@@@@@@@@@@@@@@@@@@@@@@@@@@@@@@@@@@@@@@@@@
IT IS POSSIBLE THAT SOMEONE IS DOING SOMETHING NASTY!
Someone could be eavesdropping on you right now (man-in-the-middle attack)!
It is also possible that a host key has just been changed.
The fingerprint for the RSA key sent by the remote host is
SHA256:dJN0nFWBcWK7SFs2k0nnsO+XNA9+aEDY4FWO7uhxTN8.
Please contact your system administrator.
Add correct host key in /home/jvanek/.ssh/known_hosts to get rid of this message.
Offending RSA key in /home/jvanek/.ssh/known_hosts:2
Password authentication is disabled to avoid man-in-the-middle attacks.
Keyboard-interactive authentication is disabled to avoid man-in-the-middle attacks.
UpdateHostkeys is disabled because the host key is not trusted.
RPMAutoSpec usage detected, not changing the spec file.
[rawhide 3b86daa] Rebuilt for java-25-openjdk as preffered jdk
Building google-gson-2.12.1-5.fc43 for rawhide
Created task: 135450492
Task info: https://koji.fedoraproject.org/koji/taskinfo?taskID=135450492
Watching tasks (this may be safely interrupted)...
135450492 build (rawhide, /rpms/google-gson.git:3b86daa74bcbb589cf0954639988c29b20e0dcde): free
135450492 build (rawhide, /rpms/google-gson.git:3b86daa74bcbb589cf0954639988c29b20e0dcde): free -> assigned (buildvm-a64-12.rdu3.fedoraproject.org)
135450492 build (rawhide, /rpms/google-gson.git:3b86daa74bcbb589cf0954639988c29b20e0dcde): assigned (buildvm-a64-12.rdu3.fedoraproject.org) -> open (buildvm-a64-12.rdu3.fedoraproject.org)
  135450513 buildSRPMFromSCM (/rpms/google-gson.git:3b86daa74bcbb589cf0954639988c29b20e0dcde): free
  135450513 buildSRPMFromSCM (/rpms/google-gson.git:3b86daa74bcbb589cf0954639988c29b20e0dcde): free -> assigned (buildvm-s390x-05.s390.fedoraproject.org)
  135450513 buildSRPMFromSCM (/rpms/google-gson.git:3b86daa74bcbb589cf0954639988c29b20e0dcde): assigned (buildvm-s390x-05.s390.fedoraproject.org) -> open (buildvm-s390x-05.s390.fedoraproject.org)
  135454255 buildArch (google-gson-2.12.1-5.fc43.src.rpm, noarch): free
  135450513 buildSRPMFromSCM (/rpms/google-gson.git:3b86daa74bcbb589cf0954639988c29b20e0dcde): open (buildvm-s390x-05.s390.fedoraproject.org) -> closed
  1 free  1 open  1 done  0 failed
  135454255 buildArch (google-gson-2.12.1-5.fc43.src.rpm, noarch): free -> assigned (buildhw-a64-01.rdu3.fedoraproject.org)
  135454255 buildArch (google-gson-2.12.1-5.fc43.src.rpm, noarch): assigned (buildhw-a64-01.rdu3.fedoraproject.org) -> open (buildhw-a64-01.rdu3.fedoraproject.org)
  135454255 buildArch (google-gson-2.12.1-5.fc43.src.rpm, noarch): open (buildhw-a64-01.rdu3.fedoraproject.org) -> closed
  0 free  1 open  2 done  0 failed
  135454329 tagBuild (noarch): free
  135454329 tagBuild (noarch): free -> closed
  0 free  1 open  3 done  0 failed
135450492 build (rawhide, /rpms/google-gson.git:3b86daa74bcbb589cf0954639988c29b20e0dcde): open (buildvm-a64-12.rdu3.fedoraproject.org) -> closed
  0 free  0 open  4 done  0 failed

135450492 build (rawhide, /rpms/google-gson.git:3b86daa74bcbb589cf0954639988c29b20e0dcde) completed successfully
