Cloning into 'graphviz'...
[rawhide e628403] Rebuilt for java-17-openjdk as system jdk
 1 file changed, 4 insertions(+), 1 deletion(-)
Building graphviz-2.50.0-6.fc36 for f36-java17
Created task: 82426557
Task info: https://koji.fedoraproject.org/koji/taskinfo?taskID=82426557
Watching tasks (this may be safely interrupted)...
82426557 build (f36-java17, /rpms/graphviz.git:e628403b0ab86bbc387c3e81999735acc846086d): free
82426557 build (f36-java17, /rpms/graphviz.git:e628403b0ab86bbc387c3e81999735acc846086d): free -> open (buildvm-x86-07.iad2.fedoraproject.org)
  82426587 buildSRPMFromSCM (/rpms/graphviz.git:e628403b0ab86bbc387c3e81999735acc846086d): free
  82426587 buildSRPMFromSCM (/rpms/graphviz.git:e628403b0ab86bbc387c3e81999735acc846086d): free -> open (buildvm-ppc64le-09.iad2.fedoraproject.org)
  82426587 buildSRPMFromSCM (/rpms/graphviz.git:e628403b0ab86bbc387c3e81999735acc846086d): open (buildvm-ppc64le-09.iad2.fedoraproject.org) -> closed
  0 free  1 open  1 done  0 failed
  82426668 buildArch (graphviz-2.50.0-6.fc36.src.rpm, armv7hl): open (buildvm-a32-15.iad2.fedoraproject.org)
  82426669 buildArch (graphviz-2.50.0-6.fc36.src.rpm, i686): free
  82426670 buildArch (graphviz-2.50.0-6.fc36.src.rpm, x86_64): free
  82426671 buildArch (graphviz-2.50.0-6.fc36.src.rpm, aarch64): free
  82426672 buildArch (graphviz-2.50.0-6.fc36.src.rpm, ppc64le): open (buildvm-ppc64le-25.iad2.fedoraproject.org)
  82426673 buildArch (graphviz-2.50.0-6.fc36.src.rpm, s390x): open (buildvm-s390x-34.s390.fedoraproject.org)
  82426671 buildArch (graphviz-2.50.0-6.fc36.src.rpm, aarch64): free -> open (buildhw-a64-19.iad2.fedoraproject.org)
  82426669 buildArch (graphviz-2.50.0-6.fc36.src.rpm, i686): free -> open (buildvm-x86-10.iad2.fedoraproject.org)
  82426670 buildArch (graphviz-2.50.0-6.fc36.src.rpm, x86_64): free -> open (buildvm-x86-08.iad2.fedoraproject.org)
  82426670 buildArch (graphviz-2.50.0-6.fc36.src.rpm, x86_64): open (buildvm-x86-08.iad2.fedoraproject.org) -> closed
  0 free  6 open  2 done  0 failed
  82426669 buildArch (graphviz-2.50.0-6.fc36.src.rpm, i686): open (buildvm-x86-10.iad2.fedoraproject.org) -> closed
  0 free  5 open  3 done  0 failed
  82426673 buildArch (graphviz-2.50.0-6.fc36.src.rpm, s390x): open (buildvm-s390x-34.s390.fedoraproject.org) -> closed
  0 free  4 open  4 done  0 failed
  82426671 buildArch (graphviz-2.50.0-6.fc36.src.rpm, aarch64): open (buildhw-a64-19.iad2.fedoraproject.org) -> closed
  0 free  3 open  5 done  0 failed
  82426672 buildArch (graphviz-2.50.0-6.fc36.src.rpm, ppc64le): open (buildvm-ppc64le-25.iad2.fedoraproject.org) -> closed
  0 free  2 open  6 done  0 failed
  82426668 buildArch (graphviz-2.50.0-6.fc36.src.rpm, armv7hl): open (buildvm-a32-15.iad2.fedoraproject.org) -> closed
  0 free  1 open  7 done  0 failed
  82427401 tagBuild (noarch): free
  82427401 tagBuild (noarch): free -> closed
  0 free  1 open  8 done  0 failed
82426557 build (f36-java17, /rpms/graphviz.git:e628403b0ab86bbc387c3e81999735acc846086d): open (buildvm-x86-07.iad2.fedoraproject.org) -> closed
  0 free  0 open  9 done  0 failed

82426557 build (f36-java17, /rpms/graphviz.git:e628403b0ab86bbc387c3e81999735acc846086d) completed successfully
