Cloning into 'guava'...
[rawhide 6d05076] Rebuilt for java-21-openjdk as system jdk
 1 file changed, 4 insertions(+), 1 deletion(-)
Found a gating.yaml file in the repo and it is properly configured
Building guava-32.1.3-5.fc41 for f41-build-side-84507
Created task: 114133970
Task info: https://koji.fedoraproject.org/koji/taskinfo?taskID=114133970
Watching tasks (this may be safely interrupted)...
114133970 build (f41-build-side-84507, /rpms/guava.git:6d05076691007ac7918aa88f84a846a846e80815): free
114133970 build (f41-build-side-84507, /rpms/guava.git:6d05076691007ac7918aa88f84a846a846e80815): free -> assigned
114133970 build (f41-build-side-84507, /rpms/guava.git:6d05076691007ac7918aa88f84a846a846e80815): assigned -> open (buildvm-a64-36.iad2.fedoraproject.org)
  114133972 buildSRPMFromSCM (/rpms/guava.git:6d05076691007ac7918aa88f84a846a846e80815): free
  114133972 buildSRPMFromSCM (/rpms/guava.git:6d05076691007ac7918aa88f84a846a846e80815): free -> assigned
  114133972 buildSRPMFromSCM (/rpms/guava.git:6d05076691007ac7918aa88f84a846a846e80815): assigned -> open (buildvm-x86-15.iad2.fedoraproject.org)
  114133972 buildSRPMFromSCM (/rpms/guava.git:6d05076691007ac7918aa88f84a846a846e80815): open (buildvm-x86-15.iad2.fedoraproject.org) -> closed
  0 free  1 open  1 done  0 failed
  114133997 buildArch (guava-32.1.3-5.fc41.src.rpm, noarch): free
  114133997 buildArch (guava-32.1.3-5.fc41.src.rpm, noarch): free -> open (buildvm-ppc64le-26.iad2.fedoraproject.org)
  114133997 buildArch (guava-32.1.3-5.fc41.src.rpm, noarch): open (buildvm-ppc64le-26.iad2.fedoraproject.org) -> closed
  0 free  1 open  2 done  0 failed
  114134315 tagBuild (noarch): free
  114134315 tagBuild (noarch): free -> assigned
  114134315 tagBuild (noarch): assigned -> closed
  0 free  1 open  3 done  0 failed
114133970 build (f41-build-side-84507, /rpms/guava.git:6d05076691007ac7918aa88f84a846a846e80815): open (buildvm-a64-36.iad2.fedoraproject.org) -> closed
  0 free  0 open  4 done  0 failed

114133970 build (f41-build-side-84507, /rpms/guava.git:6d05076691007ac7918aa88f84a846a846e80815) completed successfully
