Cloning into 'hamcrest'...
@@@@@@@@@@@@@@@@@@@@@@@@@@@@@@@@@@@@@@@@@@@@@@@@@@@@@@@@@@@
@    WARNING: REMOTE HOST IDENTIFICATION HAS CHANGED!     @
@@@@@@@@@@@@@@@@@@@@@@@@@@@@@@@@@@@@@@@@@@@@@@@@@@@@@@@@@@@
IT IS POSSIBLE THAT SOMEONE IS DOING SOMETHING NASTY!
Someone could be eavesdropping on you right now (man-in-the-middle attack)!
It is also possible that a host key has just been changed.
The fingerprint for the RSA key sent by the remote host is
SHA256:dJN0nFWBcWK7SFs2k0nnsO+XNA9+aEDY4FWO7uhxTN8.
Please contact your system administrator.
Add correct host key in /home/jvanek/.ssh/known_hosts to get rid of this message.
Offending RSA key in /home/jvanek/.ssh/known_hosts:2
Password authentication is disabled to avoid man-in-the-middle attacks.
Keyboard-interactive authentication is disabled to avoid man-in-the-middle attacks.
UpdateHostkeys is disabled because the host key is not trusted.
RPMAutoSpec usage detected, not changing the spec file.
[rawhide 02e29ab] Rebuilt for java-25-openjdk as preffered jdk
Found a gating.yaml file in the repo and it is properly configured
Building hamcrest-3.0-11.fc43 for rawhide
Created task: 135450584
Task info: https://koji.fedoraproject.org/koji/taskinfo?taskID=135450584
Watching tasks (this may be safely interrupted)...
135450584 build (rawhide, /rpms/hamcrest.git:02e29aba97bf11c1c1a36d9bce4e2b5681ee94ab): free
135450584 build (rawhide, /rpms/hamcrest.git:02e29aba97bf11c1c1a36d9bce4e2b5681ee94ab): free -> assigned (buildvm-a64-43.rdu3.fedoraproject.org)
135450584 build (rawhide, /rpms/hamcrest.git:02e29aba97bf11c1c1a36d9bce4e2b5681ee94ab): assigned (buildvm-a64-43.rdu3.fedoraproject.org) -> open (buildvm-a64-43.rdu3.fedoraproject.org)
  135450595 buildSRPMFromSCM (/rpms/hamcrest.git:02e29aba97bf11c1c1a36d9bce4e2b5681ee94ab): free
  135450595 buildSRPMFromSCM (/rpms/hamcrest.git:02e29aba97bf11c1c1a36d9bce4e2b5681ee94ab): free -> assigned (buildvm-x86-10.rdu3.fedoraproject.org)
  135450595 buildSRPMFromSCM (/rpms/hamcrest.git:02e29aba97bf11c1c1a36d9bce4e2b5681ee94ab): assigned (buildvm-x86-10.rdu3.fedoraproject.org) -> open (buildvm-x86-10.rdu3.fedoraproject.org)
  135450595 buildSRPMFromSCM (/rpms/hamcrest.git:02e29aba97bf11c1c1a36d9bce4e2b5681ee94ab): open (buildvm-x86-10.rdu3.fedoraproject.org) -> closed
  0 free  1 open  1 done  0 failed
  135450668 buildArch (hamcrest-3.0-11.fc43.src.rpm, noarch): free
  135450668 buildArch (hamcrest-3.0-11.fc43.src.rpm, noarch): free -> open (buildvm-a64-48.rdu3.fedoraproject.org)
  135450668 buildArch (hamcrest-3.0-11.fc43.src.rpm, noarch): open (buildvm-a64-48.rdu3.fedoraproject.org) -> closed
  0 free  1 open  2 done  0 failed
  135450729 tagBuild (noarch): free
  135450729 tagBuild (noarch): free -> assigned (buildhw-x86-03.rdu3.fedoraproject.org)
  135450729 tagBuild (noarch): assigned (buildhw-x86-03.rdu3.fedoraproject.org) -> closed
  0 free  1 open  3 done  0 failed
135450584 build (rawhide, /rpms/hamcrest.git:02e29aba97bf11c1c1a36d9bce4e2b5681ee94ab): open (buildvm-a64-43.rdu3.fedoraproject.org) -> closed
  0 free  0 open  4 done  0 failed

135450584 build (rawhide, /rpms/hamcrest.git:02e29aba97bf11c1c1a36d9bce4e2b5681ee94ab) completed successfully
