Cloning into 'hawtjni'...
[rawhide bb88c1f] Rebuilt for java-21-openjdk as system jdk
 1 file changed, 4 insertions(+), 1 deletion(-)
Building hawtjni-1.18-12.fc41 for f41-build-side-84507
Created task: 114133991
Task info: https://koji.fedoraproject.org/koji/taskinfo?taskID=114133991
Watching tasks (this may be safely interrupted)...
114133991 build (f41-build-side-84507, /rpms/hawtjni.git:bb88c1f3efb45d02b37767193b6b6d53a9594a7e): free
114133991 build (f41-build-side-84507, /rpms/hawtjni.git:bb88c1f3efb45d02b37767193b6b6d53a9594a7e): free -> assigned
114133991 build (f41-build-side-84507, /rpms/hawtjni.git:bb88c1f3efb45d02b37767193b6b6d53a9594a7e): assigned -> open (buildvm-ppc64le-06.iad2.fedoraproject.org)
  114133996 buildSRPMFromSCM (/rpms/hawtjni.git:bb88c1f3efb45d02b37767193b6b6d53a9594a7e): free
  114133996 buildSRPMFromSCM (/rpms/hawtjni.git:bb88c1f3efb45d02b37767193b6b6d53a9594a7e): free -> open (buildvm-a64-31.iad2.fedoraproject.org)
  114133996 buildSRPMFromSCM (/rpms/hawtjni.git:bb88c1f3efb45d02b37767193b6b6d53a9594a7e): open (buildvm-a64-31.iad2.fedoraproject.org) -> closed
  0 free  1 open  1 done  0 failed
  114134063 buildArch (hawtjni-1.18-12.fc41.src.rpm, noarch): free
  114134063 buildArch (hawtjni-1.18-12.fc41.src.rpm, noarch): free -> assigned
  114134063 buildArch (hawtjni-1.18-12.fc41.src.rpm, noarch): assigned -> open (buildvm-ppc64le-30.iad2.fedoraproject.org)
  114134063 buildArch (hawtjni-1.18-12.fc41.src.rpm, noarch): open (buildvm-ppc64le-30.iad2.fedoraproject.org) -> closed
  0 free  1 open  2 done  0 failed
  114134392 tagBuild (noarch): free
  114134392 tagBuild (noarch): free -> closed
  0 free  1 open  3 done  0 failed
114133991 build (f41-build-side-84507, /rpms/hawtjni.git:bb88c1f3efb45d02b37767193b6b6d53a9594a7e): open (buildvm-ppc64le-06.iad2.fedoraproject.org) -> closed
  0 free  0 open  4 done  0 failed

114133991 build (f41-build-side-84507, /rpms/hawtjni.git:bb88c1f3efb45d02b37767193b6b6d53a9594a7e) completed successfully
