Cloning into 'hdf'...
[rawhide 117cf57] Rebuilt for java-17-openjdk as system jdk
 1 file changed, 4 insertions(+), 1 deletion(-)
Building hdf-4.2.15-9.fc36 for f36-java17
Created task: 82426645
Task info: https://koji.fedoraproject.org/koji/taskinfo?taskID=82426645
Watching tasks (this may be safely interrupted)...
82426645 build (f36-java17, /rpms/hdf.git:117cf570cff0f5197a57603b23caa0c3ad19925d): free
82426645 build (f36-java17, /rpms/hdf.git:117cf570cff0f5197a57603b23caa0c3ad19925d): free -> open (buildvm-ppc64le-33.iad2.fedoraproject.org)
  82426649 buildSRPMFromSCM (/rpms/hdf.git:117cf570cff0f5197a57603b23caa0c3ad19925d): free
  82426649 buildSRPMFromSCM (/rpms/hdf.git:117cf570cff0f5197a57603b23caa0c3ad19925d): free -> open (buildvm-ppc64le-28.iad2.fedoraproject.org)
  82426809 buildArch (hdf-4.2.15-9.fc36.src.rpm, ppc64le): free
  82426805 buildArch (hdf-4.2.15-9.fc36.src.rpm, armv7hl): free
  82426806 buildArch (hdf-4.2.15-9.fc36.src.rpm, i686): free
  82426807 buildArch (hdf-4.2.15-9.fc36.src.rpm, x86_64): free
  82426810 buildArch (hdf-4.2.15-9.fc36.src.rpm, s390x): free
  82426808 buildArch (hdf-4.2.15-9.fc36.src.rpm, aarch64): open (buildvm-a64-33.iad2.fedoraproject.org)
  82426649 buildSRPMFromSCM (/rpms/hdf.git:117cf570cff0f5197a57603b23caa0c3ad19925d): open (buildvm-ppc64le-28.iad2.fedoraproject.org) -> closed
  5 free  2 open  1 done  0 failed
  82426805 buildArch (hdf-4.2.15-9.fc36.src.rpm, armv7hl): free -> open (buildvm-a32-06.iad2.fedoraproject.org)
  82426810 buildArch (hdf-4.2.15-9.fc36.src.rpm, s390x): free -> open (buildvm-s390x-28.s390.fedoraproject.org)
  82426806 buildArch (hdf-4.2.15-9.fc36.src.rpm, i686): free -> open (buildhw-x86-04.iad2.fedoraproject.org)
  82426807 buildArch (hdf-4.2.15-9.fc36.src.rpm, x86_64): free -> open (buildhw-x86-05.iad2.fedoraproject.org)
  82426809 buildArch (hdf-4.2.15-9.fc36.src.rpm, ppc64le): free -> open (buildvm-ppc64le-36.iad2.fedoraproject.org)
  82426807 buildArch (hdf-4.2.15-9.fc36.src.rpm, x86_64): open (buildhw-x86-05.iad2.fedoraproject.org) -> closed
  0 free  6 open  2 done  0 failed
  82426806 buildArch (hdf-4.2.15-9.fc36.src.rpm, i686): open (buildhw-x86-04.iad2.fedoraproject.org) -> closed
  0 free  5 open  3 done  0 failed
  82426810 buildArch (hdf-4.2.15-9.fc36.src.rpm, s390x): open (buildvm-s390x-28.s390.fedoraproject.org) -> closed
  0 free  4 open  4 done  0 failed
  82426809 buildArch (hdf-4.2.15-9.fc36.src.rpm, ppc64le): open (buildvm-ppc64le-36.iad2.fedoraproject.org) -> closed
  0 free  3 open  5 done  0 failed
  82426808 buildArch (hdf-4.2.15-9.fc36.src.rpm, aarch64): open (buildvm-a64-33.iad2.fedoraproject.org) -> closed
  0 free  2 open  6 done  0 failed
  82427564 tagBuild (noarch): free
  82426805 buildArch (hdf-4.2.15-9.fc36.src.rpm, armv7hl): open (buildvm-a32-06.iad2.fedoraproject.org) -> closed
  1 free  1 open  7 done  0 failed
  82427564 tagBuild (noarch): free -> closed
  0 free  1 open  8 done  0 failed
82426645 build (f36-java17, /rpms/hdf.git:117cf570cff0f5197a57603b23caa0c3ad19925d): open (buildvm-ppc64le-33.iad2.fedoraproject.org) -> closed
  0 free  0 open  9 done  0 failed

82426645 build (f36-java17, /rpms/hdf.git:117cf570cff0f5197a57603b23caa0c3ad19925d) completed successfully
