Cloning into 'hdf5'...
[rawhide ca3ac03] Rebuilt for java-21-openjdk as system jdk
 1 file changed, 4 insertions(+), 1 deletion(-)
Building hdf5-1.12.1-18.fc41 for f41-build-side-84507
Created task: 114131747
Task info: https://koji.fedoraproject.org/koji/taskinfo?taskID=114131747
Watching tasks (this may be safely interrupted)...
114131747 build (f41-build-side-84507, /rpms/hdf5.git:ca3ac038945ba431dcfc0bf2ea11104682c94151): free
114131747 build (f41-build-side-84507, /rpms/hdf5.git:ca3ac038945ba431dcfc0bf2ea11104682c94151): free -> assigned
114131747 build (f41-build-side-84507, /rpms/hdf5.git:ca3ac038945ba431dcfc0bf2ea11104682c94151): assigned -> open (buildvm-x86-25.iad2.fedoraproject.org)
  114131772 buildSRPMFromSCM (/rpms/hdf5.git:ca3ac038945ba431dcfc0bf2ea11104682c94151): free
  114131772 buildSRPMFromSCM (/rpms/hdf5.git:ca3ac038945ba431dcfc0bf2ea11104682c94151): free -> assigned
  114131772 buildSRPMFromSCM (/rpms/hdf5.git:ca3ac038945ba431dcfc0bf2ea11104682c94151): assigned -> open (buildvm-x86-30.iad2.fedoraproject.org)
  114131772 buildSRPMFromSCM (/rpms/hdf5.git:ca3ac038945ba431dcfc0bf2ea11104682c94151): open (buildvm-x86-30.iad2.fedoraproject.org) -> closed
  0 free  1 open  1 done  0 failed
  114131923 buildArch (hdf5-1.12.1-18.fc41.src.rpm, s390x): free
  114131919 buildArch (hdf5-1.12.1-18.fc41.src.rpm, i686): free
  114131920 buildArch (hdf5-1.12.1-18.fc41.src.rpm, x86_64): free
  114131921 buildArch (hdf5-1.12.1-18.fc41.src.rpm, aarch64): free
  114131922 buildArch (hdf5-1.12.1-18.fc41.src.rpm, ppc64le): free
  114131923 buildArch (hdf5-1.12.1-18.fc41.src.rpm, s390x): free -> assigned
  114131919 buildArch (hdf5-1.12.1-18.fc41.src.rpm, i686): free -> assigned
  114131920 buildArch (hdf5-1.12.1-18.fc41.src.rpm, x86_64): free -> assigned
  114131921 buildArch (hdf5-1.12.1-18.fc41.src.rpm, aarch64): free -> assigned
  114131922 buildArch (hdf5-1.12.1-18.fc41.src.rpm, ppc64le): free -> assigned
  114131923 buildArch (hdf5-1.12.1-18.fc41.src.rpm, s390x): assigned -> open (buildvm-s390x-10.s390.fedoraproject.org)
  114131919 buildArch (hdf5-1.12.1-18.fc41.src.rpm, i686): assigned -> open (buildhw-x86-10.iad2.fedoraproject.org)
  114131920 buildArch (hdf5-1.12.1-18.fc41.src.rpm, x86_64): assigned -> open (buildhw-x86-15.iad2.fedoraproject.org)
  114131921 buildArch (hdf5-1.12.1-18.fc41.src.rpm, aarch64): assigned -> open (buildhw-a64-19.iad2.fedoraproject.org)
  114131922 buildArch (hdf5-1.12.1-18.fc41.src.rpm, ppc64le): assigned -> open (buildvm-ppc64le-32.iad2.fedoraproject.org)
  114131920 buildArch (hdf5-1.12.1-18.fc41.src.rpm, x86_64): open (buildhw-x86-15.iad2.fedoraproject.org) -> FAILED: BuildError: error building package (arch x86_64), mock exited with status 1; see build.log or root.log for more information
  Relevant logs:
  https://kojipkgs.fedoraproject.org/work/tasks/1920/114131920/state.log
  https://kojipkgs.fedoraproject.org/work/tasks/1920/114131920/build.log
  https://kojipkgs.fedoraproject.org/work/tasks/1920/114131920/root.log
  https://kojipkgs.fedoraproject.org/work/tasks/1920/114131920/mock_output.log
  https://kojipkgs.fedoraproject.org/work/tasks/1920/114131920/hw_info.log
  0 free  5 open  1 done  1 failed
114131747 build (f41-build-side-84507, /rpms/hdf5.git:ca3ac038945ba431dcfc0bf2ea11104682c94151): open (buildvm-x86-25.iad2.fedoraproject.org) -> FAILED: BuildError: error building package (arch x86_64), mock exited with status 1; see build.log or root.log for more information
  0 free  4 open  1 done  2 failed
  114131923 buildArch (hdf5-1.12.1-18.fc41.src.rpm, s390x): open (buildvm-s390x-10.s390.fedoraproject.org) -> canceled
  0 free  3 open  2 done  2 failed
  114131919 buildArch (hdf5-1.12.1-18.fc41.src.rpm, i686): open (buildhw-x86-10.iad2.fedoraproject.org) -> canceled
  0 free  2 open  3 done  2 failed
  114131921 buildArch (hdf5-1.12.1-18.fc41.src.rpm, aarch64): open (buildhw-a64-19.iad2.fedoraproject.org) -> canceled
  0 free  1 open  4 done  2 failed
  114131922 buildArch (hdf5-1.12.1-18.fc41.src.rpm, ppc64le): open (buildvm-ppc64le-32.iad2.fedoraproject.org) -> canceled
  0 free  0 open  5 done  2 failed

114131747 build (f41-build-side-84507, /rpms/hdf5.git:ca3ac038945ba431dcfc0bf2ea11104682c94151) failed
