Cloning into 'healpix'...
[rawhide 083c3ac] Rebuilt for java-17-openjdk as system jdk
 1 file changed, 4 insertions(+), 1 deletion(-)
Building healpix-3.50-11.fc36 for f36-java17
Created task: 82426650
Task info: https://koji.fedoraproject.org/koji/taskinfo?taskID=82426650
Watching tasks (this may be safely interrupted)...
82426650 build (f36-java17, /rpms/healpix.git:083c3acc114b74b59ea0982f5db44e61d1bdb170): open (buildvm-ppc64le-32.iad2.fedoraproject.org)
  82426651 buildSRPMFromSCM (/rpms/healpix.git:083c3acc114b74b59ea0982f5db44e61d1bdb170): free
  82426651 buildSRPMFromSCM (/rpms/healpix.git:083c3acc114b74b59ea0982f5db44e61d1bdb170): free -> open (buildvm-ppc64le-32.iad2.fedoraproject.org)
  82426651 buildSRPMFromSCM (/rpms/healpix.git:083c3acc114b74b59ea0982f5db44e61d1bdb170): open (buildvm-ppc64le-32.iad2.fedoraproject.org) -> closed
  0 free  1 open  1 done  0 failed
  82426812 buildArch (healpix-3.50-11.fc36.src.rpm, i686): free
  82426813 buildArch (healpix-3.50-11.fc36.src.rpm, x86_64): free
  82426815 buildArch (healpix-3.50-11.fc36.src.rpm, ppc64le): free
  82426816 buildArch (healpix-3.50-11.fc36.src.rpm, s390x): open (buildvm-s390x-14.s390.fedoraproject.org)
  82426814 buildArch (healpix-3.50-11.fc36.src.rpm, aarch64): open (buildvm-a64-26.iad2.fedoraproject.org)
  82426811 buildArch (healpix-3.50-11.fc36.src.rpm, armv7hl): open (buildvm-a32-21.iad2.fedoraproject.org)
  82426812 buildArch (healpix-3.50-11.fc36.src.rpm, i686): free -> open (buildhw-x86-01.iad2.fedoraproject.org)
  82426813 buildArch (healpix-3.50-11.fc36.src.rpm, x86_64): free -> open (buildhw-x86-07.iad2.fedoraproject.org)
  82426815 buildArch (healpix-3.50-11.fc36.src.rpm, ppc64le): free -> open (buildvm-ppc64le-07.iad2.fedoraproject.org)
  82426816 buildArch (healpix-3.50-11.fc36.src.rpm, s390x): open (buildvm-s390x-14.s390.fedoraproject.org) -> FAILED: BuildError: error building package (arch s390x), mock exited with status 1; see build.log or root.log for more information
  Relevant logs:
  https://kojipkgs.fedoraproject.org/work/tasks/6816/82426816/mock_output.log
  https://kojipkgs.fedoraproject.org/work/tasks/6816/82426816/hw_info.log
  https://kojipkgs.fedoraproject.org/work/tasks/6816/82426816/state.log
  https://kojipkgs.fedoraproject.org/work/tasks/6816/82426816/build.log
  https://kojipkgs.fedoraproject.org/work/tasks/6816/82426816/root.log
  0 free  6 open  1 done  1 failed
  82426814 buildArch (healpix-3.50-11.fc36.src.rpm, aarch64): open (buildvm-a64-26.iad2.fedoraproject.org) -> canceled
  0 free  5 open  2 done  1 failed
  82426811 buildArch (healpix-3.50-11.fc36.src.rpm, armv7hl): open (buildvm-a32-21.iad2.fedoraproject.org) -> canceled
  0 free  4 open  3 done  1 failed
82426650 build (f36-java17, /rpms/healpix.git:083c3acc114b74b59ea0982f5db44e61d1bdb170): open (buildvm-ppc64le-32.iad2.fedoraproject.org) -> FAILED: BuildError: error building package (arch s390x), mock exited with status 1; see build.log or root.log for more information
  0 free  3 open  3 done  2 failed
  82426812 buildArch (healpix-3.50-11.fc36.src.rpm, i686): open (buildhw-x86-01.iad2.fedoraproject.org) -> canceled
  0 free  2 open  4 done  2 failed
  82426813 buildArch (healpix-3.50-11.fc36.src.rpm, x86_64): open (buildhw-x86-07.iad2.fedoraproject.org) -> canceled
  0 free  1 open  5 done  2 failed
  82426815 buildArch (healpix-3.50-11.fc36.src.rpm, ppc64le): open (buildvm-ppc64le-07.iad2.fedoraproject.org) -> canceled
  0 free  0 open  6 done  2 failed

82426650 build (f36-java17, /rpms/healpix.git:083c3acc114b74b59ea0982f5db44e61d1bdb170) failed
