Cloning into 'hibernate-jpa-2.0-api'...
[f40 3517490] Rebuilt for java-21-openjdk as system jdk
 1 file changed, 4 insertions(+), 1 deletion(-)
warning: %patchN is deprecated (2 usages found), use %patch N (or %patch -P N)

Building hibernate-jpa-2.0-api-1.0.1-40.fc40 for f40-build-side-84857
Created task: 114349923
Task info: https://koji.fedoraproject.org/koji/taskinfo?taskID=114349923
Watching tasks (this may be safely interrupted)...
114349923 build (f40-build-side-84857, /rpms/hibernate-jpa-2.0-api.git:3517490610c6ca27118cbe5f2d7d5e28b24a9b43): free
114349923 build (f40-build-side-84857, /rpms/hibernate-jpa-2.0-api.git:3517490610c6ca27118cbe5f2d7d5e28b24a9b43): free -> assigned
114349923 build (f40-build-side-84857, /rpms/hibernate-jpa-2.0-api.git:3517490610c6ca27118cbe5f2d7d5e28b24a9b43): assigned -> open (buildvm-ppc64le-08.iad2.fedoraproject.org)
  114350036 buildSRPMFromSCM (/rpms/hibernate-jpa-2.0-api.git:3517490610c6ca27118cbe5f2d7d5e28b24a9b43): free
  114350036 buildSRPMFromSCM (/rpms/hibernate-jpa-2.0-api.git:3517490610c6ca27118cbe5f2d7d5e28b24a9b43): free -> open (buildvm-a64-29.iad2.fedoraproject.org)
  114350036 buildSRPMFromSCM (/rpms/hibernate-jpa-2.0-api.git:3517490610c6ca27118cbe5f2d7d5e28b24a9b43): open (buildvm-a64-29.iad2.fedoraproject.org) -> closed
  0 free  1 open  1 done  0 failed
  114350190 buildArch (hibernate-jpa-2.0-api-1.0.1-40.fc40.src.rpm, noarch): free
  114350190 buildArch (hibernate-jpa-2.0-api-1.0.1-40.fc40.src.rpm, noarch): free -> assigned
  114350190 buildArch (hibernate-jpa-2.0-api-1.0.1-40.fc40.src.rpm, noarch): assigned -> open (buildhw-x86-09.iad2.fedoraproject.org)
  114350190 buildArch (hibernate-jpa-2.0-api-1.0.1-40.fc40.src.rpm, noarch): open (buildhw-x86-09.iad2.fedoraproject.org) -> closed
  0 free  1 open  2 done  0 failed
  114350290 tagBuild (noarch): free
  114350290 tagBuild (noarch): free -> assigned
  114350290 tagBuild (noarch): assigned -> closed
  0 free  1 open  3 done  0 failed
114349923 build (f40-build-side-84857, /rpms/hibernate-jpa-2.0-api.git:3517490610c6ca27118cbe5f2d7d5e28b24a9b43): open (buildvm-ppc64le-08.iad2.fedoraproject.org) -> closed
  0 free  0 open  4 done  0 failed

114349923 build (f40-build-side-84857, /rpms/hibernate-jpa-2.0-api.git:3517490610c6ca27118cbe5f2d7d5e28b24a9b43) completed successfully
