Cloning into 'hibernate-jpa-2.1-api'...
[rawhide e486adb] Rebuilt for java-17-openjdk as system jdk
 1 file changed, 4 insertions(+), 1 deletion(-)
Building hibernate-jpa-2.1-api-1.0.0-14.fc36 for f36-java17
Created task: 82426726
Task info: https://koji.fedoraproject.org/koji/taskinfo?taskID=82426726
Watching tasks (this may be safely interrupted)...
82426726 build (f36-java17, /rpms/hibernate-jpa-2.1-api.git:e486adbf93074dacc2b6c8d76e5b5d14797d4c20): free
82426726 build (f36-java17, /rpms/hibernate-jpa-2.1-api.git:e486adbf93074dacc2b6c8d76e5b5d14797d4c20): free -> open (buildvm-ppc64le-06.iad2.fedoraproject.org)
  82426757 buildSRPMFromSCM (/rpms/hibernate-jpa-2.1-api.git:e486adbf93074dacc2b6c8d76e5b5d14797d4c20): free
  82426757 buildSRPMFromSCM (/rpms/hibernate-jpa-2.1-api.git:e486adbf93074dacc2b6c8d76e5b5d14797d4c20): free -> open (buildvm-x86-11.iad2.fedoraproject.org)
  82426757 buildSRPMFromSCM (/rpms/hibernate-jpa-2.1-api.git:e486adbf93074dacc2b6c8d76e5b5d14797d4c20): open (buildvm-x86-11.iad2.fedoraproject.org) -> closed
  0 free  1 open  1 done  0 failed
  82426838 buildArch (hibernate-jpa-2.1-api-1.0.0-14.fc36.src.rpm, noarch): free
  82426838 buildArch (hibernate-jpa-2.1-api-1.0.0-14.fc36.src.rpm, noarch): free -> open (buildvm-s390x-03.s390.fedoraproject.org)
  82426838 buildArch (hibernate-jpa-2.1-api-1.0.0-14.fc36.src.rpm, noarch): open (buildvm-s390x-03.s390.fedoraproject.org) -> FAILED: BuildError: error building package (arch noarch), mock exited with status 1; see build.log or root.log for more information
  Relevant logs:
  https://kojipkgs.fedoraproject.org/work/tasks/6838/82426838/mock_output.log
  https://kojipkgs.fedoraproject.org/work/tasks/6838/82426838/hw_info.log
  https://kojipkgs.fedoraproject.org/work/tasks/6838/82426838/state.log
  https://kojipkgs.fedoraproject.org/work/tasks/6838/82426838/build.log
  https://kojipkgs.fedoraproject.org/work/tasks/6838/82426838/root.log
  0 free  1 open  1 done  1 failed
82426726 build (f36-java17, /rpms/hibernate-jpa-2.1-api.git:e486adbf93074dacc2b6c8d76e5b5d14797d4c20): open (buildvm-ppc64le-06.iad2.fedoraproject.org) -> FAILED: BuildError: error building package (arch noarch), mock exited with status 1; see build.log or root.log for more information
  0 free  0 open  1 done  2 failed

82426726 build (f36-java17, /rpms/hibernate-jpa-2.1-api.git:e486adbf93074dacc2b6c8d76e5b5d14797d4c20) failed
