Cloning into 'httpcomponents-project'...
[rawhide f72d3fd] Rebuilt for java-21-openjdk as system jdk
 1 file changed, 4 insertions(+), 1 deletion(-)
Found a gating.yaml file in the repo and it is properly configured
Building httpcomponents-project-13-6.fc41 for f41-build-side-84507
Created task: 114134084
Task info: https://koji.fedoraproject.org/koji/taskinfo?taskID=114134084
Watching tasks (this may be safely interrupted)...
114134084 build (f41-build-side-84507, /rpms/httpcomponents-project.git:f72d3fda24608617288e2440e59bda66f82fc0e6): free
114134084 build (f41-build-side-84507, /rpms/httpcomponents-project.git:f72d3fda24608617288e2440e59bda66f82fc0e6): free -> assigned
114134084 build (f41-build-side-84507, /rpms/httpcomponents-project.git:f72d3fda24608617288e2440e59bda66f82fc0e6): assigned -> open (buildvm-ppc64le-31.iad2.fedoraproject.org)
  114134153 buildSRPMFromSCM (/rpms/httpcomponents-project.git:f72d3fda24608617288e2440e59bda66f82fc0e6): free
  114134153 buildSRPMFromSCM (/rpms/httpcomponents-project.git:f72d3fda24608617288e2440e59bda66f82fc0e6): free -> assigned
  114134153 buildSRPMFromSCM (/rpms/httpcomponents-project.git:f72d3fda24608617288e2440e59bda66f82fc0e6): assigned -> open (buildvm-a64-16.iad2.fedoraproject.org)
  114134153 buildSRPMFromSCM (/rpms/httpcomponents-project.git:f72d3fda24608617288e2440e59bda66f82fc0e6): open (buildvm-a64-16.iad2.fedoraproject.org) -> closed
  0 free  1 open  1 done  0 failed
  114134271 buildArch (httpcomponents-project-13-6.fc41.src.rpm, noarch): free
  114134271 buildArch (httpcomponents-project-13-6.fc41.src.rpm, noarch): free -> assigned
  114134271 buildArch (httpcomponents-project-13-6.fc41.src.rpm, noarch): assigned -> open (buildvm-s390x-03.s390.fedoraproject.org)
  114134271 buildArch (httpcomponents-project-13-6.fc41.src.rpm, noarch): open (buildvm-s390x-03.s390.fedoraproject.org) -> closed
  0 free  1 open  2 done  0 failed
  114134345 tagBuild (noarch): free
  114134345 tagBuild (noarch): free -> assigned
  114134345 tagBuild (noarch): assigned -> closed
  0 free  1 open  3 done  0 failed
114134084 build (f41-build-side-84507, /rpms/httpcomponents-project.git:f72d3fda24608617288e2440e59bda66f82fc0e6): open (buildvm-ppc64le-31.iad2.fedoraproject.org) -> closed
  0 free  0 open  4 done  0 failed

114134084 build (f41-build-side-84507, /rpms/httpcomponents-project.git:f72d3fda24608617288e2440e59bda66f82fc0e6) completed successfully
