Cloning into 'httpcomponents-client'...
[rawhide b555678] Rebuilt for java-21-openjdk as system jdk
 1 file changed, 4 insertions(+), 1 deletion(-)
Found a gating.yaml file in the repo and it is properly configured
Building httpcomponents-client-4.5.14-8.fc41 for f41-build-side-84507
Created task: 114134022
Task info: https://koji.fedoraproject.org/koji/taskinfo?taskID=114134022
Watching tasks (this may be safely interrupted)...
114134022 build (f41-build-side-84507, /rpms/httpcomponents-client.git:b5556789f764473d0c972f404312599f38cfdf66): free
114134022 build (f41-build-side-84507, /rpms/httpcomponents-client.git:b5556789f764473d0c972f404312599f38cfdf66): free -> assigned
114134022 build (f41-build-side-84507, /rpms/httpcomponents-client.git:b5556789f764473d0c972f404312599f38cfdf66): assigned -> open (buildvm-ppc64le-21.iad2.fedoraproject.org)
  114134079 buildSRPMFromSCM (/rpms/httpcomponents-client.git:b5556789f764473d0c972f404312599f38cfdf66): free
  114134079 buildSRPMFromSCM (/rpms/httpcomponents-client.git:b5556789f764473d0c972f404312599f38cfdf66): free -> assigned
  114134079 buildSRPMFromSCM (/rpms/httpcomponents-client.git:b5556789f764473d0c972f404312599f38cfdf66): assigned -> open (buildvm-a64-13.iad2.fedoraproject.org)
  114134211 buildArch (httpcomponents-client-4.5.14-8.fc41.src.rpm, noarch): free
  114134079 buildSRPMFromSCM (/rpms/httpcomponents-client.git:b5556789f764473d0c972f404312599f38cfdf66): open (buildvm-a64-13.iad2.fedoraproject.org) -> closed
  1 free  1 open  1 done  0 failed
  114134211 buildArch (httpcomponents-client-4.5.14-8.fc41.src.rpm, noarch): free -> assigned
  114134211 buildArch (httpcomponents-client-4.5.14-8.fc41.src.rpm, noarch): assigned -> open (buildhw-x86-04.iad2.fedoraproject.org)
  114134211 buildArch (httpcomponents-client-4.5.14-8.fc41.src.rpm, noarch): open (buildhw-x86-04.iad2.fedoraproject.org) -> closed
  0 free  1 open  2 done  0 failed
  114134382 tagBuild (noarch): free
  114134382 tagBuild (noarch): free -> assigned
114134022 build (f41-build-side-84507, /rpms/httpcomponents-client.git:b5556789f764473d0c972f404312599f38cfdf66): open (buildvm-ppc64le-21.iad2.fedoraproject.org) -> closed
  0 free  1 open  3 done  0 failed
  114134382 tagBuild (noarch): assigned -> closed
  0 free  0 open  4 done  0 failed

114134022 build (f41-build-side-84507, /rpms/httpcomponents-client.git:b5556789f764473d0c972f404312599f38cfdf66) completed successfully
