Cloning into 'httpcomponents-core'...
[rawhide bbcc9ce] Rebuilt for java-21-openjdk as system jdk
 1 file changed, 4 insertions(+), 1 deletion(-)
Found a gating.yaml file in the repo and it is properly configured
Building httpcomponents-core-4.4.16-8.fc41 for f41-build-side-84507
Created task: 114134045
Task info: https://koji.fedoraproject.org/koji/taskinfo?taskID=114134045
Watching tasks (this may be safely interrupted)...
114134045 build (f41-build-side-84507, /rpms/httpcomponents-core.git:bbcc9cefae8bda97750477355ecb51f877a30e12): free
114134045 build (f41-build-side-84507, /rpms/httpcomponents-core.git:bbcc9cefae8bda97750477355ecb51f877a30e12): free -> assigned
114134045 build (f41-build-side-84507, /rpms/httpcomponents-core.git:bbcc9cefae8bda97750477355ecb51f877a30e12): assigned -> open (buildhw-x86-04.iad2.fedoraproject.org)
  114134073 buildSRPMFromSCM (/rpms/httpcomponents-core.git:bbcc9cefae8bda97750477355ecb51f877a30e12): free
  114134073 buildSRPMFromSCM (/rpms/httpcomponents-core.git:bbcc9cefae8bda97750477355ecb51f877a30e12): free -> assigned
  114134073 buildSRPMFromSCM (/rpms/httpcomponents-core.git:bbcc9cefae8bda97750477355ecb51f877a30e12): assigned -> open (buildvm-x86-27.iad2.fedoraproject.org)
  114134073 buildSRPMFromSCM (/rpms/httpcomponents-core.git:bbcc9cefae8bda97750477355ecb51f877a30e12): open (buildvm-x86-27.iad2.fedoraproject.org) -> closed
  0 free  1 open  1 done  0 failed
  114134249 buildArch (httpcomponents-core-4.4.16-8.fc41.src.rpm, noarch): free
  114134249 buildArch (httpcomponents-core-4.4.16-8.fc41.src.rpm, noarch): free -> assigned
  114134249 buildArch (httpcomponents-core-4.4.16-8.fc41.src.rpm, noarch): assigned -> open (buildvm-ppc64le-21.iad2.fedoraproject.org)
  114134249 buildArch (httpcomponents-core-4.4.16-8.fc41.src.rpm, noarch): open (buildvm-ppc64le-21.iad2.fedoraproject.org) -> closed
  0 free  1 open  2 done  0 failed
  114134412 tagBuild (noarch): free
  114134412 tagBuild (noarch): free -> assigned
  114134412 tagBuild (noarch): assigned -> closed
  0 free  1 open  3 done  0 failed
114134045 build (f41-build-side-84507, /rpms/httpcomponents-core.git:bbcc9cefae8bda97750477355ecb51f877a30e12): open (buildhw-x86-04.iad2.fedoraproject.org) -> closed
  0 free  0 open  4 done  0 failed

114134045 build (f41-build-side-84507, /rpms/httpcomponents-core.git:bbcc9cefae8bda97750477355ecb51f877a30e12) completed successfully
