Cloning into 'icedtea-web'...
[f40 acfa264] Rebuilt for java-21-openjdk as system jdk
 1 file changed, 4 insertions(+), 1 deletion(-)
warning: %patchN is deprecated (8 usages found), use %patch N (or %patch -P N)

Building icedtea-web-1.8.8-5.fc40 for f40-build-side-84857
Created task: 114350130
Task info: https://koji.fedoraproject.org/koji/taskinfo?taskID=114350130
Watching tasks (this may be safely interrupted)...
114350130 build (f40-build-side-84857, /rpms/icedtea-web.git:acfa2649f66fef543ce5d4b3c3afdfba154fd061): free
114350130 build (f40-build-side-84857, /rpms/icedtea-web.git:acfa2649f66fef543ce5d4b3c3afdfba154fd061): free -> assigned
114350130 build (f40-build-side-84857, /rpms/icedtea-web.git:acfa2649f66fef543ce5d4b3c3afdfba154fd061): assigned -> open (buildvm-ppc64le-31.iad2.fedoraproject.org)
  114350187 buildSRPMFromSCM (/rpms/icedtea-web.git:acfa2649f66fef543ce5d4b3c3afdfba154fd061): free
  114350187 buildSRPMFromSCM (/rpms/icedtea-web.git:acfa2649f66fef543ce5d4b3c3afdfba154fd061): free -> assigned
  114350187 buildSRPMFromSCM (/rpms/icedtea-web.git:acfa2649f66fef543ce5d4b3c3afdfba154fd061): assigned -> open (buildvm-x86-23.iad2.fedoraproject.org)
  114350350 buildArch (icedtea-web-1.8.8-5.fc40.src.rpm, aarch64): free
  114350352 buildArch (icedtea-web-1.8.8-5.fc40.src.rpm, s390x): free
  114350349 buildArch (icedtea-web-1.8.8-5.fc40.src.rpm, x86_64): free
  114350351 buildArch (icedtea-web-1.8.8-5.fc40.src.rpm, ppc64le): free
  114350187 buildSRPMFromSCM (/rpms/icedtea-web.git:acfa2649f66fef543ce5d4b3c3afdfba154fd061): open (buildvm-x86-23.iad2.fedoraproject.org) -> closed
  4 free  1 open  1 done  0 failed
  114350350 buildArch (icedtea-web-1.8.8-5.fc40.src.rpm, aarch64): free -> assigned
  114350352 buildArch (icedtea-web-1.8.8-5.fc40.src.rpm, s390x): free -> open (buildvm-s390x-04.s390.fedoraproject.org)
  114350349 buildArch (icedtea-web-1.8.8-5.fc40.src.rpm, x86_64): free -> open (buildvm-x86-05.iad2.fedoraproject.org)
  114350351 buildArch (icedtea-web-1.8.8-5.fc40.src.rpm, ppc64le): free -> assigned
  114350350 buildArch (icedtea-web-1.8.8-5.fc40.src.rpm, aarch64): assigned -> open (buildvm-a64-28.iad2.fedoraproject.org)
  114350351 buildArch (icedtea-web-1.8.8-5.fc40.src.rpm, ppc64le): assigned -> open (buildvm-ppc64le-32.iad2.fedoraproject.org)
  114350352 buildArch (icedtea-web-1.8.8-5.fc40.src.rpm, s390x): open (buildvm-s390x-04.s390.fedoraproject.org) -> closed
  0 free  4 open  2 done  0 failed
  114350350 buildArch (icedtea-web-1.8.8-5.fc40.src.rpm, aarch64): open (buildvm-a64-28.iad2.fedoraproject.org) -> closed
  0 free  3 open  3 done  0 failed
  114350349 buildArch (icedtea-web-1.8.8-5.fc40.src.rpm, x86_64): open (buildvm-x86-05.iad2.fedoraproject.org) -> closed
  0 free  2 open  4 done  0 failed
  114350351 buildArch (icedtea-web-1.8.8-5.fc40.src.rpm, ppc64le): open (buildvm-ppc64le-32.iad2.fedoraproject.org) -> closed
  0 free  1 open  5 done  0 failed
  114350543 tagBuild (noarch): free
  114350543 tagBuild (noarch): free -> assigned
114350130 build (f40-build-side-84857, /rpms/icedtea-web.git:acfa2649f66fef543ce5d4b3c3afdfba154fd061): open (buildvm-ppc64le-31.iad2.fedoraproject.org) -> closed
  0 free  1 open  6 done  0 failed
  114350543 tagBuild (noarch): assigned -> closed
  0 free  0 open  7 done  0 failed

114350130 build (f40-build-side-84857, /rpms/icedtea-web.git:acfa2649f66fef543ce5d4b3c3afdfba154fd061) completed successfully
