Cloning into 'imagej'...
[rawhide d6edd0e] Rebuilt for java-21-openjdk as system jdk
 1 file changed, 4 insertions(+), 1 deletion(-)
Building imagej-1.54h-4.fc41 for f41-build-side-84507
Created task: 114134218
Task info: https://koji.fedoraproject.org/koji/taskinfo?taskID=114134218
Watching tasks (this may be safely interrupted)...
114134218 build (f41-build-side-84507, /rpms/imagej.git:d6edd0e679128bab6fdb75436eab378a9968e9c5): free
114134218 build (f41-build-side-84507, /rpms/imagej.git:d6edd0e679128bab6fdb75436eab378a9968e9c5): free -> assigned
114134218 build (f41-build-side-84507, /rpms/imagej.git:d6edd0e679128bab6fdb75436eab378a9968e9c5): assigned -> open (buildvm-a64-13.iad2.fedoraproject.org)
  114134291 buildSRPMFromSCM (/rpms/imagej.git:d6edd0e679128bab6fdb75436eab378a9968e9c5): free
  114134291 buildSRPMFromSCM (/rpms/imagej.git:d6edd0e679128bab6fdb75436eab378a9968e9c5): free -> assigned
  114134291 buildSRPMFromSCM (/rpms/imagej.git:d6edd0e679128bab6fdb75436eab378a9968e9c5): assigned -> open (buildvm-a64-11.iad2.fedoraproject.org)
  114134291 buildSRPMFromSCM (/rpms/imagej.git:d6edd0e679128bab6fdb75436eab378a9968e9c5): open (buildvm-a64-11.iad2.fedoraproject.org) -> closed
  0 free  1 open  1 done  0 failed
  114134366 buildArch (imagej-1.54h-4.fc41.src.rpm, noarch): free
  114134366 buildArch (imagej-1.54h-4.fc41.src.rpm, noarch): free -> open (buildvm-x86-11.iad2.fedoraproject.org)
  114134366 buildArch (imagej-1.54h-4.fc41.src.rpm, noarch): open (buildvm-x86-11.iad2.fedoraproject.org) -> closed
  0 free  1 open  2 done  0 failed
  114134405 tagBuild (noarch): free
  114134405 tagBuild (noarch): free -> open (buildhw-a64-21.iad2.fedoraproject.org)
114134218 build (f41-build-side-84507, /rpms/imagej.git:d6edd0e679128bab6fdb75436eab378a9968e9c5): open (buildvm-a64-13.iad2.fedoraproject.org) -> closed
  0 free  1 open  3 done  0 failed
  114134405 tagBuild (noarch): open (buildhw-a64-21.iad2.fedoraproject.org) -> closed
  0 free  0 open  4 done  0 failed

114134218 build (f41-build-side-84507, /rpms/imagej.git:d6edd0e679128bab6fdb75436eab378a9968e9c5) completed successfully
