Cloning into 'IPAddress'...
[f40 456f7ff] Rebuilt for java-21-openjdk as system jdk
 1 file changed, 4 insertions(+), 1 deletion(-)
warning: %patchN is deprecated (1 usages found), use %patch N (or %patch -P N)

Building IPAddress-5.2.1-17.fc40 for f40-build-side-84857
Created task: 114350264
Task info: https://koji.fedoraproject.org/koji/taskinfo?taskID=114350264
Watching tasks (this may be safely interrupted)...
114350264 build (f40-build-side-84857, /rpms/IPAddress.git:456f7ff84fccd4d788e2a3e0dd2101f293f2598c): free
114350264 build (f40-build-side-84857, /rpms/IPAddress.git:456f7ff84fccd4d788e2a3e0dd2101f293f2598c): free -> assigned
114350264 build (f40-build-side-84857, /rpms/IPAddress.git:456f7ff84fccd4d788e2a3e0dd2101f293f2598c): assigned -> open (buildvm-a64-17.iad2.fedoraproject.org)
  114350283 buildSRPMFromSCM (/rpms/IPAddress.git:456f7ff84fccd4d788e2a3e0dd2101f293f2598c): free
  114350283 buildSRPMFromSCM (/rpms/IPAddress.git:456f7ff84fccd4d788e2a3e0dd2101f293f2598c): free -> open (buildvm-a64-31.iad2.fedoraproject.org)
  114350283 buildSRPMFromSCM (/rpms/IPAddress.git:456f7ff84fccd4d788e2a3e0dd2101f293f2598c): open (buildvm-a64-31.iad2.fedoraproject.org) -> closed
  0 free  1 open  1 done  0 failed
  114350363 buildArch (IPAddress-5.2.1-17.fc40.src.rpm, noarch): free
  114350363 buildArch (IPAddress-5.2.1-17.fc40.src.rpm, noarch): free -> open (buildvm-ppc64le-14.iad2.fedoraproject.org)
  114350363 buildArch (IPAddress-5.2.1-17.fc40.src.rpm, noarch): open (buildvm-ppc64le-14.iad2.fedoraproject.org) -> closed
  0 free  1 open  2 done  0 failed
  114350554 tagBuild (noarch): free
  114350554 tagBuild (noarch): free -> assigned
114350264 build (f40-build-side-84857, /rpms/IPAddress.git:456f7ff84fccd4d788e2a3e0dd2101f293f2598c): open (buildvm-a64-17.iad2.fedoraproject.org) -> closed
  0 free  1 open  3 done  0 failed
  114350554 tagBuild (noarch): assigned -> closed
  0 free  0 open  4 done  0 failed

114350264 build (f40-build-side-84857, /rpms/IPAddress.git:456f7ff84fccd4d788e2a3e0dd2101f293f2598c) completed successfully
