Cloning into 'jackson-parent'...
[rawhide 26e80f1] Rebuilt for java-21-openjdk as system jdk
 1 file changed, 4 insertions(+), 1 deletion(-)
Building jackson-parent-2.16-4.fc41 for f41-build-side-84507
Created task: 114134450
Task info: https://koji.fedoraproject.org/koji/taskinfo?taskID=114134450
Watching tasks (this may be safely interrupted)...
114134450 build (f41-build-side-84507, /rpms/jackson-parent.git:26e80f14b3877f1c455bf091f18dd8cb34a6175e): free
114134450 build (f41-build-side-84507, /rpms/jackson-parent.git:26e80f14b3877f1c455bf091f18dd8cb34a6175e): free -> open (buildhw-x86-07.iad2.fedoraproject.org)
  114134455 buildSRPMFromSCM (/rpms/jackson-parent.git:26e80f14b3877f1c455bf091f18dd8cb34a6175e): free
  114134455 buildSRPMFromSCM (/rpms/jackson-parent.git:26e80f14b3877f1c455bf091f18dd8cb34a6175e): free -> assigned
  114134455 buildSRPMFromSCM (/rpms/jackson-parent.git:26e80f14b3877f1c455bf091f18dd8cb34a6175e): assigned -> open (buildvm-a64-07.iad2.fedoraproject.org)
  114134455 buildSRPMFromSCM (/rpms/jackson-parent.git:26e80f14b3877f1c455bf091f18dd8cb34a6175e): open (buildvm-a64-07.iad2.fedoraproject.org) -> closed
  0 free  1 open  1 done  0 failed
  114134570 buildArch (jackson-parent-2.16-4.fc41.src.rpm, noarch): free
  114134570 buildArch (jackson-parent-2.16-4.fc41.src.rpm, noarch): free -> assigned
  114134570 buildArch (jackson-parent-2.16-4.fc41.src.rpm, noarch): assigned -> open (buildvm-s390x-08.s390.fedoraproject.org)
  114134570 buildArch (jackson-parent-2.16-4.fc41.src.rpm, noarch): open (buildvm-s390x-08.s390.fedoraproject.org) -> closed
  0 free  1 open  2 done  0 failed
  114134784 tagBuild (noarch): free
  114134784 tagBuild (noarch): free -> assigned
  114134784 tagBuild (noarch): assigned -> closed
  0 free  1 open  3 done  0 failed
114134450 build (f41-build-side-84507, /rpms/jackson-parent.git:26e80f14b3877f1c455bf091f18dd8cb34a6175e): open (buildhw-x86-07.iad2.fedoraproject.org) -> closed
  0 free  0 open  4 done  0 failed

114134450 build (f41-build-side-84507, /rpms/jackson-parent.git:26e80f14b3877f1c455bf091f18dd8cb34a6175e) completed successfully
