Cloning into 'jackson-core'...
[rawhide 3f64f78] Rebuilt for java-21-openjdk as system jdk
 1 file changed, 4 insertions(+), 1 deletion(-)
Building jackson-core-2.16.1-4.fc41 for f41-build-side-84507
Created task: 114134347
Task info: https://koji.fedoraproject.org/koji/taskinfo?taskID=114134347
Watching tasks (this may be safely interrupted)...
114134347 build (f41-build-side-84507, /rpms/jackson-core.git:3f64f7800ef63529d050c59484738256eda29f07): free
114134347 build (f41-build-side-84507, /rpms/jackson-core.git:3f64f7800ef63529d050c59484738256eda29f07): free -> assigned
114134347 build (f41-build-side-84507, /rpms/jackson-core.git:3f64f7800ef63529d050c59484738256eda29f07): assigned -> open (buildvm-a64-31.iad2.fedoraproject.org)
  114134355 buildSRPMFromSCM (/rpms/jackson-core.git:3f64f7800ef63529d050c59484738256eda29f07): free
  114134355 buildSRPMFromSCM (/rpms/jackson-core.git:3f64f7800ef63529d050c59484738256eda29f07): free -> open (buildvm-a64-11.iad2.fedoraproject.org)
  114134355 buildSRPMFromSCM (/rpms/jackson-core.git:3f64f7800ef63529d050c59484738256eda29f07): open (buildvm-a64-11.iad2.fedoraproject.org) -> closed
  0 free  1 open  1 done  0 failed
  114134404 buildArch (jackson-core-2.16.1-4.fc41.src.rpm, noarch): free
  114134404 buildArch (jackson-core-2.16.1-4.fc41.src.rpm, noarch): free -> assigned
  114134404 buildArch (jackson-core-2.16.1-4.fc41.src.rpm, noarch): assigned -> open (buildvm-ppc64le-21.iad2.fedoraproject.org)
  114134557 tagBuild (noarch): free
  114134404 buildArch (jackson-core-2.16.1-4.fc41.src.rpm, noarch): open (buildvm-ppc64le-21.iad2.fedoraproject.org) -> closed
  1 free  1 open  2 done  0 failed
  114134557 tagBuild (noarch): free -> assigned
  114134557 tagBuild (noarch): assigned -> closed
  0 free  1 open  3 done  0 failed
114134347 build (f41-build-side-84507, /rpms/jackson-core.git:3f64f7800ef63529d050c59484738256eda29f07): open (buildvm-a64-31.iad2.fedoraproject.org) -> closed
  0 free  0 open  4 done  0 failed

114134347 build (f41-build-side-84507, /rpms/jackson-core.git:3f64f7800ef63529d050c59484738256eda29f07) completed successfully
