Cloning into 'jackson-annotations'...
[rawhide 9bff81c] Rebuilt for java-17-openjdk as system jdk
 1 file changed, 4 insertions(+), 1 deletion(-)
Building jackson-annotations-2.11.4-6.fc36 for f36-java17
Created task: 82427028
Task info: https://koji.fedoraproject.org/koji/taskinfo?taskID=82427028
Watching tasks (this may be safely interrupted)...
82427028 build (f36-java17, /rpms/jackson-annotations.git:9bff81c15c4c79b38be93b4f9d044f7eead762c9): free
82427028 build (f36-java17, /rpms/jackson-annotations.git:9bff81c15c4c79b38be93b4f9d044f7eead762c9): free -> open (buildvm-a64-09.iad2.fedoraproject.org)
  82427050 buildSRPMFromSCM (/rpms/jackson-annotations.git:9bff81c15c4c79b38be93b4f9d044f7eead762c9): free
  82427050 buildSRPMFromSCM (/rpms/jackson-annotations.git:9bff81c15c4c79b38be93b4f9d044f7eead762c9): free -> open (buildvm-ppc64le-35.iad2.fedoraproject.org)
  82427050 buildSRPMFromSCM (/rpms/jackson-annotations.git:9bff81c15c4c79b38be93b4f9d044f7eead762c9): open (buildvm-ppc64le-35.iad2.fedoraproject.org) -> closed
  0 free  1 open  1 done  0 failed
  82427258 buildArch (jackson-annotations-2.11.4-6.fc36.src.rpm, noarch): free
  82427258 buildArch (jackson-annotations-2.11.4-6.fc36.src.rpm, noarch): free -> open (buildvm-s390x-30.s390.fedoraproject.org)
  82427258 buildArch (jackson-annotations-2.11.4-6.fc36.src.rpm, noarch): open (buildvm-s390x-30.s390.fedoraproject.org) -> closed
  0 free  1 open  2 done  0 failed
  82427406 tagBuild (noarch): free
82427028 build (f36-java17, /rpms/jackson-annotations.git:9bff81c15c4c79b38be93b4f9d044f7eead762c9): open (buildvm-a64-09.iad2.fedoraproject.org) -> closed
  1 free  0 open  3 done  0 failed
  82427406 tagBuild (noarch): free -> closed
  0 free  0 open  4 done  0 failed

82427028 build (f36-java17, /rpms/jackson-annotations.git:9bff81c15c4c79b38be93b4f9d044f7eead762c9) completed successfully
