Cloning into 'jackson-databind'...
[rawhide f836aac] Rebuilt for java-21-openjdk as system jdk
 1 file changed, 4 insertions(+), 1 deletion(-)
Building jackson-databind-2.16.1-4.fc41 for f41-build-side-84507
Created task: 114134371
Task info: https://koji.fedoraproject.org/koji/taskinfo?taskID=114134371
Watching tasks (this may be safely interrupted)...
114134371 build (f41-build-side-84507, /rpms/jackson-databind.git:f836aacee39b7290b146c42c8c368e1f4cc3502a): free
114134371 build (f41-build-side-84507, /rpms/jackson-databind.git:f836aacee39b7290b146c42c8c368e1f4cc3502a): free -> open (buildvm-a64-23.iad2.fedoraproject.org)
  114134377 buildSRPMFromSCM (/rpms/jackson-databind.git:f836aacee39b7290b146c42c8c368e1f4cc3502a): free
  114134377 buildSRPMFromSCM (/rpms/jackson-databind.git:f836aacee39b7290b146c42c8c368e1f4cc3502a): free -> open (buildvm-x86-27.iad2.fedoraproject.org)
  114134421 buildArch (jackson-databind-2.16.1-4.fc41.src.rpm, noarch): free
  114134377 buildSRPMFromSCM (/rpms/jackson-databind.git:f836aacee39b7290b146c42c8c368e1f4cc3502a): open (buildvm-x86-27.iad2.fedoraproject.org) -> closed
  1 free  1 open  1 done  0 failed
  114134421 buildArch (jackson-databind-2.16.1-4.fc41.src.rpm, noarch): free -> assigned
  114134421 buildArch (jackson-databind-2.16.1-4.fc41.src.rpm, noarch): assigned -> open (buildhw-a64-23.iad2.fedoraproject.org)
  114134421 buildArch (jackson-databind-2.16.1-4.fc41.src.rpm, noarch): open (buildhw-a64-23.iad2.fedoraproject.org) -> closed
  0 free  1 open  2 done  0 failed
  114134567 tagBuild (noarch): free
  114134567 tagBuild (noarch): free -> closed
  0 free  1 open  3 done  0 failed
114134371 build (f41-build-side-84507, /rpms/jackson-databind.git:f836aacee39b7290b146c42c8c368e1f4cc3502a): open (buildvm-a64-23.iad2.fedoraproject.org) -> closed
  0 free  0 open  4 done  0 failed

114134371 build (f41-build-side-84507, /rpms/jackson-databind.git:f836aacee39b7290b146c42c8c368e1f4cc3502a) completed successfully
