Cloning into 'jackson-dataformats-text'...
[rawhide 2784331] Rebuilt for java-21-openjdk as system jdk
 1 file changed, 4 insertions(+), 1 deletion(-)
Building jackson-dataformats-text-2.9.8-16.fc41 for f41-build-side-84507
Created task: 114134396
Task info: https://koji.fedoraproject.org/koji/taskinfo?taskID=114134396
Watching tasks (this may be safely interrupted)...
114134396 build (f41-build-side-84507, /rpms/jackson-dataformats-text.git:2784331732740f99a01a15c09c4fbb05a3b0d30c): free
114134396 build (f41-build-side-84507, /rpms/jackson-dataformats-text.git:2784331732740f99a01a15c09c4fbb05a3b0d30c): free -> open (buildvm-a64-28.iad2.fedoraproject.org)
  114134398 buildSRPMFromSCM (/rpms/jackson-dataformats-text.git:2784331732740f99a01a15c09c4fbb05a3b0d30c): free
  114134398 buildSRPMFromSCM (/rpms/jackson-dataformats-text.git:2784331732740f99a01a15c09c4fbb05a3b0d30c): free -> assigned
  114134398 buildSRPMFromSCM (/rpms/jackson-dataformats-text.git:2784331732740f99a01a15c09c4fbb05a3b0d30c): assigned -> open (buildvm-x86-29.iad2.fedoraproject.org)
  114134398 buildSRPMFromSCM (/rpms/jackson-dataformats-text.git:2784331732740f99a01a15c09c4fbb05a3b0d30c): open (buildvm-x86-29.iad2.fedoraproject.org) -> closed
  0 free  1 open  1 done  0 failed
  114134460 buildArch (jackson-dataformats-text-2.9.8-16.fc41.src.rpm, noarch): free
  114134460 buildArch (jackson-dataformats-text-2.9.8-16.fc41.src.rpm, noarch): free -> assigned
  114134460 buildArch (jackson-dataformats-text-2.9.8-16.fc41.src.rpm, noarch): assigned -> open (buildvm-ppc64le-30.iad2.fedoraproject.org)
  114134460 buildArch (jackson-dataformats-text-2.9.8-16.fc41.src.rpm, noarch): open (buildvm-ppc64le-30.iad2.fedoraproject.org) -> FAILED: BuildError: error building package (arch noarch), mock exited with status 1; see build.log or root.log for more information
  Relevant logs:
  https://kojipkgs.fedoraproject.org/work/tasks/4460/114134460/mock_output.log
  https://kojipkgs.fedoraproject.org/work/tasks/4460/114134460/state.log
  https://kojipkgs.fedoraproject.org/work/tasks/4460/114134460/build.log
  https://kojipkgs.fedoraproject.org/work/tasks/4460/114134460/root.log
  https://kojipkgs.fedoraproject.org/work/tasks/4460/114134460/hw_info.log
  0 free  1 open  1 done  1 failed
114134396 build (f41-build-side-84507, /rpms/jackson-dataformats-text.git:2784331732740f99a01a15c09c4fbb05a3b0d30c): open (buildvm-a64-28.iad2.fedoraproject.org) -> FAILED: BuildError: error building package (arch noarch), mock exited with status 1; see build.log or root.log for more information
  0 free  0 open  1 done  2 failed

114134396 build (f41-build-side-84507, /rpms/jackson-dataformats-text.git:2784331732740f99a01a15c09c4fbb05a3b0d30c) failed
