Cloning into 'jackson-modules-base'...
[f40 7d17f8c] Rebuilt for java-21-openjdk as system jdk
 1 file changed, 4 insertions(+), 1 deletion(-)
Building jackson-modules-base-2.16.1-3.fc40 for f40-build-side-84857
Created task: 114350435
Task info: https://koji.fedoraproject.org/koji/taskinfo?taskID=114350435
Watching tasks (this may be safely interrupted)...
114350435 build (f40-build-side-84857, /rpms/jackson-modules-base.git:7d17f8c2ea26a8fe6415fc2a59b31e906a2ffa8c): free
114350435 build (f40-build-side-84857, /rpms/jackson-modules-base.git:7d17f8c2ea26a8fe6415fc2a59b31e906a2ffa8c): free -> assigned
114350435 build (f40-build-side-84857, /rpms/jackson-modules-base.git:7d17f8c2ea26a8fe6415fc2a59b31e906a2ffa8c): assigned -> open (buildvm-a64-12.iad2.fedoraproject.org)
  114350455 buildSRPMFromSCM (/rpms/jackson-modules-base.git:7d17f8c2ea26a8fe6415fc2a59b31e906a2ffa8c): free
  114350455 buildSRPMFromSCM (/rpms/jackson-modules-base.git:7d17f8c2ea26a8fe6415fc2a59b31e906a2ffa8c): free -> assigned
  114350455 buildSRPMFromSCM (/rpms/jackson-modules-base.git:7d17f8c2ea26a8fe6415fc2a59b31e906a2ffa8c): assigned -> open (buildvm-x86-09.iad2.fedoraproject.org)
  114350455 buildSRPMFromSCM (/rpms/jackson-modules-base.git:7d17f8c2ea26a8fe6415fc2a59b31e906a2ffa8c): open (buildvm-x86-09.iad2.fedoraproject.org) -> closed
  0 free  1 open  1 done  0 failed
  114350602 buildArch (jackson-modules-base-2.16.1-3.fc40.src.rpm, noarch): free
  114350602 buildArch (jackson-modules-base-2.16.1-3.fc40.src.rpm, noarch): free -> assigned
  114350602 buildArch (jackson-modules-base-2.16.1-3.fc40.src.rpm, noarch): assigned -> open (buildvm-x86-07.iad2.fedoraproject.org)
  114350602 buildArch (jackson-modules-base-2.16.1-3.fc40.src.rpm, noarch): open (buildvm-x86-07.iad2.fedoraproject.org) -> closed
  0 free  1 open  2 done  0 failed
  114350672 tagBuild (noarch): free
  114350672 tagBuild (noarch): free -> assigned
  114350672 tagBuild (noarch): assigned -> open (buildvm-a64-17.iad2.fedoraproject.org)
  114350672 tagBuild (noarch): open (buildvm-a64-17.iad2.fedoraproject.org) -> closed
  0 free  1 open  3 done  0 failed
114350435 build (f40-build-side-84857, /rpms/jackson-modules-base.git:7d17f8c2ea26a8fe6415fc2a59b31e906a2ffa8c): open (buildvm-a64-12.iad2.fedoraproject.org) -> closed
  0 free  0 open  4 done  0 failed

114350435 build (f40-build-side-84857, /rpms/jackson-modules-base.git:7d17f8c2ea26a8fe6415fc2a59b31e906a2ffa8c) completed successfully
