Cloning into 'jacoco'...
@@@@@@@@@@@@@@@@@@@@@@@@@@@@@@@@@@@@@@@@@@@@@@@@@@@@@@@@@@@
@    WARNING: REMOTE HOST IDENTIFICATION HAS CHANGED!     @
@@@@@@@@@@@@@@@@@@@@@@@@@@@@@@@@@@@@@@@@@@@@@@@@@@@@@@@@@@@
IT IS POSSIBLE THAT SOMEONE IS DOING SOMETHING NASTY!
Someone could be eavesdropping on you right now (man-in-the-middle attack)!
It is also possible that a host key has just been changed.
The fingerprint for the RSA key sent by the remote host is
SHA256:dJN0nFWBcWK7SFs2k0nnsO+XNA9+aEDY4FWO7uhxTN8.
Please contact your system administrator.
Add correct host key in /home/jvanek/.ssh/known_hosts to get rid of this message.
Offending RSA key in /home/jvanek/.ssh/known_hosts:2
Password authentication is disabled to avoid man-in-the-middle attacks.
Keyboard-interactive authentication is disabled to avoid man-in-the-middle attacks.
UpdateHostkeys is disabled because the host key is not trusted.
[rawhide 4374795] Rebuilt for java-25-openjdk as preffered jdk
 1 file changed, 5 insertions(+), 2 deletions(-)
Building jacoco-0.8.11-6.fc43 for rawhide
Created task: 135450923
Task info: https://koji.fedoraproject.org/koji/taskinfo?taskID=135450923
Watching tasks (this may be safely interrupted)...
135450923 build (rawhide, /rpms/jacoco.git:43747955c60da229b87e69b112c3b9cd4b7e6f04): free
135450923 build (rawhide, /rpms/jacoco.git:43747955c60da229b87e69b112c3b9cd4b7e6f04): free -> assigned (buildvm-a64-04.rdu3.fedoraproject.org)
135450923 build (rawhide, /rpms/jacoco.git:43747955c60da229b87e69b112c3b9cd4b7e6f04): assigned (buildvm-a64-04.rdu3.fedoraproject.org) -> open (buildvm-a64-04.rdu3.fedoraproject.org)
  135450925 buildSRPMFromSCM (/rpms/jacoco.git:43747955c60da229b87e69b112c3b9cd4b7e6f04): free
  135450925 buildSRPMFromSCM (/rpms/jacoco.git:43747955c60da229b87e69b112c3b9cd4b7e6f04): free -> assigned (buildvm-a64-48.rdu3.fedoraproject.org)
  135450925 buildSRPMFromSCM (/rpms/jacoco.git:43747955c60da229b87e69b112c3b9cd4b7e6f04): assigned (buildvm-a64-48.rdu3.fedoraproject.org) -> open (buildvm-a64-48.rdu3.fedoraproject.org)
  135450925 buildSRPMFromSCM (/rpms/jacoco.git:43747955c60da229b87e69b112c3b9cd4b7e6f04): open (buildvm-a64-48.rdu3.fedoraproject.org) -> closed
  0 free  1 open  1 done  0 failed
  135450990 buildArch (jacoco-0.8.11-6.fc43.src.rpm, noarch): free
  135450990 buildArch (jacoco-0.8.11-6.fc43.src.rpm, noarch): free -> open (buildvm-x86-26.rdu3.fedoraproject.org)
  135451022 tagBuild (noarch): free
  135450990 buildArch (jacoco-0.8.11-6.fc43.src.rpm, noarch): open (buildvm-x86-26.rdu3.fedoraproject.org) -> closed
  1 free  1 open  2 done  0 failed
  135451022 tagBuild (noarch): free -> assigned (buildvm-x86-32.rdu3.fedoraproject.org)
  135451022 tagBuild (noarch): assigned (buildvm-x86-32.rdu3.fedoraproject.org) -> closed
  0 free  1 open  3 done  0 failed
135450923 build (rawhide, /rpms/jacoco.git:43747955c60da229b87e69b112c3b9cd4b7e6f04): open (buildvm-a64-04.rdu3.fedoraproject.org) -> closed
  0 free  0 open  4 done  0 failed

135450923 build (rawhide, /rpms/jacoco.git:43747955c60da229b87e69b112c3b9cd4b7e6f04) completed successfully
