Cloning into 'jacop'...
[rawhide 3c90286] Rebuilt for java-21-openjdk as system jdk
 1 file changed, 4 insertions(+), 1 deletion(-)
Building jacop-4.9.0-5.fc41 for f41-build-side-84507
Created task: 114134519
Task info: https://koji.fedoraproject.org/koji/taskinfo?taskID=114134519
Watching tasks (this may be safely interrupted)...
114134519 build (f41-build-side-84507, /rpms/jacop.git:3c902867b2ebf705f127cedbf1e5ff5d663381ac): free
114134519 build (f41-build-side-84507, /rpms/jacop.git:3c902867b2ebf705f127cedbf1e5ff5d663381ac): free -> assigned
114134519 build (f41-build-side-84507, /rpms/jacop.git:3c902867b2ebf705f127cedbf1e5ff5d663381ac): assigned -> open (buildhw-x86-02.iad2.fedoraproject.org)
  114134549 buildSRPMFromSCM (/rpms/jacop.git:3c902867b2ebf705f127cedbf1e5ff5d663381ac): free
  114134549 buildSRPMFromSCM (/rpms/jacop.git:3c902867b2ebf705f127cedbf1e5ff5d663381ac): free -> assigned
  114134549 buildSRPMFromSCM (/rpms/jacop.git:3c902867b2ebf705f127cedbf1e5ff5d663381ac): assigned -> open (buildvm-a64-21.iad2.fedoraproject.org)
  114134549 buildSRPMFromSCM (/rpms/jacop.git:3c902867b2ebf705f127cedbf1e5ff5d663381ac): open (buildvm-a64-21.iad2.fedoraproject.org) -> closed
  0 free  1 open  1 done  0 failed
  114134614 buildArch (jacop-4.9.0-5.fc41.src.rpm, noarch): free
  114134614 buildArch (jacop-4.9.0-5.fc41.src.rpm, noarch): free -> open (buildhw-x86-02.iad2.fedoraproject.org)
  114134614 buildArch (jacop-4.9.0-5.fc41.src.rpm, noarch): open (buildhw-x86-02.iad2.fedoraproject.org) -> closed
  0 free  1 open  2 done  0 failed
  114135004 tagBuild (noarch): free
  114135004 tagBuild (noarch): free -> assigned
  114135004 tagBuild (noarch): assigned -> closed
  0 free  1 open  3 done  0 failed
114134519 build (f41-build-side-84507, /rpms/jacop.git:3c902867b2ebf705f127cedbf1e5ff5d663381ac): open (buildhw-x86-02.iad2.fedoraproject.org) -> closed
  0 free  0 open  4 done  0 failed

114134519 build (f41-build-side-84507, /rpms/jacop.git:3c902867b2ebf705f127cedbf1e5ff5d663381ac) completed successfully
