Cloning into 'jakarta-interceptors'...
[rawhide 9973a5e] Rebuilt for java-21-openjdk as system jdk
 1 file changed, 4 insertions(+), 1 deletion(-)
Building jakarta-interceptors-2.0.0-12.fc41 for f41-build-side-84507
Created task: 114134727
Task info: https://koji.fedoraproject.org/koji/taskinfo?taskID=114134727
Watching tasks (this may be safely interrupted)...
114134727 build (f41-build-side-84507, /rpms/jakarta-interceptors.git:9973a5e133d1a55dba58ac01f7b1013efe41cb93): free
114134727 build (f41-build-side-84507, /rpms/jakarta-interceptors.git:9973a5e133d1a55dba58ac01f7b1013efe41cb93): free -> open (buildhw-x86-13.iad2.fedoraproject.org)
  114134757 buildSRPMFromSCM (/rpms/jakarta-interceptors.git:9973a5e133d1a55dba58ac01f7b1013efe41cb93): free
  114134757 buildSRPMFromSCM (/rpms/jakarta-interceptors.git:9973a5e133d1a55dba58ac01f7b1013efe41cb93): free -> assigned
  114134757 buildSRPMFromSCM (/rpms/jakarta-interceptors.git:9973a5e133d1a55dba58ac01f7b1013efe41cb93): assigned -> open (buildvm-x86-14.iad2.fedoraproject.org)
  114134757 buildSRPMFromSCM (/rpms/jakarta-interceptors.git:9973a5e133d1a55dba58ac01f7b1013efe41cb93): open (buildvm-x86-14.iad2.fedoraproject.org) -> closed
  0 free  1 open  1 done  0 failed
  114134973 buildArch (jakarta-interceptors-2.0.0-12.fc41.src.rpm, noarch): free
  114134973 buildArch (jakarta-interceptors-2.0.0-12.fc41.src.rpm, noarch): free -> assigned
  114134973 buildArch (jakarta-interceptors-2.0.0-12.fc41.src.rpm, noarch): assigned -> open (buildvm-x86-21.iad2.fedoraproject.org)
  114134973 buildArch (jakarta-interceptors-2.0.0-12.fc41.src.rpm, noarch): open (buildvm-x86-21.iad2.fedoraproject.org) -> closed
  0 free  1 open  2 done  0 failed
  114135020 tagBuild (noarch): free
  114135020 tagBuild (noarch): free -> assigned
  114135020 tagBuild (noarch): assigned -> closed
  0 free  1 open  3 done  0 failed
114134727 build (f41-build-side-84507, /rpms/jakarta-interceptors.git:9973a5e133d1a55dba58ac01f7b1013efe41cb93): open (buildhw-x86-13.iad2.fedoraproject.org) -> closed
  0 free  0 open  4 done  0 failed

114134727 build (f41-build-side-84507, /rpms/jakarta-interceptors.git:9973a5e133d1a55dba58ac01f7b1013efe41cb93) completed successfully
