Cloning into 'jakarta-activation'...
@@@@@@@@@@@@@@@@@@@@@@@@@@@@@@@@@@@@@@@@@@@@@@@@@@@@@@@@@@@
@    WARNING: REMOTE HOST IDENTIFICATION HAS CHANGED!     @
@@@@@@@@@@@@@@@@@@@@@@@@@@@@@@@@@@@@@@@@@@@@@@@@@@@@@@@@@@@
IT IS POSSIBLE THAT SOMEONE IS DOING SOMETHING NASTY!
Someone could be eavesdropping on you right now (man-in-the-middle attack)!
It is also possible that a host key has just been changed.
The fingerprint for the RSA key sent by the remote host is
SHA256:dJN0nFWBcWK7SFs2k0nnsO+XNA9+aEDY4FWO7uhxTN8.
Please contact your system administrator.
Add correct host key in /home/jvanek/.ssh/known_hosts to get rid of this message.
Offending RSA key in /home/jvanek/.ssh/known_hosts:2
Password authentication is disabled to avoid man-in-the-middle attacks.
Keyboard-interactive authentication is disabled to avoid man-in-the-middle attacks.
UpdateHostkeys is disabled because the host key is not trusted.
RPMAutoSpec usage detected, not changing the spec file.
[rawhide 1814b37] Rebuilt for java-25-openjdk as preffered jdk
Found a gating.yaml file in the repo and it is properly configured
Building jakarta-activation-2.1.3-17.fc43 for rawhide
Created task: 135450930
Task info: https://koji.fedoraproject.org/koji/taskinfo?taskID=135450930
Watching tasks (this may be safely interrupted)...
135450930 build (rawhide, /rpms/jakarta-activation.git:1814b37a0005f4aa62fee6e1248bcd3f59f44f6a): free
135450930 build (rawhide, /rpms/jakarta-activation.git:1814b37a0005f4aa62fee6e1248bcd3f59f44f6a): free -> assigned (buildvm-a64-29.rdu3.fedoraproject.org)
135450930 build (rawhide, /rpms/jakarta-activation.git:1814b37a0005f4aa62fee6e1248bcd3f59f44f6a): assigned (buildvm-a64-29.rdu3.fedoraproject.org) -> open (buildvm-a64-29.rdu3.fedoraproject.org)
  135450943 buildSRPMFromSCM (/rpms/jakarta-activation.git:1814b37a0005f4aa62fee6e1248bcd3f59f44f6a): free
  135450943 buildSRPMFromSCM (/rpms/jakarta-activation.git:1814b37a0005f4aa62fee6e1248bcd3f59f44f6a): free -> assigned (buildhw-x86-03.rdu3.fedoraproject.org)
  135450943 buildSRPMFromSCM (/rpms/jakarta-activation.git:1814b37a0005f4aa62fee6e1248bcd3f59f44f6a): assigned (buildhw-x86-03.rdu3.fedoraproject.org) -> open (buildhw-x86-03.rdu3.fedoraproject.org)
  135450943 buildSRPMFromSCM (/rpms/jakarta-activation.git:1814b37a0005f4aa62fee6e1248bcd3f59f44f6a): open (buildhw-x86-03.rdu3.fedoraproject.org) -> closed
  0 free  1 open  1 done  0 failed
  135451005 buildArch (jakarta-activation-2.1.3-17.fc43.src.rpm, noarch): free
  135451005 buildArch (jakarta-activation-2.1.3-17.fc43.src.rpm, noarch): free -> open (buildvm-x86-12.rdu3.fedoraproject.org)
  135451005 buildArch (jakarta-activation-2.1.3-17.fc43.src.rpm, noarch): open (buildvm-x86-12.rdu3.fedoraproject.org) -> closed
  0 free  1 open  2 done  0 failed
  135451035 tagBuild (noarch): free
  135451035 tagBuild (noarch): free -> open (buildvm-ppc64le-07.rdu3.fedoraproject.org)
135450930 build (rawhide, /rpms/jakarta-activation.git:1814b37a0005f4aa62fee6e1248bcd3f59f44f6a): open (buildvm-a64-29.rdu3.fedoraproject.org) -> closed
  0 free  1 open  3 done  0 failed
  135451035 tagBuild (noarch): open (buildvm-ppc64le-07.rdu3.fedoraproject.org) -> closed
  0 free  0 open  4 done  0 failed

135450930 build (rawhide, /rpms/jakarta-activation.git:1814b37a0005f4aa62fee6e1248bcd3f59f44f6a) completed successfully
