Cloning into 'jakarta-mail'...
[rawhide 9829347] Rebuilt for java-21-openjdk as system jdk
 1 file changed, 4 insertions(+), 1 deletion(-)
Found a gating.yaml file in the repo and it is properly configured
Building jakarta-mail-2.1.2-5.fc41 for f41-build-side-84507
Created task: 114134818
Task info: https://koji.fedoraproject.org/koji/taskinfo?taskID=114134818
Watching tasks (this may be safely interrupted)...
114134818 build (f41-build-side-84507, /rpms/jakarta-mail.git:9829347d337a6f7128b639420a7ae41054cc140d): free
114134818 build (f41-build-side-84507, /rpms/jakarta-mail.git:9829347d337a6f7128b639420a7ae41054cc140d): free -> assigned
114134818 build (f41-build-side-84507, /rpms/jakarta-mail.git:9829347d337a6f7128b639420a7ae41054cc140d): assigned -> open (buildhw-x86-09.iad2.fedoraproject.org)
  114134820 buildSRPMFromSCM (/rpms/jakarta-mail.git:9829347d337a6f7128b639420a7ae41054cc140d): free
  114134820 buildSRPMFromSCM (/rpms/jakarta-mail.git:9829347d337a6f7128b639420a7ae41054cc140d): free -> assigned
  114134820 buildSRPMFromSCM (/rpms/jakarta-mail.git:9829347d337a6f7128b639420a7ae41054cc140d): assigned -> open (buildvm-a64-29.iad2.fedoraproject.org)
  114134820 buildSRPMFromSCM (/rpms/jakarta-mail.git:9829347d337a6f7128b639420a7ae41054cc140d): open (buildvm-a64-29.iad2.fedoraproject.org) -> closed
  0 free  1 open  1 done  0 failed
  114134956 buildArch (jakarta-mail-2.1.2-5.fc41.src.rpm, noarch): free
  114134956 buildArch (jakarta-mail-2.1.2-5.fc41.src.rpm, noarch): free -> assigned
  114134956 buildArch (jakarta-mail-2.1.2-5.fc41.src.rpm, noarch): assigned -> open (buildhw-x86-08.iad2.fedoraproject.org)
  114134956 buildArch (jakarta-mail-2.1.2-5.fc41.src.rpm, noarch): open (buildhw-x86-08.iad2.fedoraproject.org) -> closed
  0 free  1 open  2 done  0 failed
  114135009 tagBuild (noarch): free
  114135009 tagBuild (noarch): free -> assigned
  114135009 tagBuild (noarch): assigned -> closed
  0 free  1 open  3 done  0 failed
114134818 build (f41-build-side-84507, /rpms/jakarta-mail.git:9829347d337a6f7128b639420a7ae41054cc140d): open (buildhw-x86-09.iad2.fedoraproject.org) -> closed
  0 free  0 open  4 done  0 failed

114134818 build (f41-build-side-84507, /rpms/jakarta-mail.git:9829347d337a6f7128b639420a7ae41054cc140d) completed successfully
