Cloning into 'jakarta-annotations'...
[rawhide dac19cb] Rebuilt for java-21-openjdk as system jdk
 1 file changed, 4 insertions(+), 1 deletion(-)
Found a gating.yaml file in the repo and it is properly configured
Building jakarta-annotations-1.3.5-22.fc41 for f41-build-side-84507
Created task: 114134571
Task info: https://koji.fedoraproject.org/koji/taskinfo?taskID=114134571
Watching tasks (this may be safely interrupted)...
114134571 build (f41-build-side-84507, /rpms/jakarta-annotations.git:dac19cba7fcb473f9296d6f6fb7eefde80fb7104): free
114134571 build (f41-build-side-84507, /rpms/jakarta-annotations.git:dac19cba7fcb473f9296d6f6fb7eefde80fb7104): free -> assigned
114134571 build (f41-build-side-84507, /rpms/jakarta-annotations.git:dac19cba7fcb473f9296d6f6fb7eefde80fb7104): assigned -> open (buildvm-ppc64le-31.iad2.fedoraproject.org)
  114134598 buildSRPMFromSCM (/rpms/jakarta-annotations.git:dac19cba7fcb473f9296d6f6fb7eefde80fb7104): free
  114134598 buildSRPMFromSCM (/rpms/jakarta-annotations.git:dac19cba7fcb473f9296d6f6fb7eefde80fb7104): free -> assigned
  114134598 buildSRPMFromSCM (/rpms/jakarta-annotations.git:dac19cba7fcb473f9296d6f6fb7eefde80fb7104): assigned -> open (buildvm-a64-35.iad2.fedoraproject.org)
  114134598 buildSRPMFromSCM (/rpms/jakarta-annotations.git:dac19cba7fcb473f9296d6f6fb7eefde80fb7104): open (buildvm-a64-35.iad2.fedoraproject.org) -> closed
  0 free  1 open  1 done  0 failed
  114134825 buildArch (jakarta-annotations-1.3.5-22.fc41.src.rpm, noarch): free
  114134825 buildArch (jakarta-annotations-1.3.5-22.fc41.src.rpm, noarch): free -> assigned
  114134825 buildArch (jakarta-annotations-1.3.5-22.fc41.src.rpm, noarch): assigned -> open (buildhw-x86-12.iad2.fedoraproject.org)
  114134961 tagBuild (noarch): free
  114134825 buildArch (jakarta-annotations-1.3.5-22.fc41.src.rpm, noarch): open (buildhw-x86-12.iad2.fedoraproject.org) -> closed
  1 free  1 open  2 done  0 failed
  114134961 tagBuild (noarch): free -> closed
  0 free  1 open  3 done  0 failed
114134571 build (f41-build-side-84507, /rpms/jakarta-annotations.git:dac19cba7fcb473f9296d6f6fb7eefde80fb7104): open (buildvm-ppc64le-31.iad2.fedoraproject.org) -> closed
  0 free  0 open  4 done  0 failed

114134571 build (f41-build-side-84507, /rpms/jakarta-annotations.git:dac19cba7fcb473f9296d6f6fb7eefde80fb7104) completed successfully
