Cloning into 'jakarta-saaj'...
[rawhide af98569] Rebuilt for java-21-openjdk as system jdk
 1 file changed, 4 insertions(+), 1 deletion(-)
Building jakarta-saaj-3.0.0-5.fc41 for f41-build-side-84507
Created task: 114134866
Task info: https://koji.fedoraproject.org/koji/taskinfo?taskID=114134866
Watching tasks (this may be safely interrupted)...
114134866 build (f41-build-side-84507, /rpms/jakarta-saaj.git:af98569d9c39302b21d968fb625957f63baee310): free
114134866 build (f41-build-side-84507, /rpms/jakarta-saaj.git:af98569d9c39302b21d968fb625957f63baee310): free -> open (buildvm-ppc64le-30.iad2.fedoraproject.org)
  114134915 buildSRPMFromSCM (/rpms/jakarta-saaj.git:af98569d9c39302b21d968fb625957f63baee310): free
  114134915 buildSRPMFromSCM (/rpms/jakarta-saaj.git:af98569d9c39302b21d968fb625957f63baee310): free -> assigned
  114134915 buildSRPMFromSCM (/rpms/jakarta-saaj.git:af98569d9c39302b21d968fb625957f63baee310): assigned -> open (buildvm-a64-12.iad2.fedoraproject.org)
  114134915 buildSRPMFromSCM (/rpms/jakarta-saaj.git:af98569d9c39302b21d968fb625957f63baee310): open (buildvm-a64-12.iad2.fedoraproject.org) -> closed
  0 free  1 open  1 done  0 failed
  114134994 buildArch (jakarta-saaj-3.0.0-5.fc41.src.rpm, noarch): free
  114134994 buildArch (jakarta-saaj-3.0.0-5.fc41.src.rpm, noarch): free -> assigned
  114134994 buildArch (jakarta-saaj-3.0.0-5.fc41.src.rpm, noarch): assigned -> open (buildhw-x86-08.iad2.fedoraproject.org)
  114134994 buildArch (jakarta-saaj-3.0.0-5.fc41.src.rpm, noarch): open (buildhw-x86-08.iad2.fedoraproject.org) -> FAILED: BuildError: error building package (arch noarch), mock exited with status 1; see build.log or root.log for more information
  Relevant logs:
  https://kojipkgs.fedoraproject.org/work/tasks/4994/114134994/state.log
  https://kojipkgs.fedoraproject.org/work/tasks/4994/114134994/build.log
  https://kojipkgs.fedoraproject.org/work/tasks/4994/114134994/root.log
  https://kojipkgs.fedoraproject.org/work/tasks/4994/114134994/mock_output.log
  https://kojipkgs.fedoraproject.org/work/tasks/4994/114134994/hw_info.log
  0 free  1 open  1 done  1 failed
114134866 build (f41-build-side-84507, /rpms/jakarta-saaj.git:af98569d9c39302b21d968fb625957f63baee310): open (buildvm-ppc64le-30.iad2.fedoraproject.org) -> FAILED: BuildError: error building package (arch noarch), mock exited with status 1; see build.log or root.log for more information
  0 free  0 open  1 done  2 failed

114134866 build (f41-build-side-84507, /rpms/jakarta-saaj.git:af98569d9c39302b21d968fb625957f63baee310) failed
