Cloning into 'jakarta-activation1'...
[f40 5db6149] Rebuilt for java-21-openjdk as system jdk
 1 file changed, 4 insertions(+), 1 deletion(-)
Found a gating.yaml file in the repo and it is properly configured
Building jakarta-activation1-1.2.2-13.fc40 for f40-build-side-84857
Created task: 114350610
Task info: https://koji.fedoraproject.org/koji/taskinfo?taskID=114350610
Watching tasks (this may be safely interrupted)...
114350610 build (f40-build-side-84857, /rpms/jakarta-activation1.git:5db61491c0df82a0414cdcc3f17751be3dd5c9b4): free
114350610 build (f40-build-side-84857, /rpms/jakarta-activation1.git:5db61491c0df82a0414cdcc3f17751be3dd5c9b4): free -> assigned
114350610 build (f40-build-side-84857, /rpms/jakarta-activation1.git:5db61491c0df82a0414cdcc3f17751be3dd5c9b4): assigned -> open (buildvm-a64-18.iad2.fedoraproject.org)
  114350647 buildSRPMFromSCM (/rpms/jakarta-activation1.git:5db61491c0df82a0414cdcc3f17751be3dd5c9b4): free
  114350647 buildSRPMFromSCM (/rpms/jakarta-activation1.git:5db61491c0df82a0414cdcc3f17751be3dd5c9b4): free -> open (buildvm-a64-31.iad2.fedoraproject.org)
  114350675 buildArch (jakarta-activation1-1.2.2-13.fc40.src.rpm, noarch): free
  114350647 buildSRPMFromSCM (/rpms/jakarta-activation1.git:5db61491c0df82a0414cdcc3f17751be3dd5c9b4): open (buildvm-a64-31.iad2.fedoraproject.org) -> closed
  1 free  1 open  1 done  0 failed
  114350675 buildArch (jakarta-activation1-1.2.2-13.fc40.src.rpm, noarch): free -> assigned
  114350675 buildArch (jakarta-activation1-1.2.2-13.fc40.src.rpm, noarch): assigned -> open (buildvm-a64-04.iad2.fedoraproject.org)
  114350675 buildArch (jakarta-activation1-1.2.2-13.fc40.src.rpm, noarch): open (buildvm-a64-04.iad2.fedoraproject.org) -> closed
  0 free  1 open  2 done  0 failed
  114350708 tagBuild (noarch): assigned
  114350708 tagBuild (noarch): assigned -> closed
  0 free  1 open  3 done  0 failed
114350610 build (f40-build-side-84857, /rpms/jakarta-activation1.git:5db61491c0df82a0414cdcc3f17751be3dd5c9b4): open (buildvm-a64-18.iad2.fedoraproject.org) -> closed
  0 free  0 open  4 done  0 failed

114350610 build (f40-build-side-84857, /rpms/jakarta-activation1.git:5db61491c0df82a0414cdcc3f17751be3dd5c9b4) completed successfully
