Cloning into 'jakarta-json'...
@@@@@@@@@@@@@@@@@@@@@@@@@@@@@@@@@@@@@@@@@@@@@@@@@@@@@@@@@@@
@    WARNING: REMOTE HOST IDENTIFICATION HAS CHANGED!     @
@@@@@@@@@@@@@@@@@@@@@@@@@@@@@@@@@@@@@@@@@@@@@@@@@@@@@@@@@@@
IT IS POSSIBLE THAT SOMEONE IS DOING SOMETHING NASTY!
Someone could be eavesdropping on you right now (man-in-the-middle attack)!
It is also possible that a host key has just been changed.
The fingerprint for the RSA key sent by the remote host is
SHA256:dJN0nFWBcWK7SFs2k0nnsO+XNA9+aEDY4FWO7uhxTN8.
Please contact your system administrator.
Add correct host key in /home/jvanek/.ssh/known_hosts to get rid of this message.
Offending RSA key in /home/jvanek/.ssh/known_hosts:2
Password authentication is disabled to avoid man-in-the-middle attacks.
Keyboard-interactive authentication is disabled to avoid man-in-the-middle attacks.
UpdateHostkeys is disabled because the host key is not trusted.
[rawhide 8ca7f55] Rebuilt for java-25-openjdk as preffered jdk
 1 file changed, 5 insertions(+), 2 deletions(-)
Building jakarta-json-2.1.3-8.fc43 for rawhide
Created task: 135451011
Task info: https://koji.fedoraproject.org/koji/taskinfo?taskID=135451011
Watching tasks (this may be safely interrupted)...
135451011 build (rawhide, /rpms/jakarta-json.git:8ca7f555628a235d706b56f3b23a956a6b3cbe11): free
135451011 build (rawhide, /rpms/jakarta-json.git:8ca7f555628a235d706b56f3b23a956a6b3cbe11): free -> assigned (buildvm-ppc64le-17.rdu3.fedoraproject.org)
135451011 build (rawhide, /rpms/jakarta-json.git:8ca7f555628a235d706b56f3b23a956a6b3cbe11): assigned (buildvm-ppc64le-17.rdu3.fedoraproject.org) -> open (buildvm-ppc64le-17.rdu3.fedoraproject.org)
  135451025 buildSRPMFromSCM (/rpms/jakarta-json.git:8ca7f555628a235d706b56f3b23a956a6b3cbe11): free
  135451025 buildSRPMFromSCM (/rpms/jakarta-json.git:8ca7f555628a235d706b56f3b23a956a6b3cbe11): free -> assigned (buildvm-a64-47.rdu3.fedoraproject.org)
  135451025 buildSRPMFromSCM (/rpms/jakarta-json.git:8ca7f555628a235d706b56f3b23a956a6b3cbe11): assigned (buildvm-a64-47.rdu3.fedoraproject.org) -> open (buildvm-a64-47.rdu3.fedoraproject.org)
  135451025 buildSRPMFromSCM (/rpms/jakarta-json.git:8ca7f555628a235d706b56f3b23a956a6b3cbe11): open (buildvm-a64-47.rdu3.fedoraproject.org) -> closed
  0 free  1 open  1 done  0 failed
  135451059 buildArch (jakarta-json-2.1.3-8.fc43.src.rpm, noarch): free
  135451059 buildArch (jakarta-json-2.1.3-8.fc43.src.rpm, noarch): free -> open (buildvm-s390x-03.s390.fedoraproject.org)
  135451059 buildArch (jakarta-json-2.1.3-8.fc43.src.rpm, noarch): open (buildvm-s390x-03.s390.fedoraproject.org) -> closed
  0 free  1 open  2 done  0 failed
  135454518 tagBuild (noarch): free
  135454518 tagBuild (noarch): free -> closed
  0 free  1 open  3 done  0 failed
135451011 build (rawhide, /rpms/jakarta-json.git:8ca7f555628a235d706b56f3b23a956a6b3cbe11): open (buildvm-ppc64le-17.rdu3.fedoraproject.org) -> closed
  0 free  0 open  4 done  0 failed

135451011 build (rawhide, /rpms/jakarta-json.git:8ca7f555628a235d706b56f3b23a956a6b3cbe11) completed successfully
