Cloning into 'jakarta-mail1'...
@@@@@@@@@@@@@@@@@@@@@@@@@@@@@@@@@@@@@@@@@@@@@@@@@@@@@@@@@@@
@    WARNING: REMOTE HOST IDENTIFICATION HAS CHANGED!     @
@@@@@@@@@@@@@@@@@@@@@@@@@@@@@@@@@@@@@@@@@@@@@@@@@@@@@@@@@@@
IT IS POSSIBLE THAT SOMEONE IS DOING SOMETHING NASTY!
Someone could be eavesdropping on you right now (man-in-the-middle attack)!
It is also possible that a host key has just been changed.
The fingerprint for the RSA key sent by the remote host is
SHA256:dJN0nFWBcWK7SFs2k0nnsO+XNA9+aEDY4FWO7uhxTN8.
Please contact your system administrator.
Add correct host key in /home/jvanek/.ssh/known_hosts to get rid of this message.
Offending RSA key in /home/jvanek/.ssh/known_hosts:2
Password authentication is disabled to avoid man-in-the-middle attacks.
Keyboard-interactive authentication is disabled to avoid man-in-the-middle attacks.
UpdateHostkeys is disabled because the host key is not trusted.
[rawhide 8ee0a79] Rebuilt for java-25-openjdk as preffered jdk
 1 file changed, 5 insertions(+), 2 deletions(-)
Building jakarta-mail1-1.6.7-8.fc43 for rawhide
Created task: 135451029
Task info: https://koji.fedoraproject.org/koji/taskinfo?taskID=135451029
Watching tasks (this may be safely interrupted)...
135451029 build (rawhide, /rpms/jakarta-mail1.git:8ee0a79b5064bfc99abf8fd9c19aa80834b7df9c): free
135451029 build (rawhide, /rpms/jakarta-mail1.git:8ee0a79b5064bfc99abf8fd9c19aa80834b7df9c): free -> assigned (buildvm-ppc64le-28.rdu3.fedoraproject.org)
135451029 build (rawhide, /rpms/jakarta-mail1.git:8ee0a79b5064bfc99abf8fd9c19aa80834b7df9c): assigned (buildvm-ppc64le-28.rdu3.fedoraproject.org) -> open (buildvm-ppc64le-28.rdu3.fedoraproject.org)
  135451036 buildSRPMFromSCM (/rpms/jakarta-mail1.git:8ee0a79b5064bfc99abf8fd9c19aa80834b7df9c): free
  135451036 buildSRPMFromSCM (/rpms/jakarta-mail1.git:8ee0a79b5064bfc99abf8fd9c19aa80834b7df9c): free -> assigned (buildvm-x86-10.rdu3.fedoraproject.org)
  135451036 buildSRPMFromSCM (/rpms/jakarta-mail1.git:8ee0a79b5064bfc99abf8fd9c19aa80834b7df9c): assigned (buildvm-x86-10.rdu3.fedoraproject.org) -> open (buildvm-x86-10.rdu3.fedoraproject.org)
  135451036 buildSRPMFromSCM (/rpms/jakarta-mail1.git:8ee0a79b5064bfc99abf8fd9c19aa80834b7df9c): open (buildvm-x86-10.rdu3.fedoraproject.org) -> closed
  0 free  1 open  1 done  0 failed
  135451067 buildArch (jakarta-mail1-1.6.7-8.fc43.src.rpm, noarch): free
  135451067 buildArch (jakarta-mail1-1.6.7-8.fc43.src.rpm, noarch): free -> open (buildvm-a64-24.rdu3.fedoraproject.org)
  135451142 tagBuild (noarch): free
  135451067 buildArch (jakarta-mail1-1.6.7-8.fc43.src.rpm, noarch): open (buildvm-a64-24.rdu3.fedoraproject.org) -> closed
  1 free  1 open  2 done  0 failed
  135451142 tagBuild (noarch): free -> assigned (buildvm-ppc64le-26.rdu3.fedoraproject.org)
  135451142 tagBuild (noarch): assigned (buildvm-ppc64le-26.rdu3.fedoraproject.org) -> closed
  0 free  1 open  3 done  0 failed
135451029 build (rawhide, /rpms/jakarta-mail1.git:8ee0a79b5064bfc99abf8fd9c19aa80834b7df9c): open (buildvm-ppc64le-28.rdu3.fedoraproject.org) -> closed
  0 free  0 open  4 done  0 failed

135451029 build (rawhide, /rpms/jakarta-mail1.git:8ee0a79b5064bfc99abf8fd9c19aa80834b7df9c) completed successfully
