Cloning into 'jakarta-el'...
[rawhide 0264f59] Rebuilt for java-21-openjdk as system jdk
 1 file changed, 4 insertions(+), 1 deletion(-)
Building jakarta-el-4.0.0-14.fc41 for f41-build-side-84507
Created task: 114134596
Task info: https://koji.fedoraproject.org/koji/taskinfo?taskID=114134596
Watching tasks (this may be safely interrupted)...
114134596 build (f41-build-side-84507, /rpms/jakarta-el.git:0264f59944a0ec894ab1b83c67dfee74fd9d14c7): free
114134596 build (f41-build-side-84507, /rpms/jakarta-el.git:0264f59944a0ec894ab1b83c67dfee74fd9d14c7): free -> open (buildhw-x86-06.iad2.fedoraproject.org)
  114134754 buildSRPMFromSCM (/rpms/jakarta-el.git:0264f59944a0ec894ab1b83c67dfee74fd9d14c7): free
  114134754 buildSRPMFromSCM (/rpms/jakarta-el.git:0264f59944a0ec894ab1b83c67dfee74fd9d14c7): free -> assigned
  114134754 buildSRPMFromSCM (/rpms/jakarta-el.git:0264f59944a0ec894ab1b83c67dfee74fd9d14c7): assigned -> open (buildvm-a64-25.iad2.fedoraproject.org)
  114134754 buildSRPMFromSCM (/rpms/jakarta-el.git:0264f59944a0ec894ab1b83c67dfee74fd9d14c7): open (buildvm-a64-25.iad2.fedoraproject.org) -> closed
  0 free  1 open  1 done  0 failed
  114134883 buildArch (jakarta-el-4.0.0-14.fc41.src.rpm, noarch): free
  114134883 buildArch (jakarta-el-4.0.0-14.fc41.src.rpm, noarch): free -> assigned
  114134883 buildArch (jakarta-el-4.0.0-14.fc41.src.rpm, noarch): assigned -> open (buildhw-x86-04.iad2.fedoraproject.org)
  114134883 buildArch (jakarta-el-4.0.0-14.fc41.src.rpm, noarch): open (buildhw-x86-04.iad2.fedoraproject.org) -> closed
  0 free  1 open  2 done  0 failed
  114134988 tagBuild (noarch): free
  114134988 tagBuild (noarch): free -> assigned
114134596 build (f41-build-side-84507, /rpms/jakarta-el.git:0264f59944a0ec894ab1b83c67dfee74fd9d14c7): open (buildhw-x86-06.iad2.fedoraproject.org) -> closed
  0 free  1 open  3 done  0 failed
  114134988 tagBuild (noarch): assigned -> closed
  0 free  0 open  4 done  0 failed

114134596 build (f41-build-side-84507, /rpms/jakarta-el.git:0264f59944a0ec894ab1b83c67dfee74fd9d14c7) completed successfully
