Cloning into 'jakarta-xml-ws'...
[f40 f0ea73c] Rebuilt for java-21-openjdk as system jdk
 1 file changed, 4 insertions(+), 1 deletion(-)
Building jakarta-xml-ws-4.0.0-6.fc40 for f40-build-side-84857
Created task: 114350772
Task info: https://koji.fedoraproject.org/koji/taskinfo?taskID=114350772
Watching tasks (this may be safely interrupted)...
114350772 build (f40-build-side-84857, /rpms/jakarta-xml-ws.git:f0ea73c5a42fb3ac05f663d4a1f56479dae18674): free
114350772 build (f40-build-side-84857, /rpms/jakarta-xml-ws.git:f0ea73c5a42fb3ac05f663d4a1f56479dae18674): free -> assigned
  114350804 buildSRPMFromSCM (/rpms/jakarta-xml-ws.git:f0ea73c5a42fb3ac05f663d4a1f56479dae18674): free
114350772 build (f40-build-side-84857, /rpms/jakarta-xml-ws.git:f0ea73c5a42fb3ac05f663d4a1f56479dae18674): assigned -> open (buildvm-ppc64le-32.iad2.fedoraproject.org)
  114350804 buildSRPMFromSCM (/rpms/jakarta-xml-ws.git:f0ea73c5a42fb3ac05f663d4a1f56479dae18674): free -> assigned
  114350804 buildSRPMFromSCM (/rpms/jakarta-xml-ws.git:f0ea73c5a42fb3ac05f663d4a1f56479dae18674): assigned -> open (buildvm-a64-24.iad2.fedoraproject.org)
  114350804 buildSRPMFromSCM (/rpms/jakarta-xml-ws.git:f0ea73c5a42fb3ac05f663d4a1f56479dae18674): open (buildvm-a64-24.iad2.fedoraproject.org) -> closed
  0 free  1 open  1 done  0 failed
  114350951 buildArch (jakarta-xml-ws-4.0.0-6.fc40.src.rpm, noarch): free
  114350951 buildArch (jakarta-xml-ws-4.0.0-6.fc40.src.rpm, noarch): free -> assigned
  114350951 buildArch (jakarta-xml-ws-4.0.0-6.fc40.src.rpm, noarch): assigned -> open (buildhw-x86-16.iad2.fedoraproject.org)
  114351150 tagBuild (noarch): free
  114350951 buildArch (jakarta-xml-ws-4.0.0-6.fc40.src.rpm, noarch): open (buildhw-x86-16.iad2.fedoraproject.org) -> closed
  1 free  1 open  2 done  0 failed
  114351150 tagBuild (noarch): free -> open (buildvm-s390x-04.s390.fedoraproject.org)
114350772 build (f40-build-side-84857, /rpms/jakarta-xml-ws.git:f0ea73c5a42fb3ac05f663d4a1f56479dae18674): open (buildvm-ppc64le-32.iad2.fedoraproject.org) -> closed
  0 free  1 open  3 done  0 failed
  114351150 tagBuild (noarch): open (buildvm-s390x-04.s390.fedoraproject.org) -> closed
  0 free  0 open  4 done  0 failed

114350772 build (f40-build-side-84857, /rpms/jakarta-xml-ws.git:f0ea73c5a42fb3ac05f663d4a1f56479dae18674) completed successfully
