Cloning into 'jakarta-server-pages'...
@@@@@@@@@@@@@@@@@@@@@@@@@@@@@@@@@@@@@@@@@@@@@@@@@@@@@@@@@@@
@    WARNING: REMOTE HOST IDENTIFICATION HAS CHANGED!     @
@@@@@@@@@@@@@@@@@@@@@@@@@@@@@@@@@@@@@@@@@@@@@@@@@@@@@@@@@@@
IT IS POSSIBLE THAT SOMEONE IS DOING SOMETHING NASTY!
Someone could be eavesdropping on you right now (man-in-the-middle attack)!
It is also possible that a host key has just been changed.
The fingerprint for the RSA key sent by the remote host is
SHA256:dJN0nFWBcWK7SFs2k0nnsO+XNA9+aEDY4FWO7uhxTN8.
Please contact your system administrator.
Add correct host key in /home/jvanek/.ssh/known_hosts to get rid of this message.
Offending RSA key in /home/jvanek/.ssh/known_hosts:2
Password authentication is disabled to avoid man-in-the-middle attacks.
Keyboard-interactive authentication is disabled to avoid man-in-the-middle attacks.
UpdateHostkeys is disabled because the host key is not trusted.
[rawhide 882b89e] Rebuilt for java-25-openjdk as preffered jdk
 1 file changed, 5 insertions(+), 2 deletions(-)
Building jakarta-server-pages-2.3.6-20.fc43 for rawhide
Created task: 135451061
Task info: https://koji.fedoraproject.org/koji/taskinfo?taskID=135451061
Watching tasks (this may be safely interrupted)...
135451061 build (rawhide, /rpms/jakarta-server-pages.git:882b89ed27c4bcf42a5f0fd36714a960e0e09f12): free
135451061 build (rawhide, /rpms/jakarta-server-pages.git:882b89ed27c4bcf42a5f0fd36714a960e0e09f12): free -> assigned (buildvm-a64-24.rdu3.fedoraproject.org)
135451061 build (rawhide, /rpms/jakarta-server-pages.git:882b89ed27c4bcf42a5f0fd36714a960e0e09f12): assigned (buildvm-a64-24.rdu3.fedoraproject.org) -> open (buildvm-a64-24.rdu3.fedoraproject.org)
  135451072 buildSRPMFromSCM (/rpms/jakarta-server-pages.git:882b89ed27c4bcf42a5f0fd36714a960e0e09f12): free

build (rawhide, /rpms/) completed successfully
