Cloning into 'jakarta-oro'...
@@@@@@@@@@@@@@@@@@@@@@@@@@@@@@@@@@@@@@@@@@@@@@@@@@@@@@@@@@@
@    WARNING: REMOTE HOST IDENTIFICATION HAS CHANGED!     @
@@@@@@@@@@@@@@@@@@@@@@@@@@@@@@@@@@@@@@@@@@@@@@@@@@@@@@@@@@@
IT IS POSSIBLE THAT SOMEONE IS DOING SOMETHING NASTY!
Someone could be eavesdropping on you right now (man-in-the-middle attack)!
It is also possible that a host key has just been changed.
The fingerprint for the RSA key sent by the remote host is
SHA256:dJN0nFWBcWK7SFs2k0nnsO+XNA9+aEDY4FWO7uhxTN8.
Please contact your system administrator.
Add correct host key in /home/jvanek/.ssh/known_hosts to get rid of this message.
Offending RSA key in /home/jvanek/.ssh/known_hosts:2
Password authentication is disabled to avoid man-in-the-middle attacks.
Keyboard-interactive authentication is disabled to avoid man-in-the-middle attacks.
UpdateHostkeys is disabled because the host key is not trusted.
RPMAutoSpec usage detected, not changing the spec file.
[rawhide db2eb1f] Rebuilt for java-25-openjdk as preffered jdk
 1 file changed, 1 insertion(+), 1 deletion(-)
Found a gating.yaml file in the repo and it is properly configured
Building jakarta-oro-2.0.8-57.fc43 for rawhide
Created task: 135451039
Task info: https://koji.fedoraproject.org/koji/taskinfo?taskID=135451039
Watching tasks (this may be safely interrupted)...
135451039 build (rawhide, /rpms/jakarta-oro.git:db2eb1ff87015618f99dd0c6a468aa6c9a097d34): free
135451039 build (rawhide, /rpms/jakarta-oro.git:db2eb1ff87015618f99dd0c6a468aa6c9a097d34): free -> assigned (buildvm-a64-28.rdu3.fedoraproject.org)
135451039 build (rawhide, /rpms/jakarta-oro.git:db2eb1ff87015618f99dd0c6a468aa6c9a097d34): assigned (buildvm-a64-28.rdu3.fedoraproject.org) -> open (buildvm-a64-28.rdu3.fedoraproject.org)
  135451058 buildSRPMFromSCM (/rpms/jakarta-oro.git:db2eb1ff87015618f99dd0c6a468aa6c9a097d34): free

build (rawhide, /rpms/) completed successfully
