Cloning into 'janino'...
RPMAutoSpec usage detected, not changing the spec file.
[rawhide 8883e3c] Rebuilt for java-21-openjdk as system jdk
Building janino-3.1.10-4.fc41 for f41-build-side-84507
Created task: 114134986
Task info: https://koji.fedoraproject.org/koji/taskinfo?taskID=114134986
Watching tasks (this may be safely interrupted)...
114134986 build (f41-build-side-84507, /rpms/janino.git:8883e3ca1d13f481dd545964e77d8d441048c9b2): free
114134986 build (f41-build-side-84507, /rpms/janino.git:8883e3ca1d13f481dd545964e77d8d441048c9b2): free -> assigned
114134986 build (f41-build-side-84507, /rpms/janino.git:8883e3ca1d13f481dd545964e77d8d441048c9b2): assigned -> open (buildvm-x86-15.iad2.fedoraproject.org)
  114134990 buildSRPMFromSCM (/rpms/janino.git:8883e3ca1d13f481dd545964e77d8d441048c9b2): free
  114134990 buildSRPMFromSCM (/rpms/janino.git:8883e3ca1d13f481dd545964e77d8d441048c9b2): free -> open (buildvm-a64-37.iad2.fedoraproject.org)
  114134990 buildSRPMFromSCM (/rpms/janino.git:8883e3ca1d13f481dd545964e77d8d441048c9b2): open (buildvm-a64-37.iad2.fedoraproject.org) -> closed
  0 free  1 open  1 done  0 failed
  114135031 buildArch (janino-3.1.10-4.fc41.src.rpm, noarch): free
  114135031 buildArch (janino-3.1.10-4.fc41.src.rpm, noarch): free -> assigned
  114135031 buildArch (janino-3.1.10-4.fc41.src.rpm, noarch): assigned -> open (buildvm-a64-14.iad2.fedoraproject.org)
  114135031 buildArch (janino-3.1.10-4.fc41.src.rpm, noarch): open (buildvm-a64-14.iad2.fedoraproject.org) -> FAILED: BuildError: error building package (arch noarch), mock exited with status 1; see build.log or root.log for more information
  Relevant logs:
  https://kojipkgs.fedoraproject.org/work/tasks/5031/114135031/state.log
  https://kojipkgs.fedoraproject.org/work/tasks/5031/114135031/build.log
  https://kojipkgs.fedoraproject.org/work/tasks/5031/114135031/root.log
  https://kojipkgs.fedoraproject.org/work/tasks/5031/114135031/mock_output.log
  https://kojipkgs.fedoraproject.org/work/tasks/5031/114135031/hw_info.log
  0 free  1 open  1 done  1 failed
114134986 build (f41-build-side-84507, /rpms/janino.git:8883e3ca1d13f481dd545964e77d8d441048c9b2): open (buildvm-x86-15.iad2.fedoraproject.org) -> FAILED: BuildError: error building package (arch noarch), mock exited with status 1; see build.log or root.log for more information
  0 free  0 open  1 done  2 failed

114134986 build (f41-build-side-84507, /rpms/janino.git:8883e3ca1d13f481dd545964e77d8d441048c9b2) failed
