Cloning into 'jansi'...
@@@@@@@@@@@@@@@@@@@@@@@@@@@@@@@@@@@@@@@@@@@@@@@@@@@@@@@@@@@
@    WARNING: REMOTE HOST IDENTIFICATION HAS CHANGED!     @
@@@@@@@@@@@@@@@@@@@@@@@@@@@@@@@@@@@@@@@@@@@@@@@@@@@@@@@@@@@
IT IS POSSIBLE THAT SOMEONE IS DOING SOMETHING NASTY!
Someone could be eavesdropping on you right now (man-in-the-middle attack)!
It is also possible that a host key has just been changed.
The fingerprint for the RSA key sent by the remote host is
SHA256:dJN0nFWBcWK7SFs2k0nnsO+XNA9+aEDY4FWO7uhxTN8.
Please contact your system administrator.
Add correct host key in /home/jvanek/.ssh/known_hosts to get rid of this message.
Offending RSA key in /home/jvanek/.ssh/known_hosts:2
Password authentication is disabled to avoid man-in-the-middle attacks.
Keyboard-interactive authentication is disabled to avoid man-in-the-middle attacks.
UpdateHostkeys is disabled because the host key is not trusted.
RPMAutoSpec usage detected, not changing the spec file.
[rawhide 121c35e] Rebuilt for java-25-openjdk as preffered jdk
Found a gating.yaml file in the repo and it is properly configured
Building jansi-2.4.1-20.fc43 for rawhide
Created task: 135451108
Task info: https://koji.fedoraproject.org/koji/taskinfo?taskID=135451108
Watching tasks (this may be safely interrupted)...
135451108 build (rawhide, /rpms/jansi.git:121c35e67e93f6efd1118b45f7759dd59d529a6a): free
135451108 build (rawhide, /rpms/jansi.git:121c35e67e93f6efd1118b45f7759dd59d529a6a): free -> assigned (buildvm-ppc64le-16.rdu3.fedoraproject.org)
135451108 build (rawhide, /rpms/jansi.git:121c35e67e93f6efd1118b45f7759dd59d529a6a): assigned (buildvm-ppc64le-16.rdu3.fedoraproject.org) -> open (buildvm-ppc64le-16.rdu3.fedoraproject.org)
  135451113 buildSRPMFromSCM (/rpms/jansi.git:121c35e67e93f6efd1118b45f7759dd59d529a6a): free
  135451113 buildSRPMFromSCM (/rpms/jansi.git:121c35e67e93f6efd1118b45f7759dd59d529a6a): free -> assigned (buildvm-ppc64le-31.rdu3.fedoraproject.org)
  135451113 buildSRPMFromSCM (/rpms/jansi.git:121c35e67e93f6efd1118b45f7759dd59d529a6a): assigned (buildvm-ppc64le-31.rdu3.fedoraproject.org) -> open (buildvm-ppc64le-31.rdu3.fedoraproject.org)
  135451113 buildSRPMFromSCM (/rpms/jansi.git:121c35e67e93f6efd1118b45f7759dd59d529a6a): open (buildvm-ppc64le-31.rdu3.fedoraproject.org) -> closed
  0 free  1 open  1 done  0 failed
  135451194 buildArch (jansi-2.4.1-20.fc43.src.rpm, x86_64): free
  135451195 buildArch (jansi-2.4.1-20.fc43.src.rpm, aarch64): free
  135451197 buildArch (jansi-2.4.1-20.fc43.src.rpm, s390x): free
  135451196 buildArch (jansi-2.4.1-20.fc43.src.rpm, ppc64le): free
  135451194 buildArch (jansi-2.4.1-20.fc43.src.rpm, x86_64): free -> assigned (buildvm-x86-10.rdu3.fedoraproject.org)
  135451195 buildArch (jansi-2.4.1-20.fc43.src.rpm, aarch64): free -> assigned (buildvm-a64-34.rdu3.fedoraproject.org)
  135451196 buildArch (jansi-2.4.1-20.fc43.src.rpm, ppc64le): free -> open (buildvm-ppc64le-30.rdu3.fedoraproject.org)
  135451195 buildArch (jansi-2.4.1-20.fc43.src.rpm, aarch64): assigned (buildvm-a64-34.rdu3.fedoraproject.org) -> open (buildvm-a64-34.rdu3.fedoraproject.org)
  135451194 buildArch (jansi-2.4.1-20.fc43.src.rpm, x86_64): assigned (buildvm-x86-10.rdu3.fedoraproject.org) -> open (buildvm-x86-10.rdu3.fedoraproject.org)
  135451194 buildArch (jansi-2.4.1-20.fc43.src.rpm, x86_64): open (buildvm-x86-10.rdu3.fedoraproject.org) -> closed
  1 free  3 open  2 done  0 failed
  135451195 buildArch (jansi-2.4.1-20.fc43.src.rpm, aarch64): open (buildvm-a64-34.rdu3.fedoraproject.org) -> closed
  1 free  2 open  3 done  0 failed
  135451196 buildArch (jansi-2.4.1-20.fc43.src.rpm, ppc64le): open (buildvm-ppc64le-30.rdu3.fedoraproject.org) -> closed
  1 free  1 open  4 done  0 failed
  135451197 buildArch (jansi-2.4.1-20.fc43.src.rpm, s390x): free -> assigned (buildvm-s390x-05.s390.fedoraproject.org)
  135451197 buildArch (jansi-2.4.1-20.fc43.src.rpm, s390x): assigned (buildvm-s390x-05.s390.fedoraproject.org) -> open (buildvm-s390x-05.s390.fedoraproject.org)
  135451197 buildArch (jansi-2.4.1-20.fc43.src.rpm, s390x): open (buildvm-s390x-05.s390.fedoraproject.org) -> closed
  0 free  1 open  5 done  0 failed
  135454632 tagBuild (noarch): free
  135454632 tagBuild (noarch): free -> assigned (buildvm-ppc64le-09.rdu3.fedoraproject.org)
135451108 build (rawhide, /rpms/jansi.git:121c35e67e93f6efd1118b45f7759dd59d529a6a): open (buildvm-ppc64le-16.rdu3.fedoraproject.org) -> closed
  0 free  1 open  6 done  0 failed
  135454632 tagBuild (noarch): assigned (buildvm-ppc64le-09.rdu3.fedoraproject.org) -> closed
  0 free  0 open  7 done  0 failed

135451108 build (rawhide, /rpms/jansi.git:121c35e67e93f6efd1118b45f7759dd59d529a6a) completed successfully
