Cloning into 'jansi-native'...
[rawhide 02a6441] Rebuilt for java-21-openjdk as system jdk
 1 file changed, 4 insertions(+), 1 deletion(-)
Building jansi-native-1.8-18.fc41 for f41-build-side-84507
Created task: 114135023
Task info: https://koji.fedoraproject.org/koji/taskinfo?taskID=114135023
Watching tasks (this may be safely interrupted)...
114135023 build (f41-build-side-84507, /rpms/jansi-native.git:02a6441b55e3e5b2f4cea066dea69707ed274182): free
114135023 build (f41-build-side-84507, /rpms/jansi-native.git:02a6441b55e3e5b2f4cea066dea69707ed274182): free -> assigned
114135023 build (f41-build-side-84507, /rpms/jansi-native.git:02a6441b55e3e5b2f4cea066dea69707ed274182): assigned -> open (buildvm-a64-16.iad2.fedoraproject.org)
  114135032 buildSRPMFromSCM (/rpms/jansi-native.git:02a6441b55e3e5b2f4cea066dea69707ed274182): free
  114135032 buildSRPMFromSCM (/rpms/jansi-native.git:02a6441b55e3e5b2f4cea066dea69707ed274182): free -> open (buildvm-x86-24.iad2.fedoraproject.org)
  114135032 buildSRPMFromSCM (/rpms/jansi-native.git:02a6441b55e3e5b2f4cea066dea69707ed274182): open (buildvm-x86-24.iad2.fedoraproject.org) -> closed
  0 free  1 open  1 done  0 failed
  114135074 buildArch (jansi-native-1.8-18.fc41.src.rpm, aarch64): free
  114135075 buildArch (jansi-native-1.8-18.fc41.src.rpm, ppc64le): free
  114135073 buildArch (jansi-native-1.8-18.fc41.src.rpm, x86_64): free
  114135076 buildArch (jansi-native-1.8-18.fc41.src.rpm, s390x): free
  114135074 buildArch (jansi-native-1.8-18.fc41.src.rpm, aarch64): free -> assigned
  114135075 buildArch (jansi-native-1.8-18.fc41.src.rpm, ppc64le): free -> assigned
  114135073 buildArch (jansi-native-1.8-18.fc41.src.rpm, x86_64): free -> assigned
  114135076 buildArch (jansi-native-1.8-18.fc41.src.rpm, s390x): free -> assigned
  114135073 buildArch (jansi-native-1.8-18.fc41.src.rpm, x86_64): assigned -> open (buildhw-x86-02.iad2.fedoraproject.org)
  114135076 buildArch (jansi-native-1.8-18.fc41.src.rpm, s390x): assigned -> open (buildvm-s390x-02.s390.fedoraproject.org)
  114135074 buildArch (jansi-native-1.8-18.fc41.src.rpm, aarch64): assigned -> open (buildvm-a64-10.iad2.fedoraproject.org)
  114135075 buildArch (jansi-native-1.8-18.fc41.src.rpm, ppc64le): assigned -> open (buildvm-ppc64le-21.iad2.fedoraproject.org)
  114135073 buildArch (jansi-native-1.8-18.fc41.src.rpm, x86_64): open (buildhw-x86-02.iad2.fedoraproject.org) -> closed
  0 free  4 open  2 done  0 failed
  114135074 buildArch (jansi-native-1.8-18.fc41.src.rpm, aarch64): open (buildvm-a64-10.iad2.fedoraproject.org) -> closed
  0 free  3 open  3 done  0 failed
  114135076 buildArch (jansi-native-1.8-18.fc41.src.rpm, s390x): open (buildvm-s390x-02.s390.fedoraproject.org) -> closed
  0 free  2 open  4 done  0 failed
  114135075 buildArch (jansi-native-1.8-18.fc41.src.rpm, ppc64le): open (buildvm-ppc64le-21.iad2.fedoraproject.org) -> closed
  0 free  1 open  5 done  0 failed
  114135395 tagBuild (noarch): free
  114135395 tagBuild (noarch): free -> assigned
  114135395 tagBuild (noarch): assigned -> closed
  0 free  1 open  6 done  0 failed
114135023 build (f41-build-side-84507, /rpms/jansi-native.git:02a6441b55e3e5b2f4cea066dea69707ed274182): open (buildvm-a64-16.iad2.fedoraproject.org) -> closed
  0 free  0 open  7 done  0 failed

114135023 build (f41-build-side-84507, /rpms/jansi-native.git:02a6441b55e3e5b2f4cea066dea69707ed274182) completed successfully
