Cloning into 'jansi1'...
[rawhide f0a5a3f] Rebuilt for java-17-openjdk as system jdk
 1 file changed, 4 insertions(+), 1 deletion(-)
Building jansi1-1.18-11.fc36 for f36-java17
Created task: 82427761
Task info: https://koji.fedoraproject.org/koji/taskinfo?taskID=82427761
Watching tasks (this may be safely interrupted)...
82427761 build (f36-java17, /rpms/jansi1.git:f0a5a3fa39ec44e20c3ef434b348d725c0cc5793): free
82427761 build (f36-java17, /rpms/jansi1.git:f0a5a3fa39ec44e20c3ef434b348d725c0cc5793): free -> open (buildvm-x86-16.iad2.fedoraproject.org)
  82427782 buildSRPMFromSCM (/rpms/jansi1.git:f0a5a3fa39ec44e20c3ef434b348d725c0cc5793): free
  82427782 buildSRPMFromSCM (/rpms/jansi1.git:f0a5a3fa39ec44e20c3ef434b348d725c0cc5793): free -> open (buildvm-ppc64le-30.iad2.fedoraproject.org)
  82427782 buildSRPMFromSCM (/rpms/jansi1.git:f0a5a3fa39ec44e20c3ef434b348d725c0cc5793): open (buildvm-ppc64le-30.iad2.fedoraproject.org) -> closed
  0 free  1 open  1 done  0 failed
  82428086 buildArch (jansi1-1.18-11.fc36.src.rpm, noarch): free
  82428086 buildArch (jansi1-1.18-11.fc36.src.rpm, noarch): free -> open (buildvm-a32-28.iad2.fedoraproject.org)
  82428086 buildArch (jansi1-1.18-11.fc36.src.rpm, noarch): open (buildvm-a32-28.iad2.fedoraproject.org) -> closed
  0 free  1 open  2 done  0 failed
  82428241 tagBuild (noarch): free
  82428241 tagBuild (noarch): free -> closed
  0 free  1 open  3 done  0 failed
82427761 build (f36-java17, /rpms/jansi1.git:f0a5a3fa39ec44e20c3ef434b348d725c0cc5793): open (buildvm-x86-16.iad2.fedoraproject.org) -> closed
  0 free  0 open  4 done  0 failed

82427761 build (f36-java17, /rpms/jansi1.git:f0a5a3fa39ec44e20c3ef434b348d725c0cc5793) completed successfully
