Cloning into 'jargs'...
[rawhide 949fc3f] Rebuilt for java-17-openjdk as system jdk
 1 file changed, 4 insertions(+), 1 deletion(-)
Building jargs-1.0-32.fc36 for f36-java17
Created task: 82427878
Task info: https://koji.fedoraproject.org/koji/taskinfo?taskID=82427878
Watching tasks (this may be safely interrupted)...
82427878 build (f36-java17, /rpms/jargs.git:949fc3f4c1f1c4366486e02da4789ec8bc316c1f): free
82427878 build (f36-java17, /rpms/jargs.git:949fc3f4c1f1c4366486e02da4789ec8bc316c1f): free -> open (buildvm-s390x-13.s390.fedoraproject.org)
  82427900 buildSRPMFromSCM (/rpms/jargs.git:949fc3f4c1f1c4366486e02da4789ec8bc316c1f): free
  82427900 buildSRPMFromSCM (/rpms/jargs.git:949fc3f4c1f1c4366486e02da4789ec8bc316c1f): free -> open (buildvm-ppc64le-33.iad2.fedoraproject.org)
  82427900 buildSRPMFromSCM (/rpms/jargs.git:949fc3f4c1f1c4366486e02da4789ec8bc316c1f): open (buildvm-ppc64le-33.iad2.fedoraproject.org) -> closed
  0 free  1 open  1 done  0 failed
  82428118 buildArch (jargs-1.0-32.fc36.src.rpm, noarch): free
  82428118 buildArch (jargs-1.0-32.fc36.src.rpm, noarch): free -> open (buildvm-s390x-09.s390.fedoraproject.org)
  82428118 buildArch (jargs-1.0-32.fc36.src.rpm, noarch): open (buildvm-s390x-09.s390.fedoraproject.org) -> FAILED: BuildError: error building package (arch noarch), mock exited with status 1; see build.log or root.log for more information
  Relevant logs:
  https://kojipkgs.fedoraproject.org/work/tasks/8118/82428118/mock_output.log
  https://kojipkgs.fedoraproject.org/work/tasks/8118/82428118/hw_info.log
  https://kojipkgs.fedoraproject.org/work/tasks/8118/82428118/state.log
  https://kojipkgs.fedoraproject.org/work/tasks/8118/82428118/build.log
  https://kojipkgs.fedoraproject.org/work/tasks/8118/82428118/root.log
  0 free  1 open  1 done  1 failed
82427878 build (f36-java17, /rpms/jargs.git:949fc3f4c1f1c4366486e02da4789ec8bc316c1f): open (buildvm-s390x-13.s390.fedoraproject.org) -> FAILED: BuildError: error building package (arch noarch), mock exited with status 1; see build.log or root.log for more information
  0 free  0 open  1 done  2 failed

82427878 build (f36-java17, /rpms/jargs.git:949fc3f4c1f1c4366486e02da4789ec8bc316c1f) failed
