Cloning into 'javacc-maven-plugin'...
[rawhide fe25bd5] Rebuilt for java-17-openjdk as system jdk
 1 file changed, 4 insertions(+), 1 deletion(-)
Building javacc-maven-plugin-2.6-35.fc36 for f36-java17
Created task: 82427934
Task info: https://koji.fedoraproject.org/koji/taskinfo?taskID=82427934
Watching tasks (this may be safely interrupted)...
82427934 build (f36-java17, /rpms/javacc-maven-plugin.git:fe25bd55784c7ce831961620d4bf846e75c0ce6e): free
82427934 build (f36-java17, /rpms/javacc-maven-plugin.git:fe25bd55784c7ce831961620d4bf846e75c0ce6e): free -> open (buildvm-s390x-34.s390.fedoraproject.org)
  82427939 buildSRPMFromSCM (/rpms/javacc-maven-plugin.git:fe25bd55784c7ce831961620d4bf846e75c0ce6e): free
  82427939 buildSRPMFromSCM (/rpms/javacc-maven-plugin.git:fe25bd55784c7ce831961620d4bf846e75c0ce6e): free -> open (buildvm-ppc64le-28.iad2.fedoraproject.org)
  82427939 buildSRPMFromSCM (/rpms/javacc-maven-plugin.git:fe25bd55784c7ce831961620d4bf846e75c0ce6e): open (buildvm-ppc64le-28.iad2.fedoraproject.org) -> closed
  0 free  1 open  1 done  0 failed
  82428223 buildArch (javacc-maven-plugin-2.6-35.fc36.src.rpm, noarch): free
  82428223 buildArch (javacc-maven-plugin-2.6-35.fc36.src.rpm, noarch): free -> open (buildvm-ppc64le-08.iad2.fedoraproject.org)
  82428223 buildArch (javacc-maven-plugin-2.6-35.fc36.src.rpm, noarch): open (buildvm-ppc64le-08.iad2.fedoraproject.org) -> closed
  0 free  1 open  2 done  0 failed
  82428371 tagBuild (noarch): closed
82427934 build (f36-java17, /rpms/javacc-maven-plugin.git:fe25bd55784c7ce831961620d4bf846e75c0ce6e): open (buildvm-s390x-34.s390.fedoraproject.org) -> closed
  0 free  0 open  4 done  0 failed

82427934 build (f36-java17, /rpms/javacc-maven-plugin.git:fe25bd55784c7ce831961620d4bf846e75c0ce6e) completed successfully
