Cloning into 'java-diff-utils'...
[f40 fb39092] Rebuilt for java-21-openjdk as system jdk
 1 file changed, 4 insertions(+), 1 deletion(-)
Building java-diff-utils-4.12-7.fc40 for f40-build-side-84857
Created task: 114351344
Task info: https://koji.fedoraproject.org/koji/taskinfo?taskID=114351344
Watching tasks (this may be safely interrupted)...
114351344 build (f40-build-side-84857, /rpms/java-diff-utils.git:fb390921eee0c0bd28d66d81be9007fb1394bc5e): free
114351344 build (f40-build-side-84857, /rpms/java-diff-utils.git:fb390921eee0c0bd28d66d81be9007fb1394bc5e): free -> assigned
114351344 build (f40-build-side-84857, /rpms/java-diff-utils.git:fb390921eee0c0bd28d66d81be9007fb1394bc5e): assigned -> open (buildvm-ppc64le-32.iad2.fedoraproject.org)
  114351369 buildSRPMFromSCM (/rpms/java-diff-utils.git:fb390921eee0c0bd28d66d81be9007fb1394bc5e): free
  114351369 buildSRPMFromSCM (/rpms/java-diff-utils.git:fb390921eee0c0bd28d66d81be9007fb1394bc5e): free -> assigned
  114351369 buildSRPMFromSCM (/rpms/java-diff-utils.git:fb390921eee0c0bd28d66d81be9007fb1394bc5e): assigned -> open (buildvm-a64-04.iad2.fedoraproject.org)
  114351441 buildArch (java-diff-utils-4.12-7.fc40.src.rpm, noarch): free
  114351369 buildSRPMFromSCM (/rpms/java-diff-utils.git:fb390921eee0c0bd28d66d81be9007fb1394bc5e): open (buildvm-a64-04.iad2.fedoraproject.org) -> closed
  1 free  1 open  1 done  0 failed
  114351441 buildArch (java-diff-utils-4.12-7.fc40.src.rpm, noarch): free -> assigned
  114351441 buildArch (java-diff-utils-4.12-7.fc40.src.rpm, noarch): assigned -> open (buildvm-x86-19.iad2.fedoraproject.org)
  114351441 buildArch (java-diff-utils-4.12-7.fc40.src.rpm, noarch): open (buildvm-x86-19.iad2.fedoraproject.org) -> closed
  0 free  1 open  2 done  0 failed
  114351515 tagBuild (noarch): free
  114351515 tagBuild (noarch): free -> closed
  0 free  1 open  3 done  0 failed
114351344 build (f40-build-side-84857, /rpms/java-diff-utils.git:fb390921eee0c0bd28d66d81be9007fb1394bc5e): open (buildvm-ppc64le-32.iad2.fedoraproject.org) -> closed
  0 free  0 open  4 done  0 failed

114351344 build (f40-build-side-84857, /rpms/java-diff-utils.git:fb390921eee0c0bd28d66d81be9007fb1394bc5e) completed successfully
