Cloning into 'java-dirq'...
[rawhide 3cc1f4d] Rebuilt for java-21-openjdk as system jdk
 1 file changed, 4 insertions(+), 1 deletion(-)
warning: %patchN is deprecated (1 usages found), use %patch N (or %patch -P N)

Building java-dirq-1.8-24.fc41 for f41-build-side-84507
Created task: 114135410
Task info: https://koji.fedoraproject.org/koji/taskinfo?taskID=114135410
Watching tasks (this may be safely interrupted)...
114135410 build (f41-build-side-84507, /rpms/java-dirq.git:3cc1f4dea2e1a13a6dcc20579290acd69e96592d): free
114135410 build (f41-build-side-84507, /rpms/java-dirq.git:3cc1f4dea2e1a13a6dcc20579290acd69e96592d): free -> assigned
114135410 build (f41-build-side-84507, /rpms/java-dirq.git:3cc1f4dea2e1a13a6dcc20579290acd69e96592d): assigned -> open (buildhw-x86-07.iad2.fedoraproject.org)
  114135424 buildSRPMFromSCM (/rpms/java-dirq.git:3cc1f4dea2e1a13a6dcc20579290acd69e96592d): free
  114135424 buildSRPMFromSCM (/rpms/java-dirq.git:3cc1f4dea2e1a13a6dcc20579290acd69e96592d): free -> assigned
  114135424 buildSRPMFromSCM (/rpms/java-dirq.git:3cc1f4dea2e1a13a6dcc20579290acd69e96592d): assigned -> open (buildvm-x86-31.iad2.fedoraproject.org)
  114135424 buildSRPMFromSCM (/rpms/java-dirq.git:3cc1f4dea2e1a13a6dcc20579290acd69e96592d): open (buildvm-x86-31.iad2.fedoraproject.org) -> closed
  0 free  1 open  1 done  0 failed
  114135487 buildArch (java-dirq-1.8-24.fc41.src.rpm, noarch): free
  114135487 buildArch (java-dirq-1.8-24.fc41.src.rpm, noarch): free -> assigned
  114135487 buildArch (java-dirq-1.8-24.fc41.src.rpm, noarch): assigned -> open (buildvm-a64-19.iad2.fedoraproject.org)
  114135487 buildArch (java-dirq-1.8-24.fc41.src.rpm, noarch): open (buildvm-a64-19.iad2.fedoraproject.org) -> FAILED: BuildError: error building package (arch noarch), mock exited with status 1; see build.log or root.log for more information
  Relevant logs:
  https://kojipkgs.fedoraproject.org/work/tasks/5487/114135487/state.log
  https://kojipkgs.fedoraproject.org/work/tasks/5487/114135487/build.log
  https://kojipkgs.fedoraproject.org/work/tasks/5487/114135487/root.log
  https://kojipkgs.fedoraproject.org/work/tasks/5487/114135487/mock_output.log
  https://kojipkgs.fedoraproject.org/work/tasks/5487/114135487/hw_info.log
  0 free  1 open  1 done  1 failed
114135410 build (f41-build-side-84507, /rpms/java-dirq.git:3cc1f4dea2e1a13a6dcc20579290acd69e96592d): open (buildhw-x86-07.iad2.fedoraproject.org) -> FAILED: BuildError: error building package (arch noarch), mock exited with status 1; see build.log or root.log for more information
  0 free  0 open  1 done  2 failed

114135410 build (f41-build-side-84507, /rpms/java-dirq.git:3cc1f4dea2e1a13a6dcc20579290acd69e96592d) failed
