Cloning into 'java-packaging-howto'...
@@@@@@@@@@@@@@@@@@@@@@@@@@@@@@@@@@@@@@@@@@@@@@@@@@@@@@@@@@@
@    WARNING: REMOTE HOST IDENTIFICATION HAS CHANGED!     @
@@@@@@@@@@@@@@@@@@@@@@@@@@@@@@@@@@@@@@@@@@@@@@@@@@@@@@@@@@@
IT IS POSSIBLE THAT SOMEONE IS DOING SOMETHING NASTY!
Someone could be eavesdropping on you right now (man-in-the-middle attack)!
It is also possible that a host key has just been changed.
The fingerprint for the RSA key sent by the remote host is
SHA256:dJN0nFWBcWK7SFs2k0nnsO+XNA9+aEDY4FWO7uhxTN8.
Please contact your system administrator.
Add correct host key in /home/jvanek/.ssh/known_hosts to get rid of this message.
Offending RSA key in /home/jvanek/.ssh/known_hosts:2
Password authentication is disabled to avoid man-in-the-middle attacks.
Keyboard-interactive authentication is disabled to avoid man-in-the-middle attacks.
UpdateHostkeys is disabled because the host key is not trusted.
[rawhide 3779941] Rebuilt for java-25-openjdk as preffered jdk
 1 file changed, 5 insertions(+), 2 deletions(-)
Building java-packaging-howto-40.0.1-6.fc43 for rawhide
Created task: 135451403
Task info: https://koji.fedoraproject.org/koji/taskinfo?taskID=135451403
Watching tasks (this may be safely interrupted)...
135451403 build (rawhide, /rpms/java-packaging-howto.git:37799419062fa01659bd81e495e6fdeda5e06e81): free
135451403 build (rawhide, /rpms/java-packaging-howto.git:37799419062fa01659bd81e495e6fdeda5e06e81): free -> assigned (buildvm-ppc64le-08.rdu3.fedoraproject.org)
135451403 build (rawhide, /rpms/java-packaging-howto.git:37799419062fa01659bd81e495e6fdeda5e06e81): assigned (buildvm-ppc64le-08.rdu3.fedoraproject.org) -> open (buildvm-ppc64le-08.rdu3.fedoraproject.org)
  135451418 buildSRPMFromSCM (/rpms/java-packaging-howto.git:37799419062fa01659bd81e495e6fdeda5e06e81): free
  135451418 buildSRPMFromSCM (/rpms/java-packaging-howto.git:37799419062fa01659bd81e495e6fdeda5e06e81): free -> assigned (buildhw-x86-03.rdu3.fedoraproject.org)
  135451418 buildSRPMFromSCM (/rpms/java-packaging-howto.git:37799419062fa01659bd81e495e6fdeda5e06e81): assigned (buildhw-x86-03.rdu3.fedoraproject.org) -> open (buildhw-x86-03.rdu3.fedoraproject.org)
  135451506 buildArch (java-packaging-howto-40.0.1-6.fc43.src.rpm, noarch): free
  135451418 buildSRPMFromSCM (/rpms/java-packaging-howto.git:37799419062fa01659bd81e495e6fdeda5e06e81): open (buildhw-x86-03.rdu3.fedoraproject.org) -> closed
  1 free  1 open  1 done  0 failed
  135451506 buildArch (java-packaging-howto-40.0.1-6.fc43.src.rpm, noarch): free -> open (buildvm-x86-20.rdu3.fedoraproject.org)
  135451506 buildArch (java-packaging-howto-40.0.1-6.fc43.src.rpm, noarch): open (buildvm-x86-20.rdu3.fedoraproject.org) -> closed
  0 free  1 open  2 done  0 failed
  135451524 tagBuild (noarch): free
  135451524 tagBuild (noarch): free -> closed
  0 free  1 open  3 done  0 failed
135451403 build (rawhide, /rpms/java-packaging-howto.git:37799419062fa01659bd81e495e6fdeda5e06e81): open (buildvm-ppc64le-08.rdu3.fedoraproject.org) -> closed
  0 free  0 open  4 done  0 failed

135451403 build (rawhide, /rpms/java-packaging-howto.git:37799419062fa01659bd81e495e6fdeda5e06e81) completed successfully
