Cloning into 'java-11-openjdk'...
[rawhide 67270ca] Rebuilt for java-21-openjdk as system jdk
 1 file changed, 4 insertions(+), 1 deletion(-)
Building java-11-openjdk-11.0.22.0.7-1.fc41.1 for f41-build-side-84507
Created task: 114135034
Task info: https://koji.fedoraproject.org/koji/taskinfo?taskID=114135034
Watching tasks (this may be safely interrupted)...
114135034 build (f41-build-side-84507, /rpms/java-11-openjdk.git:67270ca426607fe0e59713096e973d5cb15df1e4): free
114135034 build (f41-build-side-84507, /rpms/java-11-openjdk.git:67270ca426607fe0e59713096e973d5cb15df1e4): free -> assigned
114135034 build (f41-build-side-84507, /rpms/java-11-openjdk.git:67270ca426607fe0e59713096e973d5cb15df1e4): assigned -> open (buildvm-ppc64le-30.iad2.fedoraproject.org)
  114135042 buildSRPMFromSCM (/rpms/java-11-openjdk.git:67270ca426607fe0e59713096e973d5cb15df1e4): free
  114135042 buildSRPMFromSCM (/rpms/java-11-openjdk.git:67270ca426607fe0e59713096e973d5cb15df1e4): free -> open (buildvm-x86-29.iad2.fedoraproject.org)
  114135042 buildSRPMFromSCM (/rpms/java-11-openjdk.git:67270ca426607fe0e59713096e973d5cb15df1e4): open (buildvm-x86-29.iad2.fedoraproject.org) -> closed
  0 free  1 open  1 done  0 failed
  114135143 buildArch (java-11-openjdk-11.0.22.0.7-1.fc41.1.src.rpm, ppc64le): free
  114135141 buildArch (java-11-openjdk-11.0.22.0.7-1.fc41.1.src.rpm, x86_64): free
  114135142 buildArch (java-11-openjdk-11.0.22.0.7-1.fc41.1.src.rpm, aarch64): free
  114135144 buildArch (java-11-openjdk-11.0.22.0.7-1.fc41.1.src.rpm, s390x): free
  114135142 buildArch (java-11-openjdk-11.0.22.0.7-1.fc41.1.src.rpm, aarch64): free -> assigned
  114135144 buildArch (java-11-openjdk-11.0.22.0.7-1.fc41.1.src.rpm, s390x): free -> assigned
  114135143 buildArch (java-11-openjdk-11.0.22.0.7-1.fc41.1.src.rpm, ppc64le): free -> open (buildvm-ppc64le-04.iad2.fedoraproject.org)
  114135141 buildArch (java-11-openjdk-11.0.22.0.7-1.fc41.1.src.rpm, x86_64): free -> open (buildhw-x86-06.iad2.fedoraproject.org)
  114135144 buildArch (java-11-openjdk-11.0.22.0.7-1.fc41.1.src.rpm, s390x): assigned -> open (buildvm-s390x-04.s390.fedoraproject.org)
  114135142 buildArch (java-11-openjdk-11.0.22.0.7-1.fc41.1.src.rpm, aarch64): assigned -> open (buildhw-a64-23.iad2.fedoraproject.org)
  114135142 buildArch (java-11-openjdk-11.0.22.0.7-1.fc41.1.src.rpm, aarch64): open (buildhw-a64-23.iad2.fedoraproject.org) -> free
  114135142 buildArch (java-11-openjdk-11.0.22.0.7-1.fc41.1.src.rpm, aarch64): free -> assigned
  114135142 buildArch (java-11-openjdk-11.0.22.0.7-1.fc41.1.src.rpm, aarch64): assigned -> open (buildvm-a64-23.iad2.fedoraproject.org)
  114135141 buildArch (java-11-openjdk-11.0.22.0.7-1.fc41.1.src.rpm, x86_64): open (buildhw-x86-06.iad2.fedoraproject.org) -> closed
  0 free  4 open  2 done  0 failed
  114135143 buildArch (java-11-openjdk-11.0.22.0.7-1.fc41.1.src.rpm, ppc64le): open (buildvm-ppc64le-04.iad2.fedoraproject.org) -> closed
  0 free  3 open  3 done  0 failed
  114135142 buildArch (java-11-openjdk-11.0.22.0.7-1.fc41.1.src.rpm, aarch64): open (buildvm-a64-23.iad2.fedoraproject.org) -> closed
  0 free  2 open  4 done  0 failed
  114135144 buildArch (java-11-openjdk-11.0.22.0.7-1.fc41.1.src.rpm, s390x): open (buildvm-s390x-04.s390.fedoraproject.org) -> closed
  0 free  1 open  5 done  0 failed
  114137174 tagBuild (noarch): free
  114137174 tagBuild (noarch): free -> assigned
114135034 build (f41-build-side-84507, /rpms/java-11-openjdk.git:67270ca426607fe0e59713096e973d5cb15df1e4): open (buildvm-ppc64le-30.iad2.fedoraproject.org) -> closed
  0 free  1 open  6 done  0 failed
  114137174 tagBuild (noarch): assigned -> closed
  0 free  0 open  7 done  0 failed

114135034 build (f41-build-side-84507, /rpms/java-11-openjdk.git:67270ca426607fe0e59713096e973d5cb15df1e4) completed successfully
