Cloning into 'java-runtime-decompiler'...
[rawhide 7e758a0] Rebuilt for java-21-openjdk as system jdk
 1 file changed, 4 insertions(+), 1 deletion(-)
warning: %patchN is deprecated (14 usages found), use %patch N (or %patch -P N)

Building java-runtime-decompiler-9.1-4.fc41 for f41-build-side-84507
Created task: 114135515
Task info: https://koji.fedoraproject.org/koji/taskinfo?taskID=114135515
Watching tasks (this may be safely interrupted)...
114135515 build (f41-build-side-84507, /rpms/java-runtime-decompiler.git:7e758a0b3fb18aa54b792e03065b9584975c89c1): free
114135515 build (f41-build-side-84507, /rpms/java-runtime-decompiler.git:7e758a0b3fb18aa54b792e03065b9584975c89c1): free -> assigned
114135515 build (f41-build-side-84507, /rpms/java-runtime-decompiler.git:7e758a0b3fb18aa54b792e03065b9584975c89c1): assigned -> open (buildvm-x86-22.iad2.fedoraproject.org)
  114135533 buildSRPMFromSCM (/rpms/java-runtime-decompiler.git:7e758a0b3fb18aa54b792e03065b9584975c89c1): free
  114135533 buildSRPMFromSCM (/rpms/java-runtime-decompiler.git:7e758a0b3fb18aa54b792e03065b9584975c89c1): free -> assigned
  114135533 buildSRPMFromSCM (/rpms/java-runtime-decompiler.git:7e758a0b3fb18aa54b792e03065b9584975c89c1): assigned -> open (buildvm-a64-16.iad2.fedoraproject.org)
  114135533 buildSRPMFromSCM (/rpms/java-runtime-decompiler.git:7e758a0b3fb18aa54b792e03065b9584975c89c1): open (buildvm-a64-16.iad2.fedoraproject.org) -> closed
  0 free  1 open  1 done  0 failed
  114135623 buildArch (java-runtime-decompiler-9.1-4.fc41.src.rpm, noarch): free
  114135623 buildArch (java-runtime-decompiler-9.1-4.fc41.src.rpm, noarch): free -> assigned
  114135623 buildArch (java-runtime-decompiler-9.1-4.fc41.src.rpm, noarch): assigned -> open (buildvm-x86-24.iad2.fedoraproject.org)
  114135623 buildArch (java-runtime-decompiler-9.1-4.fc41.src.rpm, noarch): open (buildvm-x86-24.iad2.fedoraproject.org) -> FAILED: BuildError: error building package (arch noarch), mock exited with status 1; see build.log or root.log for more information
  Relevant logs:
  https://kojipkgs.fedoraproject.org/work/tasks/5623/114135623/mock_output.log
  https://kojipkgs.fedoraproject.org/work/tasks/5623/114135623/state.log
  https://kojipkgs.fedoraproject.org/work/tasks/5623/114135623/build.log
  https://kojipkgs.fedoraproject.org/work/tasks/5623/114135623/root.log
  https://kojipkgs.fedoraproject.org/work/tasks/5623/114135623/hw_info.log
  0 free  1 open  1 done  1 failed
114135515 build (f41-build-side-84507, /rpms/java-runtime-decompiler.git:7e758a0b3fb18aa54b792e03065b9584975c89c1): open (buildvm-x86-22.iad2.fedoraproject.org) -> FAILED: BuildError: error building package (arch noarch), mock exited with status 1; see build.log or root.log for more information
  0 free  0 open  1 done  2 failed

114135515 build (f41-build-side-84507, /rpms/java-runtime-decompiler.git:7e758a0b3fb18aa54b792e03065b9584975c89c1) failed
