Cloning into 'javapoet'...
[rawhide f3defd2] Rebuilt for java-17-openjdk as system jdk
 1 file changed, 4 insertions(+), 1 deletion(-)
Building javapoet-1.7.0-15.fc36 for f36-java17
Created task: 82428289
Task info: https://koji.fedoraproject.org/koji/taskinfo?taskID=82428289
Watching tasks (this may be safely interrupted)...
82428289 build (f36-java17, /rpms/javapoet.git:f3defd244afc33659eb6a6d7ec5d867b1af307e0): free
82428289 build (f36-java17, /rpms/javapoet.git:f3defd244afc33659eb6a6d7ec5d867b1af307e0): free -> open (buildvm-ppc64le-13.iad2.fedoraproject.org)
  82428307 buildSRPMFromSCM (/rpms/javapoet.git:f3defd244afc33659eb6a6d7ec5d867b1af307e0): free
  82428307 buildSRPMFromSCM (/rpms/javapoet.git:f3defd244afc33659eb6a6d7ec5d867b1af307e0): free -> open (buildvm-ppc64le-33.iad2.fedoraproject.org)
  82428307 buildSRPMFromSCM (/rpms/javapoet.git:f3defd244afc33659eb6a6d7ec5d867b1af307e0): open (buildvm-ppc64le-33.iad2.fedoraproject.org) -> closed
  0 free  1 open  1 done  0 failed
  82428470 buildArch (javapoet-1.7.0-15.fc36.src.rpm, noarch): open (buildvm-ppc64le-24.iad2.fedoraproject.org)
  82428470 buildArch (javapoet-1.7.0-15.fc36.src.rpm, noarch): open (buildvm-ppc64le-24.iad2.fedoraproject.org) -> closed
  0 free  1 open  2 done  0 failed
  82428650 tagBuild (noarch): free
  82428650 tagBuild (noarch): free -> closed
  0 free  1 open  3 done  0 failed
82428289 build (f36-java17, /rpms/javapoet.git:f3defd244afc33659eb6a6d7ec5d867b1af307e0): open (buildvm-ppc64le-13.iad2.fedoraproject.org) -> closed
  0 free  0 open  4 done  0 failed

82428289 build (f36-java17, /rpms/javapoet.git:f3defd244afc33659eb6a6d7ec5d867b1af307e0) completed successfully
