Cloning into 'javadocofflinesearch'...
[rawhide e7452bd] Rebuilt for java-17-openjdk as system jdk
 1 file changed, 4 insertions(+), 1 deletion(-)
warning: bogus date in %changelog: Tue Feb 23 2020 Jiri Vanek <jvanek@redhat.com> - 2.2-11

Building javadocofflinesearch-2.2-17.fc36 for f36-java17
Created task: 82428095
Task info: https://koji.fedoraproject.org/koji/taskinfo?taskID=82428095
Watching tasks (this may be safely interrupted)...
82428095 build (f36-java17, /rpms/javadocofflinesearch.git:e7452bd0a5861240d767bf2c6fc9e4327b2d8860): open (buildvm-s390x-34.s390.fedoraproject.org)
  82428096 buildSRPMFromSCM (/rpms/javadocofflinesearch.git:e7452bd0a5861240d767bf2c6fc9e4327b2d8860): free
  82428096 buildSRPMFromSCM (/rpms/javadocofflinesearch.git:e7452bd0a5861240d767bf2c6fc9e4327b2d8860): free -> open (buildvm-x86-06.iad2.fedoraproject.org)
  82428096 buildSRPMFromSCM (/rpms/javadocofflinesearch.git:e7452bd0a5861240d767bf2c6fc9e4327b2d8860): open (buildvm-x86-06.iad2.fedoraproject.org) -> closed
  0 free  1 open  1 done  0 failed
  82428258 buildArch (javadocofflinesearch-2.2-17.fc36.src.rpm, noarch): free
  82428258 buildArch (javadocofflinesearch-2.2-17.fc36.src.rpm, noarch): free -> open (buildvm-ppc64le-05.iad2.fedoraproject.org)
  82428258 buildArch (javadocofflinesearch-2.2-17.fc36.src.rpm, noarch): open (buildvm-ppc64le-05.iad2.fedoraproject.org) -> FAILED: BuildError: error building package (arch noarch), mock exited with status 30; see root.log for more information
  Relevant logs:
  https://kojipkgs.fedoraproject.org/work/tasks/8258/82428258/mock_output.log
  https://kojipkgs.fedoraproject.org/work/tasks/8258/82428258/hw_info.log
  https://kojipkgs.fedoraproject.org/work/tasks/8258/82428258/state.log
  https://kojipkgs.fedoraproject.org/work/tasks/8258/82428258/build.log
  https://kojipkgs.fedoraproject.org/work/tasks/8258/82428258/root.log
  0 free  1 open  1 done  1 failed
82428095 build (f36-java17, /rpms/javadocofflinesearch.git:e7452bd0a5861240d767bf2c6fc9e4327b2d8860): open (buildvm-s390x-34.s390.fedoraproject.org) -> FAILED: BuildError: error building package (arch noarch), mock exited with status 30; see root.log for more information
  0 free  0 open  1 done  2 failed

82428095 build (f36-java17, /rpms/javadocofflinesearch.git:e7452bd0a5861240d767bf2c6fc9e4327b2d8860) failed
