Cloning into 'java-jd-decompiler'...
[rawhide f0ba37c] Rebuilt for java-21-openjdk as system jdk
 1 file changed, 4 insertions(+), 1 deletion(-)
Building java-jd-decompiler-1.1.3-8.fc41 for f41-build-side-84507
Created task: 114135454
Task info: https://koji.fedoraproject.org/koji/taskinfo?taskID=114135454
Watching tasks (this may be safely interrupted)...
114135454 build (f41-build-side-84507, /rpms/java-jd-decompiler.git:f0ba37ce96dc05c4c71d7ce9dddf3b672deae17b): free
114135454 build (f41-build-side-84507, /rpms/java-jd-decompiler.git:f0ba37ce96dc05c4c71d7ce9dddf3b672deae17b): free -> assigned
114135454 build (f41-build-side-84507, /rpms/java-jd-decompiler.git:f0ba37ce96dc05c4c71d7ce9dddf3b672deae17b): assigned -> open (buildvm-a64-10.iad2.fedoraproject.org)
  114135482 buildSRPMFromSCM (/rpms/java-jd-decompiler.git:f0ba37ce96dc05c4c71d7ce9dddf3b672deae17b): free
  114135482 buildSRPMFromSCM (/rpms/java-jd-decompiler.git:f0ba37ce96dc05c4c71d7ce9dddf3b672deae17b): free -> assigned
  114135482 buildSRPMFromSCM (/rpms/java-jd-decompiler.git:f0ba37ce96dc05c4c71d7ce9dddf3b672deae17b): assigned -> open (buildvm-x86-08.iad2.fedoraproject.org)
  114135482 buildSRPMFromSCM (/rpms/java-jd-decompiler.git:f0ba37ce96dc05c4c71d7ce9dddf3b672deae17b): open (buildvm-x86-08.iad2.fedoraproject.org) -> closed
  0 free  1 open  1 done  0 failed
  114135518 buildArch (java-jd-decompiler-1.1.3-8.fc41.src.rpm, noarch): free
  114135518 buildArch (java-jd-decompiler-1.1.3-8.fc41.src.rpm, noarch): free -> assigned
  114135518 buildArch (java-jd-decompiler-1.1.3-8.fc41.src.rpm, noarch): assigned -> open (buildvm-ppc64le-22.iad2.fedoraproject.org)
  114135518 buildArch (java-jd-decompiler-1.1.3-8.fc41.src.rpm, noarch): open (buildvm-ppc64le-22.iad2.fedoraproject.org) -> closed
  0 free  1 open  2 done  0 failed
  114135803 tagBuild (noarch): free
  114135803 tagBuild (noarch): free -> assigned
114135454 build (f41-build-side-84507, /rpms/java-jd-decompiler.git:f0ba37ce96dc05c4c71d7ce9dddf3b672deae17b): open (buildvm-a64-10.iad2.fedoraproject.org) -> closed
  0 free  1 open  3 done  0 failed
  114135803 tagBuild (noarch): assigned -> closed
  0 free  0 open  4 done  0 failed

114135454 build (f41-build-side-84507, /rpms/java-jd-decompiler.git:f0ba37ce96dc05c4c71d7ce9dddf3b672deae17b) completed successfully
