Cloning into 'java-1.8.0-openjdk-portable'...
[rawhide 5524aad] Rebuilt for java-21-openjdk as system jdk
 1 file changed, 4 insertions(+), 1 deletion(-)
Building java-1.8.0-openjdk-portable-1.8.0.402.b06-1.fc41.1 for f41-build-side-84507
Created task: 114135136
Task info: https://koji.fedoraproject.org/koji/taskinfo?taskID=114135136
Watching tasks (this may be safely interrupted)...
114135136 build (f41-build-side-84507, /rpms/java-1.8.0-openjdk-portable.git:5524aadfe9d21bb70f3a922e274a7957001f5a8b): free
114135136 build (f41-build-side-84507, /rpms/java-1.8.0-openjdk-portable.git:5524aadfe9d21bb70f3a922e274a7957001f5a8b): free -> assigned
114135136 build (f41-build-side-84507, /rpms/java-1.8.0-openjdk-portable.git:5524aadfe9d21bb70f3a922e274a7957001f5a8b): assigned -> open (buildhw-x86-15.iad2.fedoraproject.org)
  114135181 buildSRPMFromSCM (/rpms/java-1.8.0-openjdk-portable.git:5524aadfe9d21bb70f3a922e274a7957001f5a8b): free
  114135181 buildSRPMFromSCM (/rpms/java-1.8.0-openjdk-portable.git:5524aadfe9d21bb70f3a922e274a7957001f5a8b): free -> assigned
  114135181 buildSRPMFromSCM (/rpms/java-1.8.0-openjdk-portable.git:5524aadfe9d21bb70f3a922e274a7957001f5a8b): assigned -> open (buildvm-x86-27.iad2.fedoraproject.org)
  114135181 buildSRPMFromSCM (/rpms/java-1.8.0-openjdk-portable.git:5524aadfe9d21bb70f3a922e274a7957001f5a8b): open (buildvm-x86-27.iad2.fedoraproject.org) -> closed
  0 free  1 open  1 done  0 failed
  114135405 buildArch (java-1.8.0-openjdk-portable-1.8.0.402.b06-1.fc41.1.src.rpm, x86_64): free
  114135406 buildArch (java-1.8.0-openjdk-portable-1.8.0.402.b06-1.fc41.1.src.rpm, aarch64): free
  114135408 buildArch (java-1.8.0-openjdk-portable-1.8.0.402.b06-1.fc41.1.src.rpm, s390x): free
  114135407 buildArch (java-1.8.0-openjdk-portable-1.8.0.402.b06-1.fc41.1.src.rpm, ppc64le): free
  114135405 buildArch (java-1.8.0-openjdk-portable-1.8.0.402.b06-1.fc41.1.src.rpm, x86_64): free -> open (buildhw-x86-05.iad2.fedoraproject.org)
  114135406 buildArch (java-1.8.0-openjdk-portable-1.8.0.402.b06-1.fc41.1.src.rpm, aarch64): free -> assigned
  114135408 buildArch (java-1.8.0-openjdk-portable-1.8.0.402.b06-1.fc41.1.src.rpm, s390x): free -> assigned
  114135407 buildArch (java-1.8.0-openjdk-portable-1.8.0.402.b06-1.fc41.1.src.rpm, ppc64le): free -> assigned
  114135406 buildArch (java-1.8.0-openjdk-portable-1.8.0.402.b06-1.fc41.1.src.rpm, aarch64): assigned -> open (buildvm-a64-32.iad2.fedoraproject.org)
  114135408 buildArch (java-1.8.0-openjdk-portable-1.8.0.402.b06-1.fc41.1.src.rpm, s390x): assigned -> open (buildvm-s390x-03.s390.fedoraproject.org)
  114135407 buildArch (java-1.8.0-openjdk-portable-1.8.0.402.b06-1.fc41.1.src.rpm, ppc64le): assigned -> open (buildvm-ppc64le-05.iad2.fedoraproject.org)
  114135405 buildArch (java-1.8.0-openjdk-portable-1.8.0.402.b06-1.fc41.1.src.rpm, x86_64): open (buildhw-x86-05.iad2.fedoraproject.org) -> FAILED: BuildError: error building package (arch x86_64), mock exited with status 1; see build.log or root.log for more information
  Relevant logs:
  https://kojipkgs.fedoraproject.org/work/tasks/5405/114135405/state.log
  https://kojipkgs.fedoraproject.org/work/tasks/5405/114135405/build.log
  https://kojipkgs.fedoraproject.org/work/tasks/5405/114135405/root.log
  https://kojipkgs.fedoraproject.org/work/tasks/5405/114135405/mock_output.log
  https://kojipkgs.fedoraproject.org/work/tasks/5405/114135405/hw_info.log
  0 free  4 open  1 done  1 failed
114135136 build (f41-build-side-84507, /rpms/java-1.8.0-openjdk-portable.git:5524aadfe9d21bb70f3a922e274a7957001f5a8b): open (buildhw-x86-15.iad2.fedoraproject.org) -> FAILED: BuildError: error building package (arch x86_64), mock exited with status 1; see build.log or root.log for more information
  0 free  3 open  1 done  2 failed
  114135406 buildArch (java-1.8.0-openjdk-portable-1.8.0.402.b06-1.fc41.1.src.rpm, aarch64): open (buildvm-a64-32.iad2.fedoraproject.org) -> canceled
  0 free  2 open  2 done  2 failed
  114135408 buildArch (java-1.8.0-openjdk-portable-1.8.0.402.b06-1.fc41.1.src.rpm, s390x): open (buildvm-s390x-03.s390.fedoraproject.org) -> canceled
  0 free  1 open  3 done  2 failed
  114135407 buildArch (java-1.8.0-openjdk-portable-1.8.0.402.b06-1.fc41.1.src.rpm, ppc64le): open (buildvm-ppc64le-05.iad2.fedoraproject.org) -> canceled
  0 free  0 open  4 done  2 failed

114135136 build (f41-build-side-84507, /rpms/java-1.8.0-openjdk-portable.git:5524aadfe9d21bb70f3a922e274a7957001f5a8b) failed
