Cloning into 'javacc'...
[rawhide 4a985c7] Rebuilt for java-17-openjdk as system jdk
 1 file changed, 4 insertions(+), 1 deletion(-)
Building javacc-7.0.4-11.fc36 for f36-java17
Created task: 82427903
Task info: https://koji.fedoraproject.org/koji/taskinfo?taskID=82427903
Watching tasks (this may be safely interrupted)...
82427903 build (f36-java17, /rpms/javacc.git:4a985c7f203dce868258bddc7b14e84185d24b8a): free
82427903 build (f36-java17, /rpms/javacc.git:4a985c7f203dce868258bddc7b14e84185d24b8a): free -> open (buildvm-a64-06.iad2.fedoraproject.org)
  82427923 buildSRPMFromSCM (/rpms/javacc.git:4a985c7f203dce868258bddc7b14e84185d24b8a): free
  82427923 buildSRPMFromSCM (/rpms/javacc.git:4a985c7f203dce868258bddc7b14e84185d24b8a): free -> open (buildvm-ppc64le-35.iad2.fedoraproject.org)
  82427923 buildSRPMFromSCM (/rpms/javacc.git:4a985c7f203dce868258bddc7b14e84185d24b8a): open (buildvm-ppc64le-35.iad2.fedoraproject.org) -> closed
  0 free  1 open  1 done  0 failed
  82428132 buildArch (javacc-7.0.4-11.fc36.src.rpm, noarch): free
  82428132 buildArch (javacc-7.0.4-11.fc36.src.rpm, noarch): free -> open (buildvm-s390x-05.s390.fedoraproject.org)
  82428132 buildArch (javacc-7.0.4-11.fc36.src.rpm, noarch): open (buildvm-s390x-05.s390.fedoraproject.org) -> closed
  0 free  1 open  2 done  0 failed
  82428186 tagBuild (noarch): free
82427903 build (f36-java17, /rpms/javacc.git:4a985c7f203dce868258bddc7b14e84185d24b8a): open (buildvm-a64-06.iad2.fedoraproject.org) -> closed
  1 free  0 open  3 done  0 failed
  82428186 tagBuild (noarch): free -> closed
  0 free  0 open  4 done  0 failed

82427903 build (f36-java17, /rpms/javacc.git:4a985c7f203dce868258bddc7b14e84185d24b8a) completed successfully
