Cloning into 'java-21-openjdk-portable'...
@@@@@@@@@@@@@@@@@@@@@@@@@@@@@@@@@@@@@@@@@@@@@@@@@@@@@@@@@@@
@    WARNING: REMOTE HOST IDENTIFICATION HAS CHANGED!     @
@@@@@@@@@@@@@@@@@@@@@@@@@@@@@@@@@@@@@@@@@@@@@@@@@@@@@@@@@@@
IT IS POSSIBLE THAT SOMEONE IS DOING SOMETHING NASTY!
Someone could be eavesdropping on you right now (man-in-the-middle attack)!
It is also possible that a host key has just been changed.
The fingerprint for the RSA key sent by the remote host is
SHA256:dJN0nFWBcWK7SFs2k0nnsO+XNA9+aEDY4FWO7uhxTN8.
Please contact your system administrator.
Add correct host key in /home/jvanek/.ssh/known_hosts to get rid of this message.
Offending RSA key in /home/jvanek/.ssh/known_hosts:2
Password authentication is disabled to avoid man-in-the-middle attacks.
Keyboard-interactive authentication is disabled to avoid man-in-the-middle attacks.
UpdateHostkeys is disabled because the host key is not trusted.
[rawhide c9cdd6d] Rebuilt for java-25-openjdk as preffered jdk
 1 file changed, 4 insertions(+), 1 deletion(-)
error: %changelog not in descending chronological order

Building java-21-openjdk-portable-21.0.8.0.9-1.fc43.2 for rawhide
Created task: 135451169
Task info: https://koji.fedoraproject.org/koji/taskinfo?taskID=135451169
Watching tasks (this may be safely interrupted)...
135451169 build (rawhide, /rpms/java-21-openjdk-portable.git:c9cdd6d432643f52322cbd4430494b452462389b): free
135451169 build (rawhide, /rpms/java-21-openjdk-portable.git:c9cdd6d432643f52322cbd4430494b452462389b): free -> assigned (buildvm-a64-23.rdu3.fedoraproject.org)
135451169 build (rawhide, /rpms/java-21-openjdk-portable.git:c9cdd6d432643f52322cbd4430494b452462389b): assigned (buildvm-a64-23.rdu3.fedoraproject.org) -> open (buildvm-a64-23.rdu3.fedoraproject.org)
  135451182 buildSRPMFromSCM (/rpms/java-21-openjdk-portable.git:c9cdd6d432643f52322cbd4430494b452462389b): free
  135451182 buildSRPMFromSCM (/rpms/java-21-openjdk-portable.git:c9cdd6d432643f52322cbd4430494b452462389b): free -> open (buildvm-ppc64le-17.rdu3.fedoraproject.org)
  135451182 buildSRPMFromSCM (/rpms/java-21-openjdk-portable.git:c9cdd6d432643f52322cbd4430494b452462389b): open (buildvm-ppc64le-17.rdu3.fedoraproject.org) -> closed
  0 free  1 open  1 done  0 failed
  135451256 buildArch (java-21-openjdk-portable-21.0.8.0.9-1.fc43.2.src.rpm, s390x): free
  135451253 buildArch (java-21-openjdk-portable-21.0.8.0.9-1.fc43.2.src.rpm, x86_64): free
  135451254 buildArch (java-21-openjdk-portable-21.0.8.0.9-1.fc43.2.src.rpm, aarch64): free
  135451255 buildArch (java-21-openjdk-portable-21.0.8.0.9-1.fc43.2.src.rpm, ppc64le): free
  135451253 buildArch (java-21-openjdk-portable-21.0.8.0.9-1.fc43.2.src.rpm, x86_64): free -> open (buildvm-x86-04.rdu3.fedoraproject.org)
  135451254 buildArch (java-21-openjdk-portable-21.0.8.0.9-1.fc43.2.src.rpm, aarch64): free -> assigned (buildhw-a64-01.rdu3.fedoraproject.org)
  135451255 buildArch (java-21-openjdk-portable-21.0.8.0.9-1.fc43.2.src.rpm, ppc64le): free -> open (buildvm-ppc64le-07.rdu3.fedoraproject.org)
  135451254 buildArch (java-21-openjdk-portable-21.0.8.0.9-1.fc43.2.src.rpm, aarch64): assigned (buildhw-a64-01.rdu3.fedoraproject.org) -> open (buildhw-a64-01.rdu3.fedoraproject.org)
  135451254 buildArch (java-21-openjdk-portable-21.0.8.0.9-1.fc43.2.src.rpm, aarch64): open (buildhw-a64-01.rdu3.fedoraproject.org) -> closed
  1 free  3 open  2 done  0 failed
  135451253 buildArch (java-21-openjdk-portable-21.0.8.0.9-1.fc43.2.src.rpm, x86_64): open (buildvm-x86-04.rdu3.fedoraproject.org) -> closed
  1 free  2 open  3 done  0 failed
  135451256 buildArch (java-21-openjdk-portable-21.0.8.0.9-1.fc43.2.src.rpm, s390x): free -> assigned (buildvm-s390x-17.s390.fedoraproject.org)
  135451256 buildArch (java-21-openjdk-portable-21.0.8.0.9-1.fc43.2.src.rpm, s390x): assigned (buildvm-s390x-17.s390.fedoraproject.org) -> open (buildvm-s390x-17.s390.fedoraproject.org)
  135451256 buildArch (java-21-openjdk-portable-21.0.8.0.9-1.fc43.2.src.rpm, s390x): open (buildvm-s390x-17.s390.fedoraproject.org) -> closed
  0 free  2 open  4 done  0 failed
  135451255 buildArch (java-21-openjdk-portable-21.0.8.0.9-1.fc43.2.src.rpm, ppc64le): open (buildvm-ppc64le-07.rdu3.fedoraproject.org) -> closed
  0 free  1 open  5 done  0 failed
  135460511 tagBuild (noarch): free
  135460511 tagBuild (noarch): free -> assigned (buildvm-ppc64le-07.rdu3.fedoraproject.org)
135451169 build (rawhide, /rpms/java-21-openjdk-portable.git:c9cdd6d432643f52322cbd4430494b452462389b): open (buildvm-a64-23.rdu3.fedoraproject.org) -> closed
  0 free  1 open  6 done  0 failed
  135460511 tagBuild (noarch): assigned (buildvm-ppc64le-07.rdu3.fedoraproject.org) -> closed
  0 free  0 open  7 done  0 failed

135451169 build (rawhide, /rpms/java-21-openjdk-portable.git:c9cdd6d432643f52322cbd4430494b452462389b) completed successfully
