Cloning into 'javaewah'...
[rawhide dafc3e2] Rebuilt for java-21-openjdk as system jdk
 1 file changed, 4 insertions(+), 1 deletion(-)
Building javaewah-1.1.13-10.fc41 for f41-build-side-84507
Created task: 114135439
Task info: https://koji.fedoraproject.org/koji/taskinfo?taskID=114135439
Watching tasks (this may be safely interrupted)...
114135439 build (f41-build-side-84507, /rpms/javaewah.git:dafc3e214bf0b5909f76efb78f6e3ac1a12cb21a): free
114135439 build (f41-build-side-84507, /rpms/javaewah.git:dafc3e214bf0b5909f76efb78f6e3ac1a12cb21a): free -> assigned
114135439 build (f41-build-side-84507, /rpms/javaewah.git:dafc3e214bf0b5909f76efb78f6e3ac1a12cb21a): assigned -> open (buildvm-ppc64le-06.iad2.fedoraproject.org)
  114135457 buildSRPMFromSCM (/rpms/javaewah.git:dafc3e214bf0b5909f76efb78f6e3ac1a12cb21a): free
  114135457 buildSRPMFromSCM (/rpms/javaewah.git:dafc3e214bf0b5909f76efb78f6e3ac1a12cb21a): free -> assigned
  114135457 buildSRPMFromSCM (/rpms/javaewah.git:dafc3e214bf0b5909f76efb78f6e3ac1a12cb21a): assigned -> open (buildvm-x86-31.iad2.fedoraproject.org)
  114135457 buildSRPMFromSCM (/rpms/javaewah.git:dafc3e214bf0b5909f76efb78f6e3ac1a12cb21a): open (buildvm-x86-31.iad2.fedoraproject.org) -> closed
  0 free  1 open  1 done  0 failed
  114135494 buildArch (javaewah-1.1.13-10.fc41.src.rpm, noarch): free
  114135494 buildArch (javaewah-1.1.13-10.fc41.src.rpm, noarch): free -> assigned
  114135494 buildArch (javaewah-1.1.13-10.fc41.src.rpm, noarch): assigned -> open (buildvm-s390x-06.s390.fedoraproject.org)
  114135494 buildArch (javaewah-1.1.13-10.fc41.src.rpm, noarch): open (buildvm-s390x-06.s390.fedoraproject.org) -> closed
  0 free  1 open  2 done  0 failed
  114135565 tagBuild (noarch): free
  114135565 tagBuild (noarch): free -> assigned
  114135565 tagBuild (noarch): assigned -> open (buildhw-x86-15.iad2.fedoraproject.org)
  114135565 tagBuild (noarch): open (buildhw-x86-15.iad2.fedoraproject.org) -> closed
  0 free  1 open  3 done  0 failed
114135439 build (f41-build-side-84507, /rpms/javaewah.git:dafc3e214bf0b5909f76efb78f6e3ac1a12cb21a): open (buildvm-ppc64le-06.iad2.fedoraproject.org) -> closed
  0 free  0 open  4 done  0 failed

114135439 build (f41-build-side-84507, /rpms/javaewah.git:dafc3e214bf0b5909f76efb78f6e3ac1a12cb21a) completed successfully
