Cloning into 'javaparser'...
[f40 fc63c91] Rebuilt for java-21-openjdk as system jdk
 1 file changed, 4 insertions(+), 1 deletion(-)
Found a gating.yaml file in the repo and it is properly configured
Building javaparser-3.25.8-3.fc40 for f40-build-side-84857
Created task: 114351492
Task info: https://koji.fedoraproject.org/koji/taskinfo?taskID=114351492
Watching tasks (this may be safely interrupted)...
114351492 build (f40-build-side-84857, /rpms/javaparser.git:fc63c91f14d18b15edfd5b9fc57af5f5802eb8eb): free
114351492 build (f40-build-side-84857, /rpms/javaparser.git:fc63c91f14d18b15edfd5b9fc57af5f5802eb8eb): free -> assigned
114351492 build (f40-build-side-84857, /rpms/javaparser.git:fc63c91f14d18b15edfd5b9fc57af5f5802eb8eb): assigned -> open (buildvm-a64-24.iad2.fedoraproject.org)
  114351501 buildSRPMFromSCM (/rpms/javaparser.git:fc63c91f14d18b15edfd5b9fc57af5f5802eb8eb): free
  114351501 buildSRPMFromSCM (/rpms/javaparser.git:fc63c91f14d18b15edfd5b9fc57af5f5802eb8eb): free -> assigned
  114351501 buildSRPMFromSCM (/rpms/javaparser.git:fc63c91f14d18b15edfd5b9fc57af5f5802eb8eb): assigned -> open (buildvm-a64-07.iad2.fedoraproject.org)
  114351501 buildSRPMFromSCM (/rpms/javaparser.git:fc63c91f14d18b15edfd5b9fc57af5f5802eb8eb): open (buildvm-a64-07.iad2.fedoraproject.org) -> closed
  0 free  1 open  1 done  0 failed
  114351556 buildArch (javaparser-3.25.8-3.fc40.src.rpm, noarch): assigned
  114351556 buildArch (javaparser-3.25.8-3.fc40.src.rpm, noarch): assigned -> open (buildvm-x86-07.iad2.fedoraproject.org)
  114351674 tagBuild (noarch): free
  114351556 buildArch (javaparser-3.25.8-3.fc40.src.rpm, noarch): open (buildvm-x86-07.iad2.fedoraproject.org) -> closed
  1 free  1 open  2 done  0 failed
  114351674 tagBuild (noarch): free -> assigned
  114351674 tagBuild (noarch): assigned -> closed
  0 free  1 open  3 done  0 failed
114351492 build (f40-build-side-84857, /rpms/javaparser.git:fc63c91f14d18b15edfd5b9fc57af5f5802eb8eb): open (buildvm-a64-24.iad2.fedoraproject.org) -> closed
  0 free  0 open  4 done  0 failed

114351492 build (f40-build-side-84857, /rpms/javaparser.git:fc63c91f14d18b15edfd5b9fc57af5f5802eb8eb) completed successfully
