Cloning into 'java-scrypt'...
@@@@@@@@@@@@@@@@@@@@@@@@@@@@@@@@@@@@@@@@@@@@@@@@@@@@@@@@@@@
@    WARNING: REMOTE HOST IDENTIFICATION HAS CHANGED!     @
@@@@@@@@@@@@@@@@@@@@@@@@@@@@@@@@@@@@@@@@@@@@@@@@@@@@@@@@@@@
IT IS POSSIBLE THAT SOMEONE IS DOING SOMETHING NASTY!
Someone could be eavesdropping on you right now (man-in-the-middle attack)!
It is also possible that a host key has just been changed.
The fingerprint for the RSA key sent by the remote host is
SHA256:dJN0nFWBcWK7SFs2k0nnsO+XNA9+aEDY4FWO7uhxTN8.
Please contact your system administrator.
Add correct host key in /home/jvanek/.ssh/known_hosts to get rid of this message.
Offending RSA key in /home/jvanek/.ssh/known_hosts:2
Password authentication is disabled to avoid man-in-the-middle attacks.
Keyboard-interactive authentication is disabled to avoid man-in-the-middle attacks.
UpdateHostkeys is disabled because the host key is not trusted.
[rawhide 2e0399d] Rebuilt for java-25-openjdk as preffered jdk
 1 file changed, 4 insertions(+), 1 deletion(-)
Building java-scrypt-1.4.0-30.fc43 for rawhide
Created task: 135480277
Task info: https://koji.fedoraproject.org/koji/taskinfo?taskID=135480277
Watching tasks (this may be safely interrupted)...
135480277 build (rawhide, /rpms/java-scrypt.git:2e0399dcd8f7bb68a6734837afe7472e3fdbf0ba): free
135480277 build (rawhide, /rpms/java-scrypt.git:2e0399dcd8f7bb68a6734837afe7472e3fdbf0ba): free -> assigned (buildvm-a64-45.rdu3.fedoraproject.org)
135480277 build (rawhide, /rpms/java-scrypt.git:2e0399dcd8f7bb68a6734837afe7472e3fdbf0ba): assigned (buildvm-a64-45.rdu3.fedoraproject.org) -> open (buildvm-a64-45.rdu3.fedoraproject.org)
  135480282 buildSRPMFromSCM (/rpms/java-scrypt.git:2e0399dcd8f7bb68a6734837afe7472e3fdbf0ba): free
  135480282 buildSRPMFromSCM (/rpms/java-scrypt.git:2e0399dcd8f7bb68a6734837afe7472e3fdbf0ba): free -> assigned (buildvm-a64-29.rdu3.fedoraproject.org)
  135480282 buildSRPMFromSCM (/rpms/java-scrypt.git:2e0399dcd8f7bb68a6734837afe7472e3fdbf0ba): assigned (buildvm-a64-29.rdu3.fedoraproject.org) -> open (buildvm-a64-29.rdu3.fedoraproject.org)
  135480282 buildSRPMFromSCM (/rpms/java-scrypt.git:2e0399dcd8f7bb68a6734837afe7472e3fdbf0ba): open (buildvm-a64-29.rdu3.fedoraproject.org) -> closed
  0 free  1 open  1 done  0 failed
  135480292 buildArch (java-scrypt-1.4.0-30.fc43.src.rpm, noarch): free
  135480292 buildArch (java-scrypt-1.4.0-30.fc43.src.rpm, noarch): free -> assigned (buildvm-s390x-17.s390.fedoraproject.org)
  135480292 buildArch (java-scrypt-1.4.0-30.fc43.src.rpm, noarch): assigned (buildvm-s390x-17.s390.fedoraproject.org) -> open (buildvm-s390x-17.s390.fedoraproject.org)
  135480292 buildArch (java-scrypt-1.4.0-30.fc43.src.rpm, noarch): open (buildvm-s390x-17.s390.fedoraproject.org) -> closed
  0 free  1 open  2 done  0 failed
  135480337 tagBuild (noarch): free
  135480337 tagBuild (noarch): free -> assigned (buildvm-a64-20.rdu3.fedoraproject.org)
135480277 build (rawhide, /rpms/java-scrypt.git:2e0399dcd8f7bb68a6734837afe7472e3fdbf0ba): open (buildvm-a64-45.rdu3.fedoraproject.org) -> closed
  0 free  1 open  3 done  0 failed
  135480337 tagBuild (noarch): assigned (buildvm-a64-20.rdu3.fedoraproject.org) -> closed
  0 free  0 open  4 done  0 failed

135480277 build (rawhide, /rpms/java-scrypt.git:2e0399dcd8f7bb68a6734837afe7472e3fdbf0ba) completed successfully
