Cloning into 'javassist'...
@@@@@@@@@@@@@@@@@@@@@@@@@@@@@@@@@@@@@@@@@@@@@@@@@@@@@@@@@@@
@    WARNING: REMOTE HOST IDENTIFICATION HAS CHANGED!     @
@@@@@@@@@@@@@@@@@@@@@@@@@@@@@@@@@@@@@@@@@@@@@@@@@@@@@@@@@@@
IT IS POSSIBLE THAT SOMEONE IS DOING SOMETHING NASTY!
Someone could be eavesdropping on you right now (man-in-the-middle attack)!
It is also possible that a host key has just been changed.
The fingerprint for the RSA key sent by the remote host is
SHA256:dJN0nFWBcWK7SFs2k0nnsO+XNA9+aEDY4FWO7uhxTN8.
Please contact your system administrator.
Add correct host key in /home/jvanek/.ssh/known_hosts to get rid of this message.
Offending RSA key in /home/jvanek/.ssh/known_hosts:2
Password authentication is disabled to avoid man-in-the-middle attacks.
Keyboard-interactive authentication is disabled to avoid man-in-the-middle attacks.
UpdateHostkeys is disabled because the host key is not trusted.
[rawhide 25591fe] Rebuilt for java-25-openjdk as preffered jdk
 1 file changed, 5 insertions(+), 2 deletions(-)
Found a gating.yaml file in the repo and it is properly configured
Building javassist-3.30.2-8.fc43 for rawhide
Created task: 135451522
Task info: https://koji.fedoraproject.org/koji/taskinfo?taskID=135451522
Watching tasks (this may be safely interrupted)...
135451522 build (rawhide, /rpms/javassist.git:25591fe0ac199fb3238c9fb819b4658936cd53f4): free
135451522 build (rawhide, /rpms/javassist.git:25591fe0ac199fb3238c9fb819b4658936cd53f4): free -> assigned (buildvm-a64-48.rdu3.fedoraproject.org)
135451522 build (rawhide, /rpms/javassist.git:25591fe0ac199fb3238c9fb819b4658936cd53f4): assigned (buildvm-a64-48.rdu3.fedoraproject.org) -> open (buildvm-a64-48.rdu3.fedoraproject.org)
  135451545 buildSRPMFromSCM (/rpms/javassist.git:25591fe0ac199fb3238c9fb819b4658936cd53f4): free
  135451545 buildSRPMFromSCM (/rpms/javassist.git:25591fe0ac199fb3238c9fb819b4658936cd53f4): free -> assigned (buildvm-x86-10.rdu3.fedoraproject.org)
  135451545 buildSRPMFromSCM (/rpms/javassist.git:25591fe0ac199fb3238c9fb819b4658936cd53f4): assigned (buildvm-x86-10.rdu3.fedoraproject.org) -> open (buildvm-x86-10.rdu3.fedoraproject.org)
  135451545 buildSRPMFromSCM (/rpms/javassist.git:25591fe0ac199fb3238c9fb819b4658936cd53f4): open (buildvm-x86-10.rdu3.fedoraproject.org) -> closed
  0 free  1 open  1 done  0 failed
  135451640 buildArch (javassist-3.30.2-8.fc43.src.rpm, noarch): free
  135451640 buildArch (javassist-3.30.2-8.fc43.src.rpm, noarch): free -> assigned (buildvm-x86-20.rdu3.fedoraproject.org)
  135451640 buildArch (javassist-3.30.2-8.fc43.src.rpm, noarch): assigned (buildvm-x86-20.rdu3.fedoraproject.org) -> FAILED: BuildError: error building package (arch noarch), mock exited with status 1; see build.log or root.log for more information
  Relevant logs:
  https://kojipkgs.fedoraproject.org/work/tasks/1640/135451640/mock_config.log
  https://kojipkgs.fedoraproject.org/work/tasks/1640/135451640/state.log
  https://kojipkgs.fedoraproject.org/work/tasks/1640/135451640/build.log
  https://kojipkgs.fedoraproject.org/work/tasks/1640/135451640/root.log
  https://kojipkgs.fedoraproject.org/work/tasks/1640/135451640/mock_output.log
  https://kojipkgs.fedoraproject.org/work/tasks/1640/135451640/hw_info.log
  https://kojipkgs.fedoraproject.org/work/tasks/1640/135451640/dnf5.log
  0 free  1 open  1 done  1 failed
135451522 build (rawhide, /rpms/javassist.git:25591fe0ac199fb3238c9fb819b4658936cd53f4): open (buildvm-a64-48.rdu3.fedoraproject.org) -> FAILED: BuildError: error building package (arch noarch), mock exited with status 1; see build.log or root.log for more information
  0 free  0 open  1 done  2 failed

135451522 build (rawhide, /rpms/javassist.git:25591fe0ac199fb3238c9fb819b4658936cd53f4) failed
