Cloning into 'java_cup'...
[f40 a8a5127] Rebuilt for java-21-openjdk as system jdk
 1 file changed, 4 insertions(+), 1 deletion(-)
Found a gating.yaml file in the repo and it is properly configured
Building java_cup-0.11b-29.fc40 for f40-build-side-84857
Created task: 114351284
Task info: https://koji.fedoraproject.org/koji/taskinfo?taskID=114351284
Watching tasks (this may be safely interrupted)...
114351284 build (f40-build-side-84857, /rpms/java_cup.git:a8a512719de4e65c6167bd04ebb323d7304ce118): free
114351284 build (f40-build-side-84857, /rpms/java_cup.git:a8a512719de4e65c6167bd04ebb323d7304ce118): free -> assigned
114351284 build (f40-build-side-84857, /rpms/java_cup.git:a8a512719de4e65c6167bd04ebb323d7304ce118): assigned -> open (buildvm-s390x-01.s390.fedoraproject.org)
  114351291 buildSRPMFromSCM (/rpms/java_cup.git:a8a512719de4e65c6167bd04ebb323d7304ce118): free
  114351291 buildSRPMFromSCM (/rpms/java_cup.git:a8a512719de4e65c6167bd04ebb323d7304ce118): free -> assigned
  114351291 buildSRPMFromSCM (/rpms/java_cup.git:a8a512719de4e65c6167bd04ebb323d7304ce118): assigned -> open (buildvm-x86-11.iad2.fedoraproject.org)
  114351291 buildSRPMFromSCM (/rpms/java_cup.git:a8a512719de4e65c6167bd04ebb323d7304ce118): open (buildvm-x86-11.iad2.fedoraproject.org) -> closed
  0 free  1 open  1 done  0 failed
  114351407 buildArch (java_cup-0.11b-29.fc40.src.rpm, noarch): free
  114351407 buildArch (java_cup-0.11b-29.fc40.src.rpm, noarch): free -> assigned
  114351407 buildArch (java_cup-0.11b-29.fc40.src.rpm, noarch): assigned -> open (buildvm-ppc64le-11.iad2.fedoraproject.org)
  114351407 buildArch (java_cup-0.11b-29.fc40.src.rpm, noarch): open (buildvm-ppc64le-11.iad2.fedoraproject.org) -> closed
  0 free  1 open  2 done  0 failed
  114351502 tagBuild (noarch): free
  114351502 tagBuild (noarch): free -> assigned
  114351502 tagBuild (noarch): assigned -> closed
  0 free  1 open  3 done  0 failed
114351284 build (f40-build-side-84857, /rpms/java_cup.git:a8a512719de4e65c6167bd04ebb323d7304ce118): open (buildvm-s390x-01.s390.fedoraproject.org) -> closed
  0 free  0 open  4 done  0 failed

114351284 build (f40-build-side-84857, /rpms/java_cup.git:a8a512719de4e65c6167bd04ebb323d7304ce118) completed successfully
