Cloning into 'java-17-openjdk-portable'...
[rawhide 8e8922e] Rebuilt for java-21-openjdk as system jdk
 1 file changed, 4 insertions(+), 1 deletion(-)
Building java-17-openjdk-portable-17.0.10.0.7-1.fc41.1 for f41-build-side-84507
Created task: 114135057
Task info: https://koji.fedoraproject.org/koji/taskinfo?taskID=114135057
Watching tasks (this may be safely interrupted)...
114135057 build (f41-build-side-84507, /rpms/java-17-openjdk-portable.git:8e8922e7a651bd283c848b33aac03a4148b364fe): free
114135057 build (f41-build-side-84507, /rpms/java-17-openjdk-portable.git:8e8922e7a651bd283c848b33aac03a4148b364fe): free -> assigned
114135057 build (f41-build-side-84507, /rpms/java-17-openjdk-portable.git:8e8922e7a651bd283c848b33aac03a4148b364fe): assigned -> open (buildvm-a64-11.iad2.fedoraproject.org)
  114135085 buildSRPMFromSCM (/rpms/java-17-openjdk-portable.git:8e8922e7a651bd283c848b33aac03a4148b364fe): free
  114135085 buildSRPMFromSCM (/rpms/java-17-openjdk-portable.git:8e8922e7a651bd283c848b33aac03a4148b364fe): free -> open (buildvm-x86-19.iad2.fedoraproject.org)
  114135085 buildSRPMFromSCM (/rpms/java-17-openjdk-portable.git:8e8922e7a651bd283c848b33aac03a4148b364fe): open (buildvm-x86-19.iad2.fedoraproject.org) -> closed
  0 free  1 open  1 done  0 failed
  114135340 buildArch (java-17-openjdk-portable-17.0.10.0.7-1.fc41.1.src.rpm, s390x): free
  114135337 buildArch (java-17-openjdk-portable-17.0.10.0.7-1.fc41.1.src.rpm, x86_64): free
  114135338 buildArch (java-17-openjdk-portable-17.0.10.0.7-1.fc41.1.src.rpm, aarch64): free
  114135339 buildArch (java-17-openjdk-portable-17.0.10.0.7-1.fc41.1.src.rpm, ppc64le): free
  114135340 buildArch (java-17-openjdk-portable-17.0.10.0.7-1.fc41.1.src.rpm, s390x): free -> open (buildvm-s390x-02.s390.fedoraproject.org)
  114135337 buildArch (java-17-openjdk-portable-17.0.10.0.7-1.fc41.1.src.rpm, x86_64): free -> assigned
  114135338 buildArch (java-17-openjdk-portable-17.0.10.0.7-1.fc41.1.src.rpm, aarch64): free -> assigned
  114135339 buildArch (java-17-openjdk-portable-17.0.10.0.7-1.fc41.1.src.rpm, ppc64le): free -> open (buildvm-ppc64le-30.iad2.fedoraproject.org)
  114135337 buildArch (java-17-openjdk-portable-17.0.10.0.7-1.fc41.1.src.rpm, x86_64): assigned -> open (buildhw-x86-02.iad2.fedoraproject.org)
  114135338 buildArch (java-17-openjdk-portable-17.0.10.0.7-1.fc41.1.src.rpm, aarch64): assigned -> free
  114135338 buildArch (java-17-openjdk-portable-17.0.10.0.7-1.fc41.1.src.rpm, aarch64): free -> open (buildvm-a64-19.iad2.fedoraproject.org)
  114135337 buildArch (java-17-openjdk-portable-17.0.10.0.7-1.fc41.1.src.rpm, x86_64): open (buildhw-x86-02.iad2.fedoraproject.org) -> closed
  0 free  4 open  2 done  0 failed
  114135338 buildArch (java-17-openjdk-portable-17.0.10.0.7-1.fc41.1.src.rpm, aarch64): open (buildvm-a64-19.iad2.fedoraproject.org) -> closed
  0 free  3 open  3 done  0 failed
  114135340 buildArch (java-17-openjdk-portable-17.0.10.0.7-1.fc41.1.src.rpm, s390x): open (buildvm-s390x-02.s390.fedoraproject.org) -> closed
  0 free  2 open  4 done  0 failed
  114135339 buildArch (java-17-openjdk-portable-17.0.10.0.7-1.fc41.1.src.rpm, ppc64le): open (buildvm-ppc64le-30.iad2.fedoraproject.org) -> closed
  0 free  1 open  5 done  0 failed
  114149685 tagBuild (noarch): free
  114149685 tagBuild (noarch): free -> assigned
  114149685 tagBuild (noarch): assigned -> closed
  0 free  1 open  6 done  0 failed
114135057 build (f41-build-side-84507, /rpms/java-17-openjdk-portable.git:8e8922e7a651bd283c848b33aac03a4148b364fe): open (buildvm-a64-11.iad2.fedoraproject.org) -> closed
  0 free  0 open  7 done  0 failed

114135057 build (f41-build-side-84507, /rpms/java-17-openjdk-portable.git:8e8922e7a651bd283c848b33aac03a4148b364fe) completed successfully
