Cloning into 'jaxb-fi'...
[rawhide 490c7eb] Rebuilt for java-21-openjdk as system jdk
 1 file changed, 4 insertions(+), 1 deletion(-)
Found a gating.yaml file in the repo and it is properly configured
Building jaxb-fi-2.1.1-4.fc41 for f41-build-side-84507
Created task: 114135650
Task info: https://koji.fedoraproject.org/koji/taskinfo?taskID=114135650
Watching tasks (this may be safely interrupted)...
114135650 build (f41-build-side-84507, /rpms/jaxb-fi.git:490c7eb7b204aab3908d45dec1ce6bfd616d7346): free
114135650 build (f41-build-side-84507, /rpms/jaxb-fi.git:490c7eb7b204aab3908d45dec1ce6bfd616d7346): free -> assigned
114135650 build (f41-build-side-84507, /rpms/jaxb-fi.git:490c7eb7b204aab3908d45dec1ce6bfd616d7346): assigned -> open (buildvm-a64-27.iad2.fedoraproject.org)
  114135656 buildSRPMFromSCM (/rpms/jaxb-fi.git:490c7eb7b204aab3908d45dec1ce6bfd616d7346): free
  114135656 buildSRPMFromSCM (/rpms/jaxb-fi.git:490c7eb7b204aab3908d45dec1ce6bfd616d7346): free -> assigned
  114135656 buildSRPMFromSCM (/rpms/jaxb-fi.git:490c7eb7b204aab3908d45dec1ce6bfd616d7346): assigned -> open (buildvm-a64-23.iad2.fedoraproject.org)
  114135656 buildSRPMFromSCM (/rpms/jaxb-fi.git:490c7eb7b204aab3908d45dec1ce6bfd616d7346): open (buildvm-a64-23.iad2.fedoraproject.org) -> closed
  0 free  1 open  1 done  0 failed
  114135685 buildArch (jaxb-fi-2.1.1-4.fc41.src.rpm, noarch): assigned
  114135685 buildArch (jaxb-fi-2.1.1-4.fc41.src.rpm, noarch): assigned -> open (buildvm-ppc64le-05.iad2.fedoraproject.org)
  114135685 buildArch (jaxb-fi-2.1.1-4.fc41.src.rpm, noarch): open (buildvm-ppc64le-05.iad2.fedoraproject.org) -> closed
  0 free  1 open  2 done  0 failed
  114135741 tagBuild (noarch): free
  114135741 tagBuild (noarch): free -> assigned
  114135741 tagBuild (noarch): assigned -> closed
  0 free  1 open  3 done  0 failed
114135650 build (f41-build-side-84507, /rpms/jaxb-fi.git:490c7eb7b204aab3908d45dec1ce6bfd616d7346): open (buildvm-a64-27.iad2.fedoraproject.org) -> closed
  0 free  0 open  4 done  0 failed

114135650 build (f41-build-side-84507, /rpms/jaxb-fi.git:490c7eb7b204aab3908d45dec1ce6bfd616d7346) completed successfully
