Cloning into 'jaxb-stax-ex'...
[f40 c9d6403] Rebuilt for java-21-openjdk as system jdk
 1 file changed, 4 insertions(+), 1 deletion(-)
Found a gating.yaml file in the repo and it is properly configured
Building jaxb-stax-ex-2.1.0-8.fc40 for f40-build-side-84857
Created task: 114351948
Task info: https://koji.fedoraproject.org/koji/taskinfo?taskID=114351948
Watching tasks (this may be safely interrupted)...
114351948 build (f40-build-side-84857, /rpms/jaxb-stax-ex.git:c9d6403acd38bb7cb9908132bfd2db47cc35a92d): free
114351948 build (f40-build-side-84857, /rpms/jaxb-stax-ex.git:c9d6403acd38bb7cb9908132bfd2db47cc35a92d): free -> assigned
114351948 build (f40-build-side-84857, /rpms/jaxb-stax-ex.git:c9d6403acd38bb7cb9908132bfd2db47cc35a92d): assigned -> open (buildvm-ppc64le-12.iad2.fedoraproject.org)
  114351963 buildSRPMFromSCM (/rpms/jaxb-stax-ex.git:c9d6403acd38bb7cb9908132bfd2db47cc35a92d): free
  114351963 buildSRPMFromSCM (/rpms/jaxb-stax-ex.git:c9d6403acd38bb7cb9908132bfd2db47cc35a92d): free -> open (buildvm-a64-21.iad2.fedoraproject.org)
  114351963 buildSRPMFromSCM (/rpms/jaxb-stax-ex.git:c9d6403acd38bb7cb9908132bfd2db47cc35a92d): open (buildvm-a64-21.iad2.fedoraproject.org) -> closed
  0 free  1 open  1 done  0 failed
  114352000 buildArch (jaxb-stax-ex-2.1.0-8.fc40.src.rpm, noarch): free
  114352000 buildArch (jaxb-stax-ex-2.1.0-8.fc40.src.rpm, noarch): free -> open (buildvm-ppc64le-32.iad2.fedoraproject.org)
  114352000 buildArch (jaxb-stax-ex-2.1.0-8.fc40.src.rpm, noarch): open (buildvm-ppc64le-32.iad2.fedoraproject.org) -> closed
  0 free  1 open  2 done  0 failed
  114352088 tagBuild (noarch): free
  114352088 tagBuild (noarch): free -> closed
  0 free  1 open  3 done  0 failed
114351948 build (f40-build-side-84857, /rpms/jaxb-stax-ex.git:c9d6403acd38bb7cb9908132bfd2db47cc35a92d): open (buildvm-ppc64le-12.iad2.fedoraproject.org) -> closed
  0 free  0 open  4 done  0 failed

114351948 build (f40-build-side-84857, /rpms/jaxb-stax-ex.git:c9d6403acd38bb7cb9908132bfd2db47cc35a92d) completed successfully
