Cloning into 'jaxb'...
@@@@@@@@@@@@@@@@@@@@@@@@@@@@@@@@@@@@@@@@@@@@@@@@@@@@@@@@@@@
@    WARNING: REMOTE HOST IDENTIFICATION HAS CHANGED!     @
@@@@@@@@@@@@@@@@@@@@@@@@@@@@@@@@@@@@@@@@@@@@@@@@@@@@@@@@@@@
IT IS POSSIBLE THAT SOMEONE IS DOING SOMETHING NASTY!
Someone could be eavesdropping on you right now (man-in-the-middle attack)!
It is also possible that a host key has just been changed.
The fingerprint for the RSA key sent by the remote host is
SHA256:dJN0nFWBcWK7SFs2k0nnsO+XNA9+aEDY4FWO7uhxTN8.
Please contact your system administrator.
Add correct host key in /home/jvanek/.ssh/known_hosts to get rid of this message.
Offending RSA key in /home/jvanek/.ssh/known_hosts:2
Password authentication is disabled to avoid man-in-the-middle attacks.
Keyboard-interactive authentication is disabled to avoid man-in-the-middle attacks.
UpdateHostkeys is disabled because the host key is not trusted.
RPMAutoSpec usage detected, not changing the spec file.
[rawhide ee89569] Rebuilt for java-25-openjdk as preffered jdk
Found a gating.yaml file in the repo and it is properly configured
Building jaxb-4.0.5-8.fc43 for rawhide
Created task: 135451551
Task info: https://koji.fedoraproject.org/koji/taskinfo?taskID=135451551
Watching tasks (this may be safely interrupted)...
135451551 build (rawhide, /rpms/jaxb.git:ee89569455c8c3078340d7383b62fd77ec4f534d): free
135451551 build (rawhide, /rpms/jaxb.git:ee89569455c8c3078340d7383b62fd77ec4f534d): free -> assigned (buildvm-ppc64le-13.rdu3.fedoraproject.org)
135451551 build (rawhide, /rpms/jaxb.git:ee89569455c8c3078340d7383b62fd77ec4f534d): assigned (buildvm-ppc64le-13.rdu3.fedoraproject.org) -> open (buildvm-ppc64le-13.rdu3.fedoraproject.org)
  135451585 buildSRPMFromSCM (/rpms/jaxb.git:ee89569455c8c3078340d7383b62fd77ec4f534d): free
  135451585 buildSRPMFromSCM (/rpms/jaxb.git:ee89569455c8c3078340d7383b62fd77ec4f534d): free -> assigned (buildvm-ppc64le-16.rdu3.fedoraproject.org)
  135451585 buildSRPMFromSCM (/rpms/jaxb.git:ee89569455c8c3078340d7383b62fd77ec4f534d): assigned (buildvm-ppc64le-16.rdu3.fedoraproject.org) -> open (buildvm-ppc64le-16.rdu3.fedoraproject.org)
  135451705 buildArch (jaxb-4.0.5-8.fc43.src.rpm, noarch): assigned (buildvm-ppc64le-13.rdu3.fedoraproject.org)
  135451585 buildSRPMFromSCM (/rpms/jaxb.git:ee89569455c8c3078340d7383b62fd77ec4f534d): open (buildvm-ppc64le-16.rdu3.fedoraproject.org) -> closed
  0 free  2 open  1 done  0 failed
  135451705 buildArch (jaxb-4.0.5-8.fc43.src.rpm, noarch): assigned (buildvm-ppc64le-13.rdu3.fedoraproject.org) -> open (buildvm-ppc64le-13.rdu3.fedoraproject.org)
  135451705 buildArch (jaxb-4.0.5-8.fc43.src.rpm, noarch): open (buildvm-ppc64le-13.rdu3.fedoraproject.org) -> closed
  0 free  1 open  2 done  0 failed
  135451824 tagBuild (noarch): free
  135451824 tagBuild (noarch): free -> assigned (buildvm-a64-47.rdu3.fedoraproject.org)
  135451824 tagBuild (noarch): assigned (buildvm-a64-47.rdu3.fedoraproject.org) -> closed
  0 free  1 open  3 done  0 failed
135451551 build (rawhide, /rpms/jaxb.git:ee89569455c8c3078340d7383b62fd77ec4f534d): open (buildvm-ppc64le-13.rdu3.fedoraproject.org) -> closed
  0 free  0 open  4 done  0 failed

135451551 build (rawhide, /rpms/jaxb.git:ee89569455c8c3078340d7383b62fd77ec4f534d) completed successfully
