Cloning into 'jaxb-api'...
[rawhide a801398] Rebuilt for java-21-openjdk as system jdk
 1 file changed, 4 insertions(+), 1 deletion(-)
Found a gating.yaml file in the repo and it is properly configured
Building jaxb-api-4.0.1-4.fc41 for f41-build-side-84507
Created task: 114135618
Task info: https://koji.fedoraproject.org/koji/taskinfo?taskID=114135618
Watching tasks (this may be safely interrupted)...
114135618 build (f41-build-side-84507, /rpms/jaxb-api.git:a8013981e4b54700ef7589b3c76db9d33f59a6eb): free
114135618 build (f41-build-side-84507, /rpms/jaxb-api.git:a8013981e4b54700ef7589b3c76db9d33f59a6eb): free -> assigned
114135618 build (f41-build-side-84507, /rpms/jaxb-api.git:a8013981e4b54700ef7589b3c76db9d33f59a6eb): assigned -> open (buildvm-x86-04.iad2.fedoraproject.org)
  114135626 buildSRPMFromSCM (/rpms/jaxb-api.git:a8013981e4b54700ef7589b3c76db9d33f59a6eb): free
  114135626 buildSRPMFromSCM (/rpms/jaxb-api.git:a8013981e4b54700ef7589b3c76db9d33f59a6eb): free -> open (buildvm-x86-31.iad2.fedoraproject.org)
  114135626 buildSRPMFromSCM (/rpms/jaxb-api.git:a8013981e4b54700ef7589b3c76db9d33f59a6eb): open (buildvm-x86-31.iad2.fedoraproject.org) -> closed
  0 free  1 open  1 done  0 failed
  114135654 buildArch (jaxb-api-4.0.1-4.fc41.src.rpm, noarch): free
  114135654 buildArch (jaxb-api-4.0.1-4.fc41.src.rpm, noarch): free -> assigned
  114135654 buildArch (jaxb-api-4.0.1-4.fc41.src.rpm, noarch): assigned -> open (buildvm-s390x-03.s390.fedoraproject.org)
  114135654 buildArch (jaxb-api-4.0.1-4.fc41.src.rpm, noarch): open (buildvm-s390x-03.s390.fedoraproject.org) -> closed
  0 free  1 open  2 done  0 failed
  114135724 tagBuild (noarch): free
  114135724 tagBuild (noarch): free -> assigned
  114135724 tagBuild (noarch): assigned -> closed
  0 free  1 open  3 done  0 failed
114135618 build (f41-build-side-84507, /rpms/jaxb-api.git:a8013981e4b54700ef7589b3c76db9d33f59a6eb): open (buildvm-x86-04.iad2.fedoraproject.org) -> closed
  0 free  0 open  4 done  0 failed

114135618 build (f41-build-side-84507, /rpms/jaxb-api.git:a8013981e4b54700ef7589b3c76db9d33f59a6eb) completed successfully
