Cloning into 'jaxb-istack-commons'...
@@@@@@@@@@@@@@@@@@@@@@@@@@@@@@@@@@@@@@@@@@@@@@@@@@@@@@@@@@@
@    WARNING: REMOTE HOST IDENTIFICATION HAS CHANGED!     @
@@@@@@@@@@@@@@@@@@@@@@@@@@@@@@@@@@@@@@@@@@@@@@@@@@@@@@@@@@@
IT IS POSSIBLE THAT SOMEONE IS DOING SOMETHING NASTY!
Someone could be eavesdropping on you right now (man-in-the-middle attack)!
It is also possible that a host key has just been changed.
The fingerprint for the RSA key sent by the remote host is
SHA256:dJN0nFWBcWK7SFs2k0nnsO+XNA9+aEDY4FWO7uhxTN8.
Please contact your system administrator.
Add correct host key in /home/jvanek/.ssh/known_hosts to get rid of this message.
Offending RSA key in /home/jvanek/.ssh/known_hosts:2
Password authentication is disabled to avoid man-in-the-middle attacks.
Keyboard-interactive authentication is disabled to avoid man-in-the-middle attacks.
UpdateHostkeys is disabled because the host key is not trusted.
RPMAutoSpec usage detected, not changing the spec file.
[rawhide aab9628] Rebuilt for java-25-openjdk as preffered jdk
Found a gating.yaml file in the repo and it is properly configured
Building jaxb-istack-commons-4.2.0-22.fc43 for rawhide
Created task: 135451747
Task info: https://koji.fedoraproject.org/koji/taskinfo?taskID=135451747
Watching tasks (this may be safely interrupted)...
135451747 build (rawhide, /rpms/jaxb-istack-commons.git:aab9628bdeac345a20e7bf24484a9f77b316b961): free
135451747 build (rawhide, /rpms/jaxb-istack-commons.git:aab9628bdeac345a20e7bf24484a9f77b316b961): free -> assigned (buildvm-a64-17.rdu3.fedoraproject.org)
135451747 build (rawhide, /rpms/jaxb-istack-commons.git:aab9628bdeac345a20e7bf24484a9f77b316b961): assigned (buildvm-a64-17.rdu3.fedoraproject.org) -> open (buildvm-a64-17.rdu3.fedoraproject.org)
  135451765 buildSRPMFromSCM (/rpms/jaxb-istack-commons.git:aab9628bdeac345a20e7bf24484a9f77b316b961): free
  135451765 buildSRPMFromSCM (/rpms/jaxb-istack-commons.git:aab9628bdeac345a20e7bf24484a9f77b316b961): free -> open (buildvm-ppc64le-31.rdu3.fedoraproject.org)
  135451849 buildArch (jaxb-istack-commons-4.2.0-22.fc43.src.rpm, noarch): free
  135451765 buildSRPMFromSCM (/rpms/jaxb-istack-commons.git:aab9628bdeac345a20e7bf24484a9f77b316b961): open (buildvm-ppc64le-31.rdu3.fedoraproject.org) -> closed
  1 free  1 open  1 done  0 failed
  135451849 buildArch (jaxb-istack-commons-4.2.0-22.fc43.src.rpm, noarch): free -> assigned (buildvm-ppc64le-21.rdu3.fedoraproject.org)
  135451849 buildArch (jaxb-istack-commons-4.2.0-22.fc43.src.rpm, noarch): assigned (buildvm-ppc64le-21.rdu3.fedoraproject.org) -> open (buildvm-ppc64le-21.rdu3.fedoraproject.org)
  135451849 buildArch (jaxb-istack-commons-4.2.0-22.fc43.src.rpm, noarch): open (buildvm-ppc64le-21.rdu3.fedoraproject.org) -> closed
  0 free  1 open  2 done  0 failed
  135451951 tagBuild (noarch): free
  135451951 tagBuild (noarch): free -> assigned (buildvm-ppc64le-08.rdu3.fedoraproject.org)
135451747 build (rawhide, /rpms/jaxb-istack-commons.git:aab9628bdeac345a20e7bf24484a9f77b316b961): open (buildvm-a64-17.rdu3.fedoraproject.org) -> closed
  0 free  1 open  3 done  0 failed
  135451951 tagBuild (noarch): assigned (buildvm-ppc64le-08.rdu3.fedoraproject.org) -> closed
  0 free  0 open  4 done  0 failed

135451747 build (rawhide, /rpms/jaxb-istack-commons.git:aab9628bdeac345a20e7bf24484a9f77b316b961) completed successfully
