Cloning into 'jaxb-dtd-parser'...
@@@@@@@@@@@@@@@@@@@@@@@@@@@@@@@@@@@@@@@@@@@@@@@@@@@@@@@@@@@
@    WARNING: REMOTE HOST IDENTIFICATION HAS CHANGED!     @
@@@@@@@@@@@@@@@@@@@@@@@@@@@@@@@@@@@@@@@@@@@@@@@@@@@@@@@@@@@
IT IS POSSIBLE THAT SOMEONE IS DOING SOMETHING NASTY!
Someone could be eavesdropping on you right now (man-in-the-middle attack)!
It is also possible that a host key has just been changed.
The fingerprint for the RSA key sent by the remote host is
SHA256:dJN0nFWBcWK7SFs2k0nnsO+XNA9+aEDY4FWO7uhxTN8.
Please contact your system administrator.
Add correct host key in /home/jvanek/.ssh/known_hosts to get rid of this message.
Offending RSA key in /home/jvanek/.ssh/known_hosts:2
Password authentication is disabled to avoid man-in-the-middle attacks.
Keyboard-interactive authentication is disabled to avoid man-in-the-middle attacks.
UpdateHostkeys is disabled because the host key is not trusted.
RPMAutoSpec usage detected, not changing the spec file.
[rawhide 41a0397] Rebuilt for java-25-openjdk as preffered jdk
Found a gating.yaml file in the repo and it is properly configured
Building jaxb-dtd-parser-1.5.1-18.fc43 for rawhide
Created task: 135451657
Task info: https://koji.fedoraproject.org/koji/taskinfo?taskID=135451657
Watching tasks (this may be safely interrupted)...
135451657 build (rawhide, /rpms/jaxb-dtd-parser.git:41a0397756ab42b465635912a8f31e5a5f2f258b): free
135451657 build (rawhide, /rpms/jaxb-dtd-parser.git:41a0397756ab42b465635912a8f31e5a5f2f258b): free -> assigned (buildvm-ppc64le-26.rdu3.fedoraproject.org)
135451657 build (rawhide, /rpms/jaxb-dtd-parser.git:41a0397756ab42b465635912a8f31e5a5f2f258b): assigned (buildvm-ppc64le-26.rdu3.fedoraproject.org) -> open (buildvm-ppc64le-26.rdu3.fedoraproject.org)
  135451681 buildSRPMFromSCM (/rpms/jaxb-dtd-parser.git:41a0397756ab42b465635912a8f31e5a5f2f258b): free
  135451681 buildSRPMFromSCM (/rpms/jaxb-dtd-parser.git:41a0397756ab42b465635912a8f31e5a5f2f258b): free -> assigned (buildvm-s390x-03.s390.fedoraproject.org)
  135451681 buildSRPMFromSCM (/rpms/jaxb-dtd-parser.git:41a0397756ab42b465635912a8f31e5a5f2f258b): assigned (buildvm-s390x-03.s390.fedoraproject.org) -> open (buildvm-s390x-03.s390.fedoraproject.org)
  135451681 buildSRPMFromSCM (/rpms/jaxb-dtd-parser.git:41a0397756ab42b465635912a8f31e5a5f2f258b): open (buildvm-s390x-03.s390.fedoraproject.org) -> closed
  0 free  1 open  1 done  0 failed
  135454677 buildArch (jaxb-dtd-parser-1.5.1-18.fc43.src.rpm, noarch): free
  135454677 buildArch (jaxb-dtd-parser-1.5.1-18.fc43.src.rpm, noarch): free -> open (buildvm-x86-10.rdu3.fedoraproject.org)
  135454805 tagBuild (noarch): free
  135454677 buildArch (jaxb-dtd-parser-1.5.1-18.fc43.src.rpm, noarch): open (buildvm-x86-10.rdu3.fedoraproject.org) -> closed
  1 free  1 open  2 done  0 failed
  135454805 tagBuild (noarch): free -> assigned (buildvm-a64-04.rdu3.fedoraproject.org)
135451657 build (rawhide, /rpms/jaxb-dtd-parser.git:41a0397756ab42b465635912a8f31e5a5f2f258b): open (buildvm-ppc64le-26.rdu3.fedoraproject.org) -> closed
  0 free  1 open  3 done  0 failed
  135454805 tagBuild (noarch): assigned (buildvm-a64-04.rdu3.fedoraproject.org) -> closed
  0 free  0 open  4 done  0 failed

135451657 build (rawhide, /rpms/jaxb-dtd-parser.git:41a0397756ab42b465635912a8f31e5a5f2f258b) completed successfully
