Cloning into 'jaxb-api2'...
[rawhide 8ab3d8f] Rebuilt for java-21-openjdk as system jdk
 1 file changed, 4 insertions(+), 1 deletion(-)
Found a gating.yaml file in the repo and it is properly configured
Building jaxb-api2-2.3.3-10.fc41 for f41-build-side-84507
Created task: 114135631
Task info: https://koji.fedoraproject.org/koji/taskinfo?taskID=114135631
Watching tasks (this may be safely interrupted)...
114135631 build (f41-build-side-84507, /rpms/jaxb-api2.git:8ab3d8f7617aa3e322bc28575aa91e4c9182cadc): free
114135631 build (f41-build-side-84507, /rpms/jaxb-api2.git:8ab3d8f7617aa3e322bc28575aa91e4c9182cadc): free -> open (buildhw-x86-15.iad2.fedoraproject.org)
  114135639 buildSRPMFromSCM (/rpms/jaxb-api2.git:8ab3d8f7617aa3e322bc28575aa91e4c9182cadc): free
  114135639 buildSRPMFromSCM (/rpms/jaxb-api2.git:8ab3d8f7617aa3e322bc28575aa91e4c9182cadc): free -> assigned
  114135639 buildSRPMFromSCM (/rpms/jaxb-api2.git:8ab3d8f7617aa3e322bc28575aa91e4c9182cadc): assigned -> open (buildvm-a64-24.iad2.fedoraproject.org)
  114135639 buildSRPMFromSCM (/rpms/jaxb-api2.git:8ab3d8f7617aa3e322bc28575aa91e4c9182cadc): open (buildvm-a64-24.iad2.fedoraproject.org) -> closed
  0 free  1 open  1 done  0 failed
  114135672 buildArch (jaxb-api2-2.3.3-10.fc41.src.rpm, noarch): free
  114135672 buildArch (jaxb-api2-2.3.3-10.fc41.src.rpm, noarch): free -> assigned
  114135672 buildArch (jaxb-api2-2.3.3-10.fc41.src.rpm, noarch): assigned -> open (buildvm-x86-30.iad2.fedoraproject.org)
  114135672 buildArch (jaxb-api2-2.3.3-10.fc41.src.rpm, noarch): open (buildvm-x86-30.iad2.fedoraproject.org) -> closed
  0 free  1 open  2 done  0 failed
  114135721 tagBuild (noarch): free
  114135721 tagBuild (noarch): free -> assigned
  114135721 tagBuild (noarch): assigned -> closed
  0 free  1 open  3 done  0 failed
114135631 build (f41-build-side-84507, /rpms/jaxb-api2.git:8ab3d8f7617aa3e322bc28575aa91e4c9182cadc): open (buildhw-x86-15.iad2.fedoraproject.org) -> closed
  0 free  0 open  4 done  0 failed

114135631 build (f41-build-side-84507, /rpms/jaxb-api2.git:8ab3d8f7617aa3e322bc28575aa91e4c9182cadc) completed successfully
