Cloning into 'jblas'...
RPMAutoSpec usage detected, not changing the spec file.
[rawhide 8c1d6a8] Rebuilt for java-21-openjdk as system jdk
Building jblas-1.2.5-15.fc41 for f41-build-side-84507
Created task: 114135684
Task info: https://koji.fedoraproject.org/koji/taskinfo?taskID=114135684
Watching tasks (this may be safely interrupted)...
114135684 build (f41-build-side-84507, /rpms/jblas.git:8c1d6a8f9f8eda77da4b8ad0cdc8e7e2f1e70b46): free
114135684 build (f41-build-side-84507, /rpms/jblas.git:8c1d6a8f9f8eda77da4b8ad0cdc8e7e2f1e70b46): free -> open (buildhw-x86-13.iad2.fedoraproject.org)
  114135686 buildSRPMFromSCM (/rpms/jblas.git:8c1d6a8f9f8eda77da4b8ad0cdc8e7e2f1e70b46): free
  114135686 buildSRPMFromSCM (/rpms/jblas.git:8c1d6a8f9f8eda77da4b8ad0cdc8e7e2f1e70b46): free -> assigned
  114135686 buildSRPMFromSCM (/rpms/jblas.git:8c1d6a8f9f8eda77da4b8ad0cdc8e7e2f1e70b46): assigned -> open (buildvm-x86-29.iad2.fedoraproject.org)
  114135686 buildSRPMFromSCM (/rpms/jblas.git:8c1d6a8f9f8eda77da4b8ad0cdc8e7e2f1e70b46): open (buildvm-x86-29.iad2.fedoraproject.org) -> closed
  0 free  1 open  1 done  0 failed
  114135730 buildArch (jblas-1.2.5-15.fc41.src.rpm, x86_64): free
  114135731 buildArch (jblas-1.2.5-15.fc41.src.rpm, aarch64): free
  114135732 buildArch (jblas-1.2.5-15.fc41.src.rpm, ppc64le): free
  114135733 buildArch (jblas-1.2.5-15.fc41.src.rpm, s390x): free
  114135730 buildArch (jblas-1.2.5-15.fc41.src.rpm, x86_64): free -> assigned
  114135731 buildArch (jblas-1.2.5-15.fc41.src.rpm, aarch64): free -> assigned
  114135732 buildArch (jblas-1.2.5-15.fc41.src.rpm, ppc64le): free -> assigned
  114135733 buildArch (jblas-1.2.5-15.fc41.src.rpm, s390x): free -> assigned
  114135732 buildArch (jblas-1.2.5-15.fc41.src.rpm, ppc64le): assigned -> open (buildvm-ppc64le-05.iad2.fedoraproject.org)
  114135733 buildArch (jblas-1.2.5-15.fc41.src.rpm, s390x): assigned -> open (buildvm-s390x-04.s390.fedoraproject.org)
  114135730 buildArch (jblas-1.2.5-15.fc41.src.rpm, x86_64): assigned -> open (buildhw-x86-16.iad2.fedoraproject.org)
  114135731 buildArch (jblas-1.2.5-15.fc41.src.rpm, aarch64): assigned -> open (buildvm-a64-25.iad2.fedoraproject.org)
  114135731 buildArch (jblas-1.2.5-15.fc41.src.rpm, aarch64): open (buildvm-a64-25.iad2.fedoraproject.org) -> closed
  0 free  4 open  2 done  0 failed
  114135733 buildArch (jblas-1.2.5-15.fc41.src.rpm, s390x): open (buildvm-s390x-04.s390.fedoraproject.org) -> closed
  0 free  3 open  3 done  0 failed
  114135732 buildArch (jblas-1.2.5-15.fc41.src.rpm, ppc64le): open (buildvm-ppc64le-05.iad2.fedoraproject.org) -> closed
  0 free  2 open  4 done  0 failed
  114135730 buildArch (jblas-1.2.5-15.fc41.src.rpm, x86_64): open (buildhw-x86-16.iad2.fedoraproject.org) -> closed
  0 free  1 open  5 done  0 failed
  114135840 tagBuild (noarch): free
  114135840 tagBuild (noarch): free -> assigned
114135684 build (f41-build-side-84507, /rpms/jblas.git:8c1d6a8f9f8eda77da4b8ad0cdc8e7e2f1e70b46): open (buildhw-x86-13.iad2.fedoraproject.org) -> closed
  0 free  1 open  6 done  0 failed
  114135840 tagBuild (noarch): assigned -> closed
  0 free  0 open  7 done  0 failed

114135684 build (f41-build-side-84507, /rpms/jblas.git:8c1d6a8f9f8eda77da4b8ad0cdc8e7e2f1e70b46) completed successfully
