Cloning into 'jboss-jaxrs-2.0-api'...
[rawhide ad6c4a6] Rebuilt for java-21-openjdk as system jdk
 1 file changed, 4 insertions(+), 1 deletion(-)
warning: %patchN is deprecated (1 usages found), use %patch N (or %patch -P N)

Building jboss-jaxrs-2.0-api-1.0.0-27.fc41 for f41-build-side-84507
Created task: 114135697
Task info: https://koji.fedoraproject.org/koji/taskinfo?taskID=114135697
Watching tasks (this may be safely interrupted)...
114135697 build (f41-build-side-84507, /rpms/jboss-jaxrs-2.0-api.git:ad6c4a6245cba5a2864cebfee29380fb7f0f36d8): free
114135697 build (f41-build-side-84507, /rpms/jboss-jaxrs-2.0-api.git:ad6c4a6245cba5a2864cebfee29380fb7f0f36d8): free -> assigned
114135697 build (f41-build-side-84507, /rpms/jboss-jaxrs-2.0-api.git:ad6c4a6245cba5a2864cebfee29380fb7f0f36d8): assigned -> open (buildvm-a64-21.iad2.fedoraproject.org)
  114135708 buildSRPMFromSCM (/rpms/jboss-jaxrs-2.0-api.git:ad6c4a6245cba5a2864cebfee29380fb7f0f36d8): free
  114135708 buildSRPMFromSCM (/rpms/jboss-jaxrs-2.0-api.git:ad6c4a6245cba5a2864cebfee29380fb7f0f36d8): free -> assigned
  114135708 buildSRPMFromSCM (/rpms/jboss-jaxrs-2.0-api.git:ad6c4a6245cba5a2864cebfee29380fb7f0f36d8): assigned -> open (buildvm-a64-25.iad2.fedoraproject.org)
  114135708 buildSRPMFromSCM (/rpms/jboss-jaxrs-2.0-api.git:ad6c4a6245cba5a2864cebfee29380fb7f0f36d8): open (buildvm-a64-25.iad2.fedoraproject.org) -> closed
  0 free  1 open  1 done  0 failed
  114135758 buildArch (jboss-jaxrs-2.0-api-1.0.0-27.fc41.src.rpm, noarch): free
  114135758 buildArch (jboss-jaxrs-2.0-api-1.0.0-27.fc41.src.rpm, noarch): free -> open (buildhw-x86-13.iad2.fedoraproject.org)
  114135758 buildArch (jboss-jaxrs-2.0-api-1.0.0-27.fc41.src.rpm, noarch): open (buildhw-x86-13.iad2.fedoraproject.org) -> closed
  0 free  1 open  2 done  0 failed
  114135798 tagBuild (noarch): free
  114135798 tagBuild (noarch): free -> assigned
  114135798 tagBuild (noarch): assigned -> closed
  0 free  1 open  3 done  0 failed
114135697 build (f41-build-side-84507, /rpms/jboss-jaxrs-2.0-api.git:ad6c4a6245cba5a2864cebfee29380fb7f0f36d8): open (buildvm-a64-21.iad2.fedoraproject.org) -> closed
  0 free  0 open  4 done  0 failed

114135697 build (f41-build-side-84507, /rpms/jboss-jaxrs-2.0-api.git:ad6c4a6245cba5a2864cebfee29380fb7f0f36d8) completed successfully
