Cloning into 'jboss-logging-tools'...
[f40 e3bbe2d] Rebuilt for java-21-openjdk as system jdk
 1 file changed, 4 insertions(+), 1 deletion(-)
Building jboss-logging-tools-2.2.1-17.fc40 for f40-build-side-84857
Created task: 114352008
Task info: https://koji.fedoraproject.org/koji/taskinfo?taskID=114352008
Watching tasks (this may be safely interrupted)...
114352008 build (f40-build-side-84857, /rpms/jboss-logging-tools.git:e3bbe2dd403cf5c3d6ac068432000f10aa7300fc): free
114352008 build (f40-build-side-84857, /rpms/jboss-logging-tools.git:e3bbe2dd403cf5c3d6ac068432000f10aa7300fc): free -> assigned
114352008 build (f40-build-side-84857, /rpms/jboss-logging-tools.git:e3bbe2dd403cf5c3d6ac068432000f10aa7300fc): assigned -> open (buildvm-a64-13.iad2.fedoraproject.org)
  114352026 buildSRPMFromSCM (/rpms/jboss-logging-tools.git:e3bbe2dd403cf5c3d6ac068432000f10aa7300fc): free
  114352026 buildSRPMFromSCM (/rpms/jboss-logging-tools.git:e3bbe2dd403cf5c3d6ac068432000f10aa7300fc): free -> assigned
  114352026 buildSRPMFromSCM (/rpms/jboss-logging-tools.git:e3bbe2dd403cf5c3d6ac068432000f10aa7300fc): assigned -> open (buildvm-a64-26.iad2.fedoraproject.org)
  114352026 buildSRPMFromSCM (/rpms/jboss-logging-tools.git:e3bbe2dd403cf5c3d6ac068432000f10aa7300fc): open (buildvm-a64-26.iad2.fedoraproject.org) -> closed
  0 free  1 open  1 done  0 failed
  114352091 buildArch (jboss-logging-tools-2.2.1-17.fc40.src.rpm, noarch): free
  114352091 buildArch (jboss-logging-tools-2.2.1-17.fc40.src.rpm, noarch): free -> assigned
  114352091 buildArch (jboss-logging-tools-2.2.1-17.fc40.src.rpm, noarch): assigned -> open (buildvm-ppc64le-15.iad2.fedoraproject.org)
  114352091 buildArch (jboss-logging-tools-2.2.1-17.fc40.src.rpm, noarch): open (buildvm-ppc64le-15.iad2.fedoraproject.org) -> closed
  0 free  1 open  2 done  0 failed
  114352160 tagBuild (noarch): free
  114352160 tagBuild (noarch): free -> assigned
114352008 build (f40-build-side-84857, /rpms/jboss-logging-tools.git:e3bbe2dd403cf5c3d6ac068432000f10aa7300fc): open (buildvm-a64-13.iad2.fedoraproject.org) -> closed
  0 free  1 open  3 done  0 failed
  114352160 tagBuild (noarch): assigned -> closed
  0 free  0 open  4 done  0 failed

114352008 build (f40-build-side-84857, /rpms/jboss-logging-tools.git:e3bbe2dd403cf5c3d6ac068432000f10aa7300fc) completed successfully
