Cloning into 'jboss-logging'...
[rawhide 35f8465] Rebuilt for java-21-openjdk as system jdk
 1 file changed, 4 insertions(+), 1 deletion(-)
Building jboss-logging-3.5.3-5.fc41 for f41-build-side-84507
Created task: 114135704
Task info: https://koji.fedoraproject.org/koji/taskinfo?taskID=114135704
Watching tasks (this may be safely interrupted)...
114135704 build (f41-build-side-84507, /rpms/jboss-logging.git:35f8465679a8426ca18c3d41bad106414c871c4b): free
114135704 build (f41-build-side-84507, /rpms/jboss-logging.git:35f8465679a8426ca18c3d41bad106414c871c4b): free -> assigned
114135704 build (f41-build-side-84507, /rpms/jboss-logging.git:35f8465679a8426ca18c3d41bad106414c871c4b): assigned -> open (buildvm-a64-31.iad2.fedoraproject.org)
  114135729 buildSRPMFromSCM (/rpms/jboss-logging.git:35f8465679a8426ca18c3d41bad106414c871c4b): free
  114135729 buildSRPMFromSCM (/rpms/jboss-logging.git:35f8465679a8426ca18c3d41bad106414c871c4b): free -> assigned
  114135729 buildSRPMFromSCM (/rpms/jboss-logging.git:35f8465679a8426ca18c3d41bad106414c871c4b): assigned -> open (buildvm-a64-21.iad2.fedoraproject.org)
  114135729 buildSRPMFromSCM (/rpms/jboss-logging.git:35f8465679a8426ca18c3d41bad106414c871c4b): open (buildvm-a64-21.iad2.fedoraproject.org) -> closed
  0 free  1 open  1 done  0 failed
  114135768 buildArch (jboss-logging-3.5.3-5.fc41.src.rpm, noarch): free
  114135768 buildArch (jboss-logging-3.5.3-5.fc41.src.rpm, noarch): free -> open (buildvm-ppc64le-06.iad2.fedoraproject.org)
  114135768 buildArch (jboss-logging-3.5.3-5.fc41.src.rpm, noarch): open (buildvm-ppc64le-06.iad2.fedoraproject.org) -> closed
  0 free  1 open  2 done  0 failed
  114135858 tagBuild (noarch): free
  114135858 tagBuild (noarch): free -> assigned
  114135858 tagBuild (noarch): assigned -> closed
  0 free  1 open  3 done  0 failed
114135704 build (f41-build-side-84507, /rpms/jboss-logging.git:35f8465679a8426ca18c3d41bad106414c871c4b): open (buildvm-a64-31.iad2.fedoraproject.org) -> closed
  0 free  0 open  4 done  0 failed

114135704 build (f41-build-side-84507, /rpms/jboss-logging.git:35f8465679a8426ca18c3d41bad106414c871c4b) completed successfully
