Cloning into 'jboss-parent'...
@@@@@@@@@@@@@@@@@@@@@@@@@@@@@@@@@@@@@@@@@@@@@@@@@@@@@@@@@@@
@    WARNING: REMOTE HOST IDENTIFICATION HAS CHANGED!     @
@@@@@@@@@@@@@@@@@@@@@@@@@@@@@@@@@@@@@@@@@@@@@@@@@@@@@@@@@@@
IT IS POSSIBLE THAT SOMEONE IS DOING SOMETHING NASTY!
Someone could be eavesdropping on you right now (man-in-the-middle attack)!
It is also possible that a host key has just been changed.
The fingerprint for the RSA key sent by the remote host is
SHA256:dJN0nFWBcWK7SFs2k0nnsO+XNA9+aEDY4FWO7uhxTN8.
Please contact your system administrator.
Add correct host key in /home/jvanek/.ssh/known_hosts to get rid of this message.
Offending RSA key in /home/jvanek/.ssh/known_hosts:2
Password authentication is disabled to avoid man-in-the-middle attacks.
Keyboard-interactive authentication is disabled to avoid man-in-the-middle attacks.
UpdateHostkeys is disabled because the host key is not trusted.
[rawhide cf4484d] Rebuilt for java-25-openjdk as preffered jdk
 1 file changed, 5 insertions(+), 2 deletions(-)
Building jboss-parent-20-25.fc43 for rawhide
Created task: 135451917
Task info: https://koji.fedoraproject.org/koji/taskinfo?taskID=135451917
Watching tasks (this may be safely interrupted)...
135451917 build (rawhide, /rpms/jboss-parent.git:cf4484dc0297ba0de010e46735222c9987ba9e82): free
135451917 build (rawhide, /rpms/jboss-parent.git:cf4484dc0297ba0de010e46735222c9987ba9e82): free -> assigned (buildvm-a64-47.rdu3.fedoraproject.org)
135451917 build (rawhide, /rpms/jboss-parent.git:cf4484dc0297ba0de010e46735222c9987ba9e82): assigned (buildvm-a64-47.rdu3.fedoraproject.org) -> open (buildvm-a64-47.rdu3.fedoraproject.org)
  135451934 buildSRPMFromSCM (/rpms/jboss-parent.git:cf4484dc0297ba0de010e46735222c9987ba9e82): free
  135451934 buildSRPMFromSCM (/rpms/jboss-parent.git:cf4484dc0297ba0de010e46735222c9987ba9e82): free -> assigned (buildvm-x86-12.rdu3.fedoraproject.org)
  135451934 buildSRPMFromSCM (/rpms/jboss-parent.git:cf4484dc0297ba0de010e46735222c9987ba9e82): assigned (buildvm-x86-12.rdu3.fedoraproject.org) -> open (buildvm-x86-12.rdu3.fedoraproject.org)
  135451934 buildSRPMFromSCM (/rpms/jboss-parent.git:cf4484dc0297ba0de010e46735222c9987ba9e82): open (buildvm-x86-12.rdu3.fedoraproject.org) -> closed
  0 free  1 open  1 done  0 failed
  135452013 buildArch (jboss-parent-20-25.fc43.src.rpm, noarch): free
  135452013 buildArch (jboss-parent-20-25.fc43.src.rpm, noarch): free -> assigned (buildhw-x86-13.rdu3.fedoraproject.org)
  135452013 buildArch (jboss-parent-20-25.fc43.src.rpm, noarch): assigned (buildhw-x86-13.rdu3.fedoraproject.org) -> open (buildhw-x86-13.rdu3.fedoraproject.org)
  135452071 tagBuild (noarch): free
  135452013 buildArch (jboss-parent-20-25.fc43.src.rpm, noarch): open (buildhw-x86-13.rdu3.fedoraproject.org) -> closed
  1 free  1 open  2 done  0 failed
  135452071 tagBuild (noarch): free -> assigned (buildvm-a64-45.rdu3.fedoraproject.org)
  135452071 tagBuild (noarch): assigned (buildvm-a64-45.rdu3.fedoraproject.org) -> closed
  0 free  1 open  3 done  0 failed
135451917 build (rawhide, /rpms/jboss-parent.git:cf4484dc0297ba0de010e46735222c9987ba9e82): open (buildvm-a64-47.rdu3.fedoraproject.org) -> closed
  0 free  0 open  4 done  0 failed

135451917 build (rawhide, /rpms/jboss-parent.git:cf4484dc0297ba0de010e46735222c9987ba9e82) completed successfully
