Cloning into 'jchardet'...
[rawhide fc50e92] Rebuilt for java-21-openjdk as system jdk
 1 file changed, 4 insertions(+), 1 deletion(-)
Building jchardet-1.1-34.fc41 for f41-build-side-84507
Created task: 114135750
Task info: https://koji.fedoraproject.org/koji/taskinfo?taskID=114135750
Watching tasks (this may be safely interrupted)...
114135750 build (f41-build-side-84507, /rpms/jchardet.git:fc50e92285afbfb151adc3f3edefee63f11ae23b): free
114135750 build (f41-build-side-84507, /rpms/jchardet.git:fc50e92285afbfb151adc3f3edefee63f11ae23b): free -> assigned
114135750 build (f41-build-side-84507, /rpms/jchardet.git:fc50e92285afbfb151adc3f3edefee63f11ae23b): assigned -> open (buildvm-a64-39.iad2.fedoraproject.org)
  114135757 buildSRPMFromSCM (/rpms/jchardet.git:fc50e92285afbfb151adc3f3edefee63f11ae23b): free
  114135757 buildSRPMFromSCM (/rpms/jchardet.git:fc50e92285afbfb151adc3f3edefee63f11ae23b): free -> assigned
  114135757 buildSRPMFromSCM (/rpms/jchardet.git:fc50e92285afbfb151adc3f3edefee63f11ae23b): assigned -> open (buildvm-a64-14.iad2.fedoraproject.org)
  114135782 buildArch (jchardet-1.1-34.fc41.src.rpm, noarch): assigned
  114135757 buildSRPMFromSCM (/rpms/jchardet.git:fc50e92285afbfb151adc3f3edefee63f11ae23b): open (buildvm-a64-14.iad2.fedoraproject.org) -> closed
  0 free  2 open  1 done  0 failed
  114135782 buildArch (jchardet-1.1-34.fc41.src.rpm, noarch): assigned -> open (buildvm-s390x-06.s390.fedoraproject.org)
  114135782 buildArch (jchardet-1.1-34.fc41.src.rpm, noarch): open (buildvm-s390x-06.s390.fedoraproject.org) -> closed
  0 free  1 open  2 done  0 failed
  114135823 tagBuild (noarch): free
  114135823 tagBuild (noarch): free -> assigned
  114135823 tagBuild (noarch): assigned -> closed
  0 free  1 open  3 done  0 failed
114135750 build (f41-build-side-84507, /rpms/jchardet.git:fc50e92285afbfb151adc3f3edefee63f11ae23b): open (buildvm-a64-39.iad2.fedoraproject.org) -> closed
  0 free  0 open  4 done  0 failed

114135750 build (f41-build-side-84507, /rpms/jchardet.git:fc50e92285afbfb151adc3f3edefee63f11ae23b) completed successfully
