Cloning into 'jcommon'...
[rawhide c0aa5da] Rebuilt for java-17-openjdk as system jdk
 1 file changed, 4 insertions(+), 1 deletion(-)
Building jcommon-1.0.23-22.fc36 for f36-java17
Created task: 82429076
Task info: https://koji.fedoraproject.org/koji/taskinfo?taskID=82429076
Watching tasks (this may be safely interrupted)...
82429076 build (f36-java17, /rpms/jcommon.git:c0aa5dae651ffa255517a87b287cc28256e043b1): free
82429076 build (f36-java17, /rpms/jcommon.git:c0aa5dae651ffa255517a87b287cc28256e043b1): free -> open (buildvm-x86-25.iad2.fedoraproject.org)
  82429094 buildSRPMFromSCM (/rpms/jcommon.git:c0aa5dae651ffa255517a87b287cc28256e043b1): free
  82429094 buildSRPMFromSCM (/rpms/jcommon.git:c0aa5dae651ffa255517a87b287cc28256e043b1): free -> open (buildvm-ppc64le-26.iad2.fedoraproject.org)
  82429094 buildSRPMFromSCM (/rpms/jcommon.git:c0aa5dae651ffa255517a87b287cc28256e043b1): open (buildvm-ppc64le-26.iad2.fedoraproject.org) -> closed
  0 free  1 open  1 done  0 failed
  82429162 buildArch (jcommon-1.0.23-22.fc36.src.rpm, noarch): free
  82429162 buildArch (jcommon-1.0.23-22.fc36.src.rpm, noarch): free -> open (buildvm-ppc64le-38.iad2.fedoraproject.org)
  82429162 buildArch (jcommon-1.0.23-22.fc36.src.rpm, noarch): open (buildvm-ppc64le-38.iad2.fedoraproject.org) -> closed
  0 free  1 open  2 done  0 failed
  82429307 tagBuild (noarch): closed
82429076 build (f36-java17, /rpms/jcommon.git:c0aa5dae651ffa255517a87b287cc28256e043b1): open (buildvm-x86-25.iad2.fedoraproject.org) -> closed
  0 free  0 open  4 done  0 failed

82429076 build (f36-java17, /rpms/jcommon.git:c0aa5dae651ffa255517a87b287cc28256e043b1) completed successfully
