Cloning into 'jcommon-serializer'...
[rawhide a5794dd] Rebuilt for java-17-openjdk as system jdk
 1 file changed, 4 insertions(+), 1 deletion(-)
Building jcommon-serializer-0.3.0-30.fc36 for f36-java17
Created task: 82429095
Task info: https://koji.fedoraproject.org/koji/taskinfo?taskID=82429095
Watching tasks (this may be safely interrupted)...
82429095 build (f36-java17, /rpms/jcommon-serializer.git:a5794ddf52006f92d38a67121762ef1d323fc17f): free
82429095 build (f36-java17, /rpms/jcommon-serializer.git:a5794ddf52006f92d38a67121762ef1d323fc17f): free -> open (buildvm-ppc64le-38.iad2.fedoraproject.org)
  82429111 buildSRPMFromSCM (/rpms/jcommon-serializer.git:a5794ddf52006f92d38a67121762ef1d323fc17f): free
  82429111 buildSRPMFromSCM (/rpms/jcommon-serializer.git:a5794ddf52006f92d38a67121762ef1d323fc17f): free -> open (buildvm-ppc64le-36.iad2.fedoraproject.org)
  82429111 buildSRPMFromSCM (/rpms/jcommon-serializer.git:a5794ddf52006f92d38a67121762ef1d323fc17f): open (buildvm-ppc64le-36.iad2.fedoraproject.org) -> closed
  0 free  1 open  1 done  0 failed
  82429175 buildArch (jcommon-serializer-0.3.0-30.fc36.src.rpm, noarch): free
  82429175 buildArch (jcommon-serializer-0.3.0-30.fc36.src.rpm, noarch): free -> open (buildvm-ppc64le-06.iad2.fedoraproject.org)
  82429175 buildArch (jcommon-serializer-0.3.0-30.fc36.src.rpm, noarch): open (buildvm-ppc64le-06.iad2.fedoraproject.org) -> closed
  0 free  1 open  2 done  0 failed
  82429269 tagBuild (noarch): closed
82429095 build (f36-java17, /rpms/jcommon-serializer.git:a5794ddf52006f92d38a67121762ef1d323fc17f): open (buildvm-ppc64le-38.iad2.fedoraproject.org) -> closed
  0 free  0 open  4 done  0 failed

82429095 build (f36-java17, /rpms/jcommon-serializer.git:a5794ddf52006f92d38a67121762ef1d323fc17f) completed successfully
