Cloning into 'jctools'...
[f40 2a17556] Rebuilt for java-21-openjdk as system jdk
 1 file changed, 4 insertions(+), 1 deletion(-)
Found a gating.yaml file in the repo and it is properly configured
Building jctools-4.0.2-3.fc40 for f40-build-side-84857
Created task: 114352082
Task info: https://koji.fedoraproject.org/koji/taskinfo?taskID=114352082
Watching tasks (this may be safely interrupted)...
114352082 build (f40-build-side-84857, /rpms/jctools.git:2a17556618f1cba0a23f2bab6b5522f65d4ffa97): free
114352082 build (f40-build-side-84857, /rpms/jctools.git:2a17556618f1cba0a23f2bab6b5522f65d4ffa97): free -> assigned
114352082 build (f40-build-side-84857, /rpms/jctools.git:2a17556618f1cba0a23f2bab6b5522f65d4ffa97): assigned -> open (buildvm-a64-26.iad2.fedoraproject.org)
  114352093 buildSRPMFromSCM (/rpms/jctools.git:2a17556618f1cba0a23f2bab6b5522f65d4ffa97): free
  114352093 buildSRPMFromSCM (/rpms/jctools.git:2a17556618f1cba0a23f2bab6b5522f65d4ffa97): free -> open (buildvm-a64-09.iad2.fedoraproject.org)
  114352093 buildSRPMFromSCM (/rpms/jctools.git:2a17556618f1cba0a23f2bab6b5522f65d4ffa97): open (buildvm-a64-09.iad2.fedoraproject.org) -> closed
  0 free  1 open  1 done  0 failed
  114352148 buildArch (jctools-4.0.2-3.fc40.src.rpm, noarch): free
  114352148 buildArch (jctools-4.0.2-3.fc40.src.rpm, noarch): free -> assigned
  114352148 buildArch (jctools-4.0.2-3.fc40.src.rpm, noarch): assigned -> open (buildvm-ppc64le-11.iad2.fedoraproject.org)
  114352148 buildArch (jctools-4.0.2-3.fc40.src.rpm, noarch): open (buildvm-ppc64le-11.iad2.fedoraproject.org) -> closed
  0 free  1 open  2 done  0 failed
  114352268 tagBuild (noarch): free
  114352268 tagBuild (noarch): free -> open (buildvm-ppc64le-06.iad2.fedoraproject.org)
  114352268 tagBuild (noarch): open (buildvm-ppc64le-06.iad2.fedoraproject.org) -> closed
  0 free  1 open  3 done  0 failed
114352082 build (f40-build-side-84857, /rpms/jctools.git:2a17556618f1cba0a23f2bab6b5522f65d4ffa97): open (buildvm-a64-26.iad2.fedoraproject.org) -> closed
  0 free  0 open  4 done  0 failed

114352082 build (f40-build-side-84857, /rpms/jctools.git:2a17556618f1cba0a23f2bab6b5522f65d4ffa97) completed successfully
