Cloning into 'jcuber'...
[rawhide 5de291c] Rebuilt for java-21-openjdk as system jdk
 1 file changed, 4 insertions(+), 1 deletion(-)
Building jcuber-4.8-6.fc41 for f41-build-side-84507
Created task: 114135776
Task info: https://koji.fedoraproject.org/koji/taskinfo?taskID=114135776
Watching tasks (this may be safely interrupted)...
114135776 build (f41-build-side-84507, /rpms/jcuber.git:5de291ce7518367810179f8f9c34be49c157ea6e): free
114135776 build (f41-build-side-84507, /rpms/jcuber.git:5de291ce7518367810179f8f9c34be49c157ea6e): free -> assigned
114135776 build (f41-build-side-84507, /rpms/jcuber.git:5de291ce7518367810179f8f9c34be49c157ea6e): assigned -> open (buildvm-x86-30.iad2.fedoraproject.org)
  114135791 buildSRPMFromSCM (/rpms/jcuber.git:5de291ce7518367810179f8f9c34be49c157ea6e): free
  114135791 buildSRPMFromSCM (/rpms/jcuber.git:5de291ce7518367810179f8f9c34be49c157ea6e): free -> open (buildvm-a64-31.iad2.fedoraproject.org)
  114135791 buildSRPMFromSCM (/rpms/jcuber.git:5de291ce7518367810179f8f9c34be49c157ea6e): open (buildvm-a64-31.iad2.fedoraproject.org) -> closed
  0 free  1 open  1 done  0 failed
  114135851 buildArch (jcuber-4.8-6.fc41.src.rpm, noarch): assigned
  114135851 buildArch (jcuber-4.8-6.fc41.src.rpm, noarch): assigned -> open (buildvm-s390x-07.s390.fedoraproject.org)
  114135851 buildArch (jcuber-4.8-6.fc41.src.rpm, noarch): open (buildvm-s390x-07.s390.fedoraproject.org) -> closed
  0 free  1 open  2 done  0 failed
  114135943 tagBuild (noarch): free
  114135943 tagBuild (noarch): free -> assigned
  114135943 tagBuild (noarch): assigned -> closed
  0 free  1 open  3 done  0 failed
114135776 build (f41-build-side-84507, /rpms/jcuber.git:5de291ce7518367810179f8f9c34be49c157ea6e): open (buildvm-x86-30.iad2.fedoraproject.org) -> closed
  0 free  0 open  4 done  0 failed

114135776 build (f41-build-side-84507, /rpms/jcuber.git:5de291ce7518367810179f8f9c34be49c157ea6e) completed successfully
