Cloning into 'jdepend'...
[f40 c723061] Rebuilt for java-21-openjdk as system jdk
 1 file changed, 4 insertions(+), 1 deletion(-)
Found a gating.yaml file in the repo and it is properly configured
Building jdepend-2.10-10.fc40 for f40-build-side-84857
Created task: 114352133
Task info: https://koji.fedoraproject.org/koji/taskinfo?taskID=114352133
Watching tasks (this may be safely interrupted)...
114352133 build (f40-build-side-84857, /rpms/jdepend.git:c72306146399c534013684df5a75e2cc0849961b): free
114352133 build (f40-build-side-84857, /rpms/jdepend.git:c72306146399c534013684df5a75e2cc0849961b): free -> assigned
114352133 build (f40-build-side-84857, /rpms/jdepend.git:c72306146399c534013684df5a75e2cc0849961b): assigned -> open (buildvm-ppc64le-02.iad2.fedoraproject.org)
  114352149 buildSRPMFromSCM (/rpms/jdepend.git:c72306146399c534013684df5a75e2cc0849961b): free
  114352149 buildSRPMFromSCM (/rpms/jdepend.git:c72306146399c534013684df5a75e2cc0849961b): free -> assigned
  114352149 buildSRPMFromSCM (/rpms/jdepend.git:c72306146399c534013684df5a75e2cc0849961b): assigned -> open (buildvm-a64-14.iad2.fedoraproject.org)
  114352149 buildSRPMFromSCM (/rpms/jdepend.git:c72306146399c534013684df5a75e2cc0849961b): open (buildvm-a64-14.iad2.fedoraproject.org) -> closed
  0 free  1 open  1 done  0 failed
  114352193 buildArch (jdepend-2.10-10.fc40.src.rpm, noarch): free
  114352193 buildArch (jdepend-2.10-10.fc40.src.rpm, noarch): free -> open (buildvm-x86-19.iad2.fedoraproject.org)
  114352193 buildArch (jdepend-2.10-10.fc40.src.rpm, noarch): open (buildvm-x86-19.iad2.fedoraproject.org) -> closed
  0 free  1 open  2 done  0 failed
  114352315 tagBuild (noarch): free
  114352315 tagBuild (noarch): free -> assigned
  114352315 tagBuild (noarch): assigned -> closed
  0 free  1 open  3 done  0 failed
114352133 build (f40-build-side-84857, /rpms/jdepend.git:c72306146399c534013684df5a75e2cc0849961b): open (buildvm-ppc64le-02.iad2.fedoraproject.org) -> closed
  0 free  0 open  4 done  0 failed

114352133 build (f40-build-side-84857, /rpms/jdepend.git:c72306146399c534013684df5a75e2cc0849961b) completed successfully
