Cloning into 'jdom2'...
[f40 9facc43] Rebuilt for java-21-openjdk as system jdk
 1 file changed, 4 insertions(+), 1 deletion(-)
Found a gating.yaml file in the repo and it is properly configured
Building jdom2-2.0.6.1-7.fc40 for f40-build-side-84857
Created task: 114352169
Task info: https://koji.fedoraproject.org/koji/taskinfo?taskID=114352169
Watching tasks (this may be safely interrupted)...
114352169 build (f40-build-side-84857, /rpms/jdom2.git:9facc43a3936f564ecafe38ca2ae1185fec68f30): free
114352169 build (f40-build-side-84857, /rpms/jdom2.git:9facc43a3936f564ecafe38ca2ae1185fec68f30): free -> assigned
114352169 build (f40-build-side-84857, /rpms/jdom2.git:9facc43a3936f564ecafe38ca2ae1185fec68f30): assigned -> open (buildvm-a64-20.iad2.fedoraproject.org)
  114352202 buildSRPMFromSCM (/rpms/jdom2.git:9facc43a3936f564ecafe38ca2ae1185fec68f30): free
  114352202 buildSRPMFromSCM (/rpms/jdom2.git:9facc43a3936f564ecafe38ca2ae1185fec68f30): free -> assigned
  114352202 buildSRPMFromSCM (/rpms/jdom2.git:9facc43a3936f564ecafe38ca2ae1185fec68f30): assigned -> open (buildvm-a64-13.iad2.fedoraproject.org)
  114352202 buildSRPMFromSCM (/rpms/jdom2.git:9facc43a3936f564ecafe38ca2ae1185fec68f30): open (buildvm-a64-13.iad2.fedoraproject.org) -> closed
  0 free  1 open  1 done  0 failed
  114352300 buildArch (jdom2-2.0.6.1-7.fc40.src.rpm, noarch): free
  114352300 buildArch (jdom2-2.0.6.1-7.fc40.src.rpm, noarch): free -> assigned
  114352300 buildArch (jdom2-2.0.6.1-7.fc40.src.rpm, noarch): assigned -> open (buildvm-s390x-01.s390.fedoraproject.org)
  114352300 buildArch (jdom2-2.0.6.1-7.fc40.src.rpm, noarch): open (buildvm-s390x-01.s390.fedoraproject.org) -> closed
  0 free  1 open  2 done  0 failed
  114352369 tagBuild (noarch): free
  114352369 tagBuild (noarch): free -> assigned
  114352369 tagBuild (noarch): assigned -> closed
  0 free  1 open  3 done  0 failed
114352169 build (f40-build-side-84857, /rpms/jdom2.git:9facc43a3936f564ecafe38ca2ae1185fec68f30): open (buildvm-a64-20.iad2.fedoraproject.org) -> closed
  0 free  0 open  4 done  0 failed

114352169 build (f40-build-side-84857, /rpms/jdom2.git:9facc43a3936f564ecafe38ca2ae1185fec68f30) completed successfully
