Cloning into 'jdom'...
@@@@@@@@@@@@@@@@@@@@@@@@@@@@@@@@@@@@@@@@@@@@@@@@@@@@@@@@@@@
@    WARNING: REMOTE HOST IDENTIFICATION HAS CHANGED!     @
@@@@@@@@@@@@@@@@@@@@@@@@@@@@@@@@@@@@@@@@@@@@@@@@@@@@@@@@@@@
IT IS POSSIBLE THAT SOMEONE IS DOING SOMETHING NASTY!
Someone could be eavesdropping on you right now (man-in-the-middle attack)!
It is also possible that a host key has just been changed.
The fingerprint for the RSA key sent by the remote host is
SHA256:dJN0nFWBcWK7SFs2k0nnsO+XNA9+aEDY4FWO7uhxTN8.
Please contact your system administrator.
Add correct host key in /home/jvanek/.ssh/known_hosts to get rid of this message.
Offending RSA key in /home/jvanek/.ssh/known_hosts:2
Password authentication is disabled to avoid man-in-the-middle attacks.
Keyboard-interactive authentication is disabled to avoid man-in-the-middle attacks.
UpdateHostkeys is disabled because the host key is not trusted.
RPMAutoSpec usage detected, not changing the spec file.
[rawhide 1c67c14] Rebuilt for java-25-openjdk as preffered jdk
 1 file changed, 1 insertion(+), 1 deletion(-)
Found a gating.yaml file in the repo and it is properly configured
Building jdom-1.1.3-49.fc43 for rawhide
Created task: 135452070
Task info: https://koji.fedoraproject.org/koji/taskinfo?taskID=135452070
Watching tasks (this may be safely interrupted)...
135452070 build (rawhide, /rpms/jdom.git:1c67c14679be2c9b96d44339df3427926b6f5751): free
135452070 build (rawhide, /rpms/jdom.git:1c67c14679be2c9b96d44339df3427926b6f5751): free -> assigned (buildvm-ppc64le-21.rdu3.fedoraproject.org)
135452070 build (rawhide, /rpms/jdom.git:1c67c14679be2c9b96d44339df3427926b6f5751): assigned (buildvm-ppc64le-21.rdu3.fedoraproject.org) -> open (buildvm-ppc64le-21.rdu3.fedoraproject.org)
  135452106 buildSRPMFromSCM (/rpms/jdom.git:1c67c14679be2c9b96d44339df3427926b6f5751): free
  135452106 buildSRPMFromSCM (/rpms/jdom.git:1c67c14679be2c9b96d44339df3427926b6f5751): free -> open (buildvm-a64-45.rdu3.fedoraproject.org)
  135452106 buildSRPMFromSCM (/rpms/jdom.git:1c67c14679be2c9b96d44339df3427926b6f5751): open (buildvm-a64-45.rdu3.fedoraproject.org) -> closed
  0 free  1 open  1 done  0 failed
  135452188 buildArch (jdom-1.1.3-49.fc43.src.rpm, noarch): free
  135452188 buildArch (jdom-1.1.3-49.fc43.src.rpm, noarch): free -> open (buildhw-x86-13.rdu3.fedoraproject.org)
  135452305 tagBuild (noarch): closed
  135452188 buildArch (jdom-1.1.3-49.fc43.src.rpm, noarch): open (buildhw-x86-13.rdu3.fedoraproject.org) -> closed
  0 free  1 open  3 done  0 failed
135452070 build (rawhide, /rpms/jdom.git:1c67c14679be2c9b96d44339df3427926b6f5751): open (buildvm-ppc64le-21.rdu3.fedoraproject.org) -> closed
  0 free  0 open  4 done  0 failed

135452070 build (rawhide, /rpms/jdom.git:1c67c14679be2c9b96d44339df3427926b6f5751) completed successfully
