Cloning into 'jericho-html'...
[rawhide 01156c7] Rebuilt for java-21-openjdk as system jdk
 1 file changed, 4 insertions(+), 1 deletion(-)
Building jericho-html-3.3-30.fc41 for f41-build-side-84507
Created task: 114135938
Task info: https://koji.fedoraproject.org/koji/taskinfo?taskID=114135938
Watching tasks (this may be safely interrupted)...
114135938 build (f41-build-side-84507, /rpms/jericho-html.git:01156c774cc5bfc2328d131fb3a492e1b77b374a): free
114135938 build (f41-build-side-84507, /rpms/jericho-html.git:01156c774cc5bfc2328d131fb3a492e1b77b374a): free -> assigned
114135938 build (f41-build-side-84507, /rpms/jericho-html.git:01156c774cc5bfc2328d131fb3a492e1b77b374a): assigned -> open (buildvm-ppc64le-23.iad2.fedoraproject.org)
  114135992 buildSRPMFromSCM (/rpms/jericho-html.git:01156c774cc5bfc2328d131fb3a492e1b77b374a): free
  114135992 buildSRPMFromSCM (/rpms/jericho-html.git:01156c774cc5bfc2328d131fb3a492e1b77b374a): free -> assigned
  114135992 buildSRPMFromSCM (/rpms/jericho-html.git:01156c774cc5bfc2328d131fb3a492e1b77b374a): assigned -> open (buildvm-x86-30.iad2.fedoraproject.org)
  114135992 buildSRPMFromSCM (/rpms/jericho-html.git:01156c774cc5bfc2328d131fb3a492e1b77b374a): open (buildvm-x86-30.iad2.fedoraproject.org) -> closed
  0 free  1 open  1 done  0 failed
  114136098 buildArch (jericho-html-3.3-30.fc41.src.rpm, noarch): free
  114136098 buildArch (jericho-html-3.3-30.fc41.src.rpm, noarch): free -> open (buildvm-x86-11.iad2.fedoraproject.org)
  114136098 buildArch (jericho-html-3.3-30.fc41.src.rpm, noarch): open (buildvm-x86-11.iad2.fedoraproject.org) -> closed
  0 free  1 open  2 done  0 failed
  114136137 tagBuild (noarch): free
  114136137 tagBuild (noarch): free -> assigned
  114136137 tagBuild (noarch): assigned -> closed
  0 free  1 open  3 done  0 failed
114135938 build (f41-build-side-84507, /rpms/jericho-html.git:01156c774cc5bfc2328d131fb3a492e1b77b374a): open (buildvm-ppc64le-23.iad2.fedoraproject.org) -> closed
  0 free  0 open  4 done  0 failed

114135938 build (f41-build-side-84507, /rpms/jericho-html.git:01156c774cc5bfc2328d131fb3a492e1b77b374a) completed successfully
