Cloning into 'jetbrains-annotations'...
@@@@@@@@@@@@@@@@@@@@@@@@@@@@@@@@@@@@@@@@@@@@@@@@@@@@@@@@@@@
@    WARNING: REMOTE HOST IDENTIFICATION HAS CHANGED!     @
@@@@@@@@@@@@@@@@@@@@@@@@@@@@@@@@@@@@@@@@@@@@@@@@@@@@@@@@@@@
IT IS POSSIBLE THAT SOMEONE IS DOING SOMETHING NASTY!
Someone could be eavesdropping on you right now (man-in-the-middle attack)!
It is also possible that a host key has just been changed.
The fingerprint for the RSA key sent by the remote host is
SHA256:dJN0nFWBcWK7SFs2k0nnsO+XNA9+aEDY4FWO7uhxTN8.
Please contact your system administrator.
Add correct host key in /home/jvanek/.ssh/known_hosts to get rid of this message.
Offending RSA key in /home/jvanek/.ssh/known_hosts:2
Password authentication is disabled to avoid man-in-the-middle attacks.
Keyboard-interactive authentication is disabled to avoid man-in-the-middle attacks.
UpdateHostkeys is disabled because the host key is not trusted.
RPMAutoSpec usage detected, not changing the spec file.
[rawhide db40e76] Rebuilt for java-25-openjdk as preffered jdk
 1 file changed, 1 insertion(+), 1 deletion(-)
Building jetbrains-annotations-26.0.2-3.fc43 for rawhide
Created task: 135452142
Task info: https://koji.fedoraproject.org/koji/taskinfo?taskID=135452142
Watching tasks (this may be safely interrupted)...
135452142 build (rawhide, /rpms/jetbrains-annotations.git:db40e765dd3240281bc09a1247d38d196bc3bc99): free
135452142 build (rawhide, /rpms/jetbrains-annotations.git:db40e765dd3240281bc09a1247d38d196bc3bc99): free -> assigned (buildvm-a64-37.rdu3.fedoraproject.org)
135452142 build (rawhide, /rpms/jetbrains-annotations.git:db40e765dd3240281bc09a1247d38d196bc3bc99): assigned (buildvm-a64-37.rdu3.fedoraproject.org) -> open (buildvm-a64-37.rdu3.fedoraproject.org)
  135452182 buildSRPMFromSCM (/rpms/jetbrains-annotations.git:db40e765dd3240281bc09a1247d38d196bc3bc99): free
  135452182 buildSRPMFromSCM (/rpms/jetbrains-annotations.git:db40e765dd3240281bc09a1247d38d196bc3bc99): free -> open (buildhw-x86-03.rdu3.fedoraproject.org)
  135452277 buildArch (jetbrains-annotations-26.0.2-3.fc43.src.rpm, noarch): free
  135452182 buildSRPMFromSCM (/rpms/jetbrains-annotations.git:db40e765dd3240281bc09a1247d38d196bc3bc99): open (buildhw-x86-03.rdu3.fedoraproject.org) -> closed
  1 free  1 open  1 done  0 failed
  135452277 buildArch (jetbrains-annotations-26.0.2-3.fc43.src.rpm, noarch): free -> assigned (buildhw-x86-13.rdu3.fedoraproject.org)
  135452277 buildArch (jetbrains-annotations-26.0.2-3.fc43.src.rpm, noarch): assigned (buildhw-x86-13.rdu3.fedoraproject.org) -> open (buildhw-x86-13.rdu3.fedoraproject.org)
  135452277 buildArch (jetbrains-annotations-26.0.2-3.fc43.src.rpm, noarch): open (buildhw-x86-13.rdu3.fedoraproject.org) -> closed
  0 free  1 open  2 done  0 failed
  135452335 tagBuild (noarch): free
  135452335 tagBuild (noarch): free -> assigned (buildvm-ppc64le-19.rdu3.fedoraproject.org)
135452142 build (rawhide, /rpms/jetbrains-annotations.git:db40e765dd3240281bc09a1247d38d196bc3bc99): open (buildvm-a64-37.rdu3.fedoraproject.org) -> closed
  0 free  1 open  3 done  0 failed
  135452335 tagBuild (noarch): assigned (buildvm-ppc64le-19.rdu3.fedoraproject.org) -> closed
  0 free  0 open  4 done  0 failed

135452142 build (rawhide, /rpms/jetbrains-annotations.git:db40e765dd3240281bc09a1247d38d196bc3bc99) completed successfully
