Cloning into 'jflex'...
[rawhide 08bca7a] Rebuilt for java-21-openjdk as system jdk
 1 file changed, 4 insertions(+), 1 deletion(-)
Found a gating.yaml file in the repo and it is properly configured
Building jflex-1.7.0-18.fc41 for f41-build-side-84507
Created task: 114136014
Task info: https://koji.fedoraproject.org/koji/taskinfo?taskID=114136014
Watching tasks (this may be safely interrupted)...
114136014 build (f41-build-side-84507, /rpms/jflex.git:08bca7ab80516f93a9cad9e7b78c7433cc91ecf1): free
114136014 build (f41-build-side-84507, /rpms/jflex.git:08bca7ab80516f93a9cad9e7b78c7433cc91ecf1): free -> open (buildvm-a64-14.iad2.fedoraproject.org)
  114136045 buildSRPMFromSCM (/rpms/jflex.git:08bca7ab80516f93a9cad9e7b78c7433cc91ecf1): free
  114136045 buildSRPMFromSCM (/rpms/jflex.git:08bca7ab80516f93a9cad9e7b78c7433cc91ecf1): free -> open (buildvm-a64-30.iad2.fedoraproject.org)
  114136117 buildArch (jflex-1.7.0-18.fc41.src.rpm, noarch): free
  114136045 buildSRPMFromSCM (/rpms/jflex.git:08bca7ab80516f93a9cad9e7b78c7433cc91ecf1): open (buildvm-a64-30.iad2.fedoraproject.org) -> closed
  1 free  1 open  1 done  0 failed
  114136117 buildArch (jflex-1.7.0-18.fc41.src.rpm, noarch): free -> assigned
  114136117 buildArch (jflex-1.7.0-18.fc41.src.rpm, noarch): assigned -> free
  114136117 buildArch (jflex-1.7.0-18.fc41.src.rpm, noarch): free -> assigned
  114136117 buildArch (jflex-1.7.0-18.fc41.src.rpm, noarch): assigned -> open (buildvm-ppc64le-08.iad2.fedoraproject.org)
  114136117 buildArch (jflex-1.7.0-18.fc41.src.rpm, noarch): open (buildvm-ppc64le-08.iad2.fedoraproject.org) -> closed
  0 free  1 open  2 done  0 failed
  114136413 tagBuild (noarch): free
  114136413 tagBuild (noarch): free -> assigned
  114136413 tagBuild (noarch): assigned -> closed
  0 free  1 open  3 done  0 failed
114136014 build (f41-build-side-84507, /rpms/jflex.git:08bca7ab80516f93a9cad9e7b78c7433cc91ecf1): open (buildvm-a64-14.iad2.fedoraproject.org) -> closed
  0 free  0 open  4 done  0 failed

114136014 build (f41-build-side-84507, /rpms/jflex.git:08bca7ab80516f93a9cad9e7b78c7433cc91ecf1) completed successfully
