Cloning into 'jfreechart'...
[f40 ce4ef57] Rebuilt for java-21-openjdk as system jdk
 1 file changed, 4 insertions(+), 1 deletion(-)
Building jfreechart-1.5.4-5.fc40 for f40-build-side-84857
Created task: 114352309
Task info: https://koji.fedoraproject.org/koji/taskinfo?taskID=114352309
Watching tasks (this may be safely interrupted)...
114352309 build (f40-build-side-84857, /rpms/jfreechart.git:ce4ef57042ec92fb12800191badc24ea442b0362): free
114352309 build (f40-build-side-84857, /rpms/jfreechart.git:ce4ef57042ec92fb12800191badc24ea442b0362): free -> assigned
114352309 build (f40-build-side-84857, /rpms/jfreechart.git:ce4ef57042ec92fb12800191badc24ea442b0362): assigned -> open (buildvm-s390x-09.s390.fedoraproject.org)
  114352366 buildSRPMFromSCM (/rpms/jfreechart.git:ce4ef57042ec92fb12800191badc24ea442b0362): free
  114352366 buildSRPMFromSCM (/rpms/jfreechart.git:ce4ef57042ec92fb12800191badc24ea442b0362): free -> assigned
  114352366 buildSRPMFromSCM (/rpms/jfreechart.git:ce4ef57042ec92fb12800191badc24ea442b0362): assigned -> open (buildvm-x86-19.iad2.fedoraproject.org)
  114352366 buildSRPMFromSCM (/rpms/jfreechart.git:ce4ef57042ec92fb12800191badc24ea442b0362): open (buildvm-x86-19.iad2.fedoraproject.org) -> closed
  0 free  1 open  1 done  0 failed
  114352416 buildArch (jfreechart-1.5.4-5.fc40.src.rpm, noarch): free
  114352416 buildArch (jfreechart-1.5.4-5.fc40.src.rpm, noarch): free -> assigned
  114352416 buildArch (jfreechart-1.5.4-5.fc40.src.rpm, noarch): assigned -> open (buildvm-ppc64le-31.iad2.fedoraproject.org)
  114352416 buildArch (jfreechart-1.5.4-5.fc40.src.rpm, noarch): open (buildvm-ppc64le-31.iad2.fedoraproject.org) -> closed
  0 free  1 open  2 done  0 failed
  114352527 tagBuild (noarch): free
  114352527 tagBuild (noarch): free -> assigned
  114352527 tagBuild (noarch): assigned -> closed
  0 free  1 open  3 done  0 failed
114352309 build (f40-build-side-84857, /rpms/jfreechart.git:ce4ef57042ec92fb12800191badc24ea442b0362): open (buildvm-s390x-09.s390.fedoraproject.org) -> closed
  0 free  0 open  4 done  0 failed

114352309 build (f40-build-side-84857, /rpms/jfreechart.git:ce4ef57042ec92fb12800191badc24ea442b0362) completed successfully
