Cloning into 'jgit'...
[rawhide ac25d2e] Rebuilt for java-21-openjdk as system jdk
 1 file changed, 4 insertions(+), 1 deletion(-)
warning: %patchN is deprecated (1 usages found), use %patch N (or %patch -P N)

Building jgit-6.1.0-9.fc41 for f41-build-side-84507
Created task: 114136103
Task info: https://koji.fedoraproject.org/koji/taskinfo?taskID=114136103
Watching tasks (this may be safely interrupted)...
114136103 build (f41-build-side-84507, /rpms/jgit.git:ac25d2e6dd150351d1368abb258258b73588be87): free
114136103 build (f41-build-side-84507, /rpms/jgit.git:ac25d2e6dd150351d1368abb258258b73588be87): free -> assigned
114136103 build (f41-build-side-84507, /rpms/jgit.git:ac25d2e6dd150351d1368abb258258b73588be87): assigned -> open (buildvm-a64-32.iad2.fedoraproject.org)
  114136119 buildSRPMFromSCM (/rpms/jgit.git:ac25d2e6dd150351d1368abb258258b73588be87): free
  114136119 buildSRPMFromSCM (/rpms/jgit.git:ac25d2e6dd150351d1368abb258258b73588be87): free -> assigned
  114136119 buildSRPMFromSCM (/rpms/jgit.git:ac25d2e6dd150351d1368abb258258b73588be87): assigned -> open (buildvm-a64-21.iad2.fedoraproject.org)
  114136140 buildArch (jgit-6.1.0-9.fc41.src.rpm, noarch): free
  114136119 buildSRPMFromSCM (/rpms/jgit.git:ac25d2e6dd150351d1368abb258258b73588be87): open (buildvm-a64-21.iad2.fedoraproject.org) -> closed
  1 free  1 open  1 done  0 failed
  114136140 buildArch (jgit-6.1.0-9.fc41.src.rpm, noarch): free -> assigned
  114136140 buildArch (jgit-6.1.0-9.fc41.src.rpm, noarch): assigned -> open (buildvm-s390x-06.s390.fedoraproject.org)
  114136140 buildArch (jgit-6.1.0-9.fc41.src.rpm, noarch): open (buildvm-s390x-06.s390.fedoraproject.org) -> closed
  0 free  1 open  2 done  0 failed
  114136188 tagBuild (noarch): free
  114136188 tagBuild (noarch): free -> assigned
  114136188 tagBuild (noarch): assigned -> closed
  0 free  1 open  3 done  0 failed
114136103 build (f41-build-side-84507, /rpms/jgit.git:ac25d2e6dd150351d1368abb258258b73588be87): open (buildvm-a64-32.iad2.fedoraproject.org) -> closed
  0 free  0 open  4 done  0 failed

114136103 build (f41-build-side-84507, /rpms/jgit.git:ac25d2e6dd150351d1368abb258258b73588be87) completed successfully
