Cloning into 'jglobus'...
@@@@@@@@@@@@@@@@@@@@@@@@@@@@@@@@@@@@@@@@@@@@@@@@@@@@@@@@@@@
@    WARNING: REMOTE HOST IDENTIFICATION HAS CHANGED!     @
@@@@@@@@@@@@@@@@@@@@@@@@@@@@@@@@@@@@@@@@@@@@@@@@@@@@@@@@@@@
IT IS POSSIBLE THAT SOMEONE IS DOING SOMETHING NASTY!
Someone could be eavesdropping on you right now (man-in-the-middle attack)!
It is also possible that a host key has just been changed.
The fingerprint for the RSA key sent by the remote host is
SHA256:dJN0nFWBcWK7SFs2k0nnsO+XNA9+aEDY4FWO7uhxTN8.
Please contact your system administrator.
Add correct host key in /home/jvanek/.ssh/known_hosts to get rid of this message.
Offending RSA key in /home/jvanek/.ssh/known_hosts:2
Password authentication is disabled to avoid man-in-the-middle attacks.
Keyboard-interactive authentication is disabled to avoid man-in-the-middle attacks.
UpdateHostkeys is disabled because the host key is not trusted.
[rawhide 8d47f0d] Rebuilt for java-25-openjdk as preffered jdk
 1 file changed, 5 insertions(+), 2 deletions(-)
Building jglobus-2.1.0-41.fc43 for rawhide
Created task: 135452806
Task info: https://koji.fedoraproject.org/koji/taskinfo?taskID=135452806
Watching tasks (this may be safely interrupted)...
135452806 build (rawhide, /rpms/jglobus.git:8d47f0d99534ace06fd4ef7f349b5a6faf45f901): free
135452806 build (rawhide, /rpms/jglobus.git:8d47f0d99534ace06fd4ef7f349b5a6faf45f901): free -> assigned (buildvm-ppc64le-14.rdu3.fedoraproject.org)
135452806 build (rawhide, /rpms/jglobus.git:8d47f0d99534ace06fd4ef7f349b5a6faf45f901): assigned (buildvm-ppc64le-14.rdu3.fedoraproject.org) -> open (buildvm-ppc64le-14.rdu3.fedoraproject.org)
  135452813 buildSRPMFromSCM (/rpms/jglobus.git:8d47f0d99534ace06fd4ef7f349b5a6faf45f901): free
  135452813 buildSRPMFromSCM (/rpms/jglobus.git:8d47f0d99534ace06fd4ef7f349b5a6faf45f901): free -> assigned (buildvm-s390x-05.s390.fedoraproject.org)
  135452813 buildSRPMFromSCM (/rpms/jglobus.git:8d47f0d99534ace06fd4ef7f349b5a6faf45f901): assigned (buildvm-s390x-05.s390.fedoraproject.org) -> open (buildvm-s390x-05.s390.fedoraproject.org)
  135452813 buildSRPMFromSCM (/rpms/jglobus.git:8d47f0d99534ace06fd4ef7f349b5a6faf45f901): open (buildvm-s390x-05.s390.fedoraproject.org) -> closed
  0 free  1 open  1 done  0 failed
  135455166 buildArch (jglobus-2.1.0-41.fc43.src.rpm, noarch): free
  135455166 buildArch (jglobus-2.1.0-41.fc43.src.rpm, noarch): free -> assigned (buildhw-x86-02.rdu3.fedoraproject.org)
  135455166 buildArch (jglobus-2.1.0-41.fc43.src.rpm, noarch): assigned (buildhw-x86-02.rdu3.fedoraproject.org) -> open (buildhw-x86-02.rdu3.fedoraproject.org)
  135455166 buildArch (jglobus-2.1.0-41.fc43.src.rpm, noarch): open (buildhw-x86-02.rdu3.fedoraproject.org) -> closed
  0 free  1 open  2 done  0 failed
  135455220 tagBuild (noarch): free
  135455220 tagBuild (noarch): free -> assigned (buildvm-a64-41.rdu3.fedoraproject.org)
  135455220 tagBuild (noarch): assigned (buildvm-a64-41.rdu3.fedoraproject.org) -> closed
  0 free  1 open  3 done  0 failed
135452806 build (rawhide, /rpms/jglobus.git:8d47f0d99534ace06fd4ef7f349b5a6faf45f901): open (buildvm-ppc64le-14.rdu3.fedoraproject.org) -> closed
  0 free  0 open  4 done  0 failed

135452806 build (rawhide, /rpms/jglobus.git:8d47f0d99534ace06fd4ef7f349b5a6faf45f901) completed successfully
