Cloning into 'jgoodies-common'...
[f40 22aac84] Rebuilt for java-21-openjdk as system jdk
 1 file changed, 4 insertions(+), 1 deletion(-)
Building jgoodies-common-1.8.1-21.fc40 for f40-build-side-84857
Created task: 114352378
Task info: https://koji.fedoraproject.org/koji/taskinfo?taskID=114352378
Watching tasks (this may be safely interrupted)...
114352378 build (f40-build-side-84857, /rpms/jgoodies-common.git:22aac84a79557101b9b76ccc28f0311df052223a): free
114352378 build (f40-build-side-84857, /rpms/jgoodies-common.git:22aac84a79557101b9b76ccc28f0311df052223a): free -> assigned
114352378 build (f40-build-side-84857, /rpms/jgoodies-common.git:22aac84a79557101b9b76ccc28f0311df052223a): assigned -> open (buildvm-a64-13.iad2.fedoraproject.org)
  114352388 buildSRPMFromSCM (/rpms/jgoodies-common.git:22aac84a79557101b9b76ccc28f0311df052223a): free
  114352388 buildSRPMFromSCM (/rpms/jgoodies-common.git:22aac84a79557101b9b76ccc28f0311df052223a): free -> assigned
  114352388 buildSRPMFromSCM (/rpms/jgoodies-common.git:22aac84a79557101b9b76ccc28f0311df052223a): assigned -> open (buildvm-a64-21.iad2.fedoraproject.org)
  114352427 buildArch (jgoodies-common-1.8.1-21.fc40.src.rpm, noarch): free
  114352388 buildSRPMFromSCM (/rpms/jgoodies-common.git:22aac84a79557101b9b76ccc28f0311df052223a): open (buildvm-a64-21.iad2.fedoraproject.org) -> closed
  1 free  1 open  1 done  0 failed
  114352427 buildArch (jgoodies-common-1.8.1-21.fc40.src.rpm, noarch): free -> assigned
  114352427 buildArch (jgoodies-common-1.8.1-21.fc40.src.rpm, noarch): assigned -> open (buildvm-s390x-01.s390.fedoraproject.org)
  114352427 buildArch (jgoodies-common-1.8.1-21.fc40.src.rpm, noarch): open (buildvm-s390x-01.s390.fedoraproject.org) -> closed
  0 free  1 open  2 done  0 failed
  114352497 tagBuild (noarch): free
  114352497 tagBuild (noarch): free -> assigned
  114352497 tagBuild (noarch): assigned -> closed
  0 free  1 open  3 done  0 failed
114352378 build (f40-build-side-84857, /rpms/jgoodies-common.git:22aac84a79557101b9b76ccc28f0311df052223a): open (buildvm-a64-13.iad2.fedoraproject.org) -> closed
  0 free  0 open  4 done  0 failed

114352378 build (f40-build-side-84857, /rpms/jgoodies-common.git:22aac84a79557101b9b76ccc28f0311df052223a) completed successfully
