Cloning into 'jgoodies-forms'...
[f40 8f14ba4] Rebuilt for java-21-openjdk as system jdk
 1 file changed, 4 insertions(+), 1 deletion(-)
Building jgoodies-forms-1.9.0-11.fc40 for f40-build-side-84857
Created task: 114352403
Task info: https://koji.fedoraproject.org/koji/taskinfo?taskID=114352403
Watching tasks (this may be safely interrupted)...
114352403 build (f40-build-side-84857, /rpms/jgoodies-forms.git:8f14ba43e6c8bbf9df49a4fb3f18d7b782fa421f): free
114352403 build (f40-build-side-84857, /rpms/jgoodies-forms.git:8f14ba43e6c8bbf9df49a4fb3f18d7b782fa421f): free -> assigned
114352403 build (f40-build-side-84857, /rpms/jgoodies-forms.git:8f14ba43e6c8bbf9df49a4fb3f18d7b782fa421f): assigned -> open (buildvm-a64-23.iad2.fedoraproject.org)
  114352415 buildSRPMFromSCM (/rpms/jgoodies-forms.git:8f14ba43e6c8bbf9df49a4fb3f18d7b782fa421f): free
  114352415 buildSRPMFromSCM (/rpms/jgoodies-forms.git:8f14ba43e6c8bbf9df49a4fb3f18d7b782fa421f): free -> assigned
  114352415 buildSRPMFromSCM (/rpms/jgoodies-forms.git:8f14ba43e6c8bbf9df49a4fb3f18d7b782fa421f): assigned -> open (buildvm-a64-21.iad2.fedoraproject.org)
  114352456 buildArch (jgoodies-forms-1.9.0-11.fc40.src.rpm, noarch): free
  114352415 buildSRPMFromSCM (/rpms/jgoodies-forms.git:8f14ba43e6c8bbf9df49a4fb3f18d7b782fa421f): open (buildvm-a64-21.iad2.fedoraproject.org) -> closed
  1 free  1 open  1 done  0 failed
  114352456 buildArch (jgoodies-forms-1.9.0-11.fc40.src.rpm, noarch): free -> assigned
  114352456 buildArch (jgoodies-forms-1.9.0-11.fc40.src.rpm, noarch): assigned -> open (buildvm-s390x-01.s390.fedoraproject.org)
  114352456 buildArch (jgoodies-forms-1.9.0-11.fc40.src.rpm, noarch): open (buildvm-s390x-01.s390.fedoraproject.org) -> closed
  0 free  1 open  2 done  0 failed
  114352545 tagBuild (noarch): free
  114352545 tagBuild (noarch): free -> closed
  0 free  1 open  3 done  0 failed
114352403 build (f40-build-side-84857, /rpms/jgoodies-forms.git:8f14ba43e6c8bbf9df49a4fb3f18d7b782fa421f): open (buildvm-a64-23.iad2.fedoraproject.org) -> closed
  0 free  0 open  4 done  0 failed

114352403 build (f40-build-side-84857, /rpms/jgoodies-forms.git:8f14ba43e6c8bbf9df49a4fb3f18d7b782fa421f) completed successfully
