Cloning into 'jigawatts'...
[rawhide 6ea1f93] Rebuilt for java-21-openjdk as system jdk
 1 file changed, 4 insertions(+), 1 deletion(-)
warning: %patchN is deprecated (1 usages found), use %patch N (or %patch -P N)

Building jigawatts-0.2-0.12.202108276c78499.fc41 for f41-build-side-84507
Created task: 114136156
Task info: https://koji.fedoraproject.org/koji/taskinfo?taskID=114136156
Watching tasks (this may be safely interrupted)...
114136156 build (f41-build-side-84507, /rpms/jigawatts.git:6ea1f937ea0cf4d7c70a87ba288df18d3c63de25): free
114136156 build (f41-build-side-84507, /rpms/jigawatts.git:6ea1f937ea0cf4d7c70a87ba288df18d3c63de25): free -> assigned
114136156 build (f41-build-side-84507, /rpms/jigawatts.git:6ea1f937ea0cf4d7c70a87ba288df18d3c63de25): assigned -> open (buildvm-a64-39.iad2.fedoraproject.org)
  114136167 buildSRPMFromSCM (/rpms/jigawatts.git:6ea1f937ea0cf4d7c70a87ba288df18d3c63de25): free
  114136167 buildSRPMFromSCM (/rpms/jigawatts.git:6ea1f937ea0cf4d7c70a87ba288df18d3c63de25): free -> assigned
  114136167 buildSRPMFromSCM (/rpms/jigawatts.git:6ea1f937ea0cf4d7c70a87ba288df18d3c63de25): assigned -> open (buildvm-a64-10.iad2.fedoraproject.org)
  114136167 buildSRPMFromSCM (/rpms/jigawatts.git:6ea1f937ea0cf4d7c70a87ba288df18d3c63de25): open (buildvm-a64-10.iad2.fedoraproject.org) -> closed
  0 free  1 open  1 done  0 failed
  114136198 buildArch (jigawatts-0.2-0.12.202108276c78499.fc41.src.rpm, x86_64): free
  114136201 buildArch (jigawatts-0.2-0.12.202108276c78499.fc41.src.rpm, s390x): free
  114136199 buildArch (jigawatts-0.2-0.12.202108276c78499.fc41.src.rpm, aarch64): free
  114136200 buildArch (jigawatts-0.2-0.12.202108276c78499.fc41.src.rpm, ppc64le): free
  114136198 buildArch (jigawatts-0.2-0.12.202108276c78499.fc41.src.rpm, x86_64): free -> assigned
  114136201 buildArch (jigawatts-0.2-0.12.202108276c78499.fc41.src.rpm, s390x): free -> assigned
  114136199 buildArch (jigawatts-0.2-0.12.202108276c78499.fc41.src.rpm, aarch64): free -> open (buildvm-a64-32.iad2.fedoraproject.org)
  114136200 buildArch (jigawatts-0.2-0.12.202108276c78499.fc41.src.rpm, ppc64le): free -> assigned
  114136201 buildArch (jigawatts-0.2-0.12.202108276c78499.fc41.src.rpm, s390x): assigned -> open (buildvm-s390x-07.s390.fedoraproject.org)
  114136200 buildArch (jigawatts-0.2-0.12.202108276c78499.fc41.src.rpm, ppc64le): assigned -> open (buildvm-ppc64le-31.iad2.fedoraproject.org)
  114136198 buildArch (jigawatts-0.2-0.12.202108276c78499.fc41.src.rpm, x86_64): assigned -> open (buildhw-x86-04.iad2.fedoraproject.org)
  114136201 buildArch (jigawatts-0.2-0.12.202108276c78499.fc41.src.rpm, s390x): open (buildvm-s390x-07.s390.fedoraproject.org) -> closed
  0 free  4 open  2 done  0 failed
  114136199 buildArch (jigawatts-0.2-0.12.202108276c78499.fc41.src.rpm, aarch64): open (buildvm-a64-32.iad2.fedoraproject.org) -> closed
  0 free  3 open  3 done  0 failed
  114136198 buildArch (jigawatts-0.2-0.12.202108276c78499.fc41.src.rpm, x86_64): open (buildhw-x86-04.iad2.fedoraproject.org) -> closed
  0 free  2 open  4 done  0 failed
  114136200 buildArch (jigawatts-0.2-0.12.202108276c78499.fc41.src.rpm, ppc64le): open (buildvm-ppc64le-31.iad2.fedoraproject.org) -> closed
  0 free  1 open  5 done  0 failed
  114136416 tagBuild (noarch): free
  114136416 tagBuild (noarch): free -> closed
  0 free  1 open  6 done  0 failed
114136156 build (f41-build-side-84507, /rpms/jigawatts.git:6ea1f937ea0cf4d7c70a87ba288df18d3c63de25): open (buildvm-a64-39.iad2.fedoraproject.org) -> closed
  0 free  0 open  7 done  0 failed

114136156 build (f41-build-side-84507, /rpms/jigawatts.git:6ea1f937ea0cf4d7c70a87ba288df18d3c63de25) completed successfully
