Cloning into 'jline2'...
[f40 355f71f] Rebuilt for java-21-openjdk as system jdk
 1 file changed, 4 insertions(+), 1 deletion(-)
Building jline2-2.14.6-12.fc40 for f40-build-side-84857
Created task: 114352452
Task info: https://koji.fedoraproject.org/koji/taskinfo?taskID=114352452
Watching tasks (this may be safely interrupted)...
114352452 build (f40-build-side-84857, /rpms/jline2.git:355f71f82e3866ff48daf048f559a0d2238a223f): free
114352452 build (f40-build-side-84857, /rpms/jline2.git:355f71f82e3866ff48daf048f559a0d2238a223f): free -> assigned
114352452 build (f40-build-side-84857, /rpms/jline2.git:355f71f82e3866ff48daf048f559a0d2238a223f): assigned -> open (buildvm-ppc64le-02.iad2.fedoraproject.org)
  114352469 buildSRPMFromSCM (/rpms/jline2.git:355f71f82e3866ff48daf048f559a0d2238a223f): free
  114352469 buildSRPMFromSCM (/rpms/jline2.git:355f71f82e3866ff48daf048f559a0d2238a223f): free -> assigned
  114352469 buildSRPMFromSCM (/rpms/jline2.git:355f71f82e3866ff48daf048f559a0d2238a223f): assigned -> open (buildvm-a64-08.iad2.fedoraproject.org)
  114352469 buildSRPMFromSCM (/rpms/jline2.git:355f71f82e3866ff48daf048f559a0d2238a223f): open (buildvm-a64-08.iad2.fedoraproject.org) -> closed
  0 free  1 open  1 done  0 failed
  114352546 buildArch (jline2-2.14.6-12.fc40.src.rpm, noarch): free
  114352546 buildArch (jline2-2.14.6-12.fc40.src.rpm, noarch): free -> assigned
  114352546 buildArch (jline2-2.14.6-12.fc40.src.rpm, noarch): assigned -> open (buildhw-x86-16.iad2.fedoraproject.org)
  114352546 buildArch (jline2-2.14.6-12.fc40.src.rpm, noarch): open (buildhw-x86-16.iad2.fedoraproject.org) -> closed
  0 free  1 open  2 done  0 failed
  114352668 tagBuild (noarch): free
  114352668 tagBuild (noarch): free -> assigned
  114352668 tagBuild (noarch): assigned -> closed
  0 free  1 open  3 done  0 failed
114352452 build (f40-build-side-84857, /rpms/jline2.git:355f71f82e3866ff48daf048f559a0d2238a223f): open (buildvm-ppc64le-02.iad2.fedoraproject.org) -> closed
  0 free  0 open  4 done  0 failed

114352452 build (f40-build-side-84857, /rpms/jline2.git:355f71f82e3866ff48daf048f559a0d2238a223f) completed successfully
