Cloning into 'jline'...
[rawhide a87a7e4] Rebuilt for java-21-openjdk as system jdk
 1 file changed, 4 insertions(+), 1 deletion(-)
Building jline-3.23.0-5.fc41 for f41-build-side-84507
Created task: 114136158
Task info: https://koji.fedoraproject.org/koji/taskinfo?taskID=114136158
Watching tasks (this may be safely interrupted)...
114136158 build (f41-build-side-84507, /rpms/jline.git:a87a7e4aa1095998f11743c6bd1adab8e345727c): free
114136158 build (f41-build-side-84507, /rpms/jline.git:a87a7e4aa1095998f11743c6bd1adab8e345727c): free -> assigned
114136158 build (f41-build-side-84507, /rpms/jline.git:a87a7e4aa1095998f11743c6bd1adab8e345727c): assigned -> open (buildhw-x86-16.iad2.fedoraproject.org)
  114136168 buildSRPMFromSCM (/rpms/jline.git:a87a7e4aa1095998f11743c6bd1adab8e345727c): free
  114136168 buildSRPMFromSCM (/rpms/jline.git:a87a7e4aa1095998f11743c6bd1adab8e345727c): free -> assigned
  114136168 buildSRPMFromSCM (/rpms/jline.git:a87a7e4aa1095998f11743c6bd1adab8e345727c): assigned -> open (buildvm-a64-08.iad2.fedoraproject.org)
  114136168 buildSRPMFromSCM (/rpms/jline.git:a87a7e4aa1095998f11743c6bd1adab8e345727c): open (buildvm-a64-08.iad2.fedoraproject.org) -> closed
  0 free  1 open  1 done  0 failed
  114136194 buildArch (jline-3.23.0-5.fc41.src.rpm, x86_64): free
  114136196 buildArch (jline-3.23.0-5.fc41.src.rpm, ppc64le): free
  114136195 buildArch (jline-3.23.0-5.fc41.src.rpm, aarch64): free
  114136197 buildArch (jline-3.23.0-5.fc41.src.rpm, s390x): free
  114136194 buildArch (jline-3.23.0-5.fc41.src.rpm, x86_64): free -> assigned
  114136196 buildArch (jline-3.23.0-5.fc41.src.rpm, ppc64le): free -> open (buildvm-ppc64le-08.iad2.fedoraproject.org)
  114136195 buildArch (jline-3.23.0-5.fc41.src.rpm, aarch64): free -> open (buildvm-a64-10.iad2.fedoraproject.org)
  114136197 buildArch (jline-3.23.0-5.fc41.src.rpm, s390x): free -> assigned
  114136194 buildArch (jline-3.23.0-5.fc41.src.rpm, x86_64): assigned -> open (buildhw-x86-01.iad2.fedoraproject.org)
  114136197 buildArch (jline-3.23.0-5.fc41.src.rpm, s390x): assigned -> open (buildvm-s390x-07.s390.fedoraproject.org)
  114136195 buildArch (jline-3.23.0-5.fc41.src.rpm, aarch64): open (buildvm-a64-10.iad2.fedoraproject.org) -> FAILED: BuildError: error building package (arch aarch64), mock exited with status 1; see build.log or root.log for more information
  Relevant logs:
  https://kojipkgs.fedoraproject.org/work/tasks/6195/114136195/state.log
  https://kojipkgs.fedoraproject.org/work/tasks/6195/114136195/build.log
  https://kojipkgs.fedoraproject.org/work/tasks/6195/114136195/root.log
  https://kojipkgs.fedoraproject.org/work/tasks/6195/114136195/mock_output.log
  https://kojipkgs.fedoraproject.org/work/tasks/6195/114136195/hw_info.log
  0 free  4 open  1 done  1 failed
  114136197 buildArch (jline-3.23.0-5.fc41.src.rpm, s390x): open (buildvm-s390x-07.s390.fedoraproject.org) -> FAILED: BuildError: error building package (arch s390x), mock exited with status 1; see build.log or root.log for more information
  Relevant logs:
  https://kojipkgs.fedoraproject.org/work/tasks/6197/114136197/state.log
  https://kojipkgs.fedoraproject.org/work/tasks/6197/114136197/build.log
  https://kojipkgs.fedoraproject.org/work/tasks/6197/114136197/root.log
  https://kojipkgs.fedoraproject.org/work/tasks/6197/114136197/mock_output.log
  https://kojipkgs.fedoraproject.org/work/tasks/6197/114136197/hw_info.log
  0 free  3 open  1 done  2 failed
114136158 build (f41-build-side-84507, /rpms/jline.git:a87a7e4aa1095998f11743c6bd1adab8e345727c): open (buildhw-x86-16.iad2.fedoraproject.org) -> FAILED: BuildError: error building package (arch aarch64), mock exited with status 1; see build.log or root.log for more information
  0 free  2 open  1 done  3 failed
  114136194 buildArch (jline-3.23.0-5.fc41.src.rpm, x86_64): open (buildhw-x86-01.iad2.fedoraproject.org) -> canceled
  0 free  1 open  2 done  3 failed
  114136196 buildArch (jline-3.23.0-5.fc41.src.rpm, ppc64le): open (buildvm-ppc64le-08.iad2.fedoraproject.org) -> canceled
  0 free  0 open  3 done  3 failed

114136158 build (f41-build-side-84507, /rpms/jline.git:a87a7e4aa1095998f11743c6bd1adab8e345727c) failed
