Cloning into 'jmock'...
[rawhide 7b853f0] Rebuilt for java-21-openjdk as system jdk
 1 file changed, 4 insertions(+), 1 deletion(-)
Building jmock-2.12.0-16.fc41 for f41-build-side-84507
Created task: 114136175
Task info: https://koji.fedoraproject.org/koji/taskinfo?taskID=114136175
Watching tasks (this may be safely interrupted)...
114136175 build (f41-build-side-84507, /rpms/jmock.git:7b853f0d01b06f3afd4eabcb47500ca616c464b0): free
114136175 build (f41-build-side-84507, /rpms/jmock.git:7b853f0d01b06f3afd4eabcb47500ca616c464b0): free -> open (buildvm-a64-21.iad2.fedoraproject.org)
  114136191 buildSRPMFromSCM (/rpms/jmock.git:7b853f0d01b06f3afd4eabcb47500ca616c464b0): free
  114136191 buildSRPMFromSCM (/rpms/jmock.git:7b853f0d01b06f3afd4eabcb47500ca616c464b0): free -> assigned
  114136191 buildSRPMFromSCM (/rpms/jmock.git:7b853f0d01b06f3afd4eabcb47500ca616c464b0): assigned -> open (buildvm-x86-16.iad2.fedoraproject.org)
  114136191 buildSRPMFromSCM (/rpms/jmock.git:7b853f0d01b06f3afd4eabcb47500ca616c464b0): open (buildvm-x86-16.iad2.fedoraproject.org) -> closed
  0 free  1 open  1 done  0 failed
  114136249 buildArch (jmock-2.12.0-16.fc41.src.rpm, noarch): free
  114136249 buildArch (jmock-2.12.0-16.fc41.src.rpm, noarch): free -> assigned
  114136249 buildArch (jmock-2.12.0-16.fc41.src.rpm, noarch): assigned -> open (buildvm-s390x-07.s390.fedoraproject.org)
  114136249 buildArch (jmock-2.12.0-16.fc41.src.rpm, noarch): open (buildvm-s390x-07.s390.fedoraproject.org) -> closed
  0 free  1 open  2 done  0 failed
  114136419 tagBuild (noarch): free
  114136419 tagBuild (noarch): free -> assigned
114136175 build (f41-build-side-84507, /rpms/jmock.git:7b853f0d01b06f3afd4eabcb47500ca616c464b0): open (buildvm-a64-21.iad2.fedoraproject.org) -> closed
  0 free  1 open  3 done  0 failed
  114136419 tagBuild (noarch): assigned -> closed
  0 free  0 open  4 done  0 failed

114136175 build (f41-build-side-84507, /rpms/jmock.git:7b853f0d01b06f3afd4eabcb47500ca616c464b0) completed successfully
