Cloning into 'jmol'...
[rawhide 534a2ec] Rebuilt for java-21-openjdk as system jdk
 1 file changed, 4 insertions(+), 1 deletion(-)
Building jmol-16.1.57-2.fc41 for f41-build-side-84507
Created task: 114136189
Task info: https://koji.fedoraproject.org/koji/taskinfo?taskID=114136189
Watching tasks (this may be safely interrupted)...
114136189 build (f41-build-side-84507, /rpms/jmol.git:534a2ec1456b18eb03df58b844767b345249aec0): free
114136189 build (f41-build-side-84507, /rpms/jmol.git:534a2ec1456b18eb03df58b844767b345249aec0): free -> assigned
114136189 build (f41-build-side-84507, /rpms/jmol.git:534a2ec1456b18eb03df58b844767b345249aec0): assigned -> open (buildvm-a64-24.iad2.fedoraproject.org)
  114136192 buildSRPMFromSCM (/rpms/jmol.git:534a2ec1456b18eb03df58b844767b345249aec0): free
  114136192 buildSRPMFromSCM (/rpms/jmol.git:534a2ec1456b18eb03df58b844767b345249aec0): free -> open (buildvm-x86-24.iad2.fedoraproject.org)
  114136192 buildSRPMFromSCM (/rpms/jmol.git:534a2ec1456b18eb03df58b844767b345249aec0): open (buildvm-x86-24.iad2.fedoraproject.org) -> closed
  0 free  1 open  1 done  0 failed
  114136298 buildArch (jmol-16.1.57-2.fc41.src.rpm, noarch): free
  114136298 buildArch (jmol-16.1.57-2.fc41.src.rpm, noarch): free -> assigned
  114136298 buildArch (jmol-16.1.57-2.fc41.src.rpm, noarch): assigned -> open (buildhw-a64-23.iad2.fedoraproject.org)
  114136298 buildArch (jmol-16.1.57-2.fc41.src.rpm, noarch): open (buildhw-a64-23.iad2.fedoraproject.org) -> FAILED: BuildError: error building package (arch noarch), mock exited with status 1; see build.log or root.log for more information
  Relevant logs:
  https://kojipkgs.fedoraproject.org/work/tasks/6298/114136298/mock_output.log
  https://kojipkgs.fedoraproject.org/work/tasks/6298/114136298/state.log
  https://kojipkgs.fedoraproject.org/work/tasks/6298/114136298/build.log
  https://kojipkgs.fedoraproject.org/work/tasks/6298/114136298/root.log
  https://kojipkgs.fedoraproject.org/work/tasks/6298/114136298/hw_info.log
  0 free  1 open  1 done  1 failed
114136189 build (f41-build-side-84507, /rpms/jmol.git:534a2ec1456b18eb03df58b844767b345249aec0): open (buildvm-a64-24.iad2.fedoraproject.org) -> FAILED: BuildError: error building package (arch noarch), mock exited with status 1; see build.log or root.log for more information
  0 free  0 open  1 done  2 failed

114136189 build (f41-build-side-84507, /rpms/jmol.git:534a2ec1456b18eb03df58b844767b345249aec0) failed
