Cloning into 'jna'...
@@@@@@@@@@@@@@@@@@@@@@@@@@@@@@@@@@@@@@@@@@@@@@@@@@@@@@@@@@@
@    WARNING: REMOTE HOST IDENTIFICATION HAS CHANGED!     @
@@@@@@@@@@@@@@@@@@@@@@@@@@@@@@@@@@@@@@@@@@@@@@@@@@@@@@@@@@@
IT IS POSSIBLE THAT SOMEONE IS DOING SOMETHING NASTY!
Someone could be eavesdropping on you right now (man-in-the-middle attack)!
It is also possible that a host key has just been changed.
The fingerprint for the RSA key sent by the remote host is
SHA256:dJN0nFWBcWK7SFs2k0nnsO+XNA9+aEDY4FWO7uhxTN8.
Please contact your system administrator.
Add correct host key in /home/jvanek/.ssh/known_hosts to get rid of this message.
Offending RSA key in /home/jvanek/.ssh/known_hosts:2
Password authentication is disabled to avoid man-in-the-middle attacks.
Keyboard-interactive authentication is disabled to avoid man-in-the-middle attacks.
UpdateHostkeys is disabled because the host key is not trusted.
RPMAutoSpec usage detected, not changing the spec file.
[rawhide 25d8c8d] Rebuilt for java-25-openjdk as preffered jdk
 1 file changed, 1 insertion(+), 1 deletion(-)
Found a gating.yaml file in the repo and it is properly configured
Building jna-5.17.0-5.fc43 for rawhide
Created task: 135454473
Task info: https://koji.fedoraproject.org/koji/taskinfo?taskID=135454473
Watching tasks (this may be safely interrupted)...
135454473 build (rawhide, /rpms/jna.git:25d8c8d03d4c042fc69ada35ad3f71e990f3f2dd): free
135454473 build (rawhide, /rpms/jna.git:25d8c8d03d4c042fc69ada35ad3f71e990f3f2dd): free -> open (buildvm-x86-25.rdu3.fedoraproject.org)
  135454494 buildSRPMFromSCM (/rpms/jna.git:25d8c8d03d4c042fc69ada35ad3f71e990f3f2dd): free
  135454494 buildSRPMFromSCM (/rpms/jna.git:25d8c8d03d4c042fc69ada35ad3f71e990f3f2dd): free -> assigned (buildvm-s390x-16.s390.fedoraproject.org)
  135454494 buildSRPMFromSCM (/rpms/jna.git:25d8c8d03d4c042fc69ada35ad3f71e990f3f2dd): assigned (buildvm-s390x-16.s390.fedoraproject.org) -> open (buildvm-s390x-16.s390.fedoraproject.org)
  135454494 buildSRPMFromSCM (/rpms/jna.git:25d8c8d03d4c042fc69ada35ad3f71e990f3f2dd): open (buildvm-s390x-16.s390.fedoraproject.org) -> closed
  0 free  1 open  1 done  0 failed
  135456200 buildArch (jna-5.17.0-5.fc43.src.rpm, x86_64): free
  135456201 buildArch (jna-5.17.0-5.fc43.src.rpm, aarch64): free
  135456202 buildArch (jna-5.17.0-5.fc43.src.rpm, ppc64le): free
  135456203 buildArch (jna-5.17.0-5.fc43.src.rpm, s390x): free
  135456200 buildArch (jna-5.17.0-5.fc43.src.rpm, x86_64): free -> assigned (buildvm-x86-30.rdu3.fedoraproject.org)
  135456201 buildArch (jna-5.17.0-5.fc43.src.rpm, aarch64): free -> assigned (buildvm-a64-41.rdu3.fedoraproject.org)
  135456202 buildArch (jna-5.17.0-5.fc43.src.rpm, ppc64le): free -> assigned (buildvm-ppc64le-12.rdu3.fedoraproject.org)
  135456200 buildArch (jna-5.17.0-5.fc43.src.rpm, x86_64): assigned (buildvm-x86-30.rdu3.fedoraproject.org) -> open (buildvm-x86-30.rdu3.fedoraproject.org)
  135456201 buildArch (jna-5.17.0-5.fc43.src.rpm, aarch64): assigned (buildvm-a64-41.rdu3.fedoraproject.org) -> open (buildvm-a64-41.rdu3.fedoraproject.org)
  135456202 buildArch (jna-5.17.0-5.fc43.src.rpm, ppc64le): assigned (buildvm-ppc64le-12.rdu3.fedoraproject.org) -> open (buildvm-ppc64le-12.rdu3.fedoraproject.org)
  135456200 buildArch (jna-5.17.0-5.fc43.src.rpm, x86_64): open (buildvm-x86-30.rdu3.fedoraproject.org) -> closed
  1 free  3 open  2 done  0 failed
  135456201 buildArch (jna-5.17.0-5.fc43.src.rpm, aarch64): open (buildvm-a64-41.rdu3.fedoraproject.org) -> closed
  1 free  2 open  3 done  0 failed
  135456202 buildArch (jna-5.17.0-5.fc43.src.rpm, ppc64le): open (buildvm-ppc64le-12.rdu3.fedoraproject.org) -> closed
  1 free  1 open  4 done  0 failed
  135456203 buildArch (jna-5.17.0-5.fc43.src.rpm, s390x): free -> assigned (buildvm-s390x-15.s390.fedoraproject.org)
  135456203 buildArch (jna-5.17.0-5.fc43.src.rpm, s390x): assigned (buildvm-s390x-15.s390.fedoraproject.org) -> open (buildvm-s390x-15.s390.fedoraproject.org)
  135456203 buildArch (jna-5.17.0-5.fc43.src.rpm, s390x): open (buildvm-s390x-15.s390.fedoraproject.org) -> closed
  0 free  1 open  5 done  0 failed
  135456962 tagBuild (noarch): free
  135456962 tagBuild (noarch): free -> closed
  0 free  1 open  6 done  0 failed
135454473 build (rawhide, /rpms/jna.git:25d8c8d03d4c042fc69ada35ad3f71e990f3f2dd): open (buildvm-x86-25.rdu3.fedoraproject.org) -> closed
  0 free  0 open  7 done  0 failed

135454473 build (rawhide, /rpms/jna.git:25d8c8d03d4c042fc69ada35ad3f71e990f3f2dd) completed successfully
