Cloning into 'jneuroml-core'...
@@@@@@@@@@@@@@@@@@@@@@@@@@@@@@@@@@@@@@@@@@@@@@@@@@@@@@@@@@@
@    WARNING: REMOTE HOST IDENTIFICATION HAS CHANGED!     @
@@@@@@@@@@@@@@@@@@@@@@@@@@@@@@@@@@@@@@@@@@@@@@@@@@@@@@@@@@@
IT IS POSSIBLE THAT SOMEONE IS DOING SOMETHING NASTY!
Someone could be eavesdropping on you right now (man-in-the-middle attack)!
It is also possible that a host key has just been changed.
The fingerprint for the RSA key sent by the remote host is
SHA256:dJN0nFWBcWK7SFs2k0nnsO+XNA9+aEDY4FWO7uhxTN8.
Please contact your system administrator.
Add correct host key in /home/jvanek/.ssh/known_hosts to get rid of this message.
Offending RSA key in /home/jvanek/.ssh/known_hosts:2
Password authentication is disabled to avoid man-in-the-middle attacks.
Keyboard-interactive authentication is disabled to avoid man-in-the-middle attacks.
UpdateHostkeys is disabled because the host key is not trusted.
[rawhide 0c94d7b] Rebuilt for java-25-openjdk as preffered jdk
 1 file changed, 5 insertions(+), 2 deletions(-)
Building jneuroml-core-1.6.1-19.fc43 for rawhide
Created task: 135454544
Task info: https://koji.fedoraproject.org/koji/taskinfo?taskID=135454544
Watching tasks (this may be safely interrupted)...
135454544 build (rawhide, /rpms/jneuroml-core.git:0c94d7b14fe93ea9751eaee5c2065c46e9eb753f): free
135454544 build (rawhide, /rpms/jneuroml-core.git:0c94d7b14fe93ea9751eaee5c2065c46e9eb753f): free -> open (buildvm-x86-28.rdu3.fedoraproject.org)
  135454550 buildSRPMFromSCM (/rpms/jneuroml-core.git:0c94d7b14fe93ea9751eaee5c2065c46e9eb753f): free
  135454550 buildSRPMFromSCM (/rpms/jneuroml-core.git:0c94d7b14fe93ea9751eaee5c2065c46e9eb753f): free -> open (buildvm-x86-10.rdu3.fedoraproject.org)
  135454550 buildSRPMFromSCM (/rpms/jneuroml-core.git:0c94d7b14fe93ea9751eaee5c2065c46e9eb753f): open (buildvm-x86-10.rdu3.fedoraproject.org) -> closed
  0 free  1 open  1 done  0 failed
  135454634 buildArch (jneuroml-core-1.6.1-19.fc43.src.rpm, noarch): free
  135454634 buildArch (jneuroml-core-1.6.1-19.fc43.src.rpm, noarch): free -> assigned (buildvm-x86-16.rdu3.fedoraproject.org)
  135454634 buildArch (jneuroml-core-1.6.1-19.fc43.src.rpm, noarch): assigned (buildvm-x86-16.rdu3.fedoraproject.org) -> open (buildvm-x86-16.rdu3.fedoraproject.org)
  135454729 tagBuild (noarch): free
  135454634 buildArch (jneuroml-core-1.6.1-19.fc43.src.rpm, noarch): open (buildvm-x86-16.rdu3.fedoraproject.org) -> closed
  1 free  1 open  2 done  0 failed
  135454729 tagBuild (noarch): free -> assigned (buildvm-x86-15.rdu3.fedoraproject.org)
  135454729 tagBuild (noarch): assigned (buildvm-x86-15.rdu3.fedoraproject.org) -> closed
  0 free  1 open  3 done  0 failed
135454544 build (rawhide, /rpms/jneuroml-core.git:0c94d7b14fe93ea9751eaee5c2065c46e9eb753f): open (buildvm-x86-28.rdu3.fedoraproject.org) -> closed
  0 free  0 open  4 done  0 failed

135454544 build (rawhide, /rpms/jneuroml-core.git:0c94d7b14fe93ea9751eaee5c2065c46e9eb753f) completed successfully
