Cloning into 'jni-inchi'...
[rawhide d40cdff] Rebuilt for java-21-openjdk as system jdk
 1 file changed, 4 insertions(+), 1 deletion(-)
Building jni-inchi-0.8-11.fc41 for f41-build-side-84507
Created task: 114136222
Task info: https://koji.fedoraproject.org/koji/taskinfo?taskID=114136222
Watching tasks (this may be safely interrupted)...
114136222 build (f41-build-side-84507, /rpms/jni-inchi.git:d40cdffd19cb9db766601cd43194fe9ccc27fb97): free
114136222 build (f41-build-side-84507, /rpms/jni-inchi.git:d40cdffd19cb9db766601cd43194fe9ccc27fb97): free -> assigned
114136222 build (f41-build-side-84507, /rpms/jni-inchi.git:d40cdffd19cb9db766601cd43194fe9ccc27fb97): assigned -> open (buildhw-x86-13.iad2.fedoraproject.org)
  114136250 buildSRPMFromSCM (/rpms/jni-inchi.git:d40cdffd19cb9db766601cd43194fe9ccc27fb97): free
  114136250 buildSRPMFromSCM (/rpms/jni-inchi.git:d40cdffd19cb9db766601cd43194fe9ccc27fb97): free -> assigned
  114136250 buildSRPMFromSCM (/rpms/jni-inchi.git:d40cdffd19cb9db766601cd43194fe9ccc27fb97): assigned -> open (buildvm-a64-11.iad2.fedoraproject.org)
  114136250 buildSRPMFromSCM (/rpms/jni-inchi.git:d40cdffd19cb9db766601cd43194fe9ccc27fb97): open (buildvm-a64-11.iad2.fedoraproject.org) -> closed
  0 free  1 open  1 done  0 failed
  114136438 buildArch (jni-inchi-0.8-11.fc41.src.rpm, x86_64): free
  114136439 buildArch (jni-inchi-0.8-11.fc41.src.rpm, aarch64): free
  114136440 buildArch (jni-inchi-0.8-11.fc41.src.rpm, ppc64le): free
  114136441 buildArch (jni-inchi-0.8-11.fc41.src.rpm, s390x): free
  114136438 buildArch (jni-inchi-0.8-11.fc41.src.rpm, x86_64): free -> assigned
  114136439 buildArch (jni-inchi-0.8-11.fc41.src.rpm, aarch64): free -> assigned
  114136440 buildArch (jni-inchi-0.8-11.fc41.src.rpm, ppc64le): free -> assigned
  114136441 buildArch (jni-inchi-0.8-11.fc41.src.rpm, s390x): free -> assigned
  114136441 buildArch (jni-inchi-0.8-11.fc41.src.rpm, s390x): assigned -> open (buildvm-s390x-07.s390.fedoraproject.org)
  114136438 buildArch (jni-inchi-0.8-11.fc41.src.rpm, x86_64): assigned -> open (buildvm-x86-30.iad2.fedoraproject.org)
  114136439 buildArch (jni-inchi-0.8-11.fc41.src.rpm, aarch64): assigned -> open (buildvm-a64-08.iad2.fedoraproject.org)
  114136440 buildArch (jni-inchi-0.8-11.fc41.src.rpm, ppc64le): assigned -> open (buildvm-ppc64le-03.iad2.fedoraproject.org)
  114136438 buildArch (jni-inchi-0.8-11.fc41.src.rpm, x86_64): open (buildvm-x86-30.iad2.fedoraproject.org) -> closed
  0 free  4 open  2 done  0 failed
  114136439 buildArch (jni-inchi-0.8-11.fc41.src.rpm, aarch64): open (buildvm-a64-08.iad2.fedoraproject.org) -> closed
  0 free  3 open  3 done  0 failed
  114136441 buildArch (jni-inchi-0.8-11.fc41.src.rpm, s390x): open (buildvm-s390x-07.s390.fedoraproject.org) -> closed
  0 free  2 open  4 done  0 failed
  114136440 buildArch (jni-inchi-0.8-11.fc41.src.rpm, ppc64le): open (buildvm-ppc64le-03.iad2.fedoraproject.org) -> closed
  0 free  1 open  5 done  0 failed
  114136522 tagBuild (noarch): free
  114136522 tagBuild (noarch): free -> assigned
114136222 build (f41-build-side-84507, /rpms/jni-inchi.git:d40cdffd19cb9db766601cd43194fe9ccc27fb97): open (buildhw-x86-13.iad2.fedoraproject.org) -> closed
  0 free  1 open  6 done  0 failed
  114136522 tagBuild (noarch): assigned -> closed
  0 free  0 open  7 done  0 failed

114136222 build (f41-build-side-84507, /rpms/jni-inchi.git:d40cdffd19cb9db766601cd43194fe9ccc27fb97) completed successfully
