Cloning into 'jol'...
[rawhide 61cd839] Rebuilt for java-21-openjdk as system jdk
 1 file changed, 4 insertions(+), 1 deletion(-)
Building jol-0.17-5.fc41 for f41-build-side-84507
Created task: 114136257
Task info: https://koji.fedoraproject.org/koji/taskinfo?taskID=114136257
Watching tasks (this may be safely interrupted)...
114136257 build (f41-build-side-84507, /rpms/jol.git:61cd83965c76d4e18e861eecc1df779582432a18): free
114136257 build (f41-build-side-84507, /rpms/jol.git:61cd83965c76d4e18e861eecc1df779582432a18): free -> assigned
114136257 build (f41-build-side-84507, /rpms/jol.git:61cd83965c76d4e18e861eecc1df779582432a18): assigned -> open (buildhw-x86-01.iad2.fedoraproject.org)
  114136388 buildSRPMFromSCM (/rpms/jol.git:61cd83965c76d4e18e861eecc1df779582432a18): free
  114136388 buildSRPMFromSCM (/rpms/jol.git:61cd83965c76d4e18e861eecc1df779582432a18): free -> assigned
  114136388 buildSRPMFromSCM (/rpms/jol.git:61cd83965c76d4e18e861eecc1df779582432a18): assigned -> open (buildvm-x86-32.iad2.fedoraproject.org)
  114136388 buildSRPMFromSCM (/rpms/jol.git:61cd83965c76d4e18e861eecc1df779582432a18): open (buildvm-x86-32.iad2.fedoraproject.org) -> closed
  0 free  1 open  1 done  0 failed
  114136443 buildArch (jol-0.17-5.fc41.src.rpm, noarch): free
  114136443 buildArch (jol-0.17-5.fc41.src.rpm, noarch): free -> assigned
  114136443 buildArch (jol-0.17-5.fc41.src.rpm, noarch): assigned -> open (buildvm-s390x-07.s390.fedoraproject.org)
  114136443 buildArch (jol-0.17-5.fc41.src.rpm, noarch): open (buildvm-s390x-07.s390.fedoraproject.org) -> closed
  0 free  1 open  2 done  0 failed
  114136713 tagBuild (noarch): free
  114136713 tagBuild (noarch): free -> assigned
  114136713 tagBuild (noarch): assigned -> closed
  0 free  1 open  3 done  0 failed
114136257 build (f41-build-side-84507, /rpms/jol.git:61cd83965c76d4e18e861eecc1df779582432a18): open (buildhw-x86-01.iad2.fedoraproject.org) -> closed
  0 free  0 open  4 done  0 failed

114136257 build (f41-build-side-84507, /rpms/jol.git:61cd83965c76d4e18e861eecc1df779582432a18) completed successfully
