Cloning into 'jorbis'...
[rawhide 40a29ca] Rebuilt for java-17-openjdk as system jdk
 1 file changed, 4 insertions(+), 1 deletion(-)
Building jorbis-0.0.17-27.fc36 for f36-java17
Created task: 82429916
Task info: https://koji.fedoraproject.org/koji/taskinfo?taskID=82429916
Watching tasks (this may be safely interrupted)...
82429916 build (f36-java17, /rpms/jorbis.git:40a29caa82ff23b301fc146789ba182967e0071e): free
82429916 build (f36-java17, /rpms/jorbis.git:40a29caa82ff23b301fc146789ba182967e0071e): free -> open (buildvm-ppc64le-39.iad2.fedoraproject.org)
  82429921 buildSRPMFromSCM (/rpms/jorbis.git:40a29caa82ff23b301fc146789ba182967e0071e): free
  82429921 buildSRPMFromSCM (/rpms/jorbis.git:40a29caa82ff23b301fc146789ba182967e0071e): free -> open (buildvm-x86-18.iad2.fedoraproject.org)
  82430036 buildArch (jorbis-0.0.17-27.fc36.src.rpm, noarch): free
  82429921 buildSRPMFromSCM (/rpms/jorbis.git:40a29caa82ff23b301fc146789ba182967e0071e): open (buildvm-x86-18.iad2.fedoraproject.org) -> closed
  1 free  1 open  1 done  0 failed
  82430036 buildArch (jorbis-0.0.17-27.fc36.src.rpm, noarch): free -> open (buildvm-x86-08.iad2.fedoraproject.org)
  82430152 tagBuild (noarch): closed
  82430036 buildArch (jorbis-0.0.17-27.fc36.src.rpm, noarch): open (buildvm-x86-08.iad2.fedoraproject.org) -> closed
  0 free  1 open  3 done  0 failed
82429916 build (f36-java17, /rpms/jorbis.git:40a29caa82ff23b301fc146789ba182967e0071e): open (buildvm-ppc64le-39.iad2.fedoraproject.org) -> closed
  0 free  0 open  4 done  0 failed

82429916 build (f36-java17, /rpms/jorbis.git:40a29caa82ff23b301fc146789ba182967e0071e) completed successfully
