Cloning into 'jpcap'...
[rawhide 1ba9c97] Rebuilt for java-17-openjdk as system jdk
 1 file changed, 4 insertions(+), 1 deletion(-)
Building jpcap-0.7-32.fc36 for f36-java17
Created task: 82429971
Task info: https://koji.fedoraproject.org/koji/taskinfo?taskID=82429971
Watching tasks (this may be safely interrupted)...
82429971 build (f36-java17, /rpms/jpcap.git:1ba9c977fd4dbb7b66efa9bf88c79973c294f9ee): free
82429971 build (f36-java17, /rpms/jpcap.git:1ba9c977fd4dbb7b66efa9bf88c79973c294f9ee): free -> open (buildvm-x86-15.iad2.fedoraproject.org)
  82429998 buildSRPMFromSCM (/rpms/jpcap.git:1ba9c977fd4dbb7b66efa9bf88c79973c294f9ee): free
  82429998 buildSRPMFromSCM (/rpms/jpcap.git:1ba9c977fd4dbb7b66efa9bf88c79973c294f9ee): free -> open (buildvm-ppc64le-37.iad2.fedoraproject.org)
  82429998 buildSRPMFromSCM (/rpms/jpcap.git:1ba9c977fd4dbb7b66efa9bf88c79973c294f9ee): open (buildvm-ppc64le-37.iad2.fedoraproject.org) -> closed
  0 free  1 open  1 done  0 failed
  82430182 buildArch (jpcap-0.7-32.fc36.src.rpm, armv7hl): open (buildvm-a32-08.iad2.fedoraproject.org)
  82430183 buildArch (jpcap-0.7-32.fc36.src.rpm, i686): free
  82430184 buildArch (jpcap-0.7-32.fc36.src.rpm, x86_64): free
  82430185 buildArch (jpcap-0.7-32.fc36.src.rpm, aarch64): free
  82430186 buildArch (jpcap-0.7-32.fc36.src.rpm, ppc64le): free
  82430187 buildArch (jpcap-0.7-32.fc36.src.rpm, s390x): open (buildvm-s390x-12.s390.fedoraproject.org)
  82430185 buildArch (jpcap-0.7-32.fc36.src.rpm, aarch64): free -> open (buildvm-a64-29.iad2.fedoraproject.org)
  82430183 buildArch (jpcap-0.7-32.fc36.src.rpm, i686): free -> open (buildvm-x86-30.iad2.fedoraproject.org)
  82430184 buildArch (jpcap-0.7-32.fc36.src.rpm, x86_64): free -> open (buildvm-x86-25.iad2.fedoraproject.org)
  82430186 buildArch (jpcap-0.7-32.fc36.src.rpm, ppc64le): free -> open (buildvm-ppc64le-27.iad2.fedoraproject.org)
  82430187 buildArch (jpcap-0.7-32.fc36.src.rpm, s390x): open (buildvm-s390x-12.s390.fedoraproject.org) -> closed
  0 free  6 open  2 done  0 failed
  82430183 buildArch (jpcap-0.7-32.fc36.src.rpm, i686): open (buildvm-x86-30.iad2.fedoraproject.org) -> closed
  0 free  5 open  3 done  0 failed
  82430184 buildArch (jpcap-0.7-32.fc36.src.rpm, x86_64): open (buildvm-x86-25.iad2.fedoraproject.org) -> closed
  0 free  4 open  4 done  0 failed
  82430185 buildArch (jpcap-0.7-32.fc36.src.rpm, aarch64): open (buildvm-a64-29.iad2.fedoraproject.org) -> closed
  0 free  3 open  5 done  0 failed
  82430186 buildArch (jpcap-0.7-32.fc36.src.rpm, ppc64le): open (buildvm-ppc64le-27.iad2.fedoraproject.org) -> closed
  0 free  2 open  6 done  0 failed
  82430182 buildArch (jpcap-0.7-32.fc36.src.rpm, armv7hl): open (buildvm-a32-08.iad2.fedoraproject.org) -> closed
  0 free  1 open  7 done  0 failed
  82430330 tagBuild (noarch): free
  82430330 tagBuild (noarch): free -> closed
  0 free  1 open  8 done  0 failed
82429971 build (f36-java17, /rpms/jpcap.git:1ba9c977fd4dbb7b66efa9bf88c79973c294f9ee): open (buildvm-x86-15.iad2.fedoraproject.org) -> closed
  0 free  0 open  9 done  0 failed

82429971 build (f36-java17, /rpms/jpcap.git:1ba9c977fd4dbb7b66efa9bf88c79973c294f9ee) completed successfully
