Cloning into 'jsch'...
[rawhide 6da6c19] Rebuilt for java-17-openjdk as system jdk
 1 file changed, 4 insertions(+), 1 deletion(-)
Building jsch-0.1.55-7.fc36 for f36-java17
Created task: 82430124
Task info: https://koji.fedoraproject.org/koji/taskinfo?taskID=82430124
Watching tasks (this may be safely interrupted)...
82430124 build (f36-java17, /rpms/jsch.git:6da6c1927c35dc849e33bd9196526b8daa9bdc14): free
82430124 build (f36-java17, /rpms/jsch.git:6da6c1927c35dc849e33bd9196526b8daa9bdc14): free -> open (buildvm-ppc64le-40.iad2.fedoraproject.org)
  82430130 buildSRPMFromSCM (/rpms/jsch.git:6da6c1927c35dc849e33bd9196526b8daa9bdc14): free
  82430130 buildSRPMFromSCM (/rpms/jsch.git:6da6c1927c35dc849e33bd9196526b8daa9bdc14): free -> open (buildvm-ppc64le-40.iad2.fedoraproject.org)
  82430130 buildSRPMFromSCM (/rpms/jsch.git:6da6c1927c35dc849e33bd9196526b8daa9bdc14): open (buildvm-ppc64le-40.iad2.fedoraproject.org) -> closed
  0 free  1 open  1 done  0 failed
  82430228 buildArch (jsch-0.1.55-7.fc36.src.rpm, noarch): free
  82430228 buildArch (jsch-0.1.55-7.fc36.src.rpm, noarch): free -> open (buildvm-ppc64le-17.iad2.fedoraproject.org)
  82430228 buildArch (jsch-0.1.55-7.fc36.src.rpm, noarch): open (buildvm-ppc64le-17.iad2.fedoraproject.org) -> closed
  0 free  1 open  2 done  0 failed
  82430281 tagBuild (noarch): closed
82430124 build (f36-java17, /rpms/jsch.git:6da6c1927c35dc849e33bd9196526b8daa9bdc14): open (buildvm-ppc64le-40.iad2.fedoraproject.org) -> closed
  0 free  0 open  4 done  0 failed

82430124 build (f36-java17, /rpms/jsch.git:6da6c1927c35dc849e33bd9196526b8daa9bdc14) completed successfully
