Cloning into 'json_simple'...
[rawhide 7a6bc37] Rebuilt for java-21-openjdk as system jdk
 1 file changed, 4 insertions(+), 1 deletion(-)
warning: %patchN is deprecated (1 usages found), use %patch N (or %patch -P N)

Building json_simple-1.1.1-34.fc41 for f41-build-side-84507
Created task: 114136444
Task info: https://koji.fedoraproject.org/koji/taskinfo?taskID=114136444
Watching tasks (this may be safely interrupted)...
114136444 build (f41-build-side-84507, /rpms/json_simple.git:7a6bc370ec9351acf6fec459f38bfac77ff7baed): free
114136444 build (f41-build-side-84507, /rpms/json_simple.git:7a6bc370ec9351acf6fec459f38bfac77ff7baed): free -> open (buildvm-x86-32.iad2.fedoraproject.org)
  114136454 buildSRPMFromSCM (/rpms/json_simple.git:7a6bc370ec9351acf6fec459f38bfac77ff7baed): free
  114136454 buildSRPMFromSCM (/rpms/json_simple.git:7a6bc370ec9351acf6fec459f38bfac77ff7baed): free -> assigned
  114136454 buildSRPMFromSCM (/rpms/json_simple.git:7a6bc370ec9351acf6fec459f38bfac77ff7baed): assigned -> open (buildvm-x86-26.iad2.fedoraproject.org)
  114136454 buildSRPMFromSCM (/rpms/json_simple.git:7a6bc370ec9351acf6fec459f38bfac77ff7baed): open (buildvm-x86-26.iad2.fedoraproject.org) -> closed
  0 free  1 open  1 done  0 failed
  114136510 buildArch (json_simple-1.1.1-34.fc41.src.rpm, noarch): free
  114136510 buildArch (json_simple-1.1.1-34.fc41.src.rpm, noarch): free -> assigned
  114136510 buildArch (json_simple-1.1.1-34.fc41.src.rpm, noarch): assigned -> open (buildvm-s390x-10.s390.fedoraproject.org)
  114136510 buildArch (json_simple-1.1.1-34.fc41.src.rpm, noarch): open (buildvm-s390x-10.s390.fedoraproject.org) -> closed
  0 free  1 open  2 done  0 failed
  114136650 tagBuild (noarch): free
  114136650 tagBuild (noarch): free -> assigned
  114136650 tagBuild (noarch): assigned -> closed
  0 free  1 open  3 done  0 failed
114136444 build (f41-build-side-84507, /rpms/json_simple.git:7a6bc370ec9351acf6fec459f38bfac77ff7baed): open (buildvm-x86-32.iad2.fedoraproject.org) -> closed
  0 free  0 open  4 done  0 failed

114136444 build (f41-build-side-84507, /rpms/json_simple.git:7a6bc370ec9351acf6fec459f38bfac77ff7baed) completed successfully
