Cloning into 'jsoup'...
[rawhide 79648f0] Rebuilt for java-17-openjdk as system jdk
 1 file changed, 4 insertions(+), 1 deletion(-)
Building jsoup-1.13.1-9.fc36 for f36-java17
Created task: 82430200
Task info: https://koji.fedoraproject.org/koji/taskinfo?taskID=82430200
Watching tasks (this may be safely interrupted)...
82430200 build (f36-java17, /rpms/jsoup.git:79648f0ad6ebc2ed6b02b422705c54b08515836d): free
82430200 build (f36-java17, /rpms/jsoup.git:79648f0ad6ebc2ed6b02b422705c54b08515836d): free -> open (buildvm-ppc64le-31.iad2.fedoraproject.org)
  82430225 buildSRPMFromSCM (/rpms/jsoup.git:79648f0ad6ebc2ed6b02b422705c54b08515836d): free
  82430225 buildSRPMFromSCM (/rpms/jsoup.git:79648f0ad6ebc2ed6b02b422705c54b08515836d): free -> open (buildvm-ppc64le-08.iad2.fedoraproject.org)
  82430225 buildSRPMFromSCM (/rpms/jsoup.git:79648f0ad6ebc2ed6b02b422705c54b08515836d): open (buildvm-ppc64le-08.iad2.fedoraproject.org) -> closed
  0 free  1 open  1 done  0 failed
  82430274 buildArch (jsoup-1.13.1-9.fc36.src.rpm, noarch): open (buildvm-ppc64le-27.iad2.fedoraproject.org)
  82430274 buildArch (jsoup-1.13.1-9.fc36.src.rpm, noarch): open (buildvm-ppc64le-27.iad2.fedoraproject.org) -> closed
  0 free  1 open  2 done  0 failed
  82430326 tagBuild (noarch): closed
82430200 build (f36-java17, /rpms/jsoup.git:79648f0ad6ebc2ed6b02b422705c54b08515836d): open (buildvm-ppc64le-31.iad2.fedoraproject.org) -> closed
  0 free  0 open  4 done  0 failed

82430200 build (f36-java17, /rpms/jsoup.git:79648f0ad6ebc2ed6b02b422705c54b08515836d) completed successfully
