Cloning into 'jsr-305'...
[rawhide 67393b7] Rebuilt for java-21-openjdk as system jdk
 1 file changed, 4 insertions(+), 1 deletion(-)
Found a gating.yaml file in the repo and it is properly configured
Building jsr-305-3.0.2-15.fc41 for f41-build-side-84507
Created task: 114136459
Task info: https://koji.fedoraproject.org/koji/taskinfo?taskID=114136459
Watching tasks (this may be safely interrupted)...
114136459 build (f41-build-side-84507, /rpms/jsr-305.git:67393b76a1314b1d922c104a2f0a154a8b8fc6b7): free
114136459 build (f41-build-side-84507, /rpms/jsr-305.git:67393b76a1314b1d922c104a2f0a154a8b8fc6b7): free -> assigned
114136459 build (f41-build-side-84507, /rpms/jsr-305.git:67393b76a1314b1d922c104a2f0a154a8b8fc6b7): assigned -> open (buildvm-a64-24.iad2.fedoraproject.org)
  114136470 buildSRPMFromSCM (/rpms/jsr-305.git:67393b76a1314b1d922c104a2f0a154a8b8fc6b7): free
  114136470 buildSRPMFromSCM (/rpms/jsr-305.git:67393b76a1314b1d922c104a2f0a154a8b8fc6b7): free -> assigned
  114136470 buildSRPMFromSCM (/rpms/jsr-305.git:67393b76a1314b1d922c104a2f0a154a8b8fc6b7): assigned -> open (buildvm-x86-12.iad2.fedoraproject.org)
  114136470 buildSRPMFromSCM (/rpms/jsr-305.git:67393b76a1314b1d922c104a2f0a154a8b8fc6b7): open (buildvm-x86-12.iad2.fedoraproject.org) -> closed
  0 free  1 open  1 done  0 failed
  114136571 buildArch (jsr-305-3.0.2-15.fc41.src.rpm, noarch): free
  114136571 buildArch (jsr-305-3.0.2-15.fc41.src.rpm, noarch): free -> assigned
  114136571 buildArch (jsr-305-3.0.2-15.fc41.src.rpm, noarch): assigned -> open (buildvm-ppc64le-10.iad2.fedoraproject.org)
  114136571 buildArch (jsr-305-3.0.2-15.fc41.src.rpm, noarch): open (buildvm-ppc64le-10.iad2.fedoraproject.org) -> closed
  0 free  1 open  2 done  0 failed
  114136763 tagBuild (noarch): assigned
114136459 build (f41-build-side-84507, /rpms/jsr-305.git:67393b76a1314b1d922c104a2f0a154a8b8fc6b7): open (buildvm-a64-24.iad2.fedoraproject.org) -> closed
  0 free  1 open  3 done  0 failed
  114136763 tagBuild (noarch): assigned -> closed
  0 free  0 open  4 done  0 failed

114136459 build (f41-build-side-84507, /rpms/jsr-305.git:67393b76a1314b1d922c104a2f0a154a8b8fc6b7) completed successfully
