Cloning into 'jss'...
[rawhide 2070756] Rebuilt for java-17-openjdk as system jdk
 1 file changed, 4 insertions(+), 1 deletion(-)
Building jss-5.1.0-0.3.alpha2.fc36 for f36-java17
Created task: 82430269
Task info: https://koji.fedoraproject.org/koji/taskinfo?taskID=82430269
Watching tasks (this may be safely interrupted)...
82430269 build (f36-java17, /rpms/jss.git:2070756ccac09cff425f628d9e6e1c4dabc405e9): free
82430269 build (f36-java17, /rpms/jss.git:2070756ccac09cff425f628d9e6e1c4dabc405e9): free -> open (buildvm-s390x-11.s390.fedoraproject.org)
  82430270 buildSRPMFromSCM (/rpms/jss.git:2070756ccac09cff425f628d9e6e1c4dabc405e9): open (buildvm-x86-19.iad2.fedoraproject.org)
  82430270 buildSRPMFromSCM (/rpms/jss.git:2070756ccac09cff425f628d9e6e1c4dabc405e9): open (buildvm-x86-19.iad2.fedoraproject.org) -> closed
  0 free  1 open  1 done  0 failed
  82430286 buildArch (jss-5.1.0-0.3.alpha2.fc36.src.rpm, aarch64): free
  82430284 buildArch (jss-5.1.0-0.3.alpha2.fc36.src.rpm, i686): free
  82430285 buildArch (jss-5.1.0-0.3.alpha2.fc36.src.rpm, x86_64): free
  82430288 buildArch (jss-5.1.0-0.3.alpha2.fc36.src.rpm, s390x): open (buildvm-s390x-31.s390.fedoraproject.org)
  82430283 buildArch (jss-5.1.0-0.3.alpha2.fc36.src.rpm, armv7hl): open (buildvm-a32-04.iad2.fedoraproject.org)
  82430287 buildArch (jss-5.1.0-0.3.alpha2.fc36.src.rpm, ppc64le): free
  82430286 buildArch (jss-5.1.0-0.3.alpha2.fc36.src.rpm, aarch64): free -> open (buildvm-a64-17.iad2.fedoraproject.org)
  82430284 buildArch (jss-5.1.0-0.3.alpha2.fc36.src.rpm, i686): free -> open (buildvm-x86-11.iad2.fedoraproject.org)
  82430287 buildArch (jss-5.1.0-0.3.alpha2.fc36.src.rpm, ppc64le): free -> open (buildvm-ppc64le-07.iad2.fedoraproject.org)
  82430285 buildArch (jss-5.1.0-0.3.alpha2.fc36.src.rpm, x86_64): free -> open (buildvm-x86-32.iad2.fedoraproject.org)
  82430288 buildArch (jss-5.1.0-0.3.alpha2.fc36.src.rpm, s390x): open (buildvm-s390x-31.s390.fedoraproject.org) -> closed
  0 free  6 open  2 done  0 failed
  82430285 buildArch (jss-5.1.0-0.3.alpha2.fc36.src.rpm, x86_64): open (buildvm-x86-32.iad2.fedoraproject.org) -> closed
  0 free  5 open  3 done  0 failed
  82430287 buildArch (jss-5.1.0-0.3.alpha2.fc36.src.rpm, ppc64le): open (buildvm-ppc64le-07.iad2.fedoraproject.org) -> closed
  0 free  4 open  4 done  0 failed
  82430286 buildArch (jss-5.1.0-0.3.alpha2.fc36.src.rpm, aarch64): open (buildvm-a64-17.iad2.fedoraproject.org) -> closed
  0 free  3 open  5 done  0 failed
  82430283 buildArch (jss-5.1.0-0.3.alpha2.fc36.src.rpm, armv7hl): open (buildvm-a32-04.iad2.fedoraproject.org) -> closed
  0 free  2 open  6 done  0 failed
  82430284 buildArch (jss-5.1.0-0.3.alpha2.fc36.src.rpm, i686): open (buildvm-x86-11.iad2.fedoraproject.org) -> closed
  0 free  1 open  7 done  0 failed
  82430384 tagBuild (noarch): closed
82430269 build (f36-java17, /rpms/jss.git:2070756ccac09cff425f628d9e6e1c4dabc405e9): open (buildvm-s390x-11.s390.fedoraproject.org) -> closed
  0 free  0 open  9 done  0 failed

82430269 build (f36-java17, /rpms/jss.git:2070756ccac09cff425f628d9e6e1c4dabc405e9) completed successfully
