Cloning into 'jtidy'...
[rawhide fa4df19] Rebuilt for java-21-openjdk as system jdk
 1 file changed, 4 insertions(+), 1 deletion(-)
warning: %patchN is deprecated (1 usages found), use %patch N (or %patch -P N)

Building jtidy-1.0-0.45.20100930svn1125.fc41 for f41-build-side-84507
Created task: 114136523
Task info: https://koji.fedoraproject.org/koji/taskinfo?taskID=114136523
Watching tasks (this may be safely interrupted)...
114136523 build (f41-build-side-84507, /rpms/jtidy.git:fa4df19986d59bea6dd7ff9c364d8f2a2754c938): free
114136523 build (f41-build-side-84507, /rpms/jtidy.git:fa4df19986d59bea6dd7ff9c364d8f2a2754c938): free -> assigned
114136523 build (f41-build-side-84507, /rpms/jtidy.git:fa4df19986d59bea6dd7ff9c364d8f2a2754c938): assigned -> open (buildvm-ppc64le-10.iad2.fedoraproject.org)
  114136555 buildSRPMFromSCM (/rpms/jtidy.git:fa4df19986d59bea6dd7ff9c364d8f2a2754c938): free
  114136555 buildSRPMFromSCM (/rpms/jtidy.git:fa4df19986d59bea6dd7ff9c364d8f2a2754c938): free -> assigned
  114136555 buildSRPMFromSCM (/rpms/jtidy.git:fa4df19986d59bea6dd7ff9c364d8f2a2754c938): assigned -> open (buildvm-a64-32.iad2.fedoraproject.org)
  114136555 buildSRPMFromSCM (/rpms/jtidy.git:fa4df19986d59bea6dd7ff9c364d8f2a2754c938): open (buildvm-a64-32.iad2.fedoraproject.org) -> closed
  0 free  1 open  1 done  0 failed
  114136697 buildArch (jtidy-1.0-0.45.20100930svn1125.fc41.src.rpm, noarch): free
  114136697 buildArch (jtidy-1.0-0.45.20100930svn1125.fc41.src.rpm, noarch): free -> open (buildvm-s390x-07.s390.fedoraproject.org)
  114136788 tagBuild (noarch): free
  114136697 buildArch (jtidy-1.0-0.45.20100930svn1125.fc41.src.rpm, noarch): open (buildvm-s390x-07.s390.fedoraproject.org) -> closed
  1 free  1 open  2 done  0 failed
  114136788 tagBuild (noarch): free -> assigned
  114136788 tagBuild (noarch): assigned -> closed
  0 free  1 open  3 done  0 failed
114136523 build (f41-build-side-84507, /rpms/jtidy.git:fa4df19986d59bea6dd7ff9c364d8f2a2754c938): open (buildvm-ppc64le-10.iad2.fedoraproject.org) -> closed
  0 free  0 open  4 done  0 failed

114136523 build (f41-build-side-84507, /rpms/jtidy.git:fa4df19986d59bea6dd7ff9c364d8f2a2754c938) completed successfully
