Cloning into 'JUnitParams'...
@@@@@@@@@@@@@@@@@@@@@@@@@@@@@@@@@@@@@@@@@@@@@@@@@@@@@@@@@@@
@    WARNING: REMOTE HOST IDENTIFICATION HAS CHANGED!     @
@@@@@@@@@@@@@@@@@@@@@@@@@@@@@@@@@@@@@@@@@@@@@@@@@@@@@@@@@@@
IT IS POSSIBLE THAT SOMEONE IS DOING SOMETHING NASTY!
Someone could be eavesdropping on you right now (man-in-the-middle attack)!
It is also possible that a host key has just been changed.
The fingerprint for the RSA key sent by the remote host is
SHA256:dJN0nFWBcWK7SFs2k0nnsO+XNA9+aEDY4FWO7uhxTN8.
Please contact your system administrator.
Add correct host key in /home/jvanek/.ssh/known_hosts to get rid of this message.
Offending RSA key in /home/jvanek/.ssh/known_hosts:2
Password authentication is disabled to avoid man-in-the-middle attacks.
Keyboard-interactive authentication is disabled to avoid man-in-the-middle attacks.
UpdateHostkeys is disabled because the host key is not trusted.
RPMAutoSpec usage detected, not changing the spec file.
[rawhide f81b2e3] Rebuilt for java-25-openjdk as preffered jdk
 1 file changed, 1 insertion(+), 1 deletion(-)
Building JUnitParams-1.1.1-10.fc43 for rawhide
Created task: 135455092
Task info: https://koji.fedoraproject.org/koji/taskinfo?taskID=135455092
Watching tasks (this may be safely interrupted)...
135455092 build (rawhide, /rpms/JUnitParams.git:f81b2e399da80dbdbc3e7663b596b92e38004a0a): free
135455092 build (rawhide, /rpms/JUnitParams.git:f81b2e399da80dbdbc3e7663b596b92e38004a0a): free -> assigned (buildvm-a64-24.rdu3.fedoraproject.org)
135455092 build (rawhide, /rpms/JUnitParams.git:f81b2e399da80dbdbc3e7663b596b92e38004a0a): assigned (buildvm-a64-24.rdu3.fedoraproject.org) -> open (buildvm-a64-24.rdu3.fedoraproject.org)
  135455125 buildSRPMFromSCM (/rpms/JUnitParams.git:f81b2e399da80dbdbc3e7663b596b92e38004a0a): free
  135455125 buildSRPMFromSCM (/rpms/JUnitParams.git:f81b2e399da80dbdbc3e7663b596b92e38004a0a): free -> assigned (buildhw-x86-02.rdu3.fedoraproject.org)
  135455125 buildSRPMFromSCM (/rpms/JUnitParams.git:f81b2e399da80dbdbc3e7663b596b92e38004a0a): assigned (buildhw-x86-02.rdu3.fedoraproject.org) -> open (buildhw-x86-02.rdu3.fedoraproject.org)
  135455125 buildSRPMFromSCM (/rpms/JUnitParams.git:f81b2e399da80dbdbc3e7663b596b92e38004a0a): open (buildhw-x86-02.rdu3.fedoraproject.org) -> closed
  0 free  1 open  1 done  0 failed
  135455163 buildArch (JUnitParams-1.1.1-10.fc43.src.rpm, noarch): free
  135455163 buildArch (JUnitParams-1.1.1-10.fc43.src.rpm, noarch): free -> open (buildvm-ppc64le-32.rdu3.fedoraproject.org)
  135455163 buildArch (JUnitParams-1.1.1-10.fc43.src.rpm, noarch): open (buildvm-ppc64le-32.rdu3.fedoraproject.org) -> closed
  0 free  1 open  2 done  0 failed
  135455227 tagBuild (noarch): assigned (buildvm-a64-43.rdu3.fedoraproject.org)
  135455227 tagBuild (noarch): assigned (buildvm-a64-43.rdu3.fedoraproject.org) -> closed
  0 free  1 open  3 done  0 failed
135455092 build (rawhide, /rpms/JUnitParams.git:f81b2e399da80dbdbc3e7663b596b92e38004a0a): open (buildvm-a64-24.rdu3.fedoraproject.org) -> closed
  0 free  0 open  4 done  0 failed

135455092 build (rawhide, /rpms/JUnitParams.git:f81b2e399da80dbdbc3e7663b596b92e38004a0a) completed successfully
