Cloning into 'juniversalchardet'...
[f40 cc9155e] Rebuilt for java-21-openjdk as system jdk
 1 file changed, 4 insertions(+), 1 deletion(-)
Building juniversalchardet-2.4.0-12.fc40 for f40-build-side-84857
Created task: 114352847
Task info: https://koji.fedoraproject.org/koji/taskinfo?taskID=114352847
Watching tasks (this may be safely interrupted)...
114352847 build (f40-build-side-84857, /rpms/juniversalchardet.git:cc9155e6aab1f77f06332fef90d3b36bf45df796): free
114352847 build (f40-build-side-84857, /rpms/juniversalchardet.git:cc9155e6aab1f77f06332fef90d3b36bf45df796): free -> open (buildvm-x86-22.iad2.fedoraproject.org)
  114352861 buildSRPMFromSCM (/rpms/juniversalchardet.git:cc9155e6aab1f77f06332fef90d3b36bf45df796): free
  114352861 buildSRPMFromSCM (/rpms/juniversalchardet.git:cc9155e6aab1f77f06332fef90d3b36bf45df796): free -> assigned
  114352861 buildSRPMFromSCM (/rpms/juniversalchardet.git:cc9155e6aab1f77f06332fef90d3b36bf45df796): assigned -> open (buildvm-x86-05.iad2.fedoraproject.org)
  114352861 buildSRPMFromSCM (/rpms/juniversalchardet.git:cc9155e6aab1f77f06332fef90d3b36bf45df796): open (buildvm-x86-05.iad2.fedoraproject.org) -> closed
  0 free  1 open  1 done  0 failed
  114352974 buildArch (juniversalchardet-2.4.0-12.fc40.src.rpm, noarch): free
  114352974 buildArch (juniversalchardet-2.4.0-12.fc40.src.rpm, noarch): free -> assigned
  114352974 buildArch (juniversalchardet-2.4.0-12.fc40.src.rpm, noarch): assigned -> open (buildvm-a64-30.iad2.fedoraproject.org)
  114352974 buildArch (juniversalchardet-2.4.0-12.fc40.src.rpm, noarch): open (buildvm-a64-30.iad2.fedoraproject.org) -> FAILED: BuildError: error building package (arch noarch), mock exited with status 1; see build.log or root.log for more information
  Relevant logs:
  https://kojipkgs.fedoraproject.org/work/tasks/2974/114352974/state.log
  https://kojipkgs.fedoraproject.org/work/tasks/2974/114352974/build.log
  https://kojipkgs.fedoraproject.org/work/tasks/2974/114352974/root.log
  https://kojipkgs.fedoraproject.org/work/tasks/2974/114352974/mock_output.log
  https://kojipkgs.fedoraproject.org/work/tasks/2974/114352974/hw_info.log
  0 free  1 open  1 done  1 failed
114352847 build (f40-build-side-84857, /rpms/juniversalchardet.git:cc9155e6aab1f77f06332fef90d3b36bf45df796): open (buildvm-x86-22.iad2.fedoraproject.org) -> FAILED: BuildError: error building package (arch noarch), mock exited with status 1; see build.log or root.log for more information
  0 free  0 open  1 done  2 failed

114352847 build (f40-build-side-84857, /rpms/juniversalchardet.git:cc9155e6aab1f77f06332fef90d3b36bf45df796) failed
