Cloning into 'junit'...
@@@@@@@@@@@@@@@@@@@@@@@@@@@@@@@@@@@@@@@@@@@@@@@@@@@@@@@@@@@
@    WARNING: REMOTE HOST IDENTIFICATION HAS CHANGED!     @
@@@@@@@@@@@@@@@@@@@@@@@@@@@@@@@@@@@@@@@@@@@@@@@@@@@@@@@@@@@
IT IS POSSIBLE THAT SOMEONE IS DOING SOMETHING NASTY!
Someone could be eavesdropping on you right now (man-in-the-middle attack)!
It is also possible that a host key has just been changed.
The fingerprint for the RSA key sent by the remote host is
SHA256:dJN0nFWBcWK7SFs2k0nnsO+XNA9+aEDY4FWO7uhxTN8.
Please contact your system administrator.
Add correct host key in /home/jvanek/.ssh/known_hosts to get rid of this message.
Offending RSA key in /home/jvanek/.ssh/known_hosts:2
Password authentication is disabled to avoid man-in-the-middle attacks.
Keyboard-interactive authentication is disabled to avoid man-in-the-middle attacks.
UpdateHostkeys is disabled because the host key is not trusted.
RPMAutoSpec usage detected, not changing the spec file.
[rawhide a571dbe] Rebuilt for java-25-openjdk as preffered jdk
Found a gating.yaml file in the repo and it is properly configured
Building junit-4.13.2-25.fc43 for rawhide
Created task: 135454993
Task info: https://koji.fedoraproject.org/koji/taskinfo?taskID=135454993
Watching tasks (this may be safely interrupted)...
135454993 build (rawhide, /rpms/junit.git:a571dbe6f8e3b8565794430d33e511eaada4af8d): free
135454993 build (rawhide, /rpms/junit.git:a571dbe6f8e3b8565794430d33e511eaada4af8d): free -> open (buildvm-a64-13.rdu3.fedoraproject.org)
  135455031 buildSRPMFromSCM (/rpms/junit.git:a571dbe6f8e3b8565794430d33e511eaada4af8d): free
  135455031 buildSRPMFromSCM (/rpms/junit.git:a571dbe6f8e3b8565794430d33e511eaada4af8d): free -> assigned (buildvm-a64-23.rdu3.fedoraproject.org)
  135455031 buildSRPMFromSCM (/rpms/junit.git:a571dbe6f8e3b8565794430d33e511eaada4af8d): assigned (buildvm-a64-23.rdu3.fedoraproject.org) -> open (buildvm-a64-23.rdu3.fedoraproject.org)
  135455031 buildSRPMFromSCM (/rpms/junit.git:a571dbe6f8e3b8565794430d33e511eaada4af8d): open (buildvm-a64-23.rdu3.fedoraproject.org) -> closed
  0 free  1 open  1 done  0 failed
  135455148 buildArch (junit-4.13.2-25.fc43.src.rpm, noarch): free
  135455148 buildArch (junit-4.13.2-25.fc43.src.rpm, noarch): free -> assigned (buildvm-ppc64le-17.rdu3.fedoraproject.org)
  135455148 buildArch (junit-4.13.2-25.fc43.src.rpm, noarch): assigned (buildvm-ppc64le-17.rdu3.fedoraproject.org) -> open (buildvm-ppc64le-17.rdu3.fedoraproject.org)
  135455148 buildArch (junit-4.13.2-25.fc43.src.rpm, noarch): open (buildvm-ppc64le-17.rdu3.fedoraproject.org) -> closed
  0 free  1 open  2 done  0 failed
  135455207 tagBuild (noarch): free
  135455207 tagBuild (noarch): free -> assigned (buildvm-a64-28.rdu3.fedoraproject.org)
135454993 build (rawhide, /rpms/junit.git:a571dbe6f8e3b8565794430d33e511eaada4af8d): open (buildvm-a64-13.rdu3.fedoraproject.org) -> closed
  0 free  1 open  3 done  0 failed
  135455207 tagBuild (noarch): assigned (buildvm-a64-28.rdu3.fedoraproject.org) -> closed
  0 free  0 open  4 done  0 failed

135454993 build (rawhide, /rpms/junit.git:a571dbe6f8e3b8565794430d33e511eaada4af8d) completed successfully
