Cloning into 'junit5'...
@@@@@@@@@@@@@@@@@@@@@@@@@@@@@@@@@@@@@@@@@@@@@@@@@@@@@@@@@@@
@    WARNING: REMOTE HOST IDENTIFICATION HAS CHANGED!     @
@@@@@@@@@@@@@@@@@@@@@@@@@@@@@@@@@@@@@@@@@@@@@@@@@@@@@@@@@@@
IT IS POSSIBLE THAT SOMEONE IS DOING SOMETHING NASTY!
Someone could be eavesdropping on you right now (man-in-the-middle attack)!
It is also possible that a host key has just been changed.
The fingerprint for the RSA key sent by the remote host is
SHA256:dJN0nFWBcWK7SFs2k0nnsO+XNA9+aEDY4FWO7uhxTN8.
Please contact your system administrator.
Add correct host key in /home/jvanek/.ssh/known_hosts to get rid of this message.
Offending RSA key in /home/jvanek/.ssh/known_hosts:2
Password authentication is disabled to avoid man-in-the-middle attacks.
Keyboard-interactive authentication is disabled to avoid man-in-the-middle attacks.
UpdateHostkeys is disabled because the host key is not trusted.
RPMAutoSpec usage detected, not changing the spec file.
[rawhide 1e1fab0] Rebuilt for java-25-openjdk as preffered jdk
Found a gating.yaml file in the repo and it is properly configured
Building junit5-5.13.3-3.fc43 for rawhide
Created task: 135455034
Task info: https://koji.fedoraproject.org/koji/taskinfo?taskID=135455034
Watching tasks (this may be safely interrupted)...
135455034 build (rawhide, /rpms/junit5.git:1e1fab0c6ad712f72d32f81fcb66d5dd19a72ffb): free
135455034 build (rawhide, /rpms/junit5.git:1e1fab0c6ad712f72d32f81fcb66d5dd19a72ffb): free -> assigned (buildhw-a64-01.rdu3.fedoraproject.org)
135455034 build (rawhide, /rpms/junit5.git:1e1fab0c6ad712f72d32f81fcb66d5dd19a72ffb): assigned (buildhw-a64-01.rdu3.fedoraproject.org) -> open (buildhw-a64-01.rdu3.fedoraproject.org)
  135455123 buildSRPMFromSCM (/rpms/junit5.git:1e1fab0c6ad712f72d32f81fcb66d5dd19a72ffb): free
  135455123 buildSRPMFromSCM (/rpms/junit5.git:1e1fab0c6ad712f72d32f81fcb66d5dd19a72ffb): free -> assigned (buildvm-s390x-18.s390.fedoraproject.org)
  135455123 buildSRPMFromSCM (/rpms/junit5.git:1e1fab0c6ad712f72d32f81fcb66d5dd19a72ffb): assigned (buildvm-s390x-18.s390.fedoraproject.org) -> open (buildvm-s390x-18.s390.fedoraproject.org)
  135455123 buildSRPMFromSCM (/rpms/junit5.git:1e1fab0c6ad712f72d32f81fcb66d5dd19a72ffb): open (buildvm-s390x-18.s390.fedoraproject.org) -> closed
  0 free  1 open  1 done  0 failed
  135456675 buildArch (junit5-5.13.3-3.fc43.src.rpm, noarch): free
  135456675 buildArch (junit5-5.13.3-3.fc43.src.rpm, noarch): free -> open (buildvm-s390x-10.s390.fedoraproject.org)
  135457141 tagBuild (noarch): free
  135456675 buildArch (junit5-5.13.3-3.fc43.src.rpm, noarch): open (buildvm-s390x-10.s390.fedoraproject.org) -> closed
  1 free  1 open  2 done  0 failed
  135457141 tagBuild (noarch): free -> assigned (buildvm-a64-07.rdu3.fedoraproject.org)
  135457141 tagBuild (noarch): assigned (buildvm-a64-07.rdu3.fedoraproject.org) -> closed
  0 free  1 open  3 done  0 failed
135455034 build (rawhide, /rpms/junit5.git:1e1fab0c6ad712f72d32f81fcb66d5dd19a72ffb): open (buildhw-a64-01.rdu3.fedoraproject.org) -> closed
  0 free  0 open  4 done  0 failed

135455034 build (rawhide, /rpms/junit5.git:1e1fab0c6ad712f72d32f81fcb66d5dd19a72ffb) completed successfully
