Cloning into 'jzlib'...
[rawhide 57f7524] Rebuilt for java-21-openjdk as system jdk
 1 file changed, 4 insertions(+), 1 deletion(-)
Found a gating.yaml file in the repo and it is properly configured
Building jzlib-1.1.3-29.fc41 for f41-build-side-84507
Created task: 114136661
Task info: https://koji.fedoraproject.org/koji/taskinfo?taskID=114136661
Watching tasks (this may be safely interrupted)...
114136661 build (f41-build-side-84507, /rpms/jzlib.git:57f752451e9a7755a4ce24e3981b902bf46203c7): free
114136661 build (f41-build-side-84507, /rpms/jzlib.git:57f752451e9a7755a4ce24e3981b902bf46203c7): free -> open (buildvm-a64-35.iad2.fedoraproject.org)
  114136677 buildSRPMFromSCM (/rpms/jzlib.git:57f752451e9a7755a4ce24e3981b902bf46203c7): free
  114136677 buildSRPMFromSCM (/rpms/jzlib.git:57f752451e9a7755a4ce24e3981b902bf46203c7): free -> assigned
  114136677 buildSRPMFromSCM (/rpms/jzlib.git:57f752451e9a7755a4ce24e3981b902bf46203c7): assigned -> open (buildvm-a64-34.iad2.fedoraproject.org)
  114136677 buildSRPMFromSCM (/rpms/jzlib.git:57f752451e9a7755a4ce24e3981b902bf46203c7): open (buildvm-a64-34.iad2.fedoraproject.org) -> closed
  0 free  1 open  1 done  0 failed
  114136786 buildArch (jzlib-1.1.3-29.fc41.src.rpm, noarch): free
  114136786 buildArch (jzlib-1.1.3-29.fc41.src.rpm, noarch): free -> assigned
  114136786 buildArch (jzlib-1.1.3-29.fc41.src.rpm, noarch): assigned -> open (buildvm-a64-11.iad2.fedoraproject.org)
  114136786 buildArch (jzlib-1.1.3-29.fc41.src.rpm, noarch): open (buildvm-a64-11.iad2.fedoraproject.org) -> closed
  0 free  1 open  2 done  0 failed
  114136871 tagBuild (noarch): free
  114136871 tagBuild (noarch): free -> assigned
  114136871 tagBuild (noarch): assigned -> closed
  0 free  1 open  3 done  0 failed
114136661 build (f41-build-side-84507, /rpms/jzlib.git:57f752451e9a7755a4ce24e3981b902bf46203c7): open (buildvm-a64-35.iad2.fedoraproject.org) -> closed
  0 free  0 open  4 done  0 failed

114136661 build (f41-build-side-84507, /rpms/jzlib.git:57f752451e9a7755a4ce24e3981b902bf46203c7) completed successfully
