Cloning into 'laf-plugin'...
[f40 25d72ad] Rebuilt for java-21-openjdk as system jdk
 1 file changed, 4 insertions(+), 1 deletion(-)
Building laf-plugin-1.0-35.fc40 for f40-build-side-84857
Created task: 114352976
Task info: https://koji.fedoraproject.org/koji/taskinfo?taskID=114352976
Watching tasks (this may be safely interrupted)...
114352976 build (f40-build-side-84857, /rpms/laf-plugin.git:25d72ad53d95b35125a5164ca3ee16de0b4ae89b): free
  114353002 buildSRPMFromSCM (/rpms/laf-plugin.git:25d72ad53d95b35125a5164ca3ee16de0b4ae89b): free
114352976 build (f40-build-side-84857, /rpms/laf-plugin.git:25d72ad53d95b35125a5164ca3ee16de0b4ae89b): free -> open (buildvm-s390x-05.s390.fedoraproject.org)
  114353002 buildSRPMFromSCM (/rpms/laf-plugin.git:25d72ad53d95b35125a5164ca3ee16de0b4ae89b): free -> open (buildvm-a64-04.iad2.fedoraproject.org)
  114353002 buildSRPMFromSCM (/rpms/laf-plugin.git:25d72ad53d95b35125a5164ca3ee16de0b4ae89b): open (buildvm-a64-04.iad2.fedoraproject.org) -> closed
  0 free  1 open  1 done  0 failed
  114353042 buildArch (laf-plugin-1.0-35.fc40.src.rpm, noarch): free
  114353042 buildArch (laf-plugin-1.0-35.fc40.src.rpm, noarch): free -> assigned
  114353042 buildArch (laf-plugin-1.0-35.fc40.src.rpm, noarch): assigned -> open (buildvm-a64-15.iad2.fedoraproject.org)
  114353042 buildArch (laf-plugin-1.0-35.fc40.src.rpm, noarch): open (buildvm-a64-15.iad2.fedoraproject.org) -> closed
  0 free  1 open  2 done  0 failed
  114353093 tagBuild (noarch): free
  114353093 tagBuild (noarch): free -> assigned
  114353093 tagBuild (noarch): assigned -> closed
  0 free  1 open  3 done  0 failed
114352976 build (f40-build-side-84857, /rpms/laf-plugin.git:25d72ad53d95b35125a5164ca3ee16de0b4ae89b): open (buildvm-s390x-05.s390.fedoraproject.org) -> closed
  0 free  0 open  4 done  0 failed

114352976 build (f40-build-side-84857, /rpms/laf-plugin.git:25d72ad53d95b35125a5164ca3ee16de0b4ae89b) completed successfully
