Cloning into 'lasso'...
[rawhide 32b2770] Rebuilt for java-17-openjdk as system jdk
 1 file changed, 4 insertions(+), 1 deletion(-)
Building lasso-2.7.0-6.fc36 for f36-java17
Created task: 82430376
Task info: https://koji.fedoraproject.org/koji/taskinfo?taskID=82430376
Watching tasks (this may be safely interrupted)...
82430376 build (f36-java17, /rpms/lasso.git:32b277058c98b345d98385ceabde5bbaa01d95e6): open (buildvm-ppc64le-32.iad2.fedoraproject.org)
  82430377 buildSRPMFromSCM (/rpms/lasso.git:32b277058c98b345d98385ceabde5bbaa01d95e6): free
  82430377 buildSRPMFromSCM (/rpms/lasso.git:32b277058c98b345d98385ceabde5bbaa01d95e6): free -> open (buildvm-x86-23.iad2.fedoraproject.org)
  82430387 buildArch (lasso-2.7.0-6.fc36.src.rpm, armv7hl): free
  82430388 buildArch (lasso-2.7.0-6.fc36.src.rpm, i686): free
  82430389 buildArch (lasso-2.7.0-6.fc36.src.rpm, x86_64): free
  82430390 buildArch (lasso-2.7.0-6.fc36.src.rpm, aarch64): open (buildvm-a64-10.iad2.fedoraproject.org)
  82430391 buildArch (lasso-2.7.0-6.fc36.src.rpm, ppc64le): open (buildvm-ppc64le-33.iad2.fedoraproject.org)
  82430392 buildArch (lasso-2.7.0-6.fc36.src.rpm, s390x): open (buildvm-s390x-28.s390.fedoraproject.org)
  82430377 buildSRPMFromSCM (/rpms/lasso.git:32b277058c98b345d98385ceabde5bbaa01d95e6): open (buildvm-x86-23.iad2.fedoraproject.org) -> closed
  3 free  4 open  1 done  0 failed
  82430387 buildArch (lasso-2.7.0-6.fc36.src.rpm, armv7hl): free -> open (buildvm-a32-16.iad2.fedoraproject.org)
  82430388 buildArch (lasso-2.7.0-6.fc36.src.rpm, i686): free -> open (buildvm-x86-25.iad2.fedoraproject.org)
  82430389 buildArch (lasso-2.7.0-6.fc36.src.rpm, x86_64): free -> open (buildvm-x86-10.iad2.fedoraproject.org)
  82430389 buildArch (lasso-2.7.0-6.fc36.src.rpm, x86_64): open (buildvm-x86-10.iad2.fedoraproject.org) -> FAILED: BuildError: error building package (arch x86_64), mock exited with status 1; see build.log or root.log for more information
  Relevant logs:
  https://kojipkgs.fedoraproject.org/work/tasks/389/82430389/mock_output.log
  https://kojipkgs.fedoraproject.org/work/tasks/389/82430389/hw_info.log
  https://kojipkgs.fedoraproject.org/work/tasks/389/82430389/state.log
  https://kojipkgs.fedoraproject.org/work/tasks/389/82430389/build.log
  https://kojipkgs.fedoraproject.org/work/tasks/389/82430389/root.log
  0 free  6 open  1 done  1 failed
82430376 build (f36-java17, /rpms/lasso.git:32b277058c98b345d98385ceabde5bbaa01d95e6): open (buildvm-ppc64le-32.iad2.fedoraproject.org) -> FAILED: BuildError: error building package (arch x86_64), mock exited with status 1; see build.log or root.log for more information
  0 free  5 open  1 done  2 failed
  82430387 buildArch (lasso-2.7.0-6.fc36.src.rpm, armv7hl): open (buildvm-a32-16.iad2.fedoraproject.org) -> canceled
  0 free  4 open  2 done  2 failed
  82430388 buildArch (lasso-2.7.0-6.fc36.src.rpm, i686): open (buildvm-x86-25.iad2.fedoraproject.org) -> canceled
  0 free  3 open  3 done  2 failed
  82430390 buildArch (lasso-2.7.0-6.fc36.src.rpm, aarch64): open (buildvm-a64-10.iad2.fedoraproject.org) -> canceled
  0 free  2 open  4 done  2 failed
  82430391 buildArch (lasso-2.7.0-6.fc36.src.rpm, ppc64le): open (buildvm-ppc64le-33.iad2.fedoraproject.org) -> canceled
  0 free  1 open  5 done  2 failed
  82430392 buildArch (lasso-2.7.0-6.fc36.src.rpm, s390x): open (buildvm-s390x-28.s390.fedoraproject.org) -> canceled
  0 free  0 open  6 done  2 failed

82430376 build (f36-java17, /rpms/lasso.git:32b277058c98b345d98385ceabde5bbaa01d95e6) failed
