Cloning into 'ldapjdk'...
[f40 6d4a1b7] Rebuilt for java-21-openjdk as system jdk
 1 file changed, 4 insertions(+), 1 deletion(-)
Building ldapjdk-5.5.0-1.fc40.1 for f40-build-side-84857
Created task: 114352996
Task info: https://koji.fedoraproject.org/koji/taskinfo?taskID=114352996
Watching tasks (this may be safely interrupted)...
114352996 build (f40-build-side-84857, /rpms/ldapjdk.git:6d4a1b7e4ff0c166c117381320a1c87707d58123): free
114352996 build (f40-build-side-84857, /rpms/ldapjdk.git:6d4a1b7e4ff0c166c117381320a1c87707d58123): free -> open (buildvm-s390x-09.s390.fedoraproject.org)
  114353000 buildSRPMFromSCM (/rpms/ldapjdk.git:6d4a1b7e4ff0c166c117381320a1c87707d58123): free
  114353000 buildSRPMFromSCM (/rpms/ldapjdk.git:6d4a1b7e4ff0c166c117381320a1c87707d58123): free -> open (buildvm-x86-26.iad2.fedoraproject.org)
  114353000 buildSRPMFromSCM (/rpms/ldapjdk.git:6d4a1b7e4ff0c166c117381320a1c87707d58123): open (buildvm-x86-26.iad2.fedoraproject.org) -> closed
  0 free  1 open  1 done  0 failed
  114353056 buildArch (ldapjdk-5.5.0-1.fc40.1.src.rpm, noarch): free
  114353056 buildArch (ldapjdk-5.5.0-1.fc40.1.src.rpm, noarch): free -> open (buildhw-a64-20.iad2.fedoraproject.org)
  114353056 buildArch (ldapjdk-5.5.0-1.fc40.1.src.rpm, noarch): open (buildhw-a64-20.iad2.fedoraproject.org) -> closed
  0 free  1 open  2 done  0 failed
  114353182 tagBuild (noarch): free
114352996 build (f40-build-side-84857, /rpms/ldapjdk.git:6d4a1b7e4ff0c166c117381320a1c87707d58123): open (buildvm-s390x-09.s390.fedoraproject.org) -> closed
  1 free  0 open  3 done  0 failed
  114353182 tagBuild (noarch): free -> closed
  0 free  0 open  4 done  0 failed

114352996 build (f40-build-side-84857, /rpms/ldapjdk.git:6d4a1b7e4ff0c166c117381320a1c87707d58123) completed successfully
