Cloning into 'libbluray'...
[rawhide 2d20426] Rebuilt for java-17-openjdk as system jdk
 1 file changed, 4 insertions(+), 1 deletion(-)
Building libbluray-1.3.0-4.fc36 for f36-java17
Created task: 82430395
Task info: https://koji.fedoraproject.org/koji/taskinfo?taskID=82430395
Watching tasks (this may be safely interrupted)...
82430395 build (f36-java17, /rpms/libbluray.git:2d20426b68c684c5a1c0c23b864d764dc4fb1479): open (buildvm-ppc64le-17.iad2.fedoraproject.org)
  82430396 buildSRPMFromSCM (/rpms/libbluray.git:2d20426b68c684c5a1c0c23b864d764dc4fb1479): open (buildvm-ppc64le-21.iad2.fedoraproject.org)
  82430396 buildSRPMFromSCM (/rpms/libbluray.git:2d20426b68c684c5a1c0c23b864d764dc4fb1479): open (buildvm-ppc64le-21.iad2.fedoraproject.org) -> closed
  0 free  1 open  1 done  0 failed
  82430483 buildArch (libbluray-1.3.0-4.fc36.src.rpm, armv7hl): open (buildvm-a32-17.iad2.fedoraproject.org)
  82430485 buildArch (libbluray-1.3.0-4.fc36.src.rpm, x86_64): free
  82430484 buildArch (libbluray-1.3.0-4.fc36.src.rpm, i686): open (buildvm-x86-15.iad2.fedoraproject.org)
  82430487 buildArch (libbluray-1.3.0-4.fc36.src.rpm, ppc64le): free
  82430488 buildArch (libbluray-1.3.0-4.fc36.src.rpm, s390x): free
  82430486 buildArch (libbluray-1.3.0-4.fc36.src.rpm, aarch64): open (buildvm-a64-12.iad2.fedoraproject.org)
  82430488 buildArch (libbluray-1.3.0-4.fc36.src.rpm, s390x): free -> open (buildvm-s390x-05.s390.fedoraproject.org)
  82430487 buildArch (libbluray-1.3.0-4.fc36.src.rpm, ppc64le): free -> open (buildvm-ppc64le-28.iad2.fedoraproject.org)
  82430485 buildArch (libbluray-1.3.0-4.fc36.src.rpm, x86_64): free -> open (buildhw-x86-05.iad2.fedoraproject.org)
  82430488 buildArch (libbluray-1.3.0-4.fc36.src.rpm, s390x): open (buildvm-s390x-05.s390.fedoraproject.org) -> closed
  0 free  6 open  2 done  0 failed
  82430485 buildArch (libbluray-1.3.0-4.fc36.src.rpm, x86_64): open (buildhw-x86-05.iad2.fedoraproject.org) -> closed
  0 free  5 open  3 done  0 failed
  82430484 buildArch (libbluray-1.3.0-4.fc36.src.rpm, i686): open (buildvm-x86-15.iad2.fedoraproject.org) -> closed
  0 free  4 open  4 done  0 failed
  82430486 buildArch (libbluray-1.3.0-4.fc36.src.rpm, aarch64): open (buildvm-a64-12.iad2.fedoraproject.org) -> closed
  0 free  3 open  5 done  0 failed
  82430487 buildArch (libbluray-1.3.0-4.fc36.src.rpm, ppc64le): open (buildvm-ppc64le-28.iad2.fedoraproject.org) -> closed
  0 free  2 open  6 done  0 failed
  82430483 buildArch (libbluray-1.3.0-4.fc36.src.rpm, armv7hl): open (buildvm-a32-17.iad2.fedoraproject.org) -> closed
  0 free  1 open  7 done  0 failed
  82430756 tagBuild (noarch): free
  82430756 tagBuild (noarch): free -> closed
  0 free  1 open  8 done  0 failed
82430395 build (f36-java17, /rpms/libbluray.git:2d20426b68c684c5a1c0c23b864d764dc4fb1479): open (buildvm-ppc64le-17.iad2.fedoraproject.org) -> closed
  0 free  0 open  9 done  0 failed

82430395 build (f36-java17, /rpms/libbluray.git:2d20426b68c684c5a1c0c23b864d764dc4fb1479) completed successfully
