Cloning into 'libbase'...
[f40 a0a6434] Rebuilt for java-21-openjdk as system jdk
 1 file changed, 4 insertions(+), 1 deletion(-)
warning: %patchN is deprecated (4 usages found), use %patch N (or %patch -P N)

Building libbase-1.1.3-42.fc40 for f40-build-side-84857
Created task: 114353005
Task info: https://koji.fedoraproject.org/koji/taskinfo?taskID=114353005
Watching tasks (this may be safely interrupted)...
114353005 build (f40-build-side-84857, /rpms/libbase.git:a0a643421cf197f064fd859937333660498bccc8): free
114353005 build (f40-build-side-84857, /rpms/libbase.git:a0a643421cf197f064fd859937333660498bccc8): free -> open (buildvm-a64-32.iad2.fedoraproject.org)
  114353027 buildSRPMFromSCM (/rpms/libbase.git:a0a643421cf197f064fd859937333660498bccc8): free
  114353027 buildSRPMFromSCM (/rpms/libbase.git:a0a643421cf197f064fd859937333660498bccc8): free -> assigned
  114353027 buildSRPMFromSCM (/rpms/libbase.git:a0a643421cf197f064fd859937333660498bccc8): assigned -> open (buildvm-x86-17.iad2.fedoraproject.org)
  114353027 buildSRPMFromSCM (/rpms/libbase.git:a0a643421cf197f064fd859937333660498bccc8): open (buildvm-x86-17.iad2.fedoraproject.org) -> closed
  0 free  1 open  1 done  0 failed
  114353092 buildArch (libbase-1.1.3-42.fc40.src.rpm, noarch): free
  114353092 buildArch (libbase-1.1.3-42.fc40.src.rpm, noarch): free -> assigned
  114353092 buildArch (libbase-1.1.3-42.fc40.src.rpm, noarch): assigned -> open (buildvm-s390x-09.s390.fedoraproject.org)
  114353092 buildArch (libbase-1.1.3-42.fc40.src.rpm, noarch): open (buildvm-s390x-09.s390.fedoraproject.org) -> closed
  0 free  1 open  2 done  0 failed
  114353173 tagBuild (noarch): free
  114353173 tagBuild (noarch): free -> closed
  0 free  1 open  3 done  0 failed
114353005 build (f40-build-side-84857, /rpms/libbase.git:a0a643421cf197f064fd859937333660498bccc8): open (buildvm-a64-32.iad2.fedoraproject.org) -> closed
  0 free  0 open  4 done  0 failed

114353005 build (f40-build-side-84857, /rpms/libbase.git:a0a643421cf197f064fd859937333660498bccc8) completed successfully
