Cloning into 'libformula'...
[rawhide bb44aa7] Rebuilt for java-21-openjdk as system jdk
 1 file changed, 4 insertions(+), 1 deletion(-)
warning: %patchN is deprecated (4 usages found), use %patch N (or %patch -P N)

Building libformula-1.1.3-43.fc41 for f41-build-side-84507
Created task: 114136938
Task info: https://koji.fedoraproject.org/koji/taskinfo?taskID=114136938
Watching tasks (this may be safely interrupted)...
114136938 build (f41-build-side-84507, /rpms/libformula.git:bb44aa72f11eb408214afeab0d99186c610890a0): free
114136938 build (f41-build-side-84507, /rpms/libformula.git:bb44aa72f11eb408214afeab0d99186c610890a0): free -> open (buildhw-x86-08.iad2.fedoraproject.org)
  114137009 buildSRPMFromSCM (/rpms/libformula.git:bb44aa72f11eb408214afeab0d99186c610890a0): free
  114137009 buildSRPMFromSCM (/rpms/libformula.git:bb44aa72f11eb408214afeab0d99186c610890a0): free -> assigned
  114137009 buildSRPMFromSCM (/rpms/libformula.git:bb44aa72f11eb408214afeab0d99186c610890a0): assigned -> open (buildvm-a64-39.iad2.fedoraproject.org)
  114137087 buildArch (libformula-1.1.3-43.fc41.src.rpm, noarch): assigned
  114137009 buildSRPMFromSCM (/rpms/libformula.git:bb44aa72f11eb408214afeab0d99186c610890a0): open (buildvm-a64-39.iad2.fedoraproject.org) -> closed
  0 free  2 open  1 done  0 failed
  114137087 buildArch (libformula-1.1.3-43.fc41.src.rpm, noarch): assigned -> open (buildvm-ppc64le-29.iad2.fedoraproject.org)
  114137087 buildArch (libformula-1.1.3-43.fc41.src.rpm, noarch): open (buildvm-ppc64le-29.iad2.fedoraproject.org) -> closed
  0 free  1 open  2 done  0 failed
  114137199 tagBuild (noarch): free
  114137199 tagBuild (noarch): free -> assigned
  114137199 tagBuild (noarch): assigned -> closed
  0 free  1 open  3 done  0 failed
114136938 build (f41-build-side-84507, /rpms/libformula.git:bb44aa72f11eb408214afeab0d99186c610890a0): open (buildhw-x86-08.iad2.fedoraproject.org) -> closed
  0 free  0 open  4 done  0 failed

114136938 build (f41-build-side-84507, /rpms/libformula.git:bb44aa72f11eb408214afeab0d99186c610890a0) completed successfully
