Cloning into 'libgda'...
[rawhide 710ca62] Rebuilt for java-17-openjdk as system jdk
 1 file changed, 4 insertions(+), 1 deletion(-)
Building libgda-5.2.10-6.fc36 for f36-java17
Created task: 82430489
Task info: https://koji.fedoraproject.org/koji/taskinfo?taskID=82430489
Watching tasks (this may be safely interrupted)...
82430489 build (f36-java17, /rpms/libgda.git:710ca62380fc2045e9a1178bb597f7ae9f82b10c): free
82430489 build (f36-java17, /rpms/libgda.git:710ca62380fc2045e9a1178bb597f7ae9f82b10c): free -> open (buildvm-ppc64le-30.iad2.fedoraproject.org)
  82430497 buildSRPMFromSCM (/rpms/libgda.git:710ca62380fc2045e9a1178bb597f7ae9f82b10c): free
  82430497 buildSRPMFromSCM (/rpms/libgda.git:710ca62380fc2045e9a1178bb597f7ae9f82b10c): free -> open (buildvm-x86-15.iad2.fedoraproject.org)
  82430497 buildSRPMFromSCM (/rpms/libgda.git:710ca62380fc2045e9a1178bb597f7ae9f82b10c): open (buildvm-x86-15.iad2.fedoraproject.org) -> closed
  0 free  1 open  1 done  0 failed
  82430622 buildArch (libgda-5.2.10-6.fc36.src.rpm, i686): free
  82430626 buildArch (libgda-5.2.10-6.fc36.src.rpm, s390x): free
  82430623 buildArch (libgda-5.2.10-6.fc36.src.rpm, x86_64): free
  82430625 buildArch (libgda-5.2.10-6.fc36.src.rpm, ppc64le): free
  82430624 buildArch (libgda-5.2.10-6.fc36.src.rpm, aarch64): open (buildvm-a64-13.iad2.fedoraproject.org)
  82430621 buildArch (libgda-5.2.10-6.fc36.src.rpm, armv7hl): open (buildvm-a32-21.iad2.fedoraproject.org)
  82430626 buildArch (libgda-5.2.10-6.fc36.src.rpm, s390x): free -> open (buildvm-s390x-05.s390.fedoraproject.org)
  82430622 buildArch (libgda-5.2.10-6.fc36.src.rpm, i686): free -> open (buildhw-x86-14.iad2.fedoraproject.org)
  82430623 buildArch (libgda-5.2.10-6.fc36.src.rpm, x86_64): free -> open (buildhw-x86-12.iad2.fedoraproject.org)
  82430625 buildArch (libgda-5.2.10-6.fc36.src.rpm, ppc64le): free -> open (buildvm-ppc64le-25.iad2.fedoraproject.org)
  82430623 buildArch (libgda-5.2.10-6.fc36.src.rpm, x86_64): open (buildhw-x86-12.iad2.fedoraproject.org) -> FAILED: BuildError: error building package (arch x86_64), mock exited with status 1; see build.log or root.log for more information
  Relevant logs:
  https://kojipkgs.fedoraproject.org/work/tasks/623/82430623/mock_output.log
  https://kojipkgs.fedoraproject.org/work/tasks/623/82430623/hw_info.log
  https://kojipkgs.fedoraproject.org/work/tasks/623/82430623/state.log
  https://kojipkgs.fedoraproject.org/work/tasks/623/82430623/build.log
  https://kojipkgs.fedoraproject.org/work/tasks/623/82430623/root.log
  0 free  6 open  1 done  1 failed
82430489 build (f36-java17, /rpms/libgda.git:710ca62380fc2045e9a1178bb597f7ae9f82b10c): open (buildvm-ppc64le-30.iad2.fedoraproject.org) -> FAILED: BuildError: error building package (arch x86_64), mock exited with status 1; see build.log or root.log for more information
  0 free  5 open  1 done  2 failed
  82430622 buildArch (libgda-5.2.10-6.fc36.src.rpm, i686): open (buildhw-x86-14.iad2.fedoraproject.org) -> canceled
  0 free  4 open  2 done  2 failed
  82430626 buildArch (libgda-5.2.10-6.fc36.src.rpm, s390x): open (buildvm-s390x-05.s390.fedoraproject.org) -> canceled
  0 free  3 open  3 done  2 failed
  82430625 buildArch (libgda-5.2.10-6.fc36.src.rpm, ppc64le): open (buildvm-ppc64le-25.iad2.fedoraproject.org) -> canceled
  0 free  2 open  4 done  2 failed
  82430624 buildArch (libgda-5.2.10-6.fc36.src.rpm, aarch64): open (buildvm-a64-13.iad2.fedoraproject.org) -> canceled
  0 free  1 open  5 done  2 failed
  82430621 buildArch (libgda-5.2.10-6.fc36.src.rpm, armv7hl): open (buildvm-a32-21.iad2.fedoraproject.org) -> canceled
  0 free  0 open  6 done  2 failed

82430489 build (f36-java17, /rpms/libgda.git:710ca62380fc2045e9a1178bb597f7ae9f82b10c) failed
