Cloning into 'libidn'...
[rawhide 5e22c07] Rebuilt for java-17-openjdk as system jdk
 1 file changed, 4 insertions(+), 1 deletion(-)
warning: line 34: Possible unexpanded macro in: Requires: emacs-filesystem >= %{_emacs_version}

Building libidn-1.38-4.fc36 for f36-java17
Created task: 82430499
Task info: https://koji.fedoraproject.org/koji/taskinfo?taskID=82430499
Watching tasks (this may be safely interrupted)...
82430499 build (f36-java17, /rpms/libidn.git:5e22c0709c9cf94d96aff1b5a40e0c4d27efc871): free
82430499 build (f36-java17, /rpms/libidn.git:5e22c0709c9cf94d96aff1b5a40e0c4d27efc871): free -> open (buildvm-s390x-11.s390.fedoraproject.org)
  82430549 buildSRPMFromSCM (/rpms/libidn.git:5e22c0709c9cf94d96aff1b5a40e0c4d27efc871): free
  82430549 buildSRPMFromSCM (/rpms/libidn.git:5e22c0709c9cf94d96aff1b5a40e0c4d27efc871): free -> open (buildvm-ppc64le-26.iad2.fedoraproject.org)
  82430549 buildSRPMFromSCM (/rpms/libidn.git:5e22c0709c9cf94d96aff1b5a40e0c4d27efc871): open (buildvm-ppc64le-26.iad2.fedoraproject.org) -> closed
  0 free  1 open  1 done  0 failed
  82430701 buildArch (libidn-1.38-4.fc36.src.rpm, i686): free
  82430700 buildArch (libidn-1.38-4.fc36.src.rpm, armv7hl): open (buildvm-a32-09.iad2.fedoraproject.org)
  82430702 buildArch (libidn-1.38-4.fc36.src.rpm, x86_64): free
  82430703 buildArch (libidn-1.38-4.fc36.src.rpm, aarch64): free
  82430704 buildArch (libidn-1.38-4.fc36.src.rpm, ppc64le): free
  82430705 buildArch (libidn-1.38-4.fc36.src.rpm, s390x): open (buildvm-s390x-04.s390.fedoraproject.org)
  82430703 buildArch (libidn-1.38-4.fc36.src.rpm, aarch64): free -> open (buildvm-a64-14.iad2.fedoraproject.org)
  82430704 buildArch (libidn-1.38-4.fc36.src.rpm, ppc64le): free -> open (buildvm-ppc64le-33.iad2.fedoraproject.org)
  82430701 buildArch (libidn-1.38-4.fc36.src.rpm, i686): free -> open (buildhw-x86-10.iad2.fedoraproject.org)
  82430702 buildArch (libidn-1.38-4.fc36.src.rpm, x86_64): free -> open (buildhw-x86-01.iad2.fedoraproject.org)
  82430705 buildArch (libidn-1.38-4.fc36.src.rpm, s390x): open (buildvm-s390x-04.s390.fedoraproject.org) -> closed
  0 free  6 open  2 done  0 failed
  82430702 buildArch (libidn-1.38-4.fc36.src.rpm, x86_64): open (buildhw-x86-01.iad2.fedoraproject.org) -> closed
  0 free  5 open  3 done  0 failed
  82430701 buildArch (libidn-1.38-4.fc36.src.rpm, i686): open (buildhw-x86-10.iad2.fedoraproject.org) -> closed
  0 free  4 open  4 done  0 failed
  82430704 buildArch (libidn-1.38-4.fc36.src.rpm, ppc64le): open (buildvm-ppc64le-33.iad2.fedoraproject.org) -> closed
  0 free  3 open  5 done  0 failed
  82430703 buildArch (libidn-1.38-4.fc36.src.rpm, aarch64): open (buildvm-a64-14.iad2.fedoraproject.org) -> closed
  0 free  2 open  6 done  0 failed
  82430700 buildArch (libidn-1.38-4.fc36.src.rpm, armv7hl): open (buildvm-a32-09.iad2.fedoraproject.org) -> closed
  0 free  1 open  7 done  0 failed
  82430868 tagBuild (noarch): free
  82430868 tagBuild (noarch): free -> open (buildvm-ppc64le-33.iad2.fedoraproject.org)
  82430868 tagBuild (noarch): open (buildvm-ppc64le-33.iad2.fedoraproject.org) -> closed
  0 free  1 open  8 done  0 failed
82430499 build (f36-java17, /rpms/libidn.git:5e22c0709c9cf94d96aff1b5a40e0c4d27efc871): open (buildvm-s390x-11.s390.fedoraproject.org) -> closed
  0 free  0 open  9 done  0 failed

82430499 build (f36-java17, /rpms/libidn.git:5e22c0709c9cf94d96aff1b5a40e0c4d27efc871) completed successfully
