Cloning into 'liblayout'...
[rawhide fdda3f7] Rebuilt for java-21-openjdk as system jdk
 1 file changed, 4 insertions(+), 1 deletion(-)
warning: %patchN is deprecated (1 usages found), use %patch N (or %patch -P N)

Building liblayout-0.2.10-36.fc41 for f41-build-side-84507
Created task: 114137003
Task info: https://koji.fedoraproject.org/koji/taskinfo?taskID=114137003
Watching tasks (this may be safely interrupted)...
114137003 build (f41-build-side-84507, /rpms/liblayout.git:fdda3f7d79bc9f03694181b8b93bbba617f8f915): free
114137003 build (f41-build-side-84507, /rpms/liblayout.git:fdda3f7d79bc9f03694181b8b93bbba617f8f915): free -> assigned
114137003 build (f41-build-side-84507, /rpms/liblayout.git:fdda3f7d79bc9f03694181b8b93bbba617f8f915): assigned -> open (buildhw-x86-03.iad2.fedoraproject.org)
  114137018 buildSRPMFromSCM (/rpms/liblayout.git:fdda3f7d79bc9f03694181b8b93bbba617f8f915): free
  114137018 buildSRPMFromSCM (/rpms/liblayout.git:fdda3f7d79bc9f03694181b8b93bbba617f8f915): free -> assigned
  114137018 buildSRPMFromSCM (/rpms/liblayout.git:fdda3f7d79bc9f03694181b8b93bbba617f8f915): assigned -> open (buildvm-x86-12.iad2.fedoraproject.org)
  114137018 buildSRPMFromSCM (/rpms/liblayout.git:fdda3f7d79bc9f03694181b8b93bbba617f8f915): open (buildvm-x86-12.iad2.fedoraproject.org) -> closed
  0 free  1 open  1 done  0 failed
  114137133 buildArch (liblayout-0.2.10-36.fc41.src.rpm, noarch): free
  114137133 buildArch (liblayout-0.2.10-36.fc41.src.rpm, noarch): free -> assigned
  114137133 buildArch (liblayout-0.2.10-36.fc41.src.rpm, noarch): assigned -> open (buildvm-ppc64le-05.iad2.fedoraproject.org)
  114137133 buildArch (liblayout-0.2.10-36.fc41.src.rpm, noarch): open (buildvm-ppc64le-05.iad2.fedoraproject.org) -> closed
  0 free  1 open  2 done  0 failed
  114137168 tagBuild (noarch): assigned
  114137168 tagBuild (noarch): assigned -> closed
  0 free  1 open  3 done  0 failed
114137003 build (f41-build-side-84507, /rpms/liblayout.git:fdda3f7d79bc9f03694181b8b93bbba617f8f915): open (buildhw-x86-03.iad2.fedoraproject.org) -> closed
  0 free  0 open  4 done  0 failed

114137003 build (f41-build-side-84507, /rpms/liblayout.git:fdda3f7d79bc9f03694181b8b93bbba617f8f915) completed successfully
