Cloning into 'librepository'...
[rawhide 5d20f0a] Rebuilt for java-21-openjdk as system jdk
 1 file changed, 4 insertions(+), 1 deletion(-)
warning: %patchN is deprecated (4 usages found), use %patch N (or %patch -P N)

Building librepository-1.1.3-43.fc41 for f41-build-side-84507
Created task: 114137028
Task info: https://koji.fedoraproject.org/koji/taskinfo?taskID=114137028
Watching tasks (this may be safely interrupted)...
114137028 build (f41-build-side-84507, /rpms/librepository.git:5d20f0ad0366daa5228fe6cb5f1ad3a8f8edb0bf): assigned
114137028 build (f41-build-side-84507, /rpms/librepository.git:5d20f0ad0366daa5228fe6cb5f1ad3a8f8edb0bf): assigned -> open (buildhw-x86-05.iad2.fedoraproject.org)
  114137049 buildSRPMFromSCM (/rpms/librepository.git:5d20f0ad0366daa5228fe6cb5f1ad3a8f8edb0bf): free
  114137049 buildSRPMFromSCM (/rpms/librepository.git:5d20f0ad0366daa5228fe6cb5f1ad3a8f8edb0bf): free -> assigned
  114137049 buildSRPMFromSCM (/rpms/librepository.git:5d20f0ad0366daa5228fe6cb5f1ad3a8f8edb0bf): assigned -> open (buildvm-a64-32.iad2.fedoraproject.org)
  114137049 buildSRPMFromSCM (/rpms/librepository.git:5d20f0ad0366daa5228fe6cb5f1ad3a8f8edb0bf): open (buildvm-a64-32.iad2.fedoraproject.org) -> closed
  0 free  1 open  1 done  0 failed
  114137166 buildArch (librepository-1.1.3-43.fc41.src.rpm, noarch): free
  114137166 buildArch (librepository-1.1.3-43.fc41.src.rpm, noarch): free -> assigned
  114137166 buildArch (librepository-1.1.3-43.fc41.src.rpm, noarch): assigned -> open (buildvm-s390x-06.s390.fedoraproject.org)
  114137166 buildArch (librepository-1.1.3-43.fc41.src.rpm, noarch): open (buildvm-s390x-06.s390.fedoraproject.org) -> closed
  0 free  1 open  2 done  0 failed
  114137193 tagBuild (noarch): free
  114137193 tagBuild (noarch): free -> assigned
  114137193 tagBuild (noarch): assigned -> closed
  0 free  1 open  3 done  0 failed
114137028 build (f41-build-side-84507, /rpms/librepository.git:5d20f0ad0366daa5228fe6cb5f1ad3a8f8edb0bf): open (buildhw-x86-05.iad2.fedoraproject.org) -> closed
  0 free  0 open  4 done  0 failed

114137028 build (f41-build-side-84507, /rpms/librepository.git:5d20f0ad0366daa5228fe6cb5f1ad3a8f8edb0bf) completed successfully
