Cloning into 'libsvm'...
[rawhide c143d7d] Rebuilt for java-17-openjdk as system jdk
 1 file changed, 4 insertions(+), 1 deletion(-)
Building libsvm-3.25-5.fc36 for f36-java17
Created task: 82430741
Task info: https://koji.fedoraproject.org/koji/taskinfo?taskID=82430741
Watching tasks (this may be safely interrupted)...
82430741 build (f36-java17, /rpms/libsvm.git:c143d7d4df1616a4c6cb995a6e89d9e4ad82f8a5): free
82430741 build (f36-java17, /rpms/libsvm.git:c143d7d4df1616a4c6cb995a6e89d9e4ad82f8a5): free -> open (buildvm-s390x-25.s390.fedoraproject.org)
  82430752 buildSRPMFromSCM (/rpms/libsvm.git:c143d7d4df1616a4c6cb995a6e89d9e4ad82f8a5): free
  82430752 buildSRPMFromSCM (/rpms/libsvm.git:c143d7d4df1616a4c6cb995a6e89d9e4ad82f8a5): free -> open (buildvm-ppc64le-05.iad2.fedoraproject.org)
  82430752 buildSRPMFromSCM (/rpms/libsvm.git:c143d7d4df1616a4c6cb995a6e89d9e4ad82f8a5): open (buildvm-ppc64le-05.iad2.fedoraproject.org) -> closed
  0 free  1 open  1 done  0 failed
  82430790 buildArch (libsvm-3.25-5.fc36.src.rpm, i686): open (buildvm-x86-28.iad2.fedoraproject.org)
  82430793 buildArch (libsvm-3.25-5.fc36.src.rpm, ppc64le): open (buildvm-ppc64le-04.iad2.fedoraproject.org)
  82430791 buildArch (libsvm-3.25-5.fc36.src.rpm, x86_64): free
  82430794 buildArch (libsvm-3.25-5.fc36.src.rpm, s390x): open (buildvm-s390x-11.s390.fedoraproject.org)
  82430792 buildArch (libsvm-3.25-5.fc36.src.rpm, aarch64): open (buildhw-a64-23.iad2.fedoraproject.org)
  82430789 buildArch (libsvm-3.25-5.fc36.src.rpm, armv7hl): open (buildvm-a32-06.iad2.fedoraproject.org)
  82430791 buildArch (libsvm-3.25-5.fc36.src.rpm, x86_64): free -> open (buildvm-x86-18.iad2.fedoraproject.org)
  82430794 buildArch (libsvm-3.25-5.fc36.src.rpm, s390x): open (buildvm-s390x-11.s390.fedoraproject.org) -> closed
  0 free  6 open  2 done  0 failed
  82430791 buildArch (libsvm-3.25-5.fc36.src.rpm, x86_64): open (buildvm-x86-18.iad2.fedoraproject.org) -> closed
  0 free  5 open  3 done  0 failed
  82430793 buildArch (libsvm-3.25-5.fc36.src.rpm, ppc64le): open (buildvm-ppc64le-04.iad2.fedoraproject.org) -> closed
  0 free  4 open  4 done  0 failed
  82430790 buildArch (libsvm-3.25-5.fc36.src.rpm, i686): open (buildvm-x86-28.iad2.fedoraproject.org) -> closed
  0 free  3 open  5 done  0 failed
  82430792 buildArch (libsvm-3.25-5.fc36.src.rpm, aarch64): open (buildhw-a64-23.iad2.fedoraproject.org) -> closed
  0 free  2 open  6 done  0 failed
  82430789 buildArch (libsvm-3.25-5.fc36.src.rpm, armv7hl): open (buildvm-a32-06.iad2.fedoraproject.org) -> closed
  0 free  1 open  7 done  0 failed
  82431027 tagBuild (noarch): free
  82431027 tagBuild (noarch): free -> closed
  0 free  1 open  8 done  0 failed
82430741 build (f36-java17, /rpms/libsvm.git:c143d7d4df1616a4c6cb995a6e89d9e4ad82f8a5): open (buildvm-s390x-25.s390.fedoraproject.org) -> closed
  0 free  0 open  9 done  0 failed

82430741 build (f36-java17, /rpms/libsvm.git:c143d7d4df1616a4c6cb995a6e89d9e4ad82f8a5) completed successfully
