Cloning into 'libvirt-java'...
[f40 bdddc64] Rebuilt for java-21-openjdk as system jdk
 1 file changed, 4 insertions(+), 1 deletion(-)
warning: Macro expanded in comment on line 30: %{java_home} macro

warning: %patchN is deprecated (1 usages found), use %patch N (or %patch -P N)

Building libvirt-java-0.4.9-29.fc40 for f40-build-side-84857
Created task: 114353143
Task info: https://koji.fedoraproject.org/koji/taskinfo?taskID=114353143
Watching tasks (this may be safely interrupted)...
114353143 build (f40-build-side-84857, /rpms/libvirt-java.git:bdddc64e1472b5268721654fdd5130fa9bbbaa9a): free
114353143 build (f40-build-side-84857, /rpms/libvirt-java.git:bdddc64e1472b5268721654fdd5130fa9bbbaa9a): free -> open (buildvm-ppc64le-02.iad2.fedoraproject.org)
  114353176 buildSRPMFromSCM (/rpms/libvirt-java.git:bdddc64e1472b5268721654fdd5130fa9bbbaa9a): free
  114353176 buildSRPMFromSCM (/rpms/libvirt-java.git:bdddc64e1472b5268721654fdd5130fa9bbbaa9a): free -> assigned
  114353176 buildSRPMFromSCM (/rpms/libvirt-java.git:bdddc64e1472b5268721654fdd5130fa9bbbaa9a): assigned -> open (buildvm-a64-20.iad2.fedoraproject.org)
  114353281 buildArch (libvirt-java-0.4.9-29.fc40.src.rpm, noarch): assigned
  114353176 buildSRPMFromSCM (/rpms/libvirt-java.git:bdddc64e1472b5268721654fdd5130fa9bbbaa9a): open (buildvm-a64-20.iad2.fedoraproject.org) -> closed
  0 free  2 open  1 done  0 failed
  114353281 buildArch (libvirt-java-0.4.9-29.fc40.src.rpm, noarch): assigned -> open (buildvm-s390x-05.s390.fedoraproject.org)
  114353281 buildArch (libvirt-java-0.4.9-29.fc40.src.rpm, noarch): open (buildvm-s390x-05.s390.fedoraproject.org) -> closed
  0 free  1 open  2 done  0 failed
  114353311 tagBuild (noarch): free
  114353311 tagBuild (noarch): free -> assigned
114353143 build (f40-build-side-84857, /rpms/libvirt-java.git:bdddc64e1472b5268721654fdd5130fa9bbbaa9a): open (buildvm-ppc64le-02.iad2.fedoraproject.org) -> closed
  0 free  1 open  3 done  0 failed
  114353311 tagBuild (noarch): assigned -> closed
  0 free  0 open  4 done  0 failed

114353143 build (f40-build-side-84857, /rpms/libvirt-java.git:bdddc64e1472b5268721654fdd5130fa9bbbaa9a) completed successfully
