Cloning into 'link-grammar'...
[rawhide ee7d86f] Rebuilt for java-17-openjdk as system jdk
 1 file changed, 4 insertions(+), 1 deletion(-)
Building link-grammar-5.10.2-3.fc36 for f36-java17
Created task: 82430768
Task info: https://koji.fedoraproject.org/koji/taskinfo?taskID=82430768
Watching tasks (this may be safely interrupted)...
82430768 build (f36-java17, /rpms/link-grammar.git:ee7d86fa66e47e2ed1f18667f842e66e576c560b): free
82430768 build (f36-java17, /rpms/link-grammar.git:ee7d86fa66e47e2ed1f18667f842e66e576c560b): free -> open (buildvm-ppc64le-37.iad2.fedoraproject.org)
  82430769 buildSRPMFromSCM (/rpms/link-grammar.git:ee7d86fa66e47e2ed1f18667f842e66e576c560b): free
  82430769 buildSRPMFromSCM (/rpms/link-grammar.git:ee7d86fa66e47e2ed1f18667f842e66e576c560b): free -> open (buildvm-x86-32.iad2.fedoraproject.org)
  82430799 buildArch (link-grammar-5.10.2-3.fc36.src.rpm, i686): free
  82430800 buildArch (link-grammar-5.10.2-3.fc36.src.rpm, x86_64): free
  82430801 buildArch (link-grammar-5.10.2-3.fc36.src.rpm, aarch64): free
  82430803 buildArch (link-grammar-5.10.2-3.fc36.src.rpm, s390x): free
  82430798 buildArch (link-grammar-5.10.2-3.fc36.src.rpm, armv7hl): open (buildvm-a32-03.iad2.fedoraproject.org)
  82430802 buildArch (link-grammar-5.10.2-3.fc36.src.rpm, ppc64le): open (buildvm-ppc64le-31.iad2.fedoraproject.org)
  82430769 buildSRPMFromSCM (/rpms/link-grammar.git:ee7d86fa66e47e2ed1f18667f842e66e576c560b): open (buildvm-x86-32.iad2.fedoraproject.org) -> closed
  4 free  3 open  1 done  0 failed
  82430799 buildArch (link-grammar-5.10.2-3.fc36.src.rpm, i686): free -> open (buildvm-x86-32.iad2.fedoraproject.org)
  82430801 buildArch (link-grammar-5.10.2-3.fc36.src.rpm, aarch64): free -> open (buildvm-a64-04.iad2.fedoraproject.org)
  82430803 buildArch (link-grammar-5.10.2-3.fc36.src.rpm, s390x): free -> open (buildvm-s390x-22.s390.fedoraproject.org)
  82430800 buildArch (link-grammar-5.10.2-3.fc36.src.rpm, x86_64): free -> open (buildvm-x86-11.iad2.fedoraproject.org)
  82430800 buildArch (link-grammar-5.10.2-3.fc36.src.rpm, x86_64): open (buildvm-x86-11.iad2.fedoraproject.org) -> closed
  0 free  6 open  2 done  0 failed
  82430803 buildArch (link-grammar-5.10.2-3.fc36.src.rpm, s390x): open (buildvm-s390x-22.s390.fedoraproject.org) -> closed
  0 free  5 open  3 done  0 failed
  82430802 buildArch (link-grammar-5.10.2-3.fc36.src.rpm, ppc64le): open (buildvm-ppc64le-31.iad2.fedoraproject.org) -> closed
  0 free  4 open  4 done  0 failed
  82430799 buildArch (link-grammar-5.10.2-3.fc36.src.rpm, i686): open (buildvm-x86-32.iad2.fedoraproject.org) -> closed
  0 free  3 open  5 done  0 failed
  82430801 buildArch (link-grammar-5.10.2-3.fc36.src.rpm, aarch64): open (buildvm-a64-04.iad2.fedoraproject.org) -> closed
  0 free  2 open  6 done  0 failed
  82430798 buildArch (link-grammar-5.10.2-3.fc36.src.rpm, armv7hl): open (buildvm-a32-03.iad2.fedoraproject.org) -> closed
  0 free  1 open  7 done  0 failed
  82430953 tagBuild (noarch): free
  82430953 tagBuild (noarch): free -> closed
  0 free  1 open  8 done  0 failed
82430768 build (f36-java17, /rpms/link-grammar.git:ee7d86fa66e47e2ed1f18667f842e66e576c560b): open (buildvm-ppc64le-37.iad2.fedoraproject.org) -> closed
  0 free  0 open  9 done  0 failed

82430768 build (f36-java17, /rpms/link-grammar.git:ee7d86fa66e47e2ed1f18667f842e66e576c560b) completed successfully
