Cloning into 'log4j'...
[f40 3d7129c] Rebuilt for java-21-openjdk as system jdk
 1 file changed, 4 insertions(+), 1 deletion(-)
Found a gating.yaml file in the repo and it is properly configured
Building log4j-2.20.0-7.fc40 for f40-build-side-84857
Created task: 114353177
Task info: https://koji.fedoraproject.org/koji/taskinfo?taskID=114353177
Watching tasks (this may be safely interrupted)...
114353177 build (f40-build-side-84857, /rpms/log4j.git:3d7129c1304b052072700a0dd343075160cae160): free
114353177 build (f40-build-side-84857, /rpms/log4j.git:3d7129c1304b052072700a0dd343075160cae160): free -> assigned
114353177 build (f40-build-side-84857, /rpms/log4j.git:3d7129c1304b052072700a0dd343075160cae160): assigned -> open (buildvm-x86-06.iad2.fedoraproject.org)
  114353223 buildSRPMFromSCM (/rpms/log4j.git:3d7129c1304b052072700a0dd343075160cae160): free
  114353223 buildSRPMFromSCM (/rpms/log4j.git:3d7129c1304b052072700a0dd343075160cae160): free -> assigned
  114353223 buildSRPMFromSCM (/rpms/log4j.git:3d7129c1304b052072700a0dd343075160cae160): assigned -> open (buildvm-a64-21.iad2.fedoraproject.org)
  114353223 buildSRPMFromSCM (/rpms/log4j.git:3d7129c1304b052072700a0dd343075160cae160): open (buildvm-a64-21.iad2.fedoraproject.org) -> closed
  0 free  1 open  1 done  0 failed
  114353314 buildArch (log4j-2.20.0-7.fc40.src.rpm, noarch): free
  114353314 buildArch (log4j-2.20.0-7.fc40.src.rpm, noarch): free -> assigned
  114353314 buildArch (log4j-2.20.0-7.fc40.src.rpm, noarch): assigned -> open (buildvm-x86-15.iad2.fedoraproject.org)
  114353314 buildArch (log4j-2.20.0-7.fc40.src.rpm, noarch): open (buildvm-x86-15.iad2.fedoraproject.org) -> closed
  0 free  1 open  2 done  0 failed
  114353465 tagBuild (noarch): free
  114353465 tagBuild (noarch): free -> assigned
  114353465 tagBuild (noarch): assigned -> closed
  0 free  1 open  3 done  0 failed
114353177 build (f40-build-side-84857, /rpms/log4j.git:3d7129c1304b052072700a0dd343075160cae160): open (buildvm-x86-06.iad2.fedoraproject.org) -> closed
  0 free  0 open  4 done  0 failed

114353177 build (f40-build-side-84857, /rpms/log4j.git:3d7129c1304b052072700a0dd343075160cae160) completed successfully
