Cloning into 'lucene'...
[f40 3f0685a] Rebuilt for java-21-openjdk as system jdk
 1 file changed, 4 insertions(+), 1 deletion(-)
Found a gating.yaml file in the repo and it is properly configured
Building lucene-9.9.2-2.fc40 for f40-build-side-84857
Created task: 114353203
Task info: https://koji.fedoraproject.org/koji/taskinfo?taskID=114353203
Watching tasks (this may be safely interrupted)...
114353203 build (f40-build-side-84857, /rpms/lucene.git:3f0685a598add372f06a36f254cab9879223a7e9): free
114353203 build (f40-build-side-84857, /rpms/lucene.git:3f0685a598add372f06a36f254cab9879223a7e9): free -> assigned
114353203 build (f40-build-side-84857, /rpms/lucene.git:3f0685a598add372f06a36f254cab9879223a7e9): assigned -> open (buildvm-x86-10.iad2.fedoraproject.org)
  114353229 buildSRPMFromSCM (/rpms/lucene.git:3f0685a598add372f06a36f254cab9879223a7e9): free
  114353229 buildSRPMFromSCM (/rpms/lucene.git:3f0685a598add372f06a36f254cab9879223a7e9): free -> assigned
  114353229 buildSRPMFromSCM (/rpms/lucene.git:3f0685a598add372f06a36f254cab9879223a7e9): assigned -> open (buildvm-a64-23.iad2.fedoraproject.org)
  114353229 buildSRPMFromSCM (/rpms/lucene.git:3f0685a598add372f06a36f254cab9879223a7e9): open (buildvm-a64-23.iad2.fedoraproject.org) -> closed
  0 free  1 open  1 done  0 failed
  114353318 buildArch (lucene-9.9.2-2.fc40.src.rpm, noarch): free
  114353318 buildArch (lucene-9.9.2-2.fc40.src.rpm, noarch): free -> assigned
  114353318 buildArch (lucene-9.9.2-2.fc40.src.rpm, noarch): assigned -> open (buildvm-a64-04.iad2.fedoraproject.org)
  114353499 tagBuild (noarch): free
  114353318 buildArch (lucene-9.9.2-2.fc40.src.rpm, noarch): open (buildvm-a64-04.iad2.fedoraproject.org) -> closed
  1 free  1 open  2 done  0 failed
  114353499 tagBuild (noarch): free -> assigned
114353203 build (f40-build-side-84857, /rpms/lucene.git:3f0685a598add372f06a36f254cab9879223a7e9): open (buildvm-x86-10.iad2.fedoraproject.org) -> closed
  0 free  1 open  3 done  0 failed
  114353499 tagBuild (noarch): assigned -> closed
  0 free  0 open  4 done  0 failed

114353203 build (f40-build-side-84857, /rpms/lucene.git:3f0685a598add372f06a36f254cab9879223a7e9) completed successfully
