Cloning into 'lujavrite'...
@@@@@@@@@@@@@@@@@@@@@@@@@@@@@@@@@@@@@@@@@@@@@@@@@@@@@@@@@@@
@    WARNING: REMOTE HOST IDENTIFICATION HAS CHANGED!     @
@@@@@@@@@@@@@@@@@@@@@@@@@@@@@@@@@@@@@@@@@@@@@@@@@@@@@@@@@@@
IT IS POSSIBLE THAT SOMEONE IS DOING SOMETHING NASTY!
Someone could be eavesdropping on you right now (man-in-the-middle attack)!
It is also possible that a host key has just been changed.
The fingerprint for the RSA key sent by the remote host is
SHA256:dJN0nFWBcWK7SFs2k0nnsO+XNA9+aEDY4FWO7uhxTN8.
Please contact your system administrator.
Add correct host key in /home/jvanek/.ssh/known_hosts to get rid of this message.
Offending RSA key in /home/jvanek/.ssh/known_hosts:2
Password authentication is disabled to avoid man-in-the-middle attacks.
Keyboard-interactive authentication is disabled to avoid man-in-the-middle attacks.
UpdateHostkeys is disabled because the host key is not trusted.
RPMAutoSpec usage detected, not changing the spec file.
[rawhide f287e34] Rebuilt for java-25-openjdk as preffered jdk
Found a gating.yaml file in the repo and it is properly configured
Building lujavrite-1.2.2-3.fc43 for rawhide
Created task: 135455212
Task info: https://koji.fedoraproject.org/koji/taskinfo?taskID=135455212
Watching tasks (this may be safely interrupted)...
135455212 build (rawhide, /rpms/lujavrite.git:f287e34e062c4d9abe16c392d1a951731790476b): free
135455212 build (rawhide, /rpms/lujavrite.git:f287e34e062c4d9abe16c392d1a951731790476b): free -> assigned (buildvm-a64-45.rdu3.fedoraproject.org)
135455212 build (rawhide, /rpms/lujavrite.git:f287e34e062c4d9abe16c392d1a951731790476b): assigned (buildvm-a64-45.rdu3.fedoraproject.org) -> open (buildvm-a64-45.rdu3.fedoraproject.org)
  135455244 buildSRPMFromSCM (/rpms/lujavrite.git:f287e34e062c4d9abe16c392d1a951731790476b): free
  135455244 buildSRPMFromSCM (/rpms/lujavrite.git:f287e34e062c4d9abe16c392d1a951731790476b): free -> open (buildvm-a64-38.rdu3.fedoraproject.org)
  135455244 buildSRPMFromSCM (/rpms/lujavrite.git:f287e34e062c4d9abe16c392d1a951731790476b): open (buildvm-a64-38.rdu3.fedoraproject.org) -> closed
  0 free  1 open  1 done  0 failed
  135455324 buildArch (lujavrite-1.2.2-3.fc43.src.rpm, x86_64): free
  135455325 buildArch (lujavrite-1.2.2-3.fc43.src.rpm, aarch64): free
  135455326 buildArch (lujavrite-1.2.2-3.fc43.src.rpm, ppc64le): free
  135455327 buildArch (lujavrite-1.2.2-3.fc43.src.rpm, s390x): free
  135455324 buildArch (lujavrite-1.2.2-3.fc43.src.rpm, x86_64): free -> assigned (buildvm-x86-25.rdu3.fedoraproject.org)
  135455325 buildArch (lujavrite-1.2.2-3.fc43.src.rpm, aarch64): free -> assigned (buildvm-a64-12.rdu3.fedoraproject.org)
  135455326 buildArch (lujavrite-1.2.2-3.fc43.src.rpm, ppc64le): free -> assigned (buildvm-ppc64le-14.rdu3.fedoraproject.org)
  135455324 buildArch (lujavrite-1.2.2-3.fc43.src.rpm, x86_64): assigned (buildvm-x86-25.rdu3.fedoraproject.org) -> open (buildvm-x86-25.rdu3.fedoraproject.org)
  135455325 buildArch (lujavrite-1.2.2-3.fc43.src.rpm, aarch64): assigned (buildvm-a64-12.rdu3.fedoraproject.org) -> open (buildvm-a64-12.rdu3.fedoraproject.org)
  135455326 buildArch (lujavrite-1.2.2-3.fc43.src.rpm, ppc64le): assigned (buildvm-ppc64le-14.rdu3.fedoraproject.org) -> open (buildvm-ppc64le-14.rdu3.fedoraproject.org)
  135455324 buildArch (lujavrite-1.2.2-3.fc43.src.rpm, x86_64): open (buildvm-x86-25.rdu3.fedoraproject.org) -> closed
  1 free  3 open  2 done  0 failed
  135455325 buildArch (lujavrite-1.2.2-3.fc43.src.rpm, aarch64): open (buildvm-a64-12.rdu3.fedoraproject.org) -> closed
  1 free  2 open  3 done  0 failed
  135455326 buildArch (lujavrite-1.2.2-3.fc43.src.rpm, ppc64le): open (buildvm-ppc64le-14.rdu3.fedoraproject.org) -> closed
  1 free  1 open  4 done  0 failed
  135455327 buildArch (lujavrite-1.2.2-3.fc43.src.rpm, s390x): free -> open (buildvm-s390x-18.s390.fedoraproject.org)
  135455327 buildArch (lujavrite-1.2.2-3.fc43.src.rpm, s390x): open (buildvm-s390x-18.s390.fedoraproject.org) -> closed
  0 free  1 open  5 done  0 failed
  135456694 tagBuild (noarch): free
  135456694 tagBuild (noarch): free -> assigned (buildvm-a64-48.rdu3.fedoraproject.org)
  135456694 tagBuild (noarch): assigned (buildvm-a64-48.rdu3.fedoraproject.org) -> open (buildvm-a64-48.rdu3.fedoraproject.org)
  135456694 tagBuild (noarch): open (buildvm-a64-48.rdu3.fedoraproject.org) -> closed
  0 free  1 open  6 done  0 failed
135455212 build (rawhide, /rpms/lujavrite.git:f287e34e062c4d9abe16c392d1a951731790476b): open (buildvm-a64-45.rdu3.fedoraproject.org) -> closed
  0 free  0 open  7 done  0 failed

135455212 build (rawhide, /rpms/lujavrite.git:f287e34e062c4d9abe16c392d1a951731790476b) completed successfully
