Cloning into 'maven-archetype'...
@@@@@@@@@@@@@@@@@@@@@@@@@@@@@@@@@@@@@@@@@@@@@@@@@@@@@@@@@@@
@    WARNING: REMOTE HOST IDENTIFICATION HAS CHANGED!     @
@@@@@@@@@@@@@@@@@@@@@@@@@@@@@@@@@@@@@@@@@@@@@@@@@@@@@@@@@@@
IT IS POSSIBLE THAT SOMEONE IS DOING SOMETHING NASTY!
Someone could be eavesdropping on you right now (man-in-the-middle attack)!
It is also possible that a host key has just been changed.
The fingerprint for the RSA key sent by the remote host is
SHA256:dJN0nFWBcWK7SFs2k0nnsO+XNA9+aEDY4FWO7uhxTN8.
Please contact your system administrator.
Add correct host key in /home/jvanek/.ssh/known_hosts to get rid of this message.
Offending RSA key in /home/jvanek/.ssh/known_hosts:2
Password authentication is disabled to avoid man-in-the-middle attacks.
Keyboard-interactive authentication is disabled to avoid man-in-the-middle attacks.
UpdateHostkeys is disabled because the host key is not trusted.
[rawhide a03663a] Rrevert to jdk21
 1 file changed, 5 insertions(+), 2 deletions(-)
Building maven-archetype-3.2.1.0.8b3bdb6-19.fc43 for rawhide
Created task: 135483306
Task info: https://koji.fedoraproject.org/koji/taskinfo?taskID=135483306
Watching tasks (this may be safely interrupted)...
135483306 build (rawhide, /rpms/maven-archetype.git:a03663ad7d0f6e8a0662316922d12bbbd790491e): free
135483306 build (rawhide, /rpms/maven-archetype.git:a03663ad7d0f6e8a0662316922d12bbbd790491e): free -> assigned (buildvm-a64-14.rdu3.fedoraproject.org)
135483306 build (rawhide, /rpms/maven-archetype.git:a03663ad7d0f6e8a0662316922d12bbbd790491e): assigned (buildvm-a64-14.rdu3.fedoraproject.org) -> open (buildvm-a64-14.rdu3.fedoraproject.org)
  135483365 buildSRPMFromSCM (/rpms/maven-archetype.git:a03663ad7d0f6e8a0662316922d12bbbd790491e): free
  135483365 buildSRPMFromSCM (/rpms/maven-archetype.git:a03663ad7d0f6e8a0662316922d12bbbd790491e): free -> assigned (buildvm-s390x-09.s390.fedoraproject.org)
  135483365 buildSRPMFromSCM (/rpms/maven-archetype.git:a03663ad7d0f6e8a0662316922d12bbbd790491e): assigned (buildvm-s390x-09.s390.fedoraproject.org) -> open (buildvm-s390x-09.s390.fedoraproject.org)
  135483365 buildSRPMFromSCM (/rpms/maven-archetype.git:a03663ad7d0f6e8a0662316922d12bbbd790491e): open (buildvm-s390x-09.s390.fedoraproject.org) -> closed
  0 free  1 open  1 done  0 failed
  135483467 buildArch (maven-archetype-3.2.1.0.8b3bdb6-19.fc43.src.rpm, noarch): free
  135483467 buildArch (maven-archetype-3.2.1.0.8b3bdb6-19.fc43.src.rpm, noarch): free -> assigned (buildvm-ppc64le-09.rdu3.fedoraproject.org)
  135483467 buildArch (maven-archetype-3.2.1.0.8b3bdb6-19.fc43.src.rpm, noarch): assigned (buildvm-ppc64le-09.rdu3.fedoraproject.org) -> open (buildvm-ppc64le-09.rdu3.fedoraproject.org)
135483306 build (rawhide, /rpms/maven-archetype.git:a03663ad7d0f6e8a0662316922d12bbbd790491e): open (buildvm-a64-14.rdu3.fedoraproject.org) -> FAILED: BuildError: error building package (arch noarch), mock exited with status 1; see build.log or root.log for more information
  0 free  1 open  1 done  1 failed
  135483467 buildArch (maven-archetype-3.2.1.0.8b3bdb6-19.fc43.src.rpm, noarch): open (buildvm-ppc64le-09.rdu3.fedoraproject.org) -> FAILED: BuildError: error building package (arch noarch), mock exited with status 1; see build.log or root.log for more information
  Relevant logs:
  https://kojipkgs.fedoraproject.org/work/tasks/3467/135483467/mock_config.log
  https://kojipkgs.fedoraproject.org/work/tasks/3467/135483467/mock_output.log
  https://kojipkgs.fedoraproject.org/work/tasks/3467/135483467/state.log
  https://kojipkgs.fedoraproject.org/work/tasks/3467/135483467/build.log
  https://kojipkgs.fedoraproject.org/work/tasks/3467/135483467/root.log
  https://kojipkgs.fedoraproject.org/work/tasks/3467/135483467/hw_info.log
  https://kojipkgs.fedoraproject.org/work/tasks/3467/135483467/dnf5.log
  0 free  0 open  1 done  2 failed

135483306 build (rawhide, /rpms/maven-archetype.git:a03663ad7d0f6e8a0662316922d12bbbd790491e) failed
