Cloning into 'maven-plugin-bundle'...
[rawhide 4027ef5] Rebuilt for java-17-openjdk as system jdk
 1 file changed, 4 insertions(+), 1 deletion(-)
Building maven-plugin-bundle-5.1.1-5.fc36 for f36-java17
Created task: 82431530
Task info: https://koji.fedoraproject.org/koji/taskinfo?taskID=82431530
Watching tasks (this may be safely interrupted)...
82431530 build (f36-java17, /rpms/maven-plugin-bundle.git:4027ef565e70713b74a50df2a6fb6bef89c3db6a): free
82431530 build (f36-java17, /rpms/maven-plugin-bundle.git:4027ef565e70713b74a50df2a6fb6bef89c3db6a): free -> open (buildvm-x86-08.iad2.fedoraproject.org)
  82431537 buildSRPMFromSCM (/rpms/maven-plugin-bundle.git:4027ef565e70713b74a50df2a6fb6bef89c3db6a): open (buildvm-x86-08.iad2.fedoraproject.org)
  82431537 buildSRPMFromSCM (/rpms/maven-plugin-bundle.git:4027ef565e70713b74a50df2a6fb6bef89c3db6a): open (buildvm-x86-08.iad2.fedoraproject.org) -> closed
  0 free  1 open  1 done  0 failed
  82431621 buildArch (maven-plugin-bundle-5.1.1-5.fc36.src.rpm, noarch): open (buildvm-ppc64le-15.iad2.fedoraproject.org)
  82431621 buildArch (maven-plugin-bundle-5.1.1-5.fc36.src.rpm, noarch): open (buildvm-ppc64le-15.iad2.fedoraproject.org) -> closed
  0 free  1 open  2 done  0 failed
  82431767 tagBuild (noarch): free
  82431767 tagBuild (noarch): free -> closed
  0 free  1 open  3 done  0 failed
82431530 build (f36-java17, /rpms/maven-plugin-bundle.git:4027ef565e70713b74a50df2a6fb6bef89c3db6a): open (buildvm-x86-08.iad2.fedoraproject.org) -> closed
  0 free  0 open  4 done  0 failed

82431530 build (f36-java17, /rpms/maven-plugin-bundle.git:4027ef565e70713b74a50df2a6fb6bef89c3db6a) completed successfully
