Cloning into 'maven-plugin-tools'...
[f40 1adc108] Rebuilt for java-21-openjdk as system jdk
 1 file changed, 4 insertions(+), 1 deletion(-)
Found a gating.yaml file in the repo and it is properly configured
Building maven-plugin-tools-3.9.0-6.fc40 for f40-build-side-84857
Created task: 114353954
Task info: https://koji.fedoraproject.org/koji/taskinfo?taskID=114353954
Watching tasks (this may be safely interrupted)...
114353954 build (f40-build-side-84857, /rpms/maven-plugin-tools.git:1adc108cc90d9ab004be3c9b59ed4f11102568d7): free
114353954 build (f40-build-side-84857, /rpms/maven-plugin-tools.git:1adc108cc90d9ab004be3c9b59ed4f11102568d7): free -> assigned
114353954 build (f40-build-side-84857, /rpms/maven-plugin-tools.git:1adc108cc90d9ab004be3c9b59ed4f11102568d7): assigned -> open (buildvm-x86-23.iad2.fedoraproject.org)
  114353985 buildSRPMFromSCM (/rpms/maven-plugin-tools.git:1adc108cc90d9ab004be3c9b59ed4f11102568d7): free
  114353985 buildSRPMFromSCM (/rpms/maven-plugin-tools.git:1adc108cc90d9ab004be3c9b59ed4f11102568d7): free -> assigned
  114353985 buildSRPMFromSCM (/rpms/maven-plugin-tools.git:1adc108cc90d9ab004be3c9b59ed4f11102568d7): assigned -> open (buildvm-x86-29.iad2.fedoraproject.org)
  114354087 buildArch (maven-plugin-tools-3.9.0-6.fc40.src.rpm, noarch): free
  114353985 buildSRPMFromSCM (/rpms/maven-plugin-tools.git:1adc108cc90d9ab004be3c9b59ed4f11102568d7): open (buildvm-x86-29.iad2.fedoraproject.org) -> closed
  1 free  1 open  1 done  0 failed
  114354087 buildArch (maven-plugin-tools-3.9.0-6.fc40.src.rpm, noarch): free -> assigned
  114354087 buildArch (maven-plugin-tools-3.9.0-6.fc40.src.rpm, noarch): assigned -> open (buildvm-ppc64le-25.iad2.fedoraproject.org)
  114354087 buildArch (maven-plugin-tools-3.9.0-6.fc40.src.rpm, noarch): open (buildvm-ppc64le-25.iad2.fedoraproject.org) -> closed
  0 free  1 open  2 done  0 failed
  114354253 tagBuild (noarch): free
  114354253 tagBuild (noarch): free -> assigned
  114354253 tagBuild (noarch): assigned -> closed
  0 free  1 open  3 done  0 failed
114353954 build (f40-build-side-84857, /rpms/maven-plugin-tools.git:1adc108cc90d9ab004be3c9b59ed4f11102568d7): open (buildvm-x86-23.iad2.fedoraproject.org) -> closed
  0 free  0 open  4 done  0 failed

114353954 build (f40-build-side-84857, /rpms/maven-plugin-tools.git:1adc108cc90d9ab004be3c9b59ed4f11102568d7) completed successfully
