Cloning into 'maven-assembly-plugin'...
[rawhide 6c93137] Rebuilt for java-21-openjdk as system jdk
 1 file changed, 4 insertions(+), 1 deletion(-)
Found a gating.yaml file in the repo and it is properly configured
Building maven-assembly-plugin-3.6.0-6.fc41 for f41-build-side-84507
Created task: 114137208
Task info: https://koji.fedoraproject.org/koji/taskinfo?taskID=114137208
Watching tasks (this may be safely interrupted)...
114137208 build (f41-build-side-84507, /rpms/maven-assembly-plugin.git:6c9313741e1f4819fd543e035c60efb1a4ff9770): free
114137208 build (f41-build-side-84507, /rpms/maven-assembly-plugin.git:6c9313741e1f4819fd543e035c60efb1a4ff9770): free -> assigned
114137208 build (f41-build-side-84507, /rpms/maven-assembly-plugin.git:6c9313741e1f4819fd543e035c60efb1a4ff9770): assigned -> open (buildvm-a64-17.iad2.fedoraproject.org)
  114137215 buildSRPMFromSCM (/rpms/maven-assembly-plugin.git:6c9313741e1f4819fd543e035c60efb1a4ff9770): free
  114137215 buildSRPMFromSCM (/rpms/maven-assembly-plugin.git:6c9313741e1f4819fd543e035c60efb1a4ff9770): free -> assigned
  114137215 buildSRPMFromSCM (/rpms/maven-assembly-plugin.git:6c9313741e1f4819fd543e035c60efb1a4ff9770): assigned -> open (buildvm-x86-24.iad2.fedoraproject.org)
  114137215 buildSRPMFromSCM (/rpms/maven-assembly-plugin.git:6c9313741e1f4819fd543e035c60efb1a4ff9770): open (buildvm-x86-24.iad2.fedoraproject.org) -> closed
  0 free  1 open  1 done  0 failed
  114137242 buildArch (maven-assembly-plugin-3.6.0-6.fc41.src.rpm, noarch): free
  114137242 buildArch (maven-assembly-plugin-3.6.0-6.fc41.src.rpm, noarch): free -> assigned
  114137242 buildArch (maven-assembly-plugin-3.6.0-6.fc41.src.rpm, noarch): assigned -> open (buildhw-x86-01.iad2.fedoraproject.org)
  114137242 buildArch (maven-assembly-plugin-3.6.0-6.fc41.src.rpm, noarch): open (buildhw-x86-01.iad2.fedoraproject.org) -> closed
  0 free  1 open  2 done  0 failed
  114137270 tagBuild (noarch): free
  114137270 tagBuild (noarch): free -> closed
  0 free  1 open  3 done  0 failed
114137208 build (f41-build-side-84507, /rpms/maven-assembly-plugin.git:6c9313741e1f4819fd543e035c60efb1a4ff9770): open (buildvm-a64-17.iad2.fedoraproject.org) -> closed
  0 free  0 open  4 done  0 failed

114137208 build (f41-build-side-84507, /rpms/maven-assembly-plugin.git:6c9313741e1f4819fd543e035c60efb1a4ff9770) completed successfully
