Cloning into 'maven-dependency-plugin'...
@@@@@@@@@@@@@@@@@@@@@@@@@@@@@@@@@@@@@@@@@@@@@@@@@@@@@@@@@@@
@    WARNING: REMOTE HOST IDENTIFICATION HAS CHANGED!     @
@@@@@@@@@@@@@@@@@@@@@@@@@@@@@@@@@@@@@@@@@@@@@@@@@@@@@@@@@@@
IT IS POSSIBLE THAT SOMEONE IS DOING SOMETHING NASTY!
Someone could be eavesdropping on you right now (man-in-the-middle attack)!
It is also possible that a host key has just been changed.
The fingerprint for the RSA key sent by the remote host is
SHA256:dJN0nFWBcWK7SFs2k0nnsO+XNA9+aEDY4FWO7uhxTN8.
Please contact your system administrator.
Add correct host key in /home/jvanek/.ssh/known_hosts to get rid of this message.
Offending RSA key in /home/jvanek/.ssh/known_hosts:2
Password authentication is disabled to avoid man-in-the-middle attacks.
Keyboard-interactive authentication is disabled to avoid man-in-the-middle attacks.
UpdateHostkeys is disabled because the host key is not trusted.
RPMAutoSpec usage detected, not changing the spec file.
[rawhide d6477ba] Rebuilt for java-25-openjdk as preffered jdk
Found a gating.yaml file in the repo and it is properly configured
Building maven-dependency-plugin-3.6.1-20.fc43 for rawhide
Created task: 135455441
Task info: https://koji.fedoraproject.org/koji/taskinfo?taskID=135455441
Watching tasks (this may be safely interrupted)...
135455441 build (rawhide, /rpms/maven-dependency-plugin.git:d6477ba14ada60d1d49044c2b911dc0775beb323): free
135455441 build (rawhide, /rpms/maven-dependency-plugin.git:d6477ba14ada60d1d49044c2b911dc0775beb323): free -> open (buildvm-ppc64le-27.rdu3.fedoraproject.org)
  135455487 buildSRPMFromSCM (/rpms/maven-dependency-plugin.git:d6477ba14ada60d1d49044c2b911dc0775beb323): free
  135455487 buildSRPMFromSCM (/rpms/maven-dependency-plugin.git:d6477ba14ada60d1d49044c2b911dc0775beb323): free -> assigned (buildvm-x86-05.rdu3.fedoraproject.org)
  135455487 buildSRPMFromSCM (/rpms/maven-dependency-plugin.git:d6477ba14ada60d1d49044c2b911dc0775beb323): assigned (buildvm-x86-05.rdu3.fedoraproject.org) -> open (buildvm-x86-05.rdu3.fedoraproject.org)
  135455487 buildSRPMFromSCM (/rpms/maven-dependency-plugin.git:d6477ba14ada60d1d49044c2b911dc0775beb323): open (buildvm-x86-05.rdu3.fedoraproject.org) -> closed
  0 free  1 open  1 done  0 failed
  135455539 buildArch (maven-dependency-plugin-3.6.1-20.fc43.src.rpm, noarch): free
  135455539 buildArch (maven-dependency-plugin-3.6.1-20.fc43.src.rpm, noarch): free -> open (buildvm-ppc64le-12.rdu3.fedoraproject.org)
  135455539 buildArch (maven-dependency-plugin-3.6.1-20.fc43.src.rpm, noarch): open (buildvm-ppc64le-12.rdu3.fedoraproject.org) -> closed
  0 free  1 open  2 done  0 failed
  135455634 tagBuild (noarch): free
  135455634 tagBuild (noarch): free -> closed
  0 free  1 open  3 done  0 failed
135455441 build (rawhide, /rpms/maven-dependency-plugin.git:d6477ba14ada60d1d49044c2b911dc0775beb323): open (buildvm-ppc64le-27.rdu3.fedoraproject.org) -> closed
  0 free  0 open  4 done  0 failed

135455441 build (rawhide, /rpms/maven-dependency-plugin.git:d6477ba14ada60d1d49044c2b911dc0775beb323) completed successfully
