Cloning into 'maven-filtering'...
[rawhide ff5e795] Rebuilt for java-21-openjdk as system jdk
 1 file changed, 4 insertions(+), 1 deletion(-)
Found a gating.yaml file in the repo and it is properly configured
warning: %patchN is deprecated (1 usages found), use %patch N (or %patch -P N)

Building maven-filtering-3.3.1-6.fc41 for f41-build-side-84507
Created task: 114137300
Task info: https://koji.fedoraproject.org/koji/taskinfo?taskID=114137300
Watching tasks (this may be safely interrupted)...
114137300 build (f41-build-side-84507, /rpms/maven-filtering.git:ff5e7959c6b872a97650f693ed030dbf82d7b7df): free
114137300 build (f41-build-side-84507, /rpms/maven-filtering.git:ff5e7959c6b872a97650f693ed030dbf82d7b7df): free -> assigned
114137300 build (f41-build-side-84507, /rpms/maven-filtering.git:ff5e7959c6b872a97650f693ed030dbf82d7b7df): assigned -> open (buildhw-x86-01.iad2.fedoraproject.org)
  114137314 buildSRPMFromSCM (/rpms/maven-filtering.git:ff5e7959c6b872a97650f693ed030dbf82d7b7df): free
  114137314 buildSRPMFromSCM (/rpms/maven-filtering.git:ff5e7959c6b872a97650f693ed030dbf82d7b7df): free -> assigned
  114137314 buildSRPMFromSCM (/rpms/maven-filtering.git:ff5e7959c6b872a97650f693ed030dbf82d7b7df): assigned -> open (buildvm-x86-22.iad2.fedoraproject.org)
  114137314 buildSRPMFromSCM (/rpms/maven-filtering.git:ff5e7959c6b872a97650f693ed030dbf82d7b7df): open (buildvm-x86-22.iad2.fedoraproject.org) -> closed
  0 free  1 open  1 done  0 failed
  114137353 buildArch (maven-filtering-3.3.1-6.fc41.src.rpm, noarch): free
  114137353 buildArch (maven-filtering-3.3.1-6.fc41.src.rpm, noarch): free -> assigned
  114137353 buildArch (maven-filtering-3.3.1-6.fc41.src.rpm, noarch): assigned -> open (buildhw-a64-22.iad2.fedoraproject.org)
  114137353 buildArch (maven-filtering-3.3.1-6.fc41.src.rpm, noarch): open (buildhw-a64-22.iad2.fedoraproject.org) -> closed
  0 free  1 open  2 done  0 failed
  114137555 tagBuild (noarch): free
  114137555 tagBuild (noarch): free -> closed
  0 free  1 open  3 done  0 failed
114137300 build (f41-build-side-84507, /rpms/maven-filtering.git:ff5e7959c6b872a97650f693ed030dbf82d7b7df): open (buildhw-x86-01.iad2.fedoraproject.org) -> closed
  0 free  0 open  4 done  0 failed

114137300 build (f41-build-side-84507, /rpms/maven-filtering.git:ff5e7959c6b872a97650f693ed030dbf82d7b7df) completed successfully
