Cloning into 'maven-file-management'...
@@@@@@@@@@@@@@@@@@@@@@@@@@@@@@@@@@@@@@@@@@@@@@@@@@@@@@@@@@@
@    WARNING: REMOTE HOST IDENTIFICATION HAS CHANGED!     @
@@@@@@@@@@@@@@@@@@@@@@@@@@@@@@@@@@@@@@@@@@@@@@@@@@@@@@@@@@@
IT IS POSSIBLE THAT SOMEONE IS DOING SOMETHING NASTY!
Someone could be eavesdropping on you right now (man-in-the-middle attack)!
It is also possible that a host key has just been changed.
The fingerprint for the RSA key sent by the remote host is
SHA256:dJN0nFWBcWK7SFs2k0nnsO+XNA9+aEDY4FWO7uhxTN8.
Please contact your system administrator.
Add correct host key in /home/jvanek/.ssh/known_hosts to get rid of this message.
Offending RSA key in /home/jvanek/.ssh/known_hosts:2
Password authentication is disabled to avoid man-in-the-middle attacks.
Keyboard-interactive authentication is disabled to avoid man-in-the-middle attacks.
UpdateHostkeys is disabled because the host key is not trusted.
RPMAutoSpec usage detected, not changing the spec file.
[rawhide e297b40] Rebuilt for java-25-openjdk as preffered jdk
Found a gating.yaml file in the repo and it is properly configured
Building maven-file-management-3.1.0-24.fc43 for rawhide
Created task: 135455534
Task info: https://koji.fedoraproject.org/koji/taskinfo?taskID=135455534
Watching tasks (this may be safely interrupted)...
135455534 build (rawhide, /rpms/maven-file-management.git:e297b40e310c5abd0f9964cf973d1be5960c8b1a): free
135455534 build (rawhide, /rpms/maven-file-management.git:e297b40e310c5abd0f9964cf973d1be5960c8b1a): free -> open (buildvm-x86-17.rdu3.fedoraproject.org)
  135455536 buildSRPMFromSCM (/rpms/maven-file-management.git:e297b40e310c5abd0f9964cf973d1be5960c8b1a): free
  135455536 buildSRPMFromSCM (/rpms/maven-file-management.git:e297b40e310c5abd0f9964cf973d1be5960c8b1a): free -> open (buildvm-ppc64le-14.rdu3.fedoraproject.org)
  135455536 buildSRPMFromSCM (/rpms/maven-file-management.git:e297b40e310c5abd0f9964cf973d1be5960c8b1a): open (buildvm-ppc64le-14.rdu3.fedoraproject.org) -> closed
  0 free  1 open  1 done  0 failed
  135455626 buildArch (maven-file-management-3.1.0-24.fc43.src.rpm, noarch): free
  135455626 buildArch (maven-file-management-3.1.0-24.fc43.src.rpm, noarch): free -> assigned (buildvm-x86-05.rdu3.fedoraproject.org)
  135455626 buildArch (maven-file-management-3.1.0-24.fc43.src.rpm, noarch): assigned (buildvm-x86-05.rdu3.fedoraproject.org) -> open (buildvm-x86-05.rdu3.fedoraproject.org)
  135455626 buildArch (maven-file-management-3.1.0-24.fc43.src.rpm, noarch): open (buildvm-x86-05.rdu3.fedoraproject.org) -> closed
  0 free  1 open  2 done  0 failed
  135455698 tagBuild (noarch): free
  135455698 tagBuild (noarch): free -> assigned (buildhw-x86-02.rdu3.fedoraproject.org)
135455534 build (rawhide, /rpms/maven-file-management.git:e297b40e310c5abd0f9964cf973d1be5960c8b1a): open (buildvm-x86-17.rdu3.fedoraproject.org) -> closed
  0 free  1 open  3 done  0 failed
  135455698 tagBuild (noarch): assigned (buildhw-x86-02.rdu3.fedoraproject.org) -> closed
  0 free  0 open  4 done  0 failed

135455534 build (rawhide, /rpms/maven-file-management.git:e297b40e310c5abd0f9964cf973d1be5960c8b1a) completed successfully
