Cloning into 'maven-wagon'...
@@@@@@@@@@@@@@@@@@@@@@@@@@@@@@@@@@@@@@@@@@@@@@@@@@@@@@@@@@@
@    WARNING: REMOTE HOST IDENTIFICATION HAS CHANGED!     @
@@@@@@@@@@@@@@@@@@@@@@@@@@@@@@@@@@@@@@@@@@@@@@@@@@@@@@@@@@@
IT IS POSSIBLE THAT SOMEONE IS DOING SOMETHING NASTY!
Someone could be eavesdropping on you right now (man-in-the-middle attack)!
It is also possible that a host key has just been changed.
The fingerprint for the RSA key sent by the remote host is
SHA256:dJN0nFWBcWK7SFs2k0nnsO+XNA9+aEDY4FWO7uhxTN8.
Please contact your system administrator.
Add correct host key in /home/jvanek/.ssh/known_hosts to get rid of this message.
Offending RSA key in /home/jvanek/.ssh/known_hosts:2
Password authentication is disabled to avoid man-in-the-middle attacks.
Keyboard-interactive authentication is disabled to avoid man-in-the-middle attacks.
UpdateHostkeys is disabled because the host key is not trusted.
RPMAutoSpec usage detected, not changing the spec file.
[rawhide 6dc40fc] Rebuilt for java-25-openjdk as preffered jdk
Found a gating.yaml file in the repo and it is properly configured
Building maven-wagon-3.5.3-25.fc43 for rawhide
Created task: 135456469
Task info: https://koji.fedoraproject.org/koji/taskinfo?taskID=135456469
Watching tasks (this may be safely interrupted)...
135456469 build (rawhide, /rpms/maven-wagon.git:6dc40fc36108cec9d491e75e020eee0eaa6a2d8a): free
135456469 build (rawhide, /rpms/maven-wagon.git:6dc40fc36108cec9d491e75e020eee0eaa6a2d8a): free -> assigned (buildvm-ppc64le-26.rdu3.fedoraproject.org)
135456469 build (rawhide, /rpms/maven-wagon.git:6dc40fc36108cec9d491e75e020eee0eaa6a2d8a): assigned (buildvm-ppc64le-26.rdu3.fedoraproject.org) -> open (buildvm-ppc64le-26.rdu3.fedoraproject.org)
  135456522 buildSRPMFromSCM (/rpms/maven-wagon.git:6dc40fc36108cec9d491e75e020eee0eaa6a2d8a): free
  135456522 buildSRPMFromSCM (/rpms/maven-wagon.git:6dc40fc36108cec9d491e75e020eee0eaa6a2d8a): free -> assigned (buildvm-s390x-10.s390.fedoraproject.org)
  135456522 buildSRPMFromSCM (/rpms/maven-wagon.git:6dc40fc36108cec9d491e75e020eee0eaa6a2d8a): assigned (buildvm-s390x-10.s390.fedoraproject.org) -> open (buildvm-s390x-10.s390.fedoraproject.org)
  135456522 buildSRPMFromSCM (/rpms/maven-wagon.git:6dc40fc36108cec9d491e75e020eee0eaa6a2d8a): open (buildvm-s390x-10.s390.fedoraproject.org) -> closed
  0 free  1 open  1 done  0 failed
  135457033 buildArch (maven-wagon-3.5.3-25.fc43.src.rpm, noarch): free
  135457033 buildArch (maven-wagon-3.5.3-25.fc43.src.rpm, noarch): free -> assigned (buildvm-ppc64le-04.rdu3.fedoraproject.org)
  135457033 buildArch (maven-wagon-3.5.3-25.fc43.src.rpm, noarch): assigned (buildvm-ppc64le-04.rdu3.fedoraproject.org) -> open (buildvm-ppc64le-04.rdu3.fedoraproject.org)
  135457033 buildArch (maven-wagon-3.5.3-25.fc43.src.rpm, noarch): open (buildvm-ppc64le-04.rdu3.fedoraproject.org) -> closed
  0 free  1 open  2 done  0 failed
  135457130 tagBuild (noarch): free
  135457130 tagBuild (noarch): free -> assigned (buildvm-x86-15.rdu3.fedoraproject.org)
  135457130 tagBuild (noarch): assigned (buildvm-x86-15.rdu3.fedoraproject.org) -> closed
  0 free  1 open  3 done  0 failed
135456469 build (rawhide, /rpms/maven-wagon.git:6dc40fc36108cec9d491e75e020eee0eaa6a2d8a): open (buildvm-ppc64le-26.rdu3.fedoraproject.org) -> closed
  0 free  0 open  4 done  0 failed

135456469 build (rawhide, /rpms/maven-wagon.git:6dc40fc36108cec9d491e75e020eee0eaa6a2d8a) completed successfully
