Cloning into 'maven-native'...
@@@@@@@@@@@@@@@@@@@@@@@@@@@@@@@@@@@@@@@@@@@@@@@@@@@@@@@@@@@
@    WARNING: REMOTE HOST IDENTIFICATION HAS CHANGED!     @
@@@@@@@@@@@@@@@@@@@@@@@@@@@@@@@@@@@@@@@@@@@@@@@@@@@@@@@@@@@
IT IS POSSIBLE THAT SOMEONE IS DOING SOMETHING NASTY!
Someone could be eavesdropping on you right now (man-in-the-middle attack)!
It is also possible that a host key has just been changed.
The fingerprint for the RSA key sent by the remote host is
SHA256:dJN0nFWBcWK7SFs2k0nnsO+XNA9+aEDY4FWO7uhxTN8.
Please contact your system administrator.
Add correct host key in /home/jvanek/.ssh/known_hosts to get rid of this message.
Offending RSA key in /home/jvanek/.ssh/known_hosts:2
Password authentication is disabled to avoid man-in-the-middle attacks.
Keyboard-interactive authentication is disabled to avoid man-in-the-middle attacks.
UpdateHostkeys is disabled because the host key is not trusted.
[rawhide 0de1a0b] Rebuilt for java-25-openjdk as preffered jdk
 1 file changed, 5 insertions(+), 2 deletions(-)
Building maven-native-1.0-0.23.alpha.11.fc43 for rawhide
Created task: 135455719
Task info: https://koji.fedoraproject.org/koji/taskinfo?taskID=135455719
Watching tasks (this may be safely interrupted)...
135455719 build (rawhide, /rpms/maven-native.git:0de1a0b84be24c6a3ed82c6889c79e36a6d5c056): free
135455719 build (rawhide, /rpms/maven-native.git:0de1a0b84be24c6a3ed82c6889c79e36a6d5c056): free -> assigned (buildvm-ppc64le-08.rdu3.fedoraproject.org)
135455719 build (rawhide, /rpms/maven-native.git:0de1a0b84be24c6a3ed82c6889c79e36a6d5c056): assigned (buildvm-ppc64le-08.rdu3.fedoraproject.org) -> open (buildvm-ppc64le-08.rdu3.fedoraproject.org)
  135455736 buildSRPMFromSCM (/rpms/maven-native.git:0de1a0b84be24c6a3ed82c6889c79e36a6d5c056): free
  135455736 buildSRPMFromSCM (/rpms/maven-native.git:0de1a0b84be24c6a3ed82c6889c79e36a6d5c056): free -> assigned (buildvm-s390x-07.s390.fedoraproject.org)
  135455736 buildSRPMFromSCM (/rpms/maven-native.git:0de1a0b84be24c6a3ed82c6889c79e36a6d5c056): assigned (buildvm-s390x-07.s390.fedoraproject.org) -> open (buildvm-s390x-07.s390.fedoraproject.org)
  135455736 buildSRPMFromSCM (/rpms/maven-native.git:0de1a0b84be24c6a3ed82c6889c79e36a6d5c056): open (buildvm-s390x-07.s390.fedoraproject.org) -> closed
  0 free  1 open  1 done  0 failed
  135456839 buildArch (maven-native-1.0-0.23.alpha.11.fc43.src.rpm, noarch): free
  135456839 buildArch (maven-native-1.0-0.23.alpha.11.fc43.src.rpm, noarch): free -> assigned (buildvm-s390x-06.s390.fedoraproject.org)
  135456839 buildArch (maven-native-1.0-0.23.alpha.11.fc43.src.rpm, noarch): assigned (buildvm-s390x-06.s390.fedoraproject.org) -> open (buildvm-s390x-06.s390.fedoraproject.org)
  135456839 buildArch (maven-native-1.0-0.23.alpha.11.fc43.src.rpm, noarch): open (buildvm-s390x-06.s390.fedoraproject.org) -> closed
  0 free  1 open  2 done  0 failed
  135457321 tagBuild (noarch): free
  135457321 tagBuild (noarch): free -> assigned (buildvm-ppc64le-13.rdu3.fedoraproject.org)
  135457321 tagBuild (noarch): assigned (buildvm-ppc64le-13.rdu3.fedoraproject.org) -> closed
  0 free  1 open  3 done  0 failed
135455719 build (rawhide, /rpms/maven-native.git:0de1a0b84be24c6a3ed82c6889c79e36a6d5c056): open (buildvm-ppc64le-08.rdu3.fedoraproject.org) -> closed
  0 free  0 open  4 done  0 failed

135455719 build (rawhide, /rpms/maven-native.git:0de1a0b84be24c6a3ed82c6889c79e36a6d5c056) completed successfully
