Cloning into 'maven-enforcer'...
[rawhide 06a9aa4] Rebuilt for java-21-openjdk as system jdk
 1 file changed, 4 insertions(+), 1 deletion(-)
Found a gating.yaml file in the repo and it is properly configured
Building maven-enforcer-3.4.1-3.fc41 for f41-build-side-84507
Created task: 114137277
Task info: https://koji.fedoraproject.org/koji/taskinfo?taskID=114137277
Watching tasks (this may be safely interrupted)...
114137277 build (f41-build-side-84507, /rpms/maven-enforcer.git:06a9aa4c7b296c8c8067cd0ef7e6bbcf16993c0f): free
114137277 build (f41-build-side-84507, /rpms/maven-enforcer.git:06a9aa4c7b296c8c8067cd0ef7e6bbcf16993c0f): free -> assigned
114137277 build (f41-build-side-84507, /rpms/maven-enforcer.git:06a9aa4c7b296c8c8067cd0ef7e6bbcf16993c0f): assigned -> open (buildvm-a64-34.iad2.fedoraproject.org)
  114137284 buildSRPMFromSCM (/rpms/maven-enforcer.git:06a9aa4c7b296c8c8067cd0ef7e6bbcf16993c0f): free
  114137284 buildSRPMFromSCM (/rpms/maven-enforcer.git:06a9aa4c7b296c8c8067cd0ef7e6bbcf16993c0f): free -> assigned
  114137284 buildSRPMFromSCM (/rpms/maven-enforcer.git:06a9aa4c7b296c8c8067cd0ef7e6bbcf16993c0f): assigned -> open (buildvm-a64-35.iad2.fedoraproject.org)
  114137284 buildSRPMFromSCM (/rpms/maven-enforcer.git:06a9aa4c7b296c8c8067cd0ef7e6bbcf16993c0f): open (buildvm-a64-35.iad2.fedoraproject.org) -> closed
  0 free  1 open  1 done  0 failed
  114137308 buildArch (maven-enforcer-3.4.1-3.fc41.src.rpm, noarch): open (buildvm-x86-24.iad2.fedoraproject.org)
  114137337 tagBuild (noarch): free
  114137308 buildArch (maven-enforcer-3.4.1-3.fc41.src.rpm, noarch): open (buildvm-x86-24.iad2.fedoraproject.org) -> closed
  1 free  1 open  2 done  0 failed
  114137337 tagBuild (noarch): free -> closed
  0 free  1 open  3 done  0 failed
114137277 build (f41-build-side-84507, /rpms/maven-enforcer.git:06a9aa4c7b296c8c8067cd0ef7e6bbcf16993c0f): open (buildvm-a64-34.iad2.fedoraproject.org) -> closed
  0 free  0 open  4 done  0 failed

114137277 build (f41-build-side-84507, /rpms/maven-enforcer.git:06a9aa4c7b296c8c8067cd0ef7e6bbcf16993c0f) completed successfully
