Cloning into 'maven-invoker-plugin'...
@@@@@@@@@@@@@@@@@@@@@@@@@@@@@@@@@@@@@@@@@@@@@@@@@@@@@@@@@@@
@    WARNING: REMOTE HOST IDENTIFICATION HAS CHANGED!     @
@@@@@@@@@@@@@@@@@@@@@@@@@@@@@@@@@@@@@@@@@@@@@@@@@@@@@@@@@@@
IT IS POSSIBLE THAT SOMEONE IS DOING SOMETHING NASTY!
Someone could be eavesdropping on you right now (man-in-the-middle attack)!
It is also possible that a host key has just been changed.
The fingerprint for the RSA key sent by the remote host is
SHA256:dJN0nFWBcWK7SFs2k0nnsO+XNA9+aEDY4FWO7uhxTN8.
Please contact your system administrator.
Add correct host key in /home/jvanek/.ssh/known_hosts to get rid of this message.
Offending RSA key in /home/jvanek/.ssh/known_hosts:2
Password authentication is disabled to avoid man-in-the-middle attacks.
Keyboard-interactive authentication is disabled to avoid man-in-the-middle attacks.
UpdateHostkeys is disabled because the host key is not trusted.
[rawhide e9439ca] Rebuilt for java-25-openjdk as preffered jdk
 1 file changed, 5 insertions(+), 2 deletions(-)
Building maven-invoker-plugin-3.9.0-3.fc43 for rawhide
Created task: 135455605
Task info: https://koji.fedoraproject.org/koji/taskinfo?taskID=135455605
Watching tasks (this may be safely interrupted)...
135455605 build (rawhide, /rpms/maven-invoker-plugin.git:e9439ca5e679a204834662f672a2630de5569f05): free
135455605 build (rawhide, /rpms/maven-invoker-plugin.git:e9439ca5e679a204834662f672a2630de5569f05): free -> assigned (buildvm-ppc64le-14.rdu3.fedoraproject.org)
135455605 build (rawhide, /rpms/maven-invoker-plugin.git:e9439ca5e679a204834662f672a2630de5569f05): assigned (buildvm-ppc64le-14.rdu3.fedoraproject.org) -> open (buildvm-ppc64le-14.rdu3.fedoraproject.org)
  135455614 buildSRPMFromSCM (/rpms/maven-invoker-plugin.git:e9439ca5e679a204834662f672a2630de5569f05): free
  135455614 buildSRPMFromSCM (/rpms/maven-invoker-plugin.git:e9439ca5e679a204834662f672a2630de5569f05): free -> assigned (buildvm-s390x-10.s390.fedoraproject.org)
  135455614 buildSRPMFromSCM (/rpms/maven-invoker-plugin.git:e9439ca5e679a204834662f672a2630de5569f05): assigned (buildvm-s390x-10.s390.fedoraproject.org) -> open (buildvm-s390x-10.s390.fedoraproject.org)
  135455614 buildSRPMFromSCM (/rpms/maven-invoker-plugin.git:e9439ca5e679a204834662f672a2630de5569f05): open (buildvm-s390x-10.s390.fedoraproject.org) -> closed
  0 free  1 open  1 done  0 failed
  135456848 buildArch (maven-invoker-plugin-3.9.0-3.fc43.src.rpm, noarch): free
  135456848 buildArch (maven-invoker-plugin-3.9.0-3.fc43.src.rpm, noarch): free -> assigned (buildhw-a64-01.rdu3.fedoraproject.org)
  135456848 buildArch (maven-invoker-plugin-3.9.0-3.fc43.src.rpm, noarch): assigned (buildhw-a64-01.rdu3.fedoraproject.org) -> open (buildhw-a64-01.rdu3.fedoraproject.org)
  135456848 buildArch (maven-invoker-plugin-3.9.0-3.fc43.src.rpm, noarch): open (buildhw-a64-01.rdu3.fedoraproject.org) -> closed
  0 free  1 open  2 done  0 failed
  135456936 tagBuild (noarch): free
135455605 build (rawhide, /rpms/maven-invoker-plugin.git:e9439ca5e679a204834662f672a2630de5569f05): open (buildvm-ppc64le-14.rdu3.fedoraproject.org) -> closed
  1 free  0 open  3 done  0 failed
  135456936 tagBuild (noarch): free -> closed
  0 free  0 open  4 done  0 failed

135455605 build (rawhide, /rpms/maven-invoker-plugin.git:e9439ca5e679a204834662f672a2630de5569f05) completed successfully
