Cloning into 'maven-parent'...
@@@@@@@@@@@@@@@@@@@@@@@@@@@@@@@@@@@@@@@@@@@@@@@@@@@@@@@@@@@
@    WARNING: REMOTE HOST IDENTIFICATION HAS CHANGED!     @
@@@@@@@@@@@@@@@@@@@@@@@@@@@@@@@@@@@@@@@@@@@@@@@@@@@@@@@@@@@
IT IS POSSIBLE THAT SOMEONE IS DOING SOMETHING NASTY!
Someone could be eavesdropping on you right now (man-in-the-middle attack)!
It is also possible that a host key has just been changed.
The fingerprint for the RSA key sent by the remote host is
SHA256:dJN0nFWBcWK7SFs2k0nnsO+XNA9+aEDY4FWO7uhxTN8.
Please contact your system administrator.
Add correct host key in /home/jvanek/.ssh/known_hosts to get rid of this message.
Offending RSA key in /home/jvanek/.ssh/known_hosts:2
Password authentication is disabled to avoid man-in-the-middle attacks.
Keyboard-interactive authentication is disabled to avoid man-in-the-middle attacks.
UpdateHostkeys is disabled because the host key is not trusted.
RPMAutoSpec usage detected, not changing the spec file.
[rawhide c934d31] Rebuilt for java-25-openjdk as preffered jdk
Found a gating.yaml file in the repo and it is properly configured
Building maven-parent-43-11.fc43 for rawhide
Created task: 135455746
Task info: https://koji.fedoraproject.org/koji/taskinfo?taskID=135455746
Watching tasks (this may be safely interrupted)...
135455746 build (rawhide, /rpms/maven-parent.git:c934d3198269691457f9973d8cdfac042d0f1725): free
135455746 build (rawhide, /rpms/maven-parent.git:c934d3198269691457f9973d8cdfac042d0f1725): free -> assigned (buildvm-a64-28.rdu3.fedoraproject.org)
135455746 build (rawhide, /rpms/maven-parent.git:c934d3198269691457f9973d8cdfac042d0f1725): assigned (buildvm-a64-28.rdu3.fedoraproject.org) -> open (buildvm-a64-28.rdu3.fedoraproject.org)
  135455755 buildSRPMFromSCM (/rpms/maven-parent.git:c934d3198269691457f9973d8cdfac042d0f1725): free
  135455755 buildSRPMFromSCM (/rpms/maven-parent.git:c934d3198269691457f9973d8cdfac042d0f1725): free -> assigned (buildvm-ppc64le-14.rdu3.fedoraproject.org)
  135455755 buildSRPMFromSCM (/rpms/maven-parent.git:c934d3198269691457f9973d8cdfac042d0f1725): assigned (buildvm-ppc64le-14.rdu3.fedoraproject.org) -> open (buildvm-ppc64le-14.rdu3.fedoraproject.org)
  135455755 buildSRPMFromSCM (/rpms/maven-parent.git:c934d3198269691457f9973d8cdfac042d0f1725): open (buildvm-ppc64le-14.rdu3.fedoraproject.org) -> closed
  0 free  1 open  1 done  0 failed
  135455853 buildArch (maven-parent-43-11.fc43.src.rpm, noarch): free
  135455853 buildArch (maven-parent-43-11.fc43.src.rpm, noarch): free -> assigned (buildvm-a64-04.rdu3.fedoraproject.org)
  135455853 buildArch (maven-parent-43-11.fc43.src.rpm, noarch): assigned (buildvm-a64-04.rdu3.fedoraproject.org) -> open (buildvm-a64-04.rdu3.fedoraproject.org)
  135455853 buildArch (maven-parent-43-11.fc43.src.rpm, noarch): open (buildvm-a64-04.rdu3.fedoraproject.org) -> closed
  0 free  1 open  2 done  0 failed
  135455940 tagBuild (noarch): free
  135455940 tagBuild (noarch): free -> assigned (buildvm-x86-29.rdu3.fedoraproject.org)
135455746 build (rawhide, /rpms/maven-parent.git:c934d3198269691457f9973d8cdfac042d0f1725): open (buildvm-a64-28.rdu3.fedoraproject.org) -> closed
  0 free  1 open  3 done  0 failed
  135455940 tagBuild (noarch): assigned (buildvm-x86-29.rdu3.fedoraproject.org) -> closed
  0 free  0 open  4 done  0 failed

135455746 build (rawhide, /rpms/maven-parent.git:c934d3198269691457f9973d8cdfac042d0f1725) completed successfully
