Cloning into 'maven-reporting-api'...
[rawhide bd34bb5] Rebuilt for java-21-openjdk as system jdk
 1 file changed, 4 insertions(+), 1 deletion(-)
Building maven-reporting-api-3.1.1-6.fc41 for f41-build-side-84507
Created task: 114137578
Task info: https://koji.fedoraproject.org/koji/taskinfo?taskID=114137578
Watching tasks (this may be safely interrupted)...
114137578 build (f41-build-side-84507, /rpms/maven-reporting-api.git:bd34bb5291c703fa182531aa09837da19c594334): free
114137578 build (f41-build-side-84507, /rpms/maven-reporting-api.git:bd34bb5291c703fa182531aa09837da19c594334): free -> assigned
114137578 build (f41-build-side-84507, /rpms/maven-reporting-api.git:bd34bb5291c703fa182531aa09837da19c594334): assigned -> open (buildhw-x86-08.iad2.fedoraproject.org)
  114137584 buildSRPMFromSCM (/rpms/maven-reporting-api.git:bd34bb5291c703fa182531aa09837da19c594334): free
  114137584 buildSRPMFromSCM (/rpms/maven-reporting-api.git:bd34bb5291c703fa182531aa09837da19c594334): free -> assigned
  114137584 buildSRPMFromSCM (/rpms/maven-reporting-api.git:bd34bb5291c703fa182531aa09837da19c594334): assigned -> open (buildvm-x86-07.iad2.fedoraproject.org)
  114137584 buildSRPMFromSCM (/rpms/maven-reporting-api.git:bd34bb5291c703fa182531aa09837da19c594334): open (buildvm-x86-07.iad2.fedoraproject.org) -> closed
  0 free  1 open  1 done  0 failed
  114137758 buildArch (maven-reporting-api-3.1.1-6.fc41.src.rpm, noarch): free
  114137758 buildArch (maven-reporting-api-3.1.1-6.fc41.src.rpm, noarch): free -> assigned
  114137758 buildArch (maven-reporting-api-3.1.1-6.fc41.src.rpm, noarch): assigned -> open (buildhw-x86-12.iad2.fedoraproject.org)
  114137758 buildArch (maven-reporting-api-3.1.1-6.fc41.src.rpm, noarch): open (buildhw-x86-12.iad2.fedoraproject.org) -> FAILED: BuildError: error building package (arch noarch), mock exited with status 1; see build.log or root.log for more information
  Relevant logs:
  https://kojipkgs.fedoraproject.org/work/tasks/7758/114137758/state.log
  https://kojipkgs.fedoraproject.org/work/tasks/7758/114137758/build.log
  https://kojipkgs.fedoraproject.org/work/tasks/7758/114137758/root.log
  https://kojipkgs.fedoraproject.org/work/tasks/7758/114137758/mock_output.log
  https://kojipkgs.fedoraproject.org/work/tasks/7758/114137758/hw_info.log
  0 free  1 open  1 done  1 failed
114137578 build (f41-build-side-84507, /rpms/maven-reporting-api.git:bd34bb5291c703fa182531aa09837da19c594334): open (buildhw-x86-08.iad2.fedoraproject.org) -> FAILED: BuildError: error building package (arch noarch), mock exited with status 1; see build.log or root.log for more information
  0 free  0 open  1 done  2 failed

114137578 build (f41-build-side-84507, /rpms/maven-reporting-api.git:bd34bb5291c703fa182531aa09837da19c594334) failed
