Cloning into 'maven-resolver'...
[rawhide fa622db] Rebuilt for java-21-openjdk as system jdk
 1 file changed, 4 insertions(+), 1 deletion(-)
Found a gating.yaml file in the repo and it is properly configured
warning: %patchN is deprecated (1 usages found), use %patch N (or %patch -P N)

Building maven-resolver-1.9.18-3.fc41 for f41-build-side-84507
Created task: 114137652
Task info: https://koji.fedoraproject.org/koji/taskinfo?taskID=114137652
Watching tasks (this may be safely interrupted)...
114137652 build (f41-build-side-84507, /rpms/maven-resolver.git:fa622db7f62f3271d95d7d37609c6120e53bda25): free
114137652 build (f41-build-side-84507, /rpms/maven-resolver.git:fa622db7f62f3271d95d7d37609c6120e53bda25): free -> assigned
114137652 build (f41-build-side-84507, /rpms/maven-resolver.git:fa622db7f62f3271d95d7d37609c6120e53bda25): assigned -> open (buildvm-ppc64le-20.iad2.fedoraproject.org)
  114137752 buildSRPMFromSCM (/rpms/maven-resolver.git:fa622db7f62f3271d95d7d37609c6120e53bda25): free
  114137752 buildSRPMFromSCM (/rpms/maven-resolver.git:fa622db7f62f3271d95d7d37609c6120e53bda25): free -> assigned
  114137752 buildSRPMFromSCM (/rpms/maven-resolver.git:fa622db7f62f3271d95d7d37609c6120e53bda25): assigned -> open (buildvm-a64-07.iad2.fedoraproject.org)
  114137752 buildSRPMFromSCM (/rpms/maven-resolver.git:fa622db7f62f3271d95d7d37609c6120e53bda25): open (buildvm-a64-07.iad2.fedoraproject.org) -> closed
  0 free  1 open  1 done  0 failed
  114137825 buildArch (maven-resolver-1.9.18-3.fc41.src.rpm, noarch): free
  114137825 buildArch (maven-resolver-1.9.18-3.fc41.src.rpm, noarch): free -> open (buildhw-x86-13.iad2.fedoraproject.org)
  114137825 buildArch (maven-resolver-1.9.18-3.fc41.src.rpm, noarch): open (buildhw-x86-13.iad2.fedoraproject.org) -> closed
  0 free  1 open  2 done  0 failed
  114138114 tagBuild (noarch): free
  114138114 tagBuild (noarch): free -> closed
  0 free  1 open  3 done  0 failed
114137652 build (f41-build-side-84507, /rpms/maven-resolver.git:fa622db7f62f3271d95d7d37609c6120e53bda25): open (buildvm-ppc64le-20.iad2.fedoraproject.org) -> closed
  0 free  0 open  4 done  0 failed

114137652 build (f41-build-side-84507, /rpms/maven-resolver.git:fa622db7f62f3271d95d7d37609c6120e53bda25) completed successfully
