Cloning into 'maven-shared-utils'...
[rawhide 199921a] Rebuilt for java-21-openjdk as system jdk
 1 file changed, 4 insertions(+), 1 deletion(-)
Found a gating.yaml file in the repo and it is properly configured
Building maven-shared-utils-3.4.2-7.fc41 for f41-build-side-84507
Created task: 114137851
Task info: https://koji.fedoraproject.org/koji/taskinfo?taskID=114137851
Watching tasks (this may be safely interrupted)...
114137851 build (f41-build-side-84507, /rpms/maven-shared-utils.git:199921a7f78f65fac3b9f2f607126e706cb3f352): free
114137851 build (f41-build-side-84507, /rpms/maven-shared-utils.git:199921a7f78f65fac3b9f2f607126e706cb3f352): free -> assigned
114137851 build (f41-build-side-84507, /rpms/maven-shared-utils.git:199921a7f78f65fac3b9f2f607126e706cb3f352): assigned -> open (buildvm-a64-35.iad2.fedoraproject.org)
  114137863 buildSRPMFromSCM (/rpms/maven-shared-utils.git:199921a7f78f65fac3b9f2f607126e706cb3f352): free
  114137863 buildSRPMFromSCM (/rpms/maven-shared-utils.git:199921a7f78f65fac3b9f2f607126e706cb3f352): free -> assigned
  114137863 buildSRPMFromSCM (/rpms/maven-shared-utils.git:199921a7f78f65fac3b9f2f607126e706cb3f352): assigned -> open (buildvm-x86-15.iad2.fedoraproject.org)
  114137863 buildSRPMFromSCM (/rpms/maven-shared-utils.git:199921a7f78f65fac3b9f2f607126e706cb3f352): open (buildvm-x86-15.iad2.fedoraproject.org) -> closed
  0 free  1 open  1 done  0 failed
  114138089 buildArch (maven-shared-utils-3.4.2-7.fc41.src.rpm, noarch): free
  114138089 buildArch (maven-shared-utils-3.4.2-7.fc41.src.rpm, noarch): free -> assigned
  114138089 buildArch (maven-shared-utils-3.4.2-7.fc41.src.rpm, noarch): assigned -> open (buildhw-x86-13.iad2.fedoraproject.org)
  114138089 buildArch (maven-shared-utils-3.4.2-7.fc41.src.rpm, noarch): open (buildhw-x86-13.iad2.fedoraproject.org) -> closed
  0 free  1 open  2 done  0 failed
  114138351 tagBuild (noarch): free
  114138351 tagBuild (noarch): free -> assigned
  114138351 tagBuild (noarch): assigned -> closed
  0 free  1 open  3 done  0 failed
114137851 build (f41-build-side-84507, /rpms/maven-shared-utils.git:199921a7f78f65fac3b9f2f607126e706cb3f352): open (buildvm-a64-35.iad2.fedoraproject.org) -> closed
  0 free  0 open  4 done  0 failed

114137851 build (f41-build-side-84507, /rpms/maven-shared-utils.git:199921a7f78f65fac3b9f2f607126e706cb3f352) completed successfully
