Cloning into 'maven-common-artifact-filters'...
[rawhide f72772c] Rebuilt for java-21-openjdk as system jdk
 1 file changed, 4 insertions(+), 1 deletion(-)
Found a gating.yaml file in the repo and it is properly configured
Building maven-common-artifact-filters-3.3.2-6.fc41 for f41-build-side-84507
Created task: 114137219
Task info: https://koji.fedoraproject.org/koji/taskinfo?taskID=114137219
Watching tasks (this may be safely interrupted)...
114137219 build (f41-build-side-84507, /rpms/maven-common-artifact-filters.git:f72772c2440f8269a7934fd58bd33d6c51fad5a4): free
114137219 build (f41-build-side-84507, /rpms/maven-common-artifact-filters.git:f72772c2440f8269a7934fd58bd33d6c51fad5a4): free -> assigned
114137219 build (f41-build-side-84507, /rpms/maven-common-artifact-filters.git:f72772c2440f8269a7934fd58bd33d6c51fad5a4): assigned -> open (buildvm-a64-11.iad2.fedoraproject.org)
  114137229 buildSRPMFromSCM (/rpms/maven-common-artifact-filters.git:f72772c2440f8269a7934fd58bd33d6c51fad5a4): free
  114137229 buildSRPMFromSCM (/rpms/maven-common-artifact-filters.git:f72772c2440f8269a7934fd58bd33d6c51fad5a4): free -> assigned
  114137229 buildSRPMFromSCM (/rpms/maven-common-artifact-filters.git:f72772c2440f8269a7934fd58bd33d6c51fad5a4): assigned -> open (buildvm-x86-31.iad2.fedoraproject.org)
  114137229 buildSRPMFromSCM (/rpms/maven-common-artifact-filters.git:f72772c2440f8269a7934fd58bd33d6c51fad5a4): open (buildvm-x86-31.iad2.fedoraproject.org) -> closed
  0 free  1 open  1 done  0 failed
  114137251 buildArch (maven-common-artifact-filters-3.3.2-6.fc41.src.rpm, noarch): free
  114137251 buildArch (maven-common-artifact-filters-3.3.2-6.fc41.src.rpm, noarch): free -> assigned
  114137251 buildArch (maven-common-artifact-filters-3.3.2-6.fc41.src.rpm, noarch): assigned -> open (buildvm-ppc64le-21.iad2.fedoraproject.org)
  114137302 tagBuild (noarch): free
  114137251 buildArch (maven-common-artifact-filters-3.3.2-6.fc41.src.rpm, noarch): open (buildvm-ppc64le-21.iad2.fedoraproject.org) -> closed
  1 free  1 open  2 done  0 failed
  114137302 tagBuild (noarch): free -> assigned
  114137302 tagBuild (noarch): assigned -> closed
  0 free  1 open  3 done  0 failed
114137219 build (f41-build-side-84507, /rpms/maven-common-artifact-filters.git:f72772c2440f8269a7934fd58bd33d6c51fad5a4): open (buildvm-a64-11.iad2.fedoraproject.org) -> closed
  0 free  0 open  4 done  0 failed

114137219 build (f41-build-side-84507, /rpms/maven-common-artifact-filters.git:f72772c2440f8269a7934fd58bd33d6c51fad5a4) completed successfully
