Cloning into 'maven-antrun-plugin'...
[rawhide f8adfa2] Rebuilt for java-21-openjdk as system jdk
 1 file changed, 4 insertions(+), 1 deletion(-)
Found a gating.yaml file in the repo and it is properly configured
Building maven-antrun-plugin-3.1.0-9.fc41 for f41-build-side-84507
Created task: 114137177
Task info: https://koji.fedoraproject.org/koji/taskinfo?taskID=114137177
Watching tasks (this may be safely interrupted)...
114137177 build (f41-build-side-84507, /rpms/maven-antrun-plugin.git:f8adfa28a2f59e6145c328b0750260c2432263c2): free
114137177 build (f41-build-side-84507, /rpms/maven-antrun-plugin.git:f8adfa28a2f59e6145c328b0750260c2432263c2): free -> assigned
114137177 build (f41-build-side-84507, /rpms/maven-antrun-plugin.git:f8adfa28a2f59e6145c328b0750260c2432263c2): assigned -> open (buildvm-a64-39.iad2.fedoraproject.org)
  114137188 buildSRPMFromSCM (/rpms/maven-antrun-plugin.git:f8adfa28a2f59e6145c328b0750260c2432263c2): free
  114137188 buildSRPMFromSCM (/rpms/maven-antrun-plugin.git:f8adfa28a2f59e6145c328b0750260c2432263c2): free -> assigned
  114137188 buildSRPMFromSCM (/rpms/maven-antrun-plugin.git:f8adfa28a2f59e6145c328b0750260c2432263c2): assigned -> open (buildvm-a64-21.iad2.fedoraproject.org)
  114137188 buildSRPMFromSCM (/rpms/maven-antrun-plugin.git:f8adfa28a2f59e6145c328b0750260c2432263c2): open (buildvm-a64-21.iad2.fedoraproject.org) -> closed
  0 free  1 open  1 done  0 failed
  114137213 buildArch (maven-antrun-plugin-3.1.0-9.fc41.src.rpm, noarch): free
  114137213 buildArch (maven-antrun-plugin-3.1.0-9.fc41.src.rpm, noarch): free -> assigned
  114137213 buildArch (maven-antrun-plugin-3.1.0-9.fc41.src.rpm, noarch): assigned -> open (buildvm-x86-21.iad2.fedoraproject.org)
  114137213 buildArch (maven-antrun-plugin-3.1.0-9.fc41.src.rpm, noarch): open (buildvm-x86-21.iad2.fedoraproject.org) -> closed
  0 free  1 open  2 done  0 failed
  114137244 tagBuild (noarch): free
  114137244 tagBuild (noarch): free -> assigned
  114137244 tagBuild (noarch): assigned -> closed
  0 free  1 open  3 done  0 failed
114137177 build (f41-build-side-84507, /rpms/maven-antrun-plugin.git:f8adfa28a2f59e6145c328b0750260c2432263c2): open (buildvm-a64-39.iad2.fedoraproject.org) -> closed
  0 free  0 open  4 done  0 failed

114137177 build (f41-build-side-84507, /rpms/maven-antrun-plugin.git:f8adfa28a2f59e6145c328b0750260c2432263c2) completed successfully
