Cloning into 'maven-source-plugin'...
[f40 f3505be] Rebuilt for java-21-openjdk as system jdk
 1 file changed, 4 insertions(+), 1 deletion(-)
Found a gating.yaml file in the repo and it is properly configured
Building maven-source-plugin-3.3.0-6.fc40 for f40-build-side-84857
Created task: 114354282
Task info: https://koji.fedoraproject.org/koji/taskinfo?taskID=114354282
Watching tasks (this may be safely interrupted)...
114354282 build (f40-build-side-84857, /rpms/maven-source-plugin.git:f3505be13c66e7c8764544f6a37553392c603bda): free
114354282 build (f40-build-side-84857, /rpms/maven-source-plugin.git:f3505be13c66e7c8764544f6a37553392c603bda): free -> assigned
114354282 build (f40-build-side-84857, /rpms/maven-source-plugin.git:f3505be13c66e7c8764544f6a37553392c603bda): assigned -> open (buildvm-x86-15.iad2.fedoraproject.org)
  114354312 buildSRPMFromSCM (/rpms/maven-source-plugin.git:f3505be13c66e7c8764544f6a37553392c603bda): free
  114354312 buildSRPMFromSCM (/rpms/maven-source-plugin.git:f3505be13c66e7c8764544f6a37553392c603bda): free -> assigned
  114354312 buildSRPMFromSCM (/rpms/maven-source-plugin.git:f3505be13c66e7c8764544f6a37553392c603bda): assigned -> open (buildvm-a64-08.iad2.fedoraproject.org)
  114354312 buildSRPMFromSCM (/rpms/maven-source-plugin.git:f3505be13c66e7c8764544f6a37553392c603bda): open (buildvm-a64-08.iad2.fedoraproject.org) -> closed
  0 free  1 open  1 done  0 failed
  114354412 buildArch (maven-source-plugin-3.3.0-6.fc40.src.rpm, noarch): free
  114354412 buildArch (maven-source-plugin-3.3.0-6.fc40.src.rpm, noarch): free -> assigned
  114354412 buildArch (maven-source-plugin-3.3.0-6.fc40.src.rpm, noarch): assigned -> open (buildvm-s390x-04.s390.fedoraproject.org)
  114354412 buildArch (maven-source-plugin-3.3.0-6.fc40.src.rpm, noarch): open (buildvm-s390x-04.s390.fedoraproject.org) -> closed
  0 free  1 open  2 done  0 failed
  114354547 tagBuild (noarch): free
  114354547 tagBuild (noarch): free -> assigned
  114354547 tagBuild (noarch): assigned -> closed
  0 free  1 open  3 done  0 failed
114354282 build (f40-build-side-84857, /rpms/maven-source-plugin.git:f3505be13c66e7c8764544f6a37553392c603bda): open (buildvm-x86-15.iad2.fedoraproject.org) -> closed
  0 free  0 open  4 done  0 failed

114354282 build (f40-build-side-84857, /rpms/maven-source-plugin.git:f3505be13c66e7c8764544f6a37553392c603bda) completed successfully
