Cloning into 'maven-dependency-analyzer'...
[rawhide 8feca24] Rebuilt for java-21-openjdk as system jdk
 1 file changed, 4 insertions(+), 1 deletion(-)
Found a gating.yaml file in the repo and it is properly configured
Building maven-dependency-analyzer-1.13.2-6.fc41 for f41-build-side-84507
Created task: 114137232
Task info: https://koji.fedoraproject.org/koji/taskinfo?taskID=114137232
Watching tasks (this may be safely interrupted)...
114137232 build (f41-build-side-84507, /rpms/maven-dependency-analyzer.git:8feca2475e12a2c86a7973cc1a4eee38eece4667): free
114137232 build (f41-build-side-84507, /rpms/maven-dependency-analyzer.git:8feca2475e12a2c86a7973cc1a4eee38eece4667): free -> assigned
114137232 build (f41-build-side-84507, /rpms/maven-dependency-analyzer.git:8feca2475e12a2c86a7973cc1a4eee38eece4667): assigned -> open (buildvm-a64-17.iad2.fedoraproject.org)
  114137240 buildSRPMFromSCM (/rpms/maven-dependency-analyzer.git:8feca2475e12a2c86a7973cc1a4eee38eece4667): free
  114137240 buildSRPMFromSCM (/rpms/maven-dependency-analyzer.git:8feca2475e12a2c86a7973cc1a4eee38eece4667): free -> assigned
  114137240 buildSRPMFromSCM (/rpms/maven-dependency-analyzer.git:8feca2475e12a2c86a7973cc1a4eee38eece4667): assigned -> open (buildvm-x86-24.iad2.fedoraproject.org)
  114137240 buildSRPMFromSCM (/rpms/maven-dependency-analyzer.git:8feca2475e12a2c86a7973cc1a4eee38eece4667): open (buildvm-x86-24.iad2.fedoraproject.org) -> closed
  0 free  1 open  1 done  0 failed
  114137266 buildArch (maven-dependency-analyzer-1.13.2-6.fc41.src.rpm, noarch): free
  114137266 buildArch (maven-dependency-analyzer-1.13.2-6.fc41.src.rpm, noarch): free -> assigned
  114137266 buildArch (maven-dependency-analyzer-1.13.2-6.fc41.src.rpm, noarch): assigned -> open (buildvm-ppc64le-23.iad2.fedoraproject.org)
  114137266 buildArch (maven-dependency-analyzer-1.13.2-6.fc41.src.rpm, noarch): open (buildvm-ppc64le-23.iad2.fedoraproject.org) -> closed
  0 free  1 open  2 done  0 failed
  114137322 tagBuild (noarch): free
  114137322 tagBuild (noarch): free -> assigned
  114137322 tagBuild (noarch): assigned -> closed
  0 free  1 open  3 done  0 failed
114137232 build (f41-build-side-84507, /rpms/maven-dependency-analyzer.git:8feca2475e12a2c86a7973cc1a4eee38eece4667): open (buildvm-a64-17.iad2.fedoraproject.org) -> closed
  0 free  0 open  4 done  0 failed

114137232 build (f41-build-side-84507, /rpms/maven-dependency-analyzer.git:8feca2475e12a2c86a7973cc1a4eee38eece4667) completed successfully
