Cloning into 'maven-invoker'...
[rawhide 58570d0] Rebuilt for java-21-openjdk as system jdk
 1 file changed, 4 insertions(+), 1 deletion(-)
Building maven-invoker-3.1.0-12.fc41 for f41-build-side-84507
Created task: 114137306
Task info: https://koji.fedoraproject.org/koji/taskinfo?taskID=114137306
Watching tasks (this may be safely interrupted)...
114137306 build (f41-build-side-84507, /rpms/maven-invoker.git:58570d0348a4862573a41b5a478f8173977df8b9): free
114137306 build (f41-build-side-84507, /rpms/maven-invoker.git:58570d0348a4862573a41b5a478f8173977df8b9): free -> open (buildvm-a64-15.iad2.fedoraproject.org)
  114137311 buildSRPMFromSCM (/rpms/maven-invoker.git:58570d0348a4862573a41b5a478f8173977df8b9): free
  114137311 buildSRPMFromSCM (/rpms/maven-invoker.git:58570d0348a4862573a41b5a478f8173977df8b9): free -> assigned
  114137311 buildSRPMFromSCM (/rpms/maven-invoker.git:58570d0348a4862573a41b5a478f8173977df8b9): assigned -> open (buildvm-a64-40.iad2.fedoraproject.org)
  114137344 buildArch (maven-invoker-3.1.0-12.fc41.src.rpm, noarch): free
  114137311 buildSRPMFromSCM (/rpms/maven-invoker.git:58570d0348a4862573a41b5a478f8173977df8b9): open (buildvm-a64-40.iad2.fedoraproject.org) -> closed
  1 free  1 open  1 done  0 failed
  114137344 buildArch (maven-invoker-3.1.0-12.fc41.src.rpm, noarch): free -> assigned
  114137344 buildArch (maven-invoker-3.1.0-12.fc41.src.rpm, noarch): assigned -> open (buildvm-x86-29.iad2.fedoraproject.org)
  114137344 buildArch (maven-invoker-3.1.0-12.fc41.src.rpm, noarch): open (buildvm-x86-29.iad2.fedoraproject.org) -> FAILED: BuildError: error building package (arch noarch), mock exited with status 1; see build.log or root.log for more information
  Relevant logs:
  https://kojipkgs.fedoraproject.org/work/tasks/7344/114137344/mock_output.log
  https://kojipkgs.fedoraproject.org/work/tasks/7344/114137344/state.log
  https://kojipkgs.fedoraproject.org/work/tasks/7344/114137344/build.log
  https://kojipkgs.fedoraproject.org/work/tasks/7344/114137344/root.log
  https://kojipkgs.fedoraproject.org/work/tasks/7344/114137344/hw_info.log
  0 free  1 open  1 done  1 failed
114137306 build (f41-build-side-84507, /rpms/maven-invoker.git:58570d0348a4862573a41b5a478f8173977df8b9): open (buildvm-a64-15.iad2.fedoraproject.org) -> FAILED: BuildError: error building package (arch noarch), mock exited with status 1; see build.log or root.log for more information
  0 free  0 open  1 done  2 failed

114137306 build (f41-build-side-84507, /rpms/maven-invoker.git:58570d0348a4862573a41b5a478f8173977df8b9) failed
