Cloning into 'maven-doxia-sitetools'...
[rawhide 4b69f5a] Rebuilt for java-21-openjdk as system jdk
 1 file changed, 4 insertions(+), 1 deletion(-)
Building maven-doxia-sitetools-1.11.1-10.fc41 for f41-build-side-84507
Created task: 114137269
Task info: https://koji.fedoraproject.org/koji/taskinfo?taskID=114137269
Watching tasks (this may be safely interrupted)...
114137269 build (f41-build-side-84507, /rpms/maven-doxia-sitetools.git:4b69f5a816b286b0252f1b3285f8ca70fc2d26c8): free
114137269 build (f41-build-side-84507, /rpms/maven-doxia-sitetools.git:4b69f5a816b286b0252f1b3285f8ca70fc2d26c8): free -> open (buildvm-a64-27.iad2.fedoraproject.org)
  114137281 buildSRPMFromSCM (/rpms/maven-doxia-sitetools.git:4b69f5a816b286b0252f1b3285f8ca70fc2d26c8): free
  114137281 buildSRPMFromSCM (/rpms/maven-doxia-sitetools.git:4b69f5a816b286b0252f1b3285f8ca70fc2d26c8): free -> assigned
  114137281 buildSRPMFromSCM (/rpms/maven-doxia-sitetools.git:4b69f5a816b286b0252f1b3285f8ca70fc2d26c8): assigned -> open (buildvm-a64-31.iad2.fedoraproject.org)
  114137281 buildSRPMFromSCM (/rpms/maven-doxia-sitetools.git:4b69f5a816b286b0252f1b3285f8ca70fc2d26c8): open (buildvm-a64-31.iad2.fedoraproject.org) -> closed
  0 free  1 open  1 done  0 failed
  114137312 buildArch (maven-doxia-sitetools-1.11.1-10.fc41.src.rpm, noarch): free
  114137312 buildArch (maven-doxia-sitetools-1.11.1-10.fc41.src.rpm, noarch): free -> assigned
  114137312 buildArch (maven-doxia-sitetools-1.11.1-10.fc41.src.rpm, noarch): assigned -> open (buildvm-a64-11.iad2.fedoraproject.org)
  114137382 tagBuild (noarch): free
  114137312 buildArch (maven-doxia-sitetools-1.11.1-10.fc41.src.rpm, noarch): open (buildvm-a64-11.iad2.fedoraproject.org) -> closed
  1 free  1 open  2 done  0 failed
  114137382 tagBuild (noarch): free -> assigned
  114137382 tagBuild (noarch): assigned -> closed
  0 free  1 open  3 done  0 failed
114137269 build (f41-build-side-84507, /rpms/maven-doxia-sitetools.git:4b69f5a816b286b0252f1b3285f8ca70fc2d26c8): open (buildvm-a64-27.iad2.fedoraproject.org) -> closed
  0 free  0 open  4 done  0 failed

114137269 build (f41-build-side-84507, /rpms/maven-doxia-sitetools.git:4b69f5a816b286b0252f1b3285f8ca70fc2d26c8) completed successfully
