Cloning into 'maven-doxia'...
[f40 21a3e51] Rebuilt for java-21-openjdk as system jdk
 1 file changed, 4 insertions(+), 1 deletion(-)
Building maven-doxia-1.12.0-7.fc40 for f40-build-side-84857
Created task: 114353614
Task info: https://koji.fedoraproject.org/koji/taskinfo?taskID=114353614
Watching tasks (this may be safely interrupted)...
114353614 build (f40-build-side-84857, /rpms/maven-doxia.git:21a3e517586881c7705145869b7b6e861d726627): free
114353614 build (f40-build-side-84857, /rpms/maven-doxia.git:21a3e517586881c7705145869b7b6e861d726627): free -> assigned
114353614 build (f40-build-side-84857, /rpms/maven-doxia.git:21a3e517586881c7705145869b7b6e861d726627): assigned -> open (buildvm-a64-30.iad2.fedoraproject.org)
  114353647 buildSRPMFromSCM (/rpms/maven-doxia.git:21a3e517586881c7705145869b7b6e861d726627): free
  114353647 buildSRPMFromSCM (/rpms/maven-doxia.git:21a3e517586881c7705145869b7b6e861d726627): free -> assigned
  114353647 buildSRPMFromSCM (/rpms/maven-doxia.git:21a3e517586881c7705145869b7b6e861d726627): assigned -> open (buildvm-x86-06.iad2.fedoraproject.org)
  114353647 buildSRPMFromSCM (/rpms/maven-doxia.git:21a3e517586881c7705145869b7b6e861d726627): open (buildvm-x86-06.iad2.fedoraproject.org) -> closed
  0 free  1 open  1 done  0 failed
  114353698 buildArch (maven-doxia-1.12.0-7.fc40.src.rpm, noarch): free
  114353698 buildArch (maven-doxia-1.12.0-7.fc40.src.rpm, noarch): free -> assigned
  114353698 buildArch (maven-doxia-1.12.0-7.fc40.src.rpm, noarch): assigned -> open (buildhw-a64-20.iad2.fedoraproject.org)
  114353698 buildArch (maven-doxia-1.12.0-7.fc40.src.rpm, noarch): open (buildhw-a64-20.iad2.fedoraproject.org) -> closed
  0 free  1 open  2 done  0 failed
  114353905 tagBuild (noarch): free
  114353905 tagBuild (noarch): free -> assigned
  114353905 tagBuild (noarch): assigned -> closed
  0 free  1 open  3 done  0 failed
114353614 build (f40-build-side-84857, /rpms/maven-doxia.git:21a3e517586881c7705145869b7b6e861d726627): open (buildvm-a64-30.iad2.fedoraproject.org) -> closed
  0 free  0 open  4 done  0 failed

114353614 build (f40-build-side-84857, /rpms/maven-doxia.git:21a3e517586881c7705145869b7b6e861d726627) completed successfully
