Cloning into 'maven-mapping'...
@@@@@@@@@@@@@@@@@@@@@@@@@@@@@@@@@@@@@@@@@@@@@@@@@@@@@@@@@@@
@    WARNING: REMOTE HOST IDENTIFICATION HAS CHANGED!     @
@@@@@@@@@@@@@@@@@@@@@@@@@@@@@@@@@@@@@@@@@@@@@@@@@@@@@@@@@@@
IT IS POSSIBLE THAT SOMEONE IS DOING SOMETHING NASTY!
Someone could be eavesdropping on you right now (man-in-the-middle attack)!
It is also possible that a host key has just been changed.
The fingerprint for the RSA key sent by the remote host is
SHA256:dJN0nFWBcWK7SFs2k0nnsO+XNA9+aEDY4FWO7uhxTN8.
Please contact your system administrator.
Add correct host key in /home/jvanek/.ssh/known_hosts to get rid of this message.
Offending RSA key in /home/jvanek/.ssh/known_hosts:2
Password authentication is disabled to avoid man-in-the-middle attacks.
Keyboard-interactive authentication is disabled to avoid man-in-the-middle attacks.
UpdateHostkeys is disabled because the host key is not trusted.
RPMAutoSpec usage detected, not changing the spec file.
[rawhide 79dddd7] Rebuilt for java-25-openjdk as preffered jdk
Found a gating.yaml file in the repo and it is properly configured
Building maven-mapping-3.0.0-48.fc43 for rawhide
Created task: 135455656
Task info: https://koji.fedoraproject.org/koji/taskinfo?taskID=135455656
Watching tasks (this may be safely interrupted)...
135455656 build (rawhide, /rpms/maven-mapping.git:79dddd7cea5a306a65f1821c27cfe56d6aa36377): free
135455656 build (rawhide, /rpms/maven-mapping.git:79dddd7cea5a306a65f1821c27cfe56d6aa36377): free -> assigned (buildhw-x86-03.rdu3.fedoraproject.org)
135455656 build (rawhide, /rpms/maven-mapping.git:79dddd7cea5a306a65f1821c27cfe56d6aa36377): assigned (buildhw-x86-03.rdu3.fedoraproject.org) -> open (buildhw-x86-03.rdu3.fedoraproject.org)
  135455712 buildSRPMFromSCM (/rpms/maven-mapping.git:79dddd7cea5a306a65f1821c27cfe56d6aa36377): free
  135455712 buildSRPMFromSCM (/rpms/maven-mapping.git:79dddd7cea5a306a65f1821c27cfe56d6aa36377): free -> open (buildvm-a64-26.rdu3.fedoraproject.org)
  135455753 buildArch (maven-mapping-3.0.0-48.fc43.src.rpm, noarch): free
  135455712 buildSRPMFromSCM (/rpms/maven-mapping.git:79dddd7cea5a306a65f1821c27cfe56d6aa36377): open (buildvm-a64-26.rdu3.fedoraproject.org) -> closed
  1 free  1 open  1 done  0 failed
  135455753 buildArch (maven-mapping-3.0.0-48.fc43.src.rpm, noarch): free -> assigned (buildvm-x86-30.rdu3.fedoraproject.org)
  135455753 buildArch (maven-mapping-3.0.0-48.fc43.src.rpm, noarch): assigned (buildvm-x86-30.rdu3.fedoraproject.org) -> open (buildvm-x86-30.rdu3.fedoraproject.org)
  135455833 tagBuild (noarch): free
  135455753 buildArch (maven-mapping-3.0.0-48.fc43.src.rpm, noarch): open (buildvm-x86-30.rdu3.fedoraproject.org) -> closed
  1 free  1 open  2 done  0 failed
  135455833 tagBuild (noarch): free -> assigned (buildvm-ppc64le-17.rdu3.fedoraproject.org)
  135455833 tagBuild (noarch): assigned (buildvm-ppc64le-17.rdu3.fedoraproject.org) -> closed
  0 free  1 open  3 done  0 failed
135455656 build (rawhide, /rpms/maven-mapping.git:79dddd7cea5a306a65f1821c27cfe56d6aa36377): open (buildhw-x86-03.rdu3.fedoraproject.org) -> closed
  0 free  0 open  4 done  0 failed

135455656 build (rawhide, /rpms/maven-mapping.git:79dddd7cea5a306a65f1821c27cfe56d6aa36377) completed successfully
