Cloning into 'maven-remote-resources-plugin'...
@@@@@@@@@@@@@@@@@@@@@@@@@@@@@@@@@@@@@@@@@@@@@@@@@@@@@@@@@@@
@    WARNING: REMOTE HOST IDENTIFICATION HAS CHANGED!     @
@@@@@@@@@@@@@@@@@@@@@@@@@@@@@@@@@@@@@@@@@@@@@@@@@@@@@@@@@@@
IT IS POSSIBLE THAT SOMEONE IS DOING SOMETHING NASTY!
Someone could be eavesdropping on you right now (man-in-the-middle attack)!
It is also possible that a host key has just been changed.
The fingerprint for the RSA key sent by the remote host is
SHA256:dJN0nFWBcWK7SFs2k0nnsO+XNA9+aEDY4FWO7uhxTN8.
Please contact your system administrator.
Add correct host key in /home/jvanek/.ssh/known_hosts to get rid of this message.
Offending RSA key in /home/jvanek/.ssh/known_hosts:2
Password authentication is disabled to avoid man-in-the-middle attacks.
Keyboard-interactive authentication is disabled to avoid man-in-the-middle attacks.
UpdateHostkeys is disabled because the host key is not trusted.
RPMAutoSpec usage detected, not changing the spec file.
[rawhide 3ca30a4] Rebuilt for java-25-openjdk as preffered jdk
Found a gating.yaml file in the repo and it is properly configured
Building maven-remote-resources-plugin-3.1.0-22.fc43 for rawhide
Created task: 135455862
Task info: https://koji.fedoraproject.org/koji/taskinfo?taskID=135455862
Watching tasks (this may be safely interrupted)...
135455862 build (rawhide, /rpms/maven-remote-resources-plugin.git:3ca30a4901c7d0f1027f19d41fd2d76d8712e98b): free
135455862 build (rawhide, /rpms/maven-remote-resources-plugin.git:3ca30a4901c7d0f1027f19d41fd2d76d8712e98b): free -> assigned (buildvm-ppc64le-10.rdu3.fedoraproject.org)
135455862 build (rawhide, /rpms/maven-remote-resources-plugin.git:3ca30a4901c7d0f1027f19d41fd2d76d8712e98b): assigned (buildvm-ppc64le-10.rdu3.fedoraproject.org) -> open (buildvm-ppc64le-10.rdu3.fedoraproject.org)
  135455868 buildSRPMFromSCM (/rpms/maven-remote-resources-plugin.git:3ca30a4901c7d0f1027f19d41fd2d76d8712e98b): free
  135455868 buildSRPMFromSCM (/rpms/maven-remote-resources-plugin.git:3ca30a4901c7d0f1027f19d41fd2d76d8712e98b): free -> assigned (buildvm-ppc64le-16.rdu3.fedoraproject.org)
  135455868 buildSRPMFromSCM (/rpms/maven-remote-resources-plugin.git:3ca30a4901c7d0f1027f19d41fd2d76d8712e98b): assigned (buildvm-ppc64le-16.rdu3.fedoraproject.org) -> open (buildvm-ppc64le-16.rdu3.fedoraproject.org)
  135455967 buildArch (maven-remote-resources-plugin-3.1.0-22.fc43.src.rpm, noarch): free
  135455868 buildSRPMFromSCM (/rpms/maven-remote-resources-plugin.git:3ca30a4901c7d0f1027f19d41fd2d76d8712e98b): open (buildvm-ppc64le-16.rdu3.fedoraproject.org) -> closed
  1 free  1 open  1 done  0 failed
  135455967 buildArch (maven-remote-resources-plugin-3.1.0-22.fc43.src.rpm, noarch): free -> assigned (buildvm-ppc64le-21.rdu3.fedoraproject.org)
  135455967 buildArch (maven-remote-resources-plugin-3.1.0-22.fc43.src.rpm, noarch): assigned (buildvm-ppc64le-21.rdu3.fedoraproject.org) -> open (buildvm-ppc64le-21.rdu3.fedoraproject.org)
  135455967 buildArch (maven-remote-resources-plugin-3.1.0-22.fc43.src.rpm, noarch): open (buildvm-ppc64le-21.rdu3.fedoraproject.org) -> closed
  0 free  1 open  2 done  0 failed
  135456046 tagBuild (noarch): assigned (buildvm-ppc64le-10.rdu3.fedoraproject.org)
  135456046 tagBuild (noarch): assigned (buildvm-ppc64le-10.rdu3.fedoraproject.org) -> closed
  0 free  1 open  3 done  0 failed
135455862 build (rawhide, /rpms/maven-remote-resources-plugin.git:3ca30a4901c7d0f1027f19d41fd2d76d8712e98b): open (buildvm-ppc64le-10.rdu3.fedoraproject.org) -> closed
  0 free  0 open  4 done  0 failed

135455862 build (rawhide, /rpms/maven-remote-resources-plugin.git:3ca30a4901c7d0f1027f19d41fd2d76d8712e98b) completed successfully
