Cloning into 'maven-reporting-impl'...
[rawhide 0b975d6] Rebuilt for java-21-openjdk as system jdk
 1 file changed, 4 insertions(+), 1 deletion(-)
Building maven-reporting-impl-3.2.0-6.fc41 for f41-build-side-84507
Created task: 114137622
Task info: https://koji.fedoraproject.org/koji/taskinfo?taskID=114137622
Watching tasks (this may be safely interrupted)...
114137622 build (f41-build-side-84507, /rpms/maven-reporting-impl.git:0b975d6fd281b2d270aff718247dc0e6694708f4): free
114137622 build (f41-build-side-84507, /rpms/maven-reporting-impl.git:0b975d6fd281b2d270aff718247dc0e6694708f4): free -> assigned
114137622 build (f41-build-side-84507, /rpms/maven-reporting-impl.git:0b975d6fd281b2d270aff718247dc0e6694708f4): assigned -> open (buildvm-ppc64le-23.iad2.fedoraproject.org)
  114137653 buildSRPMFromSCM (/rpms/maven-reporting-impl.git:0b975d6fd281b2d270aff718247dc0e6694708f4): free
  114137653 buildSRPMFromSCM (/rpms/maven-reporting-impl.git:0b975d6fd281b2d270aff718247dc0e6694708f4): free -> assigned
  114137653 buildSRPMFromSCM (/rpms/maven-reporting-impl.git:0b975d6fd281b2d270aff718247dc0e6694708f4): assigned -> open (buildvm-x86-29.iad2.fedoraproject.org)
  114137653 buildSRPMFromSCM (/rpms/maven-reporting-impl.git:0b975d6fd281b2d270aff718247dc0e6694708f4): open (buildvm-x86-29.iad2.fedoraproject.org) -> closed
  0 free  1 open  1 done  0 failed
  114137844 buildArch (maven-reporting-impl-3.2.0-6.fc41.src.rpm, noarch): free
  114137844 buildArch (maven-reporting-impl-3.2.0-6.fc41.src.rpm, noarch): free -> assigned
  114137844 buildArch (maven-reporting-impl-3.2.0-6.fc41.src.rpm, noarch): assigned -> open (buildvm-x86-21.iad2.fedoraproject.org)
  114137844 buildArch (maven-reporting-impl-3.2.0-6.fc41.src.rpm, noarch): open (buildvm-x86-21.iad2.fedoraproject.org) -> FAILED: BuildError: error building package (arch noarch), mock exited with status 1; see build.log or root.log for more information
  Relevant logs:
  https://kojipkgs.fedoraproject.org/work/tasks/7844/114137844/mock_output.log
  https://kojipkgs.fedoraproject.org/work/tasks/7844/114137844/state.log
  https://kojipkgs.fedoraproject.org/work/tasks/7844/114137844/build.log
  https://kojipkgs.fedoraproject.org/work/tasks/7844/114137844/root.log
  https://kojipkgs.fedoraproject.org/work/tasks/7844/114137844/hw_info.log
  0 free  1 open  1 done  1 failed
114137622 build (f41-build-side-84507, /rpms/maven-reporting-impl.git:0b975d6fd281b2d270aff718247dc0e6694708f4): open (buildvm-ppc64le-23.iad2.fedoraproject.org) -> FAILED: BuildError: error building package (arch noarch), mock exited with status 1; see build.log or root.log for more information
  0 free  0 open  1 done  2 failed

114137622 build (f41-build-side-84507, /rpms/maven-reporting-impl.git:0b975d6fd281b2d270aff718247dc0e6694708f4) failed
