Cloning into 'maven-shade-plugin'...
[rawhide 2e5b878] Rebuilt for java-21-openjdk as system jdk
 1 file changed, 4 insertions(+), 1 deletion(-)
Building maven-shade-plugin-3.5.2-2.fc41 for f41-build-side-84507
Created task: 114137765
Task info: https://koji.fedoraproject.org/koji/taskinfo?taskID=114137765
Watching tasks (this may be safely interrupted)...
114137765 build (f41-build-side-84507, /rpms/maven-shade-plugin.git:2e5b8786b1a84de46de527f686646c979b004a80): free
114137765 build (f41-build-side-84507, /rpms/maven-shade-plugin.git:2e5b8786b1a84de46de527f686646c979b004a80): free -> assigned
114137765 build (f41-build-side-84507, /rpms/maven-shade-plugin.git:2e5b8786b1a84de46de527f686646c979b004a80): assigned -> open (buildvm-ppc64le-20.iad2.fedoraproject.org)
  114137824 buildSRPMFromSCM (/rpms/maven-shade-plugin.git:2e5b8786b1a84de46de527f686646c979b004a80): free
  114137824 buildSRPMFromSCM (/rpms/maven-shade-plugin.git:2e5b8786b1a84de46de527f686646c979b004a80): free -> assigned
  114137824 buildSRPMFromSCM (/rpms/maven-shade-plugin.git:2e5b8786b1a84de46de527f686646c979b004a80): assigned -> open (buildvm-x86-19.iad2.fedoraproject.org)
  114137824 buildSRPMFromSCM (/rpms/maven-shade-plugin.git:2e5b8786b1a84de46de527f686646c979b004a80): open (buildvm-x86-19.iad2.fedoraproject.org) -> closed
  0 free  1 open  1 done  0 failed
  114137980 buildArch (maven-shade-plugin-3.5.2-2.fc41.src.rpm, noarch): free
  114137980 buildArch (maven-shade-plugin-3.5.2-2.fc41.src.rpm, noarch): free -> assigned
  114137980 buildArch (maven-shade-plugin-3.5.2-2.fc41.src.rpm, noarch): assigned -> open (buildhw-x86-03.iad2.fedoraproject.org)
  114137980 buildArch (maven-shade-plugin-3.5.2-2.fc41.src.rpm, noarch): open (buildhw-x86-03.iad2.fedoraproject.org) -> closed
  0 free  1 open  2 done  0 failed
  114138185 tagBuild (noarch): free
  114138185 tagBuild (noarch): free -> closed
  0 free  1 open  3 done  0 failed
114137765 build (f41-build-side-84507, /rpms/maven-shade-plugin.git:2e5b8786b1a84de46de527f686646c979b004a80): open (buildvm-ppc64le-20.iad2.fedoraproject.org) -> closed
  0 free  0 open  4 done  0 failed

114137765 build (f41-build-side-84507, /rpms/maven-shade-plugin.git:2e5b8786b1a84de46de527f686646c979b004a80) completed successfully
