Cloning into 'maven-surefire'...
[rawhide 6a27388] Rebuilt for java-21-openjdk as system jdk
 1 file changed, 4 insertions(+), 1 deletion(-)
Found a gating.yaml file in the repo and it is properly configured
Building maven-surefire-3.2.2-5.fc41 for f41-build-side-84507
Created task: 114137907
Task info: https://koji.fedoraproject.org/koji/taskinfo?taskID=114137907
Watching tasks (this may be safely interrupted)...
114137907 build (f41-build-side-84507, /rpms/maven-surefire.git:6a273882c116af1569d7d143adf42c91afec89fc): free
114137907 build (f41-build-side-84507, /rpms/maven-surefire.git:6a273882c116af1569d7d143adf42c91afec89fc): free -> assigned
114137907 build (f41-build-side-84507, /rpms/maven-surefire.git:6a273882c116af1569d7d143adf42c91afec89fc): assigned -> open (buildvm-ppc64le-03.iad2.fedoraproject.org)
  114138095 buildSRPMFromSCM (/rpms/maven-surefire.git:6a273882c116af1569d7d143adf42c91afec89fc): free
  114138095 buildSRPMFromSCM (/rpms/maven-surefire.git:6a273882c116af1569d7d143adf42c91afec89fc): free -> assigned
  114138095 buildSRPMFromSCM (/rpms/maven-surefire.git:6a273882c116af1569d7d143adf42c91afec89fc): assigned -> open (buildvm-x86-18.iad2.fedoraproject.org)
  114138095 buildSRPMFromSCM (/rpms/maven-surefire.git:6a273882c116af1569d7d143adf42c91afec89fc): open (buildvm-x86-18.iad2.fedoraproject.org) -> closed
  0 free  1 open  1 done  0 failed
  114138244 buildArch (maven-surefire-3.2.2-5.fc41.src.rpm, noarch): free
  114138244 buildArch (maven-surefire-3.2.2-5.fc41.src.rpm, noarch): free -> assigned
  114138244 buildArch (maven-surefire-3.2.2-5.fc41.src.rpm, noarch): assigned -> open (buildhw-x86-03.iad2.fedoraproject.org)
  114138244 buildArch (maven-surefire-3.2.2-5.fc41.src.rpm, noarch): open (buildhw-x86-03.iad2.fedoraproject.org) -> closed
  0 free  1 open  2 done  0 failed
  114138486 tagBuild (noarch): free
  114138486 tagBuild (noarch): free -> assigned
114137907 build (f41-build-side-84507, /rpms/maven-surefire.git:6a273882c116af1569d7d143adf42c91afec89fc): open (buildvm-ppc64le-03.iad2.fedoraproject.org) -> closed
  0 free  1 open  3 done  0 failed
  114138486 tagBuild (noarch): assigned -> closed
  0 free  0 open  4 done  0 failed

114137907 build (f41-build-side-84507, /rpms/maven-surefire.git:6a273882c116af1569d7d143adf42c91afec89fc) completed successfully
