Cloning into 'maven-script-interpreter'...
@@@@@@@@@@@@@@@@@@@@@@@@@@@@@@@@@@@@@@@@@@@@@@@@@@@@@@@@@@@
@    WARNING: REMOTE HOST IDENTIFICATION HAS CHANGED!     @
@@@@@@@@@@@@@@@@@@@@@@@@@@@@@@@@@@@@@@@@@@@@@@@@@@@@@@@@@@@
IT IS POSSIBLE THAT SOMEONE IS DOING SOMETHING NASTY!
Someone could be eavesdropping on you right now (man-in-the-middle attack)!
It is also possible that a host key has just been changed.
The fingerprint for the RSA key sent by the remote host is
SHA256:dJN0nFWBcWK7SFs2k0nnsO+XNA9+aEDY4FWO7uhxTN8.
Please contact your system administrator.
Add correct host key in /home/jvanek/.ssh/known_hosts to get rid of this message.
Offending RSA key in /home/jvanek/.ssh/known_hosts:2
Password authentication is disabled to avoid man-in-the-middle attacks.
Keyboard-interactive authentication is disabled to avoid man-in-the-middle attacks.
UpdateHostkeys is disabled because the host key is not trusted.
[rawhide d887b62] Rebuilt for java-25-openjdk as preffered jdk
 1 file changed, 5 insertions(+), 2 deletions(-)
Building maven-script-interpreter-1.3-14.fc43 for rawhide
Created task: 135456147
Task info: https://koji.fedoraproject.org/koji/taskinfo?taskID=135456147
Watching tasks (this may be safely interrupted)...
135456147 build (rawhide, /rpms/maven-script-interpreter.git:d887b6204ac4442dcce459936d39122307d4210d): free
135456147 build (rawhide, /rpms/maven-script-interpreter.git:d887b6204ac4442dcce459936d39122307d4210d): free -> open (buildvm-x86-04.rdu3.fedoraproject.org)
  135456154 buildSRPMFromSCM (/rpms/maven-script-interpreter.git:d887b6204ac4442dcce459936d39122307d4210d): free
  135456154 buildSRPMFromSCM (/rpms/maven-script-interpreter.git:d887b6204ac4442dcce459936d39122307d4210d): free -> assigned (buildvm-x86-13.rdu3.fedoraproject.org)
  135456154 buildSRPMFromSCM (/rpms/maven-script-interpreter.git:d887b6204ac4442dcce459936d39122307d4210d): assigned (buildvm-x86-13.rdu3.fedoraproject.org) -> open (buildvm-x86-13.rdu3.fedoraproject.org)
  135456154 buildSRPMFromSCM (/rpms/maven-script-interpreter.git:d887b6204ac4442dcce459936d39122307d4210d): open (buildvm-x86-13.rdu3.fedoraproject.org) -> closed
  0 free  1 open  1 done  0 failed
  135456239 buildArch (maven-script-interpreter-1.3-14.fc43.src.rpm, noarch): free
  135456239 buildArch (maven-script-interpreter-1.3-14.fc43.src.rpm, noarch): free -> assigned (buildvm-x86-19.rdu3.fedoraproject.org)
  135456239 buildArch (maven-script-interpreter-1.3-14.fc43.src.rpm, noarch): assigned (buildvm-x86-19.rdu3.fedoraproject.org) -> open (buildvm-x86-19.rdu3.fedoraproject.org)
  135456239 buildArch (maven-script-interpreter-1.3-14.fc43.src.rpm, noarch): open (buildvm-x86-19.rdu3.fedoraproject.org) -> closed
  0 free  1 open  2 done  0 failed
  135456309 tagBuild (noarch): free
  135456309 tagBuild (noarch): free -> closed
  0 free  1 open  3 done  0 failed
135456147 build (rawhide, /rpms/maven-script-interpreter.git:d887b6204ac4442dcce459936d39122307d4210d): open (buildvm-x86-04.rdu3.fedoraproject.org) -> closed
  0 free  0 open  4 done  0 failed

135456147 build (rawhide, /rpms/maven-script-interpreter.git:d887b6204ac4442dcce459936d39122307d4210d) completed successfully
