Cloning into 'maven-shared-incremental'...
[f40 b0cce61] Rebuilt for java-21-openjdk as system jdk
 1 file changed, 4 insertions(+), 1 deletion(-)
Found a gating.yaml file in the repo and it is properly configured
Building maven-shared-incremental-1.1-33.fc40 for f40-build-side-84857
Created task: 114354220
Task info: https://koji.fedoraproject.org/koji/taskinfo?taskID=114354220
Watching tasks (this may be safely interrupted)...
114354220 build (f40-build-side-84857, /rpms/maven-shared-incremental.git:b0cce61b2eff0c579b65ad38c6fab0ef73aa77ee): free
114354220 build (f40-build-side-84857, /rpms/maven-shared-incremental.git:b0cce61b2eff0c579b65ad38c6fab0ef73aa77ee): free -> assigned
114354220 build (f40-build-side-84857, /rpms/maven-shared-incremental.git:b0cce61b2eff0c579b65ad38c6fab0ef73aa77ee): assigned -> open (buildvm-s390x-01.s390.fedoraproject.org)
  114354235 buildSRPMFromSCM (/rpms/maven-shared-incremental.git:b0cce61b2eff0c579b65ad38c6fab0ef73aa77ee): free
  114354235 buildSRPMFromSCM (/rpms/maven-shared-incremental.git:b0cce61b2eff0c579b65ad38c6fab0ef73aa77ee): free -> assigned
  114354235 buildSRPMFromSCM (/rpms/maven-shared-incremental.git:b0cce61b2eff0c579b65ad38c6fab0ef73aa77ee): assigned -> open (buildvm-a64-26.iad2.fedoraproject.org)
  114354235 buildSRPMFromSCM (/rpms/maven-shared-incremental.git:b0cce61b2eff0c579b65ad38c6fab0ef73aa77ee): open (buildvm-a64-26.iad2.fedoraproject.org) -> closed
  0 free  1 open  1 done  0 failed
  114354303 buildArch (maven-shared-incremental-1.1-33.fc40.src.rpm, noarch): free
  114354303 buildArch (maven-shared-incremental-1.1-33.fc40.src.rpm, noarch): free -> assigned
  114354303 buildArch (maven-shared-incremental-1.1-33.fc40.src.rpm, noarch): assigned -> open (buildvm-s390x-01.s390.fedoraproject.org)
  114354303 buildArch (maven-shared-incremental-1.1-33.fc40.src.rpm, noarch): open (buildvm-s390x-01.s390.fedoraproject.org) -> closed
  0 free  1 open  2 done  0 failed
  114354415 tagBuild (noarch): free
  114354415 tagBuild (noarch): free -> assigned
  114354415 tagBuild (noarch): assigned -> closed
  0 free  1 open  3 done  0 failed
114354220 build (f40-build-side-84857, /rpms/maven-shared-incremental.git:b0cce61b2eff0c579b65ad38c6fab0ef73aa77ee): open (buildvm-s390x-01.s390.fedoraproject.org) -> closed
  0 free  0 open  4 done  0 failed

114354220 build (f40-build-side-84857, /rpms/maven-shared-incremental.git:b0cce61b2eff0c579b65ad38c6fab0ef73aa77ee) completed successfully
