Cloning into 'maven-resources-plugin'...
@@@@@@@@@@@@@@@@@@@@@@@@@@@@@@@@@@@@@@@@@@@@@@@@@@@@@@@@@@@
@    WARNING: REMOTE HOST IDENTIFICATION HAS CHANGED!     @
@@@@@@@@@@@@@@@@@@@@@@@@@@@@@@@@@@@@@@@@@@@@@@@@@@@@@@@@@@@
IT IS POSSIBLE THAT SOMEONE IS DOING SOMETHING NASTY!
Someone could be eavesdropping on you right now (man-in-the-middle attack)!
It is also possible that a host key has just been changed.
The fingerprint for the RSA key sent by the remote host is
SHA256:dJN0nFWBcWK7SFs2k0nnsO+XNA9+aEDY4FWO7uhxTN8.
Please contact your system administrator.
Add correct host key in /home/jvanek/.ssh/known_hosts to get rid of this message.
Offending RSA key in /home/jvanek/.ssh/known_hosts:2
Password authentication is disabled to avoid man-in-the-middle attacks.
Keyboard-interactive authentication is disabled to avoid man-in-the-middle attacks.
UpdateHostkeys is disabled because the host key is not trusted.
RPMAutoSpec usage detected, not changing the spec file.
[rawhide 842c465] Rebuilt for java-25-openjdk as preffered jdk
Found a gating.yaml file in the repo and it is properly configured
Building maven-resources-plugin-3.3.1-22.fc43 for rawhide
Created task: 135456096
Task info: https://koji.fedoraproject.org/koji/taskinfo?taskID=135456096
Watching tasks (this may be safely interrupted)...
135456096 build (rawhide, /rpms/maven-resources-plugin.git:842c46505e67e098f1b4e4dcb7618bf1da0befa2): free
135456096 build (rawhide, /rpms/maven-resources-plugin.git:842c46505e67e098f1b4e4dcb7618bf1da0befa2): free -> assigned (buildvm-x86-29.rdu3.fedoraproject.org)
135456096 build (rawhide, /rpms/maven-resources-plugin.git:842c46505e67e098f1b4e4dcb7618bf1da0befa2): assigned (buildvm-x86-29.rdu3.fedoraproject.org) -> open (buildvm-x86-29.rdu3.fedoraproject.org)
  135456130 buildSRPMFromSCM (/rpms/maven-resources-plugin.git:842c46505e67e098f1b4e4dcb7618bf1da0befa2): free
  135456130 buildSRPMFromSCM (/rpms/maven-resources-plugin.git:842c46505e67e098f1b4e4dcb7618bf1da0befa2): free -> assigned (buildhw-x86-03.rdu3.fedoraproject.org)
  135456130 buildSRPMFromSCM (/rpms/maven-resources-plugin.git:842c46505e67e098f1b4e4dcb7618bf1da0befa2): assigned (buildhw-x86-03.rdu3.fedoraproject.org) -> open (buildhw-x86-03.rdu3.fedoraproject.org)
  135456130 buildSRPMFromSCM (/rpms/maven-resources-plugin.git:842c46505e67e098f1b4e4dcb7618bf1da0befa2): open (buildhw-x86-03.rdu3.fedoraproject.org) -> closed
  0 free  1 open  1 done  0 failed
  135456180 buildArch (maven-resources-plugin-3.3.1-22.fc43.src.rpm, noarch): free
  135456180 buildArch (maven-resources-plugin-3.3.1-22.fc43.src.rpm, noarch): free -> open (buildvm-s390x-09.s390.fedoraproject.org)
  135456180 buildArch (maven-resources-plugin-3.3.1-22.fc43.src.rpm, noarch): open (buildvm-s390x-09.s390.fedoraproject.org) -> closed
  0 free  1 open  2 done  0 failed
  135456905 tagBuild (noarch): free
  135456905 tagBuild (noarch): free -> closed
  0 free  1 open  3 done  0 failed
135456096 build (rawhide, /rpms/maven-resources-plugin.git:842c46505e67e098f1b4e4dcb7618bf1da0befa2): open (buildvm-x86-29.rdu3.fedoraproject.org) -> closed
  0 free  0 open  4 done  0 failed

135456096 build (rawhide, /rpms/maven-resources-plugin.git:842c46505e67e098f1b4e4dcb7618bf1da0befa2) completed successfully
