Cloning into 'maven-clean-plugin'...
[f40 bef0755] Rebuilt for java-21-openjdk as system jdk
 1 file changed, 4 insertions(+), 1 deletion(-)
Building maven-clean-plugin-3.3.2-4.fc40 for f40-build-side-84857
Created task: 114353394
Task info: https://koji.fedoraproject.org/koji/taskinfo?taskID=114353394
Watching tasks (this may be safely interrupted)...
114353394 build (f40-build-side-84857, /rpms/maven-clean-plugin.git:bef07550c117a4921e5f625de7957b08c9eb0a13): free
114353394 build (f40-build-side-84857, /rpms/maven-clean-plugin.git:bef07550c117a4921e5f625de7957b08c9eb0a13): free -> assigned
114353394 build (f40-build-side-84857, /rpms/maven-clean-plugin.git:bef07550c117a4921e5f625de7957b08c9eb0a13): assigned -> open (buildvm-a64-35.iad2.fedoraproject.org)
  114353409 buildSRPMFromSCM (/rpms/maven-clean-plugin.git:bef07550c117a4921e5f625de7957b08c9eb0a13): free
  114353409 buildSRPMFromSCM (/rpms/maven-clean-plugin.git:bef07550c117a4921e5f625de7957b08c9eb0a13): free -> assigned
  114353409 buildSRPMFromSCM (/rpms/maven-clean-plugin.git:bef07550c117a4921e5f625de7957b08c9eb0a13): assigned -> open (buildvm-a64-11.iad2.fedoraproject.org)
  114353409 buildSRPMFromSCM (/rpms/maven-clean-plugin.git:bef07550c117a4921e5f625de7957b08c9eb0a13): open (buildvm-a64-11.iad2.fedoraproject.org) -> closed
  0 free  1 open  1 done  0 failed
  114353501 buildArch (maven-clean-plugin-3.3.2-4.fc40.src.rpm, noarch): assigned
  114353501 buildArch (maven-clean-plugin-3.3.2-4.fc40.src.rpm, noarch): assigned -> open (buildvm-s390x-05.s390.fedoraproject.org)
  114353501 buildArch (maven-clean-plugin-3.3.2-4.fc40.src.rpm, noarch): open (buildvm-s390x-05.s390.fedoraproject.org) -> closed
  0 free  1 open  2 done  0 failed
  114353606 tagBuild (noarch): free
  114353606 tagBuild (noarch): free -> assigned
114353394 build (f40-build-side-84857, /rpms/maven-clean-plugin.git:bef07550c117a4921e5f625de7957b08c9eb0a13): open (buildvm-a64-35.iad2.fedoraproject.org) -> closed
  0 free  1 open  3 done  0 failed
  114353606 tagBuild (noarch): assigned -> closed
  0 free  0 open  4 done  0 failed

114353394 build (f40-build-side-84857, /rpms/maven-clean-plugin.git:bef07550c117a4921e5f625de7957b08c9eb0a13) completed successfully
