Cloning into 'meson'...
@@@@@@@@@@@@@@@@@@@@@@@@@@@@@@@@@@@@@@@@@@@@@@@@@@@@@@@@@@@
@    WARNING: REMOTE HOST IDENTIFICATION HAS CHANGED!     @
@@@@@@@@@@@@@@@@@@@@@@@@@@@@@@@@@@@@@@@@@@@@@@@@@@@@@@@@@@@
IT IS POSSIBLE THAT SOMEONE IS DOING SOMETHING NASTY!
Someone could be eavesdropping on you right now (man-in-the-middle attack)!
It is also possible that a host key has just been changed.
The fingerprint for the RSA key sent by the remote host is
SHA256:dJN0nFWBcWK7SFs2k0nnsO+XNA9+aEDY4FWO7uhxTN8.
Please contact your system administrator.
Add correct host key in /home/jvanek/.ssh/known_hosts to get rid of this message.
Offending RSA key in /home/jvanek/.ssh/known_hosts:2
Password authentication is disabled to avoid man-in-the-middle attacks.
Keyboard-interactive authentication is disabled to avoid man-in-the-middle attacks.
UpdateHostkeys is disabled because the host key is not trusted.
RPMAutoSpec usage detected, not changing the spec file.
[rawhide 083a848] Rebuilt for java-25-openjdk as preffered jdk
 1 file changed, 1 insertion(+), 1 deletion(-)
Building meson-1.8.2-3.fc43 for rawhide
Created task: 135456488
Task info: https://koji.fedoraproject.org/koji/taskinfo?taskID=135456488
Watching tasks (this may be safely interrupted)...
135456488 build (rawhide, /rpms/meson.git:083a848a165c17439a944821a32cbc188361d89a): free
135456488 build (rawhide, /rpms/meson.git:083a848a165c17439a944821a32cbc188361d89a): free -> assigned (buildvm-ppc64le-29.rdu3.fedoraproject.org)
135456488 build (rawhide, /rpms/meson.git:083a848a165c17439a944821a32cbc188361d89a): assigned (buildvm-ppc64le-29.rdu3.fedoraproject.org) -> open (buildvm-ppc64le-29.rdu3.fedoraproject.org)
  135456527 buildSRPMFromSCM (/rpms/meson.git:083a848a165c17439a944821a32cbc188361d89a): free
  135456527 buildSRPMFromSCM (/rpms/meson.git:083a848a165c17439a944821a32cbc188361d89a): free -> open (buildvm-ppc64le-17.rdu3.fedoraproject.org)
  135456527 buildSRPMFromSCM (/rpms/meson.git:083a848a165c17439a944821a32cbc188361d89a): open (buildvm-ppc64le-17.rdu3.fedoraproject.org) -> closed
  0 free  1 open  1 done  0 failed
  135456600 buildArch (meson-1.8.2-3.fc43.src.rpm, noarch): free
  135456600 buildArch (meson-1.8.2-3.fc43.src.rpm, noarch): free -> assigned (buildvm-ppc64le-25.rdu3.fedoraproject.org)
  135456600 buildArch (meson-1.8.2-3.fc43.src.rpm, noarch): assigned (buildvm-ppc64le-25.rdu3.fedoraproject.org) -> open (buildvm-ppc64le-25.rdu3.fedoraproject.org)
  135457313 tagBuild (noarch): free
  135456600 buildArch (meson-1.8.2-3.fc43.src.rpm, noarch): open (buildvm-ppc64le-25.rdu3.fedoraproject.org) -> closed
  1 free  1 open  2 done  0 failed
  135457313 tagBuild (noarch): free -> assigned (buildvm-x86-19.rdu3.fedoraproject.org)
  135457313 tagBuild (noarch): assigned (buildvm-x86-19.rdu3.fedoraproject.org) -> closed
  0 free  1 open  3 done  0 failed
135456488 build (rawhide, /rpms/meson.git:083a848a165c17439a944821a32cbc188361d89a): open (buildvm-ppc64le-29.rdu3.fedoraproject.org) -> closed
  0 free  0 open  4 done  0 failed

135456488 build (rawhide, /rpms/meson.git:083a848a165c17439a944821a32cbc188361d89a) completed successfully
