[rawhide a8f62ba] Rebuilt for java-25-openjdk as preffered jdk
 1 file changed, 6 insertions(+), 3 deletions(-)
Building miglayout-5.3-5.fc43 for rawhide
Created task: 135398402
Task info: https://koji.fedoraproject.org/koji/taskinfo?taskID=135398402
Watching tasks (this may be safely interrupted)...
135398402 build (rawhide, /rpms/miglayout.git:a8f62ba06676c853e592b5b223bf3c8ce3412527): free
135398402 build (rawhide, /rpms/miglayout.git:a8f62ba06676c853e592b5b223bf3c8ce3412527): free -> assigned (buildvm-a64-37.rdu3.fedoraproject.org)
135398402 build (rawhide, /rpms/miglayout.git:a8f62ba06676c853e592b5b223bf3c8ce3412527): assigned (buildvm-a64-37.rdu3.fedoraproject.org) -> open (buildvm-a64-37.rdu3.fedoraproject.org)
  135398412 buildSRPMFromSCM (/rpms/miglayout.git:a8f62ba06676c853e592b5b223bf3c8ce3412527): free
  135398412 buildSRPMFromSCM (/rpms/miglayout.git:a8f62ba06676c853e592b5b223bf3c8ce3412527): free -> assigned (buildvm-x86-25.rdu3.fedoraproject.org)
  135398412 buildSRPMFromSCM (/rpms/miglayout.git:a8f62ba06676c853e592b5b223bf3c8ce3412527): assigned (buildvm-x86-25.rdu3.fedoraproject.org) -> open (buildvm-x86-25.rdu3.fedoraproject.org)
  135398448 buildArch (miglayout-5.3-5.fc43.src.rpm, noarch): assigned (buildvm-x86-24.rdu3.fedoraproject.org)
  135398412 buildSRPMFromSCM (/rpms/miglayout.git:a8f62ba06676c853e592b5b223bf3c8ce3412527): open (buildvm-x86-25.rdu3.fedoraproject.org) -> closed
  0 free  2 open  1 done  0 failed
  135398448 buildArch (miglayout-5.3-5.fc43.src.rpm, noarch): assigned (buildvm-x86-24.rdu3.fedoraproject.org) -> open (buildvm-x86-24.rdu3.fedoraproject.org)
  135398448 buildArch (miglayout-5.3-5.fc43.src.rpm, noarch): open (buildvm-x86-24.rdu3.fedoraproject.org) -> closed
  0 free  1 open  2 done  0 failed
  135398466 tagBuild (noarch): assigned (buildvm-a64-45.rdu3.fedoraproject.org)
  135398466 tagBuild (noarch): assigned (buildvm-a64-45.rdu3.fedoraproject.org) -> closed
  0 free  1 open  3 done  0 failed
135398402 build (rawhide, /rpms/miglayout.git:a8f62ba06676c853e592b5b223bf3c8ce3412527): open (buildvm-a64-37.rdu3.fedoraproject.org) -> closed
  0 free  0 open  4 done  0 failed

135398402 build (rawhide, /rpms/miglayout.git:a8f62ba06676c853e592b5b223bf3c8ce3412527) completed successfully
