Cloning into 'mockito'...
@@@@@@@@@@@@@@@@@@@@@@@@@@@@@@@@@@@@@@@@@@@@@@@@@@@@@@@@@@@
@    WARNING: REMOTE HOST IDENTIFICATION HAS CHANGED!     @
@@@@@@@@@@@@@@@@@@@@@@@@@@@@@@@@@@@@@@@@@@@@@@@@@@@@@@@@@@@
IT IS POSSIBLE THAT SOMEONE IS DOING SOMETHING NASTY!
Someone could be eavesdropping on you right now (man-in-the-middle attack)!
It is also possible that a host key has just been changed.
The fingerprint for the RSA key sent by the remote host is
SHA256:dJN0nFWBcWK7SFs2k0nnsO+XNA9+aEDY4FWO7uhxTN8.
Please contact your system administrator.
Add correct host key in /home/jvanek/.ssh/known_hosts to get rid of this message.
Offending RSA key in /home/jvanek/.ssh/known_hosts:2
Password authentication is disabled to avoid man-in-the-middle attacks.
Keyboard-interactive authentication is disabled to avoid man-in-the-middle attacks.
UpdateHostkeys is disabled because the host key is not trusted.
RPMAutoSpec usage detected, not changing the spec file.
[rawhide 5c0e881] Rebuilt for java-25-openjdk as preffered jdk
Found a gating.yaml file in the repo and it is properly configured
Building mockito-5.8.0-20.fc43 for rawhide
Created task: 135456535
Task info: https://koji.fedoraproject.org/koji/taskinfo?taskID=135456535
Watching tasks (this may be safely interrupted)...
135456535 build (rawhide, /rpms/mockito.git:5c0e88128e78313fbf7d60081aa7a17989f56583): free
135456535 build (rawhide, /rpms/mockito.git:5c0e88128e78313fbf7d60081aa7a17989f56583): free -> assigned (buildvm-a64-14.rdu3.fedoraproject.org)
135456535 build (rawhide, /rpms/mockito.git:5c0e88128e78313fbf7d60081aa7a17989f56583): assigned (buildvm-a64-14.rdu3.fedoraproject.org) -> open (buildvm-a64-14.rdu3.fedoraproject.org)
  135456555 buildSRPMFromSCM (/rpms/mockito.git:5c0e88128e78313fbf7d60081aa7a17989f56583): free
  135456555 buildSRPMFromSCM (/rpms/mockito.git:5c0e88128e78313fbf7d60081aa7a17989f56583): free -> assigned (buildvm-s390x-09.s390.fedoraproject.org)
  135456555 buildSRPMFromSCM (/rpms/mockito.git:5c0e88128e78313fbf7d60081aa7a17989f56583): assigned (buildvm-s390x-09.s390.fedoraproject.org) -> open (buildvm-s390x-09.s390.fedoraproject.org)
  135456555 buildSRPMFromSCM (/rpms/mockito.git:5c0e88128e78313fbf7d60081aa7a17989f56583): open (buildvm-s390x-09.s390.fedoraproject.org) -> closed
  0 free  1 open  1 done  0 failed
  135456977 buildArch (mockito-5.8.0-20.fc43.src.rpm, noarch): free
  135456977 buildArch (mockito-5.8.0-20.fc43.src.rpm, noarch): free -> assigned (buildvm-s390x-06.s390.fedoraproject.org)
  135456977 buildArch (mockito-5.8.0-20.fc43.src.rpm, noarch): assigned (buildvm-s390x-06.s390.fedoraproject.org) -> open (buildvm-s390x-06.s390.fedoraproject.org)
  135456977 buildArch (mockito-5.8.0-20.fc43.src.rpm, noarch): open (buildvm-s390x-06.s390.fedoraproject.org) -> closed
  0 free  1 open  2 done  0 failed
  135457309 tagBuild (noarch): free
  135457309 tagBuild (noarch): free -> open (buildvm-x86-31.rdu3.fedoraproject.org)
  135457309 tagBuild (noarch): open (buildvm-x86-31.rdu3.fedoraproject.org) -> closed
  0 free  1 open  3 done  0 failed
135456535 build (rawhide, /rpms/mockito.git:5c0e88128e78313fbf7d60081aa7a17989f56583): open (buildvm-a64-14.rdu3.fedoraproject.org) -> closed
  0 free  0 open  4 done  0 failed

135456535 build (rawhide, /rpms/mockito.git:5c0e88128e78313fbf7d60081aa7a17989f56583) completed successfully
