Cloning into 'modello'...
[f40 b342938] Rebuilt for java-21-openjdk as system jdk
 1 file changed, 4 insertions(+), 1 deletion(-)
Found a gating.yaml file in the repo and it is properly configured
warning: %patchN is deprecated (1 usages found), use %patch N (or %patch -P N)

Building modello-2.1.2-6.fc40 for f40-build-side-84857
Created task: 114354551
Task info: https://koji.fedoraproject.org/koji/taskinfo?taskID=114354551
Watching tasks (this may be safely interrupted)...
114354551 build (f40-build-side-84857, /rpms/modello.git:b3429387db5fd38bc95ee6ac19592d9ca5878eb7): free
114354551 build (f40-build-side-84857, /rpms/modello.git:b3429387db5fd38bc95ee6ac19592d9ca5878eb7): free -> assigned
114354551 build (f40-build-side-84857, /rpms/modello.git:b3429387db5fd38bc95ee6ac19592d9ca5878eb7): assigned -> open (buildvm-x86-29.iad2.fedoraproject.org)
  114354579 buildSRPMFromSCM (/rpms/modello.git:b3429387db5fd38bc95ee6ac19592d9ca5878eb7): free
  114354579 buildSRPMFromSCM (/rpms/modello.git:b3429387db5fd38bc95ee6ac19592d9ca5878eb7): free -> open (buildvm-x86-07.iad2.fedoraproject.org)
  114354579 buildSRPMFromSCM (/rpms/modello.git:b3429387db5fd38bc95ee6ac19592d9ca5878eb7): open (buildvm-x86-07.iad2.fedoraproject.org) -> closed
  0 free  1 open  1 done  0 failed
  114354607 buildArch (modello-2.1.2-6.fc40.src.rpm, noarch): open (buildvm-s390x-09.s390.fedoraproject.org)
  114354647 tagBuild (noarch): free
  114354607 buildArch (modello-2.1.2-6.fc40.src.rpm, noarch): open (buildvm-s390x-09.s390.fedoraproject.org) -> closed
  1 free  1 open  2 done  0 failed
114354551 build (f40-build-side-84857, /rpms/modello.git:b3429387db5fd38bc95ee6ac19592d9ca5878eb7): open (buildvm-x86-29.iad2.fedoraproject.org) -> closed
  1 free  0 open  3 done  0 failed
  114354647 tagBuild (noarch): free -> closed
  0 free  0 open  4 done  0 failed

114354551 build (f40-build-side-84857, /rpms/modello.git:b3429387db5fd38bc95ee6ac19592d9ca5878eb7) completed successfully
