Cloning into 'moditect'...
@@@@@@@@@@@@@@@@@@@@@@@@@@@@@@@@@@@@@@@@@@@@@@@@@@@@@@@@@@@
@    WARNING: REMOTE HOST IDENTIFICATION HAS CHANGED!     @
@@@@@@@@@@@@@@@@@@@@@@@@@@@@@@@@@@@@@@@@@@@@@@@@@@@@@@@@@@@
IT IS POSSIBLE THAT SOMEONE IS DOING SOMETHING NASTY!
Someone could be eavesdropping on you right now (man-in-the-middle attack)!
It is also possible that a host key has just been changed.
The fingerprint for the RSA key sent by the remote host is
SHA256:dJN0nFWBcWK7SFs2k0nnsO+XNA9+aEDY4FWO7uhxTN8.
Please contact your system administrator.
Add correct host key in /home/jvanek/.ssh/known_hosts to get rid of this message.
Offending RSA key in /home/jvanek/.ssh/known_hosts:2
Password authentication is disabled to avoid man-in-the-middle attacks.
Keyboard-interactive authentication is disabled to avoid man-in-the-middle attacks.
UpdateHostkeys is disabled because the host key is not trusted.
RPMAutoSpec usage detected, not changing the spec file.
[rawhide 2d70fe2] Rebuilt for java-25-openjdk as preffered jdk
Found a gating.yaml file in the repo and it is properly configured
Building moditect-1.1.0-16.fc43 for rawhide
Created task: 135456571
Task info: https://koji.fedoraproject.org/koji/taskinfo?taskID=135456571
Watching tasks (this may be safely interrupted)...
135456571 build (rawhide, /rpms/moditect.git:2d70fe20cf0a497bc5371c645c421d9974514bfb): free
135456571 build (rawhide, /rpms/moditect.git:2d70fe20cf0a497bc5371c645c421d9974514bfb): free -> assigned (buildvm-a64-37.rdu3.fedoraproject.org)
135456571 build (rawhide, /rpms/moditect.git:2d70fe20cf0a497bc5371c645c421d9974514bfb): assigned (buildvm-a64-37.rdu3.fedoraproject.org) -> open (buildvm-a64-37.rdu3.fedoraproject.org)
  135456591 buildSRPMFromSCM (/rpms/moditect.git:2d70fe20cf0a497bc5371c645c421d9974514bfb): free
  135456591 buildSRPMFromSCM (/rpms/moditect.git:2d70fe20cf0a497bc5371c645c421d9974514bfb): free -> assigned (buildvm-a64-25.rdu3.fedoraproject.org)
  135456591 buildSRPMFromSCM (/rpms/moditect.git:2d70fe20cf0a497bc5371c645c421d9974514bfb): assigned (buildvm-a64-25.rdu3.fedoraproject.org) -> open (buildvm-a64-25.rdu3.fedoraproject.org)
  135456591 buildSRPMFromSCM (/rpms/moditect.git:2d70fe20cf0a497bc5371c645c421d9974514bfb): open (buildvm-a64-25.rdu3.fedoraproject.org) -> closed
  0 free  1 open  1 done  0 failed
  135456672 buildArch (moditect-1.1.0-16.fc43.src.rpm, noarch): free
  135456672 buildArch (moditect-1.1.0-16.fc43.src.rpm, noarch): free -> assigned (buildvm-s390x-05.s390.fedoraproject.org)
  135456672 buildArch (moditect-1.1.0-16.fc43.src.rpm, noarch): assigned (buildvm-s390x-05.s390.fedoraproject.org) -> free
  135456672 buildArch (moditect-1.1.0-16.fc43.src.rpm, noarch): free -> open (buildvm-s390x-06.s390.fedoraproject.org)
  135457432 tagBuild (noarch): free
  135456672 buildArch (moditect-1.1.0-16.fc43.src.rpm, noarch): open (buildvm-s390x-06.s390.fedoraproject.org) -> closed
  1 free  1 open  2 done  0 failed
  135457432 tagBuild (noarch): free -> assigned (buildhw-a64-01.rdu3.fedoraproject.org)
  135457432 tagBuild (noarch): assigned (buildhw-a64-01.rdu3.fedoraproject.org) -> closed
  0 free  1 open  3 done  0 failed
135456571 build (rawhide, /rpms/moditect.git:2d70fe20cf0a497bc5371c645c421d9974514bfb): open (buildvm-a64-37.rdu3.fedoraproject.org) -> closed
  0 free  0 open  4 done  0 failed

135456571 build (rawhide, /rpms/moditect.git:2d70fe20cf0a497bc5371c645c421d9974514bfb) completed successfully
