Cloning into 'modulemaker-maven-plugin'...
@@@@@@@@@@@@@@@@@@@@@@@@@@@@@@@@@@@@@@@@@@@@@@@@@@@@@@@@@@@
@    WARNING: REMOTE HOST IDENTIFICATION HAS CHANGED!     @
@@@@@@@@@@@@@@@@@@@@@@@@@@@@@@@@@@@@@@@@@@@@@@@@@@@@@@@@@@@
IT IS POSSIBLE THAT SOMEONE IS DOING SOMETHING NASTY!
Someone could be eavesdropping on you right now (man-in-the-middle attack)!
It is also possible that a host key has just been changed.
The fingerprint for the RSA key sent by the remote host is
SHA256:dJN0nFWBcWK7SFs2k0nnsO+XNA9+aEDY4FWO7uhxTN8.
Please contact your system administrator.
Add correct host key in /home/jvanek/.ssh/known_hosts to get rid of this message.
Offending RSA key in /home/jvanek/.ssh/known_hosts:2
Password authentication is disabled to avoid man-in-the-middle attacks.
Keyboard-interactive authentication is disabled to avoid man-in-the-middle attacks.
UpdateHostkeys is disabled because the host key is not trusted.
RPMAutoSpec usage detected, not changing the spec file.
[rawhide 5ea8697] Rebuilt for java-25-openjdk as preffered jdk
Found a gating.yaml file in the repo and it is properly configured
Building modulemaker-maven-plugin-1.11-14.fc43 for rawhide
Created task: 135456579
Task info: https://koji.fedoraproject.org/koji/taskinfo?taskID=135456579
Watching tasks (this may be safely interrupted)...
135456579 build (rawhide, /rpms/modulemaker-maven-plugin.git:5ea8697a2208de54552c0e7d123b57da8cb0b03d): free
135456579 build (rawhide, /rpms/modulemaker-maven-plugin.git:5ea8697a2208de54552c0e7d123b57da8cb0b03d): free -> assigned (buildvm-a64-31.rdu3.fedoraproject.org)
135456579 build (rawhide, /rpms/modulemaker-maven-plugin.git:5ea8697a2208de54552c0e7d123b57da8cb0b03d): assigned (buildvm-a64-31.rdu3.fedoraproject.org) -> open (buildvm-a64-31.rdu3.fedoraproject.org)
  135456695 buildSRPMFromSCM (/rpms/modulemaker-maven-plugin.git:5ea8697a2208de54552c0e7d123b57da8cb0b03d): free
  135456695 buildSRPMFromSCM (/rpms/modulemaker-maven-plugin.git:5ea8697a2208de54552c0e7d123b57da8cb0b03d): free -> open (buildvm-x86-21.rdu3.fedoraproject.org)
  135456749 buildArch (modulemaker-maven-plugin-1.11-14.fc43.src.rpm, noarch): free
  135456695 buildSRPMFromSCM (/rpms/modulemaker-maven-plugin.git:5ea8697a2208de54552c0e7d123b57da8cb0b03d): open (buildvm-x86-21.rdu3.fedoraproject.org) -> closed
  1 free  1 open  1 done  0 failed
  135456749 buildArch (modulemaker-maven-plugin-1.11-14.fc43.src.rpm, noarch): free -> assigned (buildvm-ppc64le-16.rdu3.fedoraproject.org)
  135456749 buildArch (modulemaker-maven-plugin-1.11-14.fc43.src.rpm, noarch): assigned (buildvm-ppc64le-16.rdu3.fedoraproject.org) -> open (buildvm-ppc64le-16.rdu3.fedoraproject.org)
  135456749 buildArch (modulemaker-maven-plugin-1.11-14.fc43.src.rpm, noarch): open (buildvm-ppc64le-16.rdu3.fedoraproject.org) -> closed
  0 free  1 open  2 done  0 failed
  135456879 tagBuild (noarch): free
  135456879 tagBuild (noarch): free -> assigned (buildvm-a64-38.rdu3.fedoraproject.org)
135456579 build (rawhide, /rpms/modulemaker-maven-plugin.git:5ea8697a2208de54552c0e7d123b57da8cb0b03d): open (buildvm-a64-31.rdu3.fedoraproject.org) -> closed
  0 free  1 open  3 done  0 failed
  135456879 tagBuild (noarch): assigned (buildvm-a64-38.rdu3.fedoraproject.org) -> closed
  0 free  0 open  4 done  0 failed

135456579 build (rawhide, /rpms/modulemaker-maven-plugin.git:5ea8697a2208de54552c0e7d123b57da8cb0b03d) completed successfully
