Cloning into 'mojo-parent'...
@@@@@@@@@@@@@@@@@@@@@@@@@@@@@@@@@@@@@@@@@@@@@@@@@@@@@@@@@@@
@    WARNING: REMOTE HOST IDENTIFICATION HAS CHANGED!     @
@@@@@@@@@@@@@@@@@@@@@@@@@@@@@@@@@@@@@@@@@@@@@@@@@@@@@@@@@@@
IT IS POSSIBLE THAT SOMEONE IS DOING SOMETHING NASTY!
Someone could be eavesdropping on you right now (man-in-the-middle attack)!
It is also possible that a host key has just been changed.
The fingerprint for the RSA key sent by the remote host is
SHA256:dJN0nFWBcWK7SFs2k0nnsO+XNA9+aEDY4FWO7uhxTN8.
Please contact your system administrator.
Add correct host key in /home/jvanek/.ssh/known_hosts to get rid of this message.
Offending RSA key in /home/jvanek/.ssh/known_hosts:2
Password authentication is disabled to avoid man-in-the-middle attacks.
Keyboard-interactive authentication is disabled to avoid man-in-the-middle attacks.
UpdateHostkeys is disabled because the host key is not trusted.
RPMAutoSpec usage detected, not changing the spec file.
[rawhide 5640511] Rebuilt for java-25-openjdk as preffered jdk
Found a gating.yaml file in the repo and it is properly configured
Building mojo-parent-85-9.fc43 for rawhide
Created task: 135456641
Task info: https://koji.fedoraproject.org/koji/taskinfo?taskID=135456641
Watching tasks (this may be safely interrupted)...
135456641 build (rawhide, /rpms/mojo-parent.git:56405110883bb85baafd8d5c161ecd3adddf92de): free
135456641 build (rawhide, /rpms/mojo-parent.git:56405110883bb85baafd8d5c161ecd3adddf92de): free -> assigned (buildvm-a64-05.rdu3.fedoraproject.org)
135456641 build (rawhide, /rpms/mojo-parent.git:56405110883bb85baafd8d5c161ecd3adddf92de): assigned (buildvm-a64-05.rdu3.fedoraproject.org) -> open (buildvm-a64-05.rdu3.fedoraproject.org)
  135456661 buildSRPMFromSCM (/rpms/mojo-parent.git:56405110883bb85baafd8d5c161ecd3adddf92de): free
  135456661 buildSRPMFromSCM (/rpms/mojo-parent.git:56405110883bb85baafd8d5c161ecd3adddf92de): free -> assigned (buildvm-s390x-09.s390.fedoraproject.org)
  135456661 buildSRPMFromSCM (/rpms/mojo-parent.git:56405110883bb85baafd8d5c161ecd3adddf92de): assigned (buildvm-s390x-09.s390.fedoraproject.org) -> open (buildvm-s390x-09.s390.fedoraproject.org)
  135456661 buildSRPMFromSCM (/rpms/mojo-parent.git:56405110883bb85baafd8d5c161ecd3adddf92de): open (buildvm-s390x-09.s390.fedoraproject.org) -> closed
  0 free  1 open  1 done  0 failed
  135457061 buildArch (mojo-parent-85-9.fc43.src.rpm, noarch): free
  135457061 buildArch (mojo-parent-85-9.fc43.src.rpm, noarch): free -> assigned (buildvm-s390x-06.s390.fedoraproject.org)
  135457061 buildArch (mojo-parent-85-9.fc43.src.rpm, noarch): assigned (buildvm-s390x-06.s390.fedoraproject.org) -> open (buildvm-s390x-06.s390.fedoraproject.org)
  135457061 buildArch (mojo-parent-85-9.fc43.src.rpm, noarch): open (buildvm-s390x-06.s390.fedoraproject.org) -> closed
  0 free  1 open  2 done  0 failed
  135457382 tagBuild (noarch): free
  135457382 tagBuild (noarch): free -> assigned (buildvm-x86-18.rdu3.fedoraproject.org)
  135457382 tagBuild (noarch): assigned (buildvm-x86-18.rdu3.fedoraproject.org) -> closed
  0 free  1 open  3 done  0 failed
135456641 build (rawhide, /rpms/mojo-parent.git:56405110883bb85baafd8d5c161ecd3adddf92de): open (buildvm-a64-05.rdu3.fedoraproject.org) -> closed
  0 free  0 open  4 done  0 failed

135456641 build (rawhide, /rpms/mojo-parent.git:56405110883bb85baafd8d5c161ecd3adddf92de) completed successfully
