Cloning into 'mojo-executor'...
[rawhide ba72dbc] Rebuilt for java-21-openjdk as system jdk
 1 file changed, 4 insertions(+), 1 deletion(-)
Building mojo-executor-2.4.0-9.fc41 for f41-build-side-84507
Created task: 114138348
Task info: https://koji.fedoraproject.org/koji/taskinfo?taskID=114138348
Watching tasks (this may be safely interrupted)...
114138348 build (f41-build-side-84507, /rpms/mojo-executor.git:ba72dbc7768ee0f571cf5e8dc97259e488248304): free
114138348 build (f41-build-side-84507, /rpms/mojo-executor.git:ba72dbc7768ee0f571cf5e8dc97259e488248304): free -> assigned
114138348 build (f41-build-side-84507, /rpms/mojo-executor.git:ba72dbc7768ee0f571cf5e8dc97259e488248304): assigned -> open (buildvm-s390x-08.s390.fedoraproject.org)
  114138353 buildSRPMFromSCM (/rpms/mojo-executor.git:ba72dbc7768ee0f571cf5e8dc97259e488248304): free
  114138353 buildSRPMFromSCM (/rpms/mojo-executor.git:ba72dbc7768ee0f571cf5e8dc97259e488248304): free -> assigned
  114138353 buildSRPMFromSCM (/rpms/mojo-executor.git:ba72dbc7768ee0f571cf5e8dc97259e488248304): assigned -> open (buildvm-x86-22.iad2.fedoraproject.org)
  114138353 buildSRPMFromSCM (/rpms/mojo-executor.git:ba72dbc7768ee0f571cf5e8dc97259e488248304): open (buildvm-x86-22.iad2.fedoraproject.org) -> closed
  0 free  1 open  1 done  0 failed
  114138525 buildArch (mojo-executor-2.4.0-9.fc41.src.rpm, noarch): free
  114138525 buildArch (mojo-executor-2.4.0-9.fc41.src.rpm, noarch): free -> assigned
  114138525 buildArch (mojo-executor-2.4.0-9.fc41.src.rpm, noarch): assigned -> open (buildhw-x86-03.iad2.fedoraproject.org)
  114138639 tagBuild (noarch): free
  114138525 buildArch (mojo-executor-2.4.0-9.fc41.src.rpm, noarch): open (buildhw-x86-03.iad2.fedoraproject.org) -> closed
  1 free  1 open  2 done  0 failed
  114138639 tagBuild (noarch): free -> assigned
  114138639 tagBuild (noarch): assigned -> closed
  0 free  1 open  3 done  0 failed
114138348 build (f41-build-side-84507, /rpms/mojo-executor.git:ba72dbc7768ee0f571cf5e8dc97259e488248304): open (buildvm-s390x-08.s390.fedoraproject.org) -> closed
  0 free  0 open  4 done  0 failed

114138348 build (f41-build-side-84507, /rpms/mojo-executor.git:ba72dbc7768ee0f571cf5e8dc97259e488248304) completed successfully
