Cloning into 'munge-maven-plugin'...
[rawhide 3566d7f] Rebuilt for java-17-openjdk as system jdk
 1 file changed, 4 insertions(+), 1 deletion(-)
Building munge-maven-plugin-1.0-24.fc36 for f36-java17
Created task: 82432199
Task info: https://koji.fedoraproject.org/koji/taskinfo?taskID=82432199
Watching tasks (this may be safely interrupted)...
82432199 build (f36-java17, /rpms/munge-maven-plugin.git:3566d7f1318e62a97b717e6da42256982bc7d8eb): open (buildvm-a32-16.iad2.fedoraproject.org)
  82432200 buildSRPMFromSCM (/rpms/munge-maven-plugin.git:3566d7f1318e62a97b717e6da42256982bc7d8eb): free
  82432200 buildSRPMFromSCM (/rpms/munge-maven-plugin.git:3566d7f1318e62a97b717e6da42256982bc7d8eb): free -> open (buildvm-ppc64le-08.iad2.fedoraproject.org)
  82432200 buildSRPMFromSCM (/rpms/munge-maven-plugin.git:3566d7f1318e62a97b717e6da42256982bc7d8eb): open (buildvm-ppc64le-08.iad2.fedoraproject.org) -> closed
  0 free  1 open  1 done  0 failed
  82432248 buildArch (munge-maven-plugin-1.0-24.fc36.src.rpm, noarch): free
  82432248 buildArch (munge-maven-plugin-1.0-24.fc36.src.rpm, noarch): free -> open (buildvm-x86-15.iad2.fedoraproject.org)
  82432248 buildArch (munge-maven-plugin-1.0-24.fc36.src.rpm, noarch): open (buildvm-x86-15.iad2.fedoraproject.org) -> closed
  0 free  1 open  2 done  0 failed
  82432318 tagBuild (noarch): closed
82432199 build (f36-java17, /rpms/munge-maven-plugin.git:3566d7f1318e62a97b717e6da42256982bc7d8eb): open (buildvm-a32-16.iad2.fedoraproject.org) -> closed
  0 free  0 open  4 done  0 failed

82432199 build (f36-java17, /rpms/munge-maven-plugin.git:3566d7f1318e62a97b717e6da42256982bc7d8eb) completed successfully
