Cloning into 'mxparser'...
[f40 f773d62] Rebuilt for java-21-openjdk as system jdk
 1 file changed, 4 insertions(+), 1 deletion(-)
Building mxparser-1.2.2-10.fc40 for f40-build-side-84857
Created task: 114354605
Task info: https://koji.fedoraproject.org/koji/taskinfo?taskID=114354605
Watching tasks (this may be safely interrupted)...
114354605 build (f40-build-side-84857, /rpms/mxparser.git:f773d62a4b363ac7e529e768f051afcadb42b3ab): free
114354605 build (f40-build-side-84857, /rpms/mxparser.git:f773d62a4b363ac7e529e768f051afcadb42b3ab): free -> assigned
114354605 build (f40-build-side-84857, /rpms/mxparser.git:f773d62a4b363ac7e529e768f051afcadb42b3ab): assigned -> open (buildvm-x86-22.iad2.fedoraproject.org)
  114354619 buildSRPMFromSCM (/rpms/mxparser.git:f773d62a4b363ac7e529e768f051afcadb42b3ab): free
  114354619 buildSRPMFromSCM (/rpms/mxparser.git:f773d62a4b363ac7e529e768f051afcadb42b3ab): free -> assigned
  114354619 buildSRPMFromSCM (/rpms/mxparser.git:f773d62a4b363ac7e529e768f051afcadb42b3ab): assigned -> open (buildvm-a64-23.iad2.fedoraproject.org)
  114354619 buildSRPMFromSCM (/rpms/mxparser.git:f773d62a4b363ac7e529e768f051afcadb42b3ab): open (buildvm-a64-23.iad2.fedoraproject.org) -> closed
  0 free  1 open  1 done  0 failed
  114354712 buildArch (mxparser-1.2.2-10.fc40.src.rpm, noarch): free
  114354712 buildArch (mxparser-1.2.2-10.fc40.src.rpm, noarch): free -> assigned
  114354712 buildArch (mxparser-1.2.2-10.fc40.src.rpm, noarch): assigned -> open (buildvm-s390x-05.s390.fedoraproject.org)
  114354712 buildArch (mxparser-1.2.2-10.fc40.src.rpm, noarch): open (buildvm-s390x-05.s390.fedoraproject.org) -> closed
  0 free  1 open  2 done  0 failed
  114354842 tagBuild (noarch): free
  114354842 tagBuild (noarch): free -> assigned
  114354842 tagBuild (noarch): assigned -> open (buildvm-a64-21.iad2.fedoraproject.org)
  114354842 tagBuild (noarch): open (buildvm-a64-21.iad2.fedoraproject.org) -> closed
  0 free  1 open  3 done  0 failed
114354605 build (f40-build-side-84857, /rpms/mxparser.git:f773d62a4b363ac7e529e768f051afcadb42b3ab): open (buildvm-x86-22.iad2.fedoraproject.org) -> closed
  0 free  0 open  4 done  0 failed

114354605 build (f40-build-side-84857, /rpms/mxparser.git:f773d62a4b363ac7e529e768f051afcadb42b3ab) completed successfully
