Cloning into 'mysql-connector-java'...
[rawhide 4cf95cc] Rebuilt for java-21-openjdk as system jdk
 1 file changed, 4 insertions(+), 1 deletion(-)
Found a gating.yaml file in the repo and it is properly configured
Building mysql-connector-java-8.0.30-6.fc41 for f41-build-side-84507
Created task: 114138546
Task info: https://koji.fedoraproject.org/koji/taskinfo?taskID=114138546
Watching tasks (this may be safely interrupted)...
114138546 build (f41-build-side-84507, /rpms/mysql-connector-java.git:4cf95cc174a3b7390abf6f0d758e4494bfbf3c37): free
114138546 build (f41-build-side-84507, /rpms/mysql-connector-java.git:4cf95cc174a3b7390abf6f0d758e4494bfbf3c37): free -> assigned
114138546 build (f41-build-side-84507, /rpms/mysql-connector-java.git:4cf95cc174a3b7390abf6f0d758e4494bfbf3c37): assigned -> open (buildvm-s390x-08.s390.fedoraproject.org)
  114138570 buildSRPMFromSCM (/rpms/mysql-connector-java.git:4cf95cc174a3b7390abf6f0d758e4494bfbf3c37): free
  114138570 buildSRPMFromSCM (/rpms/mysql-connector-java.git:4cf95cc174a3b7390abf6f0d758e4494bfbf3c37): free -> assigned
  114138570 buildSRPMFromSCM (/rpms/mysql-connector-java.git:4cf95cc174a3b7390abf6f0d758e4494bfbf3c37): assigned -> open (buildvm-a64-28.iad2.fedoraproject.org)
  114138570 buildSRPMFromSCM (/rpms/mysql-connector-java.git:4cf95cc174a3b7390abf6f0d758e4494bfbf3c37): open (buildvm-a64-28.iad2.fedoraproject.org) -> closed
  0 free  1 open  1 done  0 failed
  114138756 buildArch (mysql-connector-java-8.0.30-6.fc41.src.rpm, noarch): free
  114138756 buildArch (mysql-connector-java-8.0.30-6.fc41.src.rpm, noarch): free -> assigned
  114138756 buildArch (mysql-connector-java-8.0.30-6.fc41.src.rpm, noarch): assigned -> open (buildhw-a64-22.iad2.fedoraproject.org)
  114138756 buildArch (mysql-connector-java-8.0.30-6.fc41.src.rpm, noarch): open (buildhw-a64-22.iad2.fedoraproject.org) -> closed
  0 free  1 open  2 done  0 failed
  114138981 tagBuild (noarch): free
  114138981 tagBuild (noarch): free -> closed
  0 free  1 open  3 done  0 failed
114138546 build (f41-build-side-84507, /rpms/mysql-connector-java.git:4cf95cc174a3b7390abf6f0d758e4494bfbf3c37): open (buildvm-s390x-08.s390.fedoraproject.org) -> closed
  0 free  0 open  4 done  0 failed

114138546 build (f41-build-side-84507, /rpms/mysql-connector-java.git:4cf95cc174a3b7390abf6f0d758e4494bfbf3c37) completed successfully
