Cloning into 'naga'...
[f40 f3e4453] Rebuilt for java-21-openjdk as system jdk
 1 file changed, 4 insertions(+), 1 deletion(-)
Building naga-3.0-26.20200930git6f1e95d.fc40 for f40-build-side-84857
Created task: 114354670
Task info: https://koji.fedoraproject.org/koji/taskinfo?taskID=114354670
Watching tasks (this may be safely interrupted)...
114354670 build (f40-build-side-84857, /rpms/naga.git:f3e445393984d2ac083793ffd4601bf06bd50ed2): free
114354670 build (f40-build-side-84857, /rpms/naga.git:f3e445393984d2ac083793ffd4601bf06bd50ed2): free -> assigned
114354670 build (f40-build-side-84857, /rpms/naga.git:f3e445393984d2ac083793ffd4601bf06bd50ed2): assigned -> open (buildvm-a64-28.iad2.fedoraproject.org)
  114354697 buildSRPMFromSCM (/rpms/naga.git:f3e445393984d2ac083793ffd4601bf06bd50ed2): free
  114354697 buildSRPMFromSCM (/rpms/naga.git:f3e445393984d2ac083793ffd4601bf06bd50ed2): free -> open (buildvm-a64-11.iad2.fedoraproject.org)
  114354697 buildSRPMFromSCM (/rpms/naga.git:f3e445393984d2ac083793ffd4601bf06bd50ed2): open (buildvm-a64-11.iad2.fedoraproject.org) -> closed
  0 free  1 open  1 done  0 failed
  114354809 buildArch (naga-3.0-26.20200930git6f1e95d.fc40.src.rpm, noarch): free
  114354809 buildArch (naga-3.0-26.20200930git6f1e95d.fc40.src.rpm, noarch): free -> assigned
  114354809 buildArch (naga-3.0-26.20200930git6f1e95d.fc40.src.rpm, noarch): assigned -> open (buildvm-a64-23.iad2.fedoraproject.org)
  114354866 tagBuild (noarch): free
  114354809 buildArch (naga-3.0-26.20200930git6f1e95d.fc40.src.rpm, noarch): open (buildvm-a64-23.iad2.fedoraproject.org) -> closed
  1 free  1 open  2 done  0 failed
  114354866 tagBuild (noarch): free -> closed
  0 free  1 open  3 done  0 failed
114354670 build (f40-build-side-84857, /rpms/naga.git:f3e445393984d2ac083793ffd4601bf06bd50ed2): open (buildvm-a64-28.iad2.fedoraproject.org) -> closed
  0 free  0 open  4 done  0 failed

114354670 build (f40-build-side-84857, /rpms/naga.git:f3e445393984d2ac083793ffd4601bf06bd50ed2) completed successfully
