Cloning into 'nom-tam-fits'...
@@@@@@@@@@@@@@@@@@@@@@@@@@@@@@@@@@@@@@@@@@@@@@@@@@@@@@@@@@@
@    WARNING: REMOTE HOST IDENTIFICATION HAS CHANGED!     @
@@@@@@@@@@@@@@@@@@@@@@@@@@@@@@@@@@@@@@@@@@@@@@@@@@@@@@@@@@@
IT IS POSSIBLE THAT SOMEONE IS DOING SOMETHING NASTY!
Someone could be eavesdropping on you right now (man-in-the-middle attack)!
It is also possible that a host key has just been changed.
The fingerprint for the RSA key sent by the remote host is
SHA256:dJN0nFWBcWK7SFs2k0nnsO+XNA9+aEDY4FWO7uhxTN8.
Please contact your system administrator.
Add correct host key in /home/jvanek/.ssh/known_hosts to get rid of this message.
Offending RSA key in /home/jvanek/.ssh/known_hosts:2
Password authentication is disabled to avoid man-in-the-middle attacks.
Keyboard-interactive authentication is disabled to avoid man-in-the-middle attacks.
UpdateHostkeys is disabled because the host key is not trusted.
RPMAutoSpec usage detected, not changing the spec file.
[rawhide 60ebaca] Rebuilt for java-25-openjdk as preffered jdk
 1 file changed, 1 insertion(+), 1 deletion(-)
Building nom-tam-fits-1.15.2-26.fc43 for rawhide
Created task: 135456742
Task info: https://koji.fedoraproject.org/koji/taskinfo?taskID=135456742
Watching tasks (this may be safely interrupted)...
135456742 build (rawhide, /rpms/nom-tam-fits.git:60ebacaae8b9cb29443df8cbe11834b0fec1ced2): free
135456742 build (rawhide, /rpms/nom-tam-fits.git:60ebacaae8b9cb29443df8cbe11834b0fec1ced2): free -> assigned (buildvm-a64-17.rdu3.fedoraproject.org)
135456742 build (rawhide, /rpms/nom-tam-fits.git:60ebacaae8b9cb29443df8cbe11834b0fec1ced2): assigned (buildvm-a64-17.rdu3.fedoraproject.org) -> open (buildvm-a64-17.rdu3.fedoraproject.org)
  135456761 waitrepo (f43-build, ): free
  135456761 waitrepo (f43-build, ): free -> open (buildvm-x86-16.rdu3.fedoraproject.org)
  135456761 waitrepo (f43-build, ): open (buildvm-x86-16.rdu3.fedoraproject.org) -> closed
  0 free  1 open  1 done  0 failed
  135456960 buildSRPMFromSCM (/rpms/nom-tam-fits.git:60ebacaae8b9cb29443df8cbe11834b0fec1ced2): free
  135456960 buildSRPMFromSCM (/rpms/nom-tam-fits.git:60ebacaae8b9cb29443df8cbe11834b0fec1ced2): free -> assigned (buildvm-ppc64le-14.rdu3.fedoraproject.org)
  135456960 buildSRPMFromSCM (/rpms/nom-tam-fits.git:60ebacaae8b9cb29443df8cbe11834b0fec1ced2): assigned (buildvm-ppc64le-14.rdu3.fedoraproject.org) -> open (buildvm-ppc64le-14.rdu3.fedoraproject.org)
  135456960 buildSRPMFromSCM (/rpms/nom-tam-fits.git:60ebacaae8b9cb29443df8cbe11834b0fec1ced2): open (buildvm-ppc64le-14.rdu3.fedoraproject.org) -> closed
  0 free  1 open  2 done  0 failed
  135457076 buildArch (nom-tam-fits-1.15.2-26.fc43.src.rpm, noarch): free
  135457076 buildArch (nom-tam-fits-1.15.2-26.fc43.src.rpm, noarch): free -> assigned (buildvm-a64-45.rdu3.fedoraproject.org)
  135457076 buildArch (nom-tam-fits-1.15.2-26.fc43.src.rpm, noarch): assigned (buildvm-a64-45.rdu3.fedoraproject.org) -> open (buildvm-a64-45.rdu3.fedoraproject.org)
  135457076 buildArch (nom-tam-fits-1.15.2-26.fc43.src.rpm, noarch): open (buildvm-a64-45.rdu3.fedoraproject.org) -> closed
  0 free  1 open  3 done  0 failed
  135457164 tagBuild (noarch): free
  135457164 tagBuild (noarch): free -> assigned (buildvm-ppc64le-15.rdu3.fedoraproject.org)
  135457164 tagBuild (noarch): assigned (buildvm-ppc64le-15.rdu3.fedoraproject.org) -> closed
  0 free  1 open  4 done  0 failed
135456742 build (rawhide, /rpms/nom-tam-fits.git:60ebacaae8b9cb29443df8cbe11834b0fec1ced2): open (buildvm-a64-17.rdu3.fedoraproject.org) -> closed
  0 free  0 open  5 done  0 failed

135456742 build (rawhide, /rpms/nom-tam-fits.git:60ebacaae8b9cb29443df8cbe11834b0fec1ced2) completed successfully
