Cloning into 'objectweb-asm'...
[rawhide 5dc6bf7] Rebuilt for java-21-openjdk as system jdk
 1 file changed, 4 insertions(+), 1 deletion(-)
Found a gating.yaml file in the repo and it is properly configured
Building objectweb-asm-9.6-5.fc41 for f41-build-side-84507
Created task: 114138670
Task info: https://koji.fedoraproject.org/koji/taskinfo?taskID=114138670
Watching tasks (this may be safely interrupted)...
114138670 build (f41-build-side-84507, /rpms/objectweb-asm.git:5dc6bf7550ee4bd2a59e5e876fa272e33006bd60): free
114138670 build (f41-build-side-84507, /rpms/objectweb-asm.git:5dc6bf7550ee4bd2a59e5e876fa272e33006bd60): free -> open (buildvm-ppc64le-13.iad2.fedoraproject.org)
  114138671 buildSRPMFromSCM (/rpms/objectweb-asm.git:5dc6bf7550ee4bd2a59e5e876fa272e33006bd60): free
  114138671 buildSRPMFromSCM (/rpms/objectweb-asm.git:5dc6bf7550ee4bd2a59e5e876fa272e33006bd60): free -> assigned
  114138671 buildSRPMFromSCM (/rpms/objectweb-asm.git:5dc6bf7550ee4bd2a59e5e876fa272e33006bd60): assigned -> open (buildvm-x86-22.iad2.fedoraproject.org)
  114138671 buildSRPMFromSCM (/rpms/objectweb-asm.git:5dc6bf7550ee4bd2a59e5e876fa272e33006bd60): open (buildvm-x86-22.iad2.fedoraproject.org) -> closed
  0 free  1 open  1 done  0 failed
  114138861 buildArch (objectweb-asm-9.6-5.fc41.src.rpm, noarch): free
  114138861 buildArch (objectweb-asm-9.6-5.fc41.src.rpm, noarch): free -> assigned
  114138861 buildArch (objectweb-asm-9.6-5.fc41.src.rpm, noarch): assigned -> open (buildhw-x86-06.iad2.fedoraproject.org)
  114138861 buildArch (objectweb-asm-9.6-5.fc41.src.rpm, noarch): open (buildhw-x86-06.iad2.fedoraproject.org) -> closed
  0 free  1 open  2 done  0 failed
  114139023 tagBuild (noarch): free
  114139023 tagBuild (noarch): free -> assigned
  114139023 tagBuild (noarch): assigned -> closed
  0 free  1 open  3 done  0 failed
114138670 build (f41-build-side-84507, /rpms/objectweb-asm.git:5dc6bf7550ee4bd2a59e5e876fa272e33006bd60): open (buildvm-ppc64le-13.iad2.fedoraproject.org) -> closed
  0 free  0 open  4 done  0 failed

114138670 build (f41-build-side-84507, /rpms/objectweb-asm.git:5dc6bf7550ee4bd2a59e5e876fa272e33006bd60) completed successfully
