Cloning into 'objenesis'...
[f40 345d50a] Rebuilt for java-21-openjdk as system jdk
 1 file changed, 4 insertions(+), 1 deletion(-)
Found a gating.yaml file in the repo and it is properly configured
Building objenesis-3.3-9.fc40 for f40-build-side-84857
Created task: 114354810
Task info: https://koji.fedoraproject.org/koji/taskinfo?taskID=114354810
Watching tasks (this may be safely interrupted)...
114354810 build (f40-build-side-84857, /rpms/objenesis.git:345d50ac50a247d40ac17bd3a74dff9e04093c97): free
114354810 build (f40-build-side-84857, /rpms/objenesis.git:345d50ac50a247d40ac17bd3a74dff9e04093c97): free -> assigned
114354810 build (f40-build-side-84857, /rpms/objenesis.git:345d50ac50a247d40ac17bd3a74dff9e04093c97): assigned -> open (buildvm-a64-25.iad2.fedoraproject.org)
  114354837 buildSRPMFromSCM (/rpms/objenesis.git:345d50ac50a247d40ac17bd3a74dff9e04093c97): free
  114354837 buildSRPMFromSCM (/rpms/objenesis.git:345d50ac50a247d40ac17bd3a74dff9e04093c97): free -> assigned
  114354837 buildSRPMFromSCM (/rpms/objenesis.git:345d50ac50a247d40ac17bd3a74dff9e04093c97): assigned -> open (buildvm-a64-14.iad2.fedoraproject.org)
  114354837 buildSRPMFromSCM (/rpms/objenesis.git:345d50ac50a247d40ac17bd3a74dff9e04093c97): open (buildvm-a64-14.iad2.fedoraproject.org) -> closed
  0 free  1 open  1 done  0 failed
  114354910 buildArch (objenesis-3.3-9.fc40.src.rpm, noarch): free
  114354910 buildArch (objenesis-3.3-9.fc40.src.rpm, noarch): free -> assigned
  114354910 buildArch (objenesis-3.3-9.fc40.src.rpm, noarch): assigned -> open (buildvm-s390x-01.s390.fedoraproject.org)
  114354910 buildArch (objenesis-3.3-9.fc40.src.rpm, noarch): open (buildvm-s390x-01.s390.fedoraproject.org) -> closed
  0 free  1 open  2 done  0 failed
  114354965 tagBuild (noarch): free
  114354965 tagBuild (noarch): free -> assigned
  114354965 tagBuild (noarch): assigned -> closed
  0 free  1 open  3 done  0 failed
114354810 build (f40-build-side-84857, /rpms/objenesis.git:345d50ac50a247d40ac17bd3a74dff9e04093c97): open (buildvm-a64-25.iad2.fedoraproject.org) -> closed
  0 free  0 open  4 done  0 failed

114354810 build (f40-build-side-84857, /rpms/objenesis.git:345d50ac50a247d40ac17bd3a74dff9e04093c97) completed successfully
