Cloning into 'ocaml-atd'...
[rawhide 624bb37] Rebuilt for java-17-openjdk as system jdk
 1 file changed, 4 insertions(+), 1 deletion(-)
Building ocaml-atd-2.2.1-6.fc36 for f36-java17
Created task: 82432394
Task info: https://koji.fedoraproject.org/koji/taskinfo?taskID=82432394
Watching tasks (this may be safely interrupted)...
82432394 build (f36-java17, /rpms/ocaml-atd.git:624bb37f51426c810b9404fbbd74f0edbe672924): free
82432394 build (f36-java17, /rpms/ocaml-atd.git:624bb37f51426c810b9404fbbd74f0edbe672924): free -> open (buildvm-a64-10.iad2.fedoraproject.org)
  82432411 buildSRPMFromSCM (/rpms/ocaml-atd.git:624bb37f51426c810b9404fbbd74f0edbe672924): free
  82432411 buildSRPMFromSCM (/rpms/ocaml-atd.git:624bb37f51426c810b9404fbbd74f0edbe672924): free -> open (buildvm-ppc64le-33.iad2.fedoraproject.org)
  82432411 buildSRPMFromSCM (/rpms/ocaml-atd.git:624bb37f51426c810b9404fbbd74f0edbe672924): open (buildvm-ppc64le-33.iad2.fedoraproject.org) -> closed
  0 free  1 open  1 done  0 failed
  82432576 buildArch (ocaml-atd-2.2.1-6.fc36.src.rpm, armv7hl): free
  82432577 buildArch (ocaml-atd-2.2.1-6.fc36.src.rpm, i686): free
  82432578 buildArch (ocaml-atd-2.2.1-6.fc36.src.rpm, x86_64): free
  82432579 buildArch (ocaml-atd-2.2.1-6.fc36.src.rpm, aarch64): free
  82432580 buildArch (ocaml-atd-2.2.1-6.fc36.src.rpm, ppc64le): free
  82432581 buildArch (ocaml-atd-2.2.1-6.fc36.src.rpm, s390x): free
  82432576 buildArch (ocaml-atd-2.2.1-6.fc36.src.rpm, armv7hl): free -> open (buildvm-a32-09.iad2.fedoraproject.org)
  82432577 buildArch (ocaml-atd-2.2.1-6.fc36.src.rpm, i686): free -> open (buildhw-x86-10.iad2.fedoraproject.org)
  82432578 buildArch (ocaml-atd-2.2.1-6.fc36.src.rpm, x86_64): free -> open (buildvm-x86-18.iad2.fedoraproject.org)
  82432579 buildArch (ocaml-atd-2.2.1-6.fc36.src.rpm, aarch64): free -> open (buildvm-a64-21.iad2.fedoraproject.org)
  82432581 buildArch (ocaml-atd-2.2.1-6.fc36.src.rpm, s390x): free -> open (buildvm-s390x-07.s390.fedoraproject.org)
  82432581 buildArch (ocaml-atd-2.2.1-6.fc36.src.rpm, s390x): open (buildvm-s390x-07.s390.fedoraproject.org) -> closed
  1 free  5 open  2 done  0 failed
  82432577 buildArch (ocaml-atd-2.2.1-6.fc36.src.rpm, i686): open (buildhw-x86-10.iad2.fedoraproject.org) -> closed
  1 free  4 open  3 done  0 failed
  82432580 buildArch (ocaml-atd-2.2.1-6.fc36.src.rpm, ppc64le): free -> open (buildvm-ppc64le-27.iad2.fedoraproject.org)
  82432578 buildArch (ocaml-atd-2.2.1-6.fc36.src.rpm, x86_64): open (buildvm-x86-18.iad2.fedoraproject.org) -> closed
  0 free  4 open  4 done  0 failed
  82432579 buildArch (ocaml-atd-2.2.1-6.fc36.src.rpm, aarch64): open (buildvm-a64-21.iad2.fedoraproject.org) -> closed
  0 free  3 open  5 done  0 failed
  82432576 buildArch (ocaml-atd-2.2.1-6.fc36.src.rpm, armv7hl): open (buildvm-a32-09.iad2.fedoraproject.org) -> closed
  0 free  2 open  6 done  0 failed
  82432580 buildArch (ocaml-atd-2.2.1-6.fc36.src.rpm, ppc64le): open (buildvm-ppc64le-27.iad2.fedoraproject.org) -> closed
  0 free  1 open  7 done  0 failed
  82432716 tagBuild (noarch): free
  82432716 tagBuild (noarch): free -> closed
  0 free  1 open  8 done  0 failed
82432394 build (f36-java17, /rpms/ocaml-atd.git:624bb37f51426c810b9404fbbd74f0edbe672924): open (buildvm-a64-10.iad2.fedoraproject.org) -> closed
  0 free  0 open  9 done  0 failed

82432394 build (f36-java17, /rpms/ocaml-atd.git:624bb37f51426c810b9404fbbd74f0edbe672924) completed successfully
