Cloning into 'octave'...
[rawhide 908222a] Rebuilt for java-21-openjdk as system jdk
 1 file changed, 4 insertions(+), 1 deletion(-)
warning: Macro expanded in comment on line 46: %{version}%{?rctag}.tar.lz

warning: line 157: Possible unexpanded macro in: Requires:       hdf5 = %{_hdf5_version}

Building octave-8.4.0-7.fc41 for f41-build-side-84507
Created task: 114138774
Task info: https://koji.fedoraproject.org/koji/taskinfo?taskID=114138774
Watching tasks (this may be safely interrupted)...
114138774 build (f41-build-side-84507, /rpms/octave.git:908222a8ad22af64bc04ec6c8b4d2bc8c1142b10): free
114138774 build (f41-build-side-84507, /rpms/octave.git:908222a8ad22af64bc04ec6c8b4d2bc8c1142b10): free -> assigned
114138774 build (f41-build-side-84507, /rpms/octave.git:908222a8ad22af64bc04ec6c8b4d2bc8c1142b10): assigned -> open (buildvm-ppc64le-10.iad2.fedoraproject.org)
  114138868 buildSRPMFromSCM (/rpms/octave.git:908222a8ad22af64bc04ec6c8b4d2bc8c1142b10): free
  114138868 buildSRPMFromSCM (/rpms/octave.git:908222a8ad22af64bc04ec6c8b4d2bc8c1142b10): free -> assigned
  114138868 buildSRPMFromSCM (/rpms/octave.git:908222a8ad22af64bc04ec6c8b4d2bc8c1142b10): assigned -> open (buildvm-a64-29.iad2.fedoraproject.org)
  114138868 buildSRPMFromSCM (/rpms/octave.git:908222a8ad22af64bc04ec6c8b4d2bc8c1142b10): open (buildvm-a64-29.iad2.fedoraproject.org) -> closed
  0 free  1 open  1 done  0 failed
  114139101 buildArch (octave-8.4.0-7.fc41.src.rpm, ppc64le): free
  114139098 buildArch (octave-8.4.0-7.fc41.src.rpm, i686): free
  114139099 buildArch (octave-8.4.0-7.fc41.src.rpm, x86_64): free
  114139100 buildArch (octave-8.4.0-7.fc41.src.rpm, aarch64): free
  114139102 buildArch (octave-8.4.0-7.fc41.src.rpm, s390x): free
  114139101 buildArch (octave-8.4.0-7.fc41.src.rpm, ppc64le): free -> assigned
  114139098 buildArch (octave-8.4.0-7.fc41.src.rpm, i686): free -> assigned
  114139099 buildArch (octave-8.4.0-7.fc41.src.rpm, x86_64): free -> assigned
  114139100 buildArch (octave-8.4.0-7.fc41.src.rpm, aarch64): free -> open (buildhw-a64-22.iad2.fedoraproject.org)
  114139102 buildArch (octave-8.4.0-7.fc41.src.rpm, s390x): free -> open (buildvm-s390x-07.s390.fedoraproject.org)
  114139101 buildArch (octave-8.4.0-7.fc41.src.rpm, ppc64le): assigned -> open (buildvm-ppc64le-06.iad2.fedoraproject.org)
  114139098 buildArch (octave-8.4.0-7.fc41.src.rpm, i686): assigned -> open (buildhw-x86-03.iad2.fedoraproject.org)
  114139099 buildArch (octave-8.4.0-7.fc41.src.rpm, x86_64): assigned -> open (buildhw-x86-06.iad2.fedoraproject.org)
  114139099 buildArch (octave-8.4.0-7.fc41.src.rpm, x86_64): open (buildhw-x86-06.iad2.fedoraproject.org) -> closed
  0 free  5 open  2 done  0 failed
  114139098 buildArch (octave-8.4.0-7.fc41.src.rpm, i686): open (buildhw-x86-03.iad2.fedoraproject.org) -> closed
  0 free  4 open  3 done  0 failed
  114139100 buildArch (octave-8.4.0-7.fc41.src.rpm, aarch64): open (buildhw-a64-22.iad2.fedoraproject.org) -> closed
  0 free  3 open  4 done  0 failed
  114139101 buildArch (octave-8.4.0-7.fc41.src.rpm, ppc64le): open (buildvm-ppc64le-06.iad2.fedoraproject.org) -> closed
  0 free  2 open  5 done  0 failed
  114139102 buildArch (octave-8.4.0-7.fc41.src.rpm, s390x): open (buildvm-s390x-07.s390.fedoraproject.org) -> closed
  0 free  1 open  6 done  0 failed
  114145259 tagBuild (noarch): free
  114145259 tagBuild (noarch): free -> assigned
  114145259 tagBuild (noarch): assigned -> closed
  0 free  1 open  7 done  0 failed
114138774 build (f41-build-side-84507, /rpms/octave.git:908222a8ad22af64bc04ec6c8b4d2bc8c1142b10): open (buildvm-ppc64le-10.iad2.fedoraproject.org) -> closed
  0 free  0 open  8 done  0 failed

114138774 build (f41-build-side-84507, /rpms/octave.git:908222a8ad22af64bc04ec6c8b4d2bc8c1142b10) completed successfully
