Cloning into 'ongres-stringprep'...
[rawhide f1c9f29] Rebuilt for java-21-openjdk as system jdk
 1 file changed, 4 insertions(+), 1 deletion(-)
Building ongres-stringprep-1.1-11.fc41 for f41-build-side-84507
Created task: 114138878
Task info: https://koji.fedoraproject.org/koji/taskinfo?taskID=114138878
Watching tasks (this may be safely interrupted)...
114138878 build (f41-build-side-84507, /rpms/ongres-stringprep.git:f1c9f299476b7ff88141713ed5336a20b27faaf1): free
114138878 build (f41-build-side-84507, /rpms/ongres-stringprep.git:f1c9f299476b7ff88141713ed5336a20b27faaf1): free -> assigned
114138878 build (f41-build-side-84507, /rpms/ongres-stringprep.git:f1c9f299476b7ff88141713ed5336a20b27faaf1): assigned -> open (buildhw-x86-02.iad2.fedoraproject.org)
  114138922 buildSRPMFromSCM (/rpms/ongres-stringprep.git:f1c9f299476b7ff88141713ed5336a20b27faaf1): free
  114138922 buildSRPMFromSCM (/rpms/ongres-stringprep.git:f1c9f299476b7ff88141713ed5336a20b27faaf1): free -> open (buildvm-x86-22.iad2.fedoraproject.org)
  114138922 buildSRPMFromSCM (/rpms/ongres-stringprep.git:f1c9f299476b7ff88141713ed5336a20b27faaf1): open (buildvm-x86-22.iad2.fedoraproject.org) -> closed
  0 free  1 open  1 done  0 failed
  114139061 buildArch (ongres-stringprep-1.1-11.fc41.src.rpm, noarch): free
  114139061 buildArch (ongres-stringprep-1.1-11.fc41.src.rpm, noarch): free -> assigned
  114139061 buildArch (ongres-stringprep-1.1-11.fc41.src.rpm, noarch): assigned -> open (buildhw-x86-12.iad2.fedoraproject.org)
  114139061 buildArch (ongres-stringprep-1.1-11.fc41.src.rpm, noarch): open (buildhw-x86-12.iad2.fedoraproject.org) -> FAILED: BuildError: error building package (arch noarch), mock exited with status 1; see build.log or root.log for more information
  Relevant logs:
  https://kojipkgs.fedoraproject.org/work/tasks/9061/114139061/state.log
  https://kojipkgs.fedoraproject.org/work/tasks/9061/114139061/build.log
  https://kojipkgs.fedoraproject.org/work/tasks/9061/114139061/root.log
  https://kojipkgs.fedoraproject.org/work/tasks/9061/114139061/mock_output.log
  https://kojipkgs.fedoraproject.org/work/tasks/9061/114139061/hw_info.log
  0 free  1 open  1 done  1 failed
114138878 build (f41-build-side-84507, /rpms/ongres-stringprep.git:f1c9f299476b7ff88141713ed5336a20b27faaf1): open (buildhw-x86-02.iad2.fedoraproject.org) -> FAILED: BuildError: error building package (arch noarch), mock exited with status 1; see build.log or root.log for more information
  0 free  0 open  1 done  2 failed

114138878 build (f41-build-side-84507, /rpms/ongres-stringprep.git:f1c9f299476b7ff88141713ed5336a20b27faaf1) failed
