Cloning into 'ongres-scram'...
[f40 8bfe402] Rebuilt for java-21-openjdk as system jdk
 1 file changed, 4 insertions(+), 1 deletion(-)
Building ongres-scram-2.1-13.fc40 for f40-build-side-84857
Created task: 114354864
Task info: https://koji.fedoraproject.org/koji/taskinfo?taskID=114354864
Watching tasks (this may be safely interrupted)...
114354864 build (f40-build-side-84857, /rpms/ongres-scram.git:8bfe40296c865c713335b399dd147c1f15b6a84a): free
114354864 build (f40-build-side-84857, /rpms/ongres-scram.git:8bfe40296c865c713335b399dd147c1f15b6a84a): free -> open (buildvm-a64-35.iad2.fedoraproject.org)
  114354902 buildSRPMFromSCM (/rpms/ongres-scram.git:8bfe40296c865c713335b399dd147c1f15b6a84a): free
  114354902 buildSRPMFromSCM (/rpms/ongres-scram.git:8bfe40296c865c713335b399dd147c1f15b6a84a): free -> assigned
  114354902 buildSRPMFromSCM (/rpms/ongres-scram.git:8bfe40296c865c713335b399dd147c1f15b6a84a): assigned -> open (buildvm-x86-18.iad2.fedoraproject.org)
  114354902 buildSRPMFromSCM (/rpms/ongres-scram.git:8bfe40296c865c713335b399dd147c1f15b6a84a): open (buildvm-x86-18.iad2.fedoraproject.org) -> closed
  0 free  1 open  1 done  0 failed
  114354962 buildArch (ongres-scram-2.1-13.fc40.src.rpm, noarch): free
  114354962 buildArch (ongres-scram-2.1-13.fc40.src.rpm, noarch): free -> assigned
  114354962 buildArch (ongres-scram-2.1-13.fc40.src.rpm, noarch): assigned -> open (buildvm-ppc64le-12.iad2.fedoraproject.org)
  114354962 buildArch (ongres-scram-2.1-13.fc40.src.rpm, noarch): open (buildvm-ppc64le-12.iad2.fedoraproject.org) -> FAILED: BuildError: error building package (arch noarch), mock exited with status 1; see build.log or root.log for more information
  Relevant logs:
  https://kojipkgs.fedoraproject.org/work/tasks/4962/114354962/mock_output.log
  https://kojipkgs.fedoraproject.org/work/tasks/4962/114354962/state.log
  https://kojipkgs.fedoraproject.org/work/tasks/4962/114354962/build.log
  https://kojipkgs.fedoraproject.org/work/tasks/4962/114354962/root.log
  https://kojipkgs.fedoraproject.org/work/tasks/4962/114354962/hw_info.log
  0 free  1 open  1 done  1 failed
114354864 build (f40-build-side-84857, /rpms/ongres-scram.git:8bfe40296c865c713335b399dd147c1f15b6a84a): open (buildvm-a64-35.iad2.fedoraproject.org) -> FAILED: BuildError: error building package (arch noarch), mock exited with status 1; see build.log or root.log for more information
  0 free  0 open  1 done  2 failed

114354864 build (f40-build-side-84857, /rpms/ongres-scram.git:8bfe40296c865c713335b399dd147c1f15b6a84a) failed
