Cloning into 'OpenStego'...
[f40 3701c25] Rebuilt for java-21-openjdk as system jdk
 1 file changed, 4 insertions(+), 1 deletion(-)
warning: %patchN is deprecated (1 usages found), use %patch N (or %patch -P N)

Building OpenStego-0.7.4-12.fc40 for f40-build-side-84857
Created task: 114355000
Task info: https://koji.fedoraproject.org/koji/taskinfo?taskID=114355000
Watching tasks (this may be safely interrupted)...
114355000 build (f40-build-side-84857, /rpms/OpenStego.git:3701c25f0a257218274dabd48226f2a24928ba2d): free
114355000 build (f40-build-side-84857, /rpms/OpenStego.git:3701c25f0a257218274dabd48226f2a24928ba2d): free -> assigned
114355000 build (f40-build-side-84857, /rpms/OpenStego.git:3701c25f0a257218274dabd48226f2a24928ba2d): assigned -> open (buildhw-x86-03.iad2.fedoraproject.org)
  114355028 buildSRPMFromSCM (/rpms/OpenStego.git:3701c25f0a257218274dabd48226f2a24928ba2d): free
  114355028 buildSRPMFromSCM (/rpms/OpenStego.git:3701c25f0a257218274dabd48226f2a24928ba2d): free -> assigned
  114355028 buildSRPMFromSCM (/rpms/OpenStego.git:3701c25f0a257218274dabd48226f2a24928ba2d): assigned -> open (buildvm-a64-27.iad2.fedoraproject.org)
  114355028 buildSRPMFromSCM (/rpms/OpenStego.git:3701c25f0a257218274dabd48226f2a24928ba2d): open (buildvm-a64-27.iad2.fedoraproject.org) -> closed
  0 free  1 open  1 done  0 failed
  114355114 buildArch (OpenStego-0.7.4-12.fc40.src.rpm, noarch): free
  114355114 buildArch (OpenStego-0.7.4-12.fc40.src.rpm, noarch): free -> open (buildvm-x86-29.iad2.fedoraproject.org)
  114355226 tagBuild (noarch): free
  114355114 buildArch (OpenStego-0.7.4-12.fc40.src.rpm, noarch): open (buildvm-x86-29.iad2.fedoraproject.org) -> closed
  1 free  1 open  2 done  0 failed
  114355226 tagBuild (noarch): free -> assigned
  114355226 tagBuild (noarch): assigned -> closed
  0 free  1 open  3 done  0 failed
114355000 build (f40-build-side-84857, /rpms/OpenStego.git:3701c25f0a257218274dabd48226f2a24928ba2d): open (buildhw-x86-03.iad2.fedoraproject.org) -> closed
  0 free  0 open  4 done  0 failed

114355000 build (f40-build-side-84857, /rpms/OpenStego.git:3701c25f0a257218274dabd48226f2a24928ba2d) completed successfully
