[rawhide 5daedab] Rebuilt for java-25-openjdk as preffered jdk
 1 file changed, 7 insertions(+), 4 deletions(-)
Building openjdk-asmtools-8.0.b09-11.fc43 for rawhide
Created task: 135398441
Task info: https://koji.fedoraproject.org/koji/taskinfo?taskID=135398441
Watching tasks (this may be safely interrupted)...
135398441 build (rawhide, /rpms/openjdk-asmtools.git:5daedab8a390935b2feff1405a45903a770e732b): free
135398441 build (rawhide, /rpms/openjdk-asmtools.git:5daedab8a390935b2feff1405a45903a770e732b): free -> assigned (buildvm-a64-24.rdu3.fedoraproject.org)
135398441 build (rawhide, /rpms/openjdk-asmtools.git:5daedab8a390935b2feff1405a45903a770e732b): assigned (buildvm-a64-24.rdu3.fedoraproject.org) -> open (buildvm-a64-24.rdu3.fedoraproject.org)
  135398458 buildSRPMFromSCM (/rpms/openjdk-asmtools.git:5daedab8a390935b2feff1405a45903a770e732b): free
  135398458 buildSRPMFromSCM (/rpms/openjdk-asmtools.git:5daedab8a390935b2feff1405a45903a770e732b): free -> assigned (buildvm-s390x-19.s390.fedoraproject.org)
  135398458 buildSRPMFromSCM (/rpms/openjdk-asmtools.git:5daedab8a390935b2feff1405a45903a770e732b): assigned (buildvm-s390x-19.s390.fedoraproject.org) -> open (buildvm-s390x-19.s390.fedoraproject.org)
  135398458 buildSRPMFromSCM (/rpms/openjdk-asmtools.git:5daedab8a390935b2feff1405a45903a770e732b): open (buildvm-s390x-19.s390.fedoraproject.org) -> closed
  0 free  1 open  1 done  0 failed
  135398495 buildArch (openjdk-asmtools-8.0.b09-11.fc43.src.rpm, noarch): free
  135398495 buildArch (openjdk-asmtools-8.0.b09-11.fc43.src.rpm, noarch): free -> assigned (buildvm-x86-20.rdu3.fedoraproject.org)
  135398495 buildArch (openjdk-asmtools-8.0.b09-11.fc43.src.rpm, noarch): assigned (buildvm-x86-20.rdu3.fedoraproject.org) -> open (buildvm-x86-20.rdu3.fedoraproject.org)
  135398495 buildArch (openjdk-asmtools-8.0.b09-11.fc43.src.rpm, noarch): open (buildvm-x86-20.rdu3.fedoraproject.org) -> closed
  0 free  1 open  2 done  0 failed
  135398540 tagBuild (noarch): free
  135398540 tagBuild (noarch): free -> assigned (buildvm-a64-12.rdu3.fedoraproject.org)
  135398540 tagBuild (noarch): assigned (buildvm-a64-12.rdu3.fedoraproject.org) -> closed
  0 free  1 open  3 done  0 failed
135398441 build (rawhide, /rpms/openjdk-asmtools.git:5daedab8a390935b2feff1405a45903a770e732b): open (buildvm-a64-24.rdu3.fedoraproject.org) -> closed
  0 free  0 open  4 done  0 failed

135398441 build (rawhide, /rpms/openjdk-asmtools.git:5daedab8a390935b2feff1405a45903a770e732b) completed successfully
