Cloning into 'openjfx8'...
[f40 89595b0] Rebuilt for java-21-openjdk as system jdk
 1 file changed, 4 insertions(+), 1 deletion(-)
Building openjfx8-8.0.202-40.b07.fc40 for f40-build-side-84857
Created task: 114354954
Task info: https://koji.fedoraproject.org/koji/taskinfo?taskID=114354954
Watching tasks (this may be safely interrupted)...
114354954 build (f40-build-side-84857, /rpms/openjfx8.git:89595b072ab58e5af18544f1a4705255c8338640): free
114354954 build (f40-build-side-84857, /rpms/openjfx8.git:89595b072ab58e5af18544f1a4705255c8338640): free -> assigned
114354954 build (f40-build-side-84857, /rpms/openjfx8.git:89595b072ab58e5af18544f1a4705255c8338640): assigned -> open (buildvm-x86-16.iad2.fedoraproject.org)
  114354964 buildSRPMFromSCM (/rpms/openjfx8.git:89595b072ab58e5af18544f1a4705255c8338640): free
  114354964 buildSRPMFromSCM (/rpms/openjfx8.git:89595b072ab58e5af18544f1a4705255c8338640): free -> assigned
  114354964 buildSRPMFromSCM (/rpms/openjfx8.git:89595b072ab58e5af18544f1a4705255c8338640): assigned -> open (buildvm-x86-29.iad2.fedoraproject.org)
  114354964 buildSRPMFromSCM (/rpms/openjfx8.git:89595b072ab58e5af18544f1a4705255c8338640): open (buildvm-x86-29.iad2.fedoraproject.org) -> closed
  0 free  1 open  1 done  0 failed
  114355029 buildArch (openjfx8-8.0.202-40.b07.fc40.src.rpm, x86_64): free
  114355029 buildArch (openjfx8-8.0.202-40.b07.fc40.src.rpm, x86_64): free -> assigned
  114355029 buildArch (openjfx8-8.0.202-40.b07.fc40.src.rpm, x86_64): assigned -> open (buildvm-x86-19.iad2.fedoraproject.org)
  114355029 buildArch (openjfx8-8.0.202-40.b07.fc40.src.rpm, x86_64): open (buildvm-x86-19.iad2.fedoraproject.org) -> closed
  0 free  1 open  2 done  0 failed
  114355248 tagBuild (noarch): free
  114355248 tagBuild (noarch): free -> assigned
114354954 build (f40-build-side-84857, /rpms/openjfx8.git:89595b072ab58e5af18544f1a4705255c8338640): open (buildvm-x86-16.iad2.fedoraproject.org) -> closed
  0 free  1 open  3 done  0 failed
  114355248 tagBuild (noarch): assigned -> closed
  0 free  0 open  4 done  0 failed

114354954 build (f40-build-side-84857, /rpms/openjfx8.git:89595b072ab58e5af18544f1a4705255c8338640) completed successfully
