Cloning into 'openni'...
@@@@@@@@@@@@@@@@@@@@@@@@@@@@@@@@@@@@@@@@@@@@@@@@@@@@@@@@@@@
@    WARNING: REMOTE HOST IDENTIFICATION HAS CHANGED!     @
@@@@@@@@@@@@@@@@@@@@@@@@@@@@@@@@@@@@@@@@@@@@@@@@@@@@@@@@@@@
IT IS POSSIBLE THAT SOMEONE IS DOING SOMETHING NASTY!
Someone could be eavesdropping on you right now (man-in-the-middle attack)!
It is also possible that a host key has just been changed.
The fingerprint for the RSA key sent by the remote host is
SHA256:dJN0nFWBcWK7SFs2k0nnsO+XNA9+aEDY4FWO7uhxTN8.
Please contact your system administrator.
Add correct host key in /home/jvanek/.ssh/known_hosts to get rid of this message.
Offending RSA key in /home/jvanek/.ssh/known_hosts:2
Password authentication is disabled to avoid man-in-the-middle attacks.
Keyboard-interactive authentication is disabled to avoid man-in-the-middle attacks.
UpdateHostkeys is disabled because the host key is not trusted.
[rawhide e8b560b] Rebuilt for java-25-openjdk as preffered jdk
 1 file changed, 6 insertions(+), 3 deletions(-)
warning: Macro expanded in comment on line 23: %{commit}/%{name}-%{version}-%{shortcommit}.tar.gz

warning: Macro expanded in comment on line 24: %{version}-%{shortcommit}.tar.gz

warning: Macro expanded in comment on line 25: %{commit}

warning: Macro expanded in comment on line 28: %{version}-%{shortcommit}-fedora.tar.gz OpenNI-%{commit}


Building openni-1.5.7.10-38.fc43 for rawhide
Created task: 135456911
Task info: https://koji.fedoraproject.org/koji/taskinfo?taskID=135456911
Watching tasks (this may be safely interrupted)...
135456911 build (rawhide, /rpms/openni.git:e8b560be234aaf9c628d5f7117feeb6168ad9850): free
135456911 build (rawhide, /rpms/openni.git:e8b560be234aaf9c628d5f7117feeb6168ad9850): free -> assigned (buildvm-a64-26.rdu3.fedoraproject.org)
135456911 build (rawhide, /rpms/openni.git:e8b560be234aaf9c628d5f7117feeb6168ad9850): assigned (buildvm-a64-26.rdu3.fedoraproject.org) -> open (buildvm-a64-26.rdu3.fedoraproject.org)
  135456927 waitrepo (f43-build, ): free
  135456927 waitrepo (f43-build, ): free -> assigned (buildvm-a64-28.rdu3.fedoraproject.org)
  135456963 buildSRPMFromSCM (/rpms/openni.git:e8b560be234aaf9c628d5f7117feeb6168ad9850): free
  135456927 waitrepo (f43-build, ): assigned (buildvm-a64-28.rdu3.fedoraproject.org) -> closed
  1 free  1 open  1 done  0 failed
  135456963 buildSRPMFromSCM (/rpms/openni.git:e8b560be234aaf9c628d5f7117feeb6168ad9850): free -> assigned (buildvm-ppc64le-12.rdu3.fedoraproject.org)
  135456963 buildSRPMFromSCM (/rpms/openni.git:e8b560be234aaf9c628d5f7117feeb6168ad9850): assigned (buildvm-ppc64le-12.rdu3.fedoraproject.org) -> open (buildvm-ppc64le-12.rdu3.fedoraproject.org)
  135456963 buildSRPMFromSCM (/rpms/openni.git:e8b560be234aaf9c628d5f7117feeb6168ad9850): open (buildvm-ppc64le-12.rdu3.fedoraproject.org) -> closed
  0 free  1 open  2 done  0 failed
  135457077 buildArch (openni-1.5.7.10-38.fc43.src.rpm, x86_64): free
  135457077 buildArch (openni-1.5.7.10-38.fc43.src.rpm, x86_64): free -> assigned (buildvm-x86-19.rdu3.fedoraproject.org)
  135457077 buildArch (openni-1.5.7.10-38.fc43.src.rpm, x86_64): assigned (buildvm-x86-19.rdu3.fedoraproject.org) -> open (buildvm-x86-19.rdu3.fedoraproject.org)
  135457077 buildArch (openni-1.5.7.10-38.fc43.src.rpm, x86_64): open (buildvm-x86-19.rdu3.fedoraproject.org) -> closed
  0 free  1 open  3 done  0 failed
  135457193 tagBuild (noarch): free
  135457193 tagBuild (noarch): free -> assigned (buildvm-a64-47.rdu3.fedoraproject.org)
  135457193 tagBuild (noarch): assigned (buildvm-a64-47.rdu3.fedoraproject.org) -> open (buildvm-a64-47.rdu3.fedoraproject.org)
  135457193 tagBuild (noarch): open (buildvm-a64-47.rdu3.fedoraproject.org) -> closed
  0 free  1 open  4 done  0 failed
135456911 build (rawhide, /rpms/openni.git:e8b560be234aaf9c628d5f7117feeb6168ad9850): open (buildvm-a64-26.rdu3.fedoraproject.org) -> closed
  0 free  0 open  5 done  0 failed

135456911 build (rawhide, /rpms/openni.git:e8b560be234aaf9c628d5f7117feeb6168ad9850) completed successfully
