Cloning into 'openmpi'...
@@@@@@@@@@@@@@@@@@@@@@@@@@@@@@@@@@@@@@@@@@@@@@@@@@@@@@@@@@@
@    WARNING: REMOTE HOST IDENTIFICATION HAS CHANGED!     @
@@@@@@@@@@@@@@@@@@@@@@@@@@@@@@@@@@@@@@@@@@@@@@@@@@@@@@@@@@@
IT IS POSSIBLE THAT SOMEONE IS DOING SOMETHING NASTY!
Someone could be eavesdropping on you right now (man-in-the-middle attack)!
It is also possible that a host key has just been changed.
The fingerprint for the RSA key sent by the remote host is
SHA256:dJN0nFWBcWK7SFs2k0nnsO+XNA9+aEDY4FWO7uhxTN8.
Please contact your system administrator.
Add correct host key in /home/jvanek/.ssh/known_hosts to get rid of this message.
Offending RSA key in /home/jvanek/.ssh/known_hosts:2
Password authentication is disabled to avoid man-in-the-middle attacks.
Keyboard-interactive authentication is disabled to avoid man-in-the-middle attacks.
UpdateHostkeys is disabled because the host key is not trusted.
RPMAutoSpec usage detected, not changing the spec file.
[rawhide cf679b9] Rebuilt for java-25-openjdk as preffered jdk
 1 file changed, 3 insertions(+), 3 deletions(-)
Building openmpi-5.0.8-4.fc43 for rawhide
Created task: 135456900
Task info: https://koji.fedoraproject.org/koji/taskinfo?taskID=135456900
Watching tasks (this may be safely interrupted)...
135456900 build (rawhide, /rpms/openmpi.git:cf679b9c3377120a7fb3df62b273ca8ffdcfe855): free
135456900 build (rawhide, /rpms/openmpi.git:cf679b9c3377120a7fb3df62b273ca8ffdcfe855): free -> assigned (buildvm-a64-07.rdu3.fedoraproject.org)
135456900 build (rawhide, /rpms/openmpi.git:cf679b9c3377120a7fb3df62b273ca8ffdcfe855): assigned (buildvm-a64-07.rdu3.fedoraproject.org) -> open (buildvm-a64-07.rdu3.fedoraproject.org)
  135456921 waitrepo (f43-build, ): free
  135456921 waitrepo (f43-build, ): free -> assigned (buildvm-a64-26.rdu3.fedoraproject.org)
  135456921 waitrepo (f43-build, ): assigned (buildvm-a64-26.rdu3.fedoraproject.org) -> closed
  0 free  1 open  1 done  0 failed
  135456976 buildSRPMFromSCM (/rpms/openmpi.git:cf679b9c3377120a7fb3df62b273ca8ffdcfe855): free
  135456976 buildSRPMFromSCM (/rpms/openmpi.git:cf679b9c3377120a7fb3df62b273ca8ffdcfe855): free -> assigned (buildvm-ppc64le-31.rdu3.fedoraproject.org)
  135456976 buildSRPMFromSCM (/rpms/openmpi.git:cf679b9c3377120a7fb3df62b273ca8ffdcfe855): assigned (buildvm-ppc64le-31.rdu3.fedoraproject.org) -> open (buildvm-ppc64le-31.rdu3.fedoraproject.org)
  135457073 buildArch (openmpi-5.0.8-4.fc43.src.rpm, aarch64): free
  135457072 buildArch (openmpi-5.0.8-4.fc43.src.rpm, x86_64): free
  135457075 buildArch (openmpi-5.0.8-4.fc43.src.rpm, s390x): free
  135457074 buildArch (openmpi-5.0.8-4.fc43.src.rpm, ppc64le): free
  135456976 buildSRPMFromSCM (/rpms/openmpi.git:cf679b9c3377120a7fb3df62b273ca8ffdcfe855): open (buildvm-ppc64le-31.rdu3.fedoraproject.org) -> closed
  4 free  1 open  2 done  0 failed
  135457073 buildArch (openmpi-5.0.8-4.fc43.src.rpm, aarch64): free -> assigned (buildvm-a64-43.rdu3.fedoraproject.org)
  135457072 buildArch (openmpi-5.0.8-4.fc43.src.rpm, x86_64): free -> assigned (buildvm-x86-09.rdu3.fedoraproject.org)
  135457074 buildArch (openmpi-5.0.8-4.fc43.src.rpm, ppc64le): free -> assigned (buildvm-ppc64le-14.rdu3.fedoraproject.org)
  135457073 buildArch (openmpi-5.0.8-4.fc43.src.rpm, aarch64): assigned (buildvm-a64-43.rdu3.fedoraproject.org) -> open (buildvm-a64-43.rdu3.fedoraproject.org)
  135457072 buildArch (openmpi-5.0.8-4.fc43.src.rpm, x86_64): assigned (buildvm-x86-09.rdu3.fedoraproject.org) -> open (buildvm-x86-09.rdu3.fedoraproject.org)
  135457074 buildArch (openmpi-5.0.8-4.fc43.src.rpm, ppc64le): assigned (buildvm-ppc64le-14.rdu3.fedoraproject.org) -> open (buildvm-ppc64le-14.rdu3.fedoraproject.org)
  135457075 buildArch (openmpi-5.0.8-4.fc43.src.rpm, s390x): free -> assigned (buildvm-s390x-09.s390.fedoraproject.org)
  135457075 buildArch (openmpi-5.0.8-4.fc43.src.rpm, s390x): assigned (buildvm-s390x-09.s390.fedoraproject.org) -> open (buildvm-s390x-09.s390.fedoraproject.org)
  135457072 buildArch (openmpi-5.0.8-4.fc43.src.rpm, x86_64): open (buildvm-x86-09.rdu3.fedoraproject.org) -> closed
  0 free  4 open  3 done  0 failed
  135457073 buildArch (openmpi-5.0.8-4.fc43.src.rpm, aarch64): open (buildvm-a64-43.rdu3.fedoraproject.org) -> closed
  0 free  3 open  4 done  0 failed
  135457074 buildArch (openmpi-5.0.8-4.fc43.src.rpm, ppc64le): open (buildvm-ppc64le-14.rdu3.fedoraproject.org) -> FAILED: BuildError: error building package (arch ppc64le), mock exited with status 1; see build.log or root.log for more information
  Relevant logs:
  https://kojipkgs.fedoraproject.org/work/tasks/7074/135457074/mock_config.log
  https://kojipkgs.fedoraproject.org/work/tasks/7074/135457074/state.log
  https://kojipkgs.fedoraproject.org/work/tasks/7074/135457074/build.log
  https://kojipkgs.fedoraproject.org/work/tasks/7074/135457074/root.log
  https://kojipkgs.fedoraproject.org/work/tasks/7074/135457074/mock_output.log
  https://kojipkgs.fedoraproject.org/work/tasks/7074/135457074/hw_info.log
  https://kojipkgs.fedoraproject.org/work/tasks/7074/135457074/dnf5.log
  0 free  2 open  4 done  1 failed
135456900 build (rawhide, /rpms/openmpi.git:cf679b9c3377120a7fb3df62b273ca8ffdcfe855): open (buildvm-a64-07.rdu3.fedoraproject.org) -> FAILED: BuildError: error building package (arch ppc64le), mock exited with status 1; see build.log or root.log for more information
  0 free  1 open  4 done  2 failed
  135457075 buildArch (openmpi-5.0.8-4.fc43.src.rpm, s390x): open (buildvm-s390x-09.s390.fedoraproject.org) -> canceled
  0 free  0 open  5 done  2 failed

135456900 build (rawhide, /rpms/openmpi.git:cf679b9c3377120a7fb3df62b273ca8ffdcfe855) failed
