Cloning into 'options'...
[rawhide b36a4ac] Rebuilt for java-21-openjdk as system jdk
 1 file changed, 4 insertions(+), 1 deletion(-)
Building options-1.7-10.fc41 for f41-build-side-84507
Created task: 114139178
Task info: https://koji.fedoraproject.org/koji/taskinfo?taskID=114139178
Watching tasks (this may be safely interrupted)...
114139178 build (f41-build-side-84507, /rpms/options.git:b36a4aca0760a859403bad585bb381b3f926f30b): free
114139178 build (f41-build-side-84507, /rpms/options.git:b36a4aca0760a859403bad585bb381b3f926f30b): free -> open (buildhw-x86-09.iad2.fedoraproject.org)
  114139254 buildSRPMFromSCM (/rpms/options.git:b36a4aca0760a859403bad585bb381b3f926f30b): free
  114139254 buildSRPMFromSCM (/rpms/options.git:b36a4aca0760a859403bad585bb381b3f926f30b): free -> open (buildvm-x86-13.iad2.fedoraproject.org)
  114139254 buildSRPMFromSCM (/rpms/options.git:b36a4aca0760a859403bad585bb381b3f926f30b): open (buildvm-x86-13.iad2.fedoraproject.org) -> closed
  0 free  1 open  1 done  0 failed
  114139400 buildArch (options-1.7-10.fc41.src.rpm, noarch): free
  114139400 buildArch (options-1.7-10.fc41.src.rpm, noarch): free -> assigned
  114139400 buildArch (options-1.7-10.fc41.src.rpm, noarch): assigned -> open (buildvm-ppc64le-03.iad2.fedoraproject.org)
  114139532 tagBuild (noarch): free
  114139400 buildArch (options-1.7-10.fc41.src.rpm, noarch): open (buildvm-ppc64le-03.iad2.fedoraproject.org) -> closed
  1 free  1 open  2 done  0 failed
  114139532 tagBuild (noarch): free -> assigned
  114139532 tagBuild (noarch): assigned -> closed
  0 free  1 open  3 done  0 failed
114139178 build (f41-build-side-84507, /rpms/options.git:b36a4aca0760a859403bad585bb381b3f926f30b): open (buildhw-x86-09.iad2.fedoraproject.org) -> closed
  0 free  0 open  4 done  0 failed

114139178 build (f41-build-side-84507, /rpms/options.git:b36a4aca0760a859403bad585bb381b3f926f30b) completed successfully
