Cloning into 'osgi-compendium'...
[rawhide 13d16f0] Rebuilt for java-17-openjdk as system jdk
 1 file changed, 4 insertions(+), 1 deletion(-)
Building osgi-compendium-7.0.0-12.fc36 for f36-java17
Created task: 82432707
Task info: https://koji.fedoraproject.org/koji/taskinfo?taskID=82432707
Watching tasks (this may be safely interrupted)...
82432707 build (f36-java17, /rpms/osgi-compendium.git:13d16f09579ce729a1f7323a1b0822820bc97ba6): free
82432707 build (f36-java17, /rpms/osgi-compendium.git:13d16f09579ce729a1f7323a1b0822820bc97ba6): free -> open (buildvm-ppc64le-37.iad2.fedoraproject.org)
  82432717 buildSRPMFromSCM (/rpms/osgi-compendium.git:13d16f09579ce729a1f7323a1b0822820bc97ba6): free
  82432717 buildSRPMFromSCM (/rpms/osgi-compendium.git:13d16f09579ce729a1f7323a1b0822820bc97ba6): free -> open (buildvm-ppc64le-32.iad2.fedoraproject.org)
  82432717 buildSRPMFromSCM (/rpms/osgi-compendium.git:13d16f09579ce729a1f7323a1b0822820bc97ba6): open (buildvm-ppc64le-32.iad2.fedoraproject.org) -> closed
  0 free  1 open  1 done  0 failed
  82432795 buildArch (osgi-compendium-7.0.0-12.fc36.src.rpm, noarch): open (buildvm-x86-07.iad2.fedoraproject.org)
  82432795 buildArch (osgi-compendium-7.0.0-12.fc36.src.rpm, noarch): open (buildvm-x86-07.iad2.fedoraproject.org) -> closed
  0 free  1 open  2 done  0 failed
  82433025 tagBuild (noarch): free
  82433025 tagBuild (noarch): free -> closed
  0 free  1 open  3 done  0 failed
82432707 build (f36-java17, /rpms/osgi-compendium.git:13d16f09579ce729a1f7323a1b0822820bc97ba6): open (buildvm-ppc64le-37.iad2.fedoraproject.org) -> closed
  0 free  0 open  4 done  0 failed

82432707 build (f36-java17, /rpms/osgi-compendium.git:13d16f09579ce729a1f7323a1b0822820bc97ba6) completed successfully
