Cloning into 'osgi-annotation'...
[rawhide 699b2e8] Rebuilt for java-17-openjdk as system jdk
 1 file changed, 4 insertions(+), 1 deletion(-)
Building osgi-annotation-8.0.1-4.fc36 for f36-java17
Created task: 82432698
Task info: https://koji.fedoraproject.org/koji/taskinfo?taskID=82432698
Watching tasks (this may be safely interrupted)...
82432698 build (f36-java17, /rpms/osgi-annotation.git:699b2e8e42caec921aaa876c3d6ce136d59d9e4d): free
82432698 build (f36-java17, /rpms/osgi-annotation.git:699b2e8e42caec921aaa876c3d6ce136d59d9e4d): free -> open (buildvm-ppc64le-08.iad2.fedoraproject.org)
  82432700 buildSRPMFromSCM (/rpms/osgi-annotation.git:699b2e8e42caec921aaa876c3d6ce136d59d9e4d): free
  82432700 buildSRPMFromSCM (/rpms/osgi-annotation.git:699b2e8e42caec921aaa876c3d6ce136d59d9e4d): free -> open (buildvm-ppc64le-14.iad2.fedoraproject.org)
  82432700 buildSRPMFromSCM (/rpms/osgi-annotation.git:699b2e8e42caec921aaa876c3d6ce136d59d9e4d): open (buildvm-ppc64le-14.iad2.fedoraproject.org) -> closed
  0 free  1 open  1 done  0 failed
  82432762 buildArch (osgi-annotation-8.0.1-4.fc36.src.rpm, noarch): free
  82432762 buildArch (osgi-annotation-8.0.1-4.fc36.src.rpm, noarch): free -> open (buildvm-ppc64le-11.iad2.fedoraproject.org)
  82432762 buildArch (osgi-annotation-8.0.1-4.fc36.src.rpm, noarch): open (buildvm-ppc64le-11.iad2.fedoraproject.org) -> closed
  0 free  1 open  2 done  0 failed
  82432896 tagBuild (noarch): closed
82432698 build (f36-java17, /rpms/osgi-annotation.git:699b2e8e42caec921aaa876c3d6ce136d59d9e4d): open (buildvm-ppc64le-08.iad2.fedoraproject.org) -> closed
  0 free  0 open  4 done  0 failed

82432698 build (f36-java17, /rpms/osgi-annotation.git:699b2e8e42caec921aaa876c3d6ce136d59d9e4d) completed successfully
