Cloning into 'osgi-core'...
[f40 6e544c0] Rebuilt for java-21-openjdk as system jdk
 1 file changed, 4 insertions(+), 1 deletion(-)
Found a gating.yaml file in the repo and it is properly configured
Building osgi-core-8.0.0-13.fc40 for f40-build-side-84857
Created task: 114355145
Task info: https://koji.fedoraproject.org/koji/taskinfo?taskID=114355145
Watching tasks (this may be safely interrupted)...
114355145 build (f40-build-side-84857, /rpms/osgi-core.git:6e544c0de4562696456e3ceef8db3df9172918e6): free
114355145 build (f40-build-side-84857, /rpms/osgi-core.git:6e544c0de4562696456e3ceef8db3df9172918e6): free -> assigned
114355145 build (f40-build-side-84857, /rpms/osgi-core.git:6e544c0de4562696456e3ceef8db3df9172918e6): assigned -> open (buildvm-a64-11.iad2.fedoraproject.org)
  114355170 buildSRPMFromSCM (/rpms/osgi-core.git:6e544c0de4562696456e3ceef8db3df9172918e6): free
  114355170 buildSRPMFromSCM (/rpms/osgi-core.git:6e544c0de4562696456e3ceef8db3df9172918e6): free -> assigned
  114355170 buildSRPMFromSCM (/rpms/osgi-core.git:6e544c0de4562696456e3ceef8db3df9172918e6): assigned -> open (buildvm-a64-05.iad2.fedoraproject.org)
  114355170 buildSRPMFromSCM (/rpms/osgi-core.git:6e544c0de4562696456e3ceef8db3df9172918e6): open (buildvm-a64-05.iad2.fedoraproject.org) -> closed
  0 free  1 open  1 done  0 failed
  114355255 buildArch (osgi-core-8.0.0-13.fc40.src.rpm, noarch): free
  114355255 buildArch (osgi-core-8.0.0-13.fc40.src.rpm, noarch): free -> assigned
  114355255 buildArch (osgi-core-8.0.0-13.fc40.src.rpm, noarch): assigned -> open (buildvm-ppc64le-14.iad2.fedoraproject.org)
  114355348 tagBuild (noarch): assigned
  114355255 buildArch (osgi-core-8.0.0-13.fc40.src.rpm, noarch): open (buildvm-ppc64le-14.iad2.fedoraproject.org) -> closed
  0 free  2 open  2 done  0 failed
  114355348 tagBuild (noarch): assigned -> closed
  0 free  1 open  3 done  0 failed
114355145 build (f40-build-side-84857, /rpms/osgi-core.git:6e544c0de4562696456e3ceef8db3df9172918e6): open (buildvm-a64-11.iad2.fedoraproject.org) -> closed
  0 free  0 open  4 done  0 failed

114355145 build (f40-build-side-84857, /rpms/osgi-core.git:6e544c0de4562696456e3ceef8db3df9172918e6) completed successfully
