Cloning into 'parserng'...
[rawhide ae44cb4] Rebuilt for java-21-openjdk as system jdk
 1 file changed, 4 insertions(+), 1 deletion(-)
Building parserng-0.1.9-6.fc41 for f41-build-side-84507
Created task: 114139359
Task info: https://koji.fedoraproject.org/koji/taskinfo?taskID=114139359
Watching tasks (this may be safely interrupted)...
114139359 build (f41-build-side-84507, /rpms/parserng.git:ae44cb4c4f696b175bd395dc856c957aa27d3052): free
114139359 build (f41-build-side-84507, /rpms/parserng.git:ae44cb4c4f696b175bd395dc856c957aa27d3052): free -> assigned
114139359 build (f41-build-side-84507, /rpms/parserng.git:ae44cb4c4f696b175bd395dc856c957aa27d3052): assigned -> open (buildvm-x86-26.iad2.fedoraproject.org)
  114139393 buildSRPMFromSCM (/rpms/parserng.git:ae44cb4c4f696b175bd395dc856c957aa27d3052): free
  114139393 buildSRPMFromSCM (/rpms/parserng.git:ae44cb4c4f696b175bd395dc856c957aa27d3052): free -> assigned
  114139393 buildSRPMFromSCM (/rpms/parserng.git:ae44cb4c4f696b175bd395dc856c957aa27d3052): assigned -> open (buildvm-a64-38.iad2.fedoraproject.org)
  114139393 buildSRPMFromSCM (/rpms/parserng.git:ae44cb4c4f696b175bd395dc856c957aa27d3052): open (buildvm-a64-38.iad2.fedoraproject.org) -> closed
  0 free  1 open  1 done  0 failed
  114139493 buildArch (parserng-0.1.9-6.fc41.src.rpm, noarch): free
  114139493 buildArch (parserng-0.1.9-6.fc41.src.rpm, noarch): free -> assigned
  114139493 buildArch (parserng-0.1.9-6.fc41.src.rpm, noarch): assigned -> open (buildvm-s390x-08.s390.fedoraproject.org)
  114139493 buildArch (parserng-0.1.9-6.fc41.src.rpm, noarch): open (buildvm-s390x-08.s390.fedoraproject.org) -> FAILED: BuildError: error building package (arch noarch), mock exited with status 1; see build.log or root.log for more information
  Relevant logs:
  https://kojipkgs.fedoraproject.org/work/tasks/9493/114139493/mock_output.log
  https://kojipkgs.fedoraproject.org/work/tasks/9493/114139493/state.log
  https://kojipkgs.fedoraproject.org/work/tasks/9493/114139493/build.log
  https://kojipkgs.fedoraproject.org/work/tasks/9493/114139493/root.log
  https://kojipkgs.fedoraproject.org/work/tasks/9493/114139493/hw_info.log
  0 free  1 open  1 done  1 failed
114139359 build (f41-build-side-84507, /rpms/parserng.git:ae44cb4c4f696b175bd395dc856c957aa27d3052): open (buildvm-x86-26.iad2.fedoraproject.org) -> FAILED: BuildError: error building package (arch noarch), mock exited with status 1; see build.log or root.log for more information
  0 free  0 open  1 done  2 failed

114139359 build (f41-build-side-84507, /rpms/parserng.git:ae44cb4c4f696b175bd395dc856c957aa27d3052) failed
