Cloning into 'pcfi'...
@@@@@@@@@@@@@@@@@@@@@@@@@@@@@@@@@@@@@@@@@@@@@@@@@@@@@@@@@@@
@    WARNING: REMOTE HOST IDENTIFICATION HAS CHANGED!     @
@@@@@@@@@@@@@@@@@@@@@@@@@@@@@@@@@@@@@@@@@@@@@@@@@@@@@@@@@@@
IT IS POSSIBLE THAT SOMEONE IS DOING SOMETHING NASTY!
Someone could be eavesdropping on you right now (man-in-the-middle attack)!
It is also possible that a host key has just been changed.
The fingerprint for the RSA key sent by the remote host is
SHA256:dJN0nFWBcWK7SFs2k0nnsO+XNA9+aEDY4FWO7uhxTN8.
Please contact your system administrator.
Add correct host key in /home/jvanek/.ssh/known_hosts to get rid of this message.
Offending RSA key in /home/jvanek/.ssh/known_hosts:2
Password authentication is disabled to avoid man-in-the-middle attacks.
Keyboard-interactive authentication is disabled to avoid man-in-the-middle attacks.
UpdateHostkeys is disabled because the host key is not trusted.
[rawhide df05b96] Rebuilt for java-25-openjdk as preffered jdk
 1 file changed, 5 insertions(+), 2 deletions(-)
Building pcfi-2010.08.09-35.20111103gitbd245c9.fc43 for rawhide
Created task: 135457060
Task info: https://koji.fedoraproject.org/koji/taskinfo?taskID=135457060
Watching tasks (this may be safely interrupted)...
135457060 build (rawhide, /rpms/pcfi.git:df05b968cb3b4c09cd005db55addb5394c8c0de0): free
135457060 build (rawhide, /rpms/pcfi.git:df05b968cb3b4c09cd005db55addb5394c8c0de0): free -> assigned (buildvm-x86-25.rdu3.fedoraproject.org)
135457060 build (rawhide, /rpms/pcfi.git:df05b968cb3b4c09cd005db55addb5394c8c0de0): assigned (buildvm-x86-25.rdu3.fedoraproject.org) -> open (buildvm-x86-25.rdu3.fedoraproject.org)
  135457092 buildSRPMFromSCM (/rpms/pcfi.git:df05b968cb3b4c09cd005db55addb5394c8c0de0): free
  135457092 buildSRPMFromSCM (/rpms/pcfi.git:df05b968cb3b4c09cd005db55addb5394c8c0de0): free -> open (buildvm-ppc64le-12.rdu3.fedoraproject.org)
  135457194 buildArch (pcfi-2010.08.09-35.20111103gitbd245c9.fc43.src.rpm, noarch): free
  135457092 buildSRPMFromSCM (/rpms/pcfi.git:df05b968cb3b4c09cd005db55addb5394c8c0de0): open (buildvm-ppc64le-12.rdu3.fedoraproject.org) -> closed
  1 free  1 open  1 done  0 failed
  135457194 buildArch (pcfi-2010.08.09-35.20111103gitbd245c9.fc43.src.rpm, noarch): free -> assigned (buildvm-ppc64le-12.rdu3.fedoraproject.org)
  135457194 buildArch (pcfi-2010.08.09-35.20111103gitbd245c9.fc43.src.rpm, noarch): assigned (buildvm-ppc64le-12.rdu3.fedoraproject.org) -> open (buildvm-ppc64le-12.rdu3.fedoraproject.org)
  135457194 buildArch (pcfi-2010.08.09-35.20111103gitbd245c9.fc43.src.rpm, noarch): open (buildvm-ppc64le-12.rdu3.fedoraproject.org) -> closed
  0 free  1 open  2 done  0 failed
  135457285 tagBuild (noarch): free
  135457285 tagBuild (noarch): free -> assigned (buildvm-x86-19.rdu3.fedoraproject.org)
135457060 build (rawhide, /rpms/pcfi.git:df05b968cb3b4c09cd005db55addb5394c8c0de0): open (buildvm-x86-25.rdu3.fedoraproject.org) -> closed
  0 free  1 open  3 done  0 failed
  135457285 tagBuild (noarch): assigned (buildvm-x86-19.rdu3.fedoraproject.org) -> closed
  0 free  0 open  4 done  0 failed

135457060 build (rawhide, /rpms/pcfi.git:df05b968cb3b4c09cd005db55addb5394c8c0de0) completed successfully
