Cloning into 'pdfbox'...
[rawhide 661f674] Rebuilt for java-21-openjdk as system jdk
 1 file changed, 4 insertions(+), 1 deletion(-)
Building pdfbox-2.0.29-5.fc41 for f41-build-side-84507
Created task: 114139424
Task info: https://koji.fedoraproject.org/koji/taskinfo?taskID=114139424
Watching tasks (this may be safely interrupted)...
114139424 build (f41-build-side-84507, /rpms/pdfbox.git:661f67442195e74f43cd502d98ff210765fcf4cf): free
114139424 build (f41-build-side-84507, /rpms/pdfbox.git:661f67442195e74f43cd502d98ff210765fcf4cf): free -> assigned
114139424 build (f41-build-side-84507, /rpms/pdfbox.git:661f67442195e74f43cd502d98ff210765fcf4cf): assigned -> open (buildvm-a64-26.iad2.fedoraproject.org)
  114139437 buildSRPMFromSCM (/rpms/pdfbox.git:661f67442195e74f43cd502d98ff210765fcf4cf): free
  114139437 buildSRPMFromSCM (/rpms/pdfbox.git:661f67442195e74f43cd502d98ff210765fcf4cf): free -> assigned
  114139437 buildSRPMFromSCM (/rpms/pdfbox.git:661f67442195e74f43cd502d98ff210765fcf4cf): assigned -> open (buildvm-x86-15.iad2.fedoraproject.org)
  114139437 buildSRPMFromSCM (/rpms/pdfbox.git:661f67442195e74f43cd502d98ff210765fcf4cf): open (buildvm-x86-15.iad2.fedoraproject.org) -> closed
  0 free  1 open  1 done  0 failed
  114139543 buildArch (pdfbox-2.0.29-5.fc41.src.rpm, noarch): free
  114139543 buildArch (pdfbox-2.0.29-5.fc41.src.rpm, noarch): free -> open (buildhw-x86-05.iad2.fedoraproject.org)
  114139543 buildArch (pdfbox-2.0.29-5.fc41.src.rpm, noarch): open (buildhw-x86-05.iad2.fedoraproject.org) -> FAILED: BuildError: error building package (arch noarch), mock exited with status 1; see build.log or root.log for more information
  Relevant logs:
  https://kojipkgs.fedoraproject.org/work/tasks/9543/114139543/state.log
  https://kojipkgs.fedoraproject.org/work/tasks/9543/114139543/build.log
  https://kojipkgs.fedoraproject.org/work/tasks/9543/114139543/root.log
  https://kojipkgs.fedoraproject.org/work/tasks/9543/114139543/mock_output.log
  https://kojipkgs.fedoraproject.org/work/tasks/9543/114139543/hw_info.log
  0 free  1 open  1 done  1 failed
114139424 build (f41-build-side-84507, /rpms/pdfbox.git:661f67442195e74f43cd502d98ff210765fcf4cf): open (buildvm-a64-26.iad2.fedoraproject.org) -> FAILED: BuildError: error building package (arch noarch), mock exited with status 1; see build.log or root.log for more information
  0 free  0 open  1 done  2 failed

114139424 build (f41-build-side-84507, /rpms/pdfbox.git:661f67442195e74f43cd502d98ff210765fcf4cf) failed
