Cloning into 'pentaho-reporting-flow-engine'...
[f40 c02ea72] Rebuilt for java-21-openjdk as system jdk
 1 file changed, 4 insertions(+), 1 deletion(-)
warning: %patchN is deprecated (1 usages found), use %patch N (or %patch -P N)

Building pentaho-reporting-flow-engine-0.9.4-35.fc40 for f40-build-side-84857
Created task: 114355293
Task info: https://koji.fedoraproject.org/koji/taskinfo?taskID=114355293
Watching tasks (this may be safely interrupted)...
114355293 build (f40-build-side-84857, /rpms/pentaho-reporting-flow-engine.git:c02ea726b3892b6f70392293ef7b68fdad0b697b): free
114355293 build (f40-build-side-84857, /rpms/pentaho-reporting-flow-engine.git:c02ea726b3892b6f70392293ef7b68fdad0b697b): free -> assigned
114355293 build (f40-build-side-84857, /rpms/pentaho-reporting-flow-engine.git:c02ea726b3892b6f70392293ef7b68fdad0b697b): assigned -> open (buildvm-a64-38.iad2.fedoraproject.org)
  114355305 buildSRPMFromSCM (/rpms/pentaho-reporting-flow-engine.git:c02ea726b3892b6f70392293ef7b68fdad0b697b): free
  114355305 buildSRPMFromSCM (/rpms/pentaho-reporting-flow-engine.git:c02ea726b3892b6f70392293ef7b68fdad0b697b): free -> assigned
  114355305 buildSRPMFromSCM (/rpms/pentaho-reporting-flow-engine.git:c02ea726b3892b6f70392293ef7b68fdad0b697b): assigned -> open (buildvm-a64-13.iad2.fedoraproject.org)
  114355305 buildSRPMFromSCM (/rpms/pentaho-reporting-flow-engine.git:c02ea726b3892b6f70392293ef7b68fdad0b697b): open (buildvm-a64-13.iad2.fedoraproject.org) -> closed
  0 free  1 open  1 done  0 failed
  114355345 buildArch (pentaho-reporting-flow-engine-0.9.4-35.fc40.src.rpm, noarch): free
  114355345 buildArch (pentaho-reporting-flow-engine-0.9.4-35.fc40.src.rpm, noarch): free -> assigned
  114355345 buildArch (pentaho-reporting-flow-engine-0.9.4-35.fc40.src.rpm, noarch): assigned -> open (buildvm-ppc64le-17.iad2.fedoraproject.org)
  114355345 buildArch (pentaho-reporting-flow-engine-0.9.4-35.fc40.src.rpm, noarch): open (buildvm-ppc64le-17.iad2.fedoraproject.org) -> closed
  0 free  1 open  2 done  0 failed
  114355399 tagBuild (noarch): free
  114355399 tagBuild (noarch): free -> assigned
  114355399 tagBuild (noarch): assigned -> closed
  0 free  1 open  3 done  0 failed
114355293 build (f40-build-side-84857, /rpms/pentaho-reporting-flow-engine.git:c02ea726b3892b6f70392293ef7b68fdad0b697b): open (buildvm-a64-38.iad2.fedoraproject.org) -> closed
  0 free  0 open  4 done  0 failed

114355293 build (f40-build-side-84857, /rpms/pentaho-reporting-flow-engine.git:c02ea726b3892b6f70392293ef7b68fdad0b697b) completed successfully
