Cloning into 'picocli'...
[rawhide 4d48a15] Rebuilt for java-21-openjdk as system jdk
 1 file changed, 4 insertions(+), 1 deletion(-)
Building picocli-4.7.4-5.fc41 for f41-build-side-84507
Created task: 114139549
Task info: https://koji.fedoraproject.org/koji/taskinfo?taskID=114139549
Watching tasks (this may be safely interrupted)...
114139549 build (f41-build-side-84507, /rpms/picocli.git:4d48a154e37d79a362a9932aa0ec0ce5f527ef92): free
114139549 build (f41-build-side-84507, /rpms/picocli.git:4d48a154e37d79a362a9932aa0ec0ce5f527ef92): free -> open (buildhw-x86-13.iad2.fedoraproject.org)
  114139592 buildSRPMFromSCM (/rpms/picocli.git:4d48a154e37d79a362a9932aa0ec0ce5f527ef92): free
  114139592 buildSRPMFromSCM (/rpms/picocli.git:4d48a154e37d79a362a9932aa0ec0ce5f527ef92): free -> assigned
  114139592 buildSRPMFromSCM (/rpms/picocli.git:4d48a154e37d79a362a9932aa0ec0ce5f527ef92): assigned -> open (buildvm-x86-21.iad2.fedoraproject.org)
  114139592 buildSRPMFromSCM (/rpms/picocli.git:4d48a154e37d79a362a9932aa0ec0ce5f527ef92): open (buildvm-x86-21.iad2.fedoraproject.org) -> closed
  0 free  1 open  1 done  0 failed
  114139917 buildArch (picocli-4.7.4-5.fc41.src.rpm, noarch): free
  114139917 buildArch (picocli-4.7.4-5.fc41.src.rpm, noarch): free -> open (buildhw-x86-05.iad2.fedoraproject.org)
  114140039 tagBuild (noarch): free
  114139917 buildArch (picocli-4.7.4-5.fc41.src.rpm, noarch): open (buildhw-x86-05.iad2.fedoraproject.org) -> closed
  1 free  1 open  2 done  0 failed
  114140039 tagBuild (noarch): free -> closed
  0 free  1 open  3 done  0 failed
114139549 build (f41-build-side-84507, /rpms/picocli.git:4d48a154e37d79a362a9932aa0ec0ce5f527ef92): open (buildhw-x86-13.iad2.fedoraproject.org) -> closed
  0 free  0 open  4 done  0 failed

114139549 build (f41-build-side-84507, /rpms/picocli.git:4d48a154e37d79a362a9932aa0ec0ce5f527ef92) completed successfully
