Cloning into 'pl'...
@@@@@@@@@@@@@@@@@@@@@@@@@@@@@@@@@@@@@@@@@@@@@@@@@@@@@@@@@@@
@    WARNING: REMOTE HOST IDENTIFICATION HAS CHANGED!     @
@@@@@@@@@@@@@@@@@@@@@@@@@@@@@@@@@@@@@@@@@@@@@@@@@@@@@@@@@@@
IT IS POSSIBLE THAT SOMEONE IS DOING SOMETHING NASTY!
Someone could be eavesdropping on you right now (man-in-the-middle attack)!
It is also possible that a host key has just been changed.
The fingerprint for the RSA key sent by the remote host is
SHA256:dJN0nFWBcWK7SFs2k0nnsO+XNA9+aEDY4FWO7uhxTN8.
Please contact your system administrator.
Add correct host key in /home/jvanek/.ssh/known_hosts to get rid of this message.
Offending RSA key in /home/jvanek/.ssh/known_hosts:2
Password authentication is disabled to avoid man-in-the-middle attacks.
Keyboard-interactive authentication is disabled to avoid man-in-the-middle attacks.
UpdateHostkeys is disabled because the host key is not trusted.
RPMAutoSpec usage detected, not changing the spec file.
[rawhide 0e3c032] Rebuilt for java-25-openjdk as preffered jdk
 1 file changed, 2 insertions(+), 2 deletions(-)
Building pl-9.2.9-8.fc43 for rawhide
Created task: 135457137
Task info: https://koji.fedoraproject.org/koji/taskinfo?taskID=135457137
Watching tasks (this may be safely interrupted)...
135457137 build (rawhide, /rpms/pl.git:0e3c032d50ec41c51a9a859217f0ffa4a077627b): free
135457137 build (rawhide, /rpms/pl.git:0e3c032d50ec41c51a9a859217f0ffa4a077627b): free -> assigned (buildvm-ppc64le-16.rdu3.fedoraproject.org)
135457137 build (rawhide, /rpms/pl.git:0e3c032d50ec41c51a9a859217f0ffa4a077627b): assigned (buildvm-ppc64le-16.rdu3.fedoraproject.org) -> open (buildvm-ppc64le-16.rdu3.fedoraproject.org)
  135457181 buildSRPMFromSCM (/rpms/pl.git:0e3c032d50ec41c51a9a859217f0ffa4a077627b): free
  135457181 buildSRPMFromSCM (/rpms/pl.git:0e3c032d50ec41c51a9a859217f0ffa4a077627b): free -> open (buildvm-s390x-06.s390.fedoraproject.org)
  135457181 buildSRPMFromSCM (/rpms/pl.git:0e3c032d50ec41c51a9a859217f0ffa4a077627b): open (buildvm-s390x-06.s390.fedoraproject.org) -> closed
  0 free  1 open  1 done  0 failed
  135457535 buildArch (pl-9.2.9-8.fc43.src.rpm, x86_64): free
  135457536 buildArch (pl-9.2.9-8.fc43.src.rpm, aarch64): free
  135457537 buildArch (pl-9.2.9-8.fc43.src.rpm, ppc64le): free
  135457538 buildArch (pl-9.2.9-8.fc43.src.rpm, s390x): free
  135457535 buildArch (pl-9.2.9-8.fc43.src.rpm, x86_64): free -> open (buildvm-x86-13.rdu3.fedoraproject.org)
  135457536 buildArch (pl-9.2.9-8.fc43.src.rpm, aarch64): free -> assigned (buildvm-a64-42.rdu3.fedoraproject.org)
  135457537 buildArch (pl-9.2.9-8.fc43.src.rpm, ppc64le): free -> assigned (buildvm-ppc64le-11.rdu3.fedoraproject.org)
  135457536 buildArch (pl-9.2.9-8.fc43.src.rpm, aarch64): assigned (buildvm-a64-42.rdu3.fedoraproject.org) -> open (buildvm-a64-42.rdu3.fedoraproject.org)
  135457537 buildArch (pl-9.2.9-8.fc43.src.rpm, ppc64le): assigned (buildvm-ppc64le-11.rdu3.fedoraproject.org) -> open (buildvm-ppc64le-11.rdu3.fedoraproject.org)
  135457538 buildArch (pl-9.2.9-8.fc43.src.rpm, s390x): free -> open (buildvm-s390x-06.s390.fedoraproject.org)
  135457535 buildArch (pl-9.2.9-8.fc43.src.rpm, x86_64): open (buildvm-x86-13.rdu3.fedoraproject.org) -> closed
  0 free  4 open  2 done  0 failed
  135457536 buildArch (pl-9.2.9-8.fc43.src.rpm, aarch64): open (buildvm-a64-42.rdu3.fedoraproject.org) -> closed
  0 free  3 open  3 done  0 failed
  135457537 buildArch (pl-9.2.9-8.fc43.src.rpm, ppc64le): open (buildvm-ppc64le-11.rdu3.fedoraproject.org) -> closed
  0 free  2 open  4 done  0 failed
  135457538 buildArch (pl-9.2.9-8.fc43.src.rpm, s390x): open (buildvm-s390x-06.s390.fedoraproject.org) -> closed
  0 free  1 open  5 done  0 failed
  135458010 tagBuild (noarch): free
  135458010 tagBuild (noarch): free -> assigned (buildvm-x86-09.rdu3.fedoraproject.org)
  135458010 tagBuild (noarch): assigned (buildvm-x86-09.rdu3.fedoraproject.org) -> closed
  0 free  1 open  6 done  0 failed
135457137 build (rawhide, /rpms/pl.git:0e3c032d50ec41c51a9a859217f0ffa4a077627b): open (buildvm-ppc64le-16.rdu3.fedoraproject.org) -> closed
  0 free  0 open  7 done  0 failed

135457137 build (rawhide, /rpms/pl.git:0e3c032d50ec41c51a9a859217f0ffa4a077627b) completed successfully
