Cloning into 'plexus-classworlds'...
[rawhide 0ba5306] Rebuilt for java-21-openjdk as system jdk
 1 file changed, 4 insertions(+), 1 deletion(-)
Found a gating.yaml file in the repo and it is properly configured
Building plexus-classworlds-2.8.0-3.fc41 for f41-build-side-84507
Created task: 114139783
Task info: https://koji.fedoraproject.org/koji/taskinfo?taskID=114139783
Watching tasks (this may be safely interrupted)...
114139783 build (f41-build-side-84507, /rpms/plexus-classworlds.git:0ba5306d9aefc7583349e4f6cb5c837b6803380a): free
114139783 build (f41-build-side-84507, /rpms/plexus-classworlds.git:0ba5306d9aefc7583349e4f6cb5c837b6803380a): free -> open (buildhw-x86-04.iad2.fedoraproject.org)
  114139796 buildSRPMFromSCM (/rpms/plexus-classworlds.git:0ba5306d9aefc7583349e4f6cb5c837b6803380a): free
  114139796 buildSRPMFromSCM (/rpms/plexus-classworlds.git:0ba5306d9aefc7583349e4f6cb5c837b6803380a): free -> assigned
  114139796 buildSRPMFromSCM (/rpms/plexus-classworlds.git:0ba5306d9aefc7583349e4f6cb5c837b6803380a): assigned -> open (buildvm-x86-09.iad2.fedoraproject.org)
  114139796 buildSRPMFromSCM (/rpms/plexus-classworlds.git:0ba5306d9aefc7583349e4f6cb5c837b6803380a): open (buildvm-x86-09.iad2.fedoraproject.org) -> closed
  0 free  1 open  1 done  0 failed
  114139951 buildArch (plexus-classworlds-2.8.0-3.fc41.src.rpm, noarch): assigned
  114139951 buildArch (plexus-classworlds-2.8.0-3.fc41.src.rpm, noarch): assigned -> open (buildhw-a64-23.iad2.fedoraproject.org)
  114139951 buildArch (plexus-classworlds-2.8.0-3.fc41.src.rpm, noarch): open (buildhw-a64-23.iad2.fedoraproject.org) -> closed
  0 free  1 open  2 done  0 failed
  114140070 tagBuild (noarch): free
114139783 build (f41-build-side-84507, /rpms/plexus-classworlds.git:0ba5306d9aefc7583349e4f6cb5c837b6803380a): open (buildhw-x86-04.iad2.fedoraproject.org) -> closed
  1 free  0 open  3 done  0 failed
  114140070 tagBuild (noarch): free -> closed
  0 free  0 open  4 done  0 failed

114139783 build (f41-build-side-84507, /rpms/plexus-classworlds.git:0ba5306d9aefc7583349e4f6cb5c837b6803380a) completed successfully
