Cloning into 'plexus-interpolation'...
[rawhide d221c6a] Rebuilt for java-21-openjdk as system jdk
 1 file changed, 4 insertions(+), 1 deletion(-)
Found a gating.yaml file in the repo and it is properly configured
Building plexus-interpolation-1.27-3.fc41 for f41-build-side-84507
Created task: 114140037
Task info: https://koji.fedoraproject.org/koji/taskinfo?taskID=114140037
Watching tasks (this may be safely interrupted)...
114140037 build (f41-build-side-84507, /rpms/plexus-interpolation.git:d221c6a1b82713c6d9e7039dc111ae99c9f9d3b7): free
114140037 build (f41-build-side-84507, /rpms/plexus-interpolation.git:d221c6a1b82713c6d9e7039dc111ae99c9f9d3b7): free -> assigned
114140037 build (f41-build-side-84507, /rpms/plexus-interpolation.git:d221c6a1b82713c6d9e7039dc111ae99c9f9d3b7): assigned -> open (buildhw-x86-05.iad2.fedoraproject.org)
  114140060 buildSRPMFromSCM (/rpms/plexus-interpolation.git:d221c6a1b82713c6d9e7039dc111ae99c9f9d3b7): free
  114140060 buildSRPMFromSCM (/rpms/plexus-interpolation.git:d221c6a1b82713c6d9e7039dc111ae99c9f9d3b7): free -> assigned
  114140060 buildSRPMFromSCM (/rpms/plexus-interpolation.git:d221c6a1b82713c6d9e7039dc111ae99c9f9d3b7): assigned -> open (buildvm-a64-09.iad2.fedoraproject.org)
  114140060 buildSRPMFromSCM (/rpms/plexus-interpolation.git:d221c6a1b82713c6d9e7039dc111ae99c9f9d3b7): open (buildvm-a64-09.iad2.fedoraproject.org) -> closed
  0 free  1 open  1 done  0 failed
  114140147 buildArch (plexus-interpolation-1.27-3.fc41.src.rpm, noarch): free
  114140147 buildArch (plexus-interpolation-1.27-3.fc41.src.rpm, noarch): free -> assigned
  114140147 buildArch (plexus-interpolation-1.27-3.fc41.src.rpm, noarch): assigned -> open (buildvm-ppc64le-08.iad2.fedoraproject.org)
  114140147 buildArch (plexus-interpolation-1.27-3.fc41.src.rpm, noarch): open (buildvm-ppc64le-08.iad2.fedoraproject.org) -> closed
  0 free  1 open  2 done  0 failed
  114140306 tagBuild (noarch): free
  114140306 tagBuild (noarch): free -> assigned
114140037 build (f41-build-side-84507, /rpms/plexus-interpolation.git:d221c6a1b82713c6d9e7039dc111ae99c9f9d3b7): open (buildhw-x86-05.iad2.fedoraproject.org) -> closed
  0 free  1 open  3 done  0 failed
  114140306 tagBuild (noarch): assigned -> closed
  0 free  0 open  4 done  0 failed

114140037 build (f41-build-side-84507, /rpms/plexus-interpolation.git:d221c6a1b82713c6d9e7039dc111ae99c9f9d3b7) completed successfully
