Cloning into 'plexus-cipher'...
[rawhide 0fb20a0] Rebuilt for java-21-openjdk as system jdk
 1 file changed, 4 insertions(+), 1 deletion(-)
Found a gating.yaml file in the repo and it is properly configured
Building plexus-cipher-2.0-11.fc41 for f41-build-side-84507
Created task: 114139763
Task info: https://koji.fedoraproject.org/koji/taskinfo?taskID=114139763
Watching tasks (this may be safely interrupted)...
114139763 build (f41-build-side-84507, /rpms/plexus-cipher.git:0fb20a07d1bb588107f5b40ce2c1114488d6f4c7): free
114139763 build (f41-build-side-84507, /rpms/plexus-cipher.git:0fb20a07d1bb588107f5b40ce2c1114488d6f4c7): free -> open (buildhw-x86-01.iad2.fedoraproject.org)
  114139797 buildSRPMFromSCM (/rpms/plexus-cipher.git:0fb20a07d1bb588107f5b40ce2c1114488d6f4c7): free
  114139797 buildSRPMFromSCM (/rpms/plexus-cipher.git:0fb20a07d1bb588107f5b40ce2c1114488d6f4c7): free -> assigned
  114139797 buildSRPMFromSCM (/rpms/plexus-cipher.git:0fb20a07d1bb588107f5b40ce2c1114488d6f4c7): assigned -> open (buildvm-x86-15.iad2.fedoraproject.org)
  114139977 buildArch (plexus-cipher-2.0-11.fc41.src.rpm, noarch): free
  114139797 buildSRPMFromSCM (/rpms/plexus-cipher.git:0fb20a07d1bb588107f5b40ce2c1114488d6f4c7): open (buildvm-x86-15.iad2.fedoraproject.org) -> closed
  1 free  1 open  1 done  0 failed
  114139977 buildArch (plexus-cipher-2.0-11.fc41.src.rpm, noarch): free -> open (buildhw-x86-04.iad2.fedoraproject.org)
  114139977 buildArch (plexus-cipher-2.0-11.fc41.src.rpm, noarch): open (buildhw-x86-04.iad2.fedoraproject.org) -> closed
  0 free  1 open  2 done  0 failed
  114140091 tagBuild (noarch): free
  114140091 tagBuild (noarch): free -> assigned
114139763 build (f41-build-side-84507, /rpms/plexus-cipher.git:0fb20a07d1bb588107f5b40ce2c1114488d6f4c7): open (buildhw-x86-01.iad2.fedoraproject.org) -> closed
  0 free  1 open  3 done  0 failed
  114140091 tagBuild (noarch): assigned -> closed
  0 free  0 open  4 done  0 failed

114139763 build (f41-build-side-84507, /rpms/plexus-cipher.git:0fb20a07d1bb588107f5b40ce2c1114488d6f4c7) completed successfully
