Cloning into 'plexus-pom'...
[rawhide 995f7c5] Rebuilt for java-21-openjdk as system jdk
 1 file changed, 4 insertions(+), 1 deletion(-)
Found a gating.yaml file in the repo and it is properly configured
Building plexus-pom-16-3.fc41 for f41-build-side-84507
Created task: 114140141
Task info: https://koji.fedoraproject.org/koji/taskinfo?taskID=114140141
Watching tasks (this may be safely interrupted)...
114140141 build (f41-build-side-84507, /rpms/plexus-pom.git:995f7c524ac12d7ba88c0ffd31222d1af771b282): free
114140141 build (f41-build-side-84507, /rpms/plexus-pom.git:995f7c524ac12d7ba88c0ffd31222d1af771b282): free -> open (buildvm-ppc64le-32.iad2.fedoraproject.org)
  114140143 buildSRPMFromSCM (/rpms/plexus-pom.git:995f7c524ac12d7ba88c0ffd31222d1af771b282): free
  114140143 buildSRPMFromSCM (/rpms/plexus-pom.git:995f7c524ac12d7ba88c0ffd31222d1af771b282): free -> assigned
  114140143 buildSRPMFromSCM (/rpms/plexus-pom.git:995f7c524ac12d7ba88c0ffd31222d1af771b282): assigned -> open (buildvm-x86-23.iad2.fedoraproject.org)
  114140143 buildSRPMFromSCM (/rpms/plexus-pom.git:995f7c524ac12d7ba88c0ffd31222d1af771b282): open (buildvm-x86-23.iad2.fedoraproject.org) -> closed
  0 free  1 open  1 done  0 failed
  114140244 buildArch (plexus-pom-16-3.fc41.src.rpm, noarch): free
  114140244 buildArch (plexus-pom-16-3.fc41.src.rpm, noarch): free -> assigned
  114140244 buildArch (plexus-pom-16-3.fc41.src.rpm, noarch): assigned -> open (buildhw-x86-08.iad2.fedoraproject.org)
  114140362 tagBuild (noarch): free
  114140244 buildArch (plexus-pom-16-3.fc41.src.rpm, noarch): open (buildhw-x86-08.iad2.fedoraproject.org) -> closed
  1 free  1 open  2 done  0 failed
  114140362 tagBuild (noarch): free -> closed
  0 free  1 open  3 done  0 failed
114140141 build (f41-build-side-84507, /rpms/plexus-pom.git:995f7c524ac12d7ba88c0ffd31222d1af771b282): open (buildvm-ppc64le-32.iad2.fedoraproject.org) -> closed
  0 free  0 open  4 done  0 failed

114140141 build (f41-build-side-84507, /rpms/plexus-pom.git:995f7c524ac12d7ba88c0ffd31222d1af771b282) completed successfully
