Cloning into 'plexus-resources'...
@@@@@@@@@@@@@@@@@@@@@@@@@@@@@@@@@@@@@@@@@@@@@@@@@@@@@@@@@@@
@    WARNING: REMOTE HOST IDENTIFICATION HAS CHANGED!     @
@@@@@@@@@@@@@@@@@@@@@@@@@@@@@@@@@@@@@@@@@@@@@@@@@@@@@@@@@@@
IT IS POSSIBLE THAT SOMEONE IS DOING SOMETHING NASTY!
Someone could be eavesdropping on you right now (man-in-the-middle attack)!
It is also possible that a host key has just been changed.
The fingerprint for the RSA key sent by the remote host is
SHA256:dJN0nFWBcWK7SFs2k0nnsO+XNA9+aEDY4FWO7uhxTN8.
Please contact your system administrator.
Add correct host key in /home/jvanek/.ssh/known_hosts to get rid of this message.
Offending RSA key in /home/jvanek/.ssh/known_hosts:2
Password authentication is disabled to avoid man-in-the-middle attacks.
Keyboard-interactive authentication is disabled to avoid man-in-the-middle attacks.
UpdateHostkeys is disabled because the host key is not trusted.
RPMAutoSpec usage detected, not changing the spec file.
[rawhide 6de8acf] Rebuilt for java-25-openjdk as preffered jdk
Found a gating.yaml file in the repo and it is properly configured
Building plexus-resources-1.3.0-17.fc43 for rawhide
Created task: 135457422
Task info: https://koji.fedoraproject.org/koji/taskinfo?taskID=135457422
Watching tasks (this may be safely interrupted)...
135457422 build (rawhide, /rpms/plexus-resources.git:6de8acf6fc58fbeb21552579f27dc1fc742ad29a): free
135457422 build (rawhide, /rpms/plexus-resources.git:6de8acf6fc58fbeb21552579f27dc1fc742ad29a): free -> assigned (buildvm-ppc64le-15.rdu3.fedoraproject.org)
135457422 build (rawhide, /rpms/plexus-resources.git:6de8acf6fc58fbeb21552579f27dc1fc742ad29a): assigned (buildvm-ppc64le-15.rdu3.fedoraproject.org) -> open (buildvm-ppc64le-15.rdu3.fedoraproject.org)
  135457440 buildSRPMFromSCM (/rpms/plexus-resources.git:6de8acf6fc58fbeb21552579f27dc1fc742ad29a): free
  135457440 buildSRPMFromSCM (/rpms/plexus-resources.git:6de8acf6fc58fbeb21552579f27dc1fc742ad29a): free -> assigned (buildvm-s390x-09.s390.fedoraproject.org)
  135457440 buildSRPMFromSCM (/rpms/plexus-resources.git:6de8acf6fc58fbeb21552579f27dc1fc742ad29a): assigned (buildvm-s390x-09.s390.fedoraproject.org) -> open (buildvm-s390x-09.s390.fedoraproject.org)
  135457440 buildSRPMFromSCM (/rpms/plexus-resources.git:6de8acf6fc58fbeb21552579f27dc1fc742ad29a): open (buildvm-s390x-09.s390.fedoraproject.org) -> closed
  0 free  1 open  1 done  0 failed
  135457631 buildArch (plexus-resources-1.3.0-17.fc43.src.rpm, noarch): free
  135457631 buildArch (plexus-resources-1.3.0-17.fc43.src.rpm, noarch): free -> assigned (buildvm-s390x-06.s390.fedoraproject.org)
  135457631 buildArch (plexus-resources-1.3.0-17.fc43.src.rpm, noarch): assigned (buildvm-s390x-06.s390.fedoraproject.org) -> open (buildvm-s390x-06.s390.fedoraproject.org)
  135457631 buildArch (plexus-resources-1.3.0-17.fc43.src.rpm, noarch): open (buildvm-s390x-06.s390.fedoraproject.org) -> closed
  0 free  1 open  2 done  0 failed
  135457748 tagBuild (noarch): free
  135457748 tagBuild (noarch): free -> assigned (buildvm-a64-07.rdu3.fedoraproject.org)
  135457748 tagBuild (noarch): assigned (buildvm-a64-07.rdu3.fedoraproject.org) -> closed
  0 free  1 open  3 done  0 failed
135457422 build (rawhide, /rpms/plexus-resources.git:6de8acf6fc58fbeb21552579f27dc1fc742ad29a): open (buildvm-ppc64le-15.rdu3.fedoraproject.org) -> closed
  0 free  0 open  4 done  0 failed

135457422 build (rawhide, /rpms/plexus-resources.git:6de8acf6fc58fbeb21552579f27dc1fc742ad29a) completed successfully
