Cloning into 'plexus-build-api'...
[f40 8feac4a] Rebuilt for java-21-openjdk as system jdk
 1 file changed, 4 insertions(+), 1 deletion(-)
Found a gating.yaml file in the repo and it is properly configured
Building plexus-build-api-1.2.0-6.fc40 for f40-build-side-84857
Created task: 114355341
Task info: https://koji.fedoraproject.org/koji/taskinfo?taskID=114355341
Watching tasks (this may be safely interrupted)...
114355341 build (f40-build-side-84857, /rpms/plexus-build-api.git:8feac4a5d9db5eac48f70ae7b3531bb887a504bd): free
114355341 build (f40-build-side-84857, /rpms/plexus-build-api.git:8feac4a5d9db5eac48f70ae7b3531bb887a504bd): free -> open (buildvm-a64-32.iad2.fedoraproject.org)
  114355343 buildSRPMFromSCM (/rpms/plexus-build-api.git:8feac4a5d9db5eac48f70ae7b3531bb887a504bd): free
  114355343 buildSRPMFromSCM (/rpms/plexus-build-api.git:8feac4a5d9db5eac48f70ae7b3531bb887a504bd): free -> assigned
  114355343 buildSRPMFromSCM (/rpms/plexus-build-api.git:8feac4a5d9db5eac48f70ae7b3531bb887a504bd): assigned -> open (buildvm-a64-27.iad2.fedoraproject.org)
  114355343 buildSRPMFromSCM (/rpms/plexus-build-api.git:8feac4a5d9db5eac48f70ae7b3531bb887a504bd): open (buildvm-a64-27.iad2.fedoraproject.org) -> closed
  0 free  1 open  1 done  0 failed
  114355369 buildArch (plexus-build-api-1.2.0-6.fc40.src.rpm, noarch): free
  114355369 buildArch (plexus-build-api-1.2.0-6.fc40.src.rpm, noarch): free -> open (buildvm-a64-14.iad2.fedoraproject.org)
  114355435 tagBuild (noarch): free
  114355369 buildArch (plexus-build-api-1.2.0-6.fc40.src.rpm, noarch): open (buildvm-a64-14.iad2.fedoraproject.org) -> closed
  1 free  1 open  2 done  0 failed
  114355435 tagBuild (noarch): free -> assigned
114355341 build (f40-build-side-84857, /rpms/plexus-build-api.git:8feac4a5d9db5eac48f70ae7b3531bb887a504bd): open (buildvm-a64-32.iad2.fedoraproject.org) -> closed
  0 free  1 open  3 done  0 failed
  114355435 tagBuild (noarch): assigned -> closed
  0 free  0 open  4 done  0 failed

114355341 build (f40-build-side-84857, /rpms/plexus-build-api.git:8feac4a5d9db5eac48f70ae7b3531bb887a504bd) completed successfully
