Cloning into 'plexus-i18n'...
[rawhide 9576f28] Rebuilt for java-21-openjdk as system jdk
 1 file changed, 4 insertions(+), 1 deletion(-)
Building plexus-i18n-1.0-0.31.b10.4.fc41 for f41-build-side-84507
Created task: 114140025
Task info: https://koji.fedoraproject.org/koji/taskinfo?taskID=114140025
Watching tasks (this may be safely interrupted)...
114140025 build (f41-build-side-84507, /rpms/plexus-i18n.git:9576f280c48941c3eece6158a6c6b14da2905c77): free
114140025 build (f41-build-side-84507, /rpms/plexus-i18n.git:9576f280c48941c3eece6158a6c6b14da2905c77): free -> assigned
114140025 build (f41-build-side-84507, /rpms/plexus-i18n.git:9576f280c48941c3eece6158a6c6b14da2905c77): assigned -> open (buildhw-a64-24.iad2.fedoraproject.org)
  114140032 buildSRPMFromSCM (/rpms/plexus-i18n.git:9576f280c48941c3eece6158a6c6b14da2905c77): free
  114140032 buildSRPMFromSCM (/rpms/plexus-i18n.git:9576f280c48941c3eece6158a6c6b14da2905c77): free -> assigned
  114140032 buildSRPMFromSCM (/rpms/plexus-i18n.git:9576f280c48941c3eece6158a6c6b14da2905c77): assigned -> open (buildvm-a64-38.iad2.fedoraproject.org)
  114140032 buildSRPMFromSCM (/rpms/plexus-i18n.git:9576f280c48941c3eece6158a6c6b14da2905c77): open (buildvm-a64-38.iad2.fedoraproject.org) -> closed
  0 free  1 open  1 done  0 failed
  114140126 buildArch (plexus-i18n-1.0-0.31.b10.4.fc41.src.rpm, noarch): free
  114140126 buildArch (plexus-i18n-1.0-0.31.b10.4.fc41.src.rpm, noarch): free -> assigned
  114140126 buildArch (plexus-i18n-1.0-0.31.b10.4.fc41.src.rpm, noarch): assigned -> open (buildhw-x86-09.iad2.fedoraproject.org)
  114140126 buildArch (plexus-i18n-1.0-0.31.b10.4.fc41.src.rpm, noarch): open (buildhw-x86-09.iad2.fedoraproject.org) -> closed
  0 free  1 open  2 done  0 failed
  114140153 tagBuild (noarch): free
  114140153 tagBuild (noarch): free -> assigned
  114140153 tagBuild (noarch): assigned -> closed
  0 free  1 open  3 done  0 failed
114140025 build (f41-build-side-84507, /rpms/plexus-i18n.git:9576f280c48941c3eece6158a6c6b14da2905c77): open (buildhw-a64-24.iad2.fedoraproject.org) -> closed
  0 free  0 open  4 done  0 failed

114140025 build (f41-build-side-84507, /rpms/plexus-i18n.git:9576f280c48941c3eece6158a6c6b14da2905c77) completed successfully
