Cloning into 'plexus-components-pom'...
@@@@@@@@@@@@@@@@@@@@@@@@@@@@@@@@@@@@@@@@@@@@@@@@@@@@@@@@@@@
@    WARNING: REMOTE HOST IDENTIFICATION HAS CHANGED!     @
@@@@@@@@@@@@@@@@@@@@@@@@@@@@@@@@@@@@@@@@@@@@@@@@@@@@@@@@@@@
IT IS POSSIBLE THAT SOMEONE IS DOING SOMETHING NASTY!
Someone could be eavesdropping on you right now (man-in-the-middle attack)!
It is also possible that a host key has just been changed.
The fingerprint for the RSA key sent by the remote host is
SHA256:dJN0nFWBcWK7SFs2k0nnsO+XNA9+aEDY4FWO7uhxTN8.
Please contact your system administrator.
Add correct host key in /home/jvanek/.ssh/known_hosts to get rid of this message.
Offending RSA key in /home/jvanek/.ssh/known_hosts:2
Password authentication is disabled to avoid man-in-the-middle attacks.
Keyboard-interactive authentication is disabled to avoid man-in-the-middle attacks.
UpdateHostkeys is disabled because the host key is not trusted.
[rawhide e921e2f] Rebuilt for java-25-openjdk as preffered jdk
 1 file changed, 5 insertions(+), 2 deletions(-)
Found a gating.yaml file in the repo and it is properly configured
Building plexus-components-pom-14.2-9.fc43 for rawhide
Created task: 135457288
Task info: https://koji.fedoraproject.org/koji/taskinfo?taskID=135457288
Watching tasks (this may be safely interrupted)...
135457288 build (rawhide, /rpms/plexus-components-pom.git:e921e2f4f017df198de689f330d82aa9b2439269): free
135457288 build (rawhide, /rpms/plexus-components-pom.git:e921e2f4f017df198de689f330d82aa9b2439269): free -> assigned (buildvm-ppc64le-15.rdu3.fedoraproject.org)
135457288 build (rawhide, /rpms/plexus-components-pom.git:e921e2f4f017df198de689f330d82aa9b2439269): assigned (buildvm-ppc64le-15.rdu3.fedoraproject.org) -> open (buildvm-ppc64le-15.rdu3.fedoraproject.org)
  135457295 buildSRPMFromSCM (/rpms/plexus-components-pom.git:e921e2f4f017df198de689f330d82aa9b2439269): free
  135457295 buildSRPMFromSCM (/rpms/plexus-components-pom.git:e921e2f4f017df198de689f330d82aa9b2439269): free -> assigned (buildvm-a64-42.rdu3.fedoraproject.org)
  135457295 buildSRPMFromSCM (/rpms/plexus-components-pom.git:e921e2f4f017df198de689f330d82aa9b2439269): assigned (buildvm-a64-42.rdu3.fedoraproject.org) -> open (buildvm-a64-42.rdu3.fedoraproject.org)
  135457295 buildSRPMFromSCM (/rpms/plexus-components-pom.git:e921e2f4f017df198de689f330d82aa9b2439269): open (buildvm-a64-42.rdu3.fedoraproject.org) -> closed
  0 free  1 open  1 done  0 failed
  135457384 buildArch (plexus-components-pom-14.2-9.fc43.src.rpm, noarch): free
  135457384 buildArch (plexus-components-pom-14.2-9.fc43.src.rpm, noarch): free -> assigned (buildvm-a64-20.rdu3.fedoraproject.org)
  135457384 buildArch (plexus-components-pom-14.2-9.fc43.src.rpm, noarch): assigned (buildvm-a64-20.rdu3.fedoraproject.org) -> open (buildvm-a64-20.rdu3.fedoraproject.org)
  135457439 tagBuild (noarch): free
  135457384 buildArch (plexus-components-pom-14.2-9.fc43.src.rpm, noarch): open (buildvm-a64-20.rdu3.fedoraproject.org) -> closed
  1 free  1 open  2 done  0 failed
  135457439 tagBuild (noarch): free -> assigned (buildvm-a64-07.rdu3.fedoraproject.org)
  135457439 tagBuild (noarch): assigned (buildvm-a64-07.rdu3.fedoraproject.org) -> closed
  0 free  1 open  3 done  0 failed
135457288 build (rawhide, /rpms/plexus-components-pom.git:e921e2f4f017df198de689f330d82aa9b2439269): open (buildvm-ppc64le-15.rdu3.fedoraproject.org) -> closed
  0 free  0 open  4 done  0 failed

135457288 build (rawhide, /rpms/plexus-components-pom.git:e921e2f4f017df198de689f330d82aa9b2439269) completed successfully
