Cloning into 'plexus-build-api0'...
@@@@@@@@@@@@@@@@@@@@@@@@@@@@@@@@@@@@@@@@@@@@@@@@@@@@@@@@@@@
@    WARNING: REMOTE HOST IDENTIFICATION HAS CHANGED!     @
@@@@@@@@@@@@@@@@@@@@@@@@@@@@@@@@@@@@@@@@@@@@@@@@@@@@@@@@@@@
IT IS POSSIBLE THAT SOMEONE IS DOING SOMETHING NASTY!
Someone could be eavesdropping on you right now (man-in-the-middle attack)!
It is also possible that a host key has just been changed.
The fingerprint for the RSA key sent by the remote host is
SHA256:dJN0nFWBcWK7SFs2k0nnsO+XNA9+aEDY4FWO7uhxTN8.
Please contact your system administrator.
Add correct host key in /home/jvanek/.ssh/known_hosts to get rid of this message.
Offending RSA key in /home/jvanek/.ssh/known_hosts:2
Password authentication is disabled to avoid man-in-the-middle attacks.
Keyboard-interactive authentication is disabled to avoid man-in-the-middle attacks.
UpdateHostkeys is disabled because the host key is not trusted.
RPMAutoSpec usage detected, not changing the spec file.
[rawhide 4c85bb3] Rebuilt for java-25-openjdk as preffered jdk
Found a gating.yaml file in the repo and it is properly configured
Building plexus-build-api0-0.0.7-56.fc43 for rawhide
Created task: 135457199
Task info: https://koji.fedoraproject.org/koji/taskinfo?taskID=135457199
Watching tasks (this may be safely interrupted)...
135457199 build (rawhide, /rpms/plexus-build-api0.git:4c85bb3fa21fbbb4662d894c96b6af4251d0442e): free
135457199 build (rawhide, /rpms/plexus-build-api0.git:4c85bb3fa21fbbb4662d894c96b6af4251d0442e): free -> open (buildvm-a64-20.rdu3.fedoraproject.org)
  135457206 buildSRPMFromSCM (/rpms/plexus-build-api0.git:4c85bb3fa21fbbb4662d894c96b6af4251d0442e): free
  135457206 buildSRPMFromSCM (/rpms/plexus-build-api0.git:4c85bb3fa21fbbb4662d894c96b6af4251d0442e): free -> open (buildvm-s390x-06.s390.fedoraproject.org)
  135457206 buildSRPMFromSCM (/rpms/plexus-build-api0.git:4c85bb3fa21fbbb4662d894c96b6af4251d0442e): open (buildvm-s390x-06.s390.fedoraproject.org) -> closed
  0 free  1 open  1 done  0 failed
  135457540 buildArch (plexus-build-api0-0.0.7-56.fc43.src.rpm, noarch): free
  135457540 buildArch (plexus-build-api0-0.0.7-56.fc43.src.rpm, noarch): free -> assigned (buildvm-s390x-06.s390.fedoraproject.org)
  135457540 buildArch (plexus-build-api0-0.0.7-56.fc43.src.rpm, noarch): assigned (buildvm-s390x-06.s390.fedoraproject.org) -> open (buildvm-s390x-06.s390.fedoraproject.org)
  135457540 buildArch (plexus-build-api0-0.0.7-56.fc43.src.rpm, noarch): open (buildvm-s390x-06.s390.fedoraproject.org) -> closed
  0 free  1 open  2 done  0 failed
  135457719 tagBuild (noarch): free
135457199 build (rawhide, /rpms/plexus-build-api0.git:4c85bb3fa21fbbb4662d894c96b6af4251d0442e): open (buildvm-a64-20.rdu3.fedoraproject.org) -> closed
  1 free  0 open  3 done  0 failed
  135457719 tagBuild (noarch): free -> closed
  0 free  0 open  4 done  0 failed

135457199 build (rawhide, /rpms/plexus-build-api0.git:4c85bb3fa21fbbb4662d894c96b6af4251d0442e) completed successfully
