Cloning into 'plexus-languages'...
@@@@@@@@@@@@@@@@@@@@@@@@@@@@@@@@@@@@@@@@@@@@@@@@@@@@@@@@@@@
@    WARNING: REMOTE HOST IDENTIFICATION HAS CHANGED!     @
@@@@@@@@@@@@@@@@@@@@@@@@@@@@@@@@@@@@@@@@@@@@@@@@@@@@@@@@@@@
IT IS POSSIBLE THAT SOMEONE IS DOING SOMETHING NASTY!
Someone could be eavesdropping on you right now (man-in-the-middle attack)!
It is also possible that a host key has just been changed.
The fingerprint for the RSA key sent by the remote host is
SHA256:dJN0nFWBcWK7SFs2k0nnsO+XNA9+aEDY4FWO7uhxTN8.
Please contact your system administrator.
Add correct host key in /home/jvanek/.ssh/known_hosts to get rid of this message.
Offending RSA key in /home/jvanek/.ssh/known_hosts:2
Password authentication is disabled to avoid man-in-the-middle attacks.
Keyboard-interactive authentication is disabled to avoid man-in-the-middle attacks.
UpdateHostkeys is disabled because the host key is not trusted.
RPMAutoSpec usage detected, not changing the spec file.
[rawhide 5212ffd] Rebuilt for java-25-openjdk as preffered jdk
Found a gating.yaml file in the repo and it is properly configured
Building plexus-languages-1.2.0-19.fc43 for rawhide
Created task: 135457395
Task info: https://koji.fedoraproject.org/koji/taskinfo?taskID=135457395
Watching tasks (this may be safely interrupted)...
135457395 build (rawhide, /rpms/plexus-languages.git:5212ffdd6e796df22cefb91ac990fbc269e4e159): free
135457395 build (rawhide, /rpms/plexus-languages.git:5212ffdd6e796df22cefb91ac990fbc269e4e159): free -> assigned (buildvm-ppc64le-23.rdu3.fedoraproject.org)
135457395 build (rawhide, /rpms/plexus-languages.git:5212ffdd6e796df22cefb91ac990fbc269e4e159): assigned (buildvm-ppc64le-23.rdu3.fedoraproject.org) -> open (buildvm-ppc64le-23.rdu3.fedoraproject.org)
  135457410 buildSRPMFromSCM (/rpms/plexus-languages.git:5212ffdd6e796df22cefb91ac990fbc269e4e159): free
  135457410 buildSRPMFromSCM (/rpms/plexus-languages.git:5212ffdd6e796df22cefb91ac990fbc269e4e159): free -> assigned (buildvm-s390x-06.s390.fedoraproject.org)
  135457410 buildSRPMFromSCM (/rpms/plexus-languages.git:5212ffdd6e796df22cefb91ac990fbc269e4e159): assigned (buildvm-s390x-06.s390.fedoraproject.org) -> open (buildvm-s390x-06.s390.fedoraproject.org)
  135457410 buildSRPMFromSCM (/rpms/plexus-languages.git:5212ffdd6e796df22cefb91ac990fbc269e4e159): open (buildvm-s390x-06.s390.fedoraproject.org) -> closed
  0 free  1 open  1 done  0 failed
  135457613 buildArch (plexus-languages-1.2.0-19.fc43.src.rpm, noarch): free
  135457613 buildArch (plexus-languages-1.2.0-19.fc43.src.rpm, noarch): free -> assigned (buildvm-ppc64le-04.rdu3.fedoraproject.org)
  135457613 buildArch (plexus-languages-1.2.0-19.fc43.src.rpm, noarch): assigned (buildvm-ppc64le-04.rdu3.fedoraproject.org) -> open (buildvm-ppc64le-04.rdu3.fedoraproject.org)
  135457613 buildArch (plexus-languages-1.2.0-19.fc43.src.rpm, noarch): open (buildvm-ppc64le-04.rdu3.fedoraproject.org) -> closed
  0 free  1 open  2 done  0 failed
  135457707 tagBuild (noarch): free
  135457707 tagBuild (noarch): free -> closed
  0 free  1 open  3 done  0 failed
135457395 build (rawhide, /rpms/plexus-languages.git:5212ffdd6e796df22cefb91ac990fbc269e4e159): open (buildvm-ppc64le-23.rdu3.fedoraproject.org) -> closed
  0 free  0 open  4 done  0 failed

135457395 build (rawhide, /rpms/plexus-languages.git:5212ffdd6e796df22cefb91ac990fbc269e4e159) completed successfully
