Cloning into 'plexus-containers'...
[rawhide ba953e0] Rebuilt for java-21-openjdk as system jdk
 1 file changed, 4 insertions(+), 1 deletion(-)
Found a gating.yaml file in the repo and it is properly configured
Building plexus-containers-2.2.0-3.fc41 for f41-build-side-84507
Created task: 114139952
Task info: https://koji.fedoraproject.org/koji/taskinfo?taskID=114139952
Watching tasks (this may be safely interrupted)...
114139952 build (f41-build-side-84507, /rpms/plexus-containers.git:ba953e07fbf7a1a2385c18561bece37df3b34694): free
114139952 build (f41-build-side-84507, /rpms/plexus-containers.git:ba953e07fbf7a1a2385c18561bece37df3b34694): free -> assigned
114139952 build (f41-build-side-84507, /rpms/plexus-containers.git:ba953e07fbf7a1a2385c18561bece37df3b34694): assigned -> open (buildvm-ppc64le-03.iad2.fedoraproject.org)
  114140035 buildSRPMFromSCM (/rpms/plexus-containers.git:ba953e07fbf7a1a2385c18561bece37df3b34694): free
  114140035 buildSRPMFromSCM (/rpms/plexus-containers.git:ba953e07fbf7a1a2385c18561bece37df3b34694): free -> assigned
  114140035 buildSRPMFromSCM (/rpms/plexus-containers.git:ba953e07fbf7a1a2385c18561bece37df3b34694): assigned -> open (buildvm-a64-31.iad2.fedoraproject.org)
  114140130 buildArch (plexus-containers-2.2.0-3.fc41.src.rpm, noarch): free
  114140035 buildSRPMFromSCM (/rpms/plexus-containers.git:ba953e07fbf7a1a2385c18561bece37df3b34694): open (buildvm-a64-31.iad2.fedoraproject.org) -> closed
  1 free  1 open  1 done  0 failed
  114140130 buildArch (plexus-containers-2.2.0-3.fc41.src.rpm, noarch): free -> assigned
  114140130 buildArch (plexus-containers-2.2.0-3.fc41.src.rpm, noarch): assigned -> open (buildhw-x86-04.iad2.fedoraproject.org)
  114140130 buildArch (plexus-containers-2.2.0-3.fc41.src.rpm, noarch): open (buildhw-x86-04.iad2.fedoraproject.org) -> closed
  0 free  1 open  2 done  0 failed
  114140208 tagBuild (noarch): free
  114140208 tagBuild (noarch): free -> assigned
114139952 build (f41-build-side-84507, /rpms/plexus-containers.git:ba953e07fbf7a1a2385c18561bece37df3b34694): open (buildvm-ppc64le-03.iad2.fedoraproject.org) -> closed
  0 free  1 open  3 done  0 failed
  114140208 tagBuild (noarch): assigned -> closed
  0 free  0 open  4 done  0 failed

114139952 build (f41-build-side-84507, /rpms/plexus-containers.git:ba953e07fbf7a1a2385c18561bece37df3b34694) completed successfully
