Cloning into 'plexus-xml'...
@@@@@@@@@@@@@@@@@@@@@@@@@@@@@@@@@@@@@@@@@@@@@@@@@@@@@@@@@@@
@    WARNING: REMOTE HOST IDENTIFICATION HAS CHANGED!     @
@@@@@@@@@@@@@@@@@@@@@@@@@@@@@@@@@@@@@@@@@@@@@@@@@@@@@@@@@@@
IT IS POSSIBLE THAT SOMEONE IS DOING SOMETHING NASTY!
Someone could be eavesdropping on you right now (man-in-the-middle attack)!
It is also possible that a host key has just been changed.
The fingerprint for the RSA key sent by the remote host is
SHA256:dJN0nFWBcWK7SFs2k0nnsO+XNA9+aEDY4FWO7uhxTN8.
Please contact your system administrator.
Add correct host key in /home/jvanek/.ssh/known_hosts to get rid of this message.
Offending RSA key in /home/jvanek/.ssh/known_hosts:2
Password authentication is disabled to avoid man-in-the-middle attacks.
Keyboard-interactive authentication is disabled to avoid man-in-the-middle attacks.
UpdateHostkeys is disabled because the host key is not trusted.
RPMAutoSpec usage detected, not changing the spec file.
[rawhide 5f0b852] Rebuilt for java-25-openjdk as preffered jdk
Found a gating.yaml file in the repo and it is properly configured
Building plexus-xml-4.0.4-12.fc43 for rawhide
Created task: 135457511
Task info: https://koji.fedoraproject.org/koji/taskinfo?taskID=135457511
Watching tasks (this may be safely interrupted)...
135457511 build (rawhide, /rpms/plexus-xml.git:5f0b85268d31d3197decef911eee663f715c52ab): free
135457511 build (rawhide, /rpms/plexus-xml.git:5f0b85268d31d3197decef911eee663f715c52ab): free -> assigned (buildvm-a64-06.rdu3.fedoraproject.org)
135457511 build (rawhide, /rpms/plexus-xml.git:5f0b85268d31d3197decef911eee663f715c52ab): assigned (buildvm-a64-06.rdu3.fedoraproject.org) -> open (buildvm-a64-06.rdu3.fedoraproject.org)
  135457532 buildSRPMFromSCM (/rpms/plexus-xml.git:5f0b85268d31d3197decef911eee663f715c52ab): free
  135457532 buildSRPMFromSCM (/rpms/plexus-xml.git:5f0b85268d31d3197decef911eee663f715c52ab): free -> assigned (buildvm-x86-05.rdu3.fedoraproject.org)
  135457532 buildSRPMFromSCM (/rpms/plexus-xml.git:5f0b85268d31d3197decef911eee663f715c52ab): assigned (buildvm-x86-05.rdu3.fedoraproject.org) -> open (buildvm-x86-05.rdu3.fedoraproject.org)
  135457617 buildArch (plexus-xml-4.0.4-12.fc43.src.rpm, noarch): free
  135457532 buildSRPMFromSCM (/rpms/plexus-xml.git:5f0b85268d31d3197decef911eee663f715c52ab): open (buildvm-x86-05.rdu3.fedoraproject.org) -> closed
  1 free  1 open  1 done  0 failed
  135457617 buildArch (plexus-xml-4.0.4-12.fc43.src.rpm, noarch): free -> assigned (buildvm-ppc64le-09.rdu3.fedoraproject.org)
  135457617 buildArch (plexus-xml-4.0.4-12.fc43.src.rpm, noarch): assigned (buildvm-ppc64le-09.rdu3.fedoraproject.org) -> open (buildvm-ppc64le-09.rdu3.fedoraproject.org)
  135457617 buildArch (plexus-xml-4.0.4-12.fc43.src.rpm, noarch): open (buildvm-ppc64le-09.rdu3.fedoraproject.org) -> closed
  0 free  1 open  2 done  0 failed
  135457710 tagBuild (noarch): free
  135457710 tagBuild (noarch): free -> assigned (buildvm-x86-31.rdu3.fedoraproject.org)
135457511 build (rawhide, /rpms/plexus-xml.git:5f0b85268d31d3197decef911eee663f715c52ab): open (buildvm-a64-06.rdu3.fedoraproject.org) -> closed
  0 free  1 open  3 done  0 failed
  135457710 tagBuild (noarch): assigned (buildvm-x86-31.rdu3.fedoraproject.org) -> closed
  0 free  0 open  4 done  0 failed

135457511 build (rawhide, /rpms/plexus-xml.git:5f0b85268d31d3197decef911eee663f715c52ab) completed successfully
