Cloning into 'plexus-sec-dispatcher'...
[rawhide 9a195bd] Rebuilt for java-21-openjdk as system jdk
 1 file changed, 4 insertions(+), 1 deletion(-)
Found a gating.yaml file in the repo and it is properly configured
Building plexus-sec-dispatcher-2.0-13.fc41 for f41-build-side-84507
Created task: 114140151
Task info: https://koji.fedoraproject.org/koji/taskinfo?taskID=114140151
Watching tasks (this may be safely interrupted)...
114140151 build (f41-build-side-84507, /rpms/plexus-sec-dispatcher.git:9a195bd6ac01997457499af93dd7f6d9778a55bd): free
114140151 build (f41-build-side-84507, /rpms/plexus-sec-dispatcher.git:9a195bd6ac01997457499af93dd7f6d9778a55bd): free -> open (buildvm-a64-09.iad2.fedoraproject.org)
  114140173 buildSRPMFromSCM (/rpms/plexus-sec-dispatcher.git:9a195bd6ac01997457499af93dd7f6d9778a55bd): free
  114140173 buildSRPMFromSCM (/rpms/plexus-sec-dispatcher.git:9a195bd6ac01997457499af93dd7f6d9778a55bd): free -> assigned
  114140173 buildSRPMFromSCM (/rpms/plexus-sec-dispatcher.git:9a195bd6ac01997457499af93dd7f6d9778a55bd): assigned -> open (buildvm-a64-36.iad2.fedoraproject.org)
  114140173 buildSRPMFromSCM (/rpms/plexus-sec-dispatcher.git:9a195bd6ac01997457499af93dd7f6d9778a55bd): open (buildvm-a64-36.iad2.fedoraproject.org) -> closed
  0 free  1 open  1 done  0 failed
  114140289 buildArch (plexus-sec-dispatcher-2.0-13.fc41.src.rpm, noarch): free
  114140289 buildArch (plexus-sec-dispatcher-2.0-13.fc41.src.rpm, noarch): free -> assigned
  114140289 buildArch (plexus-sec-dispatcher-2.0-13.fc41.src.rpm, noarch): assigned -> open (buildvm-s390x-04.s390.fedoraproject.org)
  114140289 buildArch (plexus-sec-dispatcher-2.0-13.fc41.src.rpm, noarch): open (buildvm-s390x-04.s390.fedoraproject.org) -> closed
  0 free  1 open  2 done  0 failed
  114140465 tagBuild (noarch): free
  114140465 tagBuild (noarch): free -> assigned
114140151 build (f41-build-side-84507, /rpms/plexus-sec-dispatcher.git:9a195bd6ac01997457499af93dd7f6d9778a55bd): open (buildvm-a64-09.iad2.fedoraproject.org) -> closed
  0 free  1 open  3 done  0 failed
  114140465 tagBuild (noarch): assigned -> closed
  0 free  0 open  4 done  0 failed

114140151 build (f41-build-side-84507, /rpms/plexus-sec-dispatcher.git:9a195bd6ac01997457499af93dd7f6d9778a55bd) completed successfully
