Cloning into 'plexus-compiler'...
[rawhide 7e2e383] Rebuilt for java-21-openjdk as system jdk
 1 file changed, 4 insertions(+), 1 deletion(-)
Found a gating.yaml file in the repo and it is properly configured
Building plexus-compiler-2.14.2-3.fc41 for f41-build-side-84507
Created task: 114139815
Task info: https://koji.fedoraproject.org/koji/taskinfo?taskID=114139815
Watching tasks (this may be safely interrupted)...
114139815 build (f41-build-side-84507, /rpms/plexus-compiler.git:7e2e383f9a979934c63d4baeca0097d7518a9bc8): free
114139815 build (f41-build-side-84507, /rpms/plexus-compiler.git:7e2e383f9a979934c63d4baeca0097d7518a9bc8): free -> assigned
114139815 build (f41-build-side-84507, /rpms/plexus-compiler.git:7e2e383f9a979934c63d4baeca0097d7518a9bc8): assigned -> open (buildvm-ppc64le-13.iad2.fedoraproject.org)
  114139887 buildSRPMFromSCM (/rpms/plexus-compiler.git:7e2e383f9a979934c63d4baeca0097d7518a9bc8): free
  114139887 buildSRPMFromSCM (/rpms/plexus-compiler.git:7e2e383f9a979934c63d4baeca0097d7518a9bc8): free -> assigned
  114139887 buildSRPMFromSCM (/rpms/plexus-compiler.git:7e2e383f9a979934c63d4baeca0097d7518a9bc8): assigned -> open (buildvm-a64-31.iad2.fedoraproject.org)
  114139887 buildSRPMFromSCM (/rpms/plexus-compiler.git:7e2e383f9a979934c63d4baeca0097d7518a9bc8): open (buildvm-a64-31.iad2.fedoraproject.org) -> closed
  0 free  1 open  1 done  0 failed
  114140120 buildArch (plexus-compiler-2.14.2-3.fc41.src.rpm, noarch): free
  114140120 buildArch (plexus-compiler-2.14.2-3.fc41.src.rpm, noarch): free -> assigned
  114140120 buildArch (plexus-compiler-2.14.2-3.fc41.src.rpm, noarch): assigned -> open (buildhw-a64-24.iad2.fedoraproject.org)
  114140120 buildArch (plexus-compiler-2.14.2-3.fc41.src.rpm, noarch): open (buildhw-a64-24.iad2.fedoraproject.org) -> closed
  0 free  1 open  2 done  0 failed
  114140197 tagBuild (noarch): free
  114140197 tagBuild (noarch): free -> closed
  0 free  1 open  3 done  0 failed
114139815 build (f41-build-side-84507, /rpms/plexus-compiler.git:7e2e383f9a979934c63d4baeca0097d7518a9bc8): open (buildvm-ppc64le-13.iad2.fedoraproject.org) -> closed
  0 free  0 open  4 done  0 failed

114139815 build (f41-build-side-84507, /rpms/plexus-compiler.git:7e2e383f9a979934c63d4baeca0097d7518a9bc8) completed successfully
