Cloning into 'plplot'...
[rawhide 5df2875] Rebuilt for java-17-openjdk as system jdk
 1 file changed, 4 insertions(+), 1 deletion(-)
sh: line 1: octave-config: command not found
warning: Macro expanded in comment on line 65: %{commit}.zip

warning: Macro expanded in comment on line 614: %{_libdir}/ada/adalib/

warning: Macro expanded in comment on line 616: %{_libdir}/ada/adalib/plplotadad/

warning: Macro expanded in comment on line 619: %{_datadir}/ada/adainclude/

warning: Macro expanded in comment on line 621: %{_datadir}/ada/adainclude/plplotadad/


Building plplot-5.15.0-37.fc36 for f36-java17
Created task: 82433672
Task info: https://koji.fedoraproject.org/koji/taskinfo?taskID=82433672
Watching tasks (this may be safely interrupted)...
82433672 build (f36-java17, /rpms/plplot.git:5df2875a2ccdc06aae06e284eae955912e84a1ed): free
82433672 build (f36-java17, /rpms/plplot.git:5df2875a2ccdc06aae06e284eae955912e84a1ed): free -> open (buildvm-x86-24.iad2.fedoraproject.org)
  82433679 buildSRPMFromSCM (/rpms/plplot.git:5df2875a2ccdc06aae06e284eae955912e84a1ed): open (buildvm-ppc64le-37.iad2.fedoraproject.org)
  82433679 buildSRPMFromSCM (/rpms/plplot.git:5df2875a2ccdc06aae06e284eae955912e84a1ed): open (buildvm-ppc64le-37.iad2.fedoraproject.org) -> closed
  0 free  1 open  1 done  0 failed
  82433800 buildArch (plplot-5.15.0-37.fc36.src.rpm, armv7hl): open (buildvm-a32-30.iad2.fedoraproject.org)
  82433803 buildArch (plplot-5.15.0-37.fc36.src.rpm, aarch64): open (buildvm-a64-17.iad2.fedoraproject.org)
  82433801 buildArch (plplot-5.15.0-37.fc36.src.rpm, i686): free
  82433805 buildArch (plplot-5.15.0-37.fc36.src.rpm, s390x): free
  82433802 buildArch (plplot-5.15.0-37.fc36.src.rpm, x86_64): free
  82433804 buildArch (plplot-5.15.0-37.fc36.src.rpm, ppc64le): open (buildvm-ppc64le-24.iad2.fedoraproject.org)
  82433801 buildArch (plplot-5.15.0-37.fc36.src.rpm, i686): free -> open (buildvm-x86-28.iad2.fedoraproject.org)
  82433805 buildArch (plplot-5.15.0-37.fc36.src.rpm, s390x): free -> open (buildvm-s390x-21.s390.fedoraproject.org)
  82433802 buildArch (plplot-5.15.0-37.fc36.src.rpm, x86_64): free -> open (buildvm-x86-11.iad2.fedoraproject.org)
  82433802 buildArch (plplot-5.15.0-37.fc36.src.rpm, x86_64): open (buildvm-x86-11.iad2.fedoraproject.org) -> closed
  0 free  6 open  2 done  0 failed
  82433801 buildArch (plplot-5.15.0-37.fc36.src.rpm, i686): open (buildvm-x86-28.iad2.fedoraproject.org) -> closed
  0 free  5 open  3 done  0 failed
  82433805 buildArch (plplot-5.15.0-37.fc36.src.rpm, s390x): open (buildvm-s390x-21.s390.fedoraproject.org) -> closed
  0 free  4 open  4 done  0 failed
  82433803 buildArch (plplot-5.15.0-37.fc36.src.rpm, aarch64): open (buildvm-a64-17.iad2.fedoraproject.org) -> closed
  0 free  3 open  5 done  0 failed
  82433804 buildArch (plplot-5.15.0-37.fc36.src.rpm, ppc64le): open (buildvm-ppc64le-24.iad2.fedoraproject.org) -> closed
  0 free  2 open  6 done  0 failed
  82433800 buildArch (plplot-5.15.0-37.fc36.src.rpm, armv7hl): open (buildvm-a32-30.iad2.fedoraproject.org) -> closed
  0 free  1 open  7 done  0 failed
  82434514 tagBuild (noarch): free
82433672 build (f36-java17, /rpms/plplot.git:5df2875a2ccdc06aae06e284eae955912e84a1ed): open (buildvm-x86-24.iad2.fedoraproject.org) -> closed
  1 free  0 open  8 done  0 failed
  82434514 tagBuild (noarch): free -> closed
  0 free  0 open  9 done  0 failed

82433672 build (f36-java17, /rpms/plplot.git:5df2875a2ccdc06aae06e284eae955912e84a1ed) completed successfully
