Cloning into 'portlet-2.0-api'...
[rawhide 0a91f31] Rebuilt for java-17-openjdk as system jdk
 1 file changed, 4 insertions(+), 1 deletion(-)
Building portlet-2.0-api-1.0-26.fc36 for f36-java17
Created task: 82433716
Task info: https://koji.fedoraproject.org/koji/taskinfo?taskID=82433716
Watching tasks (this may be safely interrupted)...
82433716 build (f36-java17, /rpms/portlet-2.0-api.git:0a91f31b0e033c2b002b0fcb30b125d7711c9da0): free
82433716 build (f36-java17, /rpms/portlet-2.0-api.git:0a91f31b0e033c2b002b0fcb30b125d7711c9da0): free -> open (buildvm-ppc64le-40.iad2.fedoraproject.org)
  82433717 buildSRPMFromSCM (/rpms/portlet-2.0-api.git:0a91f31b0e033c2b002b0fcb30b125d7711c9da0): open (buildvm-ppc64le-35.iad2.fedoraproject.org)
  82433717 buildSRPMFromSCM (/rpms/portlet-2.0-api.git:0a91f31b0e033c2b002b0fcb30b125d7711c9da0): open (buildvm-ppc64le-35.iad2.fedoraproject.org) -> closed
  0 free  1 open  1 done  0 failed
  82433838 buildArch (portlet-2.0-api-1.0-26.fc36.src.rpm, noarch): free
  82433838 buildArch (portlet-2.0-api-1.0-26.fc36.src.rpm, noarch): free -> open (buildvm-x86-24.iad2.fedoraproject.org)
  82433838 buildArch (portlet-2.0-api-1.0-26.fc36.src.rpm, noarch): open (buildvm-x86-24.iad2.fedoraproject.org) -> FAILED: BuildError: error building package (arch noarch), mock exited with status 30; see root.log for more information
  Relevant logs:
  https://kojipkgs.fedoraproject.org/work/tasks/3838/82433838/mock_output.log
  https://kojipkgs.fedoraproject.org/work/tasks/3838/82433838/hw_info.log
  https://kojipkgs.fedoraproject.org/work/tasks/3838/82433838/state.log
  https://kojipkgs.fedoraproject.org/work/tasks/3838/82433838/build.log
  https://kojipkgs.fedoraproject.org/work/tasks/3838/82433838/root.log
  0 free  1 open  1 done  1 failed
82433716 build (f36-java17, /rpms/portlet-2.0-api.git:0a91f31b0e033c2b002b0fcb30b125d7711c9da0): open (buildvm-ppc64le-40.iad2.fedoraproject.org) -> FAILED: BuildError: error building package (arch noarch), mock exited with status 30; see root.log for more information
  0 free  0 open  1 done  2 failed

82433716 build (f36-java17, /rpms/portlet-2.0-api.git:0a91f31b0e033c2b002b0fcb30b125d7711c9da0) failed
