Cloning into 'postgresql-jdbc'...
@@@@@@@@@@@@@@@@@@@@@@@@@@@@@@@@@@@@@@@@@@@@@@@@@@@@@@@@@@@
@    WARNING: REMOTE HOST IDENTIFICATION HAS CHANGED!     @
@@@@@@@@@@@@@@@@@@@@@@@@@@@@@@@@@@@@@@@@@@@@@@@@@@@@@@@@@@@
IT IS POSSIBLE THAT SOMEONE IS DOING SOMETHING NASTY!
Someone could be eavesdropping on you right now (man-in-the-middle attack)!
It is also possible that a host key has just been changed.
The fingerprint for the RSA key sent by the remote host is
SHA256:dJN0nFWBcWK7SFs2k0nnsO+XNA9+aEDY4FWO7uhxTN8.
Please contact your system administrator.
Add correct host key in /home/jvanek/.ssh/known_hosts to get rid of this message.
Offending RSA key in /home/jvanek/.ssh/known_hosts:2
Password authentication is disabled to avoid man-in-the-middle attacks.
Keyboard-interactive authentication is disabled to avoid man-in-the-middle attacks.
UpdateHostkeys is disabled because the host key is not trusted.
RPMAutoSpec usage detected, not changing the spec file.
[rawhide d42690c] Rrevert to jdk21
 1 file changed, 1 insertion(+), 1 deletion(-)
Found a gating.yaml file in the repo and it is properly configured
Building postgresql-jdbc-42.7.7-4.fc43 for rawhide
Created task: 135483389
Task info: https://koji.fedoraproject.org/koji/taskinfo?taskID=135483389
Watching tasks (this may be safely interrupted)...
135483389 build (rawhide, /rpms/postgresql-jdbc.git:d42690c41da7da4a3ad40dee657d57b389ac95f9): free
135483389 build (rawhide, /rpms/postgresql-jdbc.git:d42690c41da7da4a3ad40dee657d57b389ac95f9): free -> assigned (buildvm-x86-04.rdu3.fedoraproject.org)
135483389 build (rawhide, /rpms/postgresql-jdbc.git:d42690c41da7da4a3ad40dee657d57b389ac95f9): assigned (buildvm-x86-04.rdu3.fedoraproject.org) -> open (buildvm-x86-04.rdu3.fedoraproject.org)
  135483415 waitrepo (f43-build, ): free
  135483415 waitrepo (f43-build, ): free -> assigned (buildvm-a64-45.rdu3.fedoraproject.org)
  135483415 waitrepo (f43-build, ): assigned (buildvm-a64-45.rdu3.fedoraproject.org) -> open (buildvm-a64-45.rdu3.fedoraproject.org)
  135483537 buildSRPMFromSCM (/rpms/postgresql-jdbc.git:d42690c41da7da4a3ad40dee657d57b389ac95f9): free
  135483415 waitrepo (f43-build, ): open (buildvm-a64-45.rdu3.fedoraproject.org) -> closed
  1 free  1 open  1 done  0 failed
  135483537 buildSRPMFromSCM (/rpms/postgresql-jdbc.git:d42690c41da7da4a3ad40dee657d57b389ac95f9): free -> open (buildvm-x86-28.rdu3.fedoraproject.org)
  135483537 buildSRPMFromSCM (/rpms/postgresql-jdbc.git:d42690c41da7da4a3ad40dee657d57b389ac95f9): open (buildvm-x86-28.rdu3.fedoraproject.org) -> closed
  0 free  1 open  2 done  0 failed
  135483597 buildArch (postgresql-jdbc-42.7.7-4.fc43.src.rpm, noarch): free
  135483597 buildArch (postgresql-jdbc-42.7.7-4.fc43.src.rpm, noarch): free -> assigned (buildvm-s390x-19.s390.fedoraproject.org)
  135483597 buildArch (postgresql-jdbc-42.7.7-4.fc43.src.rpm, noarch): assigned (buildvm-s390x-19.s390.fedoraproject.org) -> open (buildvm-s390x-19.s390.fedoraproject.org)
  135483597 buildArch (postgresql-jdbc-42.7.7-4.fc43.src.rpm, noarch): open (buildvm-s390x-19.s390.fedoraproject.org) -> FAILED: BuildError: error building package (arch noarch), mock exited with status 1; see build.log or root.log for more information
  Relevant logs:
  https://kojipkgs.fedoraproject.org/work/tasks/3597/135483597/mock_config.log
  https://kojipkgs.fedoraproject.org/work/tasks/3597/135483597/state.log
  https://kojipkgs.fedoraproject.org/work/tasks/3597/135483597/build.log
  https://kojipkgs.fedoraproject.org/work/tasks/3597/135483597/root.log
  https://kojipkgs.fedoraproject.org/work/tasks/3597/135483597/mock_output.log
  https://kojipkgs.fedoraproject.org/work/tasks/3597/135483597/hw_info.log
  https://kojipkgs.fedoraproject.org/work/tasks/3597/135483597/dnf5.log
  0 free  1 open  2 done  1 failed
135483389 build (rawhide, /rpms/postgresql-jdbc.git:d42690c41da7da4a3ad40dee657d57b389ac95f9): open (buildvm-x86-04.rdu3.fedoraproject.org) -> FAILED: BuildError: error building package (arch noarch), mock exited with status 1; see build.log or root.log for more information
  0 free  0 open  2 done  2 failed

135483389 build (rawhide, /rpms/postgresql-jdbc.git:d42690c41da7da4a3ad40dee657d57b389ac95f9) failed
