Cloning into 'ppl'...
@@@@@@@@@@@@@@@@@@@@@@@@@@@@@@@@@@@@@@@@@@@@@@@@@@@@@@@@@@@
@    WARNING: REMOTE HOST IDENTIFICATION HAS CHANGED!     @
@@@@@@@@@@@@@@@@@@@@@@@@@@@@@@@@@@@@@@@@@@@@@@@@@@@@@@@@@@@
IT IS POSSIBLE THAT SOMEONE IS DOING SOMETHING NASTY!
Someone could be eavesdropping on you right now (man-in-the-middle attack)!
It is also possible that a host key has just been changed.
The fingerprint for the RSA key sent by the remote host is
SHA256:dJN0nFWBcWK7SFs2k0nnsO+XNA9+aEDY4FWO7uhxTN8.
Please contact your system administrator.
Add correct host key in /home/jvanek/.ssh/known_hosts to get rid of this message.
Offending RSA key in /home/jvanek/.ssh/known_hosts:2
Password authentication is disabled to avoid man-in-the-middle attacks.
Keyboard-interactive authentication is disabled to avoid man-in-the-middle attacks.
UpdateHostkeys is disabled because the host key is not trusted.
[rawhide cf7991f] Rebuilt for java-25-openjdk as preffered jdk
 1 file changed, 6 insertions(+), 3 deletions(-)
Building ppl-1.2-37.fc43 for rawhide
Created task: 135457576
Task info: https://koji.fedoraproject.org/koji/taskinfo?taskID=135457576
Watching tasks (this may be safely interrupted)...
135457576 build (rawhide, /rpms/ppl.git:cf7991f70809b02a47f49493f8b7b5e8f854de1e): free
135457576 build (rawhide, /rpms/ppl.git:cf7991f70809b02a47f49493f8b7b5e8f854de1e): free -> assigned (buildvm-a64-06.rdu3.fedoraproject.org)
135457576 build (rawhide, /rpms/ppl.git:cf7991f70809b02a47f49493f8b7b5e8f854de1e): assigned (buildvm-a64-06.rdu3.fedoraproject.org) -> open (buildvm-a64-06.rdu3.fedoraproject.org)
  135457589 buildSRPMFromSCM (/rpms/ppl.git:cf7991f70809b02a47f49493f8b7b5e8f854de1e): free
  135457589 buildSRPMFromSCM (/rpms/ppl.git:cf7991f70809b02a47f49493f8b7b5e8f854de1e): free -> assigned (buildvm-a64-41.rdu3.fedoraproject.org)
  135457589 buildSRPMFromSCM (/rpms/ppl.git:cf7991f70809b02a47f49493f8b7b5e8f854de1e): assigned (buildvm-a64-41.rdu3.fedoraproject.org) -> open (buildvm-a64-41.rdu3.fedoraproject.org)
  135457589 buildSRPMFromSCM (/rpms/ppl.git:cf7991f70809b02a47f49493f8b7b5e8f854de1e): open (buildvm-a64-41.rdu3.fedoraproject.org) -> closed
  0 free  1 open  1 done  0 failed
  135457659 buildArch (ppl-1.2-37.fc43.src.rpm, aarch64): free
  135457658 buildArch (ppl-1.2-37.fc43.src.rpm, x86_64): free
  135457660 buildArch (ppl-1.2-37.fc43.src.rpm, ppc64le): free
  135457661 buildArch (ppl-1.2-37.fc43.src.rpm, s390x): free
  135457659 buildArch (ppl-1.2-37.fc43.src.rpm, aarch64): free -> open (buildvm-a64-31.rdu3.fedoraproject.org)
  135457658 buildArch (ppl-1.2-37.fc43.src.rpm, x86_64): free -> assigned (buildvm-x86-20.rdu3.fedoraproject.org)
  135457660 buildArch (ppl-1.2-37.fc43.src.rpm, ppc64le): free -> open (buildvm-ppc64le-16.rdu3.fedoraproject.org)
  135457658 buildArch (ppl-1.2-37.fc43.src.rpm, x86_64): assigned (buildvm-x86-20.rdu3.fedoraproject.org) -> open (buildvm-x86-20.rdu3.fedoraproject.org)
  135457661 buildArch (ppl-1.2-37.fc43.src.rpm, s390x): free -> assigned (buildvm-s390x-09.s390.fedoraproject.org)
  135457661 buildArch (ppl-1.2-37.fc43.src.rpm, s390x): assigned (buildvm-s390x-09.s390.fedoraproject.org) -> open (buildvm-s390x-09.s390.fedoraproject.org)
  135457658 buildArch (ppl-1.2-37.fc43.src.rpm, x86_64): open (buildvm-x86-20.rdu3.fedoraproject.org) -> closed
  0 free  4 open  2 done  0 failed
  135457660 buildArch (ppl-1.2-37.fc43.src.rpm, ppc64le): open (buildvm-ppc64le-16.rdu3.fedoraproject.org) -> closed
  0 free  3 open  3 done  0 failed
  135457659 buildArch (ppl-1.2-37.fc43.src.rpm, aarch64): open (buildvm-a64-31.rdu3.fedoraproject.org) -> closed
  0 free  2 open  4 done  0 failed
  135457661 buildArch (ppl-1.2-37.fc43.src.rpm, s390x): open (buildvm-s390x-09.s390.fedoraproject.org) -> closed
  0 free  1 open  5 done  0 failed
  135459797 tagBuild (noarch): free
  135459797 tagBuild (noarch): free -> assigned (buildvm-x86-16.rdu3.fedoraproject.org)
  135459797 tagBuild (noarch): assigned (buildvm-x86-16.rdu3.fedoraproject.org) -> closed
  0 free  1 open  6 done  0 failed
135457576 build (rawhide, /rpms/ppl.git:cf7991f70809b02a47f49493f8b7b5e8f854de1e): open (buildvm-a64-06.rdu3.fedoraproject.org) -> closed
  0 free  0 open  7 done  0 failed

135457576 build (rawhide, /rpms/ppl.git:cf7991f70809b02a47f49493f8b7b5e8f854de1e) completed successfully
