[rawhide c7e1cf2] Rebuilt for java-25-openjdk as preffered jdk
 1 file changed, 6 insertions(+), 3 deletions(-)
Building procyon-0.6.0-0.10.20220221.git88a95fa.fc43 for rawhide
Created task: 135398533
Task info: https://koji.fedoraproject.org/koji/taskinfo?taskID=135398533
Watching tasks (this may be safely interrupted)...
135398533 build (rawhide, /rpms/procyon.git:c7e1cf24ff01753d5c1ea300b33b3e76c2f4b2b5): free
135398533 build (rawhide, /rpms/procyon.git:c7e1cf24ff01753d5c1ea300b33b3e76c2f4b2b5): free -> assigned (buildhw-a64-01.rdu3.fedoraproject.org)
135398533 build (rawhide, /rpms/procyon.git:c7e1cf24ff01753d5c1ea300b33b3e76c2f4b2b5): assigned (buildhw-a64-01.rdu3.fedoraproject.org) -> open (buildhw-a64-01.rdu3.fedoraproject.org)
  135398539 buildSRPMFromSCM (/rpms/procyon.git:c7e1cf24ff01753d5c1ea300b33b3e76c2f4b2b5): free
  135398539 buildSRPMFromSCM (/rpms/procyon.git:c7e1cf24ff01753d5c1ea300b33b3e76c2f4b2b5): free -> assigned (buildvm-x86-30.rdu3.fedoraproject.org)
  135398539 buildSRPMFromSCM (/rpms/procyon.git:c7e1cf24ff01753d5c1ea300b33b3e76c2f4b2b5): assigned (buildvm-x86-30.rdu3.fedoraproject.org) -> open (buildvm-x86-30.rdu3.fedoraproject.org)
  135398539 buildSRPMFromSCM (/rpms/procyon.git:c7e1cf24ff01753d5c1ea300b33b3e76c2f4b2b5): open (buildvm-x86-30.rdu3.fedoraproject.org) -> closed
  0 free  1 open  1 done  0 failed
  135398595 buildArch (procyon-0.6.0-0.10.20220221.git88a95fa.fc43.src.rpm, noarch): free
  135398595 buildArch (procyon-0.6.0-0.10.20220221.git88a95fa.fc43.src.rpm, noarch): free -> open (buildvm-ppc64le-31.rdu3.fedoraproject.org)
  135398650 tagBuild (noarch): free
  135398595 buildArch (procyon-0.6.0-0.10.20220221.git88a95fa.fc43.src.rpm, noarch): open (buildvm-ppc64le-31.rdu3.fedoraproject.org) -> closed
  1 free  1 open  2 done  0 failed
  135398650 tagBuild (noarch): free -> assigned (buildvm-a64-06.rdu3.fedoraproject.org)
  135398650 tagBuild (noarch): assigned (buildvm-a64-06.rdu3.fedoraproject.org) -> closed
  0 free  1 open  3 done  0 failed
135398533 build (rawhide, /rpms/procyon.git:c7e1cf24ff01753d5c1ea300b33b3e76c2f4b2b5): open (buildhw-a64-01.rdu3.fedoraproject.org) -> closed
  0 free  0 open  4 done  0 failed

135398533 build (rawhide, /rpms/procyon.git:c7e1cf24ff01753d5c1ea300b33b3e76c2f4b2b5) completed successfully
