Cloning into 'proguard'...
[rawhide f2c4e90] Rebuilt for java-21-openjdk as system jdk
 1 file changed, 4 insertions(+), 1 deletion(-)
Building proguard-6.2.2-5.fc41 for f41-build-side-84507
Created task: 114140261
Task info: https://koji.fedoraproject.org/koji/taskinfo?taskID=114140261
Watching tasks (this may be safely interrupted)...
114140261 build (f41-build-side-84507, /rpms/proguard.git:f2c4e90fae0cc0b61a2b56dbf05fefe7f9f5f5ab): free
114140261 build (f41-build-side-84507, /rpms/proguard.git:f2c4e90fae0cc0b61a2b56dbf05fefe7f9f5f5ab): free -> open (buildhw-x86-13.iad2.fedoraproject.org)
  114140267 buildSRPMFromSCM (/rpms/proguard.git:f2c4e90fae0cc0b61a2b56dbf05fefe7f9f5f5ab): free
  114140267 buildSRPMFromSCM (/rpms/proguard.git:f2c4e90fae0cc0b61a2b56dbf05fefe7f9f5f5ab): free -> assigned
  114140267 buildSRPMFromSCM (/rpms/proguard.git:f2c4e90fae0cc0b61a2b56dbf05fefe7f9f5f5ab): assigned -> open (buildvm-a64-28.iad2.fedoraproject.org)
  114140267 buildSRPMFromSCM (/rpms/proguard.git:f2c4e90fae0cc0b61a2b56dbf05fefe7f9f5f5ab): open (buildvm-a64-28.iad2.fedoraproject.org) -> closed
  0 free  1 open  1 done  0 failed
  114140444 buildArch (proguard-6.2.2-5.fc41.src.rpm, noarch): free
  114140444 buildArch (proguard-6.2.2-5.fc41.src.rpm, noarch): free -> assigned
  114140444 buildArch (proguard-6.2.2-5.fc41.src.rpm, noarch): assigned -> open (buildvm-s390x-04.s390.fedoraproject.org)
  114140444 buildArch (proguard-6.2.2-5.fc41.src.rpm, noarch): open (buildvm-s390x-04.s390.fedoraproject.org) -> closed
  0 free  1 open  2 done  0 failed
  114140611 tagBuild (noarch): free
  114140611 tagBuild (noarch): free -> assigned
114140261 build (f41-build-side-84507, /rpms/proguard.git:f2c4e90fae0cc0b61a2b56dbf05fefe7f9f5f5ab): open (buildhw-x86-13.iad2.fedoraproject.org) -> closed
  0 free  1 open  3 done  0 failed
  114140611 tagBuild (noarch): assigned -> closed
  0 free  0 open  4 done  0 failed

114140261 build (f41-build-side-84507, /rpms/proguard.git:f2c4e90fae0cc0b61a2b56dbf05fefe7f9f5f5ab) completed successfully
