Cloning into 'prometheus-simpleclient-java'...
[rawhide fb87fe5] Rebuilt for java-21-openjdk as system jdk
 1 file changed, 4 insertions(+), 1 deletion(-)
warning: %patchN is deprecated (1 usages found), use %patch N (or %patch -P N)

Building prometheus-simpleclient-java-0.12.0-11.fc41 for f41-build-side-84507
Created task: 114140334
Task info: https://koji.fedoraproject.org/koji/taskinfo?taskID=114140334
Watching tasks (this may be safely interrupted)...
114140334 build (f41-build-side-84507, /rpms/prometheus-simpleclient-java.git:fb87fe582975fd762f29b87f34f52211c706eb76): free
114140334 build (f41-build-side-84507, /rpms/prometheus-simpleclient-java.git:fb87fe582975fd762f29b87f34f52211c706eb76): free -> assigned
114140334 build (f41-build-side-84507, /rpms/prometheus-simpleclient-java.git:fb87fe582975fd762f29b87f34f52211c706eb76): assigned -> open (buildvm-x86-27.iad2.fedoraproject.org)
  114140432 buildSRPMFromSCM (/rpms/prometheus-simpleclient-java.git:fb87fe582975fd762f29b87f34f52211c706eb76): free
  114140432 buildSRPMFromSCM (/rpms/prometheus-simpleclient-java.git:fb87fe582975fd762f29b87f34f52211c706eb76): free -> assigned
  114140432 buildSRPMFromSCM (/rpms/prometheus-simpleclient-java.git:fb87fe582975fd762f29b87f34f52211c706eb76): assigned -> open (buildvm-a64-04.iad2.fedoraproject.org)
  114140432 buildSRPMFromSCM (/rpms/prometheus-simpleclient-java.git:fb87fe582975fd762f29b87f34f52211c706eb76): open (buildvm-a64-04.iad2.fedoraproject.org) -> closed
  0 free  1 open  1 done  0 failed
  114140542 buildArch (prometheus-simpleclient-java-0.12.0-11.fc41.src.rpm, noarch): free
  114140542 buildArch (prometheus-simpleclient-java-0.12.0-11.fc41.src.rpm, noarch): free -> assigned
  114140542 buildArch (prometheus-simpleclient-java-0.12.0-11.fc41.src.rpm, noarch): assigned -> open (buildhw-x86-15.iad2.fedoraproject.org)
  114140542 buildArch (prometheus-simpleclient-java-0.12.0-11.fc41.src.rpm, noarch): open (buildhw-x86-15.iad2.fedoraproject.org) -> closed
  0 free  1 open  2 done  0 failed
  114140594 tagBuild (noarch): free
  114140594 tagBuild (noarch): free -> assigned
114140334 build (f41-build-side-84507, /rpms/prometheus-simpleclient-java.git:fb87fe582975fd762f29b87f34f52211c706eb76): open (buildvm-x86-27.iad2.fedoraproject.org) -> closed
  0 free  1 open  3 done  0 failed
  114140594 tagBuild (noarch): assigned -> closed
  0 free  0 open  4 done  0 failed

114140334 build (f41-build-side-84507, /rpms/prometheus-simpleclient-java.git:fb87fe582975fd762f29b87f34f52211c706eb76) completed successfully
