Cloning into 'prometheus-jmx-exporter'...
[rawhide 6e020d6] Rebuilt for java-21-openjdk as system jdk
 1 file changed, 4 insertions(+), 1 deletion(-)
warning: %patchN is deprecated (3 usages found), use %patch N (or %patch -P N)

Building prometheus-jmx-exporter-0.16.1-13.fc41 for f41-build-side-84507
Created task: 114140314
Task info: https://koji.fedoraproject.org/koji/taskinfo?taskID=114140314
Watching tasks (this may be safely interrupted)...
114140314 build (f41-build-side-84507, /rpms/prometheus-jmx-exporter.git:6e020d66d2640052e1fcda8c5c6da5ebade7e16c): free
114140314 build (f41-build-side-84507, /rpms/prometheus-jmx-exporter.git:6e020d66d2640052e1fcda8c5c6da5ebade7e16c): free -> assigned
114140314 build (f41-build-side-84507, /rpms/prometheus-jmx-exporter.git:6e020d66d2640052e1fcda8c5c6da5ebade7e16c): assigned -> open (buildhw-x86-04.iad2.fedoraproject.org)
  114140358 buildSRPMFromSCM (/rpms/prometheus-jmx-exporter.git:6e020d66d2640052e1fcda8c5c6da5ebade7e16c): free
  114140358 buildSRPMFromSCM (/rpms/prometheus-jmx-exporter.git:6e020d66d2640052e1fcda8c5c6da5ebade7e16c): free -> open (buildvm-x86-22.iad2.fedoraproject.org)
  114140358 buildSRPMFromSCM (/rpms/prometheus-jmx-exporter.git:6e020d66d2640052e1fcda8c5c6da5ebade7e16c): open (buildvm-x86-22.iad2.fedoraproject.org) -> closed
  0 free  1 open  1 done  0 failed
  114140516 buildArch (prometheus-jmx-exporter-0.16.1-13.fc41.src.rpm, noarch): free
  114140516 buildArch (prometheus-jmx-exporter-0.16.1-13.fc41.src.rpm, noarch): free -> assigned
  114140516 buildArch (prometheus-jmx-exporter-0.16.1-13.fc41.src.rpm, noarch): assigned -> open (buildvm-x86-30.iad2.fedoraproject.org)
  114140516 buildArch (prometheus-jmx-exporter-0.16.1-13.fc41.src.rpm, noarch): open (buildvm-x86-30.iad2.fedoraproject.org) -> closed
  0 free  1 open  2 done  0 failed
  114140577 tagBuild (noarch): free
114140314 build (f41-build-side-84507, /rpms/prometheus-jmx-exporter.git:6e020d66d2640052e1fcda8c5c6da5ebade7e16c): open (buildhw-x86-04.iad2.fedoraproject.org) -> closed
  1 free  0 open  3 done  0 failed
  114140577 tagBuild (noarch): free -> closed
  0 free  0 open  4 done  0 failed

114140314 build (f41-build-side-84507, /rpms/prometheus-jmx-exporter.git:6e020d66d2640052e1fcda8c5c6da5ebade7e16c) completed successfully
