Cloning into 'python-javaobj'...
@@@@@@@@@@@@@@@@@@@@@@@@@@@@@@@@@@@@@@@@@@@@@@@@@@@@@@@@@@@
@    WARNING: REMOTE HOST IDENTIFICATION HAS CHANGED!     @
@@@@@@@@@@@@@@@@@@@@@@@@@@@@@@@@@@@@@@@@@@@@@@@@@@@@@@@@@@@
IT IS POSSIBLE THAT SOMEONE IS DOING SOMETHING NASTY!
Someone could be eavesdropping on you right now (man-in-the-middle attack)!
It is also possible that a host key has just been changed.
The fingerprint for the RSA key sent by the remote host is
SHA256:dJN0nFWBcWK7SFs2k0nnsO+XNA9+aEDY4FWO7uhxTN8.
Please contact your system administrator.
Add correct host key in /home/jvanek/.ssh/known_hosts to get rid of this message.
Offending RSA key in /home/jvanek/.ssh/known_hosts:2
Password authentication is disabled to avoid man-in-the-middle attacks.
Keyboard-interactive authentication is disabled to avoid man-in-the-middle attacks.
UpdateHostkeys is disabled because the host key is not trusted.
[rawhide 1c88f64] Rebuilt for java-25-openjdk as preffered jdk
 1 file changed, 5 insertions(+), 2 deletions(-)
Building python-javaobj-0.4.4-5.fc43 for rawhide
Created task: 135457598
Task info: https://koji.fedoraproject.org/koji/taskinfo?taskID=135457598
Watching tasks (this may be safely interrupted)...
135457598 build (rawhide, /rpms/python-javaobj.git:1c88f64b1f453a811b1646d7e5615314bcfadbc1): free
135457598 build (rawhide, /rpms/python-javaobj.git:1c88f64b1f453a811b1646d7e5615314bcfadbc1): free -> open (buildvm-ppc64le-30.rdu3.fedoraproject.org)
  135457610 buildSRPMFromSCM (/rpms/python-javaobj.git:1c88f64b1f453a811b1646d7e5615314bcfadbc1): free
  135457610 buildSRPMFromSCM (/rpms/python-javaobj.git:1c88f64b1f453a811b1646d7e5615314bcfadbc1): free -> assigned (buildvm-x86-11.rdu3.fedoraproject.org)
  135457610 buildSRPMFromSCM (/rpms/python-javaobj.git:1c88f64b1f453a811b1646d7e5615314bcfadbc1): assigned (buildvm-x86-11.rdu3.fedoraproject.org) -> open (buildvm-x86-11.rdu3.fedoraproject.org)
  135457610 buildSRPMFromSCM (/rpms/python-javaobj.git:1c88f64b1f453a811b1646d7e5615314bcfadbc1): open (buildvm-x86-11.rdu3.fedoraproject.org) -> closed
  0 free  1 open  1 done  0 failed
  135457688 buildArch (python-javaobj-0.4.4-5.fc43.src.rpm, noarch): free
  135457688 buildArch (python-javaobj-0.4.4-5.fc43.src.rpm, noarch): free -> assigned (buildvm-ppc64le-14.rdu3.fedoraproject.org)
  135457688 buildArch (python-javaobj-0.4.4-5.fc43.src.rpm, noarch): assigned (buildvm-ppc64le-14.rdu3.fedoraproject.org) -> open (buildvm-ppc64le-14.rdu3.fedoraproject.org)
  135457688 buildArch (python-javaobj-0.4.4-5.fc43.src.rpm, noarch): open (buildvm-ppc64le-14.rdu3.fedoraproject.org) -> closed
  0 free  1 open  2 done  0 failed
  135457741 tagBuild (noarch): free
  135457741 tagBuild (noarch): free -> assigned (buildvm-ppc64le-29.rdu3.fedoraproject.org)
135457598 build (rawhide, /rpms/python-javaobj.git:1c88f64b1f453a811b1646d7e5615314bcfadbc1): open (buildvm-ppc64le-30.rdu3.fedoraproject.org) -> closed
  0 free  1 open  3 done  0 failed
  135457741 tagBuild (noarch): assigned (buildvm-ppc64le-29.rdu3.fedoraproject.org) -> closed
  0 free  0 open  4 done  0 failed

135457598 build (rawhide, /rpms/python-javaobj.git:1c88f64b1f453a811b1646d7e5615314bcfadbc1) completed successfully
