Cloning into 'python-jnius'...
[rawhide ffaeaf8] Rebuilt for java-21-openjdk as system jdk
 1 file changed, 4 insertions(+), 1 deletion(-)
Building python-jnius-1.6.1-2.fc41 for f41-build-side-84507
Created task: 114140446
Task info: https://koji.fedoraproject.org/koji/taskinfo?taskID=114140446
Watching tasks (this may be safely interrupted)...
114140446 build (f41-build-side-84507, /rpms/python-jnius.git:ffaeaf858b6ba7d6677b4b78976d0346101f2e36): free
114140446 build (f41-build-side-84507, /rpms/python-jnius.git:ffaeaf858b6ba7d6677b4b78976d0346101f2e36): free -> assigned
114140446 build (f41-build-side-84507, /rpms/python-jnius.git:ffaeaf858b6ba7d6677b4b78976d0346101f2e36): assigned -> open (buildhw-x86-09.iad2.fedoraproject.org)
  114140518 buildSRPMFromSCM (/rpms/python-jnius.git:ffaeaf858b6ba7d6677b4b78976d0346101f2e36): free
  114140518 buildSRPMFromSCM (/rpms/python-jnius.git:ffaeaf858b6ba7d6677b4b78976d0346101f2e36): free -> open (buildvm-x86-31.iad2.fedoraproject.org)
  114140518 buildSRPMFromSCM (/rpms/python-jnius.git:ffaeaf858b6ba7d6677b4b78976d0346101f2e36): open (buildvm-x86-31.iad2.fedoraproject.org) -> closed
  0 free  1 open  1 done  0 failed
  114140573 buildArch (python-jnius-1.6.1-2.fc41.src.rpm, ppc64le): free
  114140574 buildArch (python-jnius-1.6.1-2.fc41.src.rpm, s390x): free
  114140571 buildArch (python-jnius-1.6.1-2.fc41.src.rpm, x86_64): free
  114140572 buildArch (python-jnius-1.6.1-2.fc41.src.rpm, aarch64): free
  114140573 buildArch (python-jnius-1.6.1-2.fc41.src.rpm, ppc64le): free -> assigned
  114140571 buildArch (python-jnius-1.6.1-2.fc41.src.rpm, x86_64): free -> assigned
  114140572 buildArch (python-jnius-1.6.1-2.fc41.src.rpm, aarch64): free -> open (buildhw-a64-19.iad2.fedoraproject.org)
  114140573 buildArch (python-jnius-1.6.1-2.fc41.src.rpm, ppc64le): assigned -> open (buildvm-ppc64le-03.iad2.fedoraproject.org)
  114140571 buildArch (python-jnius-1.6.1-2.fc41.src.rpm, x86_64): assigned -> open (buildhw-x86-05.iad2.fedoraproject.org)
  114140574 buildArch (python-jnius-1.6.1-2.fc41.src.rpm, s390x): free -> assigned
  114140574 buildArch (python-jnius-1.6.1-2.fc41.src.rpm, s390x): assigned -> open (buildvm-s390x-06.s390.fedoraproject.org)
  114140571 buildArch (python-jnius-1.6.1-2.fc41.src.rpm, x86_64): open (buildhw-x86-05.iad2.fedoraproject.org) -> FAILED: BuildError: error building package (arch x86_64), mock exited with status 1; see build.log or root.log for more information
  Relevant logs:
  https://kojipkgs.fedoraproject.org/work/tasks/571/114140571/state.log
  https://kojipkgs.fedoraproject.org/work/tasks/571/114140571/build.log
  https://kojipkgs.fedoraproject.org/work/tasks/571/114140571/root.log
  https://kojipkgs.fedoraproject.org/work/tasks/571/114140571/mock_output.log
  https://kojipkgs.fedoraproject.org/work/tasks/571/114140571/hw_info.log
  0 free  4 open  1 done  1 failed
114140446 build (f41-build-side-84507, /rpms/python-jnius.git:ffaeaf858b6ba7d6677b4b78976d0346101f2e36): open (buildhw-x86-09.iad2.fedoraproject.org) -> FAILED: BuildError: error building package (arch x86_64), mock exited with status 1; see build.log or root.log for more information
  0 free  3 open  1 done  2 failed
  114140573 buildArch (python-jnius-1.6.1-2.fc41.src.rpm, ppc64le): open (buildvm-ppc64le-03.iad2.fedoraproject.org) -> canceled
  0 free  2 open  2 done  2 failed
  114140574 buildArch (python-jnius-1.6.1-2.fc41.src.rpm, s390x): open (buildvm-s390x-06.s390.fedoraproject.org) -> canceled
  0 free  1 open  3 done  2 failed
  114140572 buildArch (python-jnius-1.6.1-2.fc41.src.rpm, aarch64): open (buildhw-a64-19.iad2.fedoraproject.org) -> canceled
  0 free  0 open  4 done  2 failed

114140446 build (f41-build-side-84507, /rpms/python-jnius.git:ffaeaf858b6ba7d6677b4b78976d0346101f2e36) failed
