Cloning into 'python-javabridge'...
[rawhide ed097f0] Rebuilt for java-17-openjdk as system jdk
 1 file changed, 4 insertions(+), 1 deletion(-)
Building python-javabridge-1.0.19-8.20211221git61942d2.fc36 for f36-java17
Created task: 82434021
Task info: https://koji.fedoraproject.org/koji/taskinfo?taskID=82434021
Watching tasks (this may be safely interrupted)...
82434021 build (f36-java17, /rpms/python-javabridge.git:ed097f076dc023049c71c2d08a37110bb1571cab): free
82434021 build (f36-java17, /rpms/python-javabridge.git:ed097f076dc023049c71c2d08a37110bb1571cab): free -> open (buildvm-s390x-22.s390.fedoraproject.org)
  82434022 buildSRPMFromSCM (/rpms/python-javabridge.git:ed097f076dc023049c71c2d08a37110bb1571cab): free
  82434022 buildSRPMFromSCM (/rpms/python-javabridge.git:ed097f076dc023049c71c2d08a37110bb1571cab): free -> open (buildvm-x86-27.iad2.fedoraproject.org)
  82434022 buildSRPMFromSCM (/rpms/python-javabridge.git:ed097f076dc023049c71c2d08a37110bb1571cab): open (buildvm-x86-27.iad2.fedoraproject.org) -> closed
  0 free  1 open  1 done  0 failed
  82434051 buildArch (python-javabridge-1.0.19-8.20211221git61942d2.fc36.src.rpm, x86_64): free
  82434050 buildArch (python-javabridge-1.0.19-8.20211221git61942d2.fc36.src.rpm, i686): open (buildvm-x86-25.iad2.fedoraproject.org)
  82434051 buildArch (python-javabridge-1.0.19-8.20211221git61942d2.fc36.src.rpm, x86_64): free -> open (buildvm-x86-14.iad2.fedoraproject.org)
  82434051 buildArch (python-javabridge-1.0.19-8.20211221git61942d2.fc36.src.rpm, x86_64): open (buildvm-x86-14.iad2.fedoraproject.org) -> FAILED: BuildError: error building package (arch x86_64), mock exited with status 1; see build.log or root.log for more information
  Relevant logs:
  https://kojipkgs.fedoraproject.org/work/tasks/4051/82434051/mock_output.log
  https://kojipkgs.fedoraproject.org/work/tasks/4051/82434051/hw_info.log
  https://kojipkgs.fedoraproject.org/work/tasks/4051/82434051/state.log
  https://kojipkgs.fedoraproject.org/work/tasks/4051/82434051/build.log
  https://kojipkgs.fedoraproject.org/work/tasks/4051/82434051/root.log
  0 free  2 open  1 done  1 failed
82434021 build (f36-java17, /rpms/python-javabridge.git:ed097f076dc023049c71c2d08a37110bb1571cab): open (buildvm-s390x-22.s390.fedoraproject.org) -> FAILED: BuildError: error building package (arch x86_64), mock exited with status 1; see build.log or root.log for more information
  0 free  1 open  1 done  2 failed
  82434050 buildArch (python-javabridge-1.0.19-8.20211221git61942d2.fc36.src.rpm, i686): open (buildvm-x86-25.iad2.fedoraproject.org) -> canceled
  0 free  0 open  2 done  2 failed

82434021 build (f36-java17, /rpms/python-javabridge.git:ed097f076dc023049c71c2d08a37110bb1571cab) failed
