Cloning into 'R-rJava'...
RPMAutoSpec usage detected, not changing the spec file.
[rawhide 4277384] Rebuilt for java-21-openjdk as system jdk
Building R-rJava-1.0.6-9.fc41 for f41-build-side-84507
Created task: 114140591
Task info: https://koji.fedoraproject.org/koji/taskinfo?taskID=114140591
Watching tasks (this may be safely interrupted)...
114140591 build (f41-build-side-84507, /rpms/R-rJava.git:42773846d98782506d8b197579fbb1622d3cb90b): free
114140591 build (f41-build-side-84507, /rpms/R-rJava.git:42773846d98782506d8b197579fbb1622d3cb90b): free -> assigned
114140591 build (f41-build-side-84507, /rpms/R-rJava.git:42773846d98782506d8b197579fbb1622d3cb90b): assigned -> open (buildvm-a64-24.iad2.fedoraproject.org)
  114140605 buildSRPMFromSCM (/rpms/R-rJava.git:42773846d98782506d8b197579fbb1622d3cb90b): free
  114140605 buildSRPMFromSCM (/rpms/R-rJava.git:42773846d98782506d8b197579fbb1622d3cb90b): free -> assigned
  114140605 buildSRPMFromSCM (/rpms/R-rJava.git:42773846d98782506d8b197579fbb1622d3cb90b): assigned -> open (buildvm-x86-20.iad2.fedoraproject.org)
  114140605 buildSRPMFromSCM (/rpms/R-rJava.git:42773846d98782506d8b197579fbb1622d3cb90b): open (buildvm-x86-20.iad2.fedoraproject.org) -> closed
  0 free  1 open  1 done  0 failed
  114140685 buildArch (R-rJava-1.0.6-9.fc41.src.rpm, x86_64): free
  114140687 buildArch (R-rJava-1.0.6-9.fc41.src.rpm, ppc64le): free
  114140688 buildArch (R-rJava-1.0.6-9.fc41.src.rpm, s390x): free
  114140686 buildArch (R-rJava-1.0.6-9.fc41.src.rpm, aarch64): free
  114140686 buildArch (R-rJava-1.0.6-9.fc41.src.rpm, aarch64): free -> assigned
  114140685 buildArch (R-rJava-1.0.6-9.fc41.src.rpm, x86_64): free -> assigned
  114140687 buildArch (R-rJava-1.0.6-9.fc41.src.rpm, ppc64le): free -> open (buildvm-ppc64le-03.iad2.fedoraproject.org)
  114140688 buildArch (R-rJava-1.0.6-9.fc41.src.rpm, s390x): free -> open (buildvm-s390x-06.s390.fedoraproject.org)
  114140685 buildArch (R-rJava-1.0.6-9.fc41.src.rpm, x86_64): assigned -> open (buildhw-x86-02.iad2.fedoraproject.org)
  114140686 buildArch (R-rJava-1.0.6-9.fc41.src.rpm, aarch64): assigned -> open (buildhw-a64-23.iad2.fedoraproject.org)
  114140688 buildArch (R-rJava-1.0.6-9.fc41.src.rpm, s390x): open (buildvm-s390x-06.s390.fedoraproject.org) -> closed
  0 free  4 open  2 done  0 failed
  114140685 buildArch (R-rJava-1.0.6-9.fc41.src.rpm, x86_64): open (buildhw-x86-02.iad2.fedoraproject.org) -> closed
  0 free  3 open  3 done  0 failed
  114140687 buildArch (R-rJava-1.0.6-9.fc41.src.rpm, ppc64le): open (buildvm-ppc64le-03.iad2.fedoraproject.org) -> closed
  0 free  2 open  4 done  0 failed
  114140686 buildArch (R-rJava-1.0.6-9.fc41.src.rpm, aarch64): open (buildhw-a64-23.iad2.fedoraproject.org) -> closed
  0 free  1 open  5 done  0 failed
  114141016 tagBuild (noarch): free
  114141016 tagBuild (noarch): free -> assigned
  114141016 tagBuild (noarch): assigned -> open (buildhw-a64-19.iad2.fedoraproject.org)
  114141016 tagBuild (noarch): open (buildhw-a64-19.iad2.fedoraproject.org) -> closed
  0 free  1 open  6 done  0 failed
114140591 build (f41-build-side-84507, /rpms/R-rJava.git:42773846d98782506d8b197579fbb1622d3cb90b): open (buildvm-a64-24.iad2.fedoraproject.org) -> closed
  0 free  0 open  7 done  0 failed

114140591 build (f41-build-side-84507, /rpms/R-rJava.git:42773846d98782506d8b197579fbb1622d3cb90b) completed successfully
