Cloning into 'R'...
[rawhide 9b5b920] Rebuilt for java-17-openjdk as system jdk
 1 file changed, 4 insertions(+), 1 deletion(-)
Building R-4.1.2-4.fc36 for f36-java17
Created task: 82434064
Task info: https://koji.fedoraproject.org/koji/taskinfo?taskID=82434064
Watching tasks (this may be safely interrupted)...
82434064 build (f36-java17, /rpms/R.git:9b5b920f22392ebfbf0cd4e741f8adba56f5b3dd): free
82434064 build (f36-java17, /rpms/R.git:9b5b920f22392ebfbf0cd4e741f8adba56f5b3dd): free -> open (buildvm-x86-27.iad2.fedoraproject.org)
  82434068 buildSRPMFromSCM (/rpms/R.git:9b5b920f22392ebfbf0cd4e741f8adba56f5b3dd): open (buildvm-x86-06.iad2.fedoraproject.org)
  82434068 buildSRPMFromSCM (/rpms/R.git:9b5b920f22392ebfbf0cd4e741f8adba56f5b3dd): open (buildvm-x86-06.iad2.fedoraproject.org) -> closed
  0 free  1 open  1 done  0 failed
  82434155 buildArch (R-4.1.2-4.fc36.src.rpm, aarch64): open (buildvm-a64-03.iad2.fedoraproject.org)
  82434153 buildArch (R-4.1.2-4.fc36.src.rpm, i686): open (buildvm-x86-25.iad2.fedoraproject.org)
  82434156 buildArch (R-4.1.2-4.fc36.src.rpm, ppc64le): free
  82434154 buildArch (R-4.1.2-4.fc36.src.rpm, x86_64): open (buildvm-x86-07.iad2.fedoraproject.org)
  82434157 buildArch (R-4.1.2-4.fc36.src.rpm, s390x): open (buildvm-s390x-33.s390.fedoraproject.org)
  82434152 buildArch (R-4.1.2-4.fc36.src.rpm, armv7hl): open (buildvm-a32-11.iad2.fedoraproject.org)
  82434156 buildArch (R-4.1.2-4.fc36.src.rpm, ppc64le): free -> open (buildvm-ppc64le-37.iad2.fedoraproject.org)
  82434157 buildArch (R-4.1.2-4.fc36.src.rpm, s390x): open (buildvm-s390x-33.s390.fedoraproject.org) -> closed
  0 free  6 open  2 done  0 failed
  82434154 buildArch (R-4.1.2-4.fc36.src.rpm, x86_64): open (buildvm-x86-07.iad2.fedoraproject.org) -> closed
  0 free  5 open  3 done  0 failed
  82434153 buildArch (R-4.1.2-4.fc36.src.rpm, i686): open (buildvm-x86-25.iad2.fedoraproject.org) -> closed
  0 free  4 open  4 done  0 failed
  82434156 buildArch (R-4.1.2-4.fc36.src.rpm, ppc64le): open (buildvm-ppc64le-37.iad2.fedoraproject.org) -> closed
  0 free  3 open  5 done  0 failed
  82434155 buildArch (R-4.1.2-4.fc36.src.rpm, aarch64): open (buildvm-a64-03.iad2.fedoraproject.org) -> closed
  0 free  2 open  6 done  0 failed
  82434152 buildArch (R-4.1.2-4.fc36.src.rpm, armv7hl): open (buildvm-a32-11.iad2.fedoraproject.org) -> closed
  0 free  1 open  7 done  0 failed
  82435637 tagBuild (noarch): free
  82435637 tagBuild (noarch): free -> closed
  0 free  1 open  8 done  0 failed
82434064 build (f36-java17, /rpms/R.git:9b5b920f22392ebfbf0cd4e741f8adba56f5b3dd): open (buildvm-x86-27.iad2.fedoraproject.org) -> closed
  0 free  0 open  9 done  0 failed

82434064 build (f36-java17, /rpms/R.git:9b5b920f22392ebfbf0cd4e741f8adba56f5b3dd) completed successfully
