Cloning into 'rachota'...
[rawhide bf51abd] Rebuilt for java-17-openjdk as system jdk
 1 file changed, 4 insertions(+), 1 deletion(-)
Building rachota-2.3-24.20130104cvs.fc36 for f36-java17
Created task: 82434091
Task info: https://koji.fedoraproject.org/koji/taskinfo?taskID=82434091
Watching tasks (this may be safely interrupted)...
82434091 build (f36-java17, /rpms/rachota.git:bf51abd25485fe706f60ad7f78c08e9cae5844cf): free
82434091 build (f36-java17, /rpms/rachota.git:bf51abd25485fe706f60ad7f78c08e9cae5844cf): free -> open (buildvm-ppc64le-31.iad2.fedoraproject.org)
  82434093 buildSRPMFromSCM (/rpms/rachota.git:bf51abd25485fe706f60ad7f78c08e9cae5844cf): open (buildvm-ppc64le-16.iad2.fedoraproject.org)
  82434093 buildSRPMFromSCM (/rpms/rachota.git:bf51abd25485fe706f60ad7f78c08e9cae5844cf): open (buildvm-ppc64le-16.iad2.fedoraproject.org) -> closed
  0 free  1 open  1 done  0 failed
  82434231 buildArch (rachota-2.3-24.20130104cvs.fc36.src.rpm, noarch): free
  82434231 buildArch (rachota-2.3-24.20130104cvs.fc36.src.rpm, noarch): free -> open (buildvm-s390x-21.s390.fedoraproject.org)
  82434231 buildArch (rachota-2.3-24.20130104cvs.fc36.src.rpm, noarch): open (buildvm-s390x-21.s390.fedoraproject.org) -> FAILED: BuildError: error building package (arch noarch), mock exited with status 1; see build.log or root.log for more information
  Relevant logs:
  https://kojipkgs.fedoraproject.org/work/tasks/4231/82434231/mock_output.log
  https://kojipkgs.fedoraproject.org/work/tasks/4231/82434231/hw_info.log
  https://kojipkgs.fedoraproject.org/work/tasks/4231/82434231/state.log
  https://kojipkgs.fedoraproject.org/work/tasks/4231/82434231/build.log
  https://kojipkgs.fedoraproject.org/work/tasks/4231/82434231/root.log
  0 free  1 open  1 done  1 failed
82434091 build (f36-java17, /rpms/rachota.git:bf51abd25485fe706f60ad7f78c08e9cae5844cf): open (buildvm-ppc64le-31.iad2.fedoraproject.org) -> FAILED: BuildError: error building package (arch noarch), mock exited with status 1; see build.log or root.log for more information
  0 free  0 open  1 done  2 failed

82434091 build (f36-java17, /rpms/rachota.git:bf51abd25485fe706f60ad7f78c08e9cae5844cf) failed
