Cloning into 'reflections'...
@@@@@@@@@@@@@@@@@@@@@@@@@@@@@@@@@@@@@@@@@@@@@@@@@@@@@@@@@@@
@    WARNING: REMOTE HOST IDENTIFICATION HAS CHANGED!     @
@@@@@@@@@@@@@@@@@@@@@@@@@@@@@@@@@@@@@@@@@@@@@@@@@@@@@@@@@@@
IT IS POSSIBLE THAT SOMEONE IS DOING SOMETHING NASTY!
Someone could be eavesdropping on you right now (man-in-the-middle attack)!
It is also possible that a host key has just been changed.
The fingerprint for the RSA key sent by the remote host is
SHA256:dJN0nFWBcWK7SFs2k0nnsO+XNA9+aEDY4FWO7uhxTN8.
Please contact your system administrator.
Add correct host key in /home/jvanek/.ssh/known_hosts to get rid of this message.
Offending RSA key in /home/jvanek/.ssh/known_hosts:2
Password authentication is disabled to avoid man-in-the-middle attacks.
Keyboard-interactive authentication is disabled to avoid man-in-the-middle attacks.
UpdateHostkeys is disabled because the host key is not trusted.
[rawhide 063efde] Rebuilt for java-25-openjdk as preffered jdk
 1 file changed, 5 insertions(+), 2 deletions(-)
Building reflections-0.9.12-21.fc43 for rawhide
Created task: 135457637
Task info: https://koji.fedoraproject.org/koji/taskinfo?taskID=135457637
Watching tasks (this may be safely interrupted)...
135457637 build (rawhide, /rpms/reflections.git:063efde85533ee9fcc05b5d8e34c239d7499aec7): free
135457637 build (rawhide, /rpms/reflections.git:063efde85533ee9fcc05b5d8e34c239d7499aec7): free -> assigned (buildvm-ppc64le-19.rdu3.fedoraproject.org)
135457637 build (rawhide, /rpms/reflections.git:063efde85533ee9fcc05b5d8e34c239d7499aec7): assigned (buildvm-ppc64le-19.rdu3.fedoraproject.org) -> open (buildvm-ppc64le-19.rdu3.fedoraproject.org)
  135457698 buildSRPMFromSCM (/rpms/reflections.git:063efde85533ee9fcc05b5d8e34c239d7499aec7): free
  135457698 buildSRPMFromSCM (/rpms/reflections.git:063efde85533ee9fcc05b5d8e34c239d7499aec7): free -> assigned (buildvm-ppc64le-29.rdu3.fedoraproject.org)
  135457698 buildSRPMFromSCM (/rpms/reflections.git:063efde85533ee9fcc05b5d8e34c239d7499aec7): assigned (buildvm-ppc64le-29.rdu3.fedoraproject.org) -> open (buildvm-ppc64le-29.rdu3.fedoraproject.org)
  135457698 buildSRPMFromSCM (/rpms/reflections.git:063efde85533ee9fcc05b5d8e34c239d7499aec7): open (buildvm-ppc64le-29.rdu3.fedoraproject.org) -> closed
  0 free  1 open  1 done  0 failed
  135457733 buildArch (reflections-0.9.12-21.fc43.src.rpm, noarch): free
  135457733 buildArch (reflections-0.9.12-21.fc43.src.rpm, noarch): free -> assigned (buildvm-x86-13.rdu3.fedoraproject.org)
  135457733 buildArch (reflections-0.9.12-21.fc43.src.rpm, noarch): assigned (buildvm-x86-13.rdu3.fedoraproject.org) -> open (buildvm-x86-13.rdu3.fedoraproject.org)
  135457733 buildArch (reflections-0.9.12-21.fc43.src.rpm, noarch): open (buildvm-x86-13.rdu3.fedoraproject.org) -> closed
  0 free  1 open  2 done  0 failed
  135457758 tagBuild (noarch): free
  135457758 tagBuild (noarch): free -> assigned (buildvm-a64-43.rdu3.fedoraproject.org)
  135457758 tagBuild (noarch): assigned (buildvm-a64-43.rdu3.fedoraproject.org) -> closed
  0 free  1 open  3 done  0 failed
135457637 build (rawhide, /rpms/reflections.git:063efde85533ee9fcc05b5d8e34c239d7499aec7): open (buildvm-ppc64le-19.rdu3.fedoraproject.org) -> closed
  0 free  0 open  4 done  0 failed

135457637 build (rawhide, /rpms/reflections.git:063efde85533ee9fcc05b5d8e34c239d7499aec7) completed successfully
