Cloning into 'regexp'...
[rawhide 78eebd8] Rebuilt for java-21-openjdk as system jdk
 1 file changed, 4 insertions(+), 1 deletion(-)
Found a gating.yaml file in the repo and it is properly configured
Building regexp-1.5-47.fc41 for f41-build-side-84507
Created task: 114140539
Task info: https://koji.fedoraproject.org/koji/taskinfo?taskID=114140539
Watching tasks (this may be safely interrupted)...
114140539 build (f41-build-side-84507, /rpms/regexp.git:78eebd89b00b32f418fbd37789014bfbf7ad4bab): free
114140539 build (f41-build-side-84507, /rpms/regexp.git:78eebd89b00b32f418fbd37789014bfbf7ad4bab): free -> open (buildhw-x86-11.iad2.fedoraproject.org)
  114140563 buildSRPMFromSCM (/rpms/regexp.git:78eebd89b00b32f418fbd37789014bfbf7ad4bab): free
  114140563 buildSRPMFromSCM (/rpms/regexp.git:78eebd89b00b32f418fbd37789014bfbf7ad4bab): free -> assigned
  114140563 buildSRPMFromSCM (/rpms/regexp.git:78eebd89b00b32f418fbd37789014bfbf7ad4bab): assigned -> open (buildvm-x86-04.iad2.fedoraproject.org)
  114140563 buildSRPMFromSCM (/rpms/regexp.git:78eebd89b00b32f418fbd37789014bfbf7ad4bab): open (buildvm-x86-04.iad2.fedoraproject.org) -> closed
  0 free  1 open  1 done  0 failed
  114140607 buildArch (regexp-1.5-47.fc41.src.rpm, noarch): free
  114140607 buildArch (regexp-1.5-47.fc41.src.rpm, noarch): free -> open (buildvm-s390x-07.s390.fedoraproject.org)
  114140723 tagBuild (noarch): free
  114140607 buildArch (regexp-1.5-47.fc41.src.rpm, noarch): open (buildvm-s390x-07.s390.fedoraproject.org) -> closed
  1 free  1 open  2 done  0 failed
  114140723 tagBuild (noarch): free -> closed
  0 free  1 open  3 done  0 failed
114140539 build (f41-build-side-84507, /rpms/regexp.git:78eebd89b00b32f418fbd37789014bfbf7ad4bab): open (buildhw-x86-11.iad2.fedoraproject.org) -> closed
  0 free  0 open  4 done  0 failed

114140539 build (f41-build-side-84507, /rpms/regexp.git:78eebd89b00b32f418fbd37789014bfbf7ad4bab) completed successfully
