Cloning into 'relaxng-datatype-java'...
@@@@@@@@@@@@@@@@@@@@@@@@@@@@@@@@@@@@@@@@@@@@@@@@@@@@@@@@@@@
@    WARNING: REMOTE HOST IDENTIFICATION HAS CHANGED!     @
@@@@@@@@@@@@@@@@@@@@@@@@@@@@@@@@@@@@@@@@@@@@@@@@@@@@@@@@@@@
IT IS POSSIBLE THAT SOMEONE IS DOING SOMETHING NASTY!
Someone could be eavesdropping on you right now (man-in-the-middle attack)!
It is also possible that a host key has just been changed.
The fingerprint for the RSA key sent by the remote host is
SHA256:dJN0nFWBcWK7SFs2k0nnsO+XNA9+aEDY4FWO7uhxTN8.
Please contact your system administrator.
Add correct host key in /home/jvanek/.ssh/known_hosts to get rid of this message.
Offending RSA key in /home/jvanek/.ssh/known_hosts:2
Password authentication is disabled to avoid man-in-the-middle attacks.
Keyboard-interactive authentication is disabled to avoid man-in-the-middle attacks.
UpdateHostkeys is disabled because the host key is not trusted.
RPMAutoSpec usage detected, not changing the spec file.
[rawhide 1cb43d8] Rebuilt for java-25-openjdk as preffered jdk
Found a gating.yaml file in the repo and it is properly configured
Building relaxng-datatype-java-2011.1-18.fc43 for rawhide
Created task: 135457662
Task info: https://koji.fedoraproject.org/koji/taskinfo?taskID=135457662
Watching tasks (this may be safely interrupted)...
135457662 build (rawhide, /rpms/relaxng-datatype-java.git:1cb43d8011d470002cdc1a9644439820806fffff): free
135457662 build (rawhide, /rpms/relaxng-datatype-java.git:1cb43d8011d470002cdc1a9644439820806fffff): free -> assigned (buildvm-ppc64le-28.rdu3.fedoraproject.org)
135457662 build (rawhide, /rpms/relaxng-datatype-java.git:1cb43d8011d470002cdc1a9644439820806fffff): assigned (buildvm-ppc64le-28.rdu3.fedoraproject.org) -> open (buildvm-ppc64le-28.rdu3.fedoraproject.org)
  135457696 buildSRPMFromSCM (/rpms/relaxng-datatype-java.git:1cb43d8011d470002cdc1a9644439820806fffff): free
  135457696 buildSRPMFromSCM (/rpms/relaxng-datatype-java.git:1cb43d8011d470002cdc1a9644439820806fffff): free -> assigned (buildvm-s390x-06.s390.fedoraproject.org)
  135457696 buildSRPMFromSCM (/rpms/relaxng-datatype-java.git:1cb43d8011d470002cdc1a9644439820806fffff): assigned (buildvm-s390x-06.s390.fedoraproject.org) -> open (buildvm-s390x-06.s390.fedoraproject.org)
  135457696 buildSRPMFromSCM (/rpms/relaxng-datatype-java.git:1cb43d8011d470002cdc1a9644439820806fffff): open (buildvm-s390x-06.s390.fedoraproject.org) -> closed
  0 free  1 open  1 done  0 failed
  135457776 buildArch (relaxng-datatype-java-2011.1-18.fc43.src.rpm, noarch): free
  135457776 buildArch (relaxng-datatype-java-2011.1-18.fc43.src.rpm, noarch): free -> open (buildvm-a64-38.rdu3.fedoraproject.org)
  135457803 tagBuild (noarch): free
  135457776 buildArch (relaxng-datatype-java-2011.1-18.fc43.src.rpm, noarch): open (buildvm-a64-38.rdu3.fedoraproject.org) -> closed
  1 free  1 open  2 done  0 failed
  135457803 tagBuild (noarch): free -> assigned (buildvm-a64-20.rdu3.fedoraproject.org)
  135457803 tagBuild (noarch): assigned (buildvm-a64-20.rdu3.fedoraproject.org) -> closed
  0 free  1 open  3 done  0 failed
135457662 build (rawhide, /rpms/relaxng-datatype-java.git:1cb43d8011d470002cdc1a9644439820806fffff): open (buildvm-ppc64le-28.rdu3.fedoraproject.org) -> closed
  0 free  0 open  4 done  0 failed

135457662 build (rawhide, /rpms/relaxng-datatype-java.git:1cb43d8011d470002cdc1a9644439820806fffff) completed successfully
