Cloning into 'replacer'...
@@@@@@@@@@@@@@@@@@@@@@@@@@@@@@@@@@@@@@@@@@@@@@@@@@@@@@@@@@@
@    WARNING: REMOTE HOST IDENTIFICATION HAS CHANGED!     @
@@@@@@@@@@@@@@@@@@@@@@@@@@@@@@@@@@@@@@@@@@@@@@@@@@@@@@@@@@@
IT IS POSSIBLE THAT SOMEONE IS DOING SOMETHING NASTY!
Someone could be eavesdropping on you right now (man-in-the-middle attack)!
It is also possible that a host key has just been changed.
The fingerprint for the RSA key sent by the remote host is
SHA256:dJN0nFWBcWK7SFs2k0nnsO+XNA9+aEDY4FWO7uhxTN8.
Please contact your system administrator.
Add correct host key in /home/jvanek/.ssh/known_hosts to get rid of this message.
Offending RSA key in /home/jvanek/.ssh/known_hosts:2
Password authentication is disabled to avoid man-in-the-middle attacks.
Keyboard-interactive authentication is disabled to avoid man-in-the-middle attacks.
UpdateHostkeys is disabled because the host key is not trusted.
RPMAutoSpec usage detected, not changing the spec file.
[rawhide d5caa19] Rebuilt for java-25-openjdk as preffered jdk
 1 file changed, 1 insertion(+), 1 deletion(-)
Found a gating.yaml file in the repo and it is properly configured
Building replacer-1.6-43.fc43 for rawhide
Created task: 135457691
Task info: https://koji.fedoraproject.org/koji/taskinfo?taskID=135457691
Watching tasks (this may be safely interrupted)...
135457691 build (rawhide, /rpms/replacer.git:d5caa19085759684d91ff9a8e387a91688930802): free
135457691 build (rawhide, /rpms/replacer.git:d5caa19085759684d91ff9a8e387a91688930802): free -> assigned (buildvm-x86-04.rdu3.fedoraproject.org)
135457691 build (rawhide, /rpms/replacer.git:d5caa19085759684d91ff9a8e387a91688930802): assigned (buildvm-x86-04.rdu3.fedoraproject.org) -> open (buildvm-x86-04.rdu3.fedoraproject.org)
  135457715 buildSRPMFromSCM (/rpms/replacer.git:d5caa19085759684d91ff9a8e387a91688930802): free
  135457715 buildSRPMFromSCM (/rpms/replacer.git:d5caa19085759684d91ff9a8e387a91688930802): free -> assigned (buildvm-a64-07.rdu3.fedoraproject.org)
  135457715 buildSRPMFromSCM (/rpms/replacer.git:d5caa19085759684d91ff9a8e387a91688930802): assigned (buildvm-a64-07.rdu3.fedoraproject.org) -> open (buildvm-a64-07.rdu3.fedoraproject.org)
  135457715 buildSRPMFromSCM (/rpms/replacer.git:d5caa19085759684d91ff9a8e387a91688930802): open (buildvm-a64-07.rdu3.fedoraproject.org) -> closed
  0 free  1 open  1 done  0 failed
  135457749 buildArch (replacer-1.6-43.fc43.src.rpm, noarch): free
  135457749 buildArch (replacer-1.6-43.fc43.src.rpm, noarch): free -> assigned (buildvm-x86-16.rdu3.fedoraproject.org)
  135457749 buildArch (replacer-1.6-43.fc43.src.rpm, noarch): assigned (buildvm-x86-16.rdu3.fedoraproject.org) -> open (buildvm-x86-16.rdu3.fedoraproject.org)
  135457749 buildArch (replacer-1.6-43.fc43.src.rpm, noarch): open (buildvm-x86-16.rdu3.fedoraproject.org) -> closed
  0 free  1 open  2 done  0 failed
  135457777 tagBuild (noarch): free
  135457777 tagBuild (noarch): free -> assigned (buildvm-ppc64le-06.rdu3.fedoraproject.org)
  135457777 tagBuild (noarch): assigned (buildvm-ppc64le-06.rdu3.fedoraproject.org) -> closed
  0 free  1 open  3 done  0 failed
135457691 build (rawhide, /rpms/replacer.git:d5caa19085759684d91ff9a8e387a91688930802): open (buildvm-x86-04.rdu3.fedoraproject.org) -> closed
  0 free  0 open  4 done  0 failed

135457691 build (rawhide, /rpms/replacer.git:d5caa19085759684d91ff9a8e387a91688930802) completed successfully
