Cloning into 'rstudio'...
[f40 217e105] Rebuilt for java-21-openjdk as system jdk
 1 file changed, 4 insertions(+), 1 deletion(-)
Building rstudio-2023.12.1+402-2.fc40 for f40-build-side-84857
Created task: 114346173
Task info: https://koji.fedoraproject.org/koji/taskinfo?taskID=114346173
Watching tasks (this may be safely interrupted)...
114346173 build (f40-build-side-84857, /rpms/rstudio.git:217e105fd6d59f573f4e3237251910c705c3bae5): free
114346173 build (f40-build-side-84857, /rpms/rstudio.git:217e105fd6d59f573f4e3237251910c705c3bae5): free -> open (buildhw-x86-03.iad2.fedoraproject.org)
  114346209 buildSRPMFromSCM (/rpms/rstudio.git:217e105fd6d59f573f4e3237251910c705c3bae5): free
  114346209 buildSRPMFromSCM (/rpms/rstudio.git:217e105fd6d59f573f4e3237251910c705c3bae5): free -> assigned
  114346209 buildSRPMFromSCM (/rpms/rstudio.git:217e105fd6d59f573f4e3237251910c705c3bae5): assigned -> open (buildvm-a64-09.iad2.fedoraproject.org)
  114346209 buildSRPMFromSCM (/rpms/rstudio.git:217e105fd6d59f573f4e3237251910c705c3bae5): open (buildvm-a64-09.iad2.fedoraproject.org) -> closed
  0 free  1 open  1 done  0 failed
  114346458 buildArch (rstudio-2023.12.1+402-2.fc40.src.rpm, ppc64le): free
  114346456 buildArch (rstudio-2023.12.1+402-2.fc40.src.rpm, x86_64): free
  114346457 buildArch (rstudio-2023.12.1+402-2.fc40.src.rpm, aarch64): free
  114346459 buildArch (rstudio-2023.12.1+402-2.fc40.src.rpm, s390x): free
  114346458 buildArch (rstudio-2023.12.1+402-2.fc40.src.rpm, ppc64le): free -> assigned
  114346456 buildArch (rstudio-2023.12.1+402-2.fc40.src.rpm, x86_64): free -> assigned
  114346457 buildArch (rstudio-2023.12.1+402-2.fc40.src.rpm, aarch64): free -> assigned
  114346459 buildArch (rstudio-2023.12.1+402-2.fc40.src.rpm, s390x): free -> assigned
  114346458 buildArch (rstudio-2023.12.1+402-2.fc40.src.rpm, ppc64le): assigned -> open (buildvm-ppc64le-13.iad2.fedoraproject.org)
  114346456 buildArch (rstudio-2023.12.1+402-2.fc40.src.rpm, x86_64): assigned -> open (buildhw-x86-11.iad2.fedoraproject.org)
  114346459 buildArch (rstudio-2023.12.1+402-2.fc40.src.rpm, s390x): assigned -> open (buildvm-s390x-09.s390.fedoraproject.org)
  114346457 buildArch (rstudio-2023.12.1+402-2.fc40.src.rpm, aarch64): assigned -> open (buildvm-a64-39.iad2.fedoraproject.org)
  114346456 buildArch (rstudio-2023.12.1+402-2.fc40.src.rpm, x86_64): open (buildhw-x86-11.iad2.fedoraproject.org) -> closed
  0 free  4 open  2 done  0 failed
  114346457 buildArch (rstudio-2023.12.1+402-2.fc40.src.rpm, aarch64): open (buildvm-a64-39.iad2.fedoraproject.org) -> closed
  0 free  3 open  3 done  0 failed
  114346459 buildArch (rstudio-2023.12.1+402-2.fc40.src.rpm, s390x): open (buildvm-s390x-09.s390.fedoraproject.org) -> closed
  0 free  2 open  4 done  0 failed
  114346458 buildArch (rstudio-2023.12.1+402-2.fc40.src.rpm, ppc64le): open (buildvm-ppc64le-13.iad2.fedoraproject.org) -> closed
  0 free  1 open  5 done  0 failed
  114348158 tagBuild (noarch): free
  114348158 tagBuild (noarch): free -> assigned
  114348158 tagBuild (noarch): assigned -> closed
  0 free  1 open  6 done  0 failed
114346173 build (f40-build-side-84857, /rpms/rstudio.git:217e105fd6d59f573f4e3237251910c705c3bae5): open (buildhw-x86-03.iad2.fedoraproject.org) -> closed
  0 free  0 open  7 done  0 failed

114346173 build (f40-build-side-84857, /rpms/rstudio.git:217e105fd6d59f573f4e3237251910c705c3bae5) completed successfully
