Cloning into 'rundoc'...
@@@@@@@@@@@@@@@@@@@@@@@@@@@@@@@@@@@@@@@@@@@@@@@@@@@@@@@@@@@
@    WARNING: REMOTE HOST IDENTIFICATION HAS CHANGED!     @
@@@@@@@@@@@@@@@@@@@@@@@@@@@@@@@@@@@@@@@@@@@@@@@@@@@@@@@@@@@
IT IS POSSIBLE THAT SOMEONE IS DOING SOMETHING NASTY!
Someone could be eavesdropping on you right now (man-in-the-middle attack)!
It is also possible that a host key has just been changed.
The fingerprint for the RSA key sent by the remote host is
SHA256:dJN0nFWBcWK7SFs2k0nnsO+XNA9+aEDY4FWO7uhxTN8.
Please contact your system administrator.
Add correct host key in /home/jvanek/.ssh/known_hosts to get rid of this message.
Offending RSA key in /home/jvanek/.ssh/known_hosts:2
Password authentication is disabled to avoid man-in-the-middle attacks.
Keyboard-interactive authentication is disabled to avoid man-in-the-middle attacks.
UpdateHostkeys is disabled because the host key is not trusted.
[rawhide a407dd0] Rebuilt for java-25-openjdk as preffered jdk
 1 file changed, 6 insertions(+), 3 deletions(-)
Building rundoc-0.11-30.fc43 for rawhide
Created task: 135457714
Task info: https://koji.fedoraproject.org/koji/taskinfo?taskID=135457714
Watching tasks (this may be safely interrupted)...
135457714 build (rawhide, /rpms/rundoc.git:a407dd07267b82644204fb3c42713bae8a5adbcd): free
135457714 build (rawhide, /rpms/rundoc.git:a407dd07267b82644204fb3c42713bae8a5adbcd): free -> assigned (buildvm-x86-16.rdu3.fedoraproject.org)
135457714 build (rawhide, /rpms/rundoc.git:a407dd07267b82644204fb3c42713bae8a5adbcd): assigned (buildvm-x86-16.rdu3.fedoraproject.org) -> open (buildvm-x86-16.rdu3.fedoraproject.org)
  135457727 buildSRPMFromSCM (/rpms/rundoc.git:a407dd07267b82644204fb3c42713bae8a5adbcd): free
  135457727 buildSRPMFromSCM (/rpms/rundoc.git:a407dd07267b82644204fb3c42713bae8a5adbcd): free -> assigned (buildvm-x86-05.rdu3.fedoraproject.org)
  135457727 buildSRPMFromSCM (/rpms/rundoc.git:a407dd07267b82644204fb3c42713bae8a5adbcd): assigned (buildvm-x86-05.rdu3.fedoraproject.org) -> open (buildvm-x86-05.rdu3.fedoraproject.org)
  135457727 buildSRPMFromSCM (/rpms/rundoc.git:a407dd07267b82644204fb3c42713bae8a5adbcd): open (buildvm-x86-05.rdu3.fedoraproject.org) -> closed
  0 free  1 open  1 done  0 failed
  135457754 buildArch (rundoc-0.11-30.fc43.src.rpm, noarch): free
  135457754 buildArch (rundoc-0.11-30.fc43.src.rpm, noarch): free -> assigned (buildvm-s390x-06.s390.fedoraproject.org)
  135457754 buildArch (rundoc-0.11-30.fc43.src.rpm, noarch): assigned (buildvm-s390x-06.s390.fedoraproject.org) -> open (buildvm-s390x-06.s390.fedoraproject.org)
  135457754 buildArch (rundoc-0.11-30.fc43.src.rpm, noarch): open (buildvm-s390x-06.s390.fedoraproject.org) -> closed
  0 free  1 open  2 done  0 failed
  135457815 tagBuild (noarch): free
  135457815 tagBuild (noarch): free -> assigned (buildhw-x86-02.rdu3.fedoraproject.org)
  135457815 tagBuild (noarch): assigned (buildhw-x86-02.rdu3.fedoraproject.org) -> closed
  0 free  1 open  3 done  0 failed
135457714 build (rawhide, /rpms/rundoc.git:a407dd07267b82644204fb3c42713bae8a5adbcd): open (buildvm-x86-16.rdu3.fedoraproject.org) -> closed
  0 free  0 open  4 done  0 failed

135457714 build (rawhide, /rpms/rundoc.git:a407dd07267b82644204fb3c42713bae8a5adbcd) completed successfully
