Cloning into 'sac'...
[rawhide 8198e10] Rebuilt for java-21-openjdk as system jdk
 1 file changed, 4 insertions(+), 1 deletion(-)
warning: Macro expanded in comment on line 6: %{name}java-%{version}.zip

warning: Macro expanded in comment on line 6: %{name}java-%{version}.zip


Building sac-1.3-46.fc41 for f41-build-side-84507
Created task: 114140616
Task info: https://koji.fedoraproject.org/koji/taskinfo?taskID=114140616
Watching tasks (this may be safely interrupted)...
114140616 build (f41-build-side-84507, /rpms/sac.git:8198e10a5db7dd0c6f804d5b9ec496d455e6f96f): free
114140616 build (f41-build-side-84507, /rpms/sac.git:8198e10a5db7dd0c6f804d5b9ec496d455e6f96f): free -> assigned
114140616 build (f41-build-side-84507, /rpms/sac.git:8198e10a5db7dd0c6f804d5b9ec496d455e6f96f): assigned -> open (buildhw-x86-11.iad2.fedoraproject.org)
  114140651 buildSRPMFromSCM (/rpms/sac.git:8198e10a5db7dd0c6f804d5b9ec496d455e6f96f): free
  114140651 buildSRPMFromSCM (/rpms/sac.git:8198e10a5db7dd0c6f804d5b9ec496d455e6f96f): free -> assigned
  114140651 buildSRPMFromSCM (/rpms/sac.git:8198e10a5db7dd0c6f804d5b9ec496d455e6f96f): assigned -> open (buildvm-a64-09.iad2.fedoraproject.org)
  114140651 buildSRPMFromSCM (/rpms/sac.git:8198e10a5db7dd0c6f804d5b9ec496d455e6f96f): open (buildvm-a64-09.iad2.fedoraproject.org) -> closed
  0 free  1 open  1 done  0 failed
  114140923 buildArch (sac-1.3-46.fc41.src.rpm, noarch): free
  114140923 buildArch (sac-1.3-46.fc41.src.rpm, noarch): free -> assigned
  114140923 buildArch (sac-1.3-46.fc41.src.rpm, noarch): assigned -> open (buildvm-s390x-02.s390.fedoraproject.org)
  114140923 buildArch (sac-1.3-46.fc41.src.rpm, noarch): open (buildvm-s390x-02.s390.fedoraproject.org) -> closed
  0 free  1 open  2 done  0 failed
  114141119 tagBuild (noarch): free
  114141119 tagBuild (noarch): free -> assigned
  114141119 tagBuild (noarch): assigned -> closed
  0 free  1 open  3 done  0 failed
114140616 build (f41-build-side-84507, /rpms/sac.git:8198e10a5db7dd0c6f804d5b9ec496d455e6f96f): open (buildhw-x86-11.iad2.fedoraproject.org) -> closed
  0 free  0 open  4 done  0 failed

114140616 build (f41-build-side-84507, /rpms/sac.git:8198e10a5db7dd0c6f804d5b9ec496d455e6f96f) completed successfully
