Cloning into 'scala'...
[rawhide 385881d] Rebuilt for java-21-openjdk as system jdk
 1 file changed, 4 insertions(+), 1 deletion(-)
Building scala-2.13.12-7.fc41 for f41-build-side-84507
Created task: 114140839
Task info: https://koji.fedoraproject.org/koji/taskinfo?taskID=114140839
Watching tasks (this may be safely interrupted)...
114140839 build (f41-build-side-84507, /rpms/scala.git:385881d52be7effb08527f43fc6b1940e78c9ac7): free
114140839 build (f41-build-side-84507, /rpms/scala.git:385881d52be7effb08527f43fc6b1940e78c9ac7): free -> assigned
114140839 build (f41-build-side-84507, /rpms/scala.git:385881d52be7effb08527f43fc6b1940e78c9ac7): assigned -> open (buildhw-x86-09.iad2.fedoraproject.org)
  114140847 buildSRPMFromSCM (/rpms/scala.git:385881d52be7effb08527f43fc6b1940e78c9ac7): free
  114140847 buildSRPMFromSCM (/rpms/scala.git:385881d52be7effb08527f43fc6b1940e78c9ac7): free -> assigned
  114140847 buildSRPMFromSCM (/rpms/scala.git:385881d52be7effb08527f43fc6b1940e78c9ac7): assigned -> open (buildvm-a64-33.iad2.fedoraproject.org)
  114140847 buildSRPMFromSCM (/rpms/scala.git:385881d52be7effb08527f43fc6b1940e78c9ac7): open (buildvm-a64-33.iad2.fedoraproject.org) -> closed
  0 free  1 open  1 done  0 failed
  114140950 buildArch (scala-2.13.12-7.fc41.src.rpm, noarch): free
  114140950 buildArch (scala-2.13.12-7.fc41.src.rpm, noarch): free -> assigned
  114140950 buildArch (scala-2.13.12-7.fc41.src.rpm, noarch): assigned -> open (buildvm-s390x-02.s390.fedoraproject.org)
  114140950 buildArch (scala-2.13.12-7.fc41.src.rpm, noarch): open (buildvm-s390x-02.s390.fedoraproject.org) -> closed
  0 free  1 open  2 done  0 failed
  114141564 tagBuild (noarch): free
  114141564 tagBuild (noarch): free -> open (buildvm-ppc64le-20.iad2.fedoraproject.org)
114140839 build (f41-build-side-84507, /rpms/scala.git:385881d52be7effb08527f43fc6b1940e78c9ac7): open (buildhw-x86-09.iad2.fedoraproject.org) -> closed
  0 free  1 open  3 done  0 failed
  114141564 tagBuild (noarch): open (buildvm-ppc64le-20.iad2.fedoraproject.org) -> closed
  0 free  0 open  4 done  0 failed

114140839 build (f41-build-side-84507, /rpms/scala.git:385881d52be7effb08527f43fc6b1940e78c9ac7) completed successfully
