Cloning into 'scalpel'...
[rawhide 0e8eb4a] Rebuilt for java-17-openjdk as system jdk
 1 file changed, 4 insertions(+), 1 deletion(-)
Building scalpel-2.1-0.rc1.2.47815c2.fc36.15 for f36-java17
Created task: 82434460
Task info: https://koji.fedoraproject.org/koji/taskinfo?taskID=82434460
Watching tasks (this may be safely interrupted)...
82434460 build (f36-java17, /rpms/scalpel.git:0e8eb4ad572ba9149c25aff5db9ea215ce700d9a): free
82434460 build (f36-java17, /rpms/scalpel.git:0e8eb4ad572ba9149c25aff5db9ea215ce700d9a): free -> open (buildvm-x86-19.iad2.fedoraproject.org)
  82434461 buildSRPMFromSCM (/rpms/scalpel.git:0e8eb4ad572ba9149c25aff5db9ea215ce700d9a): free
  82434461 buildSRPMFromSCM (/rpms/scalpel.git:0e8eb4ad572ba9149c25aff5db9ea215ce700d9a): free -> open (buildvm-x86-19.iad2.fedoraproject.org)
  82434461 buildSRPMFromSCM (/rpms/scalpel.git:0e8eb4ad572ba9149c25aff5db9ea215ce700d9a): open (buildvm-x86-19.iad2.fedoraproject.org) -> closed
  0 free  1 open  1 done  0 failed
  82434526 buildArch (scalpel-2.1-0.rc1.2.47815c2.fc36.15.src.rpm, armv7hl): open (buildvm-a32-04.iad2.fedoraproject.org)
  82434528 buildArch (scalpel-2.1-0.rc1.2.47815c2.fc36.15.src.rpm, x86_64): free
  82434529 buildArch (scalpel-2.1-0.rc1.2.47815c2.fc36.15.src.rpm, aarch64): open (buildhw-a64-23.iad2.fedoraproject.org)
  82434527 buildArch (scalpel-2.1-0.rc1.2.47815c2.fc36.15.src.rpm, i686): open (buildvm-x86-12.iad2.fedoraproject.org)
  82434531 buildArch (scalpel-2.1-0.rc1.2.47815c2.fc36.15.src.rpm, s390x): open (buildvm-s390x-23.s390.fedoraproject.org)
  82434530 buildArch (scalpel-2.1-0.rc1.2.47815c2.fc36.15.src.rpm, ppc64le): free
  82434528 buildArch (scalpel-2.1-0.rc1.2.47815c2.fc36.15.src.rpm, x86_64): free -> open (buildvm-x86-11.iad2.fedoraproject.org)
  82434530 buildArch (scalpel-2.1-0.rc1.2.47815c2.fc36.15.src.rpm, ppc64le): free -> open (buildvm-ppc64le-39.iad2.fedoraproject.org)
  82434531 buildArch (scalpel-2.1-0.rc1.2.47815c2.fc36.15.src.rpm, s390x): open (buildvm-s390x-23.s390.fedoraproject.org) -> closed
  0 free  6 open  2 done  0 failed
  82434527 buildArch (scalpel-2.1-0.rc1.2.47815c2.fc36.15.src.rpm, i686): open (buildvm-x86-12.iad2.fedoraproject.org) -> closed
  0 free  5 open  3 done  0 failed
  82434528 buildArch (scalpel-2.1-0.rc1.2.47815c2.fc36.15.src.rpm, x86_64): open (buildvm-x86-11.iad2.fedoraproject.org) -> closed
  0 free  4 open  4 done  0 failed
  82434529 buildArch (scalpel-2.1-0.rc1.2.47815c2.fc36.15.src.rpm, aarch64): open (buildhw-a64-23.iad2.fedoraproject.org) -> closed
  0 free  3 open  5 done  0 failed
  82434530 buildArch (scalpel-2.1-0.rc1.2.47815c2.fc36.15.src.rpm, ppc64le): open (buildvm-ppc64le-39.iad2.fedoraproject.org) -> closed
  0 free  2 open  6 done  0 failed
  82434526 buildArch (scalpel-2.1-0.rc1.2.47815c2.fc36.15.src.rpm, armv7hl): open (buildvm-a32-04.iad2.fedoraproject.org) -> closed
  0 free  1 open  7 done  0 failed
  82434792 tagBuild (noarch): closed
82434460 build (f36-java17, /rpms/scalpel.git:0e8eb4ad572ba9149c25aff5db9ea215ce700d9a): open (buildvm-x86-19.iad2.fedoraproject.org) -> closed
  0 free  0 open  9 done  0 failed

82434460 build (f36-java17, /rpms/scalpel.git:0e8eb4ad572ba9149c25aff5db9ea215ce700d9a) completed successfully
