Cloning into 'scannotation'...
@@@@@@@@@@@@@@@@@@@@@@@@@@@@@@@@@@@@@@@@@@@@@@@@@@@@@@@@@@@
@    WARNING: REMOTE HOST IDENTIFICATION HAS CHANGED!     @
@@@@@@@@@@@@@@@@@@@@@@@@@@@@@@@@@@@@@@@@@@@@@@@@@@@@@@@@@@@
IT IS POSSIBLE THAT SOMEONE IS DOING SOMETHING NASTY!
Someone could be eavesdropping on you right now (man-in-the-middle attack)!
It is also possible that a host key has just been changed.
The fingerprint for the RSA key sent by the remote host is
SHA256:dJN0nFWBcWK7SFs2k0nnsO+XNA9+aEDY4FWO7uhxTN8.
Please contact your system administrator.
Add correct host key in /home/jvanek/.ssh/known_hosts to get rid of this message.
Offending RSA key in /home/jvanek/.ssh/known_hosts:2
Password authentication is disabled to avoid man-in-the-middle attacks.
Keyboard-interactive authentication is disabled to avoid man-in-the-middle attacks.
UpdateHostkeys is disabled because the host key is not trusted.
[rawhide 8666734] Rebuilt for java-25-openjdk as preffered jdk
 1 file changed, 5 insertions(+), 2 deletions(-)
Building scannotation-1.0.3-0.38.r12.fc43 for rawhide
Created task: 135457732
Task info: https://koji.fedoraproject.org/koji/taskinfo?taskID=135457732
Watching tasks (this may be safely interrupted)...
135457732 build (rawhide, /rpms/scannotation.git:86667343ec68a1e8487add7658f9e6c42516378b): free
135457732 build (rawhide, /rpms/scannotation.git:86667343ec68a1e8487add7658f9e6c42516378b): free -> open (buildvm-ppc64le-10.rdu3.fedoraproject.org)
  135457745 buildSRPMFromSCM (/rpms/scannotation.git:86667343ec68a1e8487add7658f9e6c42516378b): free
  135457745 buildSRPMFromSCM (/rpms/scannotation.git:86667343ec68a1e8487add7658f9e6c42516378b): free -> assigned (buildvm-x86-05.rdu3.fedoraproject.org)
  135457745 buildSRPMFromSCM (/rpms/scannotation.git:86667343ec68a1e8487add7658f9e6c42516378b): assigned (buildvm-x86-05.rdu3.fedoraproject.org) -> open (buildvm-x86-05.rdu3.fedoraproject.org)
  135457745 buildSRPMFromSCM (/rpms/scannotation.git:86667343ec68a1e8487add7658f9e6c42516378b): open (buildvm-x86-05.rdu3.fedoraproject.org) -> closed
  0 free  1 open  1 done  0 failed
  135457765 buildArch (scannotation-1.0.3-0.38.r12.fc43.src.rpm, noarch): free
  135457765 buildArch (scannotation-1.0.3-0.38.r12.fc43.src.rpm, noarch): free -> assigned (buildvm-s390x-06.s390.fedoraproject.org)
  135457765 buildArch (scannotation-1.0.3-0.38.r12.fc43.src.rpm, noarch): assigned (buildvm-s390x-06.s390.fedoraproject.org) -> open (buildvm-s390x-06.s390.fedoraproject.org)
  135457765 buildArch (scannotation-1.0.3-0.38.r12.fc43.src.rpm, noarch): open (buildvm-s390x-06.s390.fedoraproject.org) -> closed
  0 free  1 open  2 done  0 failed
  135457818 tagBuild (noarch): free
  135457818 tagBuild (noarch): free -> assigned (buildvm-x86-18.rdu3.fedoraproject.org)
135457732 build (rawhide, /rpms/scannotation.git:86667343ec68a1e8487add7658f9e6c42516378b): open (buildvm-ppc64le-10.rdu3.fedoraproject.org) -> closed
  0 free  1 open  3 done  0 failed
  135457818 tagBuild (noarch): assigned (buildvm-x86-18.rdu3.fedoraproject.org) -> closed
  0 free  0 open  4 done  0 failed

135457732 build (rawhide, /rpms/scannotation.git:86667343ec68a1e8487add7658f9e6c42516378b) completed successfully
