[rawhide 88dcd0e] Rebuilt for java-25-openjdk as preffered jdk
 1 file changed, 7 insertions(+), 4 deletions(-)
Building sdljava-0.9.1-67.fc43 for rawhide
Created task: 135398615
Task info: https://koji.fedoraproject.org/koji/taskinfo?taskID=135398615
Watching tasks (this may be safely interrupted)...
135398615 build (rawhide, /rpms/sdljava.git:88dcd0ea3fffd87f771a4a481fbd9a8dc6ba9136): free
135398615 build (rawhide, /rpms/sdljava.git:88dcd0ea3fffd87f771a4a481fbd9a8dc6ba9136): free -> assigned (buildvm-s390x-05.s390.fedoraproject.org)
135398615 build (rawhide, /rpms/sdljava.git:88dcd0ea3fffd87f771a4a481fbd9a8dc6ba9136): assigned (buildvm-s390x-05.s390.fedoraproject.org) -> open (buildvm-s390x-05.s390.fedoraproject.org)
  135398623 buildSRPMFromSCM (/rpms/sdljava.git:88dcd0ea3fffd87f771a4a481fbd9a8dc6ba9136): free
  135398623 buildSRPMFromSCM (/rpms/sdljava.git:88dcd0ea3fffd87f771a4a481fbd9a8dc6ba9136): free -> assigned (buildvm-x86-20.rdu3.fedoraproject.org)
  135398623 buildSRPMFromSCM (/rpms/sdljava.git:88dcd0ea3fffd87f771a4a481fbd9a8dc6ba9136): assigned (buildvm-x86-20.rdu3.fedoraproject.org) -> open (buildvm-x86-20.rdu3.fedoraproject.org)
  135398623 buildSRPMFromSCM (/rpms/sdljava.git:88dcd0ea3fffd87f771a4a481fbd9a8dc6ba9136): open (buildvm-x86-20.rdu3.fedoraproject.org) -> closed
  0 free  1 open  1 done  0 failed
  135398654 buildArch (sdljava-0.9.1-67.fc43.src.rpm, x86_64): free
  135398655 buildArch (sdljava-0.9.1-67.fc43.src.rpm, aarch64): free
  135398657 buildArch (sdljava-0.9.1-67.fc43.src.rpm, s390x): free
  135398656 buildArch (sdljava-0.9.1-67.fc43.src.rpm, ppc64le): free
  135398654 buildArch (sdljava-0.9.1-67.fc43.src.rpm, x86_64): free -> open (buildvm-x86-22.rdu3.fedoraproject.org)
  135398655 buildArch (sdljava-0.9.1-67.fc43.src.rpm, aarch64): free -> open (buildvm-a64-12.rdu3.fedoraproject.org)
  135398657 buildArch (sdljava-0.9.1-67.fc43.src.rpm, s390x): free -> open (buildvm-s390x-19.s390.fedoraproject.org)
  135398656 buildArch (sdljava-0.9.1-67.fc43.src.rpm, ppc64le): free -> open (buildvm-ppc64le-31.rdu3.fedoraproject.org)
  135398654 buildArch (sdljava-0.9.1-67.fc43.src.rpm, x86_64): open (buildvm-x86-22.rdu3.fedoraproject.org) -> closed
  0 free  4 open  2 done  0 failed
  135398657 buildArch (sdljava-0.9.1-67.fc43.src.rpm, s390x): open (buildvm-s390x-19.s390.fedoraproject.org) -> closed
  0 free  3 open  3 done  0 failed
  135398655 buildArch (sdljava-0.9.1-67.fc43.src.rpm, aarch64): open (buildvm-a64-12.rdu3.fedoraproject.org) -> closed
  0 free  2 open  4 done  0 failed
  135398656 buildArch (sdljava-0.9.1-67.fc43.src.rpm, ppc64le): open (buildvm-ppc64le-31.rdu3.fedoraproject.org) -> closed
  0 free  1 open  5 done  0 failed
  135398721 tagBuild (noarch): free
  135398721 tagBuild (noarch): free -> assigned (buildvm-a64-45.rdu3.fedoraproject.org)
  135398721 tagBuild (noarch): assigned (buildvm-a64-45.rdu3.fedoraproject.org) -> closed
  0 free  1 open  6 done  0 failed
135398615 build (rawhide, /rpms/sdljava.git:88dcd0ea3fffd87f771a4a481fbd9a8dc6ba9136): open (buildvm-s390x-05.s390.fedoraproject.org) -> closed
  0 free  0 open  7 done  0 failed

135398615 build (rawhide, /rpms/sdljava.git:88dcd0ea3fffd87f771a4a481fbd9a8dc6ba9136) completed successfully
