Cloning into 'sequence-library'...
@@@@@@@@@@@@@@@@@@@@@@@@@@@@@@@@@@@@@@@@@@@@@@@@@@@@@@@@@@@
@    WARNING: REMOTE HOST IDENTIFICATION HAS CHANGED!     @
@@@@@@@@@@@@@@@@@@@@@@@@@@@@@@@@@@@@@@@@@@@@@@@@@@@@@@@@@@@
IT IS POSSIBLE THAT SOMEONE IS DOING SOMETHING NASTY!
Someone could be eavesdropping on you right now (man-in-the-middle attack)!
It is also possible that a host key has just been changed.
The fingerprint for the RSA key sent by the remote host is
SHA256:dJN0nFWBcWK7SFs2k0nnsO+XNA9+aEDY4FWO7uhxTN8.
Please contact your system administrator.
Add correct host key in /home/jvanek/.ssh/known_hosts to get rid of this message.
Offending RSA key in /home/jvanek/.ssh/known_hosts:2
Password authentication is disabled to avoid man-in-the-middle attacks.
Keyboard-interactive authentication is disabled to avoid man-in-the-middle attacks.
UpdateHostkeys is disabled because the host key is not trusted.
[rawhide 27dc022] Rebuilt for java-25-openjdk as preffered jdk
 1 file changed, 5 insertions(+), 2 deletions(-)
Building sequence-library-1.0.3-22.fc43 for rawhide
Created task: 135457743
Task info: https://koji.fedoraproject.org/koji/taskinfo?taskID=135457743
Watching tasks (this may be safely interrupted)...
135457743 build (rawhide, /rpms/sequence-library.git:27dc022925f0e7eea765f0bd73255c4ef462d0c1): free
135457743 build (rawhide, /rpms/sequence-library.git:27dc022925f0e7eea765f0bd73255c4ef462d0c1): free -> open (buildvm-a64-41.rdu3.fedoraproject.org)
  135457744 buildSRPMFromSCM (/rpms/sequence-library.git:27dc022925f0e7eea765f0bd73255c4ef462d0c1): free
  135457744 buildSRPMFromSCM (/rpms/sequence-library.git:27dc022925f0e7eea765f0bd73255c4ef462d0c1): free -> assigned (buildvm-s390x-02.s390.fedoraproject.org)
  135457744 buildSRPMFromSCM (/rpms/sequence-library.git:27dc022925f0e7eea765f0bd73255c4ef462d0c1): assigned (buildvm-s390x-02.s390.fedoraproject.org) -> open (buildvm-s390x-02.s390.fedoraproject.org)
  135457744 buildSRPMFromSCM (/rpms/sequence-library.git:27dc022925f0e7eea765f0bd73255c4ef462d0c1): open (buildvm-s390x-02.s390.fedoraproject.org) -> closed
  0 free  1 open  1 done  0 failed
  135457780 buildArch (sequence-library-1.0.3-22.fc43.src.rpm, noarch): free
  135457780 buildArch (sequence-library-1.0.3-22.fc43.src.rpm, noarch): free -> assigned (buildvm-ppc64le-11.rdu3.fedoraproject.org)
  135457780 buildArch (sequence-library-1.0.3-22.fc43.src.rpm, noarch): assigned (buildvm-ppc64le-11.rdu3.fedoraproject.org) -> open (buildvm-ppc64le-11.rdu3.fedoraproject.org)
  135457780 buildArch (sequence-library-1.0.3-22.fc43.src.rpm, noarch): open (buildvm-ppc64le-11.rdu3.fedoraproject.org) -> closed
  0 free  1 open  2 done  0 failed
  135457822 tagBuild (noarch): free
  135457822 tagBuild (noarch): free -> closed
  0 free  1 open  3 done  0 failed
135457743 build (rawhide, /rpms/sequence-library.git:27dc022925f0e7eea765f0bd73255c4ef462d0c1): open (buildvm-a64-41.rdu3.fedoraproject.org) -> closed
  0 free  0 open  4 done  0 failed

135457743 build (rawhide, /rpms/sequence-library.git:27dc022925f0e7eea765f0bd73255c4ef462d0c1) completed successfully
