Cloning into 'Singular'...
@@@@@@@@@@@@@@@@@@@@@@@@@@@@@@@@@@@@@@@@@@@@@@@@@@@@@@@@@@@
@    WARNING: REMOTE HOST IDENTIFICATION HAS CHANGED!     @
@@@@@@@@@@@@@@@@@@@@@@@@@@@@@@@@@@@@@@@@@@@@@@@@@@@@@@@@@@@
IT IS POSSIBLE THAT SOMEONE IS DOING SOMETHING NASTY!
Someone could be eavesdropping on you right now (man-in-the-middle attack)!
It is also possible that a host key has just been changed.
The fingerprint for the RSA key sent by the remote host is
SHA256:dJN0nFWBcWK7SFs2k0nnsO+XNA9+aEDY4FWO7uhxTN8.
Please contact your system administrator.
Add correct host key in /home/jvanek/.ssh/known_hosts to get rid of this message.
Offending RSA key in /home/jvanek/.ssh/known_hosts:2
Password authentication is disabled to avoid man-in-the-middle attacks.
Keyboard-interactive authentication is disabled to avoid man-in-the-middle attacks.
UpdateHostkeys is disabled because the host key is not trusted.
RPMAutoSpec usage detected, not changing the spec file.
[rawhide d54d50b] Rebuilt for java-25-openjdk as preffered jdk
Building Singular-4.4.1-7.fc43 for rawhide
Created task: 135457751
Task info: https://koji.fedoraproject.org/koji/taskinfo?taskID=135457751
Watching tasks (this may be safely interrupted)...
135457751 build (rawhide, /rpms/Singular.git:d54d50bb28640db0bede175d48872f8c48c755f3): free
135457751 build (rawhide, /rpms/Singular.git:d54d50bb28640db0bede175d48872f8c48c755f3): free -> assigned (buildvm-a64-26.rdu3.fedoraproject.org)
135457751 build (rawhide, /rpms/Singular.git:d54d50bb28640db0bede175d48872f8c48c755f3): assigned (buildvm-a64-26.rdu3.fedoraproject.org) -> open (buildvm-a64-26.rdu3.fedoraproject.org)
  135457757 buildSRPMFromSCM (/rpms/Singular.git:d54d50bb28640db0bede175d48872f8c48c755f3): free
  135457757 buildSRPMFromSCM (/rpms/Singular.git:d54d50bb28640db0bede175d48872f8c48c755f3): free -> assigned (buildvm-ppc64le-11.rdu3.fedoraproject.org)
  135457757 buildSRPMFromSCM (/rpms/Singular.git:d54d50bb28640db0bede175d48872f8c48c755f3): assigned (buildvm-ppc64le-11.rdu3.fedoraproject.org) -> open (buildvm-ppc64le-11.rdu3.fedoraproject.org)
  135457788 buildArch (Singular-4.4.1-7.fc43.src.rpm, x86_64): free
  135457789 buildArch (Singular-4.4.1-7.fc43.src.rpm, aarch64): free
  135457790 buildArch (Singular-4.4.1-7.fc43.src.rpm, ppc64le): free
  135457791 buildArch (Singular-4.4.1-7.fc43.src.rpm, s390x): free
  135457757 buildSRPMFromSCM (/rpms/Singular.git:d54d50bb28640db0bede175d48872f8c48c755f3): open (buildvm-ppc64le-11.rdu3.fedoraproject.org) -> closed
  4 free  1 open  1 done  0 failed
  135457788 buildArch (Singular-4.4.1-7.fc43.src.rpm, x86_64): free -> open (buildvm-x86-17.rdu3.fedoraproject.org)
  135457789 buildArch (Singular-4.4.1-7.fc43.src.rpm, aarch64): free -> open (buildvm-a64-28.rdu3.fedoraproject.org)
  135457790 buildArch (Singular-4.4.1-7.fc43.src.rpm, ppc64le): free -> assigned (buildvm-ppc64le-14.rdu3.fedoraproject.org)
  135457791 buildArch (Singular-4.4.1-7.fc43.src.rpm, s390x): free -> open (buildvm-s390x-18.s390.fedoraproject.org)
  135457790 buildArch (Singular-4.4.1-7.fc43.src.rpm, ppc64le): assigned (buildvm-ppc64le-14.rdu3.fedoraproject.org) -> open (buildvm-ppc64le-14.rdu3.fedoraproject.org)
  135457788 buildArch (Singular-4.4.1-7.fc43.src.rpm, x86_64): open (buildvm-x86-17.rdu3.fedoraproject.org) -> closed
  0 free  4 open  2 done  0 failed
  135457791 buildArch (Singular-4.4.1-7.fc43.src.rpm, s390x): open (buildvm-s390x-18.s390.fedoraproject.org) -> closed
  0 free  3 open  3 done  0 failed
  135457789 buildArch (Singular-4.4.1-7.fc43.src.rpm, aarch64): open (buildvm-a64-28.rdu3.fedoraproject.org) -> closed
  0 free  2 open  4 done  0 failed
  135457790 buildArch (Singular-4.4.1-7.fc43.src.rpm, ppc64le): open (buildvm-ppc64le-14.rdu3.fedoraproject.org) -> closed
  0 free  1 open  5 done  0 failed
  135459573 tagBuild (noarch): free
  135459573 tagBuild (noarch): free -> closed
  0 free  1 open  6 done  0 failed
135457751 build (rawhide, /rpms/Singular.git:d54d50bb28640db0bede175d48872f8c48c755f3): open (buildvm-a64-26.rdu3.fedoraproject.org) -> closed
  0 free  0 open  7 done  0 failed

135457751 build (rawhide, /rpms/Singular.git:d54d50bb28640db0bede175d48872f8c48c755f3) completed successfully
