Cloning into 'sisu-mojos'...
[rawhide 1bff9b1] Rebuilt for java-21-openjdk as system jdk
 1 file changed, 4 insertions(+), 1 deletion(-)
Found a gating.yaml file in the repo and it is properly configured
warning: Macro expanded in comment on line 14: %{version}.tar.gz#/%{name}-%{version}.tar.gz


Building sisu-mojos-0.9.0~M2-4.fc41 for f41-build-side-84507
Created task: 114140977
Task info: https://koji.fedoraproject.org/koji/taskinfo?taskID=114140977
Watching tasks (this may be safely interrupted)...
114140977 build (f41-build-side-84507, /rpms/sisu-mojos.git:1bff9b1e2de0a98ea6a7e86fe8263294d00b7279): free
114140977 build (f41-build-side-84507, /rpms/sisu-mojos.git:1bff9b1e2de0a98ea6a7e86fe8263294d00b7279): free -> assigned
114140977 build (f41-build-side-84507, /rpms/sisu-mojos.git:1bff9b1e2de0a98ea6a7e86fe8263294d00b7279): assigned -> open (buildvm-ppc64le-12.iad2.fedoraproject.org)
  114141070 buildSRPMFromSCM (/rpms/sisu-mojos.git:1bff9b1e2de0a98ea6a7e86fe8263294d00b7279): free
  114141070 buildSRPMFromSCM (/rpms/sisu-mojos.git:1bff9b1e2de0a98ea6a7e86fe8263294d00b7279): free -> assigned
  114141070 buildSRPMFromSCM (/rpms/sisu-mojos.git:1bff9b1e2de0a98ea6a7e86fe8263294d00b7279): assigned -> open (buildvm-a64-40.iad2.fedoraproject.org)
  114141070 buildSRPMFromSCM (/rpms/sisu-mojos.git:1bff9b1e2de0a98ea6a7e86fe8263294d00b7279): open (buildvm-a64-40.iad2.fedoraproject.org) -> closed
  0 free  1 open  1 done  0 failed
  114141217 buildArch (sisu-mojos-0.9.0~M2-4.fc41.src.rpm, noarch): free
  114141217 buildArch (sisu-mojos-0.9.0~M2-4.fc41.src.rpm, noarch): free -> assigned
  114141217 buildArch (sisu-mojos-0.9.0~M2-4.fc41.src.rpm, noarch): assigned -> open (buildvm-a64-40.iad2.fedoraproject.org)
  114141217 buildArch (sisu-mojos-0.9.0~M2-4.fc41.src.rpm, noarch): open (buildvm-a64-40.iad2.fedoraproject.org) -> closed
  0 free  1 open  2 done  0 failed
  114141290 tagBuild (noarch): free
  114141290 tagBuild (noarch): free -> assigned
114140977 build (f41-build-side-84507, /rpms/sisu-mojos.git:1bff9b1e2de0a98ea6a7e86fe8263294d00b7279): open (buildvm-ppc64le-12.iad2.fedoraproject.org) -> closed
  0 free  1 open  3 done  0 failed
  114141290 tagBuild (noarch): assigned -> closed
  0 free  0 open  4 done  0 failed

114140977 build (f41-build-side-84507, /rpms/sisu-mojos.git:1bff9b1e2de0a98ea6a7e86fe8263294d00b7279) completed successfully
