Cloning into 'sisu'...
[rawhide 9a87a4f] Rebuilt for java-17-openjdk as system jdk
 1 file changed, 4 insertions(+), 1 deletion(-)
Building sisu-0.3.4-9.fc36 for f36-java17
Created task: 82434773
Task info: https://koji.fedoraproject.org/koji/taskinfo?taskID=82434773
Watching tasks (this may be safely interrupted)...
82434773 build (f36-java17, /rpms/sisu.git:9a87a4f72c0f3ab937e8045c60f7184b76032077): free
82434773 build (f36-java17, /rpms/sisu.git:9a87a4f72c0f3ab937e8045c60f7184b76032077): free -> open (buildhw-a64-23.iad2.fedoraproject.org)
  82434780 buildSRPMFromSCM (/rpms/sisu.git:9a87a4f72c0f3ab937e8045c60f7184b76032077): open (buildvm-ppc64le-06.iad2.fedoraproject.org)
  82434780 buildSRPMFromSCM (/rpms/sisu.git:9a87a4f72c0f3ab937e8045c60f7184b76032077): open (buildvm-ppc64le-06.iad2.fedoraproject.org) -> closed
  0 free  1 open  1 done  0 failed
  82434832 buildArch (sisu-0.3.4-9.fc36.src.rpm, noarch): free
  82434832 buildArch (sisu-0.3.4-9.fc36.src.rpm, noarch): free -> open (buildvm-ppc64le-07.iad2.fedoraproject.org)
  82434886 tagBuild (noarch): free
  82434832 buildArch (sisu-0.3.4-9.fc36.src.rpm, noarch): open (buildvm-ppc64le-07.iad2.fedoraproject.org) -> closed
  1 free  1 open  2 done  0 failed
  82434886 tagBuild (noarch): free -> closed
  0 free  1 open  3 done  0 failed
82434773 build (f36-java17, /rpms/sisu.git:9a87a4f72c0f3ab937e8045c60f7184b76032077): open (buildhw-a64-23.iad2.fedoraproject.org) -> closed
  0 free  0 open  4 done  0 failed

82434773 build (f36-java17, /rpms/sisu.git:9a87a4f72c0f3ab937e8045c60f7184b76032077) completed successfully
