Cloning into 'snip'...
@@@@@@@@@@@@@@@@@@@@@@@@@@@@@@@@@@@@@@@@@@@@@@@@@@@@@@@@@@@
@    WARNING: REMOTE HOST IDENTIFICATION HAS CHANGED!     @
@@@@@@@@@@@@@@@@@@@@@@@@@@@@@@@@@@@@@@@@@@@@@@@@@@@@@@@@@@@
IT IS POSSIBLE THAT SOMEONE IS DOING SOMETHING NASTY!
Someone could be eavesdropping on you right now (man-in-the-middle attack)!
It is also possible that a host key has just been changed.
The fingerprint for the RSA key sent by the remote host is
SHA256:dJN0nFWBcWK7SFs2k0nnsO+XNA9+aEDY4FWO7uhxTN8.
Please contact your system administrator.
Add correct host key in /home/jvanek/.ssh/known_hosts to get rid of this message.
Offending RSA key in /home/jvanek/.ssh/known_hosts:2
Password authentication is disabled to avoid man-in-the-middle attacks.
Keyboard-interactive authentication is disabled to avoid man-in-the-middle attacks.
UpdateHostkeys is disabled because the host key is not trusted.
[rawhide a3cdf2e] Rebuilt for java-25-openjdk as preffered jdk
 1 file changed, 6 insertions(+), 3 deletions(-)
Building snip-0.11-30.fc43 for rawhide
Created task: 135457766
Task info: https://koji.fedoraproject.org/koji/taskinfo?taskID=135457766
Watching tasks (this may be safely interrupted)...
135457766 build (rawhide, /rpms/snip.git:a3cdf2ea5644adc79f4e18b123518543001f19f7): free
135457766 build (rawhide, /rpms/snip.git:a3cdf2ea5644adc79f4e18b123518543001f19f7): free -> assigned (buildvm-ppc64le-30.rdu3.fedoraproject.org)
135457766 build (rawhide, /rpms/snip.git:a3cdf2ea5644adc79f4e18b123518543001f19f7): assigned (buildvm-ppc64le-30.rdu3.fedoraproject.org) -> open (buildvm-ppc64le-30.rdu3.fedoraproject.org)
  135457785 buildSRPMFromSCM (/rpms/snip.git:a3cdf2ea5644adc79f4e18b123518543001f19f7): free
  135457785 buildSRPMFromSCM (/rpms/snip.git:a3cdf2ea5644adc79f4e18b123518543001f19f7): free -> open (buildvm-x86-13.rdu3.fedoraproject.org)
  135457785 buildSRPMFromSCM (/rpms/snip.git:a3cdf2ea5644adc79f4e18b123518543001f19f7): open (buildvm-x86-13.rdu3.fedoraproject.org) -> closed
  0 free  1 open  1 done  0 failed
  135457809 buildArch (snip-0.11-30.fc43.src.rpm, noarch): free
  135457809 buildArch (snip-0.11-30.fc43.src.rpm, noarch): free -> open (buildvm-ppc64le-11.rdu3.fedoraproject.org)
  135457809 buildArch (snip-0.11-30.fc43.src.rpm, noarch): open (buildvm-ppc64le-11.rdu3.fedoraproject.org) -> closed
  0 free  1 open  2 done  0 failed
  135457864 tagBuild (noarch): free
  135457864 tagBuild (noarch): free -> assigned (buildvm-ppc64le-12.rdu3.fedoraproject.org)
  135457864 tagBuild (noarch): assigned (buildvm-ppc64le-12.rdu3.fedoraproject.org) -> closed
  0 free  1 open  3 done  0 failed
135457766 build (rawhide, /rpms/snip.git:a3cdf2ea5644adc79f4e18b123518543001f19f7): open (buildvm-ppc64le-30.rdu3.fedoraproject.org) -> closed
  0 free  0 open  4 done  0 failed

135457766 build (rawhide, /rpms/snip.git:a3cdf2ea5644adc79f4e18b123518543001f19f7) completed successfully
