Cloning into 'spec-version-maven-plugin'...
[rawhide 848b954] Rebuilt for java-21-openjdk as system jdk
 1 file changed, 4 insertions(+), 1 deletion(-)
Building spec-version-maven-plugin-2.2-3.fc41 for f41-build-side-84507
Created task: 114141185
Task info: https://koji.fedoraproject.org/koji/taskinfo?taskID=114141185
Watching tasks (this may be safely interrupted)...
114141185 build (f41-build-side-84507, /rpms/spec-version-maven-plugin.git:848b95428807db3b497caa599a0864d266362bcb): free
114141185 build (f41-build-side-84507, /rpms/spec-version-maven-plugin.git:848b95428807db3b497caa599a0864d266362bcb): free -> open (buildvm-x86-23.iad2.fedoraproject.org)
  114141219 buildSRPMFromSCM (/rpms/spec-version-maven-plugin.git:848b95428807db3b497caa599a0864d266362bcb): free
  114141219 buildSRPMFromSCM (/rpms/spec-version-maven-plugin.git:848b95428807db3b497caa599a0864d266362bcb): free -> open (buildvm-x86-18.iad2.fedoraproject.org)
  114141219 buildSRPMFromSCM (/rpms/spec-version-maven-plugin.git:848b95428807db3b497caa599a0864d266362bcb): open (buildvm-x86-18.iad2.fedoraproject.org) -> closed
  0 free  1 open  1 done  0 failed
  114141357 buildArch (spec-version-maven-plugin-2.2-3.fc41.src.rpm, noarch): free
  114141357 buildArch (spec-version-maven-plugin-2.2-3.fc41.src.rpm, noarch): free -> assigned
  114141357 buildArch (spec-version-maven-plugin-2.2-3.fc41.src.rpm, noarch): assigned -> open (buildhw-a64-23.iad2.fedoraproject.org)
  114141357 buildArch (spec-version-maven-plugin-2.2-3.fc41.src.rpm, noarch): open (buildhw-a64-23.iad2.fedoraproject.org) -> closed
  0 free  1 open  2 done  0 failed
  114141641 tagBuild (noarch): free
  114141641 tagBuild (noarch): free -> assigned
  114141641 tagBuild (noarch): assigned -> closed
  0 free  1 open  3 done  0 failed
114141185 build (f41-build-side-84507, /rpms/spec-version-maven-plugin.git:848b95428807db3b497caa599a0864d266362bcb): open (buildvm-x86-23.iad2.fedoraproject.org) -> closed
  0 free  0 open  4 done  0 failed

114141185 build (f41-build-side-84507, /rpms/spec-version-maven-plugin.git:848b95428807db3b497caa599a0864d266362bcb) completed successfully
