Cloning into 'spice-parent'...
@@@@@@@@@@@@@@@@@@@@@@@@@@@@@@@@@@@@@@@@@@@@@@@@@@@@@@@@@@@
@    WARNING: REMOTE HOST IDENTIFICATION HAS CHANGED!     @
@@@@@@@@@@@@@@@@@@@@@@@@@@@@@@@@@@@@@@@@@@@@@@@@@@@@@@@@@@@
IT IS POSSIBLE THAT SOMEONE IS DOING SOMETHING NASTY!
Someone could be eavesdropping on you right now (man-in-the-middle attack)!
It is also possible that a host key has just been changed.
The fingerprint for the RSA key sent by the remote host is
SHA256:dJN0nFWBcWK7SFs2k0nnsO+XNA9+aEDY4FWO7uhxTN8.
Please contact your system administrator.
Add correct host key in /home/jvanek/.ssh/known_hosts to get rid of this message.
Offending RSA key in /home/jvanek/.ssh/known_hosts:2
Password authentication is disabled to avoid man-in-the-middle attacks.
Keyboard-interactive authentication is disabled to avoid man-in-the-middle attacks.
UpdateHostkeys is disabled because the host key is not trusted.
[rawhide 12bd3b6] Rebuilt for java-25-openjdk as preffered jdk
 1 file changed, 5 insertions(+), 2 deletions(-)
Building spice-parent-26-29.fc43 for rawhide
Created task: 135457786
Task info: https://koji.fedoraproject.org/koji/taskinfo?taskID=135457786
Watching tasks (this may be safely interrupted)...
135457786 build (rawhide, /rpms/spice-parent.git:12bd3b6d9d118c14c8aa0c9e405277d9b5a9477c): free
135457786 build (rawhide, /rpms/spice-parent.git:12bd3b6d9d118c14c8aa0c9e405277d9b5a9477c): free -> open (buildvm-a64-45.rdu3.fedoraproject.org)
  135457796 buildSRPMFromSCM (/rpms/spice-parent.git:12bd3b6d9d118c14c8aa0c9e405277d9b5a9477c): free
  135457796 buildSRPMFromSCM (/rpms/spice-parent.git:12bd3b6d9d118c14c8aa0c9e405277d9b5a9477c): free -> assigned (buildvm-s390x-06.s390.fedoraproject.org)
  135457796 buildSRPMFromSCM (/rpms/spice-parent.git:12bd3b6d9d118c14c8aa0c9e405277d9b5a9477c): assigned (buildvm-s390x-06.s390.fedoraproject.org) -> open (buildvm-s390x-06.s390.fedoraproject.org)
  135457877 buildArch (spice-parent-26-29.fc43.src.rpm, noarch): free
  135457796 buildSRPMFromSCM (/rpms/spice-parent.git:12bd3b6d9d118c14c8aa0c9e405277d9b5a9477c): open (buildvm-s390x-06.s390.fedoraproject.org) -> closed
  1 free  1 open  1 done  0 failed
  135457877 buildArch (spice-parent-26-29.fc43.src.rpm, noarch): free -> assigned (buildvm-a64-04.rdu3.fedoraproject.org)
  135457877 buildArch (spice-parent-26-29.fc43.src.rpm, noarch): assigned (buildvm-a64-04.rdu3.fedoraproject.org) -> open (buildvm-a64-04.rdu3.fedoraproject.org)
  135457935 tagBuild (noarch): free
  135457877 buildArch (spice-parent-26-29.fc43.src.rpm, noarch): open (buildvm-a64-04.rdu3.fedoraproject.org) -> closed
  1 free  1 open  2 done  0 failed
  135457935 tagBuild (noarch): free -> assigned (buildvm-a64-30.rdu3.fedoraproject.org)
  135457935 tagBuild (noarch): assigned (buildvm-a64-30.rdu3.fedoraproject.org) -> closed
  0 free  1 open  3 done  0 failed
135457786 build (rawhide, /rpms/spice-parent.git:12bd3b6d9d118c14c8aa0c9e405277d9b5a9477c): open (buildvm-a64-45.rdu3.fedoraproject.org) -> closed
  0 free  0 open  4 done  0 failed

135457786 build (rawhide, /rpms/spice-parent.git:12bd3b6d9d118c14c8aa0c9e405277d9b5a9477c) completed successfully
