Cloning into 'subversion'...
[rawhide 00bdb3c] Rebuilt for java-21-openjdk as system jdk
 1 file changed, 4 insertions(+), 1 deletion(-)
Building subversion-1.14.3-5.fc41 for f41-build-side-84507
Created task: 114141328
Task info: https://koji.fedoraproject.org/koji/taskinfo?taskID=114141328
Watching tasks (this may be safely interrupted)...
114141328 build (f41-build-side-84507, /rpms/subversion.git:00bdb3c58fd299214fc98bec0213aeb9c9117860): free
114141328 build (f41-build-side-84507, /rpms/subversion.git:00bdb3c58fd299214fc98bec0213aeb9c9117860): free -> assigned
114141328 build (f41-build-side-84507, /rpms/subversion.git:00bdb3c58fd299214fc98bec0213aeb9c9117860): assigned -> open (buildvm-ppc64le-20.iad2.fedoraproject.org)
  114141526 buildSRPMFromSCM (/rpms/subversion.git:00bdb3c58fd299214fc98bec0213aeb9c9117860): free
  114141526 buildSRPMFromSCM (/rpms/subversion.git:00bdb3c58fd299214fc98bec0213aeb9c9117860): free -> assigned
  114141526 buildSRPMFromSCM (/rpms/subversion.git:00bdb3c58fd299214fc98bec0213aeb9c9117860): assigned -> open (buildvm-a64-12.iad2.fedoraproject.org)
  114141526 buildSRPMFromSCM (/rpms/subversion.git:00bdb3c58fd299214fc98bec0213aeb9c9117860): open (buildvm-a64-12.iad2.fedoraproject.org) -> closed
  0 free  1 open  1 done  0 failed
  114141845 buildArch (subversion-1.14.3-5.fc41.src.rpm, ppc64le): free
  114141842 buildArch (subversion-1.14.3-5.fc41.src.rpm, i686): free
  114141843 buildArch (subversion-1.14.3-5.fc41.src.rpm, x86_64): free
  114141844 buildArch (subversion-1.14.3-5.fc41.src.rpm, aarch64): free
  114141846 buildArch (subversion-1.14.3-5.fc41.src.rpm, s390x): free
  114141845 buildArch (subversion-1.14.3-5.fc41.src.rpm, ppc64le): free -> assigned
  114141842 buildArch (subversion-1.14.3-5.fc41.src.rpm, i686): free -> assigned
  114141843 buildArch (subversion-1.14.3-5.fc41.src.rpm, x86_64): free -> assigned
  114141844 buildArch (subversion-1.14.3-5.fc41.src.rpm, aarch64): free -> assigned
  114141846 buildArch (subversion-1.14.3-5.fc41.src.rpm, s390x): free -> assigned
  114141842 buildArch (subversion-1.14.3-5.fc41.src.rpm, i686): assigned -> open (buildhw-x86-03.iad2.fedoraproject.org)
  114141846 buildArch (subversion-1.14.3-5.fc41.src.rpm, s390x): assigned -> open (buildvm-s390x-02.s390.fedoraproject.org)
  114141845 buildArch (subversion-1.14.3-5.fc41.src.rpm, ppc64le): assigned -> open (buildvm-ppc64le-12.iad2.fedoraproject.org)
  114141844 buildArch (subversion-1.14.3-5.fc41.src.rpm, aarch64): assigned -> open (buildvm-a64-12.iad2.fedoraproject.org)
  114141843 buildArch (subversion-1.14.3-5.fc41.src.rpm, x86_64): assigned -> free
  114141843 buildArch (subversion-1.14.3-5.fc41.src.rpm, x86_64): free -> assigned
  114141843 buildArch (subversion-1.14.3-5.fc41.src.rpm, x86_64): assigned -> open (buildvm-x86-05.iad2.fedoraproject.org)
  114141842 buildArch (subversion-1.14.3-5.fc41.src.rpm, i686): open (buildhw-x86-03.iad2.fedoraproject.org) -> closed
  0 free  5 open  2 done  0 failed
  114141844 buildArch (subversion-1.14.3-5.fc41.src.rpm, aarch64): open (buildvm-a64-12.iad2.fedoraproject.org) -> closed
  0 free  4 open  3 done  0 failed
  114141843 buildArch (subversion-1.14.3-5.fc41.src.rpm, x86_64): open (buildvm-x86-05.iad2.fedoraproject.org) -> closed
  0 free  3 open  4 done  0 failed
  114141845 buildArch (subversion-1.14.3-5.fc41.src.rpm, ppc64le): open (buildvm-ppc64le-12.iad2.fedoraproject.org) -> closed
  0 free  2 open  5 done  0 failed
  114141846 buildArch (subversion-1.14.3-5.fc41.src.rpm, s390x): open (buildvm-s390x-02.s390.fedoraproject.org) -> closed
  0 free  1 open  6 done  0 failed
  114143268 tagBuild (noarch): free
  114143268 tagBuild (noarch): free -> assigned
  114143268 tagBuild (noarch): assigned -> closed
  0 free  1 open  7 done  0 failed
114141328 build (f41-build-side-84507, /rpms/subversion.git:00bdb3c58fd299214fc98bec0213aeb9c9117860): open (buildvm-ppc64le-20.iad2.fedoraproject.org) -> closed
  0 free  0 open  8 done  0 failed

114141328 build (f41-build-side-84507, /rpms/subversion.git:00bdb3c58fd299214fc98bec0213aeb9c9117860) completed successfully
