Cloning into 'tagsoup'...
@@@@@@@@@@@@@@@@@@@@@@@@@@@@@@@@@@@@@@@@@@@@@@@@@@@@@@@@@@@
@    WARNING: REMOTE HOST IDENTIFICATION HAS CHANGED!     @
@@@@@@@@@@@@@@@@@@@@@@@@@@@@@@@@@@@@@@@@@@@@@@@@@@@@@@@@@@@
IT IS POSSIBLE THAT SOMEONE IS DOING SOMETHING NASTY!
Someone could be eavesdropping on you right now (man-in-the-middle attack)!
It is also possible that a host key has just been changed.
The fingerprint for the RSA key sent by the remote host is
SHA256:dJN0nFWBcWK7SFs2k0nnsO+XNA9+aEDY4FWO7uhxTN8.
Please contact your system administrator.
Add correct host key in /home/jvanek/.ssh/known_hosts to get rid of this message.
Offending RSA key in /home/jvanek/.ssh/known_hosts:2
Password authentication is disabled to avoid man-in-the-middle attacks.
Keyboard-interactive authentication is disabled to avoid man-in-the-middle attacks.
UpdateHostkeys is disabled because the host key is not trusted.
[rawhide c5cab88] Rebuilt for java-25-openjdk as preffered jdk
 1 file changed, 6 insertions(+), 3 deletions(-)
Building tagsoup-1.2.1-37.fc43 for rawhide
Created task: 135457814
Task info: https://koji.fedoraproject.org/koji/taskinfo?taskID=135457814
Watching tasks (this may be safely interrupted)...
135457814 build (rawhide, /rpms/tagsoup.git:c5cab88f35cfa18b7f2119d7201793b8f72c0b57): free
135457814 build (rawhide, /rpms/tagsoup.git:c5cab88f35cfa18b7f2119d7201793b8f72c0b57): free -> assigned (buildvm-a64-20.rdu3.fedoraproject.org)
135457814 build (rawhide, /rpms/tagsoup.git:c5cab88f35cfa18b7f2119d7201793b8f72c0b57): assigned (buildvm-a64-20.rdu3.fedoraproject.org) -> open (buildvm-a64-20.rdu3.fedoraproject.org)
  135457835 buildSRPMFromSCM (/rpms/tagsoup.git:c5cab88f35cfa18b7f2119d7201793b8f72c0b57): free
  135457835 buildSRPMFromSCM (/rpms/tagsoup.git:c5cab88f35cfa18b7f2119d7201793b8f72c0b57): free -> open (buildvm-s390x-18.s390.fedoraproject.org)
  135457835 buildSRPMFromSCM (/rpms/tagsoup.git:c5cab88f35cfa18b7f2119d7201793b8f72c0b57): open (buildvm-s390x-18.s390.fedoraproject.org) -> closed
  0 free  1 open  1 done  0 failed
  135457906 buildArch (tagsoup-1.2.1-37.fc43.src.rpm, noarch): free
  135457906 buildArch (tagsoup-1.2.1-37.fc43.src.rpm, noarch): free -> assigned (buildvm-a64-41.rdu3.fedoraproject.org)
  135457906 buildArch (tagsoup-1.2.1-37.fc43.src.rpm, noarch): assigned (buildvm-a64-41.rdu3.fedoraproject.org) -> open (buildvm-a64-41.rdu3.fedoraproject.org)
  135457906 buildArch (tagsoup-1.2.1-37.fc43.src.rpm, noarch): open (buildvm-a64-41.rdu3.fedoraproject.org) -> closed
  0 free  1 open  2 done  0 failed
  135457960 tagBuild (noarch): free
  135457960 tagBuild (noarch): free -> open (buildvm-a64-04.rdu3.fedoraproject.org)
  135457960 tagBuild (noarch): open (buildvm-a64-04.rdu3.fedoraproject.org) -> closed
  0 free  1 open  3 done  0 failed
135457814 build (rawhide, /rpms/tagsoup.git:c5cab88f35cfa18b7f2119d7201793b8f72c0b57): open (buildvm-a64-20.rdu3.fedoraproject.org) -> closed
  0 free  0 open  4 done  0 failed

135457814 build (rawhide, /rpms/tagsoup.git:c5cab88f35cfa18b7f2119d7201793b8f72c0b57) completed successfully
