Cloning into 'tomcat-jakartaee-migration'...
@@@@@@@@@@@@@@@@@@@@@@@@@@@@@@@@@@@@@@@@@@@@@@@@@@@@@@@@@@@
@    WARNING: REMOTE HOST IDENTIFICATION HAS CHANGED!     @
@@@@@@@@@@@@@@@@@@@@@@@@@@@@@@@@@@@@@@@@@@@@@@@@@@@@@@@@@@@
IT IS POSSIBLE THAT SOMEONE IS DOING SOMETHING NASTY!
Someone could be eavesdropping on you right now (man-in-the-middle attack)!
It is also possible that a host key has just been changed.
The fingerprint for the RSA key sent by the remote host is
SHA256:dJN0nFWBcWK7SFs2k0nnsO+XNA9+aEDY4FWO7uhxTN8.
Please contact your system administrator.
Add correct host key in /home/jvanek/.ssh/known_hosts to get rid of this message.
Offending RSA key in /home/jvanek/.ssh/known_hosts:2
Password authentication is disabled to avoid man-in-the-middle attacks.
Keyboard-interactive authentication is disabled to avoid man-in-the-middle attacks.
UpdateHostkeys is disabled because the host key is not trusted.
[rawhide aec1ac6] Rebuilt for java-25-openjdk as preffered jdk
 1 file changed, 7 insertions(+), 4 deletions(-)
Building tomcat-jakartaee-migration-1.0.9-7.fc43 for rawhide
Created task: 135457840
Task info: https://koji.fedoraproject.org/koji/taskinfo?taskID=135457840
Watching tasks (this may be safely interrupted)...
135457840 build (rawhide, /rpms/tomcat-jakartaee-migration.git:aec1ac6e242f3769ecf874723d418ab67b6199d6): free
135457840 build (rawhide, /rpms/tomcat-jakartaee-migration.git:aec1ac6e242f3769ecf874723d418ab67b6199d6): free -> assigned (buildvm-x86-05.rdu3.fedoraproject.org)
135457840 build (rawhide, /rpms/tomcat-jakartaee-migration.git:aec1ac6e242f3769ecf874723d418ab67b6199d6): assigned (buildvm-x86-05.rdu3.fedoraproject.org) -> open (buildvm-x86-05.rdu3.fedoraproject.org)
  135457848 buildSRPMFromSCM (/rpms/tomcat-jakartaee-migration.git:aec1ac6e242f3769ecf874723d418ab67b6199d6): free
  135457848 buildSRPMFromSCM (/rpms/tomcat-jakartaee-migration.git:aec1ac6e242f3769ecf874723d418ab67b6199d6): free -> assigned (buildvm-s390x-05.s390.fedoraproject.org)
  135457848 buildSRPMFromSCM (/rpms/tomcat-jakartaee-migration.git:aec1ac6e242f3769ecf874723d418ab67b6199d6): assigned (buildvm-s390x-05.s390.fedoraproject.org) -> open (buildvm-s390x-05.s390.fedoraproject.org)
  135457920 buildArch (tomcat-jakartaee-migration-1.0.9-7.fc43.src.rpm, noarch): free
  135457848 buildSRPMFromSCM (/rpms/tomcat-jakartaee-migration.git:aec1ac6e242f3769ecf874723d418ab67b6199d6): open (buildvm-s390x-05.s390.fedoraproject.org) -> closed
  1 free  1 open  1 done  0 failed
  135457920 buildArch (tomcat-jakartaee-migration-1.0.9-7.fc43.src.rpm, noarch): free -> assigned (buildvm-s390x-05.s390.fedoraproject.org)
  135457920 buildArch (tomcat-jakartaee-migration-1.0.9-7.fc43.src.rpm, noarch): assigned (buildvm-s390x-05.s390.fedoraproject.org) -> open (buildvm-s390x-05.s390.fedoraproject.org)
  135457975 tagBuild (noarch): free
  135457920 buildArch (tomcat-jakartaee-migration-1.0.9-7.fc43.src.rpm, noarch): open (buildvm-s390x-05.s390.fedoraproject.org) -> closed
  1 free  1 open  2 done  0 failed
  135457975 tagBuild (noarch): free -> assigned (buildvm-a64-38.rdu3.fedoraproject.org)
135457840 build (rawhide, /rpms/tomcat-jakartaee-migration.git:aec1ac6e242f3769ecf874723d418ab67b6199d6): open (buildvm-x86-05.rdu3.fedoraproject.org) -> closed
  0 free  1 open  3 done  0 failed
  135457975 tagBuild (noarch): assigned (buildvm-a64-38.rdu3.fedoraproject.org) -> closed
  0 free  0 open  4 done  0 failed

135457840 build (rawhide, /rpms/tomcat-jakartaee-migration.git:aec1ac6e242f3769ecf874723d418ab67b6199d6) completed successfully
