Cloning into 'tomcat-native'...
@@@@@@@@@@@@@@@@@@@@@@@@@@@@@@@@@@@@@@@@@@@@@@@@@@@@@@@@@@@
@    WARNING: REMOTE HOST IDENTIFICATION HAS CHANGED!     @
@@@@@@@@@@@@@@@@@@@@@@@@@@@@@@@@@@@@@@@@@@@@@@@@@@@@@@@@@@@
IT IS POSSIBLE THAT SOMEONE IS DOING SOMETHING NASTY!
Someone could be eavesdropping on you right now (man-in-the-middle attack)!
It is also possible that a host key has just been changed.
The fingerprint for the RSA key sent by the remote host is
SHA256:dJN0nFWBcWK7SFs2k0nnsO+XNA9+aEDY4FWO7uhxTN8.
Please contact your system administrator.
Add correct host key in /home/jvanek/.ssh/known_hosts to get rid of this message.
Offending RSA key in /home/jvanek/.ssh/known_hosts:2
Password authentication is disabled to avoid man-in-the-middle attacks.
Keyboard-interactive authentication is disabled to avoid man-in-the-middle attacks.
UpdateHostkeys is disabled because the host key is not trusted.
RPMAutoSpec usage detected, not changing the spec file.
[rawhide 948f955] Rebuilt for java-25-openjdk as preffered jdk
 1 file changed, 1 insertion(+), 1 deletion(-)
Building tomcat-native-2.0.8-3.fc43 for rawhide
Created task: 135457845
Task info: https://koji.fedoraproject.org/koji/taskinfo?taskID=135457845
Watching tasks (this may be safely interrupted)...
135457845 build (rawhide, /rpms/tomcat-native.git:948f955ff80c5fd98ef3547f19f32aabeb513026): free
135457845 build (rawhide, /rpms/tomcat-native.git:948f955ff80c5fd98ef3547f19f32aabeb513026): free -> assigned (buildvm-ppc64le-10.rdu3.fedoraproject.org)
135457845 build (rawhide, /rpms/tomcat-native.git:948f955ff80c5fd98ef3547f19f32aabeb513026): assigned (buildvm-ppc64le-10.rdu3.fedoraproject.org) -> open (buildvm-ppc64le-10.rdu3.fedoraproject.org)
  135457880 buildSRPMFromSCM (/rpms/tomcat-native.git:948f955ff80c5fd98ef3547f19f32aabeb513026): free
  135457880 buildSRPMFromSCM (/rpms/tomcat-native.git:948f955ff80c5fd98ef3547f19f32aabeb513026): free -> assigned (buildvm-s390x-06.s390.fedoraproject.org)
  135457880 buildSRPMFromSCM (/rpms/tomcat-native.git:948f955ff80c5fd98ef3547f19f32aabeb513026): assigned (buildvm-s390x-06.s390.fedoraproject.org) -> open (buildvm-s390x-06.s390.fedoraproject.org)
  135457880 buildSRPMFromSCM (/rpms/tomcat-native.git:948f955ff80c5fd98ef3547f19f32aabeb513026): open (buildvm-s390x-06.s390.fedoraproject.org) -> closed
  0 free  1 open  1 done  0 failed
  135457968 buildArch (tomcat-native-2.0.8-3.fc43.src.rpm, aarch64): free
  135457967 buildArch (tomcat-native-2.0.8-3.fc43.src.rpm, x86_64): free
  135457969 buildArch (tomcat-native-2.0.8-3.fc43.src.rpm, ppc64le): free
  135457970 buildArch (tomcat-native-2.0.8-3.fc43.src.rpm, s390x): free
  135457968 buildArch (tomcat-native-2.0.8-3.fc43.src.rpm, aarch64): free -> open (buildvm-a64-30.rdu3.fedoraproject.org)
  135457967 buildArch (tomcat-native-2.0.8-3.fc43.src.rpm, x86_64): free -> assigned (buildvm-x86-16.rdu3.fedoraproject.org)
  135457969 buildArch (tomcat-native-2.0.8-3.fc43.src.rpm, ppc64le): free -> assigned (buildvm-ppc64le-30.rdu3.fedoraproject.org)
  135457970 buildArch (tomcat-native-2.0.8-3.fc43.src.rpm, s390x): free -> assigned (buildvm-s390x-06.s390.fedoraproject.org)
  135457967 buildArch (tomcat-native-2.0.8-3.fc43.src.rpm, x86_64): assigned (buildvm-x86-16.rdu3.fedoraproject.org) -> open (buildvm-x86-16.rdu3.fedoraproject.org)
  135457969 buildArch (tomcat-native-2.0.8-3.fc43.src.rpm, ppc64le): assigned (buildvm-ppc64le-30.rdu3.fedoraproject.org) -> open (buildvm-ppc64le-30.rdu3.fedoraproject.org)
  135457970 buildArch (tomcat-native-2.0.8-3.fc43.src.rpm, s390x): assigned (buildvm-s390x-06.s390.fedoraproject.org) -> open (buildvm-s390x-06.s390.fedoraproject.org)
  135457967 buildArch (tomcat-native-2.0.8-3.fc43.src.rpm, x86_64): open (buildvm-x86-16.rdu3.fedoraproject.org) -> closed
  0 free  4 open  2 done  0 failed
  135457968 buildArch (tomcat-native-2.0.8-3.fc43.src.rpm, aarch64): open (buildvm-a64-30.rdu3.fedoraproject.org) -> closed
  0 free  3 open  3 done  0 failed
  135457969 buildArch (tomcat-native-2.0.8-3.fc43.src.rpm, ppc64le): open (buildvm-ppc64le-30.rdu3.fedoraproject.org) -> closed
  0 free  2 open  4 done  0 failed
  135458012 tagBuild (noarch): free
  135457970 buildArch (tomcat-native-2.0.8-3.fc43.src.rpm, s390x): open (buildvm-s390x-06.s390.fedoraproject.org) -> closed
  1 free  1 open  5 done  0 failed
  135458012 tagBuild (noarch): free -> assigned (buildvm-a64-04.rdu3.fedoraproject.org)
  135458012 tagBuild (noarch): assigned (buildvm-a64-04.rdu3.fedoraproject.org) -> closed
  0 free  1 open  6 done  0 failed
135457845 build (rawhide, /rpms/tomcat-native.git:948f955ff80c5fd98ef3547f19f32aabeb513026): open (buildvm-ppc64le-10.rdu3.fedoraproject.org) -> closed
  0 free  0 open  7 done  0 failed

135457845 build (rawhide, /rpms/tomcat-native.git:948f955ff80c5fd98ef3547f19f32aabeb513026) completed successfully
