Cloning into 'tomcat-taglibs-parent'...
@@@@@@@@@@@@@@@@@@@@@@@@@@@@@@@@@@@@@@@@@@@@@@@@@@@@@@@@@@@
@    WARNING: REMOTE HOST IDENTIFICATION HAS CHANGED!     @
@@@@@@@@@@@@@@@@@@@@@@@@@@@@@@@@@@@@@@@@@@@@@@@@@@@@@@@@@@@
IT IS POSSIBLE THAT SOMEONE IS DOING SOMETHING NASTY!
Someone could be eavesdropping on you right now (man-in-the-middle attack)!
It is also possible that a host key has just been changed.
The fingerprint for the RSA key sent by the remote host is
SHA256:dJN0nFWBcWK7SFs2k0nnsO+XNA9+aEDY4FWO7uhxTN8.
Please contact your system administrator.
Add correct host key in /home/jvanek/.ssh/known_hosts to get rid of this message.
Offending RSA key in /home/jvanek/.ssh/known_hosts:2
Password authentication is disabled to avoid man-in-the-middle attacks.
Keyboard-interactive authentication is disabled to avoid man-in-the-middle attacks.
UpdateHostkeys is disabled because the host key is not trusted.
[rawhide a990baf] Rebuilt for java-25-openjdk as preffered jdk
 1 file changed, 5 insertions(+), 2 deletions(-)
Building tomcat-taglibs-parent-3-29.fc43 for rawhide
Created task: 135457865
Task info: https://koji.fedoraproject.org/koji/taskinfo?taskID=135457865
Watching tasks (this may be safely interrupted)...
135457865 build (rawhide, /rpms/tomcat-taglibs-parent.git:a990baf86957e3a61bfb88d8ea614f67be41947c): free
135457865 build (rawhide, /rpms/tomcat-taglibs-parent.git:a990baf86957e3a61bfb88d8ea614f67be41947c): free -> assigned (buildvm-a64-25.rdu3.fedoraproject.org)
135457865 build (rawhide, /rpms/tomcat-taglibs-parent.git:a990baf86957e3a61bfb88d8ea614f67be41947c): assigned (buildvm-a64-25.rdu3.fedoraproject.org) -> open (buildvm-a64-25.rdu3.fedoraproject.org)
  135457886 buildSRPMFromSCM (/rpms/tomcat-taglibs-parent.git:a990baf86957e3a61bfb88d8ea614f67be41947c): free
  135457886 buildSRPMFromSCM (/rpms/tomcat-taglibs-parent.git:a990baf86957e3a61bfb88d8ea614f67be41947c): free -> assigned (buildvm-a64-25.rdu3.fedoraproject.org)
  135457886 buildSRPMFromSCM (/rpms/tomcat-taglibs-parent.git:a990baf86957e3a61bfb88d8ea614f67be41947c): assigned (buildvm-a64-25.rdu3.fedoraproject.org) -> open (buildvm-a64-25.rdu3.fedoraproject.org)
  135457886 buildSRPMFromSCM (/rpms/tomcat-taglibs-parent.git:a990baf86957e3a61bfb88d8ea614f67be41947c): open (buildvm-a64-25.rdu3.fedoraproject.org) -> closed
  0 free  1 open  1 done  0 failed
  135457933 buildArch (tomcat-taglibs-parent-3-29.fc43.src.rpm, noarch): free
  135457933 buildArch (tomcat-taglibs-parent-3-29.fc43.src.rpm, noarch): free -> assigned (buildvm-ppc64le-11.rdu3.fedoraproject.org)
  135457933 buildArch (tomcat-taglibs-parent-3-29.fc43.src.rpm, noarch): assigned (buildvm-ppc64le-11.rdu3.fedoraproject.org) -> open (buildvm-ppc64le-11.rdu3.fedoraproject.org)
  135457933 buildArch (tomcat-taglibs-parent-3-29.fc43.src.rpm, noarch): open (buildvm-ppc64le-11.rdu3.fedoraproject.org) -> closed
  0 free  1 open  2 done  0 failed
  135457991 tagBuild (noarch): free
  135457991 tagBuild (noarch): free -> assigned (buildvm-ppc64le-09.rdu3.fedoraproject.org)
  135457991 tagBuild (noarch): assigned (buildvm-ppc64le-09.rdu3.fedoraproject.org) -> closed
  0 free  1 open  3 done  0 failed
135457865 build (rawhide, /rpms/tomcat-taglibs-parent.git:a990baf86957e3a61bfb88d8ea614f67be41947c): open (buildvm-a64-25.rdu3.fedoraproject.org) -> closed
  0 free  0 open  4 done  0 failed

135457865 build (rawhide, /rpms/tomcat-taglibs-parent.git:a990baf86957e3a61bfb88d8ea614f67be41947c) completed successfully
