Cloning into 'treelayout'...
@@@@@@@@@@@@@@@@@@@@@@@@@@@@@@@@@@@@@@@@@@@@@@@@@@@@@@@@@@@
@    WARNING: REMOTE HOST IDENTIFICATION HAS CHANGED!     @
@@@@@@@@@@@@@@@@@@@@@@@@@@@@@@@@@@@@@@@@@@@@@@@@@@@@@@@@@@@
IT IS POSSIBLE THAT SOMEONE IS DOING SOMETHING NASTY!
Someone could be eavesdropping on you right now (man-in-the-middle attack)!
It is also possible that a host key has just been changed.
The fingerprint for the RSA key sent by the remote host is
SHA256:dJN0nFWBcWK7SFs2k0nnsO+XNA9+aEDY4FWO7uhxTN8.
Please contact your system administrator.
Add correct host key in /home/jvanek/.ssh/known_hosts to get rid of this message.
Offending RSA key in /home/jvanek/.ssh/known_hosts:2
Password authentication is disabled to avoid man-in-the-middle attacks.
Keyboard-interactive authentication is disabled to avoid man-in-the-middle attacks.
UpdateHostkeys is disabled because the host key is not trusted.
[rawhide 02adb21] Rebuilt for java-25-openjdk as preffered jdk
 1 file changed, 5 insertions(+), 2 deletions(-)
Building treelayout-1.0.3-27.fc43 for rawhide
Created task: 135457887
Task info: https://koji.fedoraproject.org/koji/taskinfo?taskID=135457887
Watching tasks (this may be safely interrupted)...
135457887 build (rawhide, /rpms/treelayout.git:02adb21440bb9bf0b7521c4371933f81e0be0239): free
135457887 build (rawhide, /rpms/treelayout.git:02adb21440bb9bf0b7521c4371933f81e0be0239): free -> assigned (buildvm-ppc64le-20.rdu3.fedoraproject.org)
135457887 build (rawhide, /rpms/treelayout.git:02adb21440bb9bf0b7521c4371933f81e0be0239): assigned (buildvm-ppc64le-20.rdu3.fedoraproject.org) -> open (buildvm-ppc64le-20.rdu3.fedoraproject.org)
  135457909 buildSRPMFromSCM (/rpms/treelayout.git:02adb21440bb9bf0b7521c4371933f81e0be0239): free
  135457909 buildSRPMFromSCM (/rpms/treelayout.git:02adb21440bb9bf0b7521c4371933f81e0be0239): free -> assigned (buildvm-s390x-18.s390.fedoraproject.org)
  135457909 buildSRPMFromSCM (/rpms/treelayout.git:02adb21440bb9bf0b7521c4371933f81e0be0239): assigned (buildvm-s390x-18.s390.fedoraproject.org) -> open (buildvm-s390x-18.s390.fedoraproject.org)
  135457909 buildSRPMFromSCM (/rpms/treelayout.git:02adb21440bb9bf0b7521c4371933f81e0be0239): open (buildvm-s390x-18.s390.fedoraproject.org) -> closed
  0 free  1 open  1 done  0 failed
  135457951 buildArch (treelayout-1.0.3-27.fc43.src.rpm, noarch): free
  135457951 buildArch (treelayout-1.0.3-27.fc43.src.rpm, noarch): free -> assigned (buildvm-a64-45.rdu3.fedoraproject.org)
  135457951 buildArch (treelayout-1.0.3-27.fc43.src.rpm, noarch): assigned (buildvm-a64-45.rdu3.fedoraproject.org) -> open (buildvm-a64-45.rdu3.fedoraproject.org)
  135457951 buildArch (treelayout-1.0.3-27.fc43.src.rpm, noarch): open (buildvm-a64-45.rdu3.fedoraproject.org) -> closed
  0 free  1 open  2 done  0 failed
  135458011 tagBuild (noarch): free
  135458011 tagBuild (noarch): free -> assigned (buildvm-a64-45.rdu3.fedoraproject.org)
135457887 build (rawhide, /rpms/treelayout.git:02adb21440bb9bf0b7521c4371933f81e0be0239): open (buildvm-ppc64le-20.rdu3.fedoraproject.org) -> closed
  0 free  1 open  3 done  0 failed
  135458011 tagBuild (noarch): assigned (buildvm-a64-45.rdu3.fedoraproject.org) -> closed
  0 free  0 open  4 done  0 failed

135457887 build (rawhide, /rpms/treelayout.git:02adb21440bb9bf0b7521c4371933f81e0be0239) completed successfully
