Cloning into 'trilead-ssh2'...
[rawhide 70a1a66] Rebuilt for java-21-openjdk as system jdk
 1 file changed, 4 insertions(+), 1 deletion(-)
Building trilead-ssh2-217.21-13.fc41 for f41-build-side-84507
Created task: 114142000
Task info: https://koji.fedoraproject.org/koji/taskinfo?taskID=114142000
Watching tasks (this may be safely interrupted)...
114142000 build (f41-build-side-84507, /rpms/trilead-ssh2.git:70a1a66bbb5bcac0e4b9ff57ab7f99e4d07a6639): free
114142000 build (f41-build-side-84507, /rpms/trilead-ssh2.git:70a1a66bbb5bcac0e4b9ff57ab7f99e4d07a6639): free -> assigned
114142000 build (f41-build-side-84507, /rpms/trilead-ssh2.git:70a1a66bbb5bcac0e4b9ff57ab7f99e4d07a6639): assigned -> open (buildvm-ppc64le-03.iad2.fedoraproject.org)
  114142014 buildSRPMFromSCM (/rpms/trilead-ssh2.git:70a1a66bbb5bcac0e4b9ff57ab7f99e4d07a6639): free
  114142014 buildSRPMFromSCM (/rpms/trilead-ssh2.git:70a1a66bbb5bcac0e4b9ff57ab7f99e4d07a6639): free -> open (buildvm-a64-29.iad2.fedoraproject.org)
  114142014 buildSRPMFromSCM (/rpms/trilead-ssh2.git:70a1a66bbb5bcac0e4b9ff57ab7f99e4d07a6639): open (buildvm-a64-29.iad2.fedoraproject.org) -> closed
  0 free  1 open  1 done  0 failed
  114142162 buildArch (trilead-ssh2-217.21-13.fc41.src.rpm, noarch): assigned
  114142162 buildArch (trilead-ssh2-217.21-13.fc41.src.rpm, noarch): assigned -> free
  114142162 buildArch (trilead-ssh2-217.21-13.fc41.src.rpm, noarch): free -> assigned
  114142162 buildArch (trilead-ssh2-217.21-13.fc41.src.rpm, noarch): assigned -> open (buildvm-s390x-08.s390.fedoraproject.org)
  114142742 tagBuild (noarch): assigned
  114142162 buildArch (trilead-ssh2-217.21-13.fc41.src.rpm, noarch): open (buildvm-s390x-08.s390.fedoraproject.org) -> closed
  0 free  2 open  2 done  0 failed
  114142742 tagBuild (noarch): assigned -> closed
  0 free  1 open  3 done  0 failed
114142000 build (f41-build-side-84507, /rpms/trilead-ssh2.git:70a1a66bbb5bcac0e4b9ff57ab7f99e4d07a6639): open (buildvm-ppc64le-03.iad2.fedoraproject.org) -> closed
  0 free  0 open  4 done  0 failed

114142000 build (f41-build-side-84507, /rpms/trilead-ssh2.git:70a1a66bbb5bcac0e4b9ff57ab7f99e4d07a6639) completed successfully
