Cloning into 'tuxguitar'...
[rawhide 51284ea] Rebuilt for java-21-openjdk as system jdk
 1 file changed, 4 insertions(+), 1 deletion(-)
warning: %patchN is deprecated (4 usages found), use %patch N (or %patch -P N)

Building tuxguitar-1.5.4-10.fc41 for f41-build-side-84507
Created task: 114142077
Task info: https://koji.fedoraproject.org/koji/taskinfo?taskID=114142077
Watching tasks (this may be safely interrupted)...
114142077 build (f41-build-side-84507, /rpms/tuxguitar.git:51284ea6457d2ab6e427ffeac83bd087eb1768bb): free
114142077 build (f41-build-side-84507, /rpms/tuxguitar.git:51284ea6457d2ab6e427ffeac83bd087eb1768bb): free -> assigned
114142077 build (f41-build-side-84507, /rpms/tuxguitar.git:51284ea6457d2ab6e427ffeac83bd087eb1768bb): assigned -> open (buildvm-ppc64le-08.iad2.fedoraproject.org)
  114142164 buildSRPMFromSCM (/rpms/tuxguitar.git:51284ea6457d2ab6e427ffeac83bd087eb1768bb): free
  114142164 buildSRPMFromSCM (/rpms/tuxguitar.git:51284ea6457d2ab6e427ffeac83bd087eb1768bb): free -> assigned
  114142164 buildSRPMFromSCM (/rpms/tuxguitar.git:51284ea6457d2ab6e427ffeac83bd087eb1768bb): assigned -> open (buildvm-x86-21.iad2.fedoraproject.org)
  114142164 buildSRPMFromSCM (/rpms/tuxguitar.git:51284ea6457d2ab6e427ffeac83bd087eb1768bb): open (buildvm-x86-21.iad2.fedoraproject.org) -> closed
  0 free  1 open  1 done  0 failed
  114142248 buildArch (tuxguitar-1.5.4-10.fc41.src.rpm, ppc64le): free
  114142249 buildArch (tuxguitar-1.5.4-10.fc41.src.rpm, s390x): free
  114142246 buildArch (tuxguitar-1.5.4-10.fc41.src.rpm, x86_64): free
  114142247 buildArch (tuxguitar-1.5.4-10.fc41.src.rpm, aarch64): free
  114142248 buildArch (tuxguitar-1.5.4-10.fc41.src.rpm, ppc64le): free -> assigned
  114142246 buildArch (tuxguitar-1.5.4-10.fc41.src.rpm, x86_64): free -> assigned
  114142247 buildArch (tuxguitar-1.5.4-10.fc41.src.rpm, aarch64): free -> assigned
  114142248 buildArch (tuxguitar-1.5.4-10.fc41.src.rpm, ppc64le): assigned -> open (buildvm-ppc64le-03.iad2.fedoraproject.org)
  114142247 buildArch (tuxguitar-1.5.4-10.fc41.src.rpm, aarch64): assigned -> open (buildvm-a64-16.iad2.fedoraproject.org)
  114142246 buildArch (tuxguitar-1.5.4-10.fc41.src.rpm, x86_64): assigned -> open (buildhw-x86-13.iad2.fedoraproject.org)
  114142249 buildArch (tuxguitar-1.5.4-10.fc41.src.rpm, s390x): free -> assigned
  114142247 buildArch (tuxguitar-1.5.4-10.fc41.src.rpm, aarch64): open (buildvm-a64-16.iad2.fedoraproject.org) -> FAILED: BuildError: error building package (arch aarch64), mock exited with status 1; see build.log or root.log for more information
  Relevant logs:
  https://kojipkgs.fedoraproject.org/work/tasks/2247/114142247/state.log
  https://kojipkgs.fedoraproject.org/work/tasks/2247/114142247/build.log
  https://kojipkgs.fedoraproject.org/work/tasks/2247/114142247/root.log
  https://kojipkgs.fedoraproject.org/work/tasks/2247/114142247/mock_output.log
  https://kojipkgs.fedoraproject.org/work/tasks/2247/114142247/hw_info.log
  0 free  4 open  1 done  1 failed
114142077 build (f41-build-side-84507, /rpms/tuxguitar.git:51284ea6457d2ab6e427ffeac83bd087eb1768bb): open (buildvm-ppc64le-08.iad2.fedoraproject.org) -> FAILED: BuildError: error building package (arch aarch64), mock exited with status 1; see build.log or root.log for more information
  0 free  3 open  1 done  2 failed
  114142248 buildArch (tuxguitar-1.5.4-10.fc41.src.rpm, ppc64le): open (buildvm-ppc64le-03.iad2.fedoraproject.org) -> canceled
  0 free  2 open  2 done  2 failed
  114142249 buildArch (tuxguitar-1.5.4-10.fc41.src.rpm, s390x): assigned -> canceled
  0 free  1 open  3 done  2 failed
  114142246 buildArch (tuxguitar-1.5.4-10.fc41.src.rpm, x86_64): open (buildhw-x86-13.iad2.fedoraproject.org) -> canceled
  0 free  0 open  4 done  2 failed

114142077 build (f41-build-side-84507, /rpms/tuxguitar.git:51284ea6457d2ab6e427ffeac83bd087eb1768bb) failed
