Cloning into 'tzdata'...
@@@@@@@@@@@@@@@@@@@@@@@@@@@@@@@@@@@@@@@@@@@@@@@@@@@@@@@@@@@
@    WARNING: REMOTE HOST IDENTIFICATION HAS CHANGED!     @
@@@@@@@@@@@@@@@@@@@@@@@@@@@@@@@@@@@@@@@@@@@@@@@@@@@@@@@@@@@
IT IS POSSIBLE THAT SOMEONE IS DOING SOMETHING NASTY!
Someone could be eavesdropping on you right now (man-in-the-middle attack)!
It is also possible that a host key has just been changed.
The fingerprint for the RSA key sent by the remote host is
SHA256:dJN0nFWBcWK7SFs2k0nnsO+XNA9+aEDY4FWO7uhxTN8.
Please contact your system administrator.
Add correct host key in /home/jvanek/.ssh/known_hosts to get rid of this message.
Offending RSA key in /home/jvanek/.ssh/known_hosts:2
Password authentication is disabled to avoid man-in-the-middle attacks.
Keyboard-interactive authentication is disabled to avoid man-in-the-middle attacks.
UpdateHostkeys is disabled because the host key is not trusted.
[rawhide 533e41b] Rebuilt for java-25-openjdk as preffered jdk
 1 file changed, 5 insertions(+), 2 deletions(-)
Found a gating.yaml file in the repo and it is properly configured
Building tzdata-2025b-3.fc43 for rawhide
Created task: 135457919
Task info: https://koji.fedoraproject.org/koji/taskinfo?taskID=135457919
Watching tasks (this may be safely interrupted)...
135457919 build (rawhide, /rpms/tzdata.git:533e41b83dbb41296edd944b18262b21036dc311): free
135457919 build (rawhide, /rpms/tzdata.git:533e41b83dbb41296edd944b18262b21036dc311): free -> open (buildvm-ppc64le-12.rdu3.fedoraproject.org)
  135457926 buildSRPMFromSCM (/rpms/tzdata.git:533e41b83dbb41296edd944b18262b21036dc311): free
  135457926 buildSRPMFromSCM (/rpms/tzdata.git:533e41b83dbb41296edd944b18262b21036dc311): free -> assigned (buildvm-a64-08.rdu3.fedoraproject.org)
  135457926 buildSRPMFromSCM (/rpms/tzdata.git:533e41b83dbb41296edd944b18262b21036dc311): assigned (buildvm-a64-08.rdu3.fedoraproject.org) -> open (buildvm-a64-08.rdu3.fedoraproject.org)
  135457926 buildSRPMFromSCM (/rpms/tzdata.git:533e41b83dbb41296edd944b18262b21036dc311): open (buildvm-a64-08.rdu3.fedoraproject.org) -> closed
  0 free  1 open  1 done  0 failed
  135457988 buildArch (tzdata-2025b-3.fc43.src.rpm, noarch): free
  135457988 buildArch (tzdata-2025b-3.fc43.src.rpm, noarch): free -> assigned (buildhw-x86-02.rdu3.fedoraproject.org)
  135457988 buildArch (tzdata-2025b-3.fc43.src.rpm, noarch): assigned (buildhw-x86-02.rdu3.fedoraproject.org) -> open (buildhw-x86-02.rdu3.fedoraproject.org)
  135457988 buildArch (tzdata-2025b-3.fc43.src.rpm, noarch): open (buildhw-x86-02.rdu3.fedoraproject.org) -> closed
  0 free  1 open  2 done  0 failed
  135458033 tagBuild (noarch): free
  135458033 tagBuild (noarch): free -> open (buildvm-a64-44.rdu3.fedoraproject.org)
  135458033 tagBuild (noarch): open (buildvm-a64-44.rdu3.fedoraproject.org) -> closed
  0 free  1 open  3 done  0 failed
135457919 build (rawhide, /rpms/tzdata.git:533e41b83dbb41296edd944b18262b21036dc311): open (buildvm-ppc64le-12.rdu3.fedoraproject.org) -> closed
  0 free  0 open  4 done  0 failed

135457919 build (rawhide, /rpms/tzdata.git:533e41b83dbb41296edd944b18262b21036dc311) completed successfully
