Cloning into 'univocity-parsers'...
@@@@@@@@@@@@@@@@@@@@@@@@@@@@@@@@@@@@@@@@@@@@@@@@@@@@@@@@@@@
@    WARNING: REMOTE HOST IDENTIFICATION HAS CHANGED!     @
@@@@@@@@@@@@@@@@@@@@@@@@@@@@@@@@@@@@@@@@@@@@@@@@@@@@@@@@@@@
IT IS POSSIBLE THAT SOMEONE IS DOING SOMETHING NASTY!
Someone could be eavesdropping on you right now (man-in-the-middle attack)!
It is also possible that a host key has just been changed.
The fingerprint for the RSA key sent by the remote host is
SHA256:dJN0nFWBcWK7SFs2k0nnsO+XNA9+aEDY4FWO7uhxTN8.
Please contact your system administrator.
Add correct host key in /home/jvanek/.ssh/known_hosts to get rid of this message.
Offending RSA key in /home/jvanek/.ssh/known_hosts:2
Password authentication is disabled to avoid man-in-the-middle attacks.
Keyboard-interactive authentication is disabled to avoid man-in-the-middle attacks.
UpdateHostkeys is disabled because the host key is not trusted.
RPMAutoSpec usage detected, not changing the spec file.
[rawhide 3ac920a] Rebuilt for java-25-openjdk as preffered jdk
Found a gating.yaml file in the repo and it is properly configured
Building univocity-parsers-2.9.1-35.fc43 for rawhide
Created task: 135457924
Task info: https://koji.fedoraproject.org/koji/taskinfo?taskID=135457924
Watching tasks (this may be safely interrupted)...
135457924 build (rawhide, /rpms/univocity-parsers.git:3ac920a51cdf77552e0686e15aaecf37677701f2): free
135457924 build (rawhide, /rpms/univocity-parsers.git:3ac920a51cdf77552e0686e15aaecf37677701f2): free -> assigned (buildvm-ppc64le-30.rdu3.fedoraproject.org)
135457924 build (rawhide, /rpms/univocity-parsers.git:3ac920a51cdf77552e0686e15aaecf37677701f2): assigned (buildvm-ppc64le-30.rdu3.fedoraproject.org) -> open (buildvm-ppc64le-30.rdu3.fedoraproject.org)
  135457928 buildSRPMFromSCM (/rpms/univocity-parsers.git:3ac920a51cdf77552e0686e15aaecf37677701f2): free
  135457928 buildSRPMFromSCM (/rpms/univocity-parsers.git:3ac920a51cdf77552e0686e15aaecf37677701f2): free -> open (buildvm-ppc64le-09.rdu3.fedoraproject.org)
  135457928 buildSRPMFromSCM (/rpms/univocity-parsers.git:3ac920a51cdf77552e0686e15aaecf37677701f2): open (buildvm-ppc64le-09.rdu3.fedoraproject.org) -> closed
  0 free  1 open  1 done  0 failed
  135457989 buildArch (univocity-parsers-2.9.1-35.fc43.src.rpm, noarch): free
  135457989 buildArch (univocity-parsers-2.9.1-35.fc43.src.rpm, noarch): free -> assigned (buildvm-s390x-05.s390.fedoraproject.org)
  135457989 buildArch (univocity-parsers-2.9.1-35.fc43.src.rpm, noarch): assigned (buildvm-s390x-05.s390.fedoraproject.org) -> open (buildvm-s390x-05.s390.fedoraproject.org)
  135457989 buildArch (univocity-parsers-2.9.1-35.fc43.src.rpm, noarch): open (buildvm-s390x-05.s390.fedoraproject.org) -> closed
  0 free  1 open  2 done  0 failed
  135458040 tagBuild (noarch): assigned (buildhw-x86-03.rdu3.fedoraproject.org)
  135458040 tagBuild (noarch): assigned (buildhw-x86-03.rdu3.fedoraproject.org) -> closed
  0 free  1 open  3 done  0 failed
135457924 build (rawhide, /rpms/univocity-parsers.git:3ac920a51cdf77552e0686e15aaecf37677701f2): open (buildvm-ppc64le-30.rdu3.fedoraproject.org) -> closed
  0 free  0 open  4 done  0 failed

135457924 build (rawhide, /rpms/univocity-parsers.git:3ac920a51cdf77552e0686e15aaecf37677701f2) completed successfully
