Cloning into 'vecmath1.2'...
[rawhide 72d7202] Rebuilt for java-17-openjdk as system jdk
 1 file changed, 4 insertions(+), 1 deletion(-)
Building vecmath1.2-1.14-30.fc36 for f36-java17
Created task: 82435252
Task info: https://koji.fedoraproject.org/koji/taskinfo?taskID=82435252
Watching tasks (this may be safely interrupted)...
82435252 build (f36-java17, /rpms/vecmath1.2.git:72d7202e1f22a39219334258270a639176bf9cc2): free
82435252 build (f36-java17, /rpms/vecmath1.2.git:72d7202e1f22a39219334258270a639176bf9cc2): free -> open (buildvm-x86-11.iad2.fedoraproject.org)
  82435254 buildSRPMFromSCM (/rpms/vecmath1.2.git:72d7202e1f22a39219334258270a639176bf9cc2): open (buildvm-x86-07.iad2.fedoraproject.org)
  82435254 buildSRPMFromSCM (/rpms/vecmath1.2.git:72d7202e1f22a39219334258270a639176bf9cc2): open (buildvm-x86-07.iad2.fedoraproject.org) -> closed
  0 free  1 open  1 done  0 failed
  82435309 buildArch (vecmath1.2-1.14-30.fc36.src.rpm, noarch): open (buildvm-x86-11.iad2.fedoraproject.org)
  82435309 buildArch (vecmath1.2-1.14-30.fc36.src.rpm, noarch): open (buildvm-x86-11.iad2.fedoraproject.org) -> closed
  0 free  1 open  2 done  0 failed
  82435481 tagBuild (noarch): free
  82435481 tagBuild (noarch): free -> closed
  0 free  1 open  3 done  0 failed
82435252 build (f36-java17, /rpms/vecmath1.2.git:72d7202e1f22a39219334258270a639176bf9cc2): open (buildvm-x86-11.iad2.fedoraproject.org) -> closed
  0 free  0 open  4 done  0 failed

82435252 build (f36-java17, /rpms/vecmath1.2.git:72d7202e1f22a39219334258270a639176bf9cc2) completed successfully
