Cloning into 'velocity'...
[rawhide a97e856] Rebuilt for java-21-openjdk as system jdk
 1 file changed, 4 insertions(+), 1 deletion(-)
Found a gating.yaml file in the repo and it is properly configured
warning: %patchN is deprecated (1 usages found), use %patch N (or %patch -P N)

Building velocity-2.3-5.fc41 for f41-build-side-84507
Created task: 114142238
Task info: https://koji.fedoraproject.org/koji/taskinfo?taskID=114142238
Watching tasks (this may be safely interrupted)...
114142238 build (f41-build-side-84507, /rpms/velocity.git:a97e856ff72eb7b1c0fec4609cd8be5ca1238f67): free
114142238 build (f41-build-side-84507, /rpms/velocity.git:a97e856ff72eb7b1c0fec4609cd8be5ca1238f67): free -> assigned
114142238 build (f41-build-side-84507, /rpms/velocity.git:a97e856ff72eb7b1c0fec4609cd8be5ca1238f67): assigned -> open (buildvm-x86-08.iad2.fedoraproject.org)
  114142245 buildSRPMFromSCM (/rpms/velocity.git:a97e856ff72eb7b1c0fec4609cd8be5ca1238f67): free
  114142245 buildSRPMFromSCM (/rpms/velocity.git:a97e856ff72eb7b1c0fec4609cd8be5ca1238f67): free -> assigned
  114142245 buildSRPMFromSCM (/rpms/velocity.git:a97e856ff72eb7b1c0fec4609cd8be5ca1238f67): assigned -> open (buildvm-a64-31.iad2.fedoraproject.org)
  114142245 buildSRPMFromSCM (/rpms/velocity.git:a97e856ff72eb7b1c0fec4609cd8be5ca1238f67): open (buildvm-a64-31.iad2.fedoraproject.org) -> closed
  0 free  1 open  1 done  0 failed
  114142280 buildArch (velocity-2.3-5.fc41.src.rpm, noarch): free
  114142280 buildArch (velocity-2.3-5.fc41.src.rpm, noarch): free -> assigned
  114142280 buildArch (velocity-2.3-5.fc41.src.rpm, noarch): assigned -> open (buildvm-ppc64le-03.iad2.fedoraproject.org)
  114142414 tagBuild (noarch): free
  114142280 buildArch (velocity-2.3-5.fc41.src.rpm, noarch): open (buildvm-ppc64le-03.iad2.fedoraproject.org) -> closed
  1 free  1 open  2 done  0 failed
114142238 build (f41-build-side-84507, /rpms/velocity.git:a97e856ff72eb7b1c0fec4609cd8be5ca1238f67): open (buildvm-x86-08.iad2.fedoraproject.org) -> closed
  1 free  0 open  3 done  0 failed
  114142414 tagBuild (noarch): free -> closed
  0 free  0 open  4 done  0 failed

114142238 build (f41-build-side-84507, /rpms/velocity.git:a97e856ff72eb7b1c0fec4609cd8be5ca1238f67) completed successfully
