Cloning into 'voms-api-java'...
@@@@@@@@@@@@@@@@@@@@@@@@@@@@@@@@@@@@@@@@@@@@@@@@@@@@@@@@@@@
@    WARNING: REMOTE HOST IDENTIFICATION HAS CHANGED!     @
@@@@@@@@@@@@@@@@@@@@@@@@@@@@@@@@@@@@@@@@@@@@@@@@@@@@@@@@@@@
IT IS POSSIBLE THAT SOMEONE IS DOING SOMETHING NASTY!
Someone could be eavesdropping on you right now (man-in-the-middle attack)!
It is also possible that a host key has just been changed.
The fingerprint for the RSA key sent by the remote host is
SHA256:dJN0nFWBcWK7SFs2k0nnsO+XNA9+aEDY4FWO7uhxTN8.
Please contact your system administrator.
Add correct host key in /home/jvanek/.ssh/known_hosts to get rid of this message.
Offending RSA key in /home/jvanek/.ssh/known_hosts:2
Password authentication is disabled to avoid man-in-the-middle attacks.
Keyboard-interactive authentication is disabled to avoid man-in-the-middle attacks.
UpdateHostkeys is disabled because the host key is not trusted.
[rawhide de79684] Rebuilt for java-25-openjdk as preffered jdk
 1 file changed, 5 insertions(+), 2 deletions(-)
Building voms-api-java-3.3.5-4.fc43 for rawhide
Created task: 135457950
Task info: https://koji.fedoraproject.org/koji/taskinfo?taskID=135457950
Watching tasks (this may be safely interrupted)...
135457950 build (rawhide, /rpms/voms-api-java.git:de796844706239931ac4941d19317998ae8b4849): free
135457950 build (rawhide, /rpms/voms-api-java.git:de796844706239931ac4941d19317998ae8b4849): free -> assigned (buildvm-x86-11.rdu3.fedoraproject.org)
135457950 build (rawhide, /rpms/voms-api-java.git:de796844706239931ac4941d19317998ae8b4849): assigned (buildvm-x86-11.rdu3.fedoraproject.org) -> open (buildvm-x86-11.rdu3.fedoraproject.org)
  135457983 buildSRPMFromSCM (/rpms/voms-api-java.git:de796844706239931ac4941d19317998ae8b4849): free
  135457983 buildSRPMFromSCM (/rpms/voms-api-java.git:de796844706239931ac4941d19317998ae8b4849): free -> assigned (buildvm-s390x-05.s390.fedoraproject.org)
  135457983 buildSRPMFromSCM (/rpms/voms-api-java.git:de796844706239931ac4941d19317998ae8b4849): assigned (buildvm-s390x-05.s390.fedoraproject.org) -> open (buildvm-s390x-05.s390.fedoraproject.org)
  135457983 buildSRPMFromSCM (/rpms/voms-api-java.git:de796844706239931ac4941d19317998ae8b4849): open (buildvm-s390x-05.s390.fedoraproject.org) -> closed
  0 free  1 open  1 done  0 failed
  135458034 buildArch (voms-api-java-3.3.5-4.fc43.src.rpm, noarch): free
  135458034 buildArch (voms-api-java-3.3.5-4.fc43.src.rpm, noarch): free -> assigned (buildvm-a64-45.rdu3.fedoraproject.org)
  135458034 buildArch (voms-api-java-3.3.5-4.fc43.src.rpm, noarch): assigned (buildvm-a64-45.rdu3.fedoraproject.org) -> open (buildvm-a64-45.rdu3.fedoraproject.org)
  135458034 buildArch (voms-api-java-3.3.5-4.fc43.src.rpm, noarch): open (buildvm-a64-45.rdu3.fedoraproject.org) -> closed
  0 free  1 open  2 done  0 failed
  135458081 tagBuild (noarch): free
  135458081 tagBuild (noarch): free -> assigned (buildvm-a64-40.rdu3.fedoraproject.org)
  135458081 tagBuild (noarch): assigned (buildvm-a64-40.rdu3.fedoraproject.org) -> closed
  0 free  1 open  3 done  0 failed
135457950 build (rawhide, /rpms/voms-api-java.git:de796844706239931ac4941d19317998ae8b4849): open (buildvm-x86-11.rdu3.fedoraproject.org) -> closed
  0 free  0 open  4 done  0 failed

135457950 build (rawhide, /rpms/voms-api-java.git:de796844706239931ac4941d19317998ae8b4849) completed successfully
