Cloning into 'weld-parent'...
[f40 eaa4fcc] Rebuilt for java-21-openjdk as system jdk
 1 file changed, 4 insertions(+), 1 deletion(-)
Building weld-parent-46-7.fc40 for f40-build-side-84857
Created task: 114356058
Task info: https://koji.fedoraproject.org/koji/taskinfo?taskID=114356058
Watching tasks (this may be safely interrupted)...
114356058 build (f40-build-side-84857, /rpms/weld-parent.git:eaa4fcc1ea9fe0768f46ebb09d91845273aef2b7): free
114356058 build (f40-build-side-84857, /rpms/weld-parent.git:eaa4fcc1ea9fe0768f46ebb09d91845273aef2b7): free -> open (buildhw-x86-04.iad2.fedoraproject.org)
  114356067 buildSRPMFromSCM (/rpms/weld-parent.git:eaa4fcc1ea9fe0768f46ebb09d91845273aef2b7): free
  114356067 buildSRPMFromSCM (/rpms/weld-parent.git:eaa4fcc1ea9fe0768f46ebb09d91845273aef2b7): free -> assigned
  114356067 buildSRPMFromSCM (/rpms/weld-parent.git:eaa4fcc1ea9fe0768f46ebb09d91845273aef2b7): assigned -> open (buildvm-a64-38.iad2.fedoraproject.org)
  114356067 buildSRPMFromSCM (/rpms/weld-parent.git:eaa4fcc1ea9fe0768f46ebb09d91845273aef2b7): open (buildvm-a64-38.iad2.fedoraproject.org) -> closed
  0 free  1 open  1 done  0 failed
  114356169 buildArch (weld-parent-46-7.fc40.src.rpm, noarch): free
  114356169 buildArch (weld-parent-46-7.fc40.src.rpm, noarch): free -> assigned
  114356169 buildArch (weld-parent-46-7.fc40.src.rpm, noarch): assigned -> open (buildhw-a64-24.iad2.fedoraproject.org)
  114356169 buildArch (weld-parent-46-7.fc40.src.rpm, noarch): open (buildhw-a64-24.iad2.fedoraproject.org) -> closed
  0 free  1 open  2 done  0 failed
  114356332 tagBuild (noarch): assigned
  114356332 tagBuild (noarch): assigned -> closed
  0 free  1 open  3 done  0 failed
114356058 build (f40-build-side-84857, /rpms/weld-parent.git:eaa4fcc1ea9fe0768f46ebb09d91845273aef2b7): open (buildhw-x86-04.iad2.fedoraproject.org) -> closed
  0 free  0 open  4 done  0 failed

114356058 build (f40-build-side-84857, /rpms/weld-parent.git:eaa4fcc1ea9fe0768f46ebb09d91845273aef2b7) completed successfully
