Cloning into 'will-crash'...
[rawhide 3c40694] Rebuilt for java-21-openjdk as system jdk
 1 file changed, 4 insertions(+), 1 deletion(-)
Found a gating.yaml file in the repo and it is properly configured
Building will-crash-0.13.5-6.fc41 for f41-build-side-84507
Created task: 114142274
Task info: https://koji.fedoraproject.org/koji/taskinfo?taskID=114142274
Watching tasks (this may be safely interrupted)...
114142274 build (f41-build-side-84507, /rpms/will-crash.git:3c406942d159ad0731bc6ac78518e01ea96481c8): assigned
114142274 build (f41-build-side-84507, /rpms/will-crash.git:3c406942d159ad0731bc6ac78518e01ea96481c8): assigned -> open (buildvm-a64-34.iad2.fedoraproject.org)
  114142277 buildSRPMFromSCM (/rpms/will-crash.git:3c406942d159ad0731bc6ac78518e01ea96481c8): free
  114142277 buildSRPMFromSCM (/rpms/will-crash.git:3c406942d159ad0731bc6ac78518e01ea96481c8): free -> assigned
  114142277 buildSRPMFromSCM (/rpms/will-crash.git:3c406942d159ad0731bc6ac78518e01ea96481c8): assigned -> open (buildvm-a64-39.iad2.fedoraproject.org)
  114142277 buildSRPMFromSCM (/rpms/will-crash.git:3c406942d159ad0731bc6ac78518e01ea96481c8): open (buildvm-a64-39.iad2.fedoraproject.org) -> closed
  0 free  1 open  1 done  0 failed
  114142369 buildArch (will-crash-0.13.5-6.fc41.src.rpm, x86_64): free
  114142370 buildArch (will-crash-0.13.5-6.fc41.src.rpm, aarch64): free
  114142368 buildArch (will-crash-0.13.5-6.fc41.src.rpm, i686): free
  114142371 buildArch (will-crash-0.13.5-6.fc41.src.rpm, ppc64le): free
  114142372 buildArch (will-crash-0.13.5-6.fc41.src.rpm, s390x): free
  114142369 buildArch (will-crash-0.13.5-6.fc41.src.rpm, x86_64): free -> assigned
  114142370 buildArch (will-crash-0.13.5-6.fc41.src.rpm, aarch64): free -> assigned
  114142368 buildArch (will-crash-0.13.5-6.fc41.src.rpm, i686): free -> assigned
  114142371 buildArch (will-crash-0.13.5-6.fc41.src.rpm, ppc64le): free -> assigned
  114142370 buildArch (will-crash-0.13.5-6.fc41.src.rpm, aarch64): assigned -> open (buildvm-a64-21.iad2.fedoraproject.org)
  114142368 buildArch (will-crash-0.13.5-6.fc41.src.rpm, i686): assigned -> open (buildvm-x86-09.iad2.fedoraproject.org)
  114142371 buildArch (will-crash-0.13.5-6.fc41.src.rpm, ppc64le): assigned -> open (buildvm-ppc64le-15.iad2.fedoraproject.org)
  114142369 buildArch (will-crash-0.13.5-6.fc41.src.rpm, x86_64): assigned -> open (buildvm-x86-11.iad2.fedoraproject.org)
  114142370 buildArch (will-crash-0.13.5-6.fc41.src.rpm, aarch64): open (buildvm-a64-21.iad2.fedoraproject.org) -> closed
  1 free  4 open  2 done  0 failed
  114142368 buildArch (will-crash-0.13.5-6.fc41.src.rpm, i686): open (buildvm-x86-09.iad2.fedoraproject.org) -> closed
  1 free  3 open  3 done  0 failed
  114142369 buildArch (will-crash-0.13.5-6.fc41.src.rpm, x86_64): open (buildvm-x86-11.iad2.fedoraproject.org) -> closed
  1 free  2 open  4 done  0 failed
  114142371 buildArch (will-crash-0.13.5-6.fc41.src.rpm, ppc64le): open (buildvm-ppc64le-15.iad2.fedoraproject.org) -> closed
  1 free  1 open  5 done  0 failed
  114142372 buildArch (will-crash-0.13.5-6.fc41.src.rpm, s390x): free -> assigned
  114142372 buildArch (will-crash-0.13.5-6.fc41.src.rpm, s390x): assigned -> open (buildvm-s390x-03.s390.fedoraproject.org)
  114142372 buildArch (will-crash-0.13.5-6.fc41.src.rpm, s390x): open (buildvm-s390x-03.s390.fedoraproject.org) -> closed
  0 free  1 open  6 done  0 failed
  114142896 tagBuild (noarch): free
  114142896 tagBuild (noarch): free -> assigned
  114142896 tagBuild (noarch): assigned -> closed
  0 free  1 open  7 done  0 failed
114142274 build (f41-build-side-84507, /rpms/will-crash.git:3c406942d159ad0731bc6ac78518e01ea96481c8): open (buildvm-a64-34.iad2.fedoraproject.org) -> closed
  0 free  0 open  8 done  0 failed

114142274 build (f41-build-side-84507, /rpms/will-crash.git:3c406942d159ad0731bc6ac78518e01ea96481c8) completed successfully
