Cloning into 'ws-commons-util'...
[rawhide 8274300] Rebuilt for java-21-openjdk as system jdk
 1 file changed, 4 insertions(+), 1 deletion(-)
Building ws-commons-util-1.0.2-24.fc41 for f41-build-side-84507
Created task: 114142296
Task info: https://koji.fedoraproject.org/koji/taskinfo?taskID=114142296
Watching tasks (this may be safely interrupted)...
114142296 build (f41-build-side-84507, /rpms/ws-commons-util.git:82743001ac0f0b237c93b59516d947172f68ccdd): free
114142296 build (f41-build-side-84507, /rpms/ws-commons-util.git:82743001ac0f0b237c93b59516d947172f68ccdd): free -> assigned
114142296 build (f41-build-side-84507, /rpms/ws-commons-util.git:82743001ac0f0b237c93b59516d947172f68ccdd): assigned -> open (buildvm-x86-14.iad2.fedoraproject.org)
  114142314 buildSRPMFromSCM (/rpms/ws-commons-util.git:82743001ac0f0b237c93b59516d947172f68ccdd): free
  114142314 buildSRPMFromSCM (/rpms/ws-commons-util.git:82743001ac0f0b237c93b59516d947172f68ccdd): free -> assigned
  114142314 buildSRPMFromSCM (/rpms/ws-commons-util.git:82743001ac0f0b237c93b59516d947172f68ccdd): assigned -> open (buildvm-a64-20.iad2.fedoraproject.org)
  114142314 buildSRPMFromSCM (/rpms/ws-commons-util.git:82743001ac0f0b237c93b59516d947172f68ccdd): open (buildvm-a64-20.iad2.fedoraproject.org) -> closed
  0 free  1 open  1 done  0 failed
  114142436 buildArch (ws-commons-util-1.0.2-24.fc41.src.rpm, noarch): free
  114142436 buildArch (ws-commons-util-1.0.2-24.fc41.src.rpm, noarch): free -> assigned
  114142436 buildArch (ws-commons-util-1.0.2-24.fc41.src.rpm, noarch): assigned -> open (buildvm-ppc64le-03.iad2.fedoraproject.org)
  114142436 buildArch (ws-commons-util-1.0.2-24.fc41.src.rpm, noarch): open (buildvm-ppc64le-03.iad2.fedoraproject.org) -> closed
  0 free  1 open  2 done  0 failed
  114142719 tagBuild (noarch): free
  114142719 tagBuild (noarch): free -> assigned
  114142719 tagBuild (noarch): assigned -> closed
  0 free  1 open  3 done  0 failed
114142296 build (f41-build-side-84507, /rpms/ws-commons-util.git:82743001ac0f0b237c93b59516d947172f68ccdd): open (buildvm-x86-14.iad2.fedoraproject.org) -> closed
  0 free  0 open  4 done  0 failed

114142296 build (f41-build-side-84507, /rpms/ws-commons-util.git:82743001ac0f0b237c93b59516d947172f68ccdd) completed successfully
