Cloning into 'wsdl4j'...
@@@@@@@@@@@@@@@@@@@@@@@@@@@@@@@@@@@@@@@@@@@@@@@@@@@@@@@@@@@
@    WARNING: REMOTE HOST IDENTIFICATION HAS CHANGED!     @
@@@@@@@@@@@@@@@@@@@@@@@@@@@@@@@@@@@@@@@@@@@@@@@@@@@@@@@@@@@
IT IS POSSIBLE THAT SOMEONE IS DOING SOMETHING NASTY!
Someone could be eavesdropping on you right now (man-in-the-middle attack)!
It is also possible that a host key has just been changed.
The fingerprint for the RSA key sent by the remote host is
SHA256:dJN0nFWBcWK7SFs2k0nnsO+XNA9+aEDY4FWO7uhxTN8.
Please contact your system administrator.
Add correct host key in /home/jvanek/.ssh/known_hosts to get rid of this message.
Offending RSA key in /home/jvanek/.ssh/known_hosts:2
Password authentication is disabled to avoid man-in-the-middle attacks.
Keyboard-interactive authentication is disabled to avoid man-in-the-middle attacks.
UpdateHostkeys is disabled because the host key is not trusted.
[rawhide 5de27f6] Rebuilt for java-25-openjdk as preffered jdk
 1 file changed, 6 insertions(+), 3 deletions(-)
Building wsdl4j-1.6.3-35.fc43 for rawhide
Created task: 135457990
Task info: https://koji.fedoraproject.org/koji/taskinfo?taskID=135457990
Watching tasks (this may be safely interrupted)...
135457990 build (rawhide, /rpms/wsdl4j.git:5de27f65daf3d32338f27cfdf3edb51eee2aaaaf): free
135457990 build (rawhide, /rpms/wsdl4j.git:5de27f65daf3d32338f27cfdf3edb51eee2aaaaf): free -> assigned (buildvm-ppc64le-22.rdu3.fedoraproject.org)
135457990 build (rawhide, /rpms/wsdl4j.git:5de27f65daf3d32338f27cfdf3edb51eee2aaaaf): assigned (buildvm-ppc64le-22.rdu3.fedoraproject.org) -> open (buildvm-ppc64le-22.rdu3.fedoraproject.org)
  135458000 buildSRPMFromSCM (/rpms/wsdl4j.git:5de27f65daf3d32338f27cfdf3edb51eee2aaaaf): free
  135458000 buildSRPMFromSCM (/rpms/wsdl4j.git:5de27f65daf3d32338f27cfdf3edb51eee2aaaaf): free -> assigned (buildvm-a64-43.rdu3.fedoraproject.org)
  135458000 buildSRPMFromSCM (/rpms/wsdl4j.git:5de27f65daf3d32338f27cfdf3edb51eee2aaaaf): assigned (buildvm-a64-43.rdu3.fedoraproject.org) -> open (buildvm-a64-43.rdu3.fedoraproject.org)
  135458000 buildSRPMFromSCM (/rpms/wsdl4j.git:5de27f65daf3d32338f27cfdf3edb51eee2aaaaf): open (buildvm-a64-43.rdu3.fedoraproject.org) -> closed
  0 free  1 open  1 done  0 failed
  135458050 buildArch (wsdl4j-1.6.3-35.fc43.src.rpm, noarch): free
  135458050 buildArch (wsdl4j-1.6.3-35.fc43.src.rpm, noarch): free -> assigned (buildvm-a64-16.rdu3.fedoraproject.org)
  135458050 buildArch (wsdl4j-1.6.3-35.fc43.src.rpm, noarch): assigned (buildvm-a64-16.rdu3.fedoraproject.org) -> open (buildvm-a64-16.rdu3.fedoraproject.org)
  135458050 buildArch (wsdl4j-1.6.3-35.fc43.src.rpm, noarch): open (buildvm-a64-16.rdu3.fedoraproject.org) -> closed
  0 free  1 open  2 done  0 failed
  135458116 tagBuild (noarch): free
  135458116 tagBuild (noarch): free -> closed
  0 free  1 open  3 done  0 failed
135457990 build (rawhide, /rpms/wsdl4j.git:5de27f65daf3d32338f27cfdf3edb51eee2aaaaf): open (buildvm-ppc64le-22.rdu3.fedoraproject.org) -> closed
  0 free  0 open  4 done  0 failed

135457990 build (rawhide, /rpms/wsdl4j.git:5de27f65daf3d32338f27cfdf3edb51eee2aaaaf) completed successfully
