Cloning into 'xalan-j2'...
[f40 07a6ba5] Rebuilt for java-21-openjdk as system jdk
 1 file changed, 4 insertions(+), 1 deletion(-)
Found a gating.yaml file in the repo and it is properly configured
warning: %patchN is deprecated (1 usages found), use %patch N (or %patch -P N)

Building xalan-j2-2.7.3-3.fc40 for f40-build-side-84857
Created task: 114356192
Task info: https://koji.fedoraproject.org/koji/taskinfo?taskID=114356192
Watching tasks (this may be safely interrupted)...
114356192 build (f40-build-side-84857, /rpms/xalan-j2.git:07a6ba55887442e52cd3f0f8f0aa0b37a6b99a73): free
114356192 build (f40-build-side-84857, /rpms/xalan-j2.git:07a6ba55887442e52cd3f0f8f0aa0b37a6b99a73): free -> assigned
114356192 build (f40-build-side-84857, /rpms/xalan-j2.git:07a6ba55887442e52cd3f0f8f0aa0b37a6b99a73): assigned -> open (buildvm-s390x-03.s390.fedoraproject.org)
  114356291 buildSRPMFromSCM (/rpms/xalan-j2.git:07a6ba55887442e52cd3f0f8f0aa0b37a6b99a73): free
  114356291 buildSRPMFromSCM (/rpms/xalan-j2.git:07a6ba55887442e52cd3f0f8f0aa0b37a6b99a73): free -> assigned
  114356291 buildSRPMFromSCM (/rpms/xalan-j2.git:07a6ba55887442e52cd3f0f8f0aa0b37a6b99a73): assigned -> open (buildvm-a64-24.iad2.fedoraproject.org)
  114356291 buildSRPMFromSCM (/rpms/xalan-j2.git:07a6ba55887442e52cd3f0f8f0aa0b37a6b99a73): open (buildvm-a64-24.iad2.fedoraproject.org) -> closed
  0 free  1 open  1 done  0 failed
  114356347 buildArch (xalan-j2-2.7.3-3.fc40.src.rpm, noarch): free
  114356347 buildArch (xalan-j2-2.7.3-3.fc40.src.rpm, noarch): free -> assigned
  114356347 buildArch (xalan-j2-2.7.3-3.fc40.src.rpm, noarch): assigned -> open (buildvm-ppc64le-29.iad2.fedoraproject.org)
  114356347 buildArch (xalan-j2-2.7.3-3.fc40.src.rpm, noarch): open (buildvm-ppc64le-29.iad2.fedoraproject.org) -> closed
  0 free  1 open  2 done  0 failed
  114356771 tagBuild (noarch): free
114356192 build (f40-build-side-84857, /rpms/xalan-j2.git:07a6ba55887442e52cd3f0f8f0aa0b37a6b99a73): open (buildvm-s390x-03.s390.fedoraproject.org) -> closed
  1 free  0 open  3 done  0 failed
  114356771 tagBuild (noarch): free -> closed
  0 free  0 open  4 done  0 failed

114356192 build (f40-build-side-84857, /rpms/xalan-j2.git:07a6ba55887442e52cd3f0f8f0aa0b37a6b99a73) completed successfully
