Cloning into 'xbean'...
@@@@@@@@@@@@@@@@@@@@@@@@@@@@@@@@@@@@@@@@@@@@@@@@@@@@@@@@@@@
@    WARNING: REMOTE HOST IDENTIFICATION HAS CHANGED!     @
@@@@@@@@@@@@@@@@@@@@@@@@@@@@@@@@@@@@@@@@@@@@@@@@@@@@@@@@@@@
IT IS POSSIBLE THAT SOMEONE IS DOING SOMETHING NASTY!
Someone could be eavesdropping on you right now (man-in-the-middle attack)!
It is also possible that a host key has just been changed.
The fingerprint for the RSA key sent by the remote host is
SHA256:dJN0nFWBcWK7SFs2k0nnsO+XNA9+aEDY4FWO7uhxTN8.
Please contact your system administrator.
Add correct host key in /home/jvanek/.ssh/known_hosts to get rid of this message.
Offending RSA key in /home/jvanek/.ssh/known_hosts:2
Password authentication is disabled to avoid man-in-the-middle attacks.
Keyboard-interactive authentication is disabled to avoid man-in-the-middle attacks.
UpdateHostkeys is disabled because the host key is not trusted.
[rawhide cdc3f00] Rrevert to jdk21
 1 file changed, 5 insertions(+), 2 deletions(-)
Found a gating.yaml file in the repo and it is properly configured
Building xbean-4.24-8.fc43 for rawhide
Created task: 135483489
Task info: https://koji.fedoraproject.org/koji/taskinfo?taskID=135483489
Watching tasks (this may be safely interrupted)...
135483489 build (rawhide, /rpms/xbean.git:cdc3f0019aec0799201fa4feaa7bad07f1dda14a): free
135483489 build (rawhide, /rpms/xbean.git:cdc3f0019aec0799201fa4feaa7bad07f1dda14a): free -> assigned (buildvm-x86-24.rdu3.fedoraproject.org)
135483489 build (rawhide, /rpms/xbean.git:cdc3f0019aec0799201fa4feaa7bad07f1dda14a): assigned (buildvm-x86-24.rdu3.fedoraproject.org) -> open (buildvm-x86-24.rdu3.fedoraproject.org)
  135483507 waitrepo (f43-build, ): free
  135483507 waitrepo (f43-build, ): free -> assigned (buildvm-s390x-05.s390.fedoraproject.org)
  135483507 waitrepo (f43-build, ): assigned (buildvm-s390x-05.s390.fedoraproject.org) -> open (buildvm-s390x-05.s390.fedoraproject.org)
  135483507 waitrepo (f43-build, ): open (buildvm-s390x-05.s390.fedoraproject.org) -> closed
  0 free  1 open  1 done  0 failed
  135483540 buildSRPMFromSCM (/rpms/xbean.git:cdc3f0019aec0799201fa4feaa7bad07f1dda14a): free
  135483540 buildSRPMFromSCM (/rpms/xbean.git:cdc3f0019aec0799201fa4feaa7bad07f1dda14a): free -> open (buildvm-ppc64le-09.rdu3.fedoraproject.org)
  135483540 buildSRPMFromSCM (/rpms/xbean.git:cdc3f0019aec0799201fa4feaa7bad07f1dda14a): open (buildvm-ppc64le-09.rdu3.fedoraproject.org) -> closed
  0 free  1 open  2 done  0 failed
  135483633 buildArch (xbean-4.24-8.fc43.src.rpm, noarch): free
  135483633 buildArch (xbean-4.24-8.fc43.src.rpm, noarch): free -> assigned (buildvm-ppc64le-16.rdu3.fedoraproject.org)
  135483633 buildArch (xbean-4.24-8.fc43.src.rpm, noarch): assigned (buildvm-ppc64le-16.rdu3.fedoraproject.org) -> open (buildvm-ppc64le-16.rdu3.fedoraproject.org)
  135483633 buildArch (xbean-4.24-8.fc43.src.rpm, noarch): open (buildvm-ppc64le-16.rdu3.fedoraproject.org) -> closed
  0 free  1 open  3 done  0 failed
  135483816 tagBuild (noarch): free
  135483816 tagBuild (noarch): free -> assigned (buildvm-ppc64le-20.rdu3.fedoraproject.org)
  135483816 tagBuild (noarch): assigned (buildvm-ppc64le-20.rdu3.fedoraproject.org) -> closed
  0 free  1 open  4 done  0 failed
135483489 build (rawhide, /rpms/xbean.git:cdc3f0019aec0799201fa4feaa7bad07f1dda14a): open (buildvm-x86-24.rdu3.fedoraproject.org) -> closed
  0 free  0 open  5 done  0 failed

135483489 build (rawhide, /rpms/xbean.git:cdc3f0019aec0799201fa4feaa7bad07f1dda14a) completed successfully
