Cloning into 'xml-maven-plugin'...
RPMAutoSpec usage detected, not changing the spec file.
[rawhide 085b183] Rebuilt for java-21-openjdk as system jdk
Building xml-maven-plugin-1.1.0-3.fc41 for f41-build-side-84507
Created task: 114142693
Task info: https://koji.fedoraproject.org/koji/taskinfo?taskID=114142693
Watching tasks (this may be safely interrupted)...
114142693 build (f41-build-side-84507, /rpms/xml-maven-plugin.git:085b1832c8554a0d63d8ad1495fcf1c3db83a9d2): free
114142693 build (f41-build-side-84507, /rpms/xml-maven-plugin.git:085b1832c8554a0d63d8ad1495fcf1c3db83a9d2): free -> assigned
114142693 build (f41-build-side-84507, /rpms/xml-maven-plugin.git:085b1832c8554a0d63d8ad1495fcf1c3db83a9d2): assigned -> open (buildhw-x86-13.iad2.fedoraproject.org)
  114142724 buildSRPMFromSCM (/rpms/xml-maven-plugin.git:085b1832c8554a0d63d8ad1495fcf1c3db83a9d2): free
  114142724 buildSRPMFromSCM (/rpms/xml-maven-plugin.git:085b1832c8554a0d63d8ad1495fcf1c3db83a9d2): free -> assigned
  114142724 buildSRPMFromSCM (/rpms/xml-maven-plugin.git:085b1832c8554a0d63d8ad1495fcf1c3db83a9d2): assigned -> open (buildvm-x86-21.iad2.fedoraproject.org)
  114142724 buildSRPMFromSCM (/rpms/xml-maven-plugin.git:085b1832c8554a0d63d8ad1495fcf1c3db83a9d2): open (buildvm-x86-21.iad2.fedoraproject.org) -> closed
  0 free  1 open  1 done  0 failed
  114142810 buildArch (xml-maven-plugin-1.1.0-3.fc41.src.rpm, noarch): free
  114142810 buildArch (xml-maven-plugin-1.1.0-3.fc41.src.rpm, noarch): free -> assigned
  114142810 buildArch (xml-maven-plugin-1.1.0-3.fc41.src.rpm, noarch): assigned -> open (buildvm-ppc64le-06.iad2.fedoraproject.org)
  114142810 buildArch (xml-maven-plugin-1.1.0-3.fc41.src.rpm, noarch): open (buildvm-ppc64le-06.iad2.fedoraproject.org) -> closed
  0 free  1 open  2 done  0 failed
  114142869 tagBuild (noarch): free
  114142869 tagBuild (noarch): free -> closed
  0 free  1 open  3 done  0 failed
114142693 build (f41-build-side-84507, /rpms/xml-maven-plugin.git:085b1832c8554a0d63d8ad1495fcf1c3db83a9d2): open (buildhw-x86-13.iad2.fedoraproject.org) -> closed
  0 free  0 open  4 done  0 failed

114142693 build (f41-build-side-84507, /rpms/xml-maven-plugin.git:085b1832c8554a0d63d8ad1495fcf1c3db83a9d2) completed successfully
