Cloning into 'xml-commons-apis'...
[rawhide c3021b0] Rebuilt for java-21-openjdk as system jdk
 1 file changed, 4 insertions(+), 1 deletion(-)
Found a gating.yaml file in the repo and it is properly configured
Building xml-commons-apis-1.4.01-45.fc41 for f41-build-side-84507
Created task: 114142449
Task info: https://koji.fedoraproject.org/koji/taskinfo?taskID=114142449
Watching tasks (this may be safely interrupted)...
114142449 build (f41-build-side-84507, /rpms/xml-commons-apis.git:c3021b02469910f855763f1b99b2808ac2bf80ed): free
114142449 build (f41-build-side-84507, /rpms/xml-commons-apis.git:c3021b02469910f855763f1b99b2808ac2bf80ed): free -> open (buildvm-a64-23.iad2.fedoraproject.org)
  114142471 buildSRPMFromSCM (/rpms/xml-commons-apis.git:c3021b02469910f855763f1b99b2808ac2bf80ed): free
  114142471 buildSRPMFromSCM (/rpms/xml-commons-apis.git:c3021b02469910f855763f1b99b2808ac2bf80ed): free -> assigned
  114142471 buildSRPMFromSCM (/rpms/xml-commons-apis.git:c3021b02469910f855763f1b99b2808ac2bf80ed): assigned -> open (buildvm-x86-19.iad2.fedoraproject.org)
  114142721 buildArch (xml-commons-apis-1.4.01-45.fc41.src.rpm, noarch): free
  114142471 buildSRPMFromSCM (/rpms/xml-commons-apis.git:c3021b02469910f855763f1b99b2808ac2bf80ed): open (buildvm-x86-19.iad2.fedoraproject.org) -> closed
  1 free  1 open  1 done  0 failed
  114142721 buildArch (xml-commons-apis-1.4.01-45.fc41.src.rpm, noarch): free -> assigned
  114142721 buildArch (xml-commons-apis-1.4.01-45.fc41.src.rpm, noarch): assigned -> open (buildvm-a64-23.iad2.fedoraproject.org)
  114142721 buildArch (xml-commons-apis-1.4.01-45.fc41.src.rpm, noarch): open (buildvm-a64-23.iad2.fedoraproject.org) -> closed
  0 free  1 open  2 done  0 failed
  114142844 tagBuild (noarch): free
  114142844 tagBuild (noarch): free -> assigned
  114142844 tagBuild (noarch): assigned -> closed
  0 free  1 open  3 done  0 failed
114142449 build (f41-build-side-84507, /rpms/xml-commons-apis.git:c3021b02469910f855763f1b99b2808ac2bf80ed): open (buildvm-a64-23.iad2.fedoraproject.org) -> closed
  0 free  0 open  4 done  0 failed

114142449 build (f41-build-side-84507, /rpms/xml-commons-apis.git:c3021b02469910f855763f1b99b2808ac2bf80ed) completed successfully
