Cloning into 'xmlgraphics-commons'...
@@@@@@@@@@@@@@@@@@@@@@@@@@@@@@@@@@@@@@@@@@@@@@@@@@@@@@@@@@@
@    WARNING: REMOTE HOST IDENTIFICATION HAS CHANGED!     @
@@@@@@@@@@@@@@@@@@@@@@@@@@@@@@@@@@@@@@@@@@@@@@@@@@@@@@@@@@@
IT IS POSSIBLE THAT SOMEONE IS DOING SOMETHING NASTY!
Someone could be eavesdropping on you right now (man-in-the-middle attack)!
It is also possible that a host key has just been changed.
The fingerprint for the RSA key sent by the remote host is
SHA256:dJN0nFWBcWK7SFs2k0nnsO+XNA9+aEDY4FWO7uhxTN8.
Please contact your system administrator.
Add correct host key in /home/jvanek/.ssh/known_hosts to get rid of this message.
Offending RSA key in /home/jvanek/.ssh/known_hosts:2
Password authentication is disabled to avoid man-in-the-middle attacks.
Keyboard-interactive authentication is disabled to avoid man-in-the-middle attacks.
UpdateHostkeys is disabled because the host key is not trusted.
[rawhide 98aabbc] Rebuilt for java-25-openjdk as preffered jdk
 1 file changed, 5 insertions(+), 2 deletions(-)
Building xmlgraphics-commons-2.11-3.fc43 for rawhide
Created task: 135458070
Task info: https://koji.fedoraproject.org/koji/taskinfo?taskID=135458070
Watching tasks (this may be safely interrupted)...
135458070 build (rawhide, /rpms/xmlgraphics-commons.git:98aabbc2352a3d29ae65981cc5b138e02c038104): free
135458070 build (rawhide, /rpms/xmlgraphics-commons.git:98aabbc2352a3d29ae65981cc5b138e02c038104): free -> open (buildvm-a64-08.rdu3.fedoraproject.org)
  135458092 buildSRPMFromSCM (/rpms/xmlgraphics-commons.git:98aabbc2352a3d29ae65981cc5b138e02c038104): free
  135458092 buildSRPMFromSCM (/rpms/xmlgraphics-commons.git:98aabbc2352a3d29ae65981cc5b138e02c038104): free -> assigned (buildvm-ppc64le-04.rdu3.fedoraproject.org)
  135458092 buildSRPMFromSCM (/rpms/xmlgraphics-commons.git:98aabbc2352a3d29ae65981cc5b138e02c038104): assigned (buildvm-ppc64le-04.rdu3.fedoraproject.org) -> open (buildvm-ppc64le-04.rdu3.fedoraproject.org)
  135458092 buildSRPMFromSCM (/rpms/xmlgraphics-commons.git:98aabbc2352a3d29ae65981cc5b138e02c038104): open (buildvm-ppc64le-04.rdu3.fedoraproject.org) -> closed
  0 free  1 open  1 done  0 failed
  135458167 buildArch (xmlgraphics-commons-2.11-3.fc43.src.rpm, noarch): free
  135458167 buildArch (xmlgraphics-commons-2.11-3.fc43.src.rpm, noarch): free -> assigned (buildvm-x86-16.rdu3.fedoraproject.org)
  135458167 buildArch (xmlgraphics-commons-2.11-3.fc43.src.rpm, noarch): assigned (buildvm-x86-16.rdu3.fedoraproject.org) -> open (buildvm-x86-16.rdu3.fedoraproject.org)
  135458167 buildArch (xmlgraphics-commons-2.11-3.fc43.src.rpm, noarch): open (buildvm-x86-16.rdu3.fedoraproject.org) -> FAILED: BuildError: error building package (arch noarch), mock exited with status 1; see build.log or root.log for more information
  Relevant logs:
  https://kojipkgs.fedoraproject.org/work/tasks/8167/135458167/mock_config.log
  https://kojipkgs.fedoraproject.org/work/tasks/8167/135458167/state.log
  https://kojipkgs.fedoraproject.org/work/tasks/8167/135458167/build.log
  https://kojipkgs.fedoraproject.org/work/tasks/8167/135458167/root.log
  https://kojipkgs.fedoraproject.org/work/tasks/8167/135458167/mock_output.log
  https://kojipkgs.fedoraproject.org/work/tasks/8167/135458167/hw_info.log
  https://kojipkgs.fedoraproject.org/work/tasks/8167/135458167/dnf5.log
  0 free  1 open  1 done  1 failed
135458070 build (rawhide, /rpms/xmlgraphics-commons.git:98aabbc2352a3d29ae65981cc5b138e02c038104): open (buildvm-a64-08.rdu3.fedoraproject.org) -> FAILED: BuildError: error building package (arch noarch), mock exited with status 1; see build.log or root.log for more information
  0 free  0 open  1 done  2 failed

135458070 build (rawhide, /rpms/xmlgraphics-commons.git:98aabbc2352a3d29ae65981cc5b138e02c038104) failed
