Cloning into 'xmlpull'...
@@@@@@@@@@@@@@@@@@@@@@@@@@@@@@@@@@@@@@@@@@@@@@@@@@@@@@@@@@@
@    WARNING: REMOTE HOST IDENTIFICATION HAS CHANGED!     @
@@@@@@@@@@@@@@@@@@@@@@@@@@@@@@@@@@@@@@@@@@@@@@@@@@@@@@@@@@@
IT IS POSSIBLE THAT SOMEONE IS DOING SOMETHING NASTY!
Someone could be eavesdropping on you right now (man-in-the-middle attack)!
It is also possible that a host key has just been changed.
The fingerprint for the RSA key sent by the remote host is
SHA256:dJN0nFWBcWK7SFs2k0nnsO+XNA9+aEDY4FWO7uhxTN8.
Please contact your system administrator.
Add correct host key in /home/jvanek/.ssh/known_hosts to get rid of this message.
Offending RSA key in /home/jvanek/.ssh/known_hosts:2
Password authentication is disabled to avoid man-in-the-middle attacks.
Keyboard-interactive authentication is disabled to avoid man-in-the-middle attacks.
UpdateHostkeys is disabled because the host key is not trusted.
[rawhide e6b9dc1] Rebuilt for java-25-openjdk as preffered jdk
 1 file changed, 5 insertions(+), 2 deletions(-)
Building xmlpull-1.2.0-13.fc43 for rawhide
Created task: 135458101
Task info: https://koji.fedoraproject.org/koji/taskinfo?taskID=135458101
Watching tasks (this may be safely interrupted)...
135458101 build (rawhide, /rpms/xmlpull.git:e6b9dc1246db7192eadfc508483c0c90efe503bb): free
135458101 build (rawhide, /rpms/xmlpull.git:e6b9dc1246db7192eadfc508483c0c90efe503bb): free -> assigned (buildvm-x86-05.rdu3.fedoraproject.org)
135458101 build (rawhide, /rpms/xmlpull.git:e6b9dc1246db7192eadfc508483c0c90efe503bb): assigned (buildvm-x86-05.rdu3.fedoraproject.org) -> open (buildvm-x86-05.rdu3.fedoraproject.org)
  135458134 buildSRPMFromSCM (/rpms/xmlpull.git:e6b9dc1246db7192eadfc508483c0c90efe503bb): free
  135458134 buildSRPMFromSCM (/rpms/xmlpull.git:e6b9dc1246db7192eadfc508483c0c90efe503bb): free -> assigned (buildvm-ppc64le-09.rdu3.fedoraproject.org)
  135458134 buildSRPMFromSCM (/rpms/xmlpull.git:e6b9dc1246db7192eadfc508483c0c90efe503bb): assigned (buildvm-ppc64le-09.rdu3.fedoraproject.org) -> open (buildvm-ppc64le-09.rdu3.fedoraproject.org)
  135458134 buildSRPMFromSCM (/rpms/xmlpull.git:e6b9dc1246db7192eadfc508483c0c90efe503bb): open (buildvm-ppc64le-09.rdu3.fedoraproject.org) -> closed
  0 free  1 open  1 done  0 failed
  135458192 buildArch (xmlpull-1.2.0-13.fc43.src.rpm, noarch): free
  135458192 buildArch (xmlpull-1.2.0-13.fc43.src.rpm, noarch): free -> assigned (buildvm-ppc64le-31.rdu3.fedoraproject.org)
  135458192 buildArch (xmlpull-1.2.0-13.fc43.src.rpm, noarch): assigned (buildvm-ppc64le-31.rdu3.fedoraproject.org) -> open (buildvm-ppc64le-31.rdu3.fedoraproject.org)
  135458294 tagBuild (noarch): free
  135458192 buildArch (xmlpull-1.2.0-13.fc43.src.rpm, noarch): open (buildvm-ppc64le-31.rdu3.fedoraproject.org) -> closed
  1 free  1 open  2 done  0 failed
  135458294 tagBuild (noarch): free -> assigned (buildvm-a64-07.rdu3.fedoraproject.org)
  135458294 tagBuild (noarch): assigned (buildvm-a64-07.rdu3.fedoraproject.org) -> open (buildvm-a64-07.rdu3.fedoraproject.org)
  135458294 tagBuild (noarch): open (buildvm-a64-07.rdu3.fedoraproject.org) -> closed
  0 free  1 open  3 done  0 failed
135458101 build (rawhide, /rpms/xmlpull.git:e6b9dc1246db7192eadfc508483c0c90efe503bb): open (buildvm-x86-05.rdu3.fedoraproject.org) -> closed
  0 free  0 open  4 done  0 failed

135458101 build (rawhide, /rpms/xmlpull.git:e6b9dc1246db7192eadfc508483c0c90efe503bb) completed successfully
