Cloning into 'xmlstreambuffer'...
[rawhide dde4b34] Rebuilt for java-21-openjdk as system jdk
 1 file changed, 4 insertions(+), 1 deletion(-)
Building xmlstreambuffer-2.1.0-5.fc41 for f41-build-side-84507
Created task: 114142741
Task info: https://koji.fedoraproject.org/koji/taskinfo?taskID=114142741
Watching tasks (this may be safely interrupted)...
114142741 build (f41-build-side-84507, /rpms/xmlstreambuffer.git:dde4b346ce4e49576aec5f542c4756600951e0d3): free
114142741 build (f41-build-side-84507, /rpms/xmlstreambuffer.git:dde4b346ce4e49576aec5f542c4756600951e0d3): free -> open (buildvm-ppc64le-08.iad2.fedoraproject.org)
  114142744 buildSRPMFromSCM (/rpms/xmlstreambuffer.git:dde4b346ce4e49576aec5f542c4756600951e0d3): free
  114142744 buildSRPMFromSCM (/rpms/xmlstreambuffer.git:dde4b346ce4e49576aec5f542c4756600951e0d3): free -> assigned
  114142744 buildSRPMFromSCM (/rpms/xmlstreambuffer.git:dde4b346ce4e49576aec5f542c4756600951e0d3): assigned -> open (buildvm-a64-21.iad2.fedoraproject.org)
  114142744 buildSRPMFromSCM (/rpms/xmlstreambuffer.git:dde4b346ce4e49576aec5f542c4756600951e0d3): open (buildvm-a64-21.iad2.fedoraproject.org) -> closed
  0 free  1 open  1 done  0 failed
  114142864 buildArch (xmlstreambuffer-2.1.0-5.fc41.src.rpm, noarch): free
  114142864 buildArch (xmlstreambuffer-2.1.0-5.fc41.src.rpm, noarch): free -> assigned
  114142864 buildArch (xmlstreambuffer-2.1.0-5.fc41.src.rpm, noarch): assigned -> open (buildvm-a64-32.iad2.fedoraproject.org)
  114142917 tagBuild (noarch): free
  114142864 buildArch (xmlstreambuffer-2.1.0-5.fc41.src.rpm, noarch): open (buildvm-a64-32.iad2.fedoraproject.org) -> closed
  1 free  1 open  2 done  0 failed
  114142917 tagBuild (noarch): free -> assigned
  114142917 tagBuild (noarch): assigned -> closed
  0 free  1 open  3 done  0 failed
114142741 build (f41-build-side-84507, /rpms/xmlstreambuffer.git:dde4b346ce4e49576aec5f542c4756600951e0d3): open (buildvm-ppc64le-08.iad2.fedoraproject.org) -> closed
  0 free  0 open  4 done  0 failed

114142741 build (f41-build-side-84507, /rpms/xmlstreambuffer.git:dde4b346ce4e49576aec5f542c4756600951e0d3) completed successfully
