Cloning into 'xmlunit'...
[rawhide 634d619] Rebuilt for java-21-openjdk as system jdk
 1 file changed, 4 insertions(+), 1 deletion(-)
Found a gating.yaml file in the repo and it is properly configured
Building xmlunit-2.9.0-10.fc41 for f41-build-side-84507
Created task: 114142747
Task info: https://koji.fedoraproject.org/koji/taskinfo?taskID=114142747
Watching tasks (this may be safely interrupted)...
114142747 build (f41-build-side-84507, /rpms/xmlunit.git:634d619143c9d656b4e70b73e64587feea839377): free
114142747 build (f41-build-side-84507, /rpms/xmlunit.git:634d619143c9d656b4e70b73e64587feea839377): free -> assigned
114142747 build (f41-build-side-84507, /rpms/xmlunit.git:634d619143c9d656b4e70b73e64587feea839377): assigned -> open (buildhw-x86-13.iad2.fedoraproject.org)
  114142792 buildSRPMFromSCM (/rpms/xmlunit.git:634d619143c9d656b4e70b73e64587feea839377): free
  114142792 buildSRPMFromSCM (/rpms/xmlunit.git:634d619143c9d656b4e70b73e64587feea839377): free -> assigned
  114142792 buildSRPMFromSCM (/rpms/xmlunit.git:634d619143c9d656b4e70b73e64587feea839377): assigned -> open (buildvm-x86-31.iad2.fedoraproject.org)
  114142792 buildSRPMFromSCM (/rpms/xmlunit.git:634d619143c9d656b4e70b73e64587feea839377): open (buildvm-x86-31.iad2.fedoraproject.org) -> closed
  0 free  1 open  1 done  0 failed
  114142846 buildArch (xmlunit-2.9.0-10.fc41.src.rpm, noarch): free
  114142846 buildArch (xmlunit-2.9.0-10.fc41.src.rpm, noarch): free -> open (buildvm-x86-08.iad2.fedoraproject.org)
  114142846 buildArch (xmlunit-2.9.0-10.fc41.src.rpm, noarch): open (buildvm-x86-08.iad2.fedoraproject.org) -> closed
  0 free  1 open  2 done  0 failed
  114142939 tagBuild (noarch): free
  114142939 tagBuild (noarch): free -> assigned
  114142939 tagBuild (noarch): assigned -> closed
  0 free  1 open  3 done  0 failed
114142747 build (f41-build-side-84507, /rpms/xmlunit.git:634d619143c9d656b4e70b73e64587feea839377): open (buildhw-x86-13.iad2.fedoraproject.org) -> closed
  0 free  0 open  4 done  0 failed

114142747 build (f41-build-side-84507, /rpms/xmlunit.git:634d619143c9d656b4e70b73e64587feea839377) completed successfully
