Cloning into 'xmvn-connector-ivy'...
[rawhide 5435893] Rebuilt for java-17-openjdk as system jdk
 1 file changed, 4 insertions(+), 1 deletion(-)
warning: Macro expanded in comment on line 9: %{version}/xmvn-%{version}.tar.xz


Building xmvn-connector-ivy-4.0.0~20210707.d300ce6-4.fc36 for f36-java17
Created task: 82435840
Task info: https://koji.fedoraproject.org/koji/taskinfo?taskID=82435840
Watching tasks (this may be safely interrupted)...
82435840 build (f36-java17, /rpms/xmvn-connector-ivy.git:5435893ceb54bdf306c0b67d6fdbbd231f06e5e4): free
82435840 build (f36-java17, /rpms/xmvn-connector-ivy.git:5435893ceb54bdf306c0b67d6fdbbd231f06e5e4): free -> open (buildvm-x86-16.iad2.fedoraproject.org)
  82435845 buildSRPMFromSCM (/rpms/xmvn-connector-ivy.git:5435893ceb54bdf306c0b67d6fdbbd231f06e5e4): free
  82435845 buildSRPMFromSCM (/rpms/xmvn-connector-ivy.git:5435893ceb54bdf306c0b67d6fdbbd231f06e5e4): free -> open (buildvm-ppc64le-29.iad2.fedoraproject.org)
  82435845 buildSRPMFromSCM (/rpms/xmvn-connector-ivy.git:5435893ceb54bdf306c0b67d6fdbbd231f06e5e4): open (buildvm-ppc64le-29.iad2.fedoraproject.org) -> closed
  0 free  1 open  1 done  0 failed
  82435985 buildArch (xmvn-connector-ivy-4.0.0~20210707.d300ce6-4.fc36.src.rpm, noarch): free
  82435985 buildArch (xmvn-connector-ivy-4.0.0~20210707.d300ce6-4.fc36.src.rpm, noarch): free -> open (buildvm-x86-32.iad2.fedoraproject.org)
82435840 build (f36-java17, /rpms/xmvn-connector-ivy.git:5435893ceb54bdf306c0b67d6fdbbd231f06e5e4): open (buildvm-x86-16.iad2.fedoraproject.org) -> FAILED: BuildError: error building package (arch noarch), mock exited with status 1; see build.log or root.log for more information
  0 free  1 open  1 done  1 failed
  82435985 buildArch (xmvn-connector-ivy-4.0.0~20210707.d300ce6-4.fc36.src.rpm, noarch): open (buildvm-x86-32.iad2.fedoraproject.org) -> FAILED: BuildError: error building package (arch noarch), mock exited with status 1; see build.log or root.log for more information
  Relevant logs:
  https://kojipkgs.fedoraproject.org/work/tasks/5985/82435985/mock_output.log
  https://kojipkgs.fedoraproject.org/work/tasks/5985/82435985/hw_info.log
  https://kojipkgs.fedoraproject.org/work/tasks/5985/82435985/state.log
  https://kojipkgs.fedoraproject.org/work/tasks/5985/82435985/build.log
  https://kojipkgs.fedoraproject.org/work/tasks/5985/82435985/root.log
  0 free  0 open  1 done  2 failed

82435840 build (f36-java17, /rpms/xmvn-connector-ivy.git:5435893ceb54bdf306c0b67d6fdbbd231f06e5e4) failed
