Cloning into 'xmvn'...
[rawhide ee548fd] Rebuilt for java-17-openjdk as system jdk
 1 file changed, 4 insertions(+), 1 deletion(-)
error: %changelog not in descending chronological order

Building xmvn-4.0.0-8.fc36 for f36-java17
Created task: 82435821
Task info: https://koji.fedoraproject.org/koji/taskinfo?taskID=82435821
Watching tasks (this may be safely interrupted)...
82435821 build (f36-java17, /rpms/xmvn.git:ee548fd5d2c720be117602a77a0a581b816743d3): free
82435821 build (f36-java17, /rpms/xmvn.git:ee548fd5d2c720be117602a77a0a581b816743d3): free -> open (buildvm-s390x-21.s390.fedoraproject.org)
  82435823 buildSRPMFromSCM (/rpms/xmvn.git:ee548fd5d2c720be117602a77a0a581b816743d3): open (buildvm-ppc64le-27.iad2.fedoraproject.org)
  82435823 buildSRPMFromSCM (/rpms/xmvn.git:ee548fd5d2c720be117602a77a0a581b816743d3): open (buildvm-ppc64le-27.iad2.fedoraproject.org) -> closed
  0 free  1 open  1 done  0 failed
  82435935 buildArch (xmvn-4.0.0-8.fc36.src.rpm, noarch): free
  82435935 buildArch (xmvn-4.0.0-8.fc36.src.rpm, noarch): free -> open (buildvm-ppc64le-27.iad2.fedoraproject.org)
  82435935 buildArch (xmvn-4.0.0-8.fc36.src.rpm, noarch): open (buildvm-ppc64le-27.iad2.fedoraproject.org) -> closed
  0 free  1 open  2 done  0 failed
  82436065 tagBuild (noarch): free
82435821 build (f36-java17, /rpms/xmvn.git:ee548fd5d2c720be117602a77a0a581b816743d3): open (buildvm-s390x-21.s390.fedoraproject.org) -> closed
  1 free  0 open  3 done  0 failed
  82436065 tagBuild (noarch): free -> closed
  0 free  0 open  4 done  0 failed

82435821 build (f36-java17, /rpms/xmvn.git:ee548fd5d2c720be117602a77a0a581b816743d3) completed successfully
