Cloning into 'xstream'...
[f40 0b0b813] Rebuilt for java-21-openjdk as system jdk
 1 file changed, 4 insertions(+), 1 deletion(-)
Building xstream-1.4.20-6.fc40 for f40-build-side-84857
Created task: 114356563
Task info: https://koji.fedoraproject.org/koji/taskinfo?taskID=114356563
Watching tasks (this may be safely interrupted)...
114356563 build (f40-build-side-84857, /rpms/xstream.git:0b0b813b73e93e2cab0f8c876fc6c25ae512edbc): free
114356563 build (f40-build-side-84857, /rpms/xstream.git:0b0b813b73e93e2cab0f8c876fc6c25ae512edbc): free -> open (buildvm-s390x-09.s390.fedoraproject.org)
  114356586 buildSRPMFromSCM (/rpms/xstream.git:0b0b813b73e93e2cab0f8c876fc6c25ae512edbc): free
  114356586 buildSRPMFromSCM (/rpms/xstream.git:0b0b813b73e93e2cab0f8c876fc6c25ae512edbc): free -> assigned
  114356586 buildSRPMFromSCM (/rpms/xstream.git:0b0b813b73e93e2cab0f8c876fc6c25ae512edbc): assigned -> open (buildvm-a64-10.iad2.fedoraproject.org)
  114356586 buildSRPMFromSCM (/rpms/xstream.git:0b0b813b73e93e2cab0f8c876fc6c25ae512edbc): open (buildvm-a64-10.iad2.fedoraproject.org) -> closed
  0 free  1 open  1 done  0 failed
  114356776 buildArch (xstream-1.4.20-6.fc40.src.rpm, noarch): free
  114356776 buildArch (xstream-1.4.20-6.fc40.src.rpm, noarch): free -> assigned
  114356776 buildArch (xstream-1.4.20-6.fc40.src.rpm, noarch): assigned -> open (buildhw-x86-11.iad2.fedoraproject.org)
  114356835 tagBuild (noarch): free
  114356776 buildArch (xstream-1.4.20-6.fc40.src.rpm, noarch): open (buildhw-x86-11.iad2.fedoraproject.org) -> closed
  1 free  1 open  2 done  0 failed
  114356835 tagBuild (noarch): free -> assigned
  114356835 tagBuild (noarch): assigned -> closed
  0 free  1 open  3 done  0 failed
114356563 build (f40-build-side-84857, /rpms/xstream.git:0b0b813b73e93e2cab0f8c876fc6c25ae512edbc): open (buildvm-s390x-09.s390.fedoraproject.org) -> closed
  0 free  0 open  4 done  0 failed

114356563 build (f40-build-side-84857, /rpms/xstream.git:0b0b813b73e93e2cab0f8c876fc6c25ae512edbc) completed successfully
