Cloning into 'xz-java'...
[f40 b1288de] Rebuilt for java-21-openjdk as system jdk
 1 file changed, 4 insertions(+), 1 deletion(-)
Found a gating.yaml file in the repo and it is properly configured
Building xz-java-1.9-10.fc40 for f40-build-side-84857
Created task: 114356579
Task info: https://koji.fedoraproject.org/koji/taskinfo?taskID=114356579
Watching tasks (this may be safely interrupted)...
114356579 build (f40-build-side-84857, /rpms/xz-java.git:b1288ded18b006eed707e523a7796e96408c42f6): free
114356579 build (f40-build-side-84857, /rpms/xz-java.git:b1288ded18b006eed707e523a7796e96408c42f6): free -> assigned
114356579 build (f40-build-side-84857, /rpms/xz-java.git:b1288ded18b006eed707e523a7796e96408c42f6): assigned -> open (buildhw-x86-16.iad2.fedoraproject.org)
  114356590 buildSRPMFromSCM (/rpms/xz-java.git:b1288ded18b006eed707e523a7796e96408c42f6): free
  114356590 buildSRPMFromSCM (/rpms/xz-java.git:b1288ded18b006eed707e523a7796e96408c42f6): free -> assigned
  114356590 buildSRPMFromSCM (/rpms/xz-java.git:b1288ded18b006eed707e523a7796e96408c42f6): assigned -> open (buildvm-a64-14.iad2.fedoraproject.org)
  114356772 buildArch (xz-java-1.9-10.fc40.src.rpm, noarch): free
  114356590 buildSRPMFromSCM (/rpms/xz-java.git:b1288ded18b006eed707e523a7796e96408c42f6): open (buildvm-a64-14.iad2.fedoraproject.org) -> closed
  1 free  1 open  1 done  0 failed
  114356772 buildArch (xz-java-1.9-10.fc40.src.rpm, noarch): free -> open (buildvm-s390x-03.s390.fedoraproject.org)
  114356772 buildArch (xz-java-1.9-10.fc40.src.rpm, noarch): open (buildvm-s390x-03.s390.fedoraproject.org) -> closed
  0 free  1 open  2 done  0 failed
  114356811 tagBuild (noarch): free
  114356811 tagBuild (noarch): free -> closed
  0 free  1 open  3 done  0 failed
114356579 build (f40-build-side-84857, /rpms/xz-java.git:b1288ded18b006eed707e523a7796e96408c42f6): open (buildhw-x86-16.iad2.fedoraproject.org) -> closed
  0 free  0 open  4 done  0 failed

114356579 build (f40-build-side-84857, /rpms/xz-java.git:b1288ded18b006eed707e523a7796e96408c42f6) completed successfully
