Cloning into 'zbar'...
[rawhide 5fad1e4] Rebuilt for java-17-openjdk as system jdk
 1 file changed, 4 insertions(+), 1 deletion(-)
Building zbar-0.23-14.fc36 for f36-java17
Created task: 82436033
Task info: https://koji.fedoraproject.org/koji/taskinfo?taskID=82436033
Watching tasks (this may be safely interrupted)...
82436033 build (f36-java17, /rpms/zbar.git:5fad1e4a1630c1eba86013c420392a52beeea258): open (buildvm-a32-23.iad2.fedoraproject.org)
  82436034 buildSRPMFromSCM (/rpms/zbar.git:5fad1e4a1630c1eba86013c420392a52beeea258): free
  82436034 buildSRPMFromSCM (/rpms/zbar.git:5fad1e4a1630c1eba86013c420392a52beeea258): free -> open (buildvm-ppc64le-35.iad2.fedoraproject.org)
  82436034 buildSRPMFromSCM (/rpms/zbar.git:5fad1e4a1630c1eba86013c420392a52beeea258): open (buildvm-ppc64le-35.iad2.fedoraproject.org) -> closed
  0 free  1 open  1 done  0 failed
  82436086 buildArch (zbar-0.23-14.fc36.src.rpm, i686): free
  82436087 buildArch (zbar-0.23-14.fc36.src.rpm, x86_64): free
  82436088 buildArch (zbar-0.23-14.fc36.src.rpm, aarch64): free
  82436089 buildArch (zbar-0.23-14.fc36.src.rpm, ppc64le): free
  82436090 buildArch (zbar-0.23-14.fc36.src.rpm, s390x): open (buildvm-s390x-18.s390.fedoraproject.org)
  82436085 buildArch (zbar-0.23-14.fc36.src.rpm, armv7hl): open (buildvm-a32-32.iad2.fedoraproject.org)
  82436088 buildArch (zbar-0.23-14.fc36.src.rpm, aarch64): free -> open (buildvm-a64-05.iad2.fedoraproject.org)
  82436089 buildArch (zbar-0.23-14.fc36.src.rpm, ppc64le): free -> open (buildvm-ppc64le-33.iad2.fedoraproject.org)
  82436086 buildArch (zbar-0.23-14.fc36.src.rpm, i686): free -> open (buildvm-x86-15.iad2.fedoraproject.org)
  82436087 buildArch (zbar-0.23-14.fc36.src.rpm, x86_64): free -> open (buildvm-x86-25.iad2.fedoraproject.org)
  82436090 buildArch (zbar-0.23-14.fc36.src.rpm, s390x): open (buildvm-s390x-18.s390.fedoraproject.org) -> closed
  0 free  6 open  2 done  0 failed
  82436087 buildArch (zbar-0.23-14.fc36.src.rpm, x86_64): open (buildvm-x86-25.iad2.fedoraproject.org) -> closed
  0 free  5 open  3 done  0 failed
  82436086 buildArch (zbar-0.23-14.fc36.src.rpm, i686): open (buildvm-x86-15.iad2.fedoraproject.org) -> closed
  0 free  4 open  4 done  0 failed
  82436089 buildArch (zbar-0.23-14.fc36.src.rpm, ppc64le): open (buildvm-ppc64le-33.iad2.fedoraproject.org) -> closed
  0 free  3 open  5 done  0 failed
  82436088 buildArch (zbar-0.23-14.fc36.src.rpm, aarch64): open (buildvm-a64-05.iad2.fedoraproject.org) -> closed
  0 free  2 open  6 done  0 failed
  82436085 buildArch (zbar-0.23-14.fc36.src.rpm, armv7hl): open (buildvm-a32-32.iad2.fedoraproject.org) -> closed
  0 free  1 open  7 done  0 failed
  82436359 tagBuild (noarch): open (buildvm-ppc64le-30.iad2.fedoraproject.org)
  82436359 tagBuild (noarch): open (buildvm-ppc64le-30.iad2.fedoraproject.org) -> closed
  0 free  1 open  8 done  0 failed
82436033 build (f36-java17, /rpms/zbar.git:5fad1e4a1630c1eba86013c420392a52beeea258): open (buildvm-a32-23.iad2.fedoraproject.org) -> closed
  0 free  0 open  9 done  0 failed

82436033 build (f36-java17, /rpms/zbar.git:5fad1e4a1630c1eba86013c420392a52beeea258) completed successfully
